#
# There is insufficient memory for the Java Runtime Environment to continue.
# Native memory allocation (malloc) failed to allocate 1339216 bytes for Chunk::new
# Possible reasons:
#   The system is out of physical RAM or swap space
#   The process is running with CompressedOops enabled, and the Java Heap may be blocking the growth of the native heap
# Possible solutions:
#   Reduce memory load on the system
#   Increase physical memory or swap space
#   Check if swap backing store is full
#   Decrease Java heap size (-Xmx/-Xms)
#   Decrease number of Java threads
#   Decrease Java thread stack sizes (-Xss)
#   Set larger code cache with -XX:ReservedCodeCacheSize=
#   JVM is running with Unscaled Compressed Oops mode in which the Java heap is
#     placed in the first 4GB address space. The Java Heap base address is the
#     maximum limit for the native heap growth. Please use -XX:HeapBaseMinAddress
#     to set the Java Heap base and to place the Java Heap above 4GB virtual address.
# This output file may be truncated or incomplete.
#
#  Out of Memory Error (./src/hotspot/share/memory/arena.cpp:197), pid=8252, tid=13072
#
# JRE version: OpenJDK Runtime Environment (11.0.10) (build 11.0.10+0-b96-7249189)
# Java VM: OpenJDK 64-Bit Server VM (11.0.10+0-b96-7249189, mixed mode, tiered, compressed oops, g1 gc, windows-amd64)
# No core dump will be written. Minidumps are not enabled by default on client versions of Windows
#

---------------  S U M M A R Y ------------

Command Line: --add-opens=java.base/java.util=ALL-UNNAMED --add-opens=java.base/java.lang=ALL-UNNAMED --add-opens=java.base/java.lang.invoke=ALL-UNNAMED --add-opens=java.prefs/java.util.prefs=ALL-UNNAMED -Xmx2048m -Dfile.encoding=UTF-8 -Duser.country=US -Duser.language=en -Duser.variant org.gradle.launcher.daemon.bootstrap.GradleDaemon 6.7.1

Host: AMD Ryzen 5 3550H with Radeon Vega Mobile Gfx  , 8 cores, 5G,  Windows 10 , 64 bit Build 22000 (10.0.22000.120)
Time: Mon Oct 25 14:20:51 2021 SE Asia Standard Time elapsed time: 53.644524 seconds (0d 0h 0m 53s)

---------------  T H R E A D  ---------------

Current thread (0x00000187604e6800):  JavaThread "C2 CompilerThread0" daemon [_thread_in_native, id=13072, stack(0x0000006d8fe00000,0x0000006d8ff00000)]


Current CompileTask:
C2:  53644 14541       4       java.lang.reflect.Method::invoke (65 bytes)

Stack: [0x0000006d8fe00000,0x0000006d8ff00000]
Native frames: (J=compiled Java code, j=interpreted, Vv=VM code, C=native code)
V  [jvm.dll+0x5ecfaa]
V  [jvm.dll+0x722bd5]
V  [jvm.dll+0x72412d]
V  [jvm.dll+0x7247e3]
V  [jvm.dll+0x242928]
V  [jvm.dll+0xbc4fc]
V  [jvm.dll+0xbca0c]
V  [jvm.dll+0x352d3b]
V  [jvm.dll+0x320ad3]
V  [jvm.dll+0x31ffca]
V  [jvm.dll+0x1fb602]
V  [jvm.dll+0x1fa7f4]
V  [jvm.dll+0x18354c]
V  [jvm.dll+0x208ee7]
V  [jvm.dll+0x207731]
V  [jvm.dll+0x6eb1cf]
V  [jvm.dll+0x6e3d45]
V  [jvm.dll+0x5ebe96]
C  [ucrtbase.dll+0x26c0c]
C  [KERNEL32.DLL+0x154e0]
C  [ntdll.dll+0x485b]


---------------  P R O C E S S  ---------------

Threads class SMR info:
_java_thread_list=0x00000187691b7740, length=159, elements={
0x000001874607d000, 0x00000187604c7800, 0x00000187604d2000, 0x0000018760e62800,
0x00000187604e5000, 0x00000187604e6000, 0x00000187604e6800, 0x00000187604e8000,
0x00000187604f7800, 0x0000018760fa8000, 0x0000018762572800, 0x0000018761ba0000,
0x0000018762899800, 0x0000018762747000, 0x0000018761164800, 0x000001876261f000,
0x00000187624fe800, 0x0000018761fea000, 0x0000018762199800, 0x0000018762f63800,
0x0000018762f60800, 0x0000018762f5e800, 0x0000018762f61000, 0x0000018762f62000,
0x0000018762f5e000, 0x0000018762f63000, 0x0000018762f5f800, 0x0000018762f64800,
0x00000187652cc000, 0x00000187652c9800, 0x00000187652cd800, 0x00000187652cc800,
0x00000187652cb000, 0x00000187652c8000, 0x00000187652d1800, 0x00000187652d2800,
0x00000187652d4000, 0x00000187652cf000, 0x00000187652d0000, 0x00000187652d1000,
0x00000187652d3000, 0x00000187652ce800, 0x00000187652d5800, 0x00000187652d5000,
0x00000187652d6800, 0x0000018761c80000, 0x0000018761c7f000, 0x0000018761c82800,
0x0000018761c84000, 0x0000018761c83000, 0x0000018761c85000, 0x0000018761c81000,
0x0000018761c85800, 0x0000018761c86800, 0x0000018761c87800, 0x0000018761c81800,
0x0000018761c88000, 0x0000018761c8a800, 0x0000018761c89800, 0x0000018761c8c000,
0x0000018761c8e000, 0x0000018761c8d000, 0x0000018761c8b800, 0x0000018761c89000,
0x0000018765c57800, 0x0000018765c52800, 0x0000018765c58800, 0x0000018765c59000,
0x0000018765c55000, 0x0000018765c56800, 0x0000018765c53800, 0x0000018765c5a000,
0x0000018765c54000, 0x0000018765c5b000, 0x0000018765c5b800, 0x0000018765c56000,
0x0000018765c5c800, 0x0000018765c5f800, 0x0000018765c61800, 0x0000018765c60800,
0x0000018765c5d000, 0x0000018765c5e000, 0x0000018765c5f000, 0x0000018761338800,
0x0000018761336000, 0x000001876133b000, 0x000001876133b800, 0x000001876133c800,
0x000001876133a000, 0x0000018761337000, 0x000001876133d800, 0x0000018761337800,
0x0000018761339000, 0x0000018761340000, 0x0000018761340800, 0x0000018761341800,
0x0000018761344000, 0x0000018761342000, 0x0000018761343000, 0x000001876133e000,
0x0000018761344800, 0x000001876133f000, 0x0000018765593800, 0x0000018765595000,
0x0000018765596000, 0x0000018765590800, 0x0000018765594800, 0x0000018765592000,
0x0000018765597000, 0x0000018765591000, 0x0000018765597800, 0x0000018765598800,
0x0000018765592800, 0x000001876559d800, 0x0000018765599000, 0x000001876559b000,
0x000001876559c800, 0x000001876559e000, 0x000001876559f000, 0x000001876559a000,
0x000001876559b800, 0x0000018766975800, 0x0000018766978000, 0x0000018766975000,
0x0000018766973000, 0x0000018766976800, 0x0000018766977800, 0x0000018766979000,
0x000001876697a000, 0x0000018766974000, 0x000001876697d000, 0x000001876697e800,
0x000001876697e000, 0x000001876697c000, 0x000001876697f800, 0x0000018766980800,
0x000001876697a800, 0x0000018766981000, 0x0000018766982000, 0x00000187613d3800,
0x00000187613d2800, 0x00000187613d5000, 0x00000187613d5800, 0x00000187613d4000,
0x00000187613dc000, 0x00000187613d8000, 0x00000187613da000, 0x00000187613d6800,
0x00000187613d7800, 0x00000187613da800, 0x00000187613de000, 0x00000187613dd000,
0x00000187613d9000, 0x00000187613de800, 0x00000187613e0800, 0x00000187695de000,
0x00000187695e0800, 0x00000187695dc800, 0x00000187695df800
}

Java Threads: ( => current thread )
  0x000001874607d000 JavaThread "main" [_thread_blocked, id=12736, stack(0x0000006d8f200000,0x0000006d8f300000)]
  0x00000187604c7800 JavaThread "Reference Handler" daemon [_thread_blocked, id=4880, stack(0x0000006d8f900000,0x0000006d8fa00000)]
  0x00000187604d2000 JavaThread "Finalizer" daemon [_thread_blocked, id=14204, stack(0x0000006d8fa00000,0x0000006d8fb00000)]
  0x0000018760e62800 JavaThread "Signal Dispatcher" daemon [_thread_blocked, id=10640, stack(0x0000006d8fb00000,0x0000006d8fc00000)]
  0x00000187604e5000 JavaThread "Attach Listener" daemon [_thread_blocked, id=8048, stack(0x0000006d8fc00000,0x0000006d8fd00000)]
  0x00000187604e6000 JavaThread "Service Thread" daemon [_thread_blocked, id=12872, stack(0x0000006d8fd00000,0x0000006d8fe00000)]
=>0x00000187604e6800 JavaThread "C2 CompilerThread0" daemon [_thread_in_native, id=13072, stack(0x0000006d8fe00000,0x0000006d8ff00000)]
  0x00000187604e8000 JavaThread "C1 CompilerThread0" daemon [_thread_blocked, id=8420, stack(0x0000006d8ff00000,0x0000006d90000000)]
  0x00000187604f7800 JavaThread "Sweeper thread" daemon [_thread_blocked, id=9228, stack(0x0000006d90000000,0x0000006d90100000)]
  0x0000018760fa8000 JavaThread "Common-Cleaner" daemon [_thread_blocked, id=11228, stack(0x0000006d90100000,0x0000006d90200000)]
  0x0000018762572800 JavaThread "Daemon health stats" [_thread_blocked, id=14032, stack(0x0000006d90500000,0x0000006d90600000)]
  0x0000018761ba0000 JavaThread "Incoming local TCP Connector on port 51772" [_thread_in_native, id=11392, stack(0x0000006d90700000,0x0000006d90800000)]
  0x0000018762899800 JavaThread "Daemon periodic checks" [_thread_blocked, id=8116, stack(0x0000006d90800000,0x0000006d90900000)]
  0x0000018762747000 JavaThread "Daemon" [_thread_blocked, id=3804, stack(0x0000006d90900000,0x0000006d90a00000)]
  0x0000018761164800 JavaThread "Handler for socket connection from /127.0.0.1:51772 to /127.0.0.1:51774" [_thread_in_native, id=3212, stack(0x0000006d90a00000,0x0000006d90b00000)]
  0x000001876261f000 JavaThread "Cancel handler" [_thread_blocked, id=12324, stack(0x0000006d90b00000,0x0000006d90c00000)]
  0x00000187624fe800 JavaThread "Daemon worker" [_thread_blocked, id=6604, stack(0x0000006d91300000,0x0000006d91400000)]
  0x0000018761fea000 JavaThread "Asynchronous log dispatcher for DefaultDaemonConnection: socket connection from /127.0.0.1:51772 to /127.0.0.1:51774" [_thread_blocked, id=13064, stack(0x0000006d91400000,0x0000006d91500000)]
  0x0000018762199800 JavaThread "Stdin handler" [_thread_blocked, id=8364, stack(0x0000006d91500000,0x0000006d91600000)]
  0x0000018762f63800 JavaThread "Thread-8" [_thread_blocked, id=9452, stack(0x0000006d91600000,0x0000006d91700000)]
  0x0000018762f60800 JavaThread "Cache worker for file hash cache (C:\Users\acer\.gradle\caches\6.7.1\fileHashes)" [_thread_blocked, id=9556, stack(0x0000006d91700000,0x0000006d91800000)]
  0x0000018762f5e800 JavaThread "File lock request listener" [_thread_in_native, id=8764, stack(0x0000006d91800000,0x0000006d91900000)]
  0x0000018762f61000 JavaThread "Cache worker for journal cache (C:\Users\acer\.gradle\caches\journal-1)" [_thread_blocked, id=15356, stack(0x0000006d91a00000,0x0000006d91b00000)]
  0x0000018762f62000 JavaThread "Cache worker for file hash cache (D:\Du an truong\DuanPhonestore\.gradle\6.7.1\fileHashes)" [_thread_blocked, id=14936, stack(0x0000006d91b00000,0x0000006d91c00000)]
  0x0000018762f5e000 JavaThread "Cache worker for checksums cache (D:\Du an truong\DuanPhonestore\.gradle\checksums)" [_thread_blocked, id=8012, stack(0x0000006d91c00000,0x0000006d91d00000)]
  0x0000018762f63000 JavaThread "Cache worker for cache directory md-supplier (C:\Users\acer\.gradle\caches\6.7.1\md-supplier)" [_thread_blocked, id=13420, stack(0x0000006d91d00000,0x0000006d91e00000)]
  0x0000018762f5f800 JavaThread "Cache worker for cache directory md-rule (C:\Users\acer\.gradle\caches\6.7.1\md-rule)" [_thread_blocked, id=14328, stack(0x0000006d91e00000,0x0000006d91f00000)]
  0x0000018762f64800 JavaThread "Cache worker for execution history cache (C:\Users\acer\.gradle\caches\6.7.1\executionHistory)" [_thread_blocked, id=5752, stack(0x0000006d91f00000,0x0000006d92000000)]
  0x00000187652cc000 JavaThread "jar transforms" [_thread_blocked, id=12320, stack(0x0000006d92000000,0x0000006d92100000)]
  0x00000187652c9800 JavaThread "Cache worker for file content cache (C:\Users\acer\.gradle\caches\6.7.1\fileContent)" [_thread_blocked, id=8612, stack(0x0000006d92100000,0x0000006d92200000)]
  0x00000187652cd800 JavaThread "Cache worker for Build Output Cleanup Cache (D:\Du an truong\DuanPhonestore\.gradle\buildOutputCleanup)" [_thread_blocked, id=10156, stack(0x0000006d92300000,0x0000006d92400000)]
  0x00000187652cc800 JavaThread "Build operations" [_thread_blocked, id=13116, stack(0x0000006d92400000,0x0000006d92500000)]
  0x00000187652cb000 JavaThread "Build operations Thread 2" [_thread_blocked, id=2820, stack(0x0000006d92500000,0x0000006d92600000)]
  0x00000187652c8000 JavaThread "Build operations Thread 3" [_thread_blocked, id=10460, stack(0x0000006d92600000,0x0000006d92700000)]
  0x00000187652d1800 JavaThread "Build operations Thread 4" [_thread_blocked, id=7296, stack(0x0000006d92700000,0x0000006d92800000)]
  0x00000187652d2800 JavaThread "Build operations Thread 5" [_thread_blocked, id=13588, stack(0x0000006d92800000,0x0000006d92900000)]
  0x00000187652d4000 JavaThread "Build operations Thread 6" [_thread_blocked, id=2656, stack(0x0000006d92900000,0x0000006d92a00000)]
  0x00000187652cf000 JavaThread "Build operations Thread 7" [_thread_blocked, id=2788, stack(0x0000006d92a00000,0x0000006d92b00000)]
  0x00000187652d0000 JavaThread "Build operations Thread 8" [_thread_blocked, id=11636, stack(0x0000006d92b00000,0x0000006d92c00000)]
  0x00000187652d1000 JavaThread "jar transforms Thread 2" [_thread_blocked, id=1632, stack(0x0000006d92200000,0x0000006d92300000)]
  0x00000187652d3000 JavaThread "jar transforms Thread 3" [_thread_blocked, id=5604, stack(0x0000006d92c00000,0x0000006d92d00000)]
  0x00000187652ce800 JavaThread "jar transforms Thread 4" [_thread_blocked, id=5220, stack(0x0000006d92d00000,0x0000006d92e00000)]
  0x00000187652d5800 JavaThread "jar transforms Thread 5" [_thread_blocked, id=2160, stack(0x0000006d92e00000,0x0000006d92f00000)]
  0x00000187652d5000 JavaThread "jar transforms Thread 6" [_thread_blocked, id=14812, stack(0x0000006d92f00000,0x0000006d93000000)]
  0x00000187652d6800 JavaThread "jar transforms Thread 7" [_thread_blocked, id=5448, stack(0x0000006d93000000,0x0000006d93100000)]
  0x0000018761c80000 JavaThread "jar transforms Thread 8" [_thread_blocked, id=11208, stack(0x0000006d93100000,0x0000006d93200000)]
  0x0000018761c7f000 JavaThread "jar transforms Thread 9" [_thread_blocked, id=10600, stack(0x0000006d93200000,0x0000006d93300000)]
  0x0000018761c82800 JavaThread "jar transforms Thread 10" [_thread_blocked, id=12496, stack(0x0000006d93300000,0x0000006d93400000)]
  0x0000018761c84000 JavaThread "jar transforms Thread 11" [_thread_blocked, id=8080, stack(0x0000006d93400000,0x0000006d93500000)]
  0x0000018761c83000 JavaThread "jar transforms Thread 12" [_thread_blocked, id=13932, stack(0x0000006d93500000,0x0000006d93600000)]
  0x0000018761c85000 JavaThread "jar transforms Thread 13" [_thread_blocked, id=5144, stack(0x0000006d93600000,0x0000006d93700000)]
  0x0000018761c81000 JavaThread "jar transforms Thread 14" [_thread_blocked, id=2952, stack(0x0000006d93700000,0x0000006d93800000)]
  0x0000018761c85800 JavaThread "jar transforms Thread 15" [_thread_blocked, id=412, stack(0x0000006d93800000,0x0000006d93900000)]
  0x0000018761c86800 JavaThread "jar transforms Thread 16" [_thread_blocked, id=13060, stack(0x0000006d93900000,0x0000006d93a00000)]
  0x0000018761c87800 JavaThread "jar transforms Thread 17" [_thread_blocked, id=13472, stack(0x0000006d93a00000,0x0000006d93b00000)]
  0x0000018761c81800 JavaThread "jar transforms Thread 18" [_thread_blocked, id=9112, stack(0x0000006d93b00000,0x0000006d93c00000)]
  0x0000018761c88000 JavaThread "jar transforms Thread 19" [_thread_blocked, id=5852, stack(0x0000006d93c00000,0x0000006d93d00000)]
  0x0000018761c8a800 JavaThread "jar transforms Thread 20" [_thread_blocked, id=14508, stack(0x0000006d93d00000,0x0000006d93e00000)]
  0x0000018761c89800 JavaThread "jar transforms Thread 21" [_thread_blocked, id=15064, stack(0x0000006d93e00000,0x0000006d93f00000)]
  0x0000018761c8c000 JavaThread "jar transforms Thread 22" [_thread_blocked, id=7232, stack(0x0000006d93f00000,0x0000006d94000000)]
  0x0000018761c8e000 JavaThread "jar transforms Thread 23" [_thread_blocked, id=11048, stack(0x0000006d94000000,0x0000006d94100000)]
  0x0000018761c8d000 JavaThread "jar transforms Thread 24" [_thread_blocked, id=7196, stack(0x0000006d94100000,0x0000006d94200000)]
  0x0000018761c8b800 JavaThread "jar transforms Thread 25" [_thread_blocked, id=14028, stack(0x0000006d94200000,0x0000006d94300000)]
  0x0000018761c89000 JavaThread "jar transforms Thread 26" [_thread_blocked, id=5080, stack(0x0000006d94300000,0x0000006d94400000)]
  0x0000018765c57800 JavaThread "jar transforms Thread 27" [_thread_blocked, id=13100, stack(0x0000006d94400000,0x0000006d94500000)]
  0x0000018765c52800 JavaThread "jar transforms Thread 28" [_thread_blocked, id=5712, stack(0x0000006d94500000,0x0000006d94600000)]
  0x0000018765c58800 JavaThread "jar transforms Thread 29" [_thread_blocked, id=9968, stack(0x0000006d94600000,0x0000006d94700000)]
  0x0000018765c59000 JavaThread "jar transforms Thread 30" [_thread_blocked, id=13256, stack(0x0000006d94700000,0x0000006d94800000)]
  0x0000018765c55000 JavaThread "jar transforms Thread 31" [_thread_blocked, id=14456, stack(0x0000006d94800000,0x0000006d94900000)]
  0x0000018765c56800 JavaThread "jar transforms Thread 32" [_thread_blocked, id=7024, stack(0x0000006d94900000,0x0000006d94a00000)]
  0x0000018765c53800 JavaThread "jar transforms Thread 33" [_thread_blocked, id=3068, stack(0x0000006d94a00000,0x0000006d94b00000)]
  0x0000018765c5a000 JavaThread "jar transforms Thread 34" [_thread_blocked, id=7636, stack(0x0000006d94b00000,0x0000006d94c00000)]
  0x0000018765c54000 JavaThread "jar transforms Thread 35" [_thread_blocked, id=14048, stack(0x0000006d94c00000,0x0000006d94d00000)]
  0x0000018765c5b000 JavaThread "jar transforms Thread 36" [_thread_blocked, id=4528, stack(0x0000006d94d00000,0x0000006d94e00000)]
  0x0000018765c5b800 JavaThread "jar transforms Thread 37" [_thread_blocked, id=7996, stack(0x0000006d94e00000,0x0000006d94f00000)]
  0x0000018765c56000 JavaThread "jar transforms Thread 38" [_thread_blocked, id=13928, stack(0x0000006d94f00000,0x0000006d95000000)]
  0x0000018765c5c800 JavaThread "jar transforms Thread 39" [_thread_blocked, id=4512, stack(0x0000006d95000000,0x0000006d95100000)]
  0x0000018765c5f800 JavaThread "jar transforms Thread 40" [_thread_blocked, id=3196, stack(0x0000006d95100000,0x0000006d95200000)]
  0x0000018765c61800 JavaThread "jar transforms Thread 41" [_thread_blocked, id=9128, stack(0x0000006d95200000,0x0000006d95300000)]
  0x0000018765c60800 JavaThread "jar transforms Thread 42" [_thread_blocked, id=5744, stack(0x0000006d95300000,0x0000006d95400000)]
  0x0000018765c5d000 JavaThread "jar transforms Thread 43" [_thread_blocked, id=2872, stack(0x0000006d95400000,0x0000006d95500000)]
  0x0000018765c5e000 JavaThread "jar transforms Thread 44" [_thread_blocked, id=9140, stack(0x0000006d95500000,0x0000006d95600000)]
  0x0000018765c5f000 JavaThread "jar transforms Thread 45" [_thread_blocked, id=12724, stack(0x0000006d95600000,0x0000006d95700000)]
  0x0000018761338800 JavaThread "jar transforms Thread 46" [_thread_blocked, id=6224, stack(0x0000006d95700000,0x0000006d95800000)]
  0x0000018761336000 JavaThread "jar transforms Thread 47" [_thread_blocked, id=1164, stack(0x0000006d95800000,0x0000006d95900000)]
  0x000001876133b000 JavaThread "jar transforms Thread 48" [_thread_blocked, id=3028, stack(0x0000006d95900000,0x0000006d95a00000)]
  0x000001876133b800 JavaThread "jar transforms Thread 49" [_thread_blocked, id=7020, stack(0x0000006d95a00000,0x0000006d95b00000)]
  0x000001876133c800 JavaThread "jar transforms Thread 50" [_thread_blocked, id=11288, stack(0x0000006d95b00000,0x0000006d95c00000)]
  0x000001876133a000 JavaThread "jar transforms Thread 51" [_thread_blocked, id=13680, stack(0x0000006d95c00000,0x0000006d95d00000)]
  0x0000018761337000 JavaThread "jar transforms Thread 52" [_thread_blocked, id=7400, stack(0x0000006d95d00000,0x0000006d95e00000)]
  0x000001876133d800 JavaThread "jar transforms Thread 53" [_thread_blocked, id=12104, stack(0x0000006d95e00000,0x0000006d95f00000)]
  0x0000018761337800 JavaThread "jar transforms Thread 54" [_thread_blocked, id=11600, stack(0x0000006d95f00000,0x0000006d96000000)]
  0x0000018761339000 JavaThread "jar transforms Thread 55" [_thread_blocked, id=4420, stack(0x0000006d96000000,0x0000006d96100000)]
  0x0000018761340000 JavaThread "jar transforms Thread 56" [_thread_blocked, id=13960, stack(0x0000006d96100000,0x0000006d96200000)]
  0x0000018761340800 JavaThread "jar transforms Thread 57" [_thread_blocked, id=2196, stack(0x0000006d96200000,0x0000006d96300000)]
  0x0000018761341800 JavaThread "jar transforms Thread 58" [_thread_blocked, id=15004, stack(0x0000006d96300000,0x0000006d96400000)]
  0x0000018761344000 JavaThread "jar transforms Thread 59" [_thread_blocked, id=7320, stack(0x0000006d96400000,0x0000006d96500000)]
  0x0000018761342000 JavaThread "jar transforms Thread 60" [_thread_blocked, id=2004, stack(0x0000006d96500000,0x0000006d96600000)]
  0x0000018761343000 JavaThread "jar transforms Thread 61" [_thread_blocked, id=11700, stack(0x0000006d96600000,0x0000006d96700000)]
  0x000001876133e000 JavaThread "jar transforms Thread 62" [_thread_blocked, id=3200, stack(0x0000006d96700000,0x0000006d96800000)]
  0x0000018761344800 JavaThread "jar transforms Thread 63" [_thread_blocked, id=12984, stack(0x0000006d96800000,0x0000006d96900000)]
  0x000001876133f000 JavaThread "jar transforms Thread 64" [_thread_blocked, id=11800, stack(0x0000006d96900000,0x0000006d96a00000)]
  0x0000018765593800 JavaThread "jar transforms Thread 65" [_thread_blocked, id=11684, stack(0x0000006d96a00000,0x0000006d96b00000)]
  0x0000018765595000 JavaThread "jar transforms Thread 66" [_thread_blocked, id=14640, stack(0x0000006d96b00000,0x0000006d96c00000)]
  0x0000018765596000 JavaThread "jar transforms Thread 67" [_thread_blocked, id=14472, stack(0x0000006d96c00000,0x0000006d96d00000)]
  0x0000018765590800 JavaThread "jar transforms Thread 68" [_thread_blocked, id=8976, stack(0x0000006d96d00000,0x0000006d96e00000)]
  0x0000018765594800 JavaThread "jar transforms Thread 69" [_thread_blocked, id=2024, stack(0x0000006d96e00000,0x0000006d96f00000)]
  0x0000018765592000 JavaThread "jar transforms Thread 70" [_thread_blocked, id=2672, stack(0x0000006d96f00000,0x0000006d97000000)]
  0x0000018765597000 JavaThread "jar transforms Thread 71" [_thread_blocked, id=12612, stack(0x0000006d97000000,0x0000006d97100000)]
  0x0000018765591000 JavaThread "jar transforms Thread 72" [_thread_blocked, id=2220, stack(0x0000006d97100000,0x0000006d97200000)]
  0x0000018765597800 JavaThread "jar transforms Thread 73" [_thread_blocked, id=10860, stack(0x0000006d97200000,0x0000006d97300000)]
  0x0000018765598800 JavaThread "jar transforms Thread 74" [_thread_blocked, id=12548, stack(0x0000006d97300000,0x0000006d97400000)]
  0x0000018765592800 JavaThread "jar transforms Thread 75" [_thread_blocked, id=9496, stack(0x0000006d97400000,0x0000006d97500000)]
  0x000001876559d800 JavaThread "jar transforms Thread 76" [_thread_blocked, id=11068, stack(0x0000006d97500000,0x0000006d97600000)]
  0x0000018765599000 JavaThread "jar transforms Thread 77" [_thread_blocked, id=13656, stack(0x0000006d97600000,0x0000006d97700000)]
  0x000001876559b000 JavaThread "jar transforms Thread 78" [_thread_blocked, id=8744, stack(0x0000006d97700000,0x0000006d97800000)]
  0x000001876559c800 JavaThread "jar transforms Thread 79" [_thread_blocked, id=15124, stack(0x0000006d97800000,0x0000006d97900000)]
  0x000001876559e000 JavaThread "jar transforms Thread 80" [_thread_blocked, id=11940, stack(0x0000006d97900000,0x0000006d97a00000)]
  0x000001876559f000 JavaThread "jar transforms Thread 81" [_thread_blocked, id=10672, stack(0x0000006d97a00000,0x0000006d97b00000)]
  0x000001876559a000 JavaThread "jar transforms Thread 82" [_thread_blocked, id=14904, stack(0x0000006d97b00000,0x0000006d97c00000)]
  0x000001876559b800 JavaThread "jar transforms Thread 83" [_thread_blocked, id=4328, stack(0x0000006d97c00000,0x0000006d97d00000)]
  0x0000018766975800 JavaThread "jar transforms Thread 84" [_thread_blocked, id=11720, stack(0x0000006d97d00000,0x0000006d97e00000)]
  0x0000018766978000 JavaThread "jar transforms Thread 85" [_thread_blocked, id=11064, stack(0x0000006d97e00000,0x0000006d97f00000)]
  0x0000018766975000 JavaThread "jar transforms Thread 86" [_thread_blocked, id=3912, stack(0x0000006d97f00000,0x0000006d98000000)]
  0x0000018766973000 JavaThread "jar transforms Thread 87" [_thread_blocked, id=3836, stack(0x0000006d98000000,0x0000006d98100000)]
  0x0000018766976800 JavaThread "jar transforms Thread 88" [_thread_blocked, id=14796, stack(0x0000006d98100000,0x0000006d98200000)]
  0x0000018766977800 JavaThread "jar transforms Thread 89" [_thread_blocked, id=12060, stack(0x0000006d98200000,0x0000006d98300000)]
  0x0000018766979000 JavaThread "jar transforms Thread 90" [_thread_blocked, id=14908, stack(0x0000006d98300000,0x0000006d98400000)]
  0x000001876697a000 JavaThread "jar transforms Thread 91" [_thread_blocked, id=7380, stack(0x0000006d98400000,0x0000006d98500000)]
  0x0000018766974000 JavaThread "jar transforms Thread 92" [_thread_blocked, id=9528, stack(0x0000006d98500000,0x0000006d98600000)]
  0x000001876697d000 JavaThread "jar transforms Thread 93" [_thread_blocked, id=2224, stack(0x0000006d98600000,0x0000006d98700000)]
  0x000001876697e800 JavaThread "jar transforms Thread 94" [_thread_blocked, id=608, stack(0x0000006d98700000,0x0000006d98800000)]
  0x000001876697e000 JavaThread "jar transforms Thread 95" [_thread_blocked, id=7804, stack(0x0000006d98800000,0x0000006d98900000)]
  0x000001876697c000 JavaThread "jar transforms Thread 96" [_thread_blocked, id=6764, stack(0x0000006d98900000,0x0000006d98a00000)]
  0x000001876697f800 JavaThread "jar transforms Thread 97" [_thread_blocked, id=6072, stack(0x0000006d98a00000,0x0000006d98b00000)]
  0x0000018766980800 JavaThread "jar transforms Thread 98" [_thread_blocked, id=3360, stack(0x0000006d98b00000,0x0000006d98c00000)]
  0x000001876697a800 JavaThread "jar transforms Thread 99" [_thread_blocked, id=5920, stack(0x0000006d98c00000,0x0000006d98d00000)]
  0x0000018766981000 JavaThread "Memory manager" [_thread_blocked, id=11828, stack(0x0000006d98e00000,0x0000006d98f00000)]
  0x0000018766982000 JavaThread "build event listener" [_thread_blocked, id=12680, stack(0x0000006d98f00000,0x0000006d99000000)]
  0x00000187613d3800 JavaThread "build event listener" [_thread_blocked, id=4488, stack(0x0000006d99000000,0x0000006d99100000)]
  0x00000187613d2800 JavaThread "Execution worker for ':'" [_thread_blocked, id=6744, stack(0x0000006d99100000,0x0000006d99200000)]
  0x00000187613d5000 JavaThread "Execution worker for ':' Thread 2" [_thread_blocked, id=13096, stack(0x0000006d99200000,0x0000006d99300000)]
  0x00000187613d5800 JavaThread "Execution worker for ':' Thread 3" [_thread_blocked, id=12636, stack(0x0000006d99300000,0x0000006d99400000)]
  0x00000187613d4000 JavaThread "Execution worker for ':' Thread 4" [_thread_blocked, id=5292, stack(0x0000006d99400000,0x0000006d99500000)]
  0x00000187613dc000 JavaThread "Execution worker for ':' Thread 5" [_thread_blocked, id=1348, stack(0x0000006d99500000,0x0000006d99600000)]
  0x00000187613d8000 JavaThread "Execution worker for ':' Thread 6" [_thread_blocked, id=11640, stack(0x0000006d99600000,0x0000006d99700000)]
  0x00000187613da000 JavaThread "Execution worker for ':' Thread 7" [_thread_blocked, id=4984, stack(0x0000006d99700000,0x0000006d99800000)]
  0x00000187613d6800 JavaThread "Cache worker for execution history cache (D:\Du an truong\DuanPhonestore\.gradle\6.7.1\executionHistory)" [_thread_blocked, id=11260, stack(0x0000006d99800000,0x0000006d99900000)]
  0x00000187613d7800 JavaThread "Cache worker for Java compile cache (C:\Users\acer\.gradle\caches\6.7.1\javaCompile)" [_thread_blocked, id=12776, stack(0x0000006d98d00000,0x0000006d98e00000)]
  0x00000187613da800 JavaThread "Cache worker for Java compile cache (D:\Du an truong\DuanPhonestore\.gradle\6.7.1\javaCompile)" [_thread_blocked, id=604, stack(0x0000006d99a00000,0x0000006d99b00000)]
  0x00000187613de000 JavaThread "WorkerExecutor Queue" [_thread_blocked, id=1596, stack(0x0000006d99b00000,0x0000006d99c00000)]
  0x00000187613dd000 JavaThread "WorkerExecutor Queue Thread 2" [_thread_blocked, id=11560, stack(0x0000006d99c00000,0x0000006d99d00000)]
  0x00000187613d9000 JavaThread "WorkerExecutor Queue Thread 3" [_thread_blocked, id=11764, stack(0x0000006d99d00000,0x0000006d99e00000)]
  0x00000187613de800 JavaThread "WorkerExecutor Queue Thread 4" [_thread_blocked, id=9312, stack(0x0000006d99e00000,0x0000006d99f00000)]
  0x00000187613e0800 JavaThread "WorkerExecutor Queue Thread 5" [_thread_blocked, id=6792, stack(0x0000006d99f00000,0x0000006d9a000000)]
  0x00000187695de000 JavaThread "WorkerExecutor Queue Thread 8" [_thread_in_native, id=11744, stack(0x0000006d9a200000,0x0000006d9a300000)]
  0x00000187695e0800 JavaThread "WorkerExecutor Queue Thread 9" [_thread_blocked, id=11996, stack(0x0000006d9a300000,0x0000006d9a400000)]
  0x00000187695dc800 JavaThread "WorkerExecutor Queue Thread 10" [_thread_blocked, id=6748, stack(0x0000006d9a000000,0x0000006d9a100000)]
  0x00000187695df800 JavaThread "ForkJoinPool.commonPool-worker-3" daemon [_thread_blocked, id=15032, stack(0x0000006d9a100000,0x0000006d9a200000)]

Other Threads:
  0x00000187604c5800 VMThread "VM Thread" [stack: 0x0000006d8f800000,0x0000006d8f900000] [id=6204]
  0x0000018760ffd800 WatcherThread [stack: 0x0000006d90200000,0x0000006d90300000] [id=14140]
  0x0000018746095800 GCTaskThread "GC Thread#0" [stack: 0x0000006d8f300000,0x0000006d8f400000] [id=12784]
  0x0000018761af2000 GCTaskThread "GC Thread#1" [stack: 0x0000006d90400000,0x0000006d90500000] [id=1432]
  0x00000187626dc800 GCTaskThread "GC Thread#2" [stack: 0x0000006d90c00000,0x0000006d90d00000] [id=5820]
  0x00000187626dd000 GCTaskThread "GC Thread#3" [stack: 0x0000006d90d00000,0x0000006d90e00000] [id=9560]
  0x00000187626dd800 GCTaskThread "GC Thread#4" [stack: 0x0000006d90e00000,0x0000006d90f00000] [id=10712]
  0x000001876264c800 GCTaskThread "GC Thread#5" [stack: 0x0000006d90f00000,0x0000006d91000000] [id=14932]
  0x000001876264d000 GCTaskThread "GC Thread#6" [stack: 0x0000006d91000000,0x0000006d91100000] [id=13772]
  0x0000018762650000 GCTaskThread "GC Thread#7" [stack: 0x0000006d91100000,0x0000006d91200000] [id=1620]
  0x00000187460c6000 ConcurrentGCThread "G1 Main Marker" [stack: 0x0000006d8f400000,0x0000006d8f500000] [id=5400]
  0x00000187460cb000 ConcurrentGCThread "G1 Conc#0" [stack: 0x0000006d8f500000,0x0000006d8f600000] [id=5244]
  0x000001876264b000 ConcurrentGCThread "G1 Conc#1" [stack: 0x0000006d91900000,0x0000006d91a00000] [id=14360]
  0x0000018746155000 ConcurrentGCThread "G1 Refine#0" [stack: 0x0000006d8f600000,0x0000006d8f700000] [id=6372]
  0x0000018761ade800 ConcurrentGCThread "G1 Refine#1" [stack: 0x0000006d91200000,0x0000006d91300000] [id=9252]
  0x0000018746156000 ConcurrentGCThread "G1 Young RemSet Sampling" [stack: 0x0000006d8f700000,0x0000006d8f800000] [id=3208]

Threads with active compile tasks:
C2 CompilerThread0  53705 14541       4       java.lang.reflect.Method::invoke (65 bytes)

VM state:not at safepoint (normal execution)

VM Mutex/Monitor currently owned by a thread: None

Heap address: 0x0000000080000000, size: 2048 MB, Compressed Oops mode: 32-bit
Narrow klass base: 0x0000000000000000, Narrow klass shift: 3
Compressed class space size: 1073741824 Address: 0x0000000100000000

Heap:
 garbage-first heap   total 172032K, used 107881K [0x0000000080000000, 0x0000000100000000)
  region size 1024K, 17 young (17408K), 4 survivors (4096K)
 Metaspace       used 109526K, capacity 112389K, committed 112640K, reserved 1146880K
  class space    used 14163K, capacity 15255K, committed 15360K, reserved 1048576K
Heap Regions: E=young(eden), S=young(survivor), O=old, HS=humongous(starts), HC=humongous(continues), CS=collection set, F=free, A=archive, TAMS=top-at-mark-start (previous, next)
|   0|0x0000000080000000, 0x0000000080100000, 0x0000000080100000|100%| O|  |TAMS 0x0000000080100000, 0x0000000080000000| Untracked 
|   1|0x0000000080100000, 0x0000000080200000, 0x0000000080200000|100%| O|  |TAMS 0x0000000080200000, 0x0000000080100000| Untracked 
|   2|0x0000000080200000, 0x0000000080300000, 0x0000000080300000|100%| O|  |TAMS 0x0000000080300000, 0x0000000080200000| Untracked 
|   3|0x0000000080300000, 0x0000000080400000, 0x0000000080400000|100%|HS|  |TAMS 0x0000000080400000, 0x0000000080300000| Complete 
|   4|0x0000000080400000, 0x0000000080500000, 0x0000000080500000|100%|HC|  |TAMS 0x0000000080500000, 0x0000000080400000| Complete 
|   5|0x0000000080500000, 0x0000000080600000, 0x0000000080600000|100%|HC|  |TAMS 0x0000000080600000, 0x0000000080500000| Complete 
|   6|0x0000000080600000, 0x0000000080700000, 0x0000000080700000|100%| O|  |TAMS 0x0000000080700000, 0x0000000080600000| Untracked 
|   7|0x0000000080700000, 0x0000000080800000, 0x0000000080800000|100%| O|  |TAMS 0x0000000080800000, 0x0000000080700000| Untracked 
|   8|0x0000000080800000, 0x0000000080900000, 0x0000000080900000|100%| O|  |TAMS 0x0000000080900000, 0x0000000080800000| Untracked 
|   9|0x0000000080900000, 0x0000000080a00000, 0x0000000080a00000|100%| O|  |TAMS 0x0000000080a00000, 0x0000000080900000| Untracked 
|  10|0x0000000080a00000, 0x0000000080b00000, 0x0000000080b00000|100%| O|  |TAMS 0x0000000080b00000, 0x0000000080a00000| Untracked 
|  11|0x0000000080b00000, 0x0000000080c00000, 0x0000000080c00000|100%| O|  |TAMS 0x0000000080c00000, 0x0000000080b00000| Untracked 
|  12|0x0000000080c00000, 0x0000000080d00000, 0x0000000080d00000|100%| O|  |TAMS 0x0000000080d00000, 0x0000000080c00000| Untracked 
|  13|0x0000000080d00000, 0x0000000080e00000, 0x0000000080e00000|100%| O|  |TAMS 0x0000000080e00000, 0x0000000080d00000| Untracked 
|  14|0x0000000080e00000, 0x0000000080f00000, 0x0000000080f00000|100%| O|  |TAMS 0x0000000080f00000, 0x0000000080e00000| Untracked 
|  15|0x0000000080f00000, 0x0000000081000000, 0x0000000081000000|100%| O|  |TAMS 0x0000000081000000, 0x0000000080f00000| Untracked 
|  16|0x0000000081000000, 0x0000000081100000, 0x0000000081100000|100%| O|  |TAMS 0x0000000081100000, 0x0000000081000000| Untracked 
|  17|0x0000000081100000, 0x0000000081200000, 0x0000000081200000|100%| O|  |TAMS 0x0000000081200000, 0x0000000081100000| Untracked 
|  18|0x0000000081200000, 0x0000000081300000, 0x0000000081300000|100%| O|  |TAMS 0x0000000081300000, 0x0000000081200000| Untracked 
|  19|0x0000000081300000, 0x0000000081400000, 0x0000000081400000|100%|HS|  |TAMS 0x0000000081400000, 0x0000000081300000| Complete 
|  20|0x0000000081400000, 0x0000000081500000, 0x0000000081500000|100%|HS|  |TAMS 0x0000000081500000, 0x0000000081400000| Complete 
|  21|0x0000000081500000, 0x0000000081600000, 0x0000000081600000|100%|HC|  |TAMS 0x0000000081600000, 0x0000000081500000| Complete 
|  22|0x0000000081600000, 0x0000000081700000, 0x0000000081700000|100%| O|  |TAMS 0x0000000081700000, 0x0000000081600000| Untracked 
|  23|0x0000000081700000, 0x0000000081800000, 0x0000000081800000|100%| O|  |TAMS 0x0000000081800000, 0x0000000081700000| Untracked 
|  24|0x0000000081800000, 0x0000000081900000, 0x0000000081900000|100%| O|  |TAMS 0x0000000081900000, 0x0000000081800000| Untracked 
|  25|0x0000000081900000, 0x0000000081a00000, 0x0000000081a00000|100%| O|  |TAMS 0x0000000081a00000, 0x0000000081900000| Untracked 
|  26|0x0000000081a00000, 0x0000000081b00000, 0x0000000081b00000|100%| O|  |TAMS 0x0000000081b00000, 0x0000000081a00000| Untracked 
|  27|0x0000000081b00000, 0x0000000081c00000, 0x0000000081c00000|100%| O|  |TAMS 0x0000000081c00000, 0x0000000081b00000| Untracked 
|  28|0x0000000081c00000, 0x0000000081d00000, 0x0000000081d00000|100%| O|  |TAMS 0x0000000081d00000, 0x0000000081c00000| Untracked 
|  29|0x0000000081d00000, 0x0000000081e00000, 0x0000000081e00000|100%| O|  |TAMS 0x0000000081e00000, 0x0000000081d00000| Untracked 
|  30|0x0000000081e00000, 0x0000000081f00000, 0x0000000081f00000|100%| O|  |TAMS 0x0000000081f00000, 0x0000000081e00000| Untracked 
|  31|0x0000000081f00000, 0x0000000082000000, 0x0000000082000000|100%| O|  |TAMS 0x0000000082000000, 0x0000000081f00000| Untracked 
|  32|0x0000000082000000, 0x0000000082100000, 0x0000000082100000|100%| O|  |TAMS 0x0000000082100000, 0x0000000082000000| Untracked 
|  33|0x0000000082100000, 0x0000000082200000, 0x0000000082200000|100%| O|  |TAMS 0x0000000082200000, 0x0000000082100000| Untracked 
|  34|0x0000000082200000, 0x0000000082300000, 0x0000000082300000|100%| O|  |TAMS 0x0000000082300000, 0x0000000082200000| Untracked 
|  35|0x0000000082300000, 0x0000000082400000, 0x0000000082400000|100%| O|  |TAMS 0x0000000082400000, 0x0000000082300000| Untracked 
|  36|0x0000000082400000, 0x0000000082500000, 0x0000000082500000|100%| O|  |TAMS 0x0000000082500000, 0x0000000082400000| Untracked 
|  37|0x0000000082500000, 0x0000000082600000, 0x0000000082600000|100%| O|  |TAMS 0x0000000082600000, 0x0000000082500000| Untracked 
|  38|0x0000000082600000, 0x0000000082700000, 0x0000000082700000|100%| O|  |TAMS 0x0000000082700000, 0x0000000082600000| Untracked 
|  39|0x0000000082700000, 0x0000000082800000, 0x0000000082800000|100%| O|  |TAMS 0x0000000082800000, 0x0000000082700000| Untracked 
|  40|0x0000000082800000, 0x0000000082900000, 0x0000000082900000|100%| O|  |TAMS 0x0000000082900000, 0x0000000082800000| Untracked 
|  41|0x0000000082900000, 0x0000000082a00000, 0x0000000082a00000|100%| O|  |TAMS 0x0000000082a00000, 0x0000000082900000| Untracked 
|  42|0x0000000082a00000, 0x0000000082b00000, 0x0000000082b00000|100%| O|  |TAMS 0x0000000082b00000, 0x0000000082a00000| Untracked 
|  43|0x0000000082b00000, 0x0000000082c00000, 0x0000000082c00000|100%| O|  |TAMS 0x0000000082c00000, 0x0000000082b00000| Untracked 
|  44|0x0000000082c00000, 0x0000000082d00000, 0x0000000082d00000|100%| O|  |TAMS 0x0000000082d00000, 0x0000000082c00000| Untracked 
|  45|0x0000000082d00000, 0x0000000082e00000, 0x0000000082e00000|100%| O|  |TAMS 0x0000000082e00000, 0x0000000082d00000| Untracked 
|  46|0x0000000082e00000, 0x0000000082f00000, 0x0000000082f00000|100%| O|  |TAMS 0x0000000082f00000, 0x0000000082e00000| Untracked 
|  47|0x0000000082f00000, 0x0000000083000000, 0x0000000083000000|100%| O|  |TAMS 0x0000000083000000, 0x0000000082f00000| Untracked 
|  48|0x0000000083000000, 0x0000000083100000, 0x0000000083100000|100%| O|  |TAMS 0x0000000083100000, 0x0000000083000000| Untracked 
|  49|0x0000000083100000, 0x0000000083200000, 0x0000000083200000|100%| O|  |TAMS 0x0000000083200000, 0x0000000083100000| Untracked 
|  50|0x0000000083200000, 0x0000000083300000, 0x0000000083300000|100%| O|  |TAMS 0x0000000083300000, 0x0000000083200000| Untracked 
|  51|0x0000000083300000, 0x0000000083400000, 0x0000000083400000|100%| O|  |TAMS 0x0000000083400000, 0x0000000083300000| Untracked 
|  52|0x0000000083400000, 0x0000000083500000, 0x0000000083500000|100%| O|  |TAMS 0x0000000083500000, 0x0000000083400000| Untracked 
|  53|0x0000000083500000, 0x0000000083600000, 0x0000000083600000|100%| O|  |TAMS 0x0000000083600000, 0x0000000083500000| Untracked 
|  54|0x0000000083600000, 0x0000000083700000, 0x0000000083700000|100%| O|  |TAMS 0x0000000083700000, 0x0000000083600000| Untracked 
|  55|0x0000000083700000, 0x0000000083800000, 0x0000000083800000|100%| O|  |TAMS 0x0000000083800000, 0x0000000083700000| Untracked 
|  56|0x0000000083800000, 0x0000000083900000, 0x0000000083900000|100%| O|  |TAMS 0x0000000083900000, 0x0000000083800000| Untracked 
|  57|0x0000000083900000, 0x0000000083a00000, 0x0000000083a00000|100%| O|  |TAMS 0x0000000083a00000, 0x0000000083900000| Untracked 
|  58|0x0000000083a00000, 0x0000000083b00000, 0x0000000083b00000|100%| O|  |TAMS 0x0000000083b00000, 0x0000000083a00000| Untracked 
|  59|0x0000000083b00000, 0x0000000083c00000, 0x0000000083c00000|100%| O|  |TAMS 0x0000000083c00000, 0x0000000083b00000| Untracked 
|  60|0x0000000083c00000, 0x0000000083d00000, 0x0000000083d00000|100%| O|  |TAMS 0x0000000083d00000, 0x0000000083c00000| Untracked 
|  61|0x0000000083d00000, 0x0000000083e00000, 0x0000000083e00000|100%| O|  |TAMS 0x0000000083e00000, 0x0000000083d00000| Untracked 
|  62|0x0000000083e00000, 0x0000000083f00000, 0x0000000083f00000|100%| O|  |TAMS 0x0000000083f00000, 0x0000000083e00000| Untracked 
|  63|0x0000000083f00000, 0x0000000084000000, 0x0000000084000000|100%| O|  |TAMS 0x0000000084000000, 0x0000000083f00000| Untracked 
|  64|0x0000000084000000, 0x0000000084100000, 0x0000000084100000|100%| O|  |TAMS 0x0000000084100000, 0x0000000084000000| Untracked 
|  65|0x0000000084100000, 0x0000000084200000, 0x0000000084200000|100%| O|  |TAMS 0x0000000084200000, 0x0000000084100000| Untracked 
|  66|0x0000000084200000, 0x0000000084300000, 0x0000000084300000|100%| O|  |TAMS 0x0000000084300000, 0x0000000084200000| Untracked 
|  67|0x0000000084300000, 0x0000000084400000, 0x0000000084400000|100%| O|  |TAMS 0x0000000084400000, 0x0000000084300000| Untracked 
|  68|0x0000000084400000, 0x0000000084500000, 0x0000000084500000|100%| O|  |TAMS 0x0000000084500000, 0x0000000084400000| Untracked 
|  69|0x0000000084500000, 0x0000000084600000, 0x0000000084600000|100%| O|  |TAMS 0x0000000084600000, 0x0000000084500000| Untracked 
|  70|0x0000000084600000, 0x0000000084700000, 0x0000000084700000|100%| O|  |TAMS 0x0000000084700000, 0x0000000084600000| Untracked 
|  71|0x0000000084700000, 0x0000000084800000, 0x0000000084800000|100%| O|  |TAMS 0x0000000084800000, 0x0000000084700000| Untracked 
|  72|0x0000000084800000, 0x0000000084900000, 0x0000000084900000|100%| O|  |TAMS 0x0000000084900000, 0x0000000084800000| Untracked 
|  73|0x0000000084900000, 0x0000000084a00000, 0x0000000084a00000|100%| O|  |TAMS 0x0000000084a00000, 0x0000000084900000| Untracked 
|  74|0x0000000084a00000, 0x0000000084b00000, 0x0000000084b00000|100%| O|  |TAMS 0x0000000084b00000, 0x0000000084a00000| Untracked 
|  75|0x0000000084b00000, 0x0000000084c00000, 0x0000000084c00000|100%| O|  |TAMS 0x0000000084c00000, 0x0000000084b00000| Untracked 
|  76|0x0000000084c00000, 0x0000000084d00000, 0x0000000084d00000|100%| O|  |TAMS 0x0000000084d00000, 0x0000000084c00000| Untracked 
|  77|0x0000000084d00000, 0x0000000084e00000, 0x0000000084e00000|100%| O|  |TAMS 0x0000000084e00000, 0x0000000084d00000| Untracked 
|  78|0x0000000084e00000, 0x0000000084f00000, 0x0000000084f00000|100%| O|  |TAMS 0x0000000084f00000, 0x0000000084e00000| Untracked 
|  79|0x0000000084f00000, 0x0000000085000000, 0x0000000085000000|100%| O|  |TAMS 0x0000000085000000, 0x0000000084f00000| Untracked 
|  80|0x0000000085000000, 0x0000000085100000, 0x0000000085100000|100%| O|  |TAMS 0x0000000085100000, 0x0000000085000000| Untracked 
|  81|0x0000000085100000, 0x0000000085200000, 0x0000000085200000|100%| O|  |TAMS 0x0000000085200000, 0x0000000085100000| Untracked 
|  82|0x0000000085200000, 0x0000000085300000, 0x0000000085300000|100%| O|  |TAMS 0x0000000085300000, 0x0000000085200000| Untracked 
|  83|0x0000000085300000, 0x0000000085400000, 0x0000000085400000|100%| O|  |TAMS 0x0000000085400000, 0x0000000085300000| Untracked 
|  84|0x0000000085400000, 0x0000000085500000, 0x0000000085500000|100%| O|  |TAMS 0x0000000085500000, 0x0000000085400000| Untracked 
|  85|0x0000000085500000, 0x0000000085600000, 0x0000000085600000|100%| O|  |TAMS 0x0000000085600000, 0x0000000085500000| Untracked 
|  86|0x0000000085600000, 0x0000000085700000, 0x0000000085700000|100%| O|  |TAMS 0x0000000085700000, 0x0000000085600000| Untracked 
|  87|0x0000000085700000, 0x0000000085800000, 0x0000000085800000|100%| O|  |TAMS 0x0000000085800000, 0x0000000085700000| Untracked 
|  88|0x0000000085800000, 0x00000000858fde00, 0x0000000085900000| 99%| O|  |TAMS 0x00000000858fde00, 0x0000000085800000| Untracked 
|  89|0x0000000085900000, 0x0000000085900000, 0x0000000085a00000|  0%| F|  |TAMS 0x0000000085900000, 0x0000000085900000| Untracked 
|  90|0x0000000085a00000, 0x0000000085a00000, 0x0000000085b00000|  0%| F|  |TAMS 0x0000000085a00000, 0x0000000085a00000| Untracked 
|  91|0x0000000085b00000, 0x0000000085b00000, 0x0000000085c00000|  0%| F|  |TAMS 0x0000000085b00000, 0x0000000085b00000| Untracked 
|  92|0x0000000085c00000, 0x0000000085c00000, 0x0000000085d00000|  0%| F|  |TAMS 0x0000000085c00000, 0x0000000085c00000| Untracked 
|  93|0x0000000085d00000, 0x0000000085d00000, 0x0000000085e00000|  0%| F|  |TAMS 0x0000000085d00000, 0x0000000085d00000| Untracked 
|  94|0x0000000085e00000, 0x0000000085e00000, 0x0000000085f00000|  0%| F|  |TAMS 0x0000000085e00000, 0x0000000085e00000| Untracked 
|  95|0x0000000085f00000, 0x0000000085f00000, 0x0000000086000000|  0%| F|  |TAMS 0x0000000085f00000, 0x0000000085f00000| Untracked 
|  96|0x0000000086000000, 0x0000000086000000, 0x0000000086100000|  0%| F|  |TAMS 0x0000000086000000, 0x0000000086000000| Untracked 
|  97|0x0000000086100000, 0x0000000086100000, 0x0000000086200000|  0%| F|  |TAMS 0x0000000086100000, 0x0000000086100000| Untracked 
|  98|0x0000000086200000, 0x0000000086200000, 0x0000000086300000|  0%| F|  |TAMS 0x0000000086200000, 0x0000000086200000| Untracked 
|  99|0x0000000086300000, 0x0000000086300000, 0x0000000086400000|  0%| F|  |TAMS 0x0000000086300000, 0x0000000086300000| Untracked 
| 100|0x0000000086400000, 0x0000000086500000, 0x0000000086500000|100%| O|  |TAMS 0x0000000086500000, 0x0000000086400000| Untracked 
| 101|0x0000000086500000, 0x0000000086600000, 0x0000000086600000|100%| O|  |TAMS 0x0000000086600000, 0x0000000086500000| Untracked 
| 102|0x0000000086600000, 0x0000000086600000, 0x0000000086700000|  0%| F|  |TAMS 0x0000000086600000, 0x0000000086600000| Untracked 
| 103|0x0000000086700000, 0x0000000086700000, 0x0000000086800000|  0%| F|  |TAMS 0x0000000086700000, 0x0000000086700000| Untracked 
| 104|0x0000000086800000, 0x0000000086800000, 0x0000000086900000|  0%| F|  |TAMS 0x0000000086800000, 0x0000000086800000| Untracked 
| 105|0x0000000086900000, 0x0000000086900000, 0x0000000086a00000|  0%| F|  |TAMS 0x0000000086900000, 0x0000000086900000| Untracked 
| 106|0x0000000086a00000, 0x0000000086a00000, 0x0000000086b00000|  0%| F|  |TAMS 0x0000000086a00000, 0x0000000086a00000| Untracked 
| 107|0x0000000086b00000, 0x0000000086b00000, 0x0000000086c00000|  0%| F|  |TAMS 0x0000000086b00000, 0x0000000086b00000| Untracked 
| 108|0x0000000086c00000, 0x0000000086c00000, 0x0000000086d00000|  0%| F|  |TAMS 0x0000000086c00000, 0x0000000086c00000| Untracked 
| 109|0x0000000086d00000, 0x0000000086d00000, 0x0000000086e00000|  0%| F|  |TAMS 0x0000000086d00000, 0x0000000086d00000| Untracked 
| 110|0x0000000086e00000, 0x0000000086e00000, 0x0000000086f00000|  0%| F|  |TAMS 0x0000000086e00000, 0x0000000086e00000| Untracked 
| 111|0x0000000086f00000, 0x0000000086f00000, 0x0000000087000000|  0%| F|  |TAMS 0x0000000086f00000, 0x0000000086f00000| Untracked 
| 112|0x0000000087000000, 0x0000000087000000, 0x0000000087100000|  0%| F|  |TAMS 0x0000000087000000, 0x0000000087000000| Untracked 
| 113|0x0000000087100000, 0x0000000087100000, 0x0000000087200000|  0%| F|  |TAMS 0x0000000087100000, 0x0000000087100000| Untracked 
| 114|0x0000000087200000, 0x0000000087200000, 0x0000000087300000|  0%| F|  |TAMS 0x0000000087200000, 0x0000000087200000| Untracked 
| 115|0x0000000087300000, 0x0000000087300000, 0x0000000087400000|  0%| F|  |TAMS 0x0000000087300000, 0x0000000087300000| Untracked 
| 116|0x0000000087400000, 0x0000000087400000, 0x0000000087500000|  0%| F|  |TAMS 0x0000000087400000, 0x0000000087400000| Untracked 
| 117|0x0000000087500000, 0x0000000087500000, 0x0000000087600000|  0%| F|  |TAMS 0x0000000087500000, 0x0000000087500000| Untracked 
| 118|0x0000000087600000, 0x0000000087600000, 0x0000000087700000|  0%| F|  |TAMS 0x0000000087600000, 0x0000000087600000| Untracked 
| 119|0x0000000087700000, 0x000000008775c730, 0x0000000087800000| 36%| S|CS|TAMS 0x0000000087700000, 0x0000000087700000| Complete 
| 120|0x0000000087800000, 0x0000000087900000, 0x0000000087900000|100%| S|CS|TAMS 0x0000000087800000, 0x0000000087800000| Complete 
| 121|0x0000000087900000, 0x0000000087a00000, 0x0000000087a00000|100%| S|CS|TAMS 0x0000000087900000, 0x0000000087900000| Complete 
| 122|0x0000000087a00000, 0x0000000087a00000, 0x0000000087b00000|  0%| F|  |TAMS 0x0000000087a00000, 0x0000000087a00000| Untracked 
| 123|0x0000000087b00000, 0x0000000087b00000, 0x0000000087c00000|  0%| F|  |TAMS 0x0000000087b00000, 0x0000000087b00000| Untracked 
| 124|0x0000000087c00000, 0x0000000087d00000, 0x0000000087d00000|100%| S|CS|TAMS 0x0000000087c00000, 0x0000000087c00000| Complete 
| 125|0x0000000087d00000, 0x0000000087d00000, 0x0000000087e00000|  0%| F|  |TAMS 0x0000000087d00000, 0x0000000087d00000| Untracked 
| 126|0x0000000087e00000, 0x0000000087e00000, 0x0000000087f00000|  0%| F|  |TAMS 0x0000000087e00000, 0x0000000087e00000| Untracked 
| 127|0x0000000087f00000, 0x0000000087f00000, 0x0000000088000000|  0%| F|  |TAMS 0x0000000087f00000, 0x0000000087f00000| Untracked 
| 128|0x0000000088000000, 0x0000000088000000, 0x0000000088100000|  0%| F|  |TAMS 0x0000000088000000, 0x0000000088000000| Untracked 
| 129|0x0000000088100000, 0x0000000088100000, 0x0000000088200000|  0%| F|  |TAMS 0x0000000088100000, 0x0000000088100000| Untracked 
| 130|0x0000000088200000, 0x0000000088200000, 0x0000000088300000|  0%| F|  |TAMS 0x0000000088200000, 0x0000000088200000| Untracked 
| 131|0x0000000088300000, 0x0000000088300000, 0x0000000088400000|  0%| F|  |TAMS 0x0000000088300000, 0x0000000088300000| Untracked 
| 132|0x0000000088400000, 0x0000000088400000, 0x0000000088500000|  0%| F|  |TAMS 0x0000000088400000, 0x0000000088400000| Untracked 
| 133|0x0000000088500000, 0x0000000088500000, 0x0000000088600000|  0%| F|  |TAMS 0x0000000088500000, 0x0000000088500000| Untracked 
| 134|0x0000000088600000, 0x0000000088600000, 0x0000000088700000|  0%| F|  |TAMS 0x0000000088600000, 0x0000000088600000| Untracked 
| 135|0x0000000088700000, 0x0000000088700000, 0x0000000088800000|  0%| F|  |TAMS 0x0000000088700000, 0x0000000088700000| Untracked 
| 136|0x0000000088800000, 0x0000000088800000, 0x0000000088900000|  0%| F|  |TAMS 0x0000000088800000, 0x0000000088800000| Untracked 
| 137|0x0000000088900000, 0x0000000088900000, 0x0000000088a00000|  0%| F|  |TAMS 0x0000000088900000, 0x0000000088900000| Untracked 
| 138|0x0000000088a00000, 0x0000000088a00000, 0x0000000088b00000|  0%| F|  |TAMS 0x0000000088a00000, 0x0000000088a00000| Untracked 
| 139|0x0000000088b00000, 0x0000000088b00000, 0x0000000088c00000|  0%| F|  |TAMS 0x0000000088b00000, 0x0000000088b00000| Untracked 
| 140|0x0000000088c00000, 0x0000000088c00000, 0x0000000088d00000|  0%| F|  |TAMS 0x0000000088c00000, 0x0000000088c00000| Untracked 
| 141|0x0000000088d00000, 0x0000000088d00000, 0x0000000088e00000|  0%| F|  |TAMS 0x0000000088d00000, 0x0000000088d00000| Untracked 
| 142|0x0000000088e00000, 0x0000000088e00000, 0x0000000088f00000|  0%| F|  |TAMS 0x0000000088e00000, 0x0000000088e00000| Untracked 
| 143|0x0000000088f00000, 0x0000000088f00000, 0x0000000089000000|  0%| F|  |TAMS 0x0000000088f00000, 0x0000000088f00000| Untracked 
| 144|0x0000000089000000, 0x0000000089000000, 0x0000000089100000|  0%| F|  |TAMS 0x0000000089000000, 0x0000000089000000| Untracked 
| 145|0x0000000089100000, 0x0000000089100000, 0x0000000089200000|  0%| F|  |TAMS 0x0000000089100000, 0x0000000089100000| Untracked 
| 146|0x0000000089200000, 0x0000000089200000, 0x0000000089300000|  0%| F|  |TAMS 0x0000000089200000, 0x0000000089200000| Untracked 
| 147|0x0000000089300000, 0x0000000089300000, 0x0000000089400000|  0%| F|  |TAMS 0x0000000089300000, 0x0000000089300000| Untracked 
| 148|0x0000000089400000, 0x0000000089400000, 0x0000000089500000|  0%| F|  |TAMS 0x0000000089400000, 0x0000000089400000| Untracked 
| 149|0x0000000089500000, 0x0000000089500000, 0x0000000089600000|  0%| F|  |TAMS 0x0000000089500000, 0x0000000089500000| Untracked 
| 150|0x0000000089600000, 0x0000000089600000, 0x0000000089700000|  0%| F|  |TAMS 0x0000000089600000, 0x0000000089600000| Untracked 
| 151|0x0000000089700000, 0x0000000089700000, 0x0000000089800000|  0%| F|  |TAMS 0x0000000089700000, 0x0000000089700000| Untracked 
| 152|0x0000000089800000, 0x0000000089800000, 0x0000000089900000|  0%| F|  |TAMS 0x0000000089800000, 0x0000000089800000| Untracked 
| 153|0x0000000089900000, 0x0000000089900000, 0x0000000089a00000|  0%| F|  |TAMS 0x0000000089900000, 0x0000000089900000| Untracked 
| 154|0x0000000089a00000, 0x0000000089a30030, 0x0000000089b00000| 18%| E|  |TAMS 0x0000000089a00000, 0x0000000089a00000| Complete 
| 155|0x0000000089b00000, 0x0000000089bf8988, 0x0000000089c00000| 97%| E|  |TAMS 0x0000000089b00000, 0x0000000089b00000| Complete 
| 156|0x0000000089c00000, 0x0000000089d00000, 0x0000000089d00000|100%| E|CS|TAMS 0x0000000089c00000, 0x0000000089c00000| Complete 
| 157|0x0000000089d00000, 0x0000000089e00000, 0x0000000089e00000|100%| E|CS|TAMS 0x0000000089d00000, 0x0000000089d00000| Complete 
| 158|0x0000000089e00000, 0x0000000089f00000, 0x0000000089f00000|100%| E|CS|TAMS 0x0000000089e00000, 0x0000000089e00000| Complete 
| 159|0x0000000089f00000, 0x000000008a000000, 0x000000008a000000|100%| E|CS|TAMS 0x0000000089f00000, 0x0000000089f00000| Complete 
| 160|0x000000008a000000, 0x000000008a100000, 0x000000008a100000|100%| E|CS|TAMS 0x000000008a000000, 0x000000008a000000| Complete 
| 161|0x000000008a100000, 0x000000008a200000, 0x000000008a200000|100%| E|CS|TAMS 0x000000008a100000, 0x000000008a100000| Complete 
| 162|0x000000008a200000, 0x000000008a300000, 0x000000008a300000|100%| E|CS|TAMS 0x000000008a200000, 0x000000008a200000| Complete 
| 163|0x000000008a300000, 0x000000008a400000, 0x000000008a400000|100%| E|CS|TAMS 0x000000008a300000, 0x000000008a300000| Complete 
| 164|0x000000008a400000, 0x000000008a500000, 0x000000008a500000|100%| E|CS|TAMS 0x000000008a400000, 0x000000008a400000| Complete 
| 165|0x000000008a500000, 0x000000008a600000, 0x000000008a600000|100%| E|CS|TAMS 0x000000008a500000, 0x000000008a500000| Complete 
| 166|0x000000008a600000, 0x000000008a700000, 0x000000008a700000|100%| E|CS|TAMS 0x000000008a600000, 0x000000008a600000| Complete 
| 167|0x000000008a700000, 0x000000008a800000, 0x000000008a800000|100%| E|CS|TAMS 0x000000008a700000, 0x000000008a700000| Complete 

Card table byte_map: [0x00000187592a0000,0x00000187596a0000] _byte_map_base: 0x0000018758ea0000

Marking Bits (Prev, Next): (CMBitMap*) 0x00000187460bd090, (CMBitMap*) 0x00000187460bd058
 Prev Bits: [0x000001875baa0000, 0x000001875daa0000)
 Next Bits: [0x0000018759aa0000, 0x000001875baa0000)

Polling page: 0x0000018743ff0000

Metaspace:

Usage:
  Non-class:     94.86 MB capacity,    93.13 MB ( 98%) used,     1.40 MB (  1%) free+waste,   332.63 KB ( <1%) overhead. 
      Class:     14.90 MB capacity,    13.83 MB ( 93%) used,   938.63 KB (  6%) free+waste,   152.44 KB ( <1%) overhead. 
       Both:    109.75 MB capacity,   106.96 MB ( 97%) used,     2.32 MB (  2%) free+waste,   485.06 KB ( <1%) overhead. 

Virtual space:
  Non-class space:       96.00 MB reserved,      95.00 MB ( 99%) committed 
      Class space:        1.00 GB reserved,      15.00 MB (  1%) committed 
             Both:        1.09 GB reserved,     110.00 MB ( 10%) committed 

Chunk freelists:
   Non-Class:  18.00 KB
       Class:  9.00 KB
        Both:  27.00 KB

MaxMetaspaceSize: 17179869184.00 GB
CompressedClassSpaceSize: 1.00 GB

CodeHeap 'non-profiled nmethods': size=120000Kb used=7502Kb max_used=7502Kb free=112497Kb
 bounds [0x0000018751640000, 0x0000018751da0000, 0x0000018758b70000]
CodeHeap 'profiled nmethods': size=120000Kb used=32247Kb max_used=32247Kb free=87752Kb
 bounds [0x000001874a110000, 0x000001874c090000, 0x0000018751640000]
CodeHeap 'non-nmethods': size=5760Kb used=2324Kb max_used=2356Kb free=3435Kb
 bounds [0x0000018749b70000, 0x0000018749de0000, 0x000001874a110000]
 total_blobs=15370 nmethods=14429 adapters=851
 compilation: enabled
              stopped_count=0, restarted_count=0
 full_count=0

Compilation events (20 events):
Event: 53.502 Thread 0x00000187604e8000 nmethod 14739 0x000001874c07c990 code [0x000001874c07cba0, 0x000001874c07d328]
Event: 53.502 Thread 0x00000187604e8000 14740       3       com.sun.org.apache.xerces.internal.impl.XMLDocumentFragmentScannerImpl::checkDepth (100 bytes)
Event: 53.504 Thread 0x00000187604e8000 nmethod 14740 0x000001874c07d610 code [0x000001874c07d920, 0x000001874c07ec28]
Event: 53.510 Thread 0x00000187604e8000 14742       3       java.lang.Class::isAnonymousClass (27 bytes)
Event: 53.510 Thread 0x00000187604e8000 nmethod 14742 0x000001874c07f390 code [0x000001874c07f580, 0x000001874c07f918]
Event: 53.510 Thread 0x00000187604e8000 14743       3       com.google.gson.internal.Excluder::isAnonymousOrLocal (29 bytes)
Event: 53.511 Thread 0x00000187604e8000 nmethod 14743 0x000001874c07fa90 code [0x000001874c07fd00, 0x000001874c080528]
Event: 53.518 Thread 0x00000187604e8000 14744       3       sun.security.jca.GetInstance::checkSuperClass (68 bytes)
Event: 53.519 Thread 0x00000187604e8000 nmethod 14744 0x000001874c080790 code [0x000001874c080a60, 0x000001874c081628]
Event: 53.634 Thread 0x00000187604e8000 14746       3       jdk.internal.misc.Unsafe::freeMemory (18 bytes)
Event: 53.634 Thread 0x00000187604e8000 nmethod 14746 0x000001874c081a90 code [0x000001874c081c60, 0x000001874c081f18]
Event: 53.634 Thread 0x00000187604e8000 14747       3       jdk.internal.misc.Unsafe::freeMemoryChecks (7 bytes)
Event: 53.635 Thread 0x00000187604e8000 nmethod 14747 0x000001874c082090 code [0x000001874c082260, 0x000001874c082458]
Event: 53.637 Thread 0x00000187604e8000 14749       1       com.android.zipflinger.Entry::getLocation (5 bytes)
Event: 53.637 Thread 0x00000187604e8000 nmethod 14749 0x0000018751d90510 code [0x0000018751d906c0, 0x0000018751d90778]
Event: 53.637 Thread 0x00000187604e8000 14750       3       java.nio.ByteBuffer::get (54 bytes)
Event: 53.638 Thread 0x00000187604e8000 nmethod 14750 0x000001874c082590 code [0x000001874c0827a0, 0x000001874c082d88]
Event: 53.638 Thread 0x00000187604e8000 14758   !   3       sun.nio.ch.IOUtil::read (129 bytes)
Event: 53.639 Thread 0x00000187604e8000 nmethod 14758 0x000001874c083010 code [0x000001874c083280, 0x000001874c083b48]
Event: 53.639 Thread 0x00000187604e8000 14759       3       sun.nio.ch.IOUtil::readIntoNativeBuffer (157 bytes)

GC Heap History (20 events):
Event: 41.581 GC heap before
{Heap before GC invocations=59 (full 0):
 garbage-first heap   total 143360K, used 110479K [0x0000000080000000, 0x0000000100000000)
  region size 1024K, 20 young (20480K), 1 survivors (1024K)
 Metaspace       used 93247K, capacity 95504K, committed 95744K, reserved 1132544K
  class space    used 11950K, capacity 12793K, committed 12800K, reserved 1048576K
}
Event: 41.589 GC heap after
{Heap after GC invocations=60 (full 0):
 garbage-first heap   total 143360K, used 92789K [0x0000000080000000, 0x0000000100000000)
  region size 1024K, 2 young (2048K), 2 survivors (2048K)
 Metaspace       used 93247K, capacity 95504K, committed 95744K, reserved 1132544K
  class space    used 11950K, capacity 12793K, committed 12800K, reserved 1048576K
}
Event: 42.869 GC heap before
{Heap before GC invocations=61 (full 0):
 garbage-first heap   total 143360K, used 112245K [0x0000000080000000, 0x0000000100000000)
  region size 1024K, 22 young (22528K), 2 survivors (2048K)
 Metaspace       used 93255K, capacity 95504K, committed 95744K, reserved 1132544K
  class space    used 11950K, capacity 12793K, committed 12800K, reserved 1048576K
}
Event: 42.873 GC heap after
{Heap after GC invocations=62 (full 0):
 garbage-first heap   total 143360K, used 93416K [0x0000000080000000, 0x0000000100000000)
  region size 1024K, 2 young (2048K), 2 survivors (2048K)
 Metaspace       used 93255K, capacity 95504K, committed 95744K, reserved 1132544K
  class space    used 11950K, capacity 12793K, committed 12800K, reserved 1048576K
}
Event: 43.013 GC heap before
{Heap before GC invocations=62 (full 0):
 garbage-first heap   total 143360K, used 97512K [0x0000000080000000, 0x0000000100000000)
  region size 1024K, 7 young (7168K), 2 survivors (2048K)
 Metaspace       used 93275K, capacity 95504K, committed 95744K, reserved 1132544K
  class space    used 11951K, capacity 12793K, committed 12800K, reserved 1048576K
}
Event: 43.019 GC heap after
{Heap after GC invocations=63 (full 0):
 garbage-first heap   total 143360K, used 92691K [0x0000000080000000, 0x0000000100000000)
  region size 1024K, 1 young (1024K), 1 survivors (1024K)
 Metaspace       used 93275K, capacity 95504K, committed 95744K, reserved 1132544K
  class space    used 11951K, capacity 12793K, committed 12800K, reserved 1048576K
}
Event: 43.695 GC heap before
{Heap before GC invocations=63 (full 0):
 garbage-first heap   total 143360K, used 113171K [0x0000000080000000, 0x0000000100000000)
  region size 1024K, 22 young (22528K), 1 survivors (1024K)
 Metaspace       used 93289K, capacity 95504K, committed 95744K, reserved 1132544K
  class space    used 11951K, capacity 12793K, committed 12800K, reserved 1048576K
}
Event: 43.700 GC heap after
{Heap after GC invocations=64 (full 0):
 garbage-first heap   total 143360K, used 93361K [0x0000000080000000, 0x0000000100000000)
  region size 1024K, 2 young (2048K), 2 survivors (2048K)
 Metaspace       used 93289K, capacity 95504K, committed 95744K, reserved 1132544K
  class space    used 11951K, capacity 12793K, committed 12800K, reserved 1048576K
}
Event: 44.794 GC heap before
{Heap before GC invocations=65 (full 0):
 garbage-first heap   total 143360K, used 114865K [0x0000000080000000, 0x0000000100000000)
  region size 1024K, 24 young (24576K), 2 survivors (2048K)
 Metaspace       used 94393K, capacity 96629K, committed 96640K, reserved 1132544K
  class space    used 12103K, capacity 12920K, committed 12928K, reserved 1048576K
}
Event: 44.803 GC heap after
{Heap after GC invocations=66 (full 0):
 garbage-first heap   total 143360K, used 94239K [0x0000000080000000, 0x0000000100000000)
  region size 1024K, 3 young (3072K), 3 survivors (3072K)
 Metaspace       used 94393K, capacity 96629K, committed 96640K, reserved 1132544K
  class space    used 12103K, capacity 12920K, committed 12928K, reserved 1048576K
}
Event: 44.917 GC heap before
{Heap before GC invocations=66 (full 0):
 garbage-first heap   total 143360K, used 98335K [0x0000000080000000, 0x0000000100000000)
  region size 1024K, 7 young (7168K), 3 survivors (3072K)
 Metaspace       used 94655K, capacity 96944K, committed 97280K, reserved 1134592K
  class space    used 12139K, capacity 12960K, committed 13056K, reserved 1048576K
}
Event: 44.924 GC heap after
{Heap after GC invocations=67 (full 0):
 garbage-first heap   total 172032K, used 93600K [0x0000000080000000, 0x0000000100000000)
  region size 1024K, 1 young (1024K), 1 survivors (1024K)
 Metaspace       used 94655K, capacity 96944K, committed 97280K, reserved 1134592K
  class space    used 12139K, capacity 12960K, committed 13056K, reserved 1048576K
}
Event: 47.244 GC heap before
{Heap before GC invocations=67 (full 0):
 garbage-first heap   total 172032K, used 130464K [0x0000000080000000, 0x0000000100000000)
  region size 1024K, 38 young (38912K), 1 survivors (1024K)
 Metaspace       used 101769K, capacity 104402K, committed 104704K, reserved 1140736K
  class space    used 13240K, capacity 14226K, committed 14336K, reserved 1048576K
}
Event: 47.255 GC heap after
{Heap after GC invocations=68 (full 0):
 garbage-first heap   total 172032K, used 95773K [0x0000000080000000, 0x0000000100000000)
  region size 1024K, 3 young (3072K), 3 survivors (3072K)
 Metaspace       used 101769K, capacity 104402K, committed 104704K, reserved 1140736K
  class space    used 13240K, capacity 14226K, committed 14336K, reserved 1048576K
}
Event: 49.975 GC heap before
{Heap before GC invocations=69 (full 0):
 garbage-first heap   total 172032K, used 133661K [0x0000000080000000, 0x0000000100000000)
  region size 1024K, 41 young (41984K), 3 survivors (3072K)
 Metaspace       used 104350K, capacity 107152K, committed 107264K, reserved 1142784K
  class space    used 13504K, capacity 14536K, committed 14592K, reserved 1048576K
}
Event: 49.985 GC heap after
{Heap after GC invocations=70 (full 0):
 garbage-first heap   total 172032K, used 95643K [0x0000000080000000, 0x0000000100000000)
  region size 1024K, 3 young (3072K), 3 survivors (3072K)
 Metaspace       used 104350K, capacity 107152K, committed 107264K, reserved 1142784K
  class space    used 13504K, capacity 14536K, committed 14592K, reserved 1048576K
}
Event: 51.224 GC heap before
{Heap before GC invocations=70 (full 0):
 garbage-first heap   total 172032K, used 135579K [0x0000000080000000, 0x0000000100000000)
  region size 1024K, 43 young (44032K), 3 survivors (3072K)
 Metaspace       used 104820K, capacity 107559K, committed 107776K, reserved 1142784K
  class space    used 13542K, capacity 14575K, committed 14592K, reserved 1048576K
}
Event: 51.232 GC heap after
{Heap after GC invocations=71 (full 0):
 garbage-first heap   total 172032K, used 95643K [0x0000000080000000, 0x0000000100000000)
  region size 1024K, 3 young (3072K), 3 survivors (3072K)
 Metaspace       used 104820K, capacity 107559K, committed 107776K, reserved 1142784K
  class space    used 13542K, capacity 14575K, committed 14592K, reserved 1048576K
}
Event: 53.132 GC heap before
{Heap before GC invocations=71 (full 0):
 garbage-first heap   total 172032K, used 137627K [0x0000000080000000, 0x0000000100000000)
  region size 1024K, 45 young (46080K), 3 survivors (3072K)
 Metaspace       used 108431K, capacity 111209K, committed 111360K, reserved 1144832K
  class space    used 14036K, capacity 15084K, committed 15104K, reserved 1048576K
}
Event: 53.140 GC heap after
{Heap after GC invocations=72 (full 0):
 garbage-first heap   total 172032K, used 96617K [0x0000000080000000, 0x0000000100000000)
  region size 1024K, 4 young (4096K), 4 survivors (4096K)
 Metaspace       used 108431K, capacity 111209K, committed 111360K, reserved 1144832K
  class space    used 14036K, capacity 15084K, committed 15104K, reserved 1048576K
}

Deoptimization events (20 events):
Event: 51.852 Thread 0x00000187613dc000 DEOPT PACKING pc=0x0000018751c3f854 sp=0x0000006d995fbfc0
Event: 51.852 Thread 0x00000187613dc000 DEOPT UNPACKING pc=0x0000018749b978af sp=0x0000006d995fbf30 mode 2
Event: 53.513 Thread 0x00000187695de000 Uncommon trap: trap_request=0xffffffde fr.pc=0x0000018751c891e8 relative=0x00000000000009c8
Event: 53.513 Thread 0x00000187695de000 Uncommon trap: reason=class_check action=maybe_recompile pc=0x0000018751c891e8 method=java.io.DataInputStream.readUnsignedShort()I @ 4 c2
Event: 53.513 Thread 0x00000187695de000 DEOPT PACKING pc=0x0000018751c891e8 sp=0x0000006d9a2fd9c0
Event: 53.513 Thread 0x00000187695de000 DEOPT UNPACKING pc=0x0000018749b978af sp=0x0000006d9a2fd8e8 mode 2
Event: 53.513 Thread 0x00000187695de000 Uncommon trap: trap_request=0xffffffde fr.pc=0x0000018751c891e8 relative=0x00000000000009c8
Event: 53.513 Thread 0x00000187695de000 Uncommon trap: reason=class_check action=maybe_recompile pc=0x0000018751c891e8 method=java.io.DataInputStream.readUnsignedShort()I @ 4 c2
Event: 53.513 Thread 0x00000187695de000 DEOPT PACKING pc=0x0000018751c891e8 sp=0x0000006d9a2fd9c0
Event: 53.513 Thread 0x00000187695de000 DEOPT UNPACKING pc=0x0000018749b978af sp=0x0000006d9a2fd8e8 mode 2
Event: 53.562 Thread 0x00000187695de000 DEOPT PACKING pc=0x000001874a587a11 sp=0x0000006d9a2fd960
Event: 53.562 Thread 0x00000187695de000 DEOPT UNPACKING pc=0x0000018749b976ce sp=0x0000006d9a2fce38 mode 0
Event: 53.629 Thread 0x00000187695de000 Uncommon trap: trap_request=0xffffff4d fr.pc=0x0000018751baf7ec relative=0x0000000000000ecc
Event: 53.629 Thread 0x00000187695de000 Uncommon trap: reason=unstable_if action=reinterpret pc=0x0000018751baf7ec method=sun.nio.ch.IOUtil.readIntoNativeBuffer(Ljava/io/FileDescriptor;Ljava/nio/ByteBuffer;JZILsun/nio/ch/NativeDispatcher;)I @ 86 c2
Event: 53.629 Thread 0x00000187695de000 DEOPT PACKING pc=0x0000018751baf7ec sp=0x0000006d9a2fd610
Event: 53.629 Thread 0x00000187695de000 DEOPT UNPACKING pc=0x0000018749b978af sp=0x0000006d9a2fd548 mode 2
Event: 53.634 Thread 0x00000187695de000 Uncommon trap: trap_request=0xffffff4d fr.pc=0x0000018751bb33dc relative=0x000000000000019c
Event: 53.634 Thread 0x00000187695de000 Uncommon trap: reason=unstable_if action=reinterpret pc=0x0000018751bb33dc method=sun.nio.ch.IOUtil.readIntoNativeBuffer(Ljava/io/FileDescriptor;Ljava/nio/ByteBuffer;JZILsun/nio/ch/NativeDispatcher;)I @ 86 c2
Event: 53.634 Thread 0x00000187695de000 DEOPT PACKING pc=0x0000018751bb33dc sp=0x0000006d9a2fd5b0
Event: 53.634 Thread 0x00000187695de000 DEOPT UNPACKING pc=0x0000018749b978af sp=0x0000006d9a2fd550 mode 2

Classes redefined (0 events):
No events

Internal exceptions (20 events):
Event: 50.428 Thread 0x00000187613d9000 Exception <a 'sun/nio/fs/WindowsException'{0x00000000899e1360}> (0x00000000899e1360) thrown at [./src/hotspot/share/prims/jni.cpp, line 615]
Event: 50.433 Thread 0x00000187613dd000 Exception <a 'sun/nio/fs/WindowsException'{0x00000000899cebd8}> (0x00000000899cebd8) thrown at [./src/hotspot/share/prims/jni.cpp, line 615]
Event: 50.434 Thread 0x00000187613d9000 Exception <a 'sun/nio/fs/WindowsException'{0x00000000898c6408}> (0x00000000898c6408) thrown at [./src/hotspot/share/prims/jni.cpp, line 615]
Event: 50.438 Thread 0x00000187613dd000 Exception <a 'sun/nio/fs/WindowsException'{0x00000000898d1c78}> (0x00000000898d1c78) thrown at [./src/hotspot/share/prims/jni.cpp, line 615]
Event: 50.439 Thread 0x00000187613d9000 Exception <a 'sun/nio/fs/WindowsException'{0x00000000897c1d60}> (0x00000000897c1d60) thrown at [./src/hotspot/share/prims/jni.cpp, line 615]
Event: 50.443 Thread 0x00000187613dd000 Exception <a 'sun/nio/fs/WindowsException'{0x00000000898d8f08}> (0x00000000898d8f08) thrown at [./src/hotspot/share/prims/jni.cpp, line 615]
Event: 50.444 Thread 0x00000187613d9000 Exception <a 'sun/nio/fs/WindowsException'{0x00000000897cae78}> (0x00000000897cae78) thrown at [./src/hotspot/share/prims/jni.cpp, line 615]
Event: 50.447 Thread 0x00000187613dd000 Exception <a 'sun/nio/fs/WindowsException'{0x00000000896d09a0}> (0x00000000896d09a0) thrown at [./src/hotspot/share/prims/jni.cpp, line 615]
Event: 50.449 Thread 0x00000187613d9000 Exception <a 'sun/nio/fs/WindowsException'{0x00000000896cc298}> (0x00000000896cc298) thrown at [./src/hotspot/share/prims/jni.cpp, line 615]
Event: 50.457 Thread 0x00000187613d9000 Exception <a 'sun/nio/fs/WindowsException'{0x00000000895c78d0}> (0x00000000895c78d0) thrown at [./src/hotspot/share/prims/jni.cpp, line 615]
Event: 50.461 Thread 0x00000187613d9000 Exception <a 'sun/nio/fs/WindowsException'{0x00000000895d0c30}> (0x00000000895d0c30) thrown at [./src/hotspot/share/prims/jni.cpp, line 615]
Event: 50.467 Thread 0x00000187613d9000 Exception <a 'sun/nio/fs/WindowsException'{0x00000000895da848}> (0x00000000895da848) thrown at [./src/hotspot/share/prims/jni.cpp, line 615]
Event: 50.470 Thread 0x00000187613d9000 Exception <a 'sun/nio/fs/WindowsException'{0x00000000895e3288}> (0x00000000895e3288) thrown at [./src/hotspot/share/prims/jni.cpp, line 615]
Event: 50.473 Thread 0x00000187613d9000 Exception <a 'sun/nio/fs/WindowsException'{0x00000000895eb268}> (0x00000000895eb268) thrown at [./src/hotspot/share/prims/jni.cpp, line 615]
Event: 50.480 Thread 0x00000187613d9000 Exception <a 'sun/nio/fs/WindowsException'{0x00000000894c4090}> (0x00000000894c4090) thrown at [./src/hotspot/share/prims/jni.cpp, line 615]
Event: 50.484 Thread 0x00000187613d9000 Exception <a 'sun/nio/fs/WindowsException'{0x00000000894caaa0}> (0x00000000894caaa0) thrown at [./src/hotspot/share/prims/jni.cpp, line 615]
Event: 50.617 Thread 0x00000187613d2800 Exception <a 'java/lang/NoSuchMethodError'{0x00000000891e86d0}: <clinit>> (0x00000000891e86d0) thrown at [./src/hotspot/share/prims/jni.cpp, line 1362]
Event: 51.267 Thread 0x00000187695e0800 Exception <a 'sun/nio/fs/WindowsException'{0x000000008a7f7350}> (0x000000008a7f7350) thrown at [./src/hotspot/share/prims/jni.cpp, line 615]
Event: 51.639 Thread 0x00000187695e0800 Exception <a 'sun/nio/fs/WindowsException'{0x0000000089da4620}> (0x0000000089da4620) thrown at [./src/hotspot/share/prims/jni.cpp, line 615]
Event: 53.440 Thread 0x00000187613dc000 Exception <a 'java/lang/NoSuchMethodError'{0x000000008a11db90}: <clinit>> (0x000000008a11db90) thrown at [./src/hotspot/share/prims/jni.cpp, line 1362]

Events (20 events):
Event: 53.617 loading class com/android/apksig/util/DataSource
Event: 53.617 loading class com/android/apksig/util/DataSource done
Event: 53.617 loading class com/android/apksig/apk/ApkFormatException
Event: 53.617 loading class com/android/apksig/apk/ApkFormatException done
Event: 53.618 loading class com/android/zipflinger/Zip64$Policy
Event: 53.618 loading class com/android/zipflinger/Zip64$Policy done
Event: 53.619 loading class com/android/zipflinger/ZipArchive
Event: 53.619 loading class com/android/zipflinger/ZipArchive done
Event: 53.622 loading class com/android/zipflinger/ZipMap
Event: 53.622 loading class com/android/zipflinger/ZipMap done
Event: 53.625 loading class com/android/zipflinger/EndOfCentralDirectory
Event: 53.625 loading class com/android/zipflinger/EndOfCentralDirectory done
Event: 53.627 loading class com/android/zipflinger/Location
Event: 53.627 loading class com/android/zipflinger/Location done
Event: 53.630 loading class com/android/zipflinger/Ints
Event: 53.630 loading class com/android/zipflinger/Ints done
Event: 53.632 loading class com/android/zipflinger/Zip64Locator
Event: 53.632 loading class com/android/zipflinger/Zip64Locator done
Event: 53.634 loading class com/android/zipflinger/Entry
Event: 53.634 loading class com/android/zipflinger/Entry done


Dynamic libraries:
0x00007ff6ce890000 - 0x00007ff6ce89a000 	C:\Program Files\Android\Android Studio\jre\bin\java.exe
0x00007ffff0b20000 - 0x00007ffff0d27000 	C:\WINDOWS\SYSTEM32\ntdll.dll
0x00007fffef6d0000 - 0x00007fffef78d000 	C:\WINDOWS\System32\KERNEL32.DLL
0x00007fffee1b0000 - 0x00007fffee524000 	C:\WINDOWS\System32\KERNELBASE.dll
0x00007fffee530000 - 0x00007fffee641000 	C:\WINDOWS\System32\ucrtbase.dll
0x00007fffd6490000 - 0x00007fffd64a9000 	C:\Program Files\Android\Android Studio\jre\bin\jli.dll
0x00007fffd95f0000 - 0x00007fffd9607000 	C:\Program Files\Android\Android Studio\jre\bin\VCRUNTIME140.dll
0x00007fffeef40000 - 0x00007fffef0ec000 	C:\WINDOWS\System32\USER32.dll
0x00007fffd9fb0000 - 0x00007fffda255000 	C:\WINDOWS\WinSxS\amd64_microsoft.windows.common-controls_6595b64144ccf1df_6.0.22000.120_none_9d947278b86cc467\COMCTL32.dll
0x00007fffee650000 - 0x00007fffee676000 	C:\WINDOWS\System32\win32u.dll
0x00007fffeea70000 - 0x00007fffeeb13000 	C:\WINDOWS\System32\msvcrt.dll
0x00007fffeed00000 - 0x00007fffeed29000 	C:\WINDOWS\System32\GDI32.dll
0x00007fffee7f0000 - 0x00007fffee902000 	C:\WINDOWS\System32\gdi32full.dll
0x00007fffee910000 - 0x00007fffee9ad000 	C:\WINDOWS\System32\msvcp_win.dll
0x00007fffeff60000 - 0x00007fffeff91000 	C:\WINDOWS\System32\IMM32.DLL
0x00007fffd3f90000 - 0x00007fffd402d000 	C:\Program Files\Android\Android Studio\jre\bin\msvcp140.dll
0x00007fffaa510000 - 0x00007fffaafdf000 	C:\Program Files\Android\Android Studio\jre\bin\server\jvm.dll
0x00007fffee9b0000 - 0x00007fffeea5c000 	C:\WINDOWS\System32\ADVAPI32.dll
0x00007fffef190000 - 0x00007fffef22d000 	C:\WINDOWS\System32\sechost.dll
0x00007fffefe30000 - 0x00007fffeff51000 	C:\WINDOWS\System32\RPCRT4.dll
0x00007fffeef30000 - 0x00007fffeef38000 	C:\WINDOWS\System32\PSAPI.DLL
0x00007fffe1730000 - 0x00007fffe1739000 	C:\WINDOWS\SYSTEM32\WSOCK32.dll
0x00007fffe9b20000 - 0x00007fffe9b53000 	C:\WINDOWS\SYSTEM32\WINMM.dll
0x00007fffe66b0000 - 0x00007fffe66ba000 	C:\WINDOWS\SYSTEM32\VERSION.dll
0x00007fffef950000 - 0x00007fffef9bf000 	C:\WINDOWS\System32\WS2_32.dll
0x00007fffed130000 - 0x00007fffed148000 	C:\WINDOWS\SYSTEM32\kernel.appcore.dll
0x00007fffe2510000 - 0x00007fffe2521000 	C:\Program Files\Android\Android Studio\jre\bin\verify.dll
0x00007fffe7800000 - 0x00007fffe7a21000 	C:\WINDOWS\SYSTEM32\DBGHELP.DLL
0x00007fffde060000 - 0x00007fffde091000 	C:\WINDOWS\SYSTEM32\dbgcore.DLL
0x00007fffee130000 - 0x00007fffee1b0000 	C:\WINDOWS\System32\bcryptPrimitives.dll
0x00007fffe24e0000 - 0x00007fffe2509000 	C:\Program Files\Android\Android Studio\jre\bin\java.dll
0x00007fffeaa50000 - 0x00007fffeaa5b000 	C:\Program Files\Android\Android Studio\jre\bin\jimage.dll
0x00007fffe1210000 - 0x00007fffe1228000 	C:\Program Files\Android\Android Studio\jre\bin\zip.dll
0x00007fffeffb0000 - 0x00007ffff0759000 	C:\WINDOWS\System32\SHELL32.dll
0x00007fffec1b0000 - 0x00007fffeca12000 	C:\WINDOWS\SYSTEM32\windows.storage.dll
0x00007ffff0760000 - 0x00007ffff0ad8000 	C:\WINDOWS\System32\combase.dll
0x00007fffec040000 - 0x00007fffec1a6000 	C:\WINDOWS\SYSTEM32\wintypes.dll
0x00007fffef4f0000 - 0x00007fffef5da000 	C:\WINDOWS\System32\SHCORE.dll
0x00007fffef480000 - 0x00007fffef4dd000 	C:\WINDOWS\System32\shlwapi.dll
0x00007fffedf30000 - 0x00007fffedf51000 	C:\WINDOWS\SYSTEM32\profapi.dll
0x00007fffe10b0000 - 0x00007fffe10ca000 	C:\Program Files\Android\Android Studio\jre\bin\net.dll
0x00007fffe75b0000 - 0x00007fffe76bc000 	C:\WINDOWS\SYSTEM32\WINHTTP.dll
0x00007fffed540000 - 0x00007fffed5a7000 	C:\WINDOWS\system32\mswsock.dll
0x00007fffe0420000 - 0x00007fffe0434000 	C:\Program Files\Android\Android Studio\jre\bin\nio.dll
0x00007fffd9610000 - 0x00007fffd9637000 	C:\Users\acer\.gradle\native\fdc75f09e3144964f2cf3f50f0aa648679c211496f362492102eb8c894070792\windows-amd64\native-platform.dll
0x00007fffd18b0000 - 0x00007fffd1a46000 	C:\Users\acer\.gradle\native\12488b8bf47d2d4c9fbf2f6322a914ad602e24e48041cd04a747c6da556b65c4\windows-amd64\native-platform-file-events.dll
0x00007fffe9b60000 - 0x00007fffe9b6a000 	C:\Program Files\Android\Android Studio\jre\bin\management.dll
0x00007fffe99c0000 - 0x00007fffe99cc000 	C:\Program Files\Android\Android Studio\jre\bin\management_ext.dll
0x00007fffed790000 - 0x00007fffed7a8000 	C:\WINDOWS\SYSTEM32\CRYPTSP.dll
0x00007fffed090000 - 0x00007fffed0c5000 	C:\WINDOWS\system32\rsaenh.dll
0x00007fffed630000 - 0x00007fffed659000 	C:\WINDOWS\SYSTEM32\USERENV.dll
0x00007fffed900000 - 0x00007fffed927000 	C:\WINDOWS\SYSTEM32\bcrypt.dll
0x00007fffed780000 - 0x00007fffed78c000 	C:\WINDOWS\SYSTEM32\CRYPTBASE.dll
0x00007fffecc70000 - 0x00007fffecc9d000 	C:\WINDOWS\SYSTEM32\IPHLPAPI.DLL
0x00007fffef4e0000 - 0x00007fffef4e9000 	C:\WINDOWS\System32\NSI.dll
0x00007fffe7a40000 - 0x00007fffe7a59000 	C:\WINDOWS\SYSTEM32\dhcpcsvc6.DLL
0x00007fffe85a0000 - 0x00007fffe85be000 	C:\WINDOWS\SYSTEM32\dhcpcsvc.DLL
0x00007fffecca0000 - 0x00007fffecd87000 	C:\WINDOWS\SYSTEM32\DNSAPI.dll
0x00007fffe7a30000 - 0x00007fffe7a3c000 	C:\WINDOWS\SYSTEM32\WINNSI.DLL
0x00007fffe00c0000 - 0x00007fffe00e7000 	C:\Program Files\Android\Android Studio\jre\bin\sunec.dll
0x00007fffe1510000 - 0x00007fffe151a000 	C:\Windows\System32\rasadhlp.dll
0x00007fffe65e0000 - 0x00007fffe6661000 	C:\WINDOWS\System32\fwpuclnt.dll

dbghelp: loaded successfully - version: 4.0.5 - missing functions: none
symbol engine: initialized successfully - sym options: 0x614 - pdb path: .;C:\Program Files\Android\Android Studio\jre\bin;C:\WINDOWS\SYSTEM32;C:\WINDOWS\WinSxS\amd64_microsoft.windows.common-controls_6595b64144ccf1df_6.0.22000.120_none_9d947278b86cc467;C:\Program Files\Android\Android Studio\jre\bin\server;C:\Users\acer\.gradle\native\fdc75f09e3144964f2cf3f50f0aa648679c211496f362492102eb8c894070792\windows-amd64;C:\Users\acer\.gradle\native\12488b8bf47d2d4c9fbf2f6322a914ad602e24e48041cd04a747c6da556b65c4\windows-amd64

VM Arguments:
jvm_args: --add-opens=java.base/java.util=ALL-UNNAMED --add-opens=java.base/java.lang=ALL-UNNAMED --add-opens=java.base/java.lang.invoke=ALL-UNNAMED --add-opens=java.prefs/java.util.prefs=ALL-UNNAMED -Xmx2048m -Dfile.encoding=UTF-8 -Duser.country=US -Duser.language=en -Duser.variant 
java_command: org.gradle.launcher.daemon.bootstrap.GradleDaemon 6.7.1
java_class_path (initial): C:\Users\acer\.gradle\wrapper\dists\gradle-6.7.1-bin\bwlcbys1h7rz3272sye1xwiv6\gradle-6.7.1\lib\gradle-launcher-6.7.1.jar
Launcher Type: SUN_STANDARD

[Global flags]
     intx CICompilerCount                          = 4                                         {product} {ergonomic}
     uint ConcGCThreads                            = 2                                         {product} {ergonomic}
     uint G1ConcRefinementThreads                  = 8                                         {product} {ergonomic}
   size_t G1HeapRegionSize                         = 1048576                                   {product} {ergonomic}
    uintx GCDrainStackTargetSize                   = 64                                        {product} {ergonomic}
   size_t InitialHeapSize                          = 100663296                                 {product} {ergonomic}
   size_t MarkStackSize                            = 4194304                                   {product} {ergonomic}
   size_t MaxHeapSize                              = 2147483648                                {product} {command line}
   size_t MaxNewSize                               = 1287651328                                {product} {ergonomic}
   size_t MinHeapDeltaBytes                        = 1048576                                   {product} {ergonomic}
    uintx NonNMethodCodeHeapSize                   = 5836300                                {pd product} {ergonomic}
    uintx NonProfiledCodeHeapSize                  = 122910970                              {pd product} {ergonomic}
    uintx ProfiledCodeHeapSize                     = 122910970                              {pd product} {ergonomic}
    uintx ReservedCodeCacheSize                    = 251658240                              {pd product} {ergonomic}
     bool SegmentedCodeCache                       = true                                      {product} {ergonomic}
     bool UseCompressedClassPointers               = true                                 {lp64_product} {ergonomic}
     bool UseCompressedOops                        = true                                 {lp64_product} {ergonomic}
     bool UseG1GC                                  = true                                      {product} {ergonomic}
     bool UseLargePagesIndividualAllocation        = false                                  {pd product} {ergonomic}

Logging:
Log output configuration:
 #0: stdout all=warning uptime,level,tags
 #1: stderr all=off uptime,level,tags

Environment Variables:
PATH=C:\Program Files (x86)\Common Files\Oracle\Java\javapath;C:\WINDOWS\system32;C:\WINDOWS;C:\WINDOWS\System32\Wbem;C:\WINDOWS\System32\WindowsPowerShell\v1.0\;C:\WINDOWS\System32\OpenSSH\;D:\Nodejs\;C:\Program Files\Git\cmd;D:\Xampp\php;C:\ProgramData\ComposerSetup\bin;C:\Users\acer\AppData\Local\Microsoft\WindowsApps;C:\Users\acer\AppData\Local\Programs\Microsoft VS Code\bin;C:\Users\acer\AppData\Roaming\npm;C:\Users\acer\AppData\Roaming\Composer\vendor\bin;C:\Users\acer\AppData\Local\GitHubDesktop\bin;C:\Users\acer\AppData\Local\gitkraken\bin;C:\Users\acer\AppData\Local\Microsoft\WindowsApps;C:\ProgramData\acer\gitkraken\bin
USERNAME=acer
OS=Windows_NT
PROCESSOR_IDENTIFIER=AMD64 Family 23 Model 24 Stepping 1, AuthenticAMD



---------------  S Y S T E M  ---------------

OS: Windows 10 , 64 bit Build 22000 (10.0.22000.120)
OS uptime: 2 days 5:52 hours

CPU:total 8 (initial active 8) (8 cores per cpu, 2 threads per core) family 23 model 24 stepping 1 microcode 0x0, cmov, cx8, fxsr, mmx, sse, sse2, sse3, ssse3, sse4.1, sse4.2, popcnt, avx, avx2, aes, clmul, mmxext, 3dnowpref, lzcnt, sse4a, ht, tsc, tscinvbit, tscinv, bmi1, bmi2, adx, s

Memory: 4k page, system-wide physical 6082M (268M free)
TotalPageFile size 14082M (AvailPageFile size 0M)
current process WorkingSet (physical memory assigned to process): 451M, peak: 451M
current process commit charge ("private bytes"): 492M, peak: 493M

vm_info: OpenJDK 64-Bit Server VM (11.0.10+0-b96-7249189) for windows-amd64 JRE (11.0.10+0-b96-7249189), built on Mar 31 2021 21:44:00 by "builder" with MS VC++ 14.0 (VS2015)

END.
