#
# There is insufficient memory for the Java Runtime Environment to continue.
# Native memory allocation (mmap) failed to map 29360128 bytes for Failed to commit area from 0x0000000088c00000 to 0x000000008a800000 of length 29360128.
# Possible reasons:
#   The system is out of physical RAM or swap space
#   The process is running with CompressedOops enabled, and the Java Heap may be blocking the growth of the native heap
# Possible solutions:
#   Reduce memory load on the system
#   Increase physical memory or swap space
#   Check if swap backing store is full
#   Decrease Java heap size (-Xmx/-Xms)
#   Decrease number of Java threads
#   Decrease Java thread stack sizes (-Xss)
#   Set larger code cache with -XX:ReservedCodeCacheSize=
#   JVM is running with Unscaled Compressed Oops mode in which the Java heap is
#     placed in the first 4GB address space. The Java Heap base address is the
#     maximum limit for the native heap growth. Please use -XX:HeapBaseMinAddress
#     to set the Java Heap base and to place the Java Heap above 4GB virtual address.
# This output file may be truncated or incomplete.
#
#  Out of Memory Error (./src/hotspot/os/windows/os_windows.cpp:3301), pid=6492, tid=7956
#
# JRE version: OpenJDK Runtime Environment (11.0.10) (build 11.0.10+0-b96-7249189)
# Java VM: OpenJDK 64-Bit Server VM (11.0.10+0-b96-7249189, mixed mode, tiered, compressed oops, g1 gc, windows-amd64)
# No core dump will be written. Minidumps are not enabled by default on client versions of Windows
#

---------------  S U M M A R Y ------------

Command Line: --add-opens=java.base/java.util=ALL-UNNAMED --add-opens=java.base/java.lang=ALL-UNNAMED --add-opens=java.base/java.lang.invoke=ALL-UNNAMED --add-opens=java.prefs/java.util.prefs=ALL-UNNAMED -Xmx2048m -Dfile.encoding=UTF-8 -Duser.country=US -Duser.language=en -Duser.variant org.gradle.launcher.daemon.bootstrap.GradleDaemon 6.7.1

Host: AMD Ryzen 5 3550H with Radeon Vega Mobile Gfx  , 8 cores, 5G,  Windows 10 , 64 bit Build 22000 (10.0.22000.120)
Time: Mon Oct 25 14:21:53 2021 SE Asia Standard Time elapsed time: 11.681732 seconds (0d 0h 0m 11s)

---------------  T H R E A D  ---------------

Current thread (0x000001acfda89000):  VMThread "VM Thread" [stack: 0x000000a2f1600000,0x000000a2f1700000] [id=7956]

Stack: [0x000000a2f1600000,0x000000a2f1700000]
[error occurred during error reporting (printing stack bounds), id 0xc0000005, EXCEPTION_ACCESS_VIOLATION (0xc0000005) at pc=0x000001ac80000f2d]

Native frames: (J=compiled Java code, j=interpreted, Vv=VM code, C=native code)
V  [jvm.dll+0x5ecfaa]
V  [jvm.dll+0x722bd5]
V  [jvm.dll+0x72412d]
V  [jvm.dll+0x724745]
V  [jvm.dll+0x7246fb]
V  [jvm.dll+0x5ec348]
V  [jvm.dll+0x5ecad8]
C  [ntdll.dll+0xa826f]
C  [ntdll.dll+0x359ca]
C  [ntdll.dll+0xa727e]
C  0x000001ac80000f2d

VM_Operation (0x000000a2f47fd6c0): G1CollectForAllocation, mode: safepoint, requested by thread 0x000001ac90f81800


---------------  P R O C E S S  ---------------

Threads class SMR info:
_java_thread_list=0x000001ac905967c0, length=148, elements={
0x000001acf263d000, 0x000001acfda8a800, 0x000001acfda95000, 0x000001acfe482800,
0x000001acfdaa5000, 0x000001acfdaa6000, 0x000001acfdaa9000, 0x000001acfdab4000,
0x000001acfdac1000, 0x000001acfe5b8000, 0x000001ac8f37f000, 0x000001ac8f793000,
0x000001acfeec8800, 0x000001ac8f71c000, 0x000001ac8f866800, 0x000001ac8fcd6000,
0x000001ac8fcc5800, 0x000001ac8fccf800, 0x000001ac90013800, 0x000001ac8f892800,
0x000001ac8f893800, 0x000001ac8f894800, 0x000001ac8f892000, 0x000001ac90f73800,
0x000001ac90f7a000, 0x000001ac90f77800, 0x000001ac90f79000, 0x000001ac90f78800,
0x000001ac90f74800, 0x000001ac90f7b000, 0x000001ac90f76000, 0x000001ac90f7c800,
0x000001ac90f77000, 0x000001ac90f7d800, 0x000001ac90f7f800, 0x000001ac90f81800,
0x000001ac90f80800, 0x000001ac90f82000, 0x000001ac90f7e000, 0x000001ac90f7f000,
0x000001ac8f11d800, 0x000001ac8f122000, 0x000001ac8f11d000, 0x000001ac8f11c000,
0x000001ac8f124000, 0x000001ac8f11f800, 0x000001ac8f122800, 0x000001ac8f123800,
0x000001ac8f11e800, 0x000001ac8f125000, 0x000001ac8f121000, 0x000001ac8f120000,
0x000001ac8f12b000, 0x000001ac8f126000, 0x000001ac8f126800, 0x000001ac8f127800,
0x000001ac8f129000, 0x000001ac8f128800, 0x000001ac8f12a000, 0x000001ac907eb800,
0x000001ac907e8000, 0x000001ac907ec000, 0x000001ac907ed000, 0x000001ac907ea800,
0x000001ac907ee000, 0x000001ac907ee800, 0x000001ac907e9000, 0x000001ac907ef800,
0x000001ac907e9800, 0x000001ac907f5000, 0x000001ac907f0000, 0x000001ac907f6800,
0x000001ac907f1000, 0x000001ac907f2000, 0x000001ac907f2800, 0x000001ac907f4800,
0x000001ac907f3800, 0x000001ac907f6000, 0x000001ac90508000, 0x000001ac9050c000,
0x000001ac90508800, 0x000001ac90509800, 0x000001ac9050d000, 0x000001ac90507000,
0x000001ac9050f000, 0x000001ac90510000, 0x000001ac9050e800, 0x000001ac9050a800,
0x000001ac9050d800, 0x000001ac90511000, 0x000001ac9050b000, 0x000001ac90515000,
0x000001ac90516000, 0x000001ac90511800, 0x000001ac90512800, 0x000001ac90513800,
0x000001ac90514000, 0x000001ac91821000, 0x000001ac91822800, 0x000001ac91821800,
0x000001ac91820000, 0x000001ac91823800, 0x000001ac91825000, 0x000001ac91824000,
0x000001ac9181f800, 0x000001ac9182a000, 0x000001ac9182a800, 0x000001ac9182b800,
0x000001ac91826000, 0x000001ac9182c800, 0x000001ac91828800, 0x000001ac91826800,
0x000001ac9182d000, 0x000001ac91827800, 0x000001ac9182e000, 0x000001ac91829000,
0x000001ac906f4800, 0x000001ac906f6000, 0x000001ac906f5000, 0x000001ac906f1000,
0x000001ac906f7000, 0x000001ac906f2000, 0x000001ac906f7800, 0x000001ac906f8800,
0x000001ac906f3800, 0x000001ac906f3000, 0x000001ac906fd800, 0x000001ac906f9800,
0x000001ac90700000, 0x000001ac906fa000, 0x000001ac906fb000, 0x000001ac906fe000,
0x000001ac906fc800, 0x000001ac906ff000, 0x000001ac906fb800, 0x000001acfeb8b800,
0x000001acfeb8d000, 0x000001acfeb8c800, 0x000001acfeb8f000, 0x000001acfeb89000,
0x000001acfeb8f800, 0x000001acfeb8a000, 0x000001acfeb90800, 0x000001acfeb8b000,
0x000001acfeb94800, 0x000001acfeb93000, 0x000001acfeb95800, 0x000001acfeb92000
}

Java Threads: ( => current thread )
  0x000001acf263d000 JavaThread "main" [_thread_blocked, id=3376, stack(0x000000a2f1000000,0x000000a2f1100000)]
  0x000001acfda8a800 JavaThread "Reference Handler" daemon [_thread_blocked, id=476, stack(0x000000a2f1700000,0x000000a2f1800000)]
  0x000001acfda95000 JavaThread "Finalizer" daemon [_thread_blocked, id=6984, stack(0x000000a2f1800000,0x000000a2f1900000)]
  0x000001acfe482800 JavaThread "Signal Dispatcher" daemon [_thread_blocked, id=13832, stack(0x000000a2f1900000,0x000000a2f1a00000)]
  0x000001acfdaa5000 JavaThread "Attach Listener" daemon [_thread_blocked, id=13368, stack(0x000000a2f1a00000,0x000000a2f1b00000)]
  0x000001acfdaa6000 JavaThread "Service Thread" daemon [_thread_blocked, id=8852, stack(0x000000a2f1b00000,0x000000a2f1c00000)]
  0x000001acfdaa9000 JavaThread "C2 CompilerThread0" daemon [_thread_blocked, id=2340, stack(0x000000a2f1c00000,0x000000a2f1d00000)]
  0x000001acfdab4000 JavaThread "C1 CompilerThread0" daemon [_thread_blocked, id=10804, stack(0x000000a2f1d00000,0x000000a2f1e00000)]
  0x000001acfdac1000 JavaThread "Sweeper thread" daemon [_thread_blocked, id=13896, stack(0x000000a2f1e00000,0x000000a2f1f00000)]
  0x000001acfe5b8000 JavaThread "Common-Cleaner" daemon [_thread_blocked, id=5452, stack(0x000000a2f1f00000,0x000000a2f2000000)]
  0x000001ac8f37f000 JavaThread "Daemon health stats" [_thread_blocked, id=292, stack(0x000000a2f2200000,0x000000a2f2300000)]
  0x000001ac8f793000 JavaThread "Incoming local TCP Connector on port 51943" [_thread_in_native, id=10016, stack(0x000000a2f2500000,0x000000a2f2600000)]
  0x000001acfeec8800 JavaThread "Daemon periodic checks" [_thread_blocked, id=9788, stack(0x000000a2f2600000,0x000000a2f2700000)]
  0x000001ac8f71c000 JavaThread "Daemon" [_thread_blocked, id=9644, stack(0x000000a2f2700000,0x000000a2f2800000)]
  0x000001ac8f866800 JavaThread "Handler for socket connection from /127.0.0.1:51943 to /127.0.0.1:51944" [_thread_in_native, id=3852, stack(0x000000a2f2800000,0x000000a2f2900000)]
  0x000001ac8fcd6000 JavaThread "Cancel handler" [_thread_blocked, id=7720, stack(0x000000a2f3200000,0x000000a2f3300000)]
  0x000001ac8fcc5800 JavaThread "Daemon worker" [_thread_blocked, id=12176, stack(0x000000a2f3300000,0x000000a2f3400000)]
  0x000001ac8fccf800 JavaThread "Asynchronous log dispatcher for DefaultDaemonConnection: socket connection from /127.0.0.1:51943 to /127.0.0.1:51944" [_thread_blocked, id=11804, stack(0x000000a2f3400000,0x000000a2f3500000)]
  0x000001ac90013800 JavaThread "Stdin handler" [_thread_blocked, id=11076, stack(0x000000a2f3500000,0x000000a2f3600000)]
  0x000001ac8f892800 JavaThread "Thread-8" [_thread_blocked, id=1640, stack(0x000000a2f3600000,0x000000a2f3700000)]
  0x000001ac8f893800 JavaThread "Cache worker for file hash cache (C:\Users\acer\.gradle\caches\6.7.1\fileHashes)" [_thread_blocked, id=5336, stack(0x000000a2f3700000,0x000000a2f3800000)]
  0x000001ac8f894800 JavaThread "File lock request listener" [_thread_in_native, id=14596, stack(0x000000a2f3800000,0x000000a2f3900000)]
  0x000001ac8f892000 JavaThread "Cache worker for journal cache (C:\Users\acer\.gradle\caches\journal-1)" [_thread_blocked, id=1172, stack(0x000000a2f3a00000,0x000000a2f3b00000)]
  0x000001ac90f73800 JavaThread "Cache worker for file hash cache (D:\Du an truong\DuanPhonestore\.gradle\6.7.1\fileHashes)" [_thread_blocked, id=12676, stack(0x000000a2f3b00000,0x000000a2f3c00000)]
  0x000001ac90f7a000 JavaThread "Cache worker for checksums cache (D:\Du an truong\DuanPhonestore\.gradle\checksums)" [_thread_blocked, id=9908, stack(0x000000a2f3c00000,0x000000a2f3d00000)]
  0x000001ac90f77800 JavaThread "Cache worker for cache directory md-supplier (C:\Users\acer\.gradle\caches\6.7.1\md-supplier)" [_thread_blocked, id=10444, stack(0x000000a2f3d00000,0x000000a2f3e00000)]
  0x000001ac90f79000 JavaThread "Cache worker for cache directory md-rule (C:\Users\acer\.gradle\caches\6.7.1\md-rule)" [_thread_blocked, id=7084, stack(0x000000a2f3e00000,0x000000a2f3f00000)]
  0x000001ac90f78800 JavaThread "Cache worker for execution history cache (C:\Users\acer\.gradle\caches\6.7.1\executionHistory)" [_thread_blocked, id=9032, stack(0x000000a2f3f00000,0x000000a2f4000000)]
  0x000001ac90f74800 JavaThread "jar transforms" [_thread_blocked, id=11468, stack(0x000000a2f4000000,0x000000a2f4100000)]
  0x000001ac90f7b000 JavaThread "Cache worker for file content cache (C:\Users\acer\.gradle\caches\6.7.1\fileContent)" [_thread_blocked, id=13188, stack(0x000000a2f4100000,0x000000a2f4200000)]
  0x000001ac90f76000 JavaThread "Cache worker for Build Output Cleanup Cache (D:\Du an truong\DuanPhonestore\.gradle\buildOutputCleanup)" [_thread_blocked, id=14900, stack(0x000000a2f4200000,0x000000a2f4300000)]
  0x000001ac90f7c800 JavaThread "Build operations" [_thread_blocked, id=8244, stack(0x000000a2f4300000,0x000000a2f4400000)]
  0x000001ac90f77000 JavaThread "Build operations Thread 2" [_thread_blocked, id=11856, stack(0x000000a2f4400000,0x000000a2f4500000)]
  0x000001ac90f7d800 JavaThread "Build operations Thread 3" [_thread_blocked, id=7608, stack(0x000000a2f4500000,0x000000a2f4600000)]
  0x000001ac90f7f800 JavaThread "Build operations Thread 4" [_thread_blocked, id=4524, stack(0x000000a2f4600000,0x000000a2f4700000)]
  0x000001ac90f81800 JavaThread "Build operations Thread 5" [_thread_blocked, id=12000, stack(0x000000a2f4700000,0x000000a2f4800000)]
  0x000001ac90f80800 JavaThread "Build operations Thread 6" [_thread_blocked, id=9652, stack(0x000000a2f4800000,0x000000a2f4900000)]
  0x000001ac90f82000 JavaThread "Build operations Thread 7" [_thread_blocked, id=13372, stack(0x000000a2f4900000,0x000000a2f4a00000)]
  0x000001ac90f7e000 JavaThread "Build operations Thread 8" [_thread_blocked, id=14496, stack(0x000000a2f4a00000,0x000000a2f4b00000)]
  0x000001ac90f7f000 JavaThread "jar transforms Thread 2" [_thread_blocked, id=6108, stack(0x000000a2f4b00000,0x000000a2f4c00000)]
  0x000001ac8f11d800 JavaThread "jar transforms Thread 3" [_thread_blocked, id=14368, stack(0x000000a2f4c00000,0x000000a2f4d00000)]
  0x000001ac8f122000 JavaThread "jar transforms Thread 4" [_thread_blocked, id=8876, stack(0x000000a2f4d00000,0x000000a2f4e00000)]
  0x000001ac8f11d000 JavaThread "jar transforms Thread 5" [_thread_blocked, id=8240, stack(0x000000a2f4e00000,0x000000a2f4f00000)]
  0x000001ac8f11c000 JavaThread "jar transforms Thread 6" [_thread_blocked, id=10260, stack(0x000000a2f4f00000,0x000000a2f5000000)]
  0x000001ac8f124000 JavaThread "jar transforms Thread 7" [_thread_blocked, id=6788, stack(0x000000a2f5000000,0x000000a2f5100000)]
  0x000001ac8f11f800 JavaThread "jar transforms Thread 8" [_thread_blocked, id=8608, stack(0x000000a2f5100000,0x000000a2f5200000)]
  0x000001ac8f122800 JavaThread "jar transforms Thread 9" [_thread_blocked, id=12864, stack(0x000000a2f5200000,0x000000a2f5300000)]
  0x000001ac8f123800 JavaThread "jar transforms Thread 10" [_thread_blocked, id=6232, stack(0x000000a2f5300000,0x000000a2f5400000)]
  0x000001ac8f11e800 JavaThread "jar transforms Thread 11" [_thread_blocked, id=7248, stack(0x000000a2f5400000,0x000000a2f5500000)]
  0x000001ac8f125000 JavaThread "jar transforms Thread 12" [_thread_blocked, id=10356, stack(0x000000a2f5500000,0x000000a2f5600000)]
  0x000001ac8f121000 JavaThread "jar transforms Thread 13" [_thread_blocked, id=4104, stack(0x000000a2f5600000,0x000000a2f5700000)]
  0x000001ac8f120000 JavaThread "jar transforms Thread 14" [_thread_blocked, id=10612, stack(0x000000a2f5700000,0x000000a2f5800000)]
  0x000001ac8f12b000 JavaThread "jar transforms Thread 15" [_thread_blocked, id=11972, stack(0x000000a2f5800000,0x000000a2f5900000)]
  0x000001ac8f126000 JavaThread "jar transforms Thread 16" [_thread_blocked, id=14488, stack(0x000000a2f5900000,0x000000a2f5a00000)]
  0x000001ac8f126800 JavaThread "jar transforms Thread 17" [_thread_blocked, id=13352, stack(0x000000a2f5a00000,0x000000a2f5b00000)]
  0x000001ac8f127800 JavaThread "jar transforms Thread 18" [_thread_blocked, id=2044, stack(0x000000a2f5b00000,0x000000a2f5c00000)]
  0x000001ac8f129000 JavaThread "jar transforms Thread 19" [_thread_blocked, id=1512, stack(0x000000a2f5c00000,0x000000a2f5d00000)]
  0x000001ac8f128800 JavaThread "jar transforms Thread 20" [_thread_blocked, id=14864, stack(0x000000a2f5d00000,0x000000a2f5e00000)]
  0x000001ac8f12a000 JavaThread "jar transforms Thread 21" [_thread_blocked, id=6528, stack(0x000000a2f5e00000,0x000000a2f5f00000)]
  0x000001ac907eb800 JavaThread "jar transforms Thread 22" [_thread_blocked, id=10616, stack(0x000000a2f5f00000,0x000000a2f6000000)]
  0x000001ac907e8000 JavaThread "jar transforms Thread 23" [_thread_blocked, id=1488, stack(0x000000a2f6000000,0x000000a2f6100000)]
  0x000001ac907ec000 JavaThread "jar transforms Thread 24" [_thread_blocked, id=8420, stack(0x000000a2f6100000,0x000000a2f6200000)]
  0x000001ac907ed000 JavaThread "jar transforms Thread 25" [_thread_blocked, id=1620, stack(0x000000a2f6200000,0x000000a2f6300000)]
  0x000001ac907ea800 JavaThread "jar transforms Thread 26" [_thread_blocked, id=2176, stack(0x000000a2f6300000,0x000000a2f6400000)]
  0x000001ac907ee000 JavaThread "jar transforms Thread 27" [_thread_blocked, id=13420, stack(0x000000a2f6400000,0x000000a2f6500000)]
  0x000001ac907ee800 JavaThread "jar transforms Thread 28" [_thread_blocked, id=8012, stack(0x000000a2f6500000,0x000000a2f6600000)]
  0x000001ac907e9000 JavaThread "jar transforms Thread 29" [_thread_blocked, id=14936, stack(0x000000a2f6600000,0x000000a2f6700000)]
  0x000001ac907ef800 JavaThread "jar transforms Thread 30" [_thread_blocked, id=7296, stack(0x000000a2f6700000,0x000000a2f6800000)]
  0x000001ac907e9800 JavaThread "jar transforms Thread 31" [_thread_blocked, id=8816, stack(0x000000a2f6800000,0x000000a2f6900000)]
  0x000001ac907f5000 JavaThread "jar transforms Thread 32" [_thread_blocked, id=4556, stack(0x000000a2f6900000,0x000000a2f6a00000)]
  0x000001ac907f0000 JavaThread "jar transforms Thread 33" [_thread_blocked, id=3248, stack(0x000000a2f6a00000,0x000000a2f6b00000)]
  0x000001ac907f6800 JavaThread "jar transforms Thread 34" [_thread_blocked, id=1964, stack(0x000000a2f6b00000,0x000000a2f6c00000)]
  0x000001ac907f1000 JavaThread "jar transforms Thread 35" [_thread_blocked, id=14916, stack(0x000000a2f6c00000,0x000000a2f6d00000)]
  0x000001ac907f2000 JavaThread "jar transforms Thread 36" [_thread_blocked, id=9060, stack(0x000000a2f6d00000,0x000000a2f6e00000)]
  0x000001ac907f2800 JavaThread "jar transforms Thread 37" [_thread_blocked, id=2860, stack(0x000000a2f6e00000,0x000000a2f6f00000)]
  0x000001ac907f4800 JavaThread "jar transforms Thread 38" [_thread_blocked, id=10596, stack(0x000000a2f6f00000,0x000000a2f7000000)]
  0x000001ac907f3800 JavaThread "jar transforms Thread 39" [_thread_blocked, id=12204, stack(0x000000a2f7000000,0x000000a2f7100000)]
  0x000001ac907f6000 JavaThread "jar transforms Thread 40" [_thread_blocked, id=9728, stack(0x000000a2f7100000,0x000000a2f7200000)]
  0x000001ac90508000 JavaThread "jar transforms Thread 41" [_thread_blocked, id=6988, stack(0x000000a2f7200000,0x000000a2f7300000)]
  0x000001ac9050c000 JavaThread "jar transforms Thread 42" [_thread_blocked, id=13116, stack(0x000000a2f7300000,0x000000a2f7400000)]
  0x000001ac90508800 JavaThread "jar transforms Thread 43" [_thread_blocked, id=10156, stack(0x000000a2f7400000,0x000000a2f7500000)]
  0x000001ac90509800 JavaThread "jar transforms Thread 44" [_thread_blocked, id=1632, stack(0x000000a2f7500000,0x000000a2f7600000)]
  0x000001ac9050d000 JavaThread "jar transforms Thread 45" [_thread_blocked, id=8612, stack(0x000000a2f7600000,0x000000a2f7700000)]
  0x000001ac90507000 JavaThread "jar transforms Thread 46" [_thread_blocked, id=2820, stack(0x000000a2f7700000,0x000000a2f7800000)]
  0x000001ac9050f000 JavaThread "jar transforms Thread 47" [_thread_blocked, id=10460, stack(0x000000a2f7800000,0x000000a2f7900000)]
  0x000001ac90510000 JavaThread "jar transforms Thread 48" [_thread_blocked, id=14328, stack(0x000000a2f7900000,0x000000a2f7a00000)]
  0x000001ac9050e800 JavaThread "jar transforms Thread 49" [_thread_blocked, id=12320, stack(0x000000a2f7a00000,0x000000a2f7b00000)]
  0x000001ac9050a800 JavaThread "jar transforms Thread 50" [_thread_blocked, id=9452, stack(0x000000a2f7b00000,0x000000a2f7c00000)]
  0x000001ac9050d800 JavaThread "jar transforms Thread 51" [_thread_blocked, id=15356, stack(0x000000a2f7c00000,0x000000a2f7d00000)]
  0x000001ac90511000 JavaThread "jar transforms Thread 52" [_thread_blocked, id=5752, stack(0x000000a2f7d00000,0x000000a2f7e00000)]
  0x000001ac9050b000 JavaThread "jar transforms Thread 53" [_thread_blocked, id=13064, stack(0x000000a2f7e00000,0x000000a2f7f00000)]
  0x000001ac90515000 JavaThread "jar transforms Thread 54" [_thread_blocked, id=14360, stack(0x000000a2f7f00000,0x000000a2f8000000)]
  0x000001ac90516000 JavaThread "jar transforms Thread 55" [_thread_blocked, id=13164, stack(0x000000a2f8000000,0x000000a2f8100000)]
  0x000001ac90511800 JavaThread "jar transforms Thread 56" [_thread_blocked, id=8056, stack(0x000000a2f8100000,0x000000a2f8200000)]
  0x000001ac90512800 JavaThread "jar transforms Thread 57" [_thread_blocked, id=10228, stack(0x000000a2f8200000,0x000000a2f8300000)]
  0x000001ac90513800 JavaThread "jar transforms Thread 58" [_thread_blocked, id=5820, stack(0x000000a2f8300000,0x000000a2f8400000)]
  0x000001ac90514000 JavaThread "jar transforms Thread 59" [_thread_blocked, id=9580, stack(0x000000a2f8400000,0x000000a2f8500000)]
  0x000001ac91821000 JavaThread "jar transforms Thread 60" [_thread_blocked, id=464, stack(0x000000a2f8500000,0x000000a2f8600000)]
  0x000001ac91822800 JavaThread "jar transforms Thread 61" [_thread_blocked, id=6348, stack(0x000000a2f8600000,0x000000a2f8700000)]
  0x000001ac91821800 JavaThread "jar transforms Thread 62" [_thread_blocked, id=6128, stack(0x000000a2f8700000,0x000000a2f8800000)]
  0x000001ac91820000 JavaThread "jar transforms Thread 63" [_thread_blocked, id=2616, stack(0x000000a2f8800000,0x000000a2f8900000)]
  0x000001ac91823800 JavaThread "jar transforms Thread 64" [_thread_blocked, id=9844, stack(0x000000a2f8900000,0x000000a2f8a00000)]
  0x000001ac91825000 JavaThread "jar transforms Thread 65" [_thread_blocked, id=13288, stack(0x000000a2f8a00000,0x000000a2f8b00000)]
  0x000001ac91824000 JavaThread "jar transforms Thread 66" [_thread_blocked, id=10244, stack(0x000000a2f8b00000,0x000000a2f8c00000)]
  0x000001ac9181f800 JavaThread "jar transforms Thread 67" [_thread_blocked, id=4668, stack(0x000000a2f8c00000,0x000000a2f8d00000)]
  0x000001ac9182a000 JavaThread "jar transforms Thread 68" [_thread_blocked, id=5604, stack(0x000000a2f8d00000,0x000000a2f8e00000)]
  0x000001ac9182a800 JavaThread "jar transforms Thread 69" [_thread_blocked, id=12972, stack(0x000000a2f8e00000,0x000000a2f8f00000)]
  0x000001ac9182b800 JavaThread "jar transforms Thread 70" [_thread_blocked, id=6148, stack(0x000000a2f8f00000,0x000000a2f9000000)]
  0x000001ac91826000 JavaThread "jar transforms Thread 71" [_thread_blocked, id=572, stack(0x000000a2f9000000,0x000000a2f9100000)]
  0x000001ac9182c800 JavaThread "jar transforms Thread 72" [_thread_blocked, id=4060, stack(0x000000a2f9100000,0x000000a2f9200000)]
  0x000001ac91828800 JavaThread "jar transforms Thread 73" [_thread_blocked, id=4088, stack(0x000000a2f9200000,0x000000a2f9300000)]
  0x000001ac91826800 JavaThread "jar transforms Thread 74" [_thread_blocked, id=12292, stack(0x000000a2f9300000,0x000000a2f9400000)]
  0x000001ac9182d000 JavaThread "jar transforms Thread 75" [_thread_blocked, id=11464, stack(0x000000a2f9400000,0x000000a2f9500000)]
  0x000001ac91827800 JavaThread "jar transforms Thread 76" [_thread_blocked, id=7580, stack(0x000000a2f9500000,0x000000a2f9600000)]
  0x000001ac9182e000 JavaThread "jar transforms Thread 77" [_thread_blocked, id=14844, stack(0x000000a2f9600000,0x000000a2f9700000)]
  0x000001ac91829000 JavaThread "jar transforms Thread 78" [_thread_blocked, id=1396, stack(0x000000a2f9700000,0x000000a2f9800000)]
  0x000001ac906f4800 JavaThread "jar transforms Thread 79" [_thread_blocked, id=1408, stack(0x000000a2f9800000,0x000000a2f9900000)]
  0x000001ac906f6000 JavaThread "jar transforms Thread 80" [_thread_blocked, id=5080, stack(0x000000a2f9900000,0x000000a2f9a00000)]
  0x000001ac906f5000 JavaThread "jar transforms Thread 81" [_thread_blocked, id=14028, stack(0x000000a2f9a00000,0x000000a2f9b00000)]
  0x000001ac906f1000 JavaThread "jar transforms Thread 82" [_thread_blocked, id=7196, stack(0x000000a2f9b00000,0x000000a2f9c00000)]
  0x000001ac906f7000 JavaThread "jar transforms Thread 83" [_thread_blocked, id=7636, stack(0x000000a2f9c00000,0x000000a2f9d00000)]
  0x000001ac906f2000 JavaThread "jar transforms Thread 84" [_thread_blocked, id=3068, stack(0x000000a2f9d00000,0x000000a2f9e00000)]
  0x000001ac906f7800 JavaThread "jar transforms Thread 85" [_thread_blocked, id=7024, stack(0x000000a2f9e00000,0x000000a2f9f00000)]
  0x000001ac906f8800 JavaThread "jar transforms Thread 86" [_thread_blocked, id=14456, stack(0x000000a2f9f00000,0x000000a2fa000000)]
  0x000001ac906f3800 JavaThread "jar transforms Thread 87" [_thread_blocked, id=13100, stack(0x000000a2fa000000,0x000000a2fa100000)]
  0x000001ac906f3000 JavaThread "jar transforms Thread 88" [_thread_blocked, id=14048, stack(0x000000a2fa100000,0x000000a2fa200000)]
  0x000001ac906fd800 JavaThread "jar transforms Thread 89" [_thread_blocked, id=4528, stack(0x000000a2fa200000,0x000000a2fa300000)]
  0x000001ac906f9800 JavaThread "jar transforms Thread 90" [_thread_blocked, id=9968, stack(0x000000a2fa300000,0x000000a2fa400000)]
  0x000001ac90700000 JavaThread "jar transforms Thread 91" [_thread_blocked, id=13256, stack(0x000000a2fa400000,0x000000a2fa500000)]
  0x000001ac906fa000 JavaThread "jar transforms Thread 92" [_thread_blocked, id=7232, stack(0x000000a2fa500000,0x000000a2fa600000)]
  0x000001ac906fb000 JavaThread "jar transforms Thread 93" [_thread_blocked, id=5712, stack(0x000000a2fa600000,0x000000a2fa700000)]
  0x000001ac906fe000 JavaThread "jar transforms Thread 94" [_thread_blocked, id=11048, stack(0x000000a2fa700000,0x000000a2fa800000)]
  0x000001ac906fc800 JavaThread "jar transforms Thread 95" [_thread_blocked, id=15064, stack(0x000000a2fa800000,0x000000a2fa900000)]
  0x000001ac906ff000 JavaThread "jar transforms Thread 96" [_thread_blocked, id=8340, stack(0x000000a2fa900000,0x000000a2faa00000)]
  0x000001ac906fb800 JavaThread "jar transforms Thread 97" [_thread_blocked, id=12648, stack(0x000000a2faa00000,0x000000a2fab00000)]
  0x000001acfeb8b800 JavaThread "jar transforms Thread 98" [_thread_blocked, id=8288, stack(0x000000a2fab00000,0x000000a2fac00000)]
  0x000001acfeb8d000 JavaThread "jar transforms Thread 99" [_thread_blocked, id=6224, stack(0x000000a2fac00000,0x000000a2fad00000)]
  0x000001acfeb8c800 JavaThread "Memory manager" [_thread_blocked, id=7584, stack(0x000000a2fad00000,0x000000a2fae00000)]
  0x000001acfeb8f000 JavaThread "build event listener" [_thread_blocked, id=10188, stack(0x000000a2fae00000,0x000000a2faf00000)]
  0x000001acfeb89000 JavaThread "build event listener" [_thread_blocked, id=3196, stack(0x000000a2faf00000,0x000000a2fb000000)]
  0x000001acfeb8f800 JavaThread "Execution worker for ':'" [_thread_blocked, id=3200, stack(0x000000a2fb000000,0x000000a2fb100000)]
  0x000001acfeb8a000 JavaThread "Execution worker for ':' Thread 2" [_thread_blocked, id=11700, stack(0x000000a2fb100000,0x000000a2fb200000)]
  0x000001acfeb90800 JavaThread "Execution worker for ':' Thread 3" [_thread_blocked, id=2004, stack(0x000000a2fb200000,0x000000a2fb300000)]
  0x000001acfeb8b000 JavaThread "Execution worker for ':' Thread 4" [_thread_blocked, id=2672, stack(0x000000a2fb300000,0x000000a2fb400000)]
  0x000001acfeb94800 JavaThread "Execution worker for ':' Thread 5" [_thread_blocked, id=2024, stack(0x000000a2fb400000,0x000000a2fb500000)]
  0x000001acfeb93000 JavaThread "Execution worker for ':' Thread 6" [_thread_blocked, id=8976, stack(0x000000a2fb500000,0x000000a2fb600000)]
  0x000001acfeb95800 JavaThread "Execution worker for ':' Thread 7" [_thread_blocked, id=14472, stack(0x000000a2fb600000,0x000000a2fb700000)]
  0x000001acfeb92000 JavaThread "Cache worker for execution history cache (D:\Du an truong\DuanPhonestore\.gradle\6.7.1\executionHistory)" [_thread_blocked, id=12984, stack(0x000000a2fb700000,0x000000a2fb800000)]

Other Threads:
=>0x000001acfda89000 VMThread "VM Thread" [stack: 0x000000a2f1600000,0x000000a2f1700000] [id=7956]
  0x000001acfe5e7800 WatcherThread [stack: 0x000000a2f2000000,0x000000a2f2100000] [id=2096]
  0x000001acf2655000 GCTaskThread "GC Thread#0" [stack: 0x000000a2f1100000,0x000000a2f1200000] [id=3076]
  0x000001acfee5f000 GCTaskThread "GC Thread#1" [stack: 0x000000a2f2100000,0x000000a2f2200000] [id=1436]
  0x000001ac8f768800 GCTaskThread "GC Thread#2" [stack: 0x000000a2f2900000,0x000000a2f2a00000] [id=8064]
  0x000001ac8f769800 GCTaskThread "GC Thread#3" [stack: 0x000000a2f2a00000,0x000000a2f2b00000] [id=12384]
  0x000001ac8ff84000 GCTaskThread "GC Thread#4" [stack: 0x000000a2f2b00000,0x000000a2f2c00000] [id=11520]
  0x000001ac8ff84800 GCTaskThread "GC Thread#5" [stack: 0x000000a2f2c00000,0x000000a2f2d00000] [id=2172]
  0x000001ac8f6ac000 GCTaskThread "GC Thread#6" [stack: 0x000000a2f2d00000,0x000000a2f2e00000] [id=10824]
  0x000001ac8f6ad000 GCTaskThread "GC Thread#7" [stack: 0x000000a2f2e00000,0x000000a2f2f00000] [id=13092]
  0x000001acf2686000 ConcurrentGCThread "G1 Main Marker" [stack: 0x000000a2f1200000,0x000000a2f1300000] [id=15076]
  0x000001acf2687800 ConcurrentGCThread "G1 Conc#0" [stack: 0x000000a2f1300000,0x000000a2f1400000] [id=13324]
  0x000001ac8fe64000 ConcurrentGCThread "G1 Conc#1" [stack: 0x000000a2f3900000,0x000000a2f3a00000] [id=12432]
  0x000001acf2713000 ConcurrentGCThread "G1 Refine#0" [stack: 0x000000a2f1400000,0x000000a2f1500000] [id=4792]
  0x000001ac8fcd3800 ConcurrentGCThread "G1 Refine#1" [stack: 0x000000a2f2f00000,0x000000a2f3000000] [id=7888]
  0x000001ac8fcd4800 ConcurrentGCThread "G1 Refine#2" [stack: 0x000000a2f3000000,0x000000a2f3100000] [id=3152]
  0x000001ac8fcd5000 ConcurrentGCThread "G1 Refine#3" [stack: 0x000000a2f3100000,0x000000a2f3200000] [id=13924]
  0x000001acf2714000 ConcurrentGCThread "G1 Young RemSet Sampling" [stack: 0x000000a2f1500000,0x000000a2f1600000] [id=11760]

Threads with active compile tasks:
C2 CompilerThread0  11703 9004       4       java.util.AbstractCollection::addAll (42 bytes)

VM state:at safepoint (normal execution)

VM Mutex/Monitor currently owned by a thread:  ([mutex/lock_event])
[0x000001acf2638c80] Threads_lock - owner thread: 0x000001acfda89000
[0x000001acf263a150] Heap_lock - owner thread: 0x000001ac90f81800

Heap address: 0x0000000080000000, size: 2048 MB, Compressed Oops mode: 32-bit
Narrow klass base: 0x0000000000000000, Narrow klass shift: 3
Compressed class space size: 1073741824 Address: 0x0000000100000000

Heap:
 garbage-first heap   total 172032K, used 70625K [0x0000000080000000, 0x0000000100000000)
  region size 1024K, 6 young (6144K), 6 survivors (6144K)
 Metaspace       used 77595K, capacity 79663K, committed 79744K, reserved 1118208K
  class space    used 10068K, capacity 10811K, committed 10880K, reserved 1048576K
Heap Regions: E=young(eden), S=young(survivor), O=old, HS=humongous(starts), HC=humongous(continues), CS=collection set, F=free, A=archive, TAMS=top-at-mark-start (previous, next)
|   0|0x0000000080000000, 0x0000000080100000, 0x0000000080100000|100%| O|  |TAMS 0x0000000080100000, 0x0000000080000000| Untracked 
|   1|0x0000000080100000, 0x0000000080200000, 0x0000000080200000|100%| O|  |TAMS 0x0000000080200000, 0x0000000080100000| Untracked 
|   2|0x0000000080200000, 0x0000000080300000, 0x0000000080300000|100%| O|  |TAMS 0x0000000080300000, 0x0000000080200000| Untracked 
|   3|0x0000000080300000, 0x0000000080400000, 0x0000000080400000|100%|HS|  |TAMS 0x0000000080400000, 0x0000000080300000| Complete 
|   4|0x0000000080400000, 0x0000000080500000, 0x0000000080500000|100%|HC|  |TAMS 0x0000000080500000, 0x0000000080400000| Complete 
|   5|0x0000000080500000, 0x0000000080600000, 0x0000000080600000|100%|HC|  |TAMS 0x0000000080600000, 0x0000000080500000| Complete 
|   6|0x0000000080600000, 0x0000000080700000, 0x0000000080700000|100%| O|  |TAMS 0x0000000080700000, 0x0000000080600000| Untracked 
|   7|0x0000000080700000, 0x0000000080800000, 0x0000000080800000|100%| O|  |TAMS 0x0000000080800000, 0x0000000080700000| Untracked 
|   8|0x0000000080800000, 0x0000000080900000, 0x0000000080900000|100%| O|  |TAMS 0x0000000080900000, 0x0000000080800000| Untracked 
|   9|0x0000000080900000, 0x0000000080a00000, 0x0000000080a00000|100%| O|  |TAMS 0x0000000080a00000, 0x0000000080900000| Untracked 
|  10|0x0000000080a00000, 0x0000000080b00000, 0x0000000080b00000|100%| O|  |TAMS 0x0000000080b00000, 0x0000000080a00000| Untracked 
|  11|0x0000000080b00000, 0x0000000080c00000, 0x0000000080c00000|100%| O|  |TAMS 0x0000000080c00000, 0x0000000080b00000| Untracked 
|  12|0x0000000080c00000, 0x0000000080d00000, 0x0000000080d00000|100%| O|  |TAMS 0x0000000080d00000, 0x0000000080c00000| Untracked 
|  13|0x0000000080d00000, 0x0000000080e00000, 0x0000000080e00000|100%| O|  |TAMS 0x0000000080e00000, 0x0000000080d00000| Untracked 
|  14|0x0000000080e00000, 0x0000000080f00000, 0x0000000080f00000|100%| O|  |TAMS 0x0000000080f00000, 0x0000000080e00000| Untracked 
|  15|0x0000000080f00000, 0x0000000081000000, 0x0000000081000000|100%| O|  |TAMS 0x0000000081000000, 0x0000000080f00000| Untracked 
|  16|0x0000000081000000, 0x0000000081100000, 0x0000000081100000|100%| O|  |TAMS 0x0000000081100000, 0x0000000081000000| Untracked 
|  17|0x0000000081100000, 0x0000000081200000, 0x0000000081200000|100%| O|  |TAMS 0x0000000081200000, 0x0000000081100000| Untracked 
|  18|0x0000000081200000, 0x0000000081300000, 0x0000000081300000|100%| O|  |TAMS 0x0000000081300000, 0x0000000081200000| Untracked 
|  19|0x0000000081300000, 0x0000000081400000, 0x0000000081400000|100%| O|  |TAMS 0x0000000081400000, 0x0000000081300000| Untracked 
|  20|0x0000000081400000, 0x0000000081500000, 0x0000000081500000|100%|HS|  |TAMS 0x0000000081500000, 0x0000000081400000| Complete 
|  21|0x0000000081500000, 0x0000000081600000, 0x0000000081600000|100%| O|  |TAMS 0x0000000081600000, 0x0000000081500000| Untracked 
|  22|0x0000000081600000, 0x0000000081700000, 0x0000000081700000|100%| O|  |TAMS 0x0000000081700000, 0x0000000081600000| Untracked 
|  23|0x0000000081700000, 0x0000000081800000, 0x0000000081800000|100%| O|  |TAMS 0x0000000081800000, 0x0000000081700000| Untracked 
|  24|0x0000000081800000, 0x0000000081900000, 0x0000000081900000|100%|HS|  |TAMS 0x0000000081900000, 0x0000000081800000| Complete 
|  25|0x0000000081900000, 0x0000000081a00000, 0x0000000081a00000|100%|HC|  |TAMS 0x0000000081a00000, 0x0000000081900000| Complete 
|  26|0x0000000081a00000, 0x0000000081b00000, 0x0000000081b00000|100%| O|  |TAMS 0x0000000081b00000, 0x0000000081a00000| Untracked 
|  27|0x0000000081b00000, 0x0000000081c00000, 0x0000000081c00000|100%| O|  |TAMS 0x0000000081c00000, 0x0000000081b00000| Untracked 
|  28|0x0000000081c00000, 0x0000000081d00000, 0x0000000081d00000|100%| O|  |TAMS 0x0000000081d00000, 0x0000000081c00000| Untracked 
|  29|0x0000000081d00000, 0x0000000081e00000, 0x0000000081e00000|100%| O|  |TAMS 0x0000000081e00000, 0x0000000081d00000| Untracked 
|  30|0x0000000081e00000, 0x0000000081f00000, 0x0000000081f00000|100%| O|  |TAMS 0x0000000081f00000, 0x0000000081e00000| Untracked 
|  31|0x0000000081f00000, 0x0000000082000000, 0x0000000082000000|100%| O|  |TAMS 0x0000000082000000, 0x0000000081f00000| Untracked 
|  32|0x0000000082000000, 0x0000000082100000, 0x0000000082100000|100%| O|  |TAMS 0x0000000082100000, 0x0000000082000000| Untracked 
|  33|0x0000000082100000, 0x0000000082200000, 0x0000000082200000|100%| O|  |TAMS 0x0000000082200000, 0x0000000082100000| Untracked 
|  34|0x0000000082200000, 0x0000000082300000, 0x0000000082300000|100%| O|  |TAMS 0x0000000082300000, 0x0000000082200000| Untracked 
|  35|0x0000000082300000, 0x0000000082400000, 0x0000000082400000|100%| O|  |TAMS 0x0000000082400000, 0x0000000082300000| Untracked 
|  36|0x0000000082400000, 0x0000000082500000, 0x0000000082500000|100%| O|  |TAMS 0x0000000082500000, 0x0000000082400000| Untracked 
|  37|0x0000000082500000, 0x0000000082600000, 0x0000000082600000|100%| O|  |TAMS 0x0000000082500000, 0x0000000082500000| Untracked 
|  38|0x0000000082600000, 0x0000000082700000, 0x0000000082700000|100%| O|  |TAMS 0x0000000082700000, 0x0000000082600000| Untracked 
|  39|0x0000000082700000, 0x0000000082800000, 0x0000000082800000|100%| O|  |TAMS 0x0000000082800000, 0x0000000082700000| Untracked 
|  40|0x0000000082800000, 0x0000000082900000, 0x0000000082900000|100%| O|  |TAMS 0x0000000082900000, 0x0000000082800000| Untracked 
|  41|0x0000000082900000, 0x0000000082a00000, 0x0000000082a00000|100%| O|  |TAMS 0x00000000829dd000, 0x0000000082900000| Untracked 
|  42|0x0000000082a00000, 0x0000000082b00000, 0x0000000082b00000|100%| O|  |TAMS 0x0000000082a00000, 0x0000000082a00000| Untracked 
|  43|0x0000000082b00000, 0x0000000082c00000, 0x0000000082c00000|100%| O|  |TAMS 0x0000000082b00000, 0x0000000082b00000| Untracked 
|  44|0x0000000082c00000, 0x0000000082d00000, 0x0000000082d00000|100%| O|  |TAMS 0x0000000082c00000, 0x0000000082c00000| Untracked 
|  45|0x0000000082d00000, 0x0000000082e00000, 0x0000000082e00000|100%| O|  |TAMS 0x0000000082d00000, 0x0000000082d00000| Untracked 
|  46|0x0000000082e00000, 0x0000000082f00000, 0x0000000082f00000|100%| O|  |TAMS 0x0000000082e00000, 0x0000000082e00000| Untracked 
|  47|0x0000000082f00000, 0x0000000083000000, 0x0000000083000000|100%| O|  |TAMS 0x0000000082f00000, 0x0000000082f00000| Untracked 
|  48|0x0000000083000000, 0x0000000083100000, 0x0000000083100000|100%| O|  |TAMS 0x0000000083000000, 0x0000000083000000| Untracked 
|  49|0x0000000083100000, 0x0000000083200000, 0x0000000083200000|100%| O|  |TAMS 0x0000000083100000, 0x0000000083100000| Untracked 
|  50|0x0000000083200000, 0x0000000083300000, 0x0000000083300000|100%| O|  |TAMS 0x0000000083200000, 0x0000000083200000| Untracked 
|  51|0x0000000083300000, 0x0000000083400000, 0x0000000083400000|100%| O|  |TAMS 0x0000000083300000, 0x0000000083300000| Untracked 
|  52|0x0000000083400000, 0x0000000083500000, 0x0000000083500000|100%| O|  |TAMS 0x0000000083400000, 0x0000000083400000| Untracked 
|  53|0x0000000083500000, 0x0000000083600000, 0x0000000083600000|100%| O|  |TAMS 0x0000000083500000, 0x0000000083500000| Untracked 
|  54|0x0000000083600000, 0x0000000083700000, 0x0000000083700000|100%| O|  |TAMS 0x0000000083600000, 0x0000000083600000| Untracked 
|  55|0x0000000083700000, 0x0000000083800000, 0x0000000083800000|100%| O|  |TAMS 0x0000000083700000, 0x0000000083700000| Untracked 
|  56|0x0000000083800000, 0x0000000083900000, 0x0000000083900000|100%| O|  |TAMS 0x0000000083800000, 0x0000000083800000| Untracked 
|  57|0x0000000083900000, 0x0000000083a00000, 0x0000000083a00000|100%| O|  |TAMS 0x0000000083900000, 0x0000000083900000| Untracked 
|  58|0x0000000083a00000, 0x0000000083b00000, 0x0000000083b00000|100%| O|  |TAMS 0x0000000083a00000, 0x0000000083a00000| Untracked 
|  59|0x0000000083b00000, 0x0000000083c00000, 0x0000000083c00000|100%| O|  |TAMS 0x0000000083b00000, 0x0000000083b00000| Untracked 
|  60|0x0000000083c00000, 0x0000000083d00000, 0x0000000083d00000|100%| O|  |TAMS 0x0000000083c00000, 0x0000000083c00000| Untracked 
|  61|0x0000000083d00000, 0x0000000083e00000, 0x0000000083e00000|100%| O|  |TAMS 0x0000000083d00000, 0x0000000083d00000| Untracked 
|  62|0x0000000083e00000, 0x0000000083f00000, 0x0000000083f00000|100%| O|  |TAMS 0x0000000083e00000, 0x0000000083e00000| Untracked 
|  63|0x0000000083f00000, 0x0000000083f24200, 0x0000000084000000| 14%| O|  |TAMS 0x0000000083f00000, 0x0000000083f00000| Untracked 
|  64|0x0000000084000000, 0x0000000084000000, 0x0000000084100000|  0%| F|  |TAMS 0x0000000084000000, 0x0000000084000000| Untracked 
|  65|0x0000000084100000, 0x0000000084100000, 0x0000000084200000|  0%| F|  |TAMS 0x0000000084100000, 0x0000000084100000| Untracked 
|  66|0x0000000084200000, 0x0000000084200000, 0x0000000084300000|  0%| F|  |TAMS 0x0000000084200000, 0x0000000084200000| Untracked 
|  67|0x0000000084300000, 0x0000000084300000, 0x0000000084400000|  0%| F|  |TAMS 0x0000000084300000, 0x0000000084300000| Untracked 
|  68|0x0000000084400000, 0x0000000084400000, 0x0000000084500000|  0%| F|  |TAMS 0x0000000084400000, 0x0000000084400000| Untracked 
|  69|0x0000000084500000, 0x0000000084500000, 0x0000000084600000|  0%| F|  |TAMS 0x0000000084500000, 0x0000000084500000| Untracked 
|  70|0x0000000084600000, 0x0000000084600000, 0x0000000084700000|  0%| F|  |TAMS 0x0000000084600000, 0x0000000084600000| Untracked 
|  71|0x0000000084700000, 0x0000000084700000, 0x0000000084800000|  0%| F|  |TAMS 0x0000000084700000, 0x0000000084700000| Untracked 
|  72|0x0000000084800000, 0x0000000084800000, 0x0000000084900000|  0%| F|  |TAMS 0x0000000084800000, 0x0000000084800000| Untracked 
|  73|0x0000000084900000, 0x0000000084900000, 0x0000000084a00000|  0%| F|  |TAMS 0x0000000084900000, 0x0000000084900000| Untracked 
|  74|0x0000000084a00000, 0x0000000084a00000, 0x0000000084b00000|  0%| F|  |TAMS 0x0000000084a00000, 0x0000000084a00000| Untracked 
|  75|0x0000000084b00000, 0x0000000084b00000, 0x0000000084c00000|  0%| F|  |TAMS 0x0000000084b00000, 0x0000000084b00000| Untracked 
|  76|0x0000000084c00000, 0x0000000084c00000, 0x0000000084d00000|  0%| F|  |TAMS 0x0000000084c00000, 0x0000000084c00000| Untracked 
|  77|0x0000000084d00000, 0x0000000084d00000, 0x0000000084e00000|  0%| F|  |TAMS 0x0000000084d00000, 0x0000000084d00000| Untracked 
|  78|0x0000000084e00000, 0x0000000084e00000, 0x0000000084f00000|  0%| F|  |TAMS 0x0000000084e00000, 0x0000000084e00000| Untracked 
|  79|0x0000000084f00000, 0x0000000084f00000, 0x0000000085000000|  0%| F|  |TAMS 0x0000000084f00000, 0x0000000084f00000| Untracked 
|  80|0x0000000085000000, 0x0000000085000000, 0x0000000085100000|  0%| F|  |TAMS 0x0000000085000000, 0x0000000085000000| Untracked 
|  81|0x0000000085100000, 0x00000000851d42e0, 0x0000000085200000| 82%| S|CS|TAMS 0x0000000085100000, 0x0000000085100000| Complete 
|  82|0x0000000085200000, 0x0000000085300000, 0x0000000085300000|100%| S|CS|TAMS 0x0000000085200000, 0x0000000085200000| Complete 
|  83|0x0000000085300000, 0x0000000085400000, 0x0000000085400000|100%| S|CS|TAMS 0x0000000085300000, 0x0000000085300000| Complete 
|  84|0x0000000085400000, 0x0000000085500000, 0x0000000085500000|100%| S|CS|TAMS 0x0000000085400000, 0x0000000085400000| Complete 
|  85|0x0000000085500000, 0x0000000085600000, 0x0000000085600000|100%| S|CS|TAMS 0x0000000085500000, 0x0000000085500000| Complete 
|  86|0x0000000085600000, 0x0000000085600000, 0x0000000085700000|  0%| F|  |TAMS 0x0000000085600000, 0x0000000085600000| Untracked 
|  87|0x0000000085700000, 0x0000000085700000, 0x0000000085800000|  0%| F|  |TAMS 0x0000000085700000, 0x0000000085700000| Untracked 
|  88|0x0000000085800000, 0x0000000085800000, 0x0000000085900000|  0%| F|  |TAMS 0x0000000085800000, 0x0000000085800000| Untracked 
|  89|0x0000000085900000, 0x0000000085900000, 0x0000000085a00000|  0%| F|  |TAMS 0x0000000085900000, 0x0000000085900000| Untracked 
|  90|0x0000000085a00000, 0x0000000085a00000, 0x0000000085b00000|  0%| F|  |TAMS 0x0000000085a00000, 0x0000000085a00000| Untracked 
|  91|0x0000000085b00000, 0x0000000085c00000, 0x0000000085c00000|100%| S|CS|TAMS 0x0000000085b00000, 0x0000000085b00000| Complete 
|  92|0x0000000085c00000, 0x0000000085c00000, 0x0000000085d00000|  0%| F|  |TAMS 0x0000000085c00000, 0x0000000085c00000| Untracked 
|  93|0x0000000085d00000, 0x0000000085d00000, 0x0000000085e00000|  0%| F|  |TAMS 0x0000000085d00000, 0x0000000085d00000| Untracked 
|  94|0x0000000085e00000, 0x0000000085e00000, 0x0000000085f00000|  0%| F|  |TAMS 0x0000000085e00000, 0x0000000085e00000| Untracked 
|  95|0x0000000085f00000, 0x0000000085f00000, 0x0000000086000000|  0%| F|  |TAMS 0x0000000085f00000, 0x0000000085f00000| Untracked 
|  96|0x0000000086000000, 0x0000000086000000, 0x0000000086100000|  0%| F|  |TAMS 0x0000000086000000, 0x0000000086000000| Untracked 
|  97|0x0000000086100000, 0x0000000086100000, 0x0000000086200000|  0%| F|  |TAMS 0x0000000086100000, 0x0000000086100000| Untracked 
|  98|0x0000000086200000, 0x0000000086200000, 0x0000000086300000|  0%| F|  |TAMS 0x0000000086200000, 0x0000000086200000| Untracked 
|  99|0x0000000086300000, 0x0000000086300000, 0x0000000086400000|  0%| F|  |TAMS 0x0000000086300000, 0x0000000086300000| Untracked 
| 100|0x0000000086400000, 0x0000000086400000, 0x0000000086500000|  0%| F|  |TAMS 0x0000000086400000, 0x0000000086400000| Untracked 
| 101|0x0000000086500000, 0x0000000086500000, 0x0000000086600000|  0%| F|  |TAMS 0x0000000086500000, 0x0000000086500000| Untracked 
| 102|0x0000000086600000, 0x0000000086600000, 0x0000000086700000|  0%| F|  |TAMS 0x0000000086600000, 0x0000000086600000| Untracked 
| 103|0x0000000086700000, 0x0000000086700000, 0x0000000086800000|  0%| F|  |TAMS 0x0000000086700000, 0x0000000086700000| Untracked 
| 104|0x0000000086800000, 0x0000000086800000, 0x0000000086900000|  0%| F|  |TAMS 0x0000000086800000, 0x0000000086800000| Untracked 
| 105|0x0000000086900000, 0x0000000086900000, 0x0000000086a00000|  0%| F|  |TAMS 0x0000000086900000, 0x0000000086900000| Untracked 
| 106|0x0000000086a00000, 0x0000000086a00000, 0x0000000086b00000|  0%| F|  |TAMS 0x0000000086a00000, 0x0000000086a00000| Untracked 
| 107|0x0000000086b00000, 0x0000000086b00000, 0x0000000086c00000|  0%| F|  |TAMS 0x0000000086b00000, 0x0000000086b00000| Untracked 
| 108|0x0000000086c00000, 0x0000000086c00000, 0x0000000086d00000|  0%| F|  |TAMS 0x0000000086c00000, 0x0000000086c00000| Untracked 
| 109|0x0000000086d00000, 0x0000000086d00000, 0x0000000086e00000|  0%| F|  |TAMS 0x0000000086d00000, 0x0000000086d00000| Untracked 
| 110|0x0000000086e00000, 0x0000000086e00000, 0x0000000086f00000|  0%| F|  |TAMS 0x0000000086e00000, 0x0000000086e00000| Untracked 
| 111|0x0000000086f00000, 0x0000000086f00000, 0x0000000087000000|  0%| F|  |TAMS 0x0000000086f00000, 0x0000000086f00000| Untracked 
| 112|0x0000000087000000, 0x0000000087000000, 0x0000000087100000|  0%| F|  |TAMS 0x0000000087000000, 0x0000000087000000| Untracked 
| 113|0x0000000087100000, 0x0000000087100000, 0x0000000087200000|  0%| F|  |TAMS 0x0000000087100000, 0x0000000087100000| Untracked 
| 114|0x0000000087200000, 0x0000000087200000, 0x0000000087300000|  0%| F|  |TAMS 0x0000000087200000, 0x0000000087200000| Untracked 
| 115|0x0000000087300000, 0x0000000087300000, 0x0000000087400000|  0%| F|  |TAMS 0x0000000087300000, 0x0000000087300000| Untracked 
| 116|0x0000000087400000, 0x0000000087400000, 0x0000000087500000|  0%| F|  |TAMS 0x0000000087400000, 0x0000000087400000| Untracked 
| 117|0x0000000087500000, 0x0000000087500000, 0x0000000087600000|  0%| F|  |TAMS 0x0000000087500000, 0x0000000087500000| Untracked 
| 118|0x0000000087600000, 0x0000000087600000, 0x0000000087700000|  0%| F|  |TAMS 0x0000000087600000, 0x0000000087600000| Untracked 
| 119|0x0000000087700000, 0x0000000087700000, 0x0000000087800000|  0%| F|  |TAMS 0x0000000087700000, 0x0000000087700000| Untracked 
| 120|0x0000000087800000, 0x0000000087800000, 0x0000000087900000|  0%| F|  |TAMS 0x0000000087800000, 0x0000000087800000| Untracked 
| 121|0x0000000087900000, 0x0000000087900000, 0x0000000087a00000|  0%| F|  |TAMS 0x0000000087900000, 0x0000000087900000| Untracked 
| 122|0x0000000087a00000, 0x0000000087a00000, 0x0000000087b00000|  0%| F|  |TAMS 0x0000000087a00000, 0x0000000087a00000| Untracked 
| 123|0x0000000087b00000, 0x0000000087b00000, 0x0000000087c00000|  0%| F|  |TAMS 0x0000000087b00000, 0x0000000087b00000| Untracked 
| 124|0x0000000087c00000, 0x0000000087c00000, 0x0000000087d00000|  0%| F|  |TAMS 0x0000000087c00000, 0x0000000087c00000| Untracked 
| 125|0x0000000087d00000, 0x0000000087d00000, 0x0000000087e00000|  0%| F|  |TAMS 0x0000000087d00000, 0x0000000087d00000| Untracked 
| 126|0x0000000087e00000, 0x0000000087e00000, 0x0000000087f00000|  0%| F|  |TAMS 0x0000000087e00000, 0x0000000087e00000| Untracked 
| 127|0x0000000087f00000, 0x0000000087f00000, 0x0000000088000000|  0%| F|  |TAMS 0x0000000087f00000, 0x0000000087f00000| Untracked 
| 128|0x0000000088000000, 0x0000000088000000, 0x0000000088100000|  0%| F|  |TAMS 0x0000000088000000, 0x0000000088000000| Untracked 
| 129|0x0000000088100000, 0x0000000088100000, 0x0000000088200000|  0%| F|  |TAMS 0x0000000088100000, 0x0000000088100000| Untracked 
| 130|0x0000000088200000, 0x0000000088200000, 0x0000000088300000|  0%| F|  |TAMS 0x0000000088200000, 0x0000000088200000| Untracked 
| 131|0x0000000088300000, 0x0000000088300000, 0x0000000088400000|  0%| F|  |TAMS 0x0000000088300000, 0x0000000088300000| Untracked 
| 132|0x0000000088400000, 0x0000000088400000, 0x0000000088500000|  0%| F|  |TAMS 0x0000000088400000, 0x0000000088400000| Untracked 
| 133|0x0000000088500000, 0x0000000088500000, 0x0000000088600000|  0%| F|  |TAMS 0x0000000088500000, 0x0000000088500000| Untracked 
| 134|0x0000000088600000, 0x0000000088600000, 0x0000000088700000|  0%| F|  |TAMS 0x0000000088600000, 0x0000000088600000| Untracked 
| 135|0x0000000088700000, 0x0000000088700000, 0x0000000088800000|  0%| F|  |TAMS 0x0000000088700000, 0x0000000088700000| Untracked 
| 136|0x0000000088800000, 0x0000000088800000, 0x0000000088900000|  0%| F|  |TAMS 0x0000000088800000, 0x0000000088800000| Untracked 
| 137|0x0000000088900000, 0x0000000088900000, 0x0000000088a00000|  0%| F|  |TAMS 0x0000000088900000, 0x0000000088900000| Untracked 
| 138|0x0000000088a00000, 0x0000000088a00000, 0x0000000088b00000|  0%| F|  |TAMS 0x0000000088a00000, 0x0000000088a00000| Untracked 
| 139|0x0000000088b00000, 0x0000000088b00000, 0x0000000088c00000|  0%| F|  |TAMS 0x0000000088b00000, 0x0000000088b00000| Untracked 

Card table byte_map: [0x000001acf6860000,0x000001acf6c60000] _byte_map_base: 0x000001acf6460000

Marking Bits (Prev, Next): (CMBitMap*) 0x000001acf267d410, (CMBitMap*) 0x000001acf267d3d8
 Prev Bits: [0x000001acf9060000, 0x000001acfb060000)
 Next Bits: [0x000001acf7060000, 0x000001acf9060000)

Polling page: 0x000001acf1e20000

Metaspace:

Usage:
  Non-class:     67.24 MB capacity,    65.94 MB ( 98%) used,     1.09 MB (  2%) free+waste,   211.63 KB ( <1%) overhead. 
      Class:     10.56 MB capacity,     9.83 MB ( 93%) used,   646.98 KB (  6%) free+waste,    95.63 KB ( <1%) overhead. 
       Both:     77.80 MB capacity,    75.78 MB ( 97%) used,     1.72 MB (  2%) free+waste,   307.25 KB ( <1%) overhead. 

Virtual space:
  Non-class space:       68.00 MB reserved,      67.25 MB ( 99%) committed 
      Class space:        1.00 GB reserved,      10.63 MB (  1%) committed 
             Both:        1.07 GB reserved,      77.88 MB (  7%) committed 

Chunk freelists:
   Non-Class:  12.00 KB
       Class:  5.00 KB
        Both:  17.00 KB

MaxMetaspaceSize: 17179869184.00 GB
CompressedClassSpaceSize: 1.00 GB

CodeHeap 'non-profiled nmethods': size=120000Kb used=3480Kb max_used=3480Kb free=116520Kb
 bounds [0x000001ac87ad0000, 0x000001ac87e40000, 0x000001ac8f000000]
CodeHeap 'profiled nmethods': size=120000Kb used=17551Kb max_used=17551Kb free=102448Kb
 bounds [0x000001ac805a0000, 0x000001ac816d0000, 0x000001ac87ad0000]
CodeHeap 'non-nmethods': size=5760Kb used=2247Kb max_used=2284Kb free=3512Kb
 bounds [0x000001ac80000000, 0x000001ac80270000, 0x000001ac805a0000]
 total_blobs=9814 nmethods=8979 adapters=746
 compilation: enabled
              stopped_count=0, restarted_count=0
 full_count=0

Compilation events (20 events):
Event: 11.655 Thread 0x000001acfdab4000 9121       2       org.gradle.api.internal.artifacts.transform.DefaultTransformerInvocationFactory$TransformerExecution::getInputChangeTrackingStrategy (22 bytes)
Event: 11.656 Thread 0x000001acfdab4000 nmethod 9121 0x000001ac816bc610 code [0x000001ac816bc7c0, 0x000001ac816bc908]
Event: 11.656 Thread 0x000001acfdab4000 9122       2       org.gradle.internal.execution.history.changes.InputValueChanges::<init> (131 bytes)
Event: 11.657 Thread 0x000001acfdab4000 nmethod 9122 0x000001ac816bc990 code [0x000001ac816bcc20, 0x000001ac816bd518]
Event: 11.657 Thread 0x000001acfdab4000 9123       2       org.gradle.internal.execution.steps.ResolveChangesStep::createIncrementalInputProperties (103 bytes)
Event: 11.658 Thread 0x000001acfdab4000 nmethod 9123 0x000001ac816bd990 code [0x000001ac816bdc00, 0x000001ac816be258]
Event: 11.658 Thread 0x000001acfdab4000 9124       2       sun.nio.fs.WindowsSecurityDescriptor::fromAttribute (134 bytes)
Event: 11.659 Thread 0x000001acfdab4000 nmethod 9124 0x000001ac816be610 code [0x000001ac816be8a0, 0x000001ac816bf098]
Event: 11.659 Thread 0x000001acfdab4000 9125   !   2       java.util.concurrent.ConcurrentHashMap::replaceNode (437 bytes)
Event: 11.662 Thread 0x000001acfdab4000 nmethod 9125 0x000001ac816bf590 code [0x000001ac816bf860, 0x000001ac816c0818]
Event: 11.662 Thread 0x000001acfdab4000 9126   !   2       sun.nio.fs.WindowsFileSystemProvider::newByteChannel (71 bytes)
Event: 11.662 Thread 0x000001acfdab4000 nmethod 9126 0x000001ac816c1390 code [0x000001ac816c15c0, 0x000001ac816c1a28]
Event: 11.663 Thread 0x000001acfdab4000 9127       2       org.gradle.internal.execution.history.changes.IncrementalInputProperties$1::nonIncrementalChanges (10 bytes)
Event: 11.663 Thread 0x000001acfdab4000 nmethod 9127 0x000001ac816c1f10 code [0x000001ac816c20c0, 0x000001ac816c2338]
Event: 11.666 Thread 0x000001acfdaa9000 nmethod 8935 0x000001ac87e34d90 code [0x000001ac87e34f80, 0x000001ac87e35ce8]
Event: 11.666 Thread 0x000001acfdaa9000 9004       4       java.util.AbstractCollection::addAll (42 bytes)
Event: 11.667 Thread 0x000001acfdab4000 9128       2       org.gradle.internal.execution.steps.SkipUpToDateStep::execute (62 bytes)
Event: 11.668 Thread 0x000001acfdab4000 nmethod 9128 0x000001ac816c2410 code [0x000001ac816c26c0, 0x000001ac816c3208]
Event: 11.668 Thread 0x000001acfdab4000 9129       2       java.nio.file.Files::newByteChannel (36 bytes)
Event: 11.669 Thread 0x000001acfdab4000 nmethod 9129 0x000001ac816c3810 code [0x000001ac816c3a00, 0x000001ac816c3d98]

GC Heap History (20 events):
Event: 7.048 GC heap after
{Heap after GC invocations=13 (full 0):
 garbage-first heap   total 118784K, used 42411K [0x0000000080000000, 0x0000000100000000)
  region size 1024K, 5 young (5120K), 5 survivors (5120K)
 Metaspace       used 55995K, capacity 57367K, committed 57600K, reserved 1099776K
  class space    used 7127K, capacity 7641K, committed 7680K, reserved 1048576K
}
Event: 7.381 GC heap before
{Heap before GC invocations=13 (full 0):
 garbage-first heap   total 118784K, used 70059K [0x0000000080000000, 0x0000000100000000)
  region size 1024K, 32 young (32768K), 5 survivors (5120K)
 Metaspace       used 58609K, capacity 59997K, committed 60160K, reserved 1101824K
  class space    used 7432K, capacity 7951K, committed 8064K, reserved 1048576K
}
Event: 7.389 GC heap after
{Heap after GC invocations=14 (full 0):
 garbage-first heap   total 118784K, used 44759K [0x0000000080000000, 0x0000000100000000)
  region size 1024K, 3 young (3072K), 3 survivors (3072K)
 Metaspace       used 58609K, capacity 59997K, committed 60160K, reserved 1101824K
  class space    used 7432K, capacity 7951K, committed 8064K, reserved 1048576K
}
Event: 7.700 GC heap before
{Heap before GC invocations=15 (full 0):
 garbage-first heap   total 118784K, used 83671K [0x0000000080000000, 0x0000000100000000)
  region size 1024K, 41 young (41984K), 3 survivors (3072K)
 Metaspace       used 59839K, capacity 61314K, committed 61440K, reserved 1101824K
  class space    used 7608K, capacity 8173K, committed 8192K, reserved 1048576K
}
Event: 7.704 GC heap after
{Heap after GC invocations=16 (full 0):
 garbage-first heap   total 118784K, used 47226K [0x0000000080000000, 0x0000000100000000)
  region size 1024K, 6 young (6144K), 6 survivors (6144K)
 Metaspace       used 59839K, capacity 61314K, committed 61440K, reserved 1101824K
  class space    used 7608K, capacity 8173K, committed 8192K, reserved 1048576K
}
Event: 8.295 GC heap before
{Heap before GC invocations=16 (full 0):
 garbage-first heap   total 118784K, used 86138K [0x0000000080000000, 0x0000000100000000)
  region size 1024K, 44 young (45056K), 6 survivors (6144K)
 Metaspace       used 64567K, capacity 66037K, committed 66304K, reserved 1105920K
  class space    used 8389K, capacity 8932K, committed 8960K, reserved 1048576K
}
Event: 8.303 GC heap after
{Heap after GC invocations=17 (full 0):
 garbage-first heap   total 118784K, used 49322K [0x0000000080000000, 0x0000000100000000)
  region size 1024K, 3 young (3072K), 3 survivors (3072K)
 Metaspace       used 64567K, capacity 66037K, committed 66304K, reserved 1105920K
  class space    used 8389K, capacity 8932K, committed 8960K, reserved 1048576K
}
Event: 8.620 GC heap before
{Heap before GC invocations=17 (full 0):
 garbage-first heap   total 118784K, used 89258K [0x0000000080000000, 0x0000000100000000)
  region size 1024K, 42 young (43008K), 3 survivors (3072K)
 Metaspace       used 66292K, capacity 67841K, committed 67968K, reserved 1107968K
  class space    used 8660K, capacity 9249K, committed 9344K, reserved 1048576K
}
Event: 8.625 GC heap after
{Heap after GC invocations=18 (full 0):
 garbage-first heap   total 118784K, used 52693K [0x0000000080000000, 0x0000000100000000)
  region size 1024K, 6 young (6144K), 6 survivors (6144K)
 Metaspace       used 66292K, capacity 67841K, committed 67968K, reserved 1107968K
  class space    used 8660K, capacity 9249K, committed 9344K, reserved 1048576K
}
Event: 9.132 GC heap before
{Heap before GC invocations=18 (full 0):
 garbage-first heap   total 118784K, used 91605K [0x0000000080000000, 0x0000000100000000)
  region size 1024K, 44 young (45056K), 6 survivors (6144K)
 Metaspace       used 69957K, capacity 71645K, committed 71808K, reserved 1112064K
  class space    used 9222K, capacity 9841K, committed 9856K, reserved 1048576K
}
Event: 9.139 GC heap after
{Heap after GC invocations=19 (full 0):
 garbage-first heap   total 118784K, used 54929K [0x0000000080000000, 0x0000000100000000)
  region size 1024K, 3 young (3072K), 3 survivors (3072K)
 Metaspace       used 69957K, capacity 71645K, committed 71808K, reserved 1112064K
  class space    used 9222K, capacity 9841K, committed 9856K, reserved 1048576K
}
Event: 9.691 GC heap before
{Heap before GC invocations=19 (full 0):
 garbage-first heap   total 118784K, used 91793K [0x0000000080000000, 0x0000000100000000)
  region size 1024K, 40 young (40960K), 3 survivors (3072K)
 Metaspace       used 74495K, capacity 76310K, committed 76544K, reserved 1116160K
  class space    used 9758K, capacity 10397K, committed 10496K, reserved 1048576K
}
Event: 9.699 GC heap after
{Heap after GC invocations=20 (full 0):
 garbage-first heap   total 143360K, used 58368K [0x0000000080000000, 0x0000000100000000)
  region size 1024K, 5 young (5120K), 5 survivors (5120K)
 Metaspace       used 74495K, capacity 76310K, committed 76544K, reserved 1116160K
  class space    used 9758K, capacity 10397K, committed 10496K, reserved 1048576K
}
Event: 10.476 GC heap before
{Heap before GC invocations=20 (full 0):
 garbage-first heap   total 143360K, used 107520K [0x0000000080000000, 0x0000000100000000)
  region size 1024K, 54 young (55296K), 5 survivors (5120K)
 Metaspace       used 76380K, capacity 78423K, committed 78592K, reserved 1118208K
  class space    used 10010K, capacity 10719K, committed 10752K, reserved 1048576K
}
Event: 10.484 GC heap after
{Heap after GC invocations=21 (full 0):
 garbage-first heap   total 143360K, used 61986K [0x0000000080000000, 0x0000000100000000)
  region size 1024K, 7 young (7168K), 7 survivors (7168K)
 Metaspace       used 76380K, capacity 78423K, committed 78592K, reserved 1118208K
  class space    used 10010K, capacity 10719K, committed 10752K, reserved 1048576K
}
Event: 10.956 GC heap before
{Heap before GC invocations=21 (full 0):
 garbage-first heap   total 143360K, used 110114K [0x0000000080000000, 0x0000000100000000)
  region size 1024K, 55 young (56320K), 7 survivors (7168K)
 Metaspace       used 76797K, capacity 78818K, committed 78976K, reserved 1118208K
  class space    used 10034K, capacity 10759K, committed 10880K, reserved 1048576K
}
Event: 10.967 GC heap after
{Heap after GC invocations=22 (full 0):
 garbage-first heap   total 143360K, used 64885K [0x0000000080000000, 0x0000000100000000)
  region size 1024K, 7 young (7168K), 7 survivors (7168K)
 Metaspace       used 76797K, capacity 78818K, committed 78976K, reserved 1118208K
  class space    used 10034K, capacity 10759K, committed 10880K, reserved 1048576K
}
Event: 11.244 GC heap before
{Heap before GC invocations=22 (full 0):
 garbage-first heap   total 143360K, used 111989K [0x0000000080000000, 0x0000000100000000)
  region size 1024K, 54 young (55296K), 7 survivors (7168K)
 Metaspace       used 77084K, capacity 79178K, committed 79488K, reserved 1118208K
  class space    used 10049K, capacity 10773K, committed 10880K, reserved 1048576K
}
Event: 11.252 GC heap after
{Heap after GC invocations=23 (full 0):
 garbage-first heap   total 143360K, used 67717K [0x0000000080000000, 0x0000000100000000)
  region size 1024K, 6 young (6144K), 6 survivors (6144K)
 Metaspace       used 77084K, capacity 79178K, committed 79488K, reserved 1118208K
  class space    used 10049K, capacity 10773K, committed 10880K, reserved 1048576K
}
Event: 11.673 GC heap before
{Heap before GC invocations=23 (full 0):
 garbage-first heap   total 143360K, used 114821K [0x0000000080000000, 0x0000000100000000)
  region size 1024K, 53 young (54272K), 6 survivors (6144K)
 Metaspace       used 77595K, capacity 79663K, committed 79744K, reserved 1118208K
  class space    used 10068K, capacity 10811K, committed 10880K, reserved 1048576K
}

Deoptimization events (20 events):
Event: 11.165 Thread 0x000001acfeb94800 Uncommon trap: trap_request=0xffffff6e fr.pc=0x000001ac87dec264 relative=0x0000000000000784
Event: 11.165 Thread 0x000001acfeb94800 Uncommon trap: reason=speculate_class_check action=maybe_recompile pc=0x000001ac87dec264 method=sun.security.provider.DigestBase.implCompressMultiBlock([BII)I @ 11 c2
Event: 11.165 Thread 0x000001acfeb94800 DEOPT PACKING pc=0x000001ac87dec264 sp=0x000000a2fb4fa640
Event: 11.165 Thread 0x000001acfeb94800 DEOPT UNPACKING pc=0x000001ac800278af sp=0x000000a2fb4fa578 mode 2
Event: 11.165 Thread 0x000001acfeb94800 Uncommon trap: trap_request=0xffffff6e fr.pc=0x000001ac87dec264 relative=0x0000000000000784
Event: 11.165 Thread 0x000001acfeb94800 Uncommon trap: reason=speculate_class_check action=maybe_recompile pc=0x000001ac87dec264 method=sun.security.provider.DigestBase.implCompressMultiBlock([BII)I @ 11 c2
Event: 11.165 Thread 0x000001acfeb94800 DEOPT PACKING pc=0x000001ac87dec264 sp=0x000000a2fb4fa4d0
Event: 11.165 Thread 0x000001acfeb94800 DEOPT UNPACKING pc=0x000001ac800278af sp=0x000000a2fb4fa408 mode 2
Event: 11.165 Thread 0x000001acfeb94800 Uncommon trap: trap_request=0xffffff6e fr.pc=0x000001ac87dec264 relative=0x0000000000000784
Event: 11.165 Thread 0x000001acfeb94800 Uncommon trap: reason=speculate_class_check action=maybe_recompile pc=0x000001ac87dec264 method=sun.security.provider.DigestBase.implCompressMultiBlock([BII)I @ 11 c2
Event: 11.165 Thread 0x000001acfeb94800 DEOPT PACKING pc=0x000001ac87dec264 sp=0x000000a2fb4fa360
Event: 11.165 Thread 0x000001acfeb94800 DEOPT UNPACKING pc=0x000001ac800278af sp=0x000000a2fb4fa298 mode 2
Event: 11.395 Thread 0x000001acfeb94800 DEOPT PACKING pc=0x000001ac80db2f71 sp=0x000000a2fb4fa570
Event: 11.395 Thread 0x000001acfeb94800 DEOPT UNPACKING pc=0x000001ac800276ce sp=0x000000a2fb4f9a88 mode 0
Event: 11.403 Thread 0x000001acfeb94800 DEOPT PACKING pc=0x000001ac81303e93 sp=0x000000a2fb4facb0
Event: 11.403 Thread 0x000001acfeb94800 DEOPT UNPACKING pc=0x000001ac800276ce sp=0x000000a2fb4fa158 mode 0
Event: 11.658 Thread 0x000001ac90f80800 Uncommon trap: trap_request=0xffffff4d fr.pc=0x000001ac87dd6248 relative=0x0000000000000788
Event: 11.658 Thread 0x000001ac90f80800 Uncommon trap: reason=unstable_if action=reinterpret pc=0x000001ac87dd6248 method=java.util.concurrent.ConcurrentHashMap.replaceNode(Ljava/lang/Object;Ljava/lang/Object;Ljava/lang/Object;)Ljava/lang/Object; @ 99 c2
Event: 11.658 Thread 0x000001ac90f80800 DEOPT PACKING pc=0x000001ac87dd6248 sp=0x000000a2f48fe930
Event: 11.659 Thread 0x000001ac90f80800 DEOPT UNPACKING pc=0x000001ac800278af sp=0x000000a2f48fe898 mode 2

Classes redefined (0 events):
No events

Internal exceptions (20 events):
Event: 9.603 Thread 0x000001ac8f892800 Exception <a 'java/lang/NoSuchMethodError'{0x00000000853347e0}: <clinit>> (0x00000000853347e0) thrown at [./src/hotspot/share/prims/jni.cpp, line 1362]
Event: 9.604 Thread 0x000001ac8f892800 Exception <a 'java/lang/NoSuchMethodError'{0x0000000085335f58}: <clinit>> (0x0000000085335f58) thrown at [./src/hotspot/share/prims/jni.cpp, line 1362]
Event: 9.610 Thread 0x000001acfeb94800 Exception <a 'java/lang/NoSuchMethodError'{0x000000008536e300}: 'java.lang.Object java.lang.invoke.Invokers$Holder.linkToTargetMethod(java.lang.Object, java.lang.Object, java.lang.Object, java.lang.Object, java.lang.Object, java.lang.Object, java.lang.Object, java.lang.Object)'> (0x000000008536e300) thrown at [./src/hotspot/share/interpreter/linkResolver.cpp, line 773]
Event: 9.628 Thread 0x000001acfeb8f000 Exception <a 'java/lang/NoSuchMethodError'{0x0000000085b89848}: <clinit>> (0x0000000085b89848) thrown at [./src/hotspot/share/prims/jni.cpp, line 1362]
Event: 9.633 Thread 0x000001acfeb8f000 Exception <a 'java/lang/NoSuchMethodError'{0x00000000851076c8}: <clinit>> (0x00000000851076c8) thrown at [./src/hotspot/share/prims/jni.cpp, line 1362]
Event: 9.666 Thread 0x000001ac8f892800 Exception <a 'java/lang/NoSuchMethodError'{0x0000000084f5bb80}: <clinit>> (0x0000000084f5bb80) thrown at [./src/hotspot/share/prims/jni.cpp, line 1362]
Event: 10.191 Thread 0x000001acfeb94800 Exception <a 'java/lang/NoSuchMethodError'{0x0000000087ae5f10}: 'java.lang.Object java.lang.invoke.Invokers$Holder.linkToTargetMethod(java.lang.Object, java.lang.Object, java.lang.Object, java.lang.Object, java.lang.Object, java.lang.Object, java.lang.Object)'> (0x0000000087ae5f10) thrown at [./src/hotspot/share/interpreter/linkResolver.cpp, line 773]
Event: 10.223 Thread 0x000001ac90f80800 Exception <a 'java/lang/NoSuchMethodError'{0x00000000877c62c8}: 'java.lang.Object java.lang.invoke.DirectMethodHandle$Holder.invokeSpecialIFC(java.lang.Object, java.lang.Object, java.lang.Object)'> (0x00000000877c62c8) thrown at [./src/hotspot/share/interpreter/linkResolver.cpp, line 773]
Event: 10.223 Thread 0x000001ac90f82000 Exception <a 'java/lang/NoSuchMethodError'{0x00000000877f8d10}: 'java.lang.Object java.lang.invoke.DirectMethodHandle$Holder.invokeSpecialIFC(java.lang.Object, java.lang.Object, java.lang.Object)'> (0x00000000877f8d10) thrown at [./src/hotspot/share/interpreter/linkResolver.cpp, line 773]
Event: 10.223 Thread 0x000001ac90f7e000 Exception <a 'java/lang/NoSuchMethodError'{0x00000000877d5f40}: 'java.lang.Object java.lang.invoke.DirectMethodHandle$Holder.invokeSpecialIFC(java.lang.Object, java.lang.Object, java.lang.Object)'> (0x00000000877d5f40) thrown at [./src/hotspot/share/interpreter/linkResolver.cpp, line 773]
Event: 10.223 Thread 0x000001ac90f7c800 Exception <a 'java/lang/NoSuchMethodError'{0x0000000087600898}: 'java.lang.Object java.lang.invoke.DirectMethodHandle$Holder.invokeSpecialIFC(java.lang.Object, java.lang.Object, java.lang.Object)'> (0x0000000087600898) thrown at [./src/hotspot/share/interpreter/linkResolver.cpp, line 773]
Event: 10.223 Thread 0x000001ac90f81800 Exception <a 'java/lang/NoSuchMethodError'{0x0000000087782448}: 'java.lang.Object java.lang.invoke.DirectMethodHandle$Holder.invokeSpecialIFC(java.lang.Object, java.lang.Object, java.lang.Object)'> (0x0000000087782448) thrown at [./src/hotspot/share/interpreter/linkResolver.cpp, line 773]
Event: 10.223 Thread 0x000001ac90f7f800 Exception <a 'java/lang/NoSuchMethodError'{0x00000000877a16d0}: 'java.lang.Object java.lang.invoke.DirectMethodHandle$Holder.invokeSpecialIFC(java.lang.Object, java.lang.Object, java.lang.Object)'> (0x00000000877a16d0) thrown at [./src/hotspot/share/interpreter/linkResolver.cpp, line 773]
Event: 10.223 Thread 0x000001ac90f77000 Exception <a 'java/lang/NoSuchMethodError'{0x00000000877e6690}: 'java.lang.Object java.lang.invoke.DirectMethodHandle$Holder.invokeSpecialIFC(java.lang.Object, java.lang.Object, java.lang.Object)'> (0x00000000877e6690) thrown at [./src/hotspot/share/interpreter/linkResolver.cpp, line 773]
Event: 11.045 Thread 0x000001acfeb94800 Exception <a 'java/lang/NoSuchMethodError'{0x0000000087d03088}: <clinit>> (0x0000000087d03088) thrown at [./src/hotspot/share/prims/jni.cpp, line 1362]
Event: 11.165 Thread 0x000001acfeb94800 Exception <a 'java/lang/NoSuchMethodError'{0x0000000086ec7b68}: <clinit>> (0x0000000086ec7b68) thrown at [./src/hotspot/share/prims/jni.cpp, line 1362]
Event: 11.165 Thread 0x000001acfeb94800 Exception <a 'java/lang/NoSuchMethodError'{0x0000000086ec8e88}: <clinit>> (0x0000000086ec8e88) thrown at [./src/hotspot/share/prims/jni.cpp, line 1362]
Event: 11.165 Thread 0x000001acfeb94800 Exception <a 'java/lang/NoSuchMethodError'{0x0000000086ecb340}: <clinit>> (0x0000000086ecb340) thrown at [./src/hotspot/share/prims/jni.cpp, line 1362]
Event: 11.166 Thread 0x000001acfeb94800 Exception <a 'java/lang/NoSuchMethodError'{0x0000000086ee2d10}: <clinit>> (0x0000000086ee2d10) thrown at [./src/hotspot/share/prims/jni.cpp, line 1362]
Event: 11.167 Thread 0x000001acfeb94800 Exception <a 'java/lang/NoSuchMethodError'{0x0000000086ee3f48}: <clinit>> (0x0000000086ee3f48) thrown at [./src/hotspot/share/prims/jni.cpp, line 1362]

Events (20 events):
Event: 11.534 loading class org/gradle/api/internal/file/AbstractFileTreeElement$CopyFileElementException done
Event: 11.535 loading class org/gradle/api/tasks/util/internal/CachingPatternSpecFactory$CachingSpec$1
Event: 11.535 loading class org/gradle/api/tasks/util/internal/CachingPatternSpecFactory$CachingSpec$1 done
Event: 11.536 loading class org/gradle/api/internal/file/AttributeBasedFileVisitDetails
Event: 11.536 loading class org/gradle/api/internal/file/AttributeBasedFileVisitDetails done
Event: 11.550 loading class org/gradle/api/internal/artifacts/transform/ImmutableConsumerVariantMatchResult
Event: 11.550 loading class org/gradle/api/internal/artifacts/transform/ImmutableConsumerVariantMatchResult done
Event: 11.551 loading class org/gradle/internal/Pair
Event: 11.551 loading class org/gradle/internal/Pair done
Event: 11.552 loading class org/gradle/internal/Pair
Event: 11.552 loading class org/gradle/internal/Pair done
Event: 11.552 Executing VM operation: RevokeBias
Event: 11.552 Executing VM operation: RevokeBias done
Event: 11.553 loading class org/gradle/api/internal/attributes/AttributeContainerInternal
Event: 11.553 loading class org/gradle/api/internal/attributes/AttributeContainerInternal done
Event: 11.553 loading class org/gradle/internal/Pair
Event: 11.553 loading class org/gradle/internal/Pair done
Event: 11.553 loading class org/gradle/api/internal/attributes/AttributeContainerInternal
Event: 11.553 loading class org/gradle/api/internal/attributes/AttributeContainerInternal done
Event: 11.672 Executing VM operation: G1CollectForAllocation


Dynamic libraries:
0x00007ff7b2290000 - 0x00007ff7b229a000 	C:\Program Files\Android\Android Studio\jre\bin\java.exe
0x00007ffff0b20000 - 0x00007ffff0d27000 	C:\WINDOWS\SYSTEM32\ntdll.dll
0x00007fffef6d0000 - 0x00007fffef78d000 	C:\WINDOWS\System32\KERNEL32.DLL
0x00007fffee1b0000 - 0x00007fffee524000 	C:\WINDOWS\System32\KERNELBASE.dll
0x00007fffee530000 - 0x00007fffee641000 	C:\WINDOWS\System32\ucrtbase.dll
0x00007fffd95f0000 - 0x00007fffd9609000 	C:\Program Files\Android\Android Studio\jre\bin\jli.dll
0x00007fffe8e40000 - 0x00007fffe8e57000 	C:\Program Files\Android\Android Studio\jre\bin\VCRUNTIME140.dll
0x00007fffeef40000 - 0x00007fffef0ec000 	C:\WINDOWS\System32\USER32.dll
0x00007fffd9fb0000 - 0x00007fffda255000 	C:\WINDOWS\WinSxS\amd64_microsoft.windows.common-controls_6595b64144ccf1df_6.0.22000.120_none_9d947278b86cc467\COMCTL32.dll
0x00007fffee650000 - 0x00007fffee676000 	C:\WINDOWS\System32\win32u.dll
0x00007fffeea70000 - 0x00007fffeeb13000 	C:\WINDOWS\System32\msvcrt.dll
0x00007fffeed00000 - 0x00007fffeed29000 	C:\WINDOWS\System32\GDI32.dll
0x00007fffee7f0000 - 0x00007fffee902000 	C:\WINDOWS\System32\gdi32full.dll
0x00007fffee910000 - 0x00007fffee9ad000 	C:\WINDOWS\System32\msvcp_win.dll
0x00007fffeff60000 - 0x00007fffeff91000 	C:\WINDOWS\System32\IMM32.DLL
0x00007fffc37d0000 - 0x00007fffc386d000 	C:\Program Files\Android\Android Studio\jre\bin\msvcp140.dll
0x00007fffaa510000 - 0x00007fffaafdf000 	C:\Program Files\Android\Android Studio\jre\bin\server\jvm.dll
0x00007fffee9b0000 - 0x00007fffeea5c000 	C:\WINDOWS\System32\ADVAPI32.dll
0x00007fffef190000 - 0x00007fffef22d000 	C:\WINDOWS\System32\sechost.dll
0x00007fffefe30000 - 0x00007fffeff51000 	C:\WINDOWS\System32\RPCRT4.dll
0x00007fffeef30000 - 0x00007fffeef38000 	C:\WINDOWS\System32\PSAPI.DLL
0x00007fffe1730000 - 0x00007fffe1739000 	C:\WINDOWS\SYSTEM32\WSOCK32.dll
0x00007fffe9b20000 - 0x00007fffe9b53000 	C:\WINDOWS\SYSTEM32\WINMM.dll
0x00007fffef950000 - 0x00007fffef9bf000 	C:\WINDOWS\System32\WS2_32.dll
0x00007fffe66b0000 - 0x00007fffe66ba000 	C:\WINDOWS\SYSTEM32\VERSION.dll
0x00007fffed130000 - 0x00007fffed148000 	C:\WINDOWS\SYSTEM32\kernel.appcore.dll
0x00007fffe2510000 - 0x00007fffe2521000 	C:\Program Files\Android\Android Studio\jre\bin\verify.dll
0x00007fffe7800000 - 0x00007fffe7a21000 	C:\WINDOWS\SYSTEM32\DBGHELP.DLL
0x00007fffde060000 - 0x00007fffde091000 	C:\WINDOWS\SYSTEM32\dbgcore.DLL
0x00007fffee130000 - 0x00007fffee1b0000 	C:\WINDOWS\System32\bcryptPrimitives.dll
0x00007fffe24e0000 - 0x00007fffe2509000 	C:\Program Files\Android\Android Studio\jre\bin\java.dll
0x00007fffeaa50000 - 0x00007fffeaa5b000 	C:\Program Files\Android\Android Studio\jre\bin\jimage.dll
0x00007fffe1210000 - 0x00007fffe1228000 	C:\Program Files\Android\Android Studio\jre\bin\zip.dll
0x00007fffeffb0000 - 0x00007ffff0759000 	C:\WINDOWS\System32\SHELL32.dll
0x00007fffec1b0000 - 0x00007fffeca12000 	C:\WINDOWS\SYSTEM32\windows.storage.dll
0x00007ffff0760000 - 0x00007ffff0ad8000 	C:\WINDOWS\System32\combase.dll
0x00007fffec040000 - 0x00007fffec1a6000 	C:\WINDOWS\SYSTEM32\wintypes.dll
0x00007fffef4f0000 - 0x00007fffef5da000 	C:\WINDOWS\System32\SHCORE.dll
0x00007fffef480000 - 0x00007fffef4dd000 	C:\WINDOWS\System32\shlwapi.dll
0x00007fffedf30000 - 0x00007fffedf51000 	C:\WINDOWS\SYSTEM32\profapi.dll
0x00007fffe10b0000 - 0x00007fffe10ca000 	C:\Program Files\Android\Android Studio\jre\bin\net.dll
0x00007fffe75b0000 - 0x00007fffe76bc000 	C:\WINDOWS\SYSTEM32\WINHTTP.dll
0x00007fffed540000 - 0x00007fffed5a7000 	C:\WINDOWS\system32\mswsock.dll
0x00007fffe0420000 - 0x00007fffe0434000 	C:\Program Files\Android\Android Studio\jre\bin\nio.dll
0x00007fffd9610000 - 0x00007fffd9637000 	C:\Users\acer\.gradle\native\fdc75f09e3144964f2cf3f50f0aa648679c211496f362492102eb8c894070792\windows-amd64\native-platform.dll
0x00007fffd18b0000 - 0x00007fffd1a46000 	C:\Users\acer\.gradle\native\12488b8bf47d2d4c9fbf2f6322a914ad602e24e48041cd04a747c6da556b65c4\windows-amd64\native-platform-file-events.dll
0x00007fffe9b60000 - 0x00007fffe9b6a000 	C:\Program Files\Android\Android Studio\jre\bin\management.dll
0x00007fffe99c0000 - 0x00007fffe99cc000 	C:\Program Files\Android\Android Studio\jre\bin\management_ext.dll
0x00007fffed790000 - 0x00007fffed7a8000 	C:\WINDOWS\SYSTEM32\CRYPTSP.dll
0x00007fffed090000 - 0x00007fffed0c5000 	C:\WINDOWS\system32\rsaenh.dll
0x00007fffed630000 - 0x00007fffed659000 	C:\WINDOWS\SYSTEM32\USERENV.dll
0x00007fffed900000 - 0x00007fffed927000 	C:\WINDOWS\SYSTEM32\bcrypt.dll
0x00007fffed780000 - 0x00007fffed78c000 	C:\WINDOWS\SYSTEM32\CRYPTBASE.dll
0x00007fffecc70000 - 0x00007fffecc9d000 	C:\WINDOWS\SYSTEM32\IPHLPAPI.DLL
0x00007fffef4e0000 - 0x00007fffef4e9000 	C:\WINDOWS\System32\NSI.dll
0x00007fffe7a40000 - 0x00007fffe7a59000 	C:\WINDOWS\SYSTEM32\dhcpcsvc6.DLL
0x00007fffe85a0000 - 0x00007fffe85be000 	C:\WINDOWS\SYSTEM32\dhcpcsvc.DLL
0x00007fffecca0000 - 0x00007fffecd87000 	C:\WINDOWS\SYSTEM32\DNSAPI.dll
0x00007fffe7a30000 - 0x00007fffe7a3c000 	C:\WINDOWS\SYSTEM32\WINNSI.DLL

dbghelp: loaded successfully - version: 4.0.5 - missing functions: none
symbol engine: initialized successfully - sym options: 0x614 - pdb path: .;C:\Program Files\Android\Android Studio\jre\bin;C:\WINDOWS\SYSTEM32;C:\WINDOWS\WinSxS\amd64_microsoft.windows.common-controls_6595b64144ccf1df_6.0.22000.120_none_9d947278b86cc467;C:\Program Files\Android\Android Studio\jre\bin\server;C:\Users\acer\.gradle\native\fdc75f09e3144964f2cf3f50f0aa648679c211496f362492102eb8c894070792\windows-amd64;C:\Users\acer\.gradle\native\12488b8bf47d2d4c9fbf2f6322a914ad602e24e48041cd04a747c6da556b65c4\windows-amd64

VM Arguments:
jvm_args: --add-opens=java.base/java.util=ALL-UNNAMED --add-opens=java.base/java.lang=ALL-UNNAMED --add-opens=java.base/java.lang.invoke=ALL-UNNAMED --add-opens=java.prefs/java.util.prefs=ALL-UNNAMED -Xmx2048m -Dfile.encoding=UTF-8 -Duser.country=US -Duser.language=en -Duser.variant 
java_command: org.gradle.launcher.daemon.bootstrap.GradleDaemon 6.7.1
java_class_path (initial): C:\Users\acer\.gradle\wrapper\dists\gradle-6.7.1-bin\bwlcbys1h7rz3272sye1xwiv6\gradle-6.7.1\lib\gradle-launcher-6.7.1.jar
Launcher Type: SUN_STANDARD

[Global flags]
     intx CICompilerCount                          = 4                                         {product} {ergonomic}
     uint ConcGCThreads                            = 2                                         {product} {ergonomic}
     uint G1ConcRefinementThreads                  = 8                                         {product} {ergonomic}
   size_t G1HeapRegionSize                         = 1048576                                   {product} {ergonomic}
    uintx GCDrainStackTargetSize                   = 64                                        {product} {ergonomic}
   size_t InitialHeapSize                          = 100663296                                 {product} {ergonomic}
   size_t MarkStackSize                            = 4194304                                   {product} {ergonomic}
   size_t MaxHeapSize                              = 2147483648                                {product} {command line}
   size_t MaxNewSize                               = 1287651328                                {product} {ergonomic}
   size_t MinHeapDeltaBytes                        = 1048576                                   {product} {ergonomic}
    uintx NonNMethodCodeHeapSize                   = 5836300                                {pd product} {ergonomic}
    uintx NonProfiledCodeHeapSize                  = 122910970                              {pd product} {ergonomic}
    uintx ProfiledCodeHeapSize                     = 122910970                              {pd product} {ergonomic}
    uintx ReservedCodeCacheSize                    = 251658240                              {pd product} {ergonomic}
     bool SegmentedCodeCache                       = true                                      {product} {ergonomic}
     bool UseCompressedClassPointers               = true                                 {lp64_product} {ergonomic}
     bool UseCompressedOops                        = true                                 {lp64_product} {ergonomic}
     bool UseG1GC                                  = true                                      {product} {ergonomic}
     bool UseLargePagesIndividualAllocation        = false                                  {pd product} {ergonomic}

Logging:
Log output configuration:
 #0: stdout all=warning uptime,level,tags
 #1: stderr all=off uptime,level,tags

Environment Variables:
PATH=C:\Program Files (x86)\Common Files\Oracle\Java\javapath;C:\WINDOWS\system32;C:\WINDOWS;C:\WINDOWS\System32\Wbem;C:\WINDOWS\System32\WindowsPowerShell\v1.0\;C:\WINDOWS\System32\OpenSSH\;D:\Nodejs\;C:\Program Files\Git\cmd;D:\Xampp\php;C:\ProgramData\ComposerSetup\bin;C:\Users\acer\AppData\Local\Microsoft\WindowsApps;C:\Users\acer\AppData\Local\Programs\Microsoft VS Code\bin;C:\Users\acer\AppData\Roaming\npm;C:\Users\acer\AppData\Roaming\Composer\vendor\bin;C:\Users\acer\AppData\Local\GitHubDesktop\bin;C:\Users\acer\AppData\Local\gitkraken\bin;C:\Users\acer\AppData\Local\Microsoft\WindowsApps;C:\ProgramData\acer\gitkraken\bin
USERNAME=acer
OS=Windows_NT
PROCESSOR_IDENTIFIER=AMD64 Family 23 Model 24 Stepping 1, AuthenticAMD



---------------  S Y S T E M  ---------------

OS: Windows 10 , 64 bit Build 22000 (10.0.22000.120)
OS uptime: 2 days 5:53 hours

CPU:total 8 (initial active 8) (8 cores per cpu, 2 threads per core) family 23 model 24 stepping 1 microcode 0x0, cmov, cx8, fxsr, mmx, sse, sse2, sse3, ssse3, sse4.1, sse4.2, popcnt, avx, avx2, aes, clmul, mmxext, 3dnowpref, lzcnt, sse4a, ht, tsc, tscinvbit, tscinv, bmi1, bmi2, adx, s

Memory: 4k page, system-wide physical 6082M (315M free)
TotalPageFile size 14082M (AvailPageFile size 11M)
current process WorkingSet (physical memory assigned to process): 350M, peak: 351M
current process commit charge ("private bytes"): 390M, peak: 418M

vm_info: OpenJDK 64-Bit Server VM (11.0.10+0-b96-7249189) for windows-amd64 JRE (11.0.10+0-b96-7249189), built on Mar 31 2021 21:44:00 by "builder" with MS VC++ 14.0 (VS2015)

END.
