#
# There is insufficient memory for the Java Runtime Environment to continue.
# Native memory allocation (mmap) failed to map 29360128 bytes for Failed to commit area from 0x0000000088c00000 to 0x000000008a800000 of length 29360128.
# Possible reasons:
#   The system is out of physical RAM or swap space
#   The process is running with CompressedOops enabled, and the Java Heap may be blocking the growth of the native heap
# Possible solutions:
#   Reduce memory load on the system
#   Increase physical memory or swap space
#   Check if swap backing store is full
#   Decrease Java heap size (-Xmx/-Xms)
#   Decrease number of Java threads
#   Decrease Java thread stack sizes (-Xss)
#   Set larger code cache with -XX:ReservedCodeCacheSize=
#   JVM is running with Unscaled Compressed Oops mode in which the Java heap is
#     placed in the first 4GB address space. The Java Heap base address is the
#     maximum limit for the native heap growth. Please use -XX:HeapBaseMinAddress
#     to set the Java Heap base and to place the Java Heap above 4GB virtual address.
# This output file may be truncated or incomplete.
#
#  Out of Memory Error (./src/hotspot/os/windows/os_windows.cpp:3301), pid=14492, tid=9212
#
# JRE version: OpenJDK Runtime Environment (11.0.10) (build 11.0.10+0-b96-7249189)
# Java VM: OpenJDK 64-Bit Server VM (11.0.10+0-b96-7249189, mixed mode, tiered, compressed oops, g1 gc, windows-amd64)
# No core dump will be written. Minidumps are not enabled by default on client versions of Windows
#

---------------  S U M M A R Y ------------

Command Line: --add-opens=java.base/java.util=ALL-UNNAMED --add-opens=java.base/java.lang=ALL-UNNAMED --add-opens=java.base/java.lang.invoke=ALL-UNNAMED --add-opens=java.prefs/java.util.prefs=ALL-UNNAMED -Xmx2048m -Dfile.encoding=UTF-8 -Duser.country=US -Duser.language=en -Duser.variant org.gradle.launcher.daemon.bootstrap.GradleDaemon 6.7.1

Host: AMD Ryzen 5 3550H with Radeon Vega Mobile Gfx  , 8 cores, 5G,  Windows 10 , 64 bit Build 22000 (10.0.22000.120)
Time: Fri Oct 15 19:56:49 2021 SE Asia Standard Time elapsed time: 10.212264 seconds (0d 0h 0m 10s)

---------------  T H R E A D  ---------------

Current thread (0x0000021ba6397000):  VMThread "VM Thread" [stack: 0x000000223c000000,0x000000223c100000] [id=9212]

Stack: [0x000000223c000000,0x000000223c100000]
[error occurred during error reporting (printing stack bounds), id 0xc0000005, EXCEPTION_ACCESS_VIOLATION (0xc0000005) at pc=0x0000021b8fa30f2d]

Native frames: (J=compiled Java code, j=interpreted, Vv=VM code, C=native code)
V  [jvm.dll+0x5ecfaa]
V  [jvm.dll+0x722bd5]
V  [jvm.dll+0x72412d]
V  [jvm.dll+0x724745]
V  [jvm.dll+0x7246fb]
V  [jvm.dll+0x5ec348]
V  [jvm.dll+0x5ecad8]
C  [ntdll.dll+0xa826f]
C  [ntdll.dll+0x359ca]
C  [ntdll.dll+0xa727e]
C  0x0000021b8fa30f2d

VM_Operation (0x000000223f1fbb70): G1CollectForAllocation, mode: safepoint, requested by thread 0x0000021ba880c000


---------------  P R O C E S S  ---------------

Threads class SMR info:
_java_thread_list=0x0000021bab35f240, length=148, elements={
0x0000021b8bf3d000, 0x0000021ba639b000, 0x0000021ba63a5000, 0x0000021ba63b2800,
0x0000021ba63b3800, 0x0000021ba63b5800, 0x0000021ba63b8800, 0x0000021ba63c5800,
0x0000021ba63d0000, 0x0000021ba6ebb000, 0x0000021ba7f14800, 0x0000021ba8dc8000,
0x0000021ba8dca800, 0x0000021ba8dcc800, 0x0000021ba8dcd000, 0x0000021ba8dcb800,
0x0000021ba8dc9000, 0x0000021ba8dca000, 0x0000021ba8dce000, 0x0000021ba8dce800,
0x0000021ba87fd800, 0x0000021ba8804000, 0x0000021ba8801800, 0x0000021ba8803800,
0x0000021ba8800000, 0x0000021ba87ff000, 0x0000021ba8802800, 0x0000021ba87fe800,
0x0000021ba8805000, 0x0000021ba8805800, 0x0000021ba880a800, 0x0000021ba880b800,
0x0000021ba8807800, 0x0000021ba8808000, 0x0000021ba8809000, 0x0000021ba880a000,
0x0000021ba880c000, 0x0000021ba9ae9000, 0x0000021ba9aea000, 0x0000021ba9ae8800,
0x0000021ba9aeb000, 0x0000021ba9ae7800, 0x0000021ba9aeb800, 0x0000021ba9ae6000,
0x0000021ba9aec800, 0x0000021ba9ae6800, 0x0000021ba9aef800, 0x0000021ba9af3000,
0x0000021ba9af0800, 0x0000021ba9aed000, 0x0000021ba9af2000, 0x0000021ba9af1800,
0x0000021ba9af4000, 0x0000021ba9aef000, 0x0000021ba9aee000, 0x0000021ba9af4800,
0x0000021ba7ab3000, 0x0000021ba7ab1000, 0x0000021ba7ab3800, 0x0000021ba7ab2000,
0x0000021ba7ab4800, 0x0000021ba7ab6000, 0x0000021ba7ab5000, 0x0000021ba7ab0800,
0x0000021ba7ab9800, 0x0000021ba7abc800, 0x0000021ba7ab8800, 0x0000021ba7ab7800,
0x0000021ba7ab7000, 0x0000021ba7abe000, 0x0000021ba7abb000, 0x0000021ba7aba000,
0x0000021ba7abd800, 0x0000021ba7abb800, 0x0000021ba7abf000, 0x0000021ba98c9000,
0x0000021ba98cc000, 0x0000021ba98cf800, 0x0000021ba98c9800, 0x0000021ba98ce000,
0x0000021ba98ce800, 0x0000021ba98d0000, 0x0000021ba98ca800, 0x0000021ba98cd000,
0x0000021ba98d1000, 0x0000021ba98cb800, 0x0000021ba98d6000, 0x0000021ba98d7800,
0x0000021ba98d5000, 0x0000021ba98d4800, 0x0000021ba98d7000, 0x0000021ba98d2800,
0x0000021ba98d3800, 0x0000021ba98d2000, 0x0000021ba7348800, 0x0000021ba734a000,
0x0000021ba7349000, 0x0000021ba734c800, 0x0000021ba734d000, 0x0000021ba734b000,
0x0000021ba7347800, 0x0000021ba7351800, 0x0000021ba734f800, 0x0000021ba734b800,
0x0000021ba7352000, 0x0000021ba7350800, 0x0000021ba7354000, 0x0000021ba734f000,
0x0000021ba7353000, 0x0000021ba734e000, 0x0000021ba7354800, 0x0000021ba7355800,
0x0000021ba7356000, 0x0000021bab97a000, 0x0000021bab975000, 0x0000021bab974000,
0x0000021bab976800, 0x0000021bab97b000, 0x0000021bab97b800, 0x0000021bab976000,
0x0000021bab977800, 0x0000021bab97d000, 0x0000021bab97e000, 0x0000021bab97c800,
0x0000021bab978800, 0x0000021bab97f000, 0x0000021bab979000, 0x0000021bab983000,
0x0000021bab980800, 0x0000021bab982000, 0x0000021bab97f800, 0x0000021bab981800,
0x0000021baba18000, 0x0000021baba1f000, 0x0000021baba1c800, 0x0000021baba19000,
0x0000021baba1f800, 0x0000021baba1a000, 0x0000021baba1d000, 0x0000021baba1a800,
0x0000021baba21000, 0x0000021baba1b800, 0x0000021baba22000, 0x0000021baba23000,
0x0000021baba23800, 0x0000021baba1e000, 0x0000021baba24800, 0x0000021baba25800
}

Java Threads: ( => current thread )
  0x0000021b8bf3d000 JavaThread "main" [_thread_blocked, id=14260, stack(0x000000223ba00000,0x000000223bb00000)]
  0x0000021ba639b000 JavaThread "Reference Handler" daemon [_thread_blocked, id=9744, stack(0x000000223c100000,0x000000223c200000)]
  0x0000021ba63a5000 JavaThread "Finalizer" daemon [_thread_blocked, id=5748, stack(0x000000223c200000,0x000000223c300000)]
  0x0000021ba63b2800 JavaThread "Signal Dispatcher" daemon [_thread_blocked, id=11796, stack(0x000000223c300000,0x000000223c400000)]
  0x0000021ba63b3800 JavaThread "Attach Listener" daemon [_thread_blocked, id=13316, stack(0x000000223c400000,0x000000223c500000)]
  0x0000021ba63b5800 JavaThread "Service Thread" daemon [_thread_blocked, id=9008, stack(0x000000223c500000,0x000000223c600000)]
  0x0000021ba63b8800 JavaThread "C2 CompilerThread0" daemon [_thread_blocked, id=14896, stack(0x000000223c600000,0x000000223c700000)]
  0x0000021ba63c5800 JavaThread "C1 CompilerThread0" daemon [_thread_blocked, id=13720, stack(0x000000223c700000,0x000000223c800000)]
  0x0000021ba63d0000 JavaThread "Sweeper thread" daemon [_thread_blocked, id=7360, stack(0x000000223c800000,0x000000223c900000)]
  0x0000021ba6ebb000 JavaThread "Common-Cleaner" daemon [_thread_blocked, id=7432, stack(0x000000223c900000,0x000000223ca00000)]
  0x0000021ba7f14800 JavaThread "Daemon health stats" [_thread_blocked, id=7408, stack(0x000000223cc00000,0x000000223cd00000)]
  0x0000021ba8dc8000 JavaThread "Incoming local TCP Connector on port 55568" [_thread_in_native, id=12592, stack(0x000000223cf00000,0x000000223d000000)]
  0x0000021ba8dca800 JavaThread "Daemon periodic checks" [_thread_blocked, id=7304, stack(0x000000223d000000,0x000000223d100000)]
  0x0000021ba8dcc800 JavaThread "Daemon" [_thread_blocked, id=6564, stack(0x000000223d100000,0x000000223d200000)]
  0x0000021ba8dcd000 JavaThread "Handler for socket connection from /127.0.0.1:55568 to /127.0.0.1:55569" [_thread_in_native, id=3572, stack(0x000000223d200000,0x000000223d300000)]
  0x0000021ba8dcb800 JavaThread "Cancel handler" [_thread_blocked, id=3764, stack(0x000000223db00000,0x000000223dc00000)]
  0x0000021ba8dc9000 JavaThread "Daemon worker" [_thread_blocked, id=12404, stack(0x000000223dc00000,0x000000223dd00000)]
  0x0000021ba8dca000 JavaThread "Asynchronous log dispatcher for DefaultDaemonConnection: socket connection from /127.0.0.1:55568 to /127.0.0.1:55569" [_thread_blocked, id=8488, stack(0x000000223dd00000,0x000000223de00000)]
  0x0000021ba8dce000 JavaThread "Stdin handler" [_thread_blocked, id=12124, stack(0x000000223de00000,0x000000223df00000)]
  0x0000021ba8dce800 JavaThread "Thread-8" [_thread_blocked, id=9196, stack(0x000000223df00000,0x000000223e000000)]
  0x0000021ba87fd800 JavaThread "Cache worker for file hash cache (C:\Users\acer\.gradle\caches\6.7.1\fileHashes)" [_thread_blocked, id=8880, stack(0x000000223e000000,0x000000223e100000)]
  0x0000021ba8804000 JavaThread "File lock request listener" [_thread_in_native, id=2376, stack(0x000000223e100000,0x000000223e200000)]
  0x0000021ba8801800 JavaThread "Cache worker for journal cache (C:\Users\acer\.gradle\caches\journal-1)" [_thread_blocked, id=13800, stack(0x000000223e300000,0x000000223e400000)]
  0x0000021ba8803800 JavaThread "Cache worker for file hash cache (D:\Du an truong\DuanPhonestore\.gradle\6.7.1\fileHashes)" [_thread_blocked, id=2748, stack(0x000000223e400000,0x000000223e500000)]
  0x0000021ba8800000 JavaThread "Cache worker for checksums cache (D:\Du an truong\DuanPhonestore\.gradle\checksums)" [_thread_blocked, id=9528, stack(0x000000223e500000,0x000000223e600000)]
  0x0000021ba87ff000 JavaThread "Cache worker for cache directory md-supplier (C:\Users\acer\.gradle\caches\6.7.1\md-supplier)" [_thread_blocked, id=8356, stack(0x000000223e600000,0x000000223e700000)]
  0x0000021ba8802800 JavaThread "Cache worker for cache directory md-rule (C:\Users\acer\.gradle\caches\6.7.1\md-rule)" [_thread_blocked, id=9540, stack(0x000000223e700000,0x000000223e800000)]
  0x0000021ba87fe800 JavaThread "Cache worker for execution history cache (C:\Users\acer\.gradle\caches\6.7.1\executionHistory)" [_thread_blocked, id=5256, stack(0x000000223e800000,0x000000223e900000)]
  0x0000021ba8805000 JavaThread "jar transforms" [_thread_blocked, id=5652, stack(0x000000223e900000,0x000000223ea00000)]
  0x0000021ba8805800 JavaThread "Cache worker for file content cache (C:\Users\acer\.gradle\caches\6.7.1\fileContent)" [_thread_blocked, id=9184, stack(0x000000223ea00000,0x000000223eb00000)]
  0x0000021ba880a800 JavaThread "Cache worker for Build Output Cleanup Cache (D:\Du an truong\DuanPhonestore\.gradle\buildOutputCleanup)" [_thread_blocked, id=3320, stack(0x000000223eb00000,0x000000223ec00000)]
  0x0000021ba880b800 JavaThread "Build operations" [_thread_blocked, id=10880, stack(0x000000223ec00000,0x000000223ed00000)]
  0x0000021ba8807800 JavaThread "Build operations Thread 2" [_thread_blocked, id=6024, stack(0x000000223ed00000,0x000000223ee00000)]
  0x0000021ba8808000 JavaThread "Build operations Thread 3" [_thread_blocked, id=15308, stack(0x000000223ee00000,0x000000223ef00000)]
  0x0000021ba8809000 JavaThread "Build operations Thread 4" [_thread_blocked, id=180, stack(0x000000223ef00000,0x000000223f000000)]
  0x0000021ba880a000 JavaThread "Build operations Thread 5" [_thread_blocked, id=12940, stack(0x000000223f000000,0x000000223f100000)]
  0x0000021ba880c000 JavaThread "Build operations Thread 6" [_thread_blocked, id=13584, stack(0x000000223f100000,0x000000223f200000)]
  0x0000021ba9ae9000 JavaThread "Build operations Thread 7" [_thread_blocked, id=14428, stack(0x000000223f200000,0x000000223f300000)]
  0x0000021ba9aea000 JavaThread "Build operations Thread 8" [_thread_blocked, id=13412, stack(0x000000223f300000,0x000000223f400000)]
  0x0000021ba9ae8800 JavaThread "jar transforms Thread 2" [_thread_blocked, id=5092, stack(0x000000223f400000,0x000000223f500000)]
  0x0000021ba9aeb000 JavaThread "jar transforms Thread 3" [_thread_blocked, id=7200, stack(0x000000223f500000,0x000000223f600000)]
  0x0000021ba9ae7800 JavaThread "jar transforms Thread 4" [_thread_blocked, id=13208, stack(0x000000223f600000,0x000000223f700000)]
  0x0000021ba9aeb800 JavaThread "jar transforms Thread 5" [_thread_blocked, id=7716, stack(0x000000223f700000,0x000000223f800000)]
  0x0000021ba9ae6000 JavaThread "jar transforms Thread 6" [_thread_blocked, id=14276, stack(0x000000223f800000,0x000000223f900000)]
  0x0000021ba9aec800 JavaThread "jar transforms Thread 7" [_thread_blocked, id=4084, stack(0x000000223f900000,0x000000223fa00000)]
  0x0000021ba9ae6800 JavaThread "jar transforms Thread 8" [_thread_blocked, id=11080, stack(0x000000223fa00000,0x000000223fb00000)]
  0x0000021ba9aef800 JavaThread "jar transforms Thread 9" [_thread_blocked, id=1784, stack(0x000000223fb00000,0x000000223fc00000)]
  0x0000021ba9af3000 JavaThread "jar transforms Thread 10" [_thread_blocked, id=14924, stack(0x000000223fc00000,0x000000223fd00000)]
  0x0000021ba9af0800 JavaThread "jar transforms Thread 11" [_thread_blocked, id=14136, stack(0x000000223fd00000,0x000000223fe00000)]
  0x0000021ba9aed000 JavaThread "jar transforms Thread 12" [_thread_blocked, id=8228, stack(0x000000223fe00000,0x000000223ff00000)]
  0x0000021ba9af2000 JavaThread "jar transforms Thread 13" [_thread_blocked, id=14448, stack(0x000000223ff00000,0x0000002240000000)]
  0x0000021ba9af1800 JavaThread "jar transforms Thread 14" [_thread_blocked, id=9720, stack(0x0000002240000000,0x0000002240100000)]
  0x0000021ba9af4000 JavaThread "jar transforms Thread 15" [_thread_blocked, id=13364, stack(0x0000002240100000,0x0000002240200000)]
  0x0000021ba9aef000 JavaThread "jar transforms Thread 16" [_thread_blocked, id=9236, stack(0x0000002240200000,0x0000002240300000)]
  0x0000021ba9aee000 JavaThread "jar transforms Thread 17" [_thread_blocked, id=14356, stack(0x0000002240300000,0x0000002240400000)]
  0x0000021ba9af4800 JavaThread "jar transforms Thread 18" [_thread_blocked, id=1860, stack(0x0000002240400000,0x0000002240500000)]
  0x0000021ba7ab3000 JavaThread "jar transforms Thread 19" [_thread_blocked, id=15188, stack(0x0000002240500000,0x0000002240600000)]
  0x0000021ba7ab1000 JavaThread "jar transforms Thread 20" [_thread_blocked, id=14280, stack(0x0000002240600000,0x0000002240700000)]
  0x0000021ba7ab3800 JavaThread "jar transforms Thread 21" [_thread_blocked, id=8188, stack(0x0000002240700000,0x0000002240800000)]
  0x0000021ba7ab2000 JavaThread "jar transforms Thread 22" [_thread_blocked, id=14024, stack(0x0000002240800000,0x0000002240900000)]
  0x0000021ba7ab4800 JavaThread "jar transforms Thread 23" [_thread_blocked, id=10920, stack(0x0000002240900000,0x0000002240a00000)]
  0x0000021ba7ab6000 JavaThread "jar transforms Thread 24" [_thread_blocked, id=5396, stack(0x0000002240a00000,0x0000002240b00000)]
  0x0000021ba7ab5000 JavaThread "jar transforms Thread 25" [_thread_blocked, id=10628, stack(0x0000002240b00000,0x0000002240c00000)]
  0x0000021ba7ab0800 JavaThread "jar transforms Thread 26" [_thread_blocked, id=14080, stack(0x0000002240c00000,0x0000002240d00000)]
  0x0000021ba7ab9800 JavaThread "jar transforms Thread 27" [_thread_blocked, id=8020, stack(0x0000002240d00000,0x0000002240e00000)]
  0x0000021ba7abc800 JavaThread "jar transforms Thread 28" [_thread_blocked, id=5260, stack(0x0000002240e00000,0x0000002240f00000)]
  0x0000021ba7ab8800 JavaThread "jar transforms Thread 29" [_thread_blocked, id=7944, stack(0x0000002240f00000,0x0000002241000000)]
  0x0000021ba7ab7800 JavaThread "jar transforms Thread 30" [_thread_blocked, id=11148, stack(0x0000002241000000,0x0000002241100000)]
  0x0000021ba7ab7000 JavaThread "jar transforms Thread 31" [_thread_blocked, id=8500, stack(0x0000002241100000,0x0000002241200000)]
  0x0000021ba7abe000 JavaThread "jar transforms Thread 32" [_thread_blocked, id=4948, stack(0x0000002241200000,0x0000002241300000)]
  0x0000021ba7abb000 JavaThread "jar transforms Thread 33" [_thread_blocked, id=2316, stack(0x0000002241300000,0x0000002241400000)]
  0x0000021ba7aba000 JavaThread "jar transforms Thread 34" [_thread_blocked, id=7916, stack(0x0000002241400000,0x0000002241500000)]
  0x0000021ba7abd800 JavaThread "jar transforms Thread 35" [_thread_blocked, id=11536, stack(0x0000002241500000,0x0000002241600000)]
  0x0000021ba7abb800 JavaThread "jar transforms Thread 36" [_thread_blocked, id=13328, stack(0x0000002241600000,0x0000002241700000)]
  0x0000021ba7abf000 JavaThread "jar transforms Thread 37" [_thread_blocked, id=14452, stack(0x0000002241700000,0x0000002241800000)]
  0x0000021ba98c9000 JavaThread "jar transforms Thread 38" [_thread_blocked, id=3972, stack(0x0000002241800000,0x0000002241900000)]
  0x0000021ba98cc000 JavaThread "jar transforms Thread 39" [_thread_blocked, id=12708, stack(0x0000002241900000,0x0000002241a00000)]
  0x0000021ba98cf800 JavaThread "jar transforms Thread 40" [_thread_blocked, id=13992, stack(0x0000002241a00000,0x0000002241b00000)]
  0x0000021ba98c9800 JavaThread "jar transforms Thread 41" [_thread_blocked, id=5584, stack(0x0000002241b00000,0x0000002241c00000)]
  0x0000021ba98ce000 JavaThread "jar transforms Thread 42" [_thread_blocked, id=5008, stack(0x0000002241c00000,0x0000002241d00000)]
  0x0000021ba98ce800 JavaThread "jar transforms Thread 43" [_thread_blocked, id=9156, stack(0x0000002241d00000,0x0000002241e00000)]
  0x0000021ba98d0000 JavaThread "jar transforms Thread 44" [_thread_blocked, id=288, stack(0x0000002241e00000,0x0000002241f00000)]
  0x0000021ba98ca800 JavaThread "jar transforms Thread 45" [_thread_blocked, id=10564, stack(0x0000002241f00000,0x0000002242000000)]
  0x0000021ba98cd000 JavaThread "jar transforms Thread 46" [_thread_blocked, id=9508, stack(0x0000002242000000,0x0000002242100000)]
  0x0000021ba98d1000 JavaThread "jar transforms Thread 47" [_thread_blocked, id=7440, stack(0x0000002242100000,0x0000002242200000)]
  0x0000021ba98cb800 JavaThread "jar transforms Thread 48" [_thread_blocked, id=12344, stack(0x0000002242200000,0x0000002242300000)]
  0x0000021ba98d6000 JavaThread "jar transforms Thread 49" [_thread_blocked, id=1792, stack(0x0000002242300000,0x0000002242400000)]
  0x0000021ba98d7800 JavaThread "jar transforms Thread 50" [_thread_blocked, id=13216, stack(0x0000002242400000,0x0000002242500000)]
  0x0000021ba98d5000 JavaThread "jar transforms Thread 51" [_thread_blocked, id=6736, stack(0x0000002242500000,0x0000002242600000)]
  0x0000021ba98d4800 JavaThread "jar transforms Thread 52" [_thread_blocked, id=4596, stack(0x0000002242600000,0x0000002242700000)]
  0x0000021ba98d7000 JavaThread "jar transforms Thread 53" [_thread_blocked, id=14140, stack(0x0000002242700000,0x0000002242800000)]
  0x0000021ba98d2800 JavaThread "jar transforms Thread 54" [_thread_blocked, id=15092, stack(0x0000002242800000,0x0000002242900000)]
  0x0000021ba98d3800 JavaThread "jar transforms Thread 55" [_thread_blocked, id=15280, stack(0x0000002242900000,0x0000002242a00000)]
  0x0000021ba98d2000 JavaThread "jar transforms Thread 56" [_thread_blocked, id=8288, stack(0x0000002242a00000,0x0000002242b00000)]
  0x0000021ba7348800 JavaThread "jar transforms Thread 57" [_thread_blocked, id=3936, stack(0x0000002242b00000,0x0000002242c00000)]
  0x0000021ba734a000 JavaThread "jar transforms Thread 58" [_thread_blocked, id=15084, stack(0x0000002242c00000,0x0000002242d00000)]
  0x0000021ba7349000 JavaThread "jar transforms Thread 59" [_thread_blocked, id=15128, stack(0x0000002242d00000,0x0000002242e00000)]
  0x0000021ba734c800 JavaThread "jar transforms Thread 60" [_thread_blocked, id=13704, stack(0x0000002242e00000,0x0000002242f00000)]
  0x0000021ba734d000 JavaThread "jar transforms Thread 61" [_thread_blocked, id=11988, stack(0x0000002242f00000,0x0000002243000000)]
  0x0000021ba734b000 JavaThread "jar transforms Thread 62" [_thread_blocked, id=11364, stack(0x0000002243000000,0x0000002243100000)]
  0x0000021ba7347800 JavaThread "jar transforms Thread 63" [_thread_blocked, id=14044, stack(0x0000002243100000,0x0000002243200000)]
  0x0000021ba7351800 JavaThread "jar transforms Thread 64" [_thread_blocked, id=14212, stack(0x0000002243200000,0x0000002243300000)]
  0x0000021ba734f800 JavaThread "jar transforms Thread 65" [_thread_blocked, id=2660, stack(0x0000002243300000,0x0000002243400000)]
  0x0000021ba734b800 JavaThread "jar transforms Thread 66" [_thread_blocked, id=3308, stack(0x0000002243400000,0x0000002243500000)]
  0x0000021ba7352000 JavaThread "jar transforms Thread 67" [_thread_blocked, id=5580, stack(0x0000002243500000,0x0000002243600000)]
  0x0000021ba7350800 JavaThread "jar transforms Thread 68" [_thread_blocked, id=4828, stack(0x0000002243600000,0x0000002243700000)]
  0x0000021ba7354000 JavaThread "jar transforms Thread 69" [_thread_blocked, id=6044, stack(0x0000002243700000,0x0000002243800000)]
  0x0000021ba734f000 JavaThread "jar transforms Thread 70" [_thread_blocked, id=4516, stack(0x0000002243800000,0x0000002243900000)]
  0x0000021ba7353000 JavaThread "jar transforms Thread 71" [_thread_blocked, id=5716, stack(0x0000002243900000,0x0000002243a00000)]
  0x0000021ba734e000 JavaThread "jar transforms Thread 72" [_thread_blocked, id=1408, stack(0x0000002243a00000,0x0000002243b00000)]
  0x0000021ba7354800 JavaThread "jar transforms Thread 73" [_thread_blocked, id=12512, stack(0x0000002243b00000,0x0000002243c00000)]
  0x0000021ba7355800 JavaThread "jar transforms Thread 74" [_thread_blocked, id=6792, stack(0x0000002243c00000,0x0000002243d00000)]
  0x0000021ba7356000 JavaThread "jar transforms Thread 75" [_thread_blocked, id=8184, stack(0x0000002243d00000,0x0000002243e00000)]
  0x0000021bab97a000 JavaThread "jar transforms Thread 76" [_thread_blocked, id=14008, stack(0x0000002243e00000,0x0000002243f00000)]
  0x0000021bab975000 JavaThread "jar transforms Thread 77" [_thread_blocked, id=15064, stack(0x0000002243f00000,0x0000002244000000)]
  0x0000021bab974000 JavaThread "jar transforms Thread 78" [_thread_blocked, id=7964, stack(0x0000002244000000,0x0000002244100000)]
  0x0000021bab976800 JavaThread "jar transforms Thread 79" [_thread_blocked, id=6612, stack(0x0000002244100000,0x0000002244200000)]
  0x0000021bab97b000 JavaThread "jar transforms Thread 80" [_thread_blocked, id=11376, stack(0x0000002244200000,0x0000002244300000)]
  0x0000021bab97b800 JavaThread "jar transforms Thread 81" [_thread_blocked, id=10440, stack(0x0000002244300000,0x0000002244400000)]
  0x0000021bab976000 JavaThread "jar transforms Thread 82" [_thread_blocked, id=11128, stack(0x0000002244400000,0x0000002244500000)]
  0x0000021bab977800 JavaThread "jar transforms Thread 83" [_thread_blocked, id=6076, stack(0x0000002244500000,0x0000002244600000)]
  0x0000021bab97d000 JavaThread "jar transforms Thread 84" [_thread_blocked, id=13820, stack(0x0000002244600000,0x0000002244700000)]
  0x0000021bab97e000 JavaThread "jar transforms Thread 85" [_thread_blocked, id=10940, stack(0x0000002244700000,0x0000002244800000)]
  0x0000021bab97c800 JavaThread "jar transforms Thread 86" [_thread_blocked, id=13520, stack(0x0000002244800000,0x0000002244900000)]
  0x0000021bab978800 JavaThread "jar transforms Thread 87" [_thread_blocked, id=5928, stack(0x0000002244900000,0x0000002244a00000)]
  0x0000021bab97f000 JavaThread "jar transforms Thread 88" [_thread_blocked, id=14076, stack(0x0000002244a00000,0x0000002244b00000)]
  0x0000021bab979000 JavaThread "jar transforms Thread 89" [_thread_blocked, id=2336, stack(0x0000002244b00000,0x0000002244c00000)]
  0x0000021bab983000 JavaThread "jar transforms Thread 90" [_thread_blocked, id=14104, stack(0x0000002244c00000,0x0000002244d00000)]
  0x0000021bab980800 JavaThread "jar transforms Thread 91" [_thread_blocked, id=13848, stack(0x0000002244d00000,0x0000002244e00000)]
  0x0000021bab982000 JavaThread "jar transforms Thread 92" [_thread_blocked, id=1200, stack(0x0000002244e00000,0x0000002244f00000)]
  0x0000021bab97f800 JavaThread "jar transforms Thread 93" [_thread_blocked, id=14064, stack(0x0000002244f00000,0x0000002245000000)]
  0x0000021bab981800 JavaThread "jar transforms Thread 94" [_thread_blocked, id=11556, stack(0x0000002245000000,0x0000002245100000)]
  0x0000021baba18000 JavaThread "jar transforms Thread 95" [_thread_blocked, id=1496, stack(0x0000002245100000,0x0000002245200000)]
  0x0000021baba1f000 JavaThread "jar transforms Thread 96" [_thread_blocked, id=9724, stack(0x0000002245200000,0x0000002245300000)]
  0x0000021baba1c800 JavaThread "jar transforms Thread 97" [_thread_blocked, id=14096, stack(0x0000002245300000,0x0000002245400000)]
  0x0000021baba19000 JavaThread "jar transforms Thread 98" [_thread_blocked, id=4192, stack(0x0000002245400000,0x0000002245500000)]
  0x0000021baba1f800 JavaThread "jar transforms Thread 99" [_thread_blocked, id=5320, stack(0x0000002245500000,0x0000002245600000)]
  0x0000021baba1a000 JavaThread "Memory manager" [_thread_blocked, id=13772, stack(0x0000002245600000,0x0000002245700000)]
  0x0000021baba1d000 JavaThread "build event listener" [_thread_blocked, id=7020, stack(0x0000002245700000,0x0000002245800000)]
  0x0000021baba1a800 JavaThread "build event listener" [_thread_blocked, id=14188, stack(0x0000002245800000,0x0000002245900000)]
  0x0000021baba21000 JavaThread "Execution worker for ':'" [_thread_blocked, id=13684, stack(0x0000002245900000,0x0000002245a00000)]
  0x0000021baba1b800 JavaThread "Execution worker for ':' Thread 2" [_thread_blocked, id=7376, stack(0x0000002245a00000,0x0000002245b00000)]
  0x0000021baba22000 JavaThread "Execution worker for ':' Thread 3" [_thread_blocked, id=1244, stack(0x0000002245b00000,0x0000002245c00000)]
  0x0000021baba23000 JavaThread "Execution worker for ':' Thread 4" [_thread_blocked, id=3240, stack(0x0000002245c00000,0x0000002245d00000)]
  0x0000021baba23800 JavaThread "Execution worker for ':' Thread 5" [_thread_blocked, id=11484, stack(0x0000002245d00000,0x0000002245e00000)]
  0x0000021baba1e000 JavaThread "Execution worker for ':' Thread 6" [_thread_blocked, id=13232, stack(0x0000002245e00000,0x0000002245f00000)]
  0x0000021baba24800 JavaThread "Execution worker for ':' Thread 7" [_thread_blocked, id=12760, stack(0x0000002245f00000,0x0000002246000000)]
  0x0000021baba25800 JavaThread "Cache worker for execution history cache (D:\Du an truong\DuanPhonestore\.gradle\6.7.1\executionHistory)" [_thread_blocked, id=6432, stack(0x0000002246000000,0x0000002246100000)]

Other Threads:
=>0x0000021ba6397000 VMThread "VM Thread" [stack: 0x000000223c000000,0x000000223c100000] [id=9212]
  0x0000021ba6edc000 WatcherThread [stack: 0x000000223ca00000,0x000000223cb00000] [id=9268]
  0x0000021b8bf56000 GCTaskThread "GC Thread#0" [stack: 0x000000223bb00000,0x000000223bc00000] [id=14056]
  0x0000021ba76f6800 GCTaskThread "GC Thread#1" [stack: 0x000000223cb00000,0x000000223cc00000] [id=11076]
  0x0000021ba7d98800 GCTaskThread "GC Thread#2" [stack: 0x000000223d300000,0x000000223d400000] [id=1004]
  0x0000021ba8604800 GCTaskThread "GC Thread#3" [stack: 0x000000223d400000,0x000000223d500000] [id=7324]
  0x0000021ba7b0e000 GCTaskThread "GC Thread#4" [stack: 0x000000223d500000,0x000000223d600000] [id=13352]
  0x0000021ba7c99800 GCTaskThread "GC Thread#5" [stack: 0x000000223d600000,0x000000223d700000] [id=13376]
  0x0000021ba84a8800 GCTaskThread "GC Thread#6" [stack: 0x000000223d700000,0x000000223d800000] [id=14440]
  0x0000021ba7e56800 GCTaskThread "GC Thread#7" [stack: 0x000000223d800000,0x000000223d900000] [id=5144]
  0x0000021b8bf85800 ConcurrentGCThread "G1 Main Marker" [stack: 0x000000223bc00000,0x000000223bd00000] [id=11420]
  0x0000021b8bf87000 ConcurrentGCThread "G1 Conc#0" [stack: 0x000000223bd00000,0x000000223be00000] [id=2704]
  0x0000021ba91da800 ConcurrentGCThread "G1 Conc#1" [stack: 0x000000223e200000,0x000000223e300000] [id=14020]
  0x0000021b8c010000 ConcurrentGCThread "G1 Refine#0" [stack: 0x000000223be00000,0x000000223bf00000] [id=14084]
  0x0000021ba8470000 ConcurrentGCThread "G1 Refine#1" [stack: 0x000000223d900000,0x000000223da00000] [id=7884]
  0x0000021ba8436800 ConcurrentGCThread "G1 Refine#2" [stack: 0x000000223da00000,0x000000223db00000] [id=5488]
  0x0000021b8c011800 ConcurrentGCThread "G1 Young RemSet Sampling" [stack: 0x000000223bf00000,0x000000223c000000] [id=11472]

Threads with active compile tasks:

VM state:at safepoint (normal execution)

VM Mutex/Monitor currently owned by a thread:  ([mutex/lock_event])
[0x0000021b8bf37310] Threads_lock - owner thread: 0x0000021ba6397000
[0x0000021b8bf375e0] Heap_lock - owner thread: 0x0000021ba880c000

Heap address: 0x0000000080000000, size: 2048 MB, Compressed Oops mode: 32-bit
Narrow klass base: 0x0000000000000000, Narrow klass shift: 3
Compressed class space size: 1073741824 Address: 0x0000000100000000

Heap:
 garbage-first heap   total 172032K, used 61332K [0x0000000080000000, 0x0000000100000000)
  region size 1024K, 8 young (8192K), 8 survivors (8192K)
 Metaspace       used 76009K, capacity 77931K, committed 78080K, reserved 1116160K
  class space    used 9987K, capacity 10691K, committed 10752K, reserved 1048576K
Heap Regions: E=young(eden), S=young(survivor), O=old, HS=humongous(starts), HC=humongous(continues), CS=collection set, F=free, A=archive, TAMS=top-at-mark-start (previous, next)
|   0|0x0000000080000000, 0x0000000080100000, 0x0000000080100000|100%| O|  |TAMS 0x0000000080100000, 0x0000000080000000| Untracked 
|   1|0x0000000080100000, 0x0000000080200000, 0x0000000080200000|100%| O|  |TAMS 0x0000000080200000, 0x0000000080100000| Untracked 
|   2|0x0000000080200000, 0x0000000080300000, 0x0000000080300000|100%| O|  |TAMS 0x0000000080300000, 0x0000000080200000| Untracked 
|   3|0x0000000080300000, 0x0000000080400000, 0x0000000080400000|100%|HS|  |TAMS 0x0000000080400000, 0x0000000080300000| Complete 
|   4|0x0000000080400000, 0x0000000080500000, 0x0000000080500000|100%|HC|  |TAMS 0x0000000080500000, 0x0000000080400000| Complete 
|   5|0x0000000080500000, 0x0000000080600000, 0x0000000080600000|100%|HC|  |TAMS 0x0000000080600000, 0x0000000080500000| Complete 
|   6|0x0000000080600000, 0x0000000080700000, 0x0000000080700000|100%| O|  |TAMS 0x0000000080700000, 0x0000000080600000| Untracked 
|   7|0x0000000080700000, 0x0000000080800000, 0x0000000080800000|100%| O|  |TAMS 0x0000000080800000, 0x0000000080700000| Untracked 
|   8|0x0000000080800000, 0x0000000080900000, 0x0000000080900000|100%| O|  |TAMS 0x0000000080900000, 0x0000000080800000| Untracked 
|   9|0x0000000080900000, 0x0000000080a00000, 0x0000000080a00000|100%| O|  |TAMS 0x0000000080a00000, 0x0000000080900000| Untracked 
|  10|0x0000000080a00000, 0x0000000080b00000, 0x0000000080b00000|100%| O|  |TAMS 0x0000000080b00000, 0x0000000080a00000| Untracked 
|  11|0x0000000080b00000, 0x0000000080c00000, 0x0000000080c00000|100%| O|  |TAMS 0x0000000080c00000, 0x0000000080b00000| Untracked 
|  12|0x0000000080c00000, 0x0000000080d00000, 0x0000000080d00000|100%| O|  |TAMS 0x0000000080d00000, 0x0000000080c00000| Untracked 
|  13|0x0000000080d00000, 0x0000000080e00000, 0x0000000080e00000|100%| O|  |TAMS 0x0000000080e00000, 0x0000000080d00000| Untracked 
|  14|0x0000000080e00000, 0x0000000080f00000, 0x0000000080f00000|100%| O|  |TAMS 0x0000000080f00000, 0x0000000080e00000| Untracked 
|  15|0x0000000080f00000, 0x0000000081000000, 0x0000000081000000|100%| O|  |TAMS 0x0000000081000000, 0x0000000080f00000| Untracked 
|  16|0x0000000081000000, 0x0000000081100000, 0x0000000081100000|100%| O|  |TAMS 0x0000000081100000, 0x0000000081000000| Untracked 
|  17|0x0000000081100000, 0x0000000081200000, 0x0000000081200000|100%| O|  |TAMS 0x0000000081200000, 0x0000000081100000| Untracked 
|  18|0x0000000081200000, 0x0000000081300000, 0x0000000081300000|100%|HS|  |TAMS 0x0000000081300000, 0x0000000081200000| Complete 
|  19|0x0000000081300000, 0x0000000081400000, 0x0000000081400000|100%|HS|  |TAMS 0x0000000081400000, 0x0000000081300000| Complete 
|  20|0x0000000081400000, 0x0000000081500000, 0x0000000081500000|100%|HC|  |TAMS 0x0000000081500000, 0x0000000081400000| Complete 
|  21|0x0000000081500000, 0x0000000081600000, 0x0000000081600000|100%| O|  |TAMS 0x0000000081600000, 0x0000000081500000| Untracked 
|  22|0x0000000081600000, 0x0000000081700000, 0x0000000081700000|100%| O|  |TAMS 0x0000000081700000, 0x0000000081600000| Untracked 
|  23|0x0000000081700000, 0x0000000081800000, 0x0000000081800000|100%| O|  |TAMS 0x0000000081800000, 0x0000000081700000| Untracked 
|  24|0x0000000081800000, 0x0000000081900000, 0x0000000081900000|100%| O|  |TAMS 0x0000000081900000, 0x0000000081800000| Untracked 
|  25|0x0000000081900000, 0x0000000081a00000, 0x0000000081a00000|100%| O|  |TAMS 0x0000000081a00000, 0x0000000081900000| Untracked 
|  26|0x0000000081a00000, 0x0000000081b00000, 0x0000000081b00000|100%| O|  |TAMS 0x0000000081b00000, 0x0000000081a00000| Untracked 
|  27|0x0000000081b00000, 0x0000000081c00000, 0x0000000081c00000|100%| O|  |TAMS 0x0000000081c00000, 0x0000000081b00000| Untracked 
|  28|0x0000000081c00000, 0x0000000081d00000, 0x0000000081d00000|100%| O|  |TAMS 0x0000000081d00000, 0x0000000081c00000| Untracked 
|  29|0x0000000081d00000, 0x0000000081e00000, 0x0000000081e00000|100%| O|  |TAMS 0x0000000081e00000, 0x0000000081d00000| Untracked 
|  30|0x0000000081e00000, 0x0000000081f00000, 0x0000000081f00000|100%| O|  |TAMS 0x0000000081f00000, 0x0000000081e00000| Untracked 
|  31|0x0000000081f00000, 0x0000000082000000, 0x0000000082000000|100%| O|  |TAMS 0x0000000082000000, 0x0000000081f00000| Untracked 
|  32|0x0000000082000000, 0x0000000082100000, 0x0000000082100000|100%| O|  |TAMS 0x0000000082100000, 0x0000000082000000| Untracked 
|  33|0x0000000082100000, 0x0000000082200000, 0x0000000082200000|100%| O|  |TAMS 0x0000000082200000, 0x0000000082100000| Untracked 
|  34|0x0000000082200000, 0x0000000082300000, 0x0000000082300000|100%| O|  |TAMS 0x0000000082300000, 0x0000000082200000| Untracked 
|  35|0x0000000082300000, 0x0000000082400000, 0x0000000082400000|100%| O|  |TAMS 0x0000000082400000, 0x0000000082300000| Untracked 
|  36|0x0000000082400000, 0x0000000082500000, 0x0000000082500000|100%| O|  |TAMS 0x0000000082500000, 0x0000000082400000| Untracked 
|  37|0x0000000082500000, 0x0000000082600000, 0x0000000082600000|100%| O|  |TAMS 0x0000000082600000, 0x0000000082500000| Untracked 
|  38|0x0000000082600000, 0x0000000082700000, 0x0000000082700000|100%| O|  |TAMS 0x0000000082600000, 0x0000000082600000| Untracked 
|  39|0x0000000082700000, 0x0000000082800000, 0x0000000082800000|100%| O|  |TAMS 0x0000000082700000, 0x0000000082700000| Untracked 
|  40|0x0000000082800000, 0x0000000082900000, 0x0000000082900000|100%| O|  |TAMS 0x0000000082800000, 0x0000000082800000| Untracked 
|  41|0x0000000082900000, 0x0000000082a00000, 0x0000000082a00000|100%| O|  |TAMS 0x0000000082900000, 0x0000000082900000| Untracked 
|  42|0x0000000082a00000, 0x0000000082b00000, 0x0000000082b00000|100%| O|  |TAMS 0x0000000082a00000, 0x0000000082a00000| Untracked 
|  43|0x0000000082b00000, 0x0000000082c00000, 0x0000000082c00000|100%| O|  |TAMS 0x0000000082b00000, 0x0000000082b00000| Untracked 
|  44|0x0000000082c00000, 0x0000000082d00000, 0x0000000082d00000|100%| O|  |TAMS 0x0000000082c00000, 0x0000000082c00000| Untracked 
|  45|0x0000000082d00000, 0x0000000082e00000, 0x0000000082e00000|100%| O|  |TAMS 0x0000000082d00000, 0x0000000082d00000| Untracked 
|  46|0x0000000082e00000, 0x0000000082f00000, 0x0000000082f00000|100%| O|  |TAMS 0x0000000082e00000, 0x0000000082e00000| Untracked 
|  47|0x0000000082f00000, 0x0000000083000000, 0x0000000083000000|100%| O|  |TAMS 0x0000000082f00000, 0x0000000082f00000| Untracked 
|  48|0x0000000083000000, 0x0000000083100000, 0x0000000083100000|100%| O|  |TAMS 0x0000000083000000, 0x0000000083000000| Untracked 
|  49|0x0000000083100000, 0x0000000083200000, 0x0000000083200000|100%| O|  |TAMS 0x0000000083100000, 0x0000000083100000| Untracked 
|  50|0x0000000083200000, 0x0000000083300000, 0x0000000083300000|100%| O|  |TAMS 0x0000000083200000, 0x0000000083200000| Untracked 
|  51|0x0000000083300000, 0x0000000083400000, 0x0000000083400000|100%| O|  |TAMS 0x0000000083300000, 0x0000000083300000| Untracked 
|  52|0x0000000083400000, 0x0000000083470e00, 0x0000000083500000| 44%| O|  |TAMS 0x0000000083400000, 0x0000000083400000| Untracked 
|  53|0x0000000083500000, 0x0000000083500000, 0x0000000083600000|  0%| F|  |TAMS 0x0000000083500000, 0x0000000083500000| Untracked 
|  54|0x0000000083600000, 0x0000000083600000, 0x0000000083700000|  0%| F|  |TAMS 0x0000000083600000, 0x0000000083600000| Untracked 
|  55|0x0000000083700000, 0x0000000083700000, 0x0000000083800000|  0%| F|  |TAMS 0x0000000083700000, 0x0000000083700000| Untracked 
|  56|0x0000000083800000, 0x0000000083800000, 0x0000000083900000|  0%| F|  |TAMS 0x0000000083800000, 0x0000000083800000| Untracked 
|  57|0x0000000083900000, 0x0000000083900000, 0x0000000083a00000|  0%| F|  |TAMS 0x0000000083900000, 0x0000000083900000| Untracked 
|  58|0x0000000083a00000, 0x0000000083a00000, 0x0000000083b00000|  0%| F|  |TAMS 0x0000000083a00000, 0x0000000083a00000| Untracked 
|  59|0x0000000083b00000, 0x0000000083b00000, 0x0000000083c00000|  0%| F|  |TAMS 0x0000000083b00000, 0x0000000083b00000| Untracked 
|  60|0x0000000083c00000, 0x0000000083c00000, 0x0000000083d00000|  0%| F|  |TAMS 0x0000000083c00000, 0x0000000083c00000| Untracked 
|  61|0x0000000083d00000, 0x0000000083d00000, 0x0000000083e00000|  0%| F|  |TAMS 0x0000000083d00000, 0x0000000083d00000| Untracked 
|  62|0x0000000083e00000, 0x0000000083e00000, 0x0000000083f00000|  0%| F|  |TAMS 0x0000000083e00000, 0x0000000083e00000| Untracked 
|  63|0x0000000083f00000, 0x0000000083f00000, 0x0000000084000000|  0%| F|  |TAMS 0x0000000083f00000, 0x0000000083f00000| Untracked 
|  64|0x0000000084000000, 0x0000000084000000, 0x0000000084100000|  0%| F|  |TAMS 0x0000000084000000, 0x0000000084000000| Untracked 
|  65|0x0000000084100000, 0x0000000084100000, 0x0000000084200000|  0%| F|  |TAMS 0x0000000084100000, 0x0000000084100000| Untracked 
|  66|0x0000000084200000, 0x0000000084200000, 0x0000000084300000|  0%| F|  |TAMS 0x0000000084200000, 0x0000000084200000| Untracked 
|  67|0x0000000084300000, 0x0000000084300000, 0x0000000084400000|  0%| F|  |TAMS 0x0000000084300000, 0x0000000084300000| Untracked 
|  68|0x0000000084400000, 0x0000000084400000, 0x0000000084500000|  0%| F|  |TAMS 0x0000000084400000, 0x0000000084400000| Untracked 
|  69|0x0000000084500000, 0x0000000084500000, 0x0000000084600000|  0%| F|  |TAMS 0x0000000084500000, 0x0000000084500000| Untracked 
|  70|0x0000000084600000, 0x0000000084600000, 0x0000000084700000|  0%| F|  |TAMS 0x0000000084600000, 0x0000000084600000| Untracked 
|  71|0x0000000084700000, 0x0000000084700000, 0x0000000084800000|  0%| F|  |TAMS 0x0000000084700000, 0x0000000084700000| Untracked 
|  72|0x0000000084800000, 0x0000000084800000, 0x0000000084900000|  0%| F|  |TAMS 0x0000000084800000, 0x0000000084800000| Untracked 
|  73|0x0000000084900000, 0x0000000084900000, 0x0000000084a00000|  0%| F|  |TAMS 0x0000000084900000, 0x0000000084900000| Untracked 
|  74|0x0000000084a00000, 0x0000000084a00000, 0x0000000084b00000|  0%| F|  |TAMS 0x0000000084a00000, 0x0000000084a00000| Untracked 
|  75|0x0000000084b00000, 0x0000000084b744f0, 0x0000000084c00000| 45%| S|CS|TAMS 0x0000000084b00000, 0x0000000084b00000| Complete 
|  76|0x0000000084c00000, 0x0000000084d00000, 0x0000000084d00000|100%| S|CS|TAMS 0x0000000084c00000, 0x0000000084c00000| Complete 
|  77|0x0000000084d00000, 0x0000000084e00000, 0x0000000084e00000|100%| S|CS|TAMS 0x0000000084d00000, 0x0000000084d00000| Complete 
|  78|0x0000000084e00000, 0x0000000084f00000, 0x0000000084f00000|100%| S|CS|TAMS 0x0000000084e00000, 0x0000000084e00000| Complete 
|  79|0x0000000084f00000, 0x0000000085000000, 0x0000000085000000|100%| S|CS|TAMS 0x0000000084f00000, 0x0000000084f00000| Complete 
|  80|0x0000000085000000, 0x0000000085100000, 0x0000000085100000|100%| S|CS|TAMS 0x0000000085000000, 0x0000000085000000| Complete 
|  81|0x0000000085100000, 0x0000000085200000, 0x0000000085200000|100%| S|CS|TAMS 0x0000000085100000, 0x0000000085100000| Complete 
|  82|0x0000000085200000, 0x0000000085200000, 0x0000000085300000|  0%| F|  |TAMS 0x0000000085200000, 0x0000000085200000| Untracked 
|  83|0x0000000085300000, 0x0000000085300000, 0x0000000085400000|  0%| F|  |TAMS 0x0000000085300000, 0x0000000085300000| Untracked 
|  84|0x0000000085400000, 0x0000000085400000, 0x0000000085500000|  0%| F|  |TAMS 0x0000000085400000, 0x0000000085400000| Untracked 
|  85|0x0000000085500000, 0x0000000085500000, 0x0000000085600000|  0%| F|  |TAMS 0x0000000085500000, 0x0000000085500000| Untracked 
|  86|0x0000000085600000, 0x0000000085700000, 0x0000000085700000|100%| S|CS|TAMS 0x0000000085600000, 0x0000000085600000| Complete 
|  87|0x0000000085700000, 0x0000000085700000, 0x0000000085800000|  0%| F|  |TAMS 0x0000000085700000, 0x0000000085700000| Untracked 
|  88|0x0000000085800000, 0x0000000085800000, 0x0000000085900000|  0%| F|  |TAMS 0x0000000085800000, 0x0000000085800000| Untracked 
|  89|0x0000000085900000, 0x0000000085900000, 0x0000000085a00000|  0%| F|  |TAMS 0x0000000085900000, 0x0000000085900000| Untracked 
|  90|0x0000000085a00000, 0x0000000085a00000, 0x0000000085b00000|  0%| F|  |TAMS 0x0000000085a00000, 0x0000000085a00000| Untracked 
|  91|0x0000000085b00000, 0x0000000085b00000, 0x0000000085c00000|  0%| F|  |TAMS 0x0000000085b00000, 0x0000000085b00000| Untracked 
|  92|0x0000000085c00000, 0x0000000085c00000, 0x0000000085d00000|  0%| F|  |TAMS 0x0000000085c00000, 0x0000000085c00000| Untracked 
|  93|0x0000000085d00000, 0x0000000085d00000, 0x0000000085e00000|  0%| F|  |TAMS 0x0000000085d00000, 0x0000000085d00000| Untracked 
|  94|0x0000000085e00000, 0x0000000085e00000, 0x0000000085f00000|  0%| F|  |TAMS 0x0000000085e00000, 0x0000000085e00000| Untracked 
|  95|0x0000000085f00000, 0x0000000085f00000, 0x0000000086000000|  0%| F|  |TAMS 0x0000000085f00000, 0x0000000085f00000| Untracked 
|  96|0x0000000086000000, 0x0000000086000000, 0x0000000086100000|  0%| F|  |TAMS 0x0000000086000000, 0x0000000086000000| Untracked 
|  97|0x0000000086100000, 0x0000000086100000, 0x0000000086200000|  0%| F|  |TAMS 0x0000000086100000, 0x0000000086100000| Untracked 
|  98|0x0000000086200000, 0x0000000086200000, 0x0000000086300000|  0%| F|  |TAMS 0x0000000086200000, 0x0000000086200000| Untracked 
|  99|0x0000000086300000, 0x0000000086300000, 0x0000000086400000|  0%| F|  |TAMS 0x0000000086300000, 0x0000000086300000| Untracked 
| 100|0x0000000086400000, 0x0000000086400000, 0x0000000086500000|  0%| F|  |TAMS 0x0000000086400000, 0x0000000086400000| Untracked 
| 101|0x0000000086500000, 0x0000000086500000, 0x0000000086600000|  0%| F|  |TAMS 0x0000000086500000, 0x0000000086500000| Untracked 
| 102|0x0000000086600000, 0x0000000086600000, 0x0000000086700000|  0%| F|  |TAMS 0x0000000086600000, 0x0000000086600000| Untracked 
| 103|0x0000000086700000, 0x0000000086700000, 0x0000000086800000|  0%| F|  |TAMS 0x0000000086700000, 0x0000000086700000| Untracked 
| 104|0x0000000086800000, 0x0000000086800000, 0x0000000086900000|  0%| F|  |TAMS 0x0000000086800000, 0x0000000086800000| Untracked 
| 105|0x0000000086900000, 0x0000000086900000, 0x0000000086a00000|  0%| F|  |TAMS 0x0000000086900000, 0x0000000086900000| Untracked 
| 106|0x0000000086a00000, 0x0000000086a00000, 0x0000000086b00000|  0%| F|  |TAMS 0x0000000086a00000, 0x0000000086a00000| Untracked 
| 107|0x0000000086b00000, 0x0000000086b00000, 0x0000000086c00000|  0%| F|  |TAMS 0x0000000086b00000, 0x0000000086b00000| Untracked 
| 108|0x0000000086c00000, 0x0000000086c00000, 0x0000000086d00000|  0%| F|  |TAMS 0x0000000086c00000, 0x0000000086c00000| Untracked 
| 109|0x0000000086d00000, 0x0000000086d00000, 0x0000000086e00000|  0%| F|  |TAMS 0x0000000086d00000, 0x0000000086d00000| Untracked 
| 110|0x0000000086e00000, 0x0000000086e00000, 0x0000000086f00000|  0%| F|  |TAMS 0x0000000086e00000, 0x0000000086e00000| Untracked 
| 111|0x0000000086f00000, 0x0000000086f00000, 0x0000000087000000|  0%| F|  |TAMS 0x0000000086f00000, 0x0000000086f00000| Untracked 
| 112|0x0000000087000000, 0x0000000087000000, 0x0000000087100000|  0%| F|  |TAMS 0x0000000087000000, 0x0000000087000000| Untracked 
| 113|0x0000000087100000, 0x0000000087100000, 0x0000000087200000|  0%| F|  |TAMS 0x0000000087100000, 0x0000000087100000| Untracked 
| 114|0x0000000087200000, 0x0000000087200000, 0x0000000087300000|  0%| F|  |TAMS 0x0000000087200000, 0x0000000087200000| Untracked 
| 115|0x0000000087300000, 0x0000000087300000, 0x0000000087400000|  0%| F|  |TAMS 0x0000000087300000, 0x0000000087300000| Untracked 
| 116|0x0000000087400000, 0x0000000087400000, 0x0000000087500000|  0%| F|  |TAMS 0x0000000087400000, 0x0000000087400000| Untracked 
| 117|0x0000000087500000, 0x0000000087500000, 0x0000000087600000|  0%| F|  |TAMS 0x0000000087500000, 0x0000000087500000| Untracked 
| 118|0x0000000087600000, 0x0000000087600000, 0x0000000087700000|  0%| F|  |TAMS 0x0000000087600000, 0x0000000087600000| Untracked 
| 119|0x0000000087700000, 0x0000000087700000, 0x0000000087800000|  0%| F|  |TAMS 0x0000000087700000, 0x0000000087700000| Untracked 
| 120|0x0000000087800000, 0x0000000087800000, 0x0000000087900000|  0%| F|  |TAMS 0x0000000087800000, 0x0000000087800000| Untracked 
| 121|0x0000000087900000, 0x0000000087900000, 0x0000000087a00000|  0%| F|  |TAMS 0x0000000087900000, 0x0000000087900000| Untracked 
| 122|0x0000000087a00000, 0x0000000087a00000, 0x0000000087b00000|  0%| F|  |TAMS 0x0000000087a00000, 0x0000000087a00000| Untracked 
| 123|0x0000000087b00000, 0x0000000087b00000, 0x0000000087c00000|  0%| F|  |TAMS 0x0000000087b00000, 0x0000000087b00000| Untracked 
| 124|0x0000000087c00000, 0x0000000087c00000, 0x0000000087d00000|  0%| F|  |TAMS 0x0000000087c00000, 0x0000000087c00000| Untracked 
| 125|0x0000000087d00000, 0x0000000087d00000, 0x0000000087e00000|  0%| F|  |TAMS 0x0000000087d00000, 0x0000000087d00000| Untracked 
| 126|0x0000000087e00000, 0x0000000087e00000, 0x0000000087f00000|  0%| F|  |TAMS 0x0000000087e00000, 0x0000000087e00000| Untracked 
| 127|0x0000000087f00000, 0x0000000087f00000, 0x0000000088000000|  0%| F|  |TAMS 0x0000000087f00000, 0x0000000087f00000| Untracked 
| 128|0x0000000088000000, 0x0000000088000000, 0x0000000088100000|  0%| F|  |TAMS 0x0000000088000000, 0x0000000088000000| Untracked 
| 129|0x0000000088100000, 0x0000000088100000, 0x0000000088200000|  0%| F|  |TAMS 0x0000000088100000, 0x0000000088100000| Untracked 
| 130|0x0000000088200000, 0x0000000088200000, 0x0000000088300000|  0%| F|  |TAMS 0x0000000088200000, 0x0000000088200000| Untracked 
| 131|0x0000000088300000, 0x0000000088300000, 0x0000000088400000|  0%| F|  |TAMS 0x0000000088300000, 0x0000000088300000| Untracked 
| 132|0x0000000088400000, 0x0000000088400000, 0x0000000088500000|  0%| F|  |TAMS 0x0000000088400000, 0x0000000088400000| Untracked 
| 133|0x0000000088500000, 0x0000000088500000, 0x0000000088600000|  0%| F|  |TAMS 0x0000000088500000, 0x0000000088500000| Untracked 
| 134|0x0000000088600000, 0x0000000088600000, 0x0000000088700000|  0%| F|  |TAMS 0x0000000088600000, 0x0000000088600000| Untracked 
| 135|0x0000000088700000, 0x0000000088700000, 0x0000000088800000|  0%| F|  |TAMS 0x0000000088700000, 0x0000000088700000| Untracked 
| 136|0x0000000088800000, 0x0000000088800000, 0x0000000088900000|  0%| F|  |TAMS 0x0000000088800000, 0x0000000088800000| Untracked 
| 137|0x0000000088900000, 0x0000000088900000, 0x0000000088a00000|  0%| F|  |TAMS 0x0000000088900000, 0x0000000088900000| Untracked 
| 138|0x0000000088a00000, 0x0000000088a00000, 0x0000000088b00000|  0%| F|  |TAMS 0x0000000088a00000, 0x0000000088a00000| Untracked 
| 139|0x0000000088b00000, 0x0000000088b00000, 0x0000000088c00000|  0%| F|  |TAMS 0x0000000088b00000, 0x0000000088b00000| Untracked 

Card table byte_map: [0x0000021b9f160000,0x0000021b9f560000] _byte_map_base: 0x0000021b9ed60000

Marking Bits (Prev, Next): (CMBitMap*) 0x0000021b8bf7ca70, (CMBitMap*) 0x0000021b8bf7ca38
 Prev Bits: [0x0000021ba1960000, 0x0000021ba3960000)
 Next Bits: [0x0000021b9f960000, 0x0000021ba1960000)

Polling page: 0x0000021b8b720000

Metaspace:

Usage:
  Non-class:     65.66 MB capacity,    64.48 MB ( 98%) used,  1020.97 KB (  2%) free+waste,   196.38 KB ( <1%) overhead. 
      Class:     10.44 MB capacity,     9.75 MB ( 93%) used,   611.86 KB (  6%) free+waste,    92.00 KB ( <1%) overhead. 
       Both:     76.10 MB capacity,    74.23 MB ( 98%) used,     1.59 MB (  2%) free+waste,   288.38 KB ( <1%) overhead. 

Virtual space:
  Non-class space:       66.00 MB reserved,      65.75 MB (>99%) committed 
      Class space:        1.00 GB reserved,      10.50 MB (  1%) committed 
             Both:        1.06 GB reserved,      76.25 MB (  7%) committed 

Chunk freelists:
   Non-Class:  0 bytes
       Class:  0 bytes
        Both:  0 bytes

MaxMetaspaceSize: 17179869184.00 GB
CompressedClassSpaceSize: 1.00 GB

CodeHeap 'non-profiled nmethods': size=120000Kb used=2922Kb max_used=2922Kb free=117077Kb
 bounds [0x0000021b97500000, 0x0000021b977e0000, 0x0000021b9ea30000]
CodeHeap 'profiled nmethods': size=120000Kb used=13890Kb max_used=13890Kb free=106110Kb
 bounds [0x0000021b8ffd0000, 0x0000021b90d70000, 0x0000021b97500000]
CodeHeap 'non-nmethods': size=5760Kb used=2249Kb max_used=2291Kb free=3510Kb
 bounds [0x0000021b8fa30000, 0x0000021b8fca0000, 0x0000021b8ffd0000]
 total_blobs=8039 nmethods=7204 adapters=746
 compilation: enabled
              stopped_count=0, restarted_count=0
 full_count=0

Compilation events (20 events):
Event: 10.195 Thread 0x0000021ba63c5800 nmethod 7352 0x0000021b90d5dd90 code [0x0000021b90d5df60, 0x0000021b90d5e1e8]
Event: 10.195 Thread 0x0000021ba63c5800 7353       2       com.google.common.base.Equivalence::wrap (11 bytes)
Event: 10.195 Thread 0x0000021ba63c5800 nmethod 7353 0x0000021b90d5e310 code [0x0000021b90d5e4c0, 0x0000021b90d5e6d8]
Event: 10.195 Thread 0x0000021ba63c5800 7355       2       com.google.common.base.Equivalence$Wrapper::<init> (7 bytes)
Event: 10.196 Thread 0x0000021ba63c5800 nmethod 7355 0x0000021b90d5e790 code [0x0000021b90d5e960, 0x0000021b90d5ebc8]
Event: 10.196 Thread 0x0000021ba63c5800 7354       2       org.gradle.api.internal.artifacts.transform.DefaultTransformationNodeRegistry::lambda$unpackTransformation$1 (13 bytes)
Event: 10.196 Thread 0x0000021ba63c5800 nmethod 7354 0x0000021b90d5ed10 code [0x0000021b90d5eee0, 0x0000021b90d5f108]
Event: 10.196 Thread 0x0000021ba63c5800 7356       2       com.google.common.base.Equivalence$Wrapper::<init> (21 bytes)
Event: 10.196 Thread 0x0000021ba63c5800 nmethod 7356 0x0000021b90d5f210 code [0x0000021b90d5f3e0, 0x0000021b90d5f648]
Event: 10.196 Thread 0x0000021ba63c5800 7357       2       org.gradle.api.internal.artifacts.transform.TransformationStep::getDisplayName (10 bytes)
Event: 10.196 Thread 0x0000021ba63c5800 nmethod 7357 0x0000021b90d5f710 code [0x0000021b90d5f8c0, 0x0000021b90d5f9e8]
Event: 10.196 Thread 0x0000021ba63c5800 7333       2       org.gradle.internal.snapshot.AbstractIncompleteSnapshotWithChildren::access$000 (8 bytes)
Event: 10.197 Thread 0x0000021ba63c5800 nmethod 7333 0x0000021b90d5fa90 code [0x0000021b90d5fc40, 0x0000021b90d5fd48]
Event: 10.197 Thread 0x0000021ba63c5800 7358       2       org.gradle.api.internal.artifacts.transform.AbstractTransformer::getDisplayName (8 bytes)
Event: 10.197 Thread 0x0000021ba63c5800 nmethod 7358 0x0000021b90d5fe10 code [0x0000021b90d5ffe0, 0x0000021b90d60198]
Event: 10.197 Thread 0x0000021ba63c5800 7338       1       org.gradle.api.internal.artifacts.transform.DefaultTransformer$IsolatedParameters::getSecondaryInputsHash (5 bytes)
Event: 10.197 Thread 0x0000021ba63c5800 nmethod 7338 0x0000021b977d2d90 code [0x0000021b977d2f40, 0x0000021b977d2ff8]
Event: 10.200 Thread 0x0000021ba63c5800 7359  s    2       java.io.BufferedOutputStream::flush (12 bytes)
Event: 10.201 Thread 0x0000021ba63c5800 nmethod 7359 0x0000021b90d60290 code [0x0000021b90d60460, 0x0000021b90d60738]
Event: 10.201 Thread 0x0000021ba63b8800 nmethod 7129 0x0000021b977d3090 code [0x0000021b977d35c0, 0x0000021b977d89d0]

GC Heap History (20 events):
Event: 3.843 GC heap after
{Heap after GC invocations=7 (full 0):
 garbage-first heap   total 98304K, used 20680K [0x0000000080000000, 0x0000000100000000)
  region size 1024K, 6 young (6144K), 6 survivors (6144K)
 Metaspace       used 33144K, capacity 33829K, committed 34048K, reserved 1079296K
  class space    used 4286K, capacity 4553K, committed 4608K, reserved 1048576K
}
Event: 4.270 GC heap before
{Heap before GC invocations=7 (full 0):
 garbage-first heap   total 98304K, used 32968K [0x0000000080000000, 0x0000000100000000)
  region size 1024K, 19 young (19456K), 6 survivors (6144K)
 Metaspace       used 35137K, capacity 35825K, committed 35840K, reserved 1081344K
  class space    used 4570K, capacity 4858K, committed 4864K, reserved 1048576K
}
Event: 4.281 GC heap after
{Heap after GC invocations=8 (full 0):
 garbage-first heap   total 98304K, used 22097K [0x0000000080000000, 0x0000000100000000)
  region size 1024K, 4 young (4096K), 4 survivors (4096K)
 Metaspace       used 35137K, capacity 35825K, committed 35840K, reserved 1081344K
  class space    used 4570K, capacity 4858K, committed 4864K, reserved 1048576K
}
Event: 4.846 GC heap before
{Heap before GC invocations=9 (full 0):
 garbage-first heap   total 98304K, used 70225K [0x0000000080000000, 0x0000000100000000)
  region size 1024K, 48 young (49152K), 4 survivors (4096K)
 Metaspace       used 39852K, capacity 40628K, committed 40704K, reserved 1085440K
  class space    used 5076K, capacity 5362K, committed 5376K, reserved 1048576K
}
Event: 4.851 GC heap after
{Heap after GC invocations=10 (full 0):
 garbage-first heap   total 118784K, used 24646K [0x0000000080000000, 0x0000000100000000)
  region size 1024K, 4 young (4096K), 4 survivors (4096K)
 Metaspace       used 39852K, capacity 40628K, committed 40704K, reserved 1085440K
  class space    used 5076K, capacity 5362K, committed 5376K, reserved 1048576K
}
Event: 5.538 GC heap before
{Heap before GC invocations=10 (full 0):
 garbage-first heap   total 118784K, used 77894K [0x0000000080000000, 0x0000000100000000)
  region size 1024K, 56 young (57344K), 4 survivors (4096K)
 Metaspace       used 44096K, capacity 45074K, committed 45312K, reserved 1089536K
  class space    used 5664K, capacity 6020K, committed 6144K, reserved 1048576K
}
Event: 5.544 GC heap after
{Heap after GC invocations=11 (full 0):
 garbage-first heap   total 118784K, used 27133K [0x0000000080000000, 0x0000000100000000)
  region size 1024K, 7 young (7168K), 7 survivors (7168K)
 Metaspace       used 44096K, capacity 45074K, committed 45312K, reserved 1089536K
  class space    used 5664K, capacity 6020K, committed 6144K, reserved 1048576K
}
Event: 6.183 GC heap before
{Heap before GC invocations=11 (full 0):
 garbage-first heap   total 118784K, used 82429K [0x0000000080000000, 0x0000000100000000)
  region size 1024K, 59 young (60416K), 7 survivors (7168K)
 Metaspace       used 47355K, capacity 48528K, committed 48768K, reserved 1091584K
  class space    used 6038K, capacity 6471K, committed 6528K, reserved 1048576K
}
Event: 6.190 GC heap after
{Heap after GC invocations=12 (full 0):
 garbage-first heap   total 118784K, used 37642K [0x0000000080000000, 0x0000000100000000)
  region size 1024K, 8 young (8192K), 8 survivors (8192K)
 Metaspace       used 47355K, capacity 48528K, committed 48768K, reserved 1091584K
  class space    used 6038K, capacity 6471K, committed 6528K, reserved 1048576K
}
Event: 6.908 GC heap before
{Heap before GC invocations=12 (full 0):
 garbage-first heap   total 118784K, used 86794K [0x0000000080000000, 0x0000000100000000)
  region size 1024K, 56 young (57344K), 8 survivors (8192K)
 Metaspace       used 54924K, capacity 56293K, committed 56448K, reserved 1097728K
  class space    used 7008K, capacity 7499K, committed 7552K, reserved 1048576K
}
Event: 6.915 GC heap after
{Heap after GC invocations=13 (full 0):
 garbage-first heap   total 118784K, used 41459K [0x0000000080000000, 0x0000000100000000)
  region size 1024K, 3 young (3072K), 3 survivors (3072K)
 Metaspace       used 54924K, capacity 56293K, committed 56448K, reserved 1097728K
  class space    used 7008K, capacity 7499K, committed 7552K, reserved 1048576K
}
Event: 7.307 GC heap before
{Heap before GC invocations=13 (full 0):
 garbage-first heap   total 118784K, used 77299K [0x0000000080000000, 0x0000000100000000)
  region size 1024K, 39 young (39936K), 3 survivors (3072K)
 Metaspace       used 58590K, capacity 59984K, committed 60160K, reserved 1101824K
  class space    used 7430K, capacity 7950K, committed 8064K, reserved 1048576K
}
Event: 7.315 GC heap after
{Heap after GC invocations=14 (full 0):
 garbage-first heap   total 143360K, used 45327K [0x0000000080000000, 0x0000000100000000)
  region size 1024K, 7 young (7168K), 7 survivors (7168K)
 Metaspace       used 58590K, capacity 59984K, committed 60160K, reserved 1101824K
  class space    used 7430K, capacity 7950K, committed 8064K, reserved 1048576K
}
Event: 7.896 GC heap before
{Heap before GC invocations=15 (full 0):
 garbage-first heap   total 143360K, used 101647K [0x0000000080000000, 0x0000000100000000)
  region size 1024K, 62 young (63488K), 7 survivors (7168K)
 Metaspace       used 61932K, capacity 63394K, committed 63616K, reserved 1103872K
  class space    used 7936K, capacity 8462K, committed 8576K, reserved 1048576K
}
Event: 7.903 GC heap after
{Heap after GC invocations=16 (full 0):
 garbage-first heap   total 143360K, used 48898K [0x0000000080000000, 0x0000000100000000)
  region size 1024K, 8 young (8192K), 8 survivors (8192K)
 Metaspace       used 61932K, capacity 63394K, committed 63616K, reserved 1103872K
  class space    used 7936K, capacity 8462K, committed 8576K, reserved 1048576K
}
Event: 8.535 GC heap before
{Heap before GC invocations=16 (full 0):
 garbage-first heap   total 143360K, used 106242K [0x0000000080000000, 0x0000000100000000)
  region size 1024K, 64 young (65536K), 8 survivors (8192K)
 Metaspace       used 65927K, capacity 67478K, committed 67584K, reserved 1107968K
  class space    used 8596K, capacity 9173K, committed 9216K, reserved 1048576K
}
Event: 8.547 GC heap after
{Heap after GC invocations=17 (full 0):
 garbage-first heap   total 143360K, used 53485K [0x0000000080000000, 0x0000000100000000)
  region size 1024K, 5 young (5120K), 5 survivors (5120K)
 Metaspace       used 65927K, capacity 67478K, committed 67584K, reserved 1107968K
  class space    used 8596K, capacity 9173K, committed 9216K, reserved 1048576K
}
Event: 9.370 GC heap before
{Heap before GC invocations=17 (full 0):
 garbage-first heap   total 143360K, used 108781K [0x0000000080000000, 0x0000000100000000)
  region size 1024K, 59 young (60416K), 5 survivors (5120K)
 Metaspace       used 71722K, capacity 73402K, committed 73600K, reserved 1112064K
  class space    used 9418K, capacity 10023K, committed 10112K, reserved 1048576K
}
Event: 9.379 GC heap after
{Heap after GC invocations=18 (full 0):
 garbage-first heap   total 143360K, used 57539K [0x0000000080000000, 0x0000000100000000)
  region size 1024K, 4 young (4096K), 4 survivors (4096K)
 Metaspace       used 71722K, capacity 73402K, committed 73600K, reserved 1112064K
  class space    used 9418K, capacity 10023K, committed 10112K, reserved 1048576K
}
Event: 10.202 GC heap before
{Heap before GC invocations=18 (full 0):
 garbage-first heap   total 143360K, used 111811K [0x0000000080000000, 0x0000000100000000)
  region size 1024K, 57 young (58368K), 4 survivors (4096K)
 Metaspace       used 76009K, capacity 77931K, committed 78080K, reserved 1116160K
  class space    used 9987K, capacity 10691K, committed 10752K, reserved 1048576K
}

Deoptimization events (20 events):
Event: 9.689 Thread 0x0000021baba23000 DEOPT PACKING pc=0x0000021b909c7f3c sp=0x0000002245cfe230
Event: 9.689 Thread 0x0000021baba23000 DEOPT UNPACKING pc=0x0000021b8fa576ce sp=0x0000002245cfd720 mode 0
Event: 9.694 Thread 0x0000021baba23000 Uncommon trap: trap_request=0xffffffc6 fr.pc=0x0000021b976c303c relative=0x000000000000045c
Event: 9.694 Thread 0x0000021baba23000 Uncommon trap: reason=bimorphic_or_optimized_type_check action=maybe_recompile pc=0x0000021b976c303c method=java.util.Collections$SetFromMap.remove(Ljava/lang/Object;)Z @ 5 c2
Event: 9.694 Thread 0x0000021baba23000 DEOPT PACKING pc=0x0000021b976c303c sp=0x0000002245cfeaa0
Event: 9.694 Thread 0x0000021baba23000 DEOPT UNPACKING pc=0x0000021b8fa578af sp=0x0000002245cfea98 mode 2
Event: 9.699 Thread 0x0000021ba8dc9000 Uncommon trap: trap_request=0xffffffc6 fr.pc=0x0000021b976c303c relative=0x000000000000045c
Event: 9.700 Thread 0x0000021ba8dc9000 Uncommon trap: reason=bimorphic_or_optimized_type_check action=maybe_recompile pc=0x0000021b976c303c method=java.util.Collections$SetFromMap.remove(Ljava/lang/Object;)Z @ 5 c2
Event: 9.700 Thread 0x0000021ba8dc9000 DEOPT PACKING pc=0x0000021b976c303c sp=0x000000223dcfb960
Event: 9.700 Thread 0x0000021ba8dc9000 DEOPT UNPACKING pc=0x0000021b8fa578af sp=0x000000223dcfb958 mode 2
Event: 9.700 Thread 0x0000021ba8dc9000 Uncommon trap: trap_request=0xffffffc6 fr.pc=0x0000021b976c303c relative=0x000000000000045c
Event: 9.700 Thread 0x0000021ba8dc9000 Uncommon trap: reason=bimorphic_or_optimized_type_check action=maybe_recompile pc=0x0000021b976c303c method=java.util.Collections$SetFromMap.remove(Ljava/lang/Object;)Z @ 5 c2
Event: 9.700 Thread 0x0000021ba8dc9000 DEOPT PACKING pc=0x0000021b976c303c sp=0x000000223dcfb810
Event: 9.700 Thread 0x0000021ba8dc9000 DEOPT UNPACKING pc=0x0000021b8fa578af sp=0x000000223dcfb808 mode 2
Event: 9.761 Thread 0x0000021ba8dc9000 Uncommon trap: trap_request=0xffffffc6 fr.pc=0x0000021b976c303c relative=0x000000000000045c
Event: 9.761 Thread 0x0000021ba8dc9000 Uncommon trap: reason=bimorphic_or_optimized_type_check action=maybe_recompile pc=0x0000021b976c303c method=java.util.Collections$SetFromMap.remove(Ljava/lang/Object;)Z @ 5 c2
Event: 9.761 Thread 0x0000021ba8dc9000 DEOPT PACKING pc=0x0000021b976c303c sp=0x000000223dcfb960
Event: 9.761 Thread 0x0000021ba8dc9000 DEOPT UNPACKING pc=0x0000021b8fa578af sp=0x000000223dcfb958 mode 2
Event: 10.169 Thread 0x0000021ba8801800 DEOPT PACKING pc=0x0000021b90739c59 sp=0x000000223e3fe9c0
Event: 10.169 Thread 0x0000021ba8801800 DEOPT UNPACKING pc=0x0000021b8fa576ce sp=0x000000223e3fddf8 mode 0

Classes redefined (0 events):
No events

Internal exceptions (20 events):
Event: 9.596 Thread 0x0000021ba8dc9000 Exception <a 'java/lang/NoSuchMethodError'{0x0000000087d6c388}: <clinit>> (0x0000000087d6c388) thrown at [./src/hotspot/share/prims/jni.cpp, line 1362]
Event: 9.603 Thread 0x0000021ba8dc9000 Exception <a 'java/lang/NoSuchMethodError'{0x0000000087d9e128}: <clinit>> (0x0000000087d9e128) thrown at [./src/hotspot/share/prims/jni.cpp, line 1362]
Event: 9.689 Thread 0x0000021ba8dce800 Exception <a 'java/lang/NoSuchMethodError'{0x00000000877632c0}: <clinit>> (0x00000000877632c0) thrown at [./src/hotspot/share/prims/jni.cpp, line 1362]
Event: 9.690 Thread 0x0000021ba8dce800 Exception <a 'java/lang/NoSuchMethodError'{0x000000008776eda8}: <clinit>> (0x000000008776eda8) thrown at [./src/hotspot/share/prims/jni.cpp, line 1362]
Event: 9.694 Thread 0x0000021ba8dce800 Exception <a 'java/lang/NoSuchMethodError'{0x000000008779b138}: <clinit>> (0x000000008779b138) thrown at [./src/hotspot/share/prims/jni.cpp, line 1362]
Event: 9.696 Thread 0x0000021ba8dce800 Exception <a 'java/lang/NoSuchMethodError'{0x00000000877cd1b8}: <clinit>> (0x00000000877cd1b8) thrown at [./src/hotspot/share/prims/jni.cpp, line 1362]
Event: 9.696 Thread 0x0000021ba8dce800 Exception <a 'java/lang/NoSuchMethodError'{0x00000000877ce930}: <clinit>> (0x00000000877ce930) thrown at [./src/hotspot/share/prims/jni.cpp, line 1362]
Event: 9.702 Thread 0x0000021ba8dc9000 Exception <a 'java/lang/NoSuchMethodError'{0x0000000087aef210}: 'java.lang.Object java.lang.invoke.Invokers$Holder.linkToTargetMethod(java.lang.Object, java.lang.Object, java.lang.Object, java.lang.Object, java.lang.Object, java.lang.Object, java.lang.Object, java.lang.Object)'> (0x0000000087aef210) thrown at [./src/hotspot/share/interpreter/linkResolver.cpp, line 773]
Event: 9.725 Thread 0x0000021baba1d000 Exception <a 'java/lang/NoSuchMethodError'{0x000000008758beb8}: <clinit>> (0x000000008758beb8) thrown at [./src/hotspot/share/prims/jni.cpp, line 1362]
Event: 9.731 Thread 0x0000021baba1d000 Exception <a 'java/lang/NoSuchMethodError'{0x0000000087422cd8}: <clinit>> (0x0000000087422cd8) thrown at [./src/hotspot/share/prims/jni.cpp, line 1362]
Event: 9.762 Thread 0x0000021ba8dce800 Exception <a 'java/lang/NoSuchMethodError'{0x0000000087209f90}: <clinit>> (0x0000000087209f90) thrown at [./src/hotspot/share/prims/jni.cpp, line 1362]
Event: 10.130 Thread 0x0000021baba1b800 Exception <a 'java/lang/NoSuchMethodError'{0x00000000861d8970}: 'java.lang.Object java.lang.invoke.Invokers$Holder.linkToTargetMethod(java.lang.Object, java.lang.Object, java.lang.Object, java.lang.Object, java.lang.Object, java.lang.Object, java.lang.Object)'> (0x00000000861d8970) thrown at [./src/hotspot/share/interpreter/linkResolver.cpp, line 773]
Event: 10.159 Thread 0x0000021ba880a000 Exception <a 'java/lang/NoSuchMethodError'{0x0000000085eaa4e8}: 'java.lang.Object java.lang.invoke.DirectMethodHandle$Holder.invokeSpecialIFC(java.lang.Object, java.lang.Object, java.lang.Object)'> (0x0000000085eaa4e8) thrown at [./src/hotspot/share/interpreter/linkResolver.cpp, line 773]
Event: 10.159 Thread 0x0000021ba8807800 Exception <a 'java/lang/NoSuchMethodError'{0x0000000085d015f0}: 'java.lang.Object java.lang.invoke.DirectMethodHandle$Holder.invokeSpecialIFC(java.lang.Object, java.lang.Object, java.lang.Object)'> (0x0000000085d015f0) thrown at [./src/hotspot/share/interpreter/linkResolver.cpp, line 773]
Event: 10.159 Thread 0x0000021ba9aea000 Exception <a 'java/lang/NoSuchMethodError'{0x0000000085ef9968}: 'java.lang.Object java.lang.invoke.DirectMethodHandle$Holder.invokeSpecialIFC(java.lang.Object, java.lang.Object, java.lang.Object)'> (0x0000000085ef9968) thrown at [./src/hotspot/share/interpreter/linkResolver.cpp, line 773]
Event: 10.159 Thread 0x0000021ba8809000 Exception <a 'java/lang/NoSuchMethodError'{0x0000000085e853a8}: 'java.lang.Object java.lang.invoke.DirectMethodHandle$Holder.invokeSpecialIFC(java.lang.Object, java.lang.Object, java.lang.Object)'> (0x0000000085e853a8) thrown at [./src/hotspot/share/interpreter/linkResolver.cpp, line 773]
Event: 10.159 Thread 0x0000021ba880b800 Exception <a 'java/lang/NoSuchMethodError'{0x0000000085ee5168}: 'java.lang.Object java.lang.invoke.DirectMethodHandle$Holder.invokeSpecialIFC(java.lang.Object, java.lang.Object, java.lang.Object)'> (0x0000000085ee5168) thrown at [./src/hotspot/share/interpreter/linkResolver.cpp, line 773]
Event: 10.159 Thread 0x0000021ba9ae9000 Exception <a 'java/lang/NoSuchMethodError'{0x0000000085ed2790}: 'java.lang.Object java.lang.invoke.DirectMethodHandle$Holder.invokeSpecialIFC(java.lang.Object, java.lang.Object, java.lang.Object)'> (0x0000000085ed2790) thrown at [./src/hotspot/share/interpreter/linkResolver.cpp, line 773]
Event: 10.159 Thread 0x0000021ba880c000 Exception <a 'java/lang/NoSuchMethodError'{0x0000000085e984b0}: 'java.lang.Object java.lang.invoke.DirectMethodHandle$Holder.invokeSpecialIFC(java.lang.Object, java.lang.Object, java.lang.Object)'> (0x0000000085e984b0) thrown at [./src/hotspot/share/interpreter/linkResolver.cpp, line 773]
Event: 10.159 Thread 0x0000021ba8808000 Exception <a 'java/lang/NoSuchMethodError'{0x0000000085ebd928}: 'java.lang.Object java.lang.invoke.DirectMethodHandle$Holder.invokeSpecialIFC(java.lang.Object, java.lang.Object, java.lang.Object)'> (0x0000000085ebd928) thrown at [./src/hotspot/share/interpreter/linkResolver.cpp, line 773]

Events (20 events):
Event: 10.201 loading class org/gradle/api/internal/artifacts/transform/CachingTransformationWorkspaceProvider done
Event: 10.201 loading class org/gradle/internal/Try
Event: 10.201 loading class org/gradle/internal/Try done
Event: 10.201 loading class org/gradle/api/internal/artifacts/transform/DefaultTransformerInvocationFactory$2
Event: 10.201 loading class org/gradle/api/internal/artifacts/transform/DefaultTransformerInvocationFactory$2 done
Event: 10.201 loading class org/gradle/internal/Try
Event: 10.201 loading class org/gradle/internal/Try done
Event: 10.201 loading class org/gradle/api/internal/artifacts/transform/DefaultTransformerInvocationFactory$2
Event: 10.201 loading class org/gradle/api/internal/artifacts/transform/DefaultTransformerInvocationFactory$2 done
Event: 10.201 loading class org/gradle/api/internal/artifacts/transform/DefaultTransformerInvocationFactory$2
Event: 10.201 loading class org/gradle/api/internal/artifacts/transform/DefaultTransformerInvocationFactory$2 done
Event: 10.201 loading class org/gradle/api/internal/artifacts/transform/DefaultTransformerInvocationFactory$2
Event: 10.201 loading class org/gradle/api/internal/artifacts/transform/DefaultTransformerInvocationFactory$2 done
Event: 10.201 loading class org/gradle/api/internal/artifacts/transform/DefaultTransformerInvocationFactory$2
Event: 10.201 loading class org/gradle/api/internal/artifacts/transform/DefaultTransformerInvocationFactory$2 done
Event: 10.201 loading class org/gradle/api/internal/artifacts/transform/DefaultTransformerInvocationFactory$2
Event: 10.201 loading class org/gradle/api/internal/artifacts/transform/DefaultTransformerInvocationFactory$2 done
Event: 10.201 loading class org/gradle/api/internal/artifacts/transform/DefaultTransformerInvocationFactory$2
Event: 10.201 loading class org/gradle/api/internal/artifacts/transform/DefaultTransformerInvocationFactory$2 done
Event: 10.201 Executing VM operation: G1CollectForAllocation


Dynamic libraries:
0x00007ff6d13c0000 - 0x00007ff6d13ca000 	C:\Program Files\Android\Android Studio\jre\bin\java.exe
0x00007ffbe1020000 - 0x00007ffbe1227000 	C:\WINDOWS\SYSTEM32\ntdll.dll
0x00007ffbe0870000 - 0x00007ffbe092d000 	C:\WINDOWS\System32\KERNEL32.DLL
0x00007ffbde710000 - 0x00007ffbdea84000 	C:\WINDOWS\System32\KERNELBASE.dll
0x00007ffbde5f0000 - 0x00007ffbde701000 	C:\WINDOWS\System32\ucrtbase.dll
0x00007ffbce4e0000 - 0x00007ffbce4f7000 	C:\Program Files\Android\Android Studio\jre\bin\VCRUNTIME140.dll
0x00007ffbce4c0000 - 0x00007ffbce4d9000 	C:\Program Files\Android\Android Studio\jre\bin\jli.dll
0x00007ffbe0cd0000 - 0x00007ffbe0e7c000 	C:\WINDOWS\System32\USER32.dll
0x00007ffbd1ca0000 - 0x00007ffbd1f45000 	C:\WINDOWS\WinSxS\amd64_microsoft.windows.common-controls_6595b64144ccf1df_6.0.22000.120_none_9d947278b86cc467\COMCTL32.dll
0x00007ffbde500000 - 0x00007ffbde526000 	C:\WINDOWS\System32\win32u.dll
0x00007ffbe09b0000 - 0x00007ffbe0a53000 	C:\WINDOWS\System32\msvcrt.dll
0x00007ffbe0490000 - 0x00007ffbe04b9000 	C:\WINDOWS\System32\GDI32.dll
0x00007ffbdeb30000 - 0x00007ffbdec42000 	C:\WINDOWS\System32\gdi32full.dll
0x00007ffbdea90000 - 0x00007ffbdeb2d000 	C:\WINDOWS\System32\msvcp_win.dll
0x00007ffbe0450000 - 0x00007ffbe0481000 	C:\WINDOWS\System32\IMM32.DLL
0x00007ffbc4a50000 - 0x00007ffbc4aed000 	C:\Program Files\Android\Android Studio\jre\bin\msvcp140.dll
0x00007ffb84550000 - 0x00007ffb8501f000 	C:\Program Files\Android\Android Studio\jre\bin\server\jvm.dll
0x00007ffbdf7f0000 - 0x00007ffbdf89c000 	C:\WINDOWS\System32\ADVAPI32.dll
0x00007ffbe0ee0000 - 0x00007ffbe0f7d000 	C:\WINDOWS\System32\sechost.dll
0x00007ffbdfeb0000 - 0x00007ffbdffd1000 	C:\WINDOWS\System32\RPCRT4.dll
0x00007ffbe0860000 - 0x00007ffbe0868000 	C:\WINDOWS\System32\PSAPI.DLL
0x00007ffbac370000 - 0x00007ffbac379000 	C:\WINDOWS\SYSTEM32\WSOCK32.dll
0x00007ffbd7090000 - 0x00007ffbd709a000 	C:\WINDOWS\SYSTEM32\VERSION.dll
0x00007ffbda4e0000 - 0x00007ffbda513000 	C:\WINDOWS\SYSTEM32\WINMM.dll
0x00007ffbe0930000 - 0x00007ffbe099f000 	C:\WINDOWS\System32\WS2_32.dll
0x00007ffbdd630000 - 0x00007ffbdd648000 	C:\WINDOWS\SYSTEM32\kernel.appcore.dll
0x00007ffbda4c0000 - 0x00007ffbda4d1000 	C:\Program Files\Android\Android Studio\jre\bin\verify.dll
0x00007ffbd9300000 - 0x00007ffbd9521000 	C:\WINDOWS\SYSTEM32\DBGHELP.DLL
0x00007ffbd87b0000 - 0x00007ffbd87e1000 	C:\WINDOWS\SYSTEM32\dbgcore.DLL
0x00007ffbdee30000 - 0x00007ffbdeeb0000 	C:\WINDOWS\System32\bcryptPrimitives.dll
0x00007ffbd7b40000 - 0x00007ffbd7b69000 	C:\Program Files\Android\Android Studio\jre\bin\java.dll
0x00007ffbd8c10000 - 0x00007ffbd8c1b000 	C:\Program Files\Android\Android Studio\jre\bin\jimage.dll
0x00007ffbd7fb0000 - 0x00007ffbd7fc8000 	C:\Program Files\Android\Android Studio\jre\bin\zip.dll
0x00007ffbdeeb0000 - 0x00007ffbdf659000 	C:\WINDOWS\System32\SHELL32.dll
0x00007ffbdc6b0000 - 0x00007ffbdcf12000 	C:\WINDOWS\SYSTEM32\windows.storage.dll
0x00007ffbe04c0000 - 0x00007ffbe0838000 	C:\WINDOWS\System32\combase.dll
0x00007ffbdc540000 - 0x00007ffbdc6a6000 	C:\WINDOWS\SYSTEM32\wintypes.dll
0x00007ffbdfdb0000 - 0x00007ffbdfe9a000 	C:\WINDOWS\System32\SHCORE.dll
0x00007ffbe0f80000 - 0x00007ffbe0fdd000 	C:\WINDOWS\System32\shlwapi.dll
0x00007ffbde430000 - 0x00007ffbde451000 	C:\WINDOWS\SYSTEM32\profapi.dll
0x00007ffbd7a10000 - 0x00007ffbd7a2a000 	C:\Program Files\Android\Android Studio\jre\bin\net.dll
0x00007ffbd9ec0000 - 0x00007ffbd9fcc000 	C:\WINDOWS\SYSTEM32\WINHTTP.dll
0x00007ffbdda40000 - 0x00007ffbddaa7000 	C:\WINDOWS\system32\mswsock.dll
0x00007ffbd7690000 - 0x00007ffbd76a4000 	C:\Program Files\Android\Android Studio\jre\bin\nio.dll
0x00007ffbd7a60000 - 0x00007ffbd7a87000 	C:\Users\acer\.gradle\native\fdc75f09e3144964f2cf3f50f0aa648679c211496f362492102eb8c894070792\windows-amd64\native-platform.dll
0x00007ffbc85d0000 - 0x00007ffbc8766000 	C:\Users\acer\.gradle\native\12488b8bf47d2d4c9fbf2f6322a914ad602e24e48041cd04a747c6da556b65c4\windows-amd64\native-platform-file-events.dll
0x00007ffbd7680000 - 0x00007ffbd768a000 	C:\Program Files\Android\Android Studio\jre\bin\management.dll
0x00007ffbd7670000 - 0x00007ffbd767c000 	C:\Program Files\Android\Android Studio\jre\bin\management_ext.dll
0x00007ffbddc80000 - 0x00007ffbddc98000 	C:\WINDOWS\SYSTEM32\CRYPTSP.dll
0x00007ffbdd590000 - 0x00007ffbdd5c5000 	C:\WINDOWS\system32\rsaenh.dll
0x00007ffbddb30000 - 0x00007ffbddb59000 	C:\WINDOWS\SYSTEM32\USERENV.dll
0x00007ffbdde00000 - 0x00007ffbdde27000 	C:\WINDOWS\SYSTEM32\bcrypt.dll
0x00007ffbddca0000 - 0x00007ffbddcac000 	C:\WINDOWS\SYSTEM32\CRYPTBASE.dll
0x00007ffbdd160000 - 0x00007ffbdd18d000 	C:\WINDOWS\SYSTEM32\IPHLPAPI.DLL
0x00007ffbdfea0000 - 0x00007ffbdfea9000 	C:\WINDOWS\System32\NSI.dll
0x00007ffbd9ea0000 - 0x00007ffbd9eb9000 	C:\WINDOWS\SYSTEM32\dhcpcsvc6.DLL
0x00007ffbda730000 - 0x00007ffbda74e000 	C:\WINDOWS\SYSTEM32\dhcpcsvc.DLL
0x00007ffbdd190000 - 0x00007ffbdd277000 	C:\WINDOWS\SYSTEM32\DNSAPI.dll
0x00007ffbda150000 - 0x00007ffbda15c000 	C:\WINDOWS\SYSTEM32\WINNSI.DLL

dbghelp: loaded successfully - version: 4.0.5 - missing functions: none
symbol engine: initialized successfully - sym options: 0x614 - pdb path: .;C:\Program Files\Android\Android Studio\jre\bin;C:\WINDOWS\SYSTEM32;C:\WINDOWS\WinSxS\amd64_microsoft.windows.common-controls_6595b64144ccf1df_6.0.22000.120_none_9d947278b86cc467;C:\Program Files\Android\Android Studio\jre\bin\server;C:\Users\acer\.gradle\native\fdc75f09e3144964f2cf3f50f0aa648679c211496f362492102eb8c894070792\windows-amd64;C:\Users\acer\.gradle\native\12488b8bf47d2d4c9fbf2f6322a914ad602e24e48041cd04a747c6da556b65c4\windows-amd64

VM Arguments:
jvm_args: --add-opens=java.base/java.util=ALL-UNNAMED --add-opens=java.base/java.lang=ALL-UNNAMED --add-opens=java.base/java.lang.invoke=ALL-UNNAMED --add-opens=java.prefs/java.util.prefs=ALL-UNNAMED -Xmx2048m -Dfile.encoding=UTF-8 -Duser.country=US -Duser.language=en -Duser.variant 
java_command: org.gradle.launcher.daemon.bootstrap.GradleDaemon 6.7.1
java_class_path (initial): C:\Users\acer\.gradle\wrapper\dists\gradle-6.7.1-bin\bwlcbys1h7rz3272sye1xwiv6\gradle-6.7.1\lib\gradle-launcher-6.7.1.jar
Launcher Type: SUN_STANDARD

[Global flags]
     intx CICompilerCount                          = 4                                         {product} {ergonomic}
     uint ConcGCThreads                            = 2                                         {product} {ergonomic}
     uint G1ConcRefinementThreads                  = 8                                         {product} {ergonomic}
   size_t G1HeapRegionSize                         = 1048576                                   {product} {ergonomic}
    uintx GCDrainStackTargetSize                   = 64                                        {product} {ergonomic}
   size_t InitialHeapSize                          = 100663296                                 {product} {ergonomic}
   size_t MarkStackSize                            = 4194304                                   {product} {ergonomic}
   size_t MaxHeapSize                              = 2147483648                                {product} {command line}
   size_t MaxNewSize                               = 1287651328                                {product} {ergonomic}
   size_t MinHeapDeltaBytes                        = 1048576                                   {product} {ergonomic}
    uintx NonNMethodCodeHeapSize                   = 5836300                                {pd product} {ergonomic}
    uintx NonProfiledCodeHeapSize                  = 122910970                              {pd product} {ergonomic}
    uintx ProfiledCodeHeapSize                     = 122910970                              {pd product} {ergonomic}
    uintx ReservedCodeCacheSize                    = 251658240                              {pd product} {ergonomic}
     bool SegmentedCodeCache                       = true                                      {product} {ergonomic}
     bool UseCompressedClassPointers               = true                                 {lp64_product} {ergonomic}
     bool UseCompressedOops                        = true                                 {lp64_product} {ergonomic}
     bool UseG1GC                                  = true                                      {product} {ergonomic}
     bool UseLargePagesIndividualAllocation        = false                                  {pd product} {ergonomic}

Logging:
Log output configuration:
 #0: stdout all=warning uptime,level,tags
 #1: stderr all=off uptime,level,tags

Environment Variables:
PATH=C:\Program Files (x86)\Common Files\Oracle\Java\javapath;C:\WINDOWS\system32;C:\WINDOWS;C:\WINDOWS\System32\Wbem;C:\WINDOWS\System32\WindowsPowerShell\v1.0\;C:\WINDOWS\System32\OpenSSH\;D:\Nodejs\;C:\Program Files\Git\cmd;D:\Xampp\php;C:\ProgramData\ComposerSetup\bin;C:\Users\acer\AppData\Local\Microsoft\WindowsApps;C:\Users\acer\AppData\Local\Programs\Microsoft VS Code\bin;C:\Users\acer\AppData\Roaming\npm;C:\Users\acer\AppData\Roaming\Composer\vendor\bin;C:\Users\acer\AppData\Local\GitHubDesktop\bin;C:\Users\acer\AppData\Local\gitkraken\bin;%USERPROFILE%\AppData\Local\Microsoft\WindowsApps;
USERNAME=acer
OS=Windows_NT
PROCESSOR_IDENTIFIER=AMD64 Family 23 Model 24 Stepping 1, AuthenticAMD



---------------  S Y S T E M  ---------------

OS: Windows 10 , 64 bit Build 22000 (10.0.22000.120)
OS uptime: 0 days 5:36 hours

CPU:total 8 (initial active 8) (8 cores per cpu, 2 threads per core) family 23 model 24 stepping 1 microcode 0x0, cmov, cx8, fxsr, mmx, sse, sse2, sse3, ssse3, sse4.1, sse4.2, popcnt, avx, avx2, aes, clmul, mmxext, 3dnowpref, lzcnt, sse4a, ht, tsc, tscinvbit, tscinv, bmi1, bmi2, adx, s

Memory: 4k page, system-wide physical 6082M (35M free)
TotalPageFile size 14082M (AvailPageFile size 21M)
current process WorkingSet (physical memory assigned to process): 343M, peak: 349M
current process commit charge ("private bytes"): 381M, peak: 409M

vm_info: OpenJDK 64-Bit Server VM (11.0.10+0-b96-7249189) for windows-amd64 JRE (11.0.10+0-b96-7249189), built on Mar 31 2021 21:44:00 by "builder" with MS VC++ 14.0 (VS2015)

END.
