#
# There is insufficient memory for the Java Runtime Environment to continue.
# Native memory allocation (malloc) failed to allocate 2009456 bytes for Chunk::new
# Possible reasons:
#   The system is out of physical RAM or swap space
#   The process is running with CompressedOops enabled, and the Java Heap may be blocking the growth of the native heap
# Possible solutions:
#   Reduce memory load on the system
#   Increase physical memory or swap space
#   Check if swap backing store is full
#   Decrease Java heap size (-Xmx/-Xms)
#   Decrease number of Java threads
#   Decrease Java thread stack sizes (-Xss)
#   Set larger code cache with -XX:ReservedCodeCacheSize=
#   JVM is running with Unscaled Compressed Oops mode in which the Java heap is
#     placed in the first 4GB address space. The Java Heap base address is the
#     maximum limit for the native heap growth. Please use -XX:HeapBaseMinAddress
#     to set the Java Heap base and to place the Java Heap above 4GB virtual address.
# This output file may be truncated or incomplete.
#
#  Out of Memory Error (./src/hotspot/share/memory/arena.cpp:197), pid=4636, tid=9616
#
# JRE version: OpenJDK Runtime Environment (11.0.10) (build 11.0.10+0-b96-7249189)
# Java VM: OpenJDK 64-Bit Server VM (11.0.10+0-b96-7249189, mixed mode, tiered, compressed oops, g1 gc, windows-amd64)
# No core dump will be written. Minidumps are not enabled by default on client versions of Windows
#

---------------  S U M M A R Y ------------

Command Line: --add-opens=java.base/java.util=ALL-UNNAMED --add-opens=java.base/java.lang=ALL-UNNAMED --add-opens=java.base/java.lang.invoke=ALL-UNNAMED --add-opens=java.prefs/java.util.prefs=ALL-UNNAMED -Xmx2048m -Dfile.encoding=UTF-8 -Duser.country=US -Duser.language=en -Duser.variant org.gradle.launcher.daemon.bootstrap.GradleDaemon 6.7.1

Host: AMD Ryzen 5 3550H with Radeon Vega Mobile Gfx  , 8 cores, 5G,  Windows 10 , 64 bit Build 22000 (10.0.22000.120)
Time: Fri Nov  5 13:38:14 2021 SE Asia Standard Time elapsed time: 11.647824 seconds (0d 0h 0m 11s)

---------------  T H R E A D  ---------------

Current thread (0x000002385f708000):  JavaThread "C2 CompilerThread0" daemon [_thread_in_native, id=9616, stack(0x0000007d98b00000,0x0000007d98c00000)]


Current CompileTask:
C2:  11647 9858   !   4       com.sun.tools.javac.parser.JavaTokenizer::readToken (2179 bytes)

Stack: [0x0000007d98b00000,0x0000007d98c00000]
Native frames: (J=compiled Java code, j=interpreted, Vv=VM code, C=native code)
V  [jvm.dll+0x5ecfaa]
V  [jvm.dll+0x722bd5]
V  [jvm.dll+0x72412d]
V  [jvm.dll+0x7247e3]
V  [jvm.dll+0x242928]
V  [jvm.dll+0xbc4fc]
V  [jvm.dll+0xbca0c]
V  [jvm.dll+0x352d7d]
V  [jvm.dll+0x320ad3]
V  [jvm.dll+0x31ffca]
V  [jvm.dll+0x1fb602]
V  [jvm.dll+0x1fa7f4]
V  [jvm.dll+0x18354c]
V  [jvm.dll+0x208ee7]
V  [jvm.dll+0x207731]
V  [jvm.dll+0x6eb1cf]
V  [jvm.dll+0x6e3d45]
V  [jvm.dll+0x5ebe96]
C  [ucrtbase.dll+0x26c0c]
C  [KERNEL32.DLL+0x154e0]
C  [ntdll.dll+0x485b]


---------------  P R O C E S S  ---------------

Threads class SMR info:
_java_thread_list=0x0000023864a22610, length=150, elements={
0x000002384310c000, 0x000002385f6e6000, 0x000002385f6e8000, 0x00000238600e2800,
0x000002385f704000, 0x000002385f704800, 0x000002385f708000, 0x000002385f70f800,
0x000002385f711000, 0x000002386021a800, 0x000002386189b800, 0x0000023860e01800,
0x0000023861b36000, 0x0000023861686000, 0x0000023861a70000, 0x0000023861b26800,
0x0000023861b1e800, 0x0000023861aba800, 0x0000023861b31000, 0x0000023861b89800,
0x0000023861b87000, 0x0000023861b87800, 0x0000023861b8b000, 0x0000023861b88800,
0x0000023861b86000, 0x0000023861b8a000, 0x0000023861b85000, 0x0000023861b8b800,
0x0000023862320000, 0x0000023862322800, 0x0000023862321800, 0x000002386231d800,
0x0000023862324000, 0x000002386231e000, 0x000002386231f000, 0x0000023862328000,
0x0000023862325800, 0x0000023862329000, 0x0000023862326800, 0x0000023862327000,
0x0000023862329800, 0x000002386232a800, 0x0000023862324800, 0x000002386232b800,
0x000002386232c000, 0x0000023864707000, 0x0000023864707800, 0x0000023864708800,
0x0000023864703000, 0x0000023864709800, 0x0000023864705800, 0x0000023864703800,
0x0000023864706000, 0x000002386470a000, 0x0000023864704800, 0x0000023864710000,
0x000002386470f000, 0x000002386470c000, 0x0000023864710800, 0x000002386470b000,
0x0000023864711800, 0x000002386470c800, 0x000002386470d800, 0x000002386470e000,
0x0000023864b16000, 0x0000023864b14800, 0x0000023864b17000, 0x0000023864b13000,
0x0000023864b19800, 0x0000023864b18000, 0x0000023864b18800, 0x0000023864b14000,
0x0000023864b1a800, 0x0000023864b1b000, 0x0000023864b15800, 0x0000023864b1c000,
0x0000023864b21800, 0x0000023864b20000, 0x0000023864b1c800, 0x0000023864b1e800,
0x0000023864b1d800, 0x0000023864b1f000, 0x0000023864b21000, 0x000002386454d800,
0x0000023864548800, 0x000002386454b000, 0x000002386454b800, 0x000002386454e000,
0x000002386454c800, 0x000002386454f000, 0x0000023864549800, 0x000002386454a000,
0x0000023864553000, 0x0000023864552800, 0x0000023864550800, 0x0000023864551800,
0x0000023864554000, 0x0000023864555800, 0x0000023864554800, 0x0000023864550000,
0x0000023864556800, 0x0000023864557000, 0x0000023864e13000, 0x0000023864e12800,
0x0000023864e0e800, 0x0000023864e14000, 0x0000023864e15000, 0x0000023864e0f000,
0x0000023864e10000, 0x0000023864e16800, 0x0000023864e15800, 0x0000023864e11000,
0x0000023864e17800, 0x0000023864e11800, 0x0000023864e1c000, 0x0000023864e1d000,
0x0000023864e1a800, 0x0000023864e1b800, 0x0000023864e18000, 0x0000023864e19000,
0x0000023864e1a000, 0x0000023864fd6000, 0x0000023864fd5000, 0x0000023864fd8800,
0x0000023864fd7800, 0x0000023864fd3800, 0x0000023864fd4800, 0x0000023864fd2800,
0x0000023864fdb000, 0x0000023864fdc800, 0x0000023864fd9000, 0x0000023864fda000,
0x0000023864fd7000, 0x0000023864fdf000, 0x0000023864fdb800, 0x0000023864fe1800,
0x0000023864fdd800, 0x0000023864fde000, 0x0000023864fdf800, 0x0000023867293800,
0x0000023867295800, 0x0000023867294800, 0x0000023867297000, 0x0000023867297800,
0x0000023867296000, 0x0000023867298800, 0x0000023867293000, 0x000002386729c800,
0x000002386729d800, 0x000002386729a000
}

Java Threads: ( => current thread )
  0x000002384310c000 JavaThread "main" [_thread_blocked, id=10736, stack(0x0000007d97f00000,0x0000007d98000000)]
  0x000002385f6e6000 JavaThread "Reference Handler" daemon [_thread_blocked, id=9732, stack(0x0000007d98600000,0x0000007d98700000)]
  0x000002385f6e8000 JavaThread "Finalizer" daemon [_thread_blocked, id=9136, stack(0x0000007d98700000,0x0000007d98800000)]
  0x00000238600e2800 JavaThread "Signal Dispatcher" daemon [_thread_blocked, id=9132, stack(0x0000007d98800000,0x0000007d98900000)]
  0x000002385f704000 JavaThread "Attach Listener" daemon [_thread_blocked, id=8832, stack(0x0000007d98900000,0x0000007d98a00000)]
  0x000002385f704800 JavaThread "Service Thread" daemon [_thread_blocked, id=9172, stack(0x0000007d98a00000,0x0000007d98b00000)]
=>0x000002385f708000 JavaThread "C2 CompilerThread0" daemon [_thread_in_native, id=9616, stack(0x0000007d98b00000,0x0000007d98c00000)]
  0x000002385f70f800 JavaThread "C1 CompilerThread0" daemon [_thread_blocked, id=9208, stack(0x0000007d98c00000,0x0000007d98d00000)]
  0x000002385f711000 JavaThread "Sweeper thread" daemon [_thread_blocked, id=9604, stack(0x0000007d98d00000,0x0000007d98e00000)]
  0x000002386021a800 JavaThread "Common-Cleaner" daemon [_thread_blocked, id=9608, stack(0x0000007d98e00000,0x0000007d98f00000)]
  0x000002386189b800 JavaThread "Daemon health stats" [_thread_blocked, id=7632, stack(0x0000007d99100000,0x0000007d99200000)]
  0x0000023860e01800 JavaThread "Incoming local TCP Connector on port 59591" [_thread_in_native, id=8116, stack(0x0000007d99400000,0x0000007d99500000)]
  0x0000023861b36000 JavaThread "Daemon periodic checks" [_thread_blocked, id=3076, stack(0x0000007d99500000,0x0000007d99600000)]
  0x0000023861686000 JavaThread "Daemon" [_thread_blocked, id=12244, stack(0x0000007d99600000,0x0000007d99700000)]
  0x0000023861a70000 JavaThread "Handler for socket connection from /127.0.0.1:59591 to /127.0.0.1:59592" [_thread_in_native, id=6388, stack(0x0000007d99700000,0x0000007d99800000)]
  0x0000023861b26800 JavaThread "Cancel handler" [_thread_blocked, id=13684, stack(0x0000007d9a000000,0x0000007d9a100000)]
  0x0000023861b1e800 JavaThread "Daemon worker" [_thread_in_native, id=8580, stack(0x0000007d9a100000,0x0000007d9a200000)]
  0x0000023861aba800 JavaThread "Asynchronous log dispatcher for DefaultDaemonConnection: socket connection from /127.0.0.1:59591 to /127.0.0.1:59592" [_thread_blocked, id=9748, stack(0x0000007d9a200000,0x0000007d9a300000)]
  0x0000023861b31000 JavaThread "Stdin handler" [_thread_blocked, id=1576, stack(0x0000007d9a300000,0x0000007d9a400000)]
  0x0000023861b89800 JavaThread "Thread-8" [_thread_blocked, id=2912, stack(0x0000007d9a400000,0x0000007d9a500000)]
  0x0000023861b87000 JavaThread "Cache worker for file hash cache (C:\Users\acer\.gradle\caches\6.7.1\fileHashes)" [_thread_blocked, id=10200, stack(0x0000007d9a500000,0x0000007d9a600000)]
  0x0000023861b87800 JavaThread "File lock request listener" [_thread_in_native, id=8124, stack(0x0000007d9a600000,0x0000007d9a700000)]
  0x0000023861b8b000 JavaThread "Cache worker for journal cache (C:\Users\acer\.gradle\caches\journal-1)" [_thread_blocked, id=7920, stack(0x0000007d9a800000,0x0000007d9a900000)]
  0x0000023861b88800 JavaThread "Cache worker for file hash cache (D:\Du an truong\DuanPhonestore\.gradle\6.7.1\fileHashes)" [_thread_blocked, id=4252, stack(0x0000007d9a900000,0x0000007d9aa00000)]
  0x0000023861b86000 JavaThread "Cache worker for checksums cache (D:\Du an truong\DuanPhonestore\.gradle\checksums)" [_thread_blocked, id=3772, stack(0x0000007d9aa00000,0x0000007d9ab00000)]
  0x0000023861b8a000 JavaThread "Cache worker for cache directory md-supplier (C:\Users\acer\.gradle\caches\6.7.1\md-supplier)" [_thread_blocked, id=2504, stack(0x0000007d9ab00000,0x0000007d9ac00000)]
  0x0000023861b85000 JavaThread "Cache worker for cache directory md-rule (C:\Users\acer\.gradle\caches\6.7.1\md-rule)" [_thread_blocked, id=10916, stack(0x0000007d9ac00000,0x0000007d9ad00000)]
  0x0000023861b8b800 JavaThread "Cache worker for execution history cache (C:\Users\acer\.gradle\caches\6.7.1\executionHistory)" [_thread_blocked, id=5520, stack(0x0000007d9ad00000,0x0000007d9ae00000)]
  0x0000023862320000 JavaThread "jar transforms" [_thread_blocked, id=2112, stack(0x0000007d9ae00000,0x0000007d9af00000)]
  0x0000023862322800 JavaThread "Cache worker for file content cache (C:\Users\acer\.gradle\caches\6.7.1\fileContent)" [_thread_blocked, id=12712, stack(0x0000007d9af00000,0x0000007d9b000000)]
  0x0000023862321800 JavaThread "Cache worker for Build Output Cleanup Cache (D:\Du an truong\DuanPhonestore\.gradle\buildOutputCleanup)" [_thread_blocked, id=10328, stack(0x0000007d9b000000,0x0000007d9b100000)]
  0x000002386231d800 JavaThread "Build operations" [_thread_blocked, id=5932, stack(0x0000007d9b100000,0x0000007d9b200000)]
  0x0000023862324000 JavaThread "Build operations Thread 2" [_thread_blocked, id=13704, stack(0x0000007d9b200000,0x0000007d9b300000)]
  0x000002386231e000 JavaThread "Build operations Thread 3" [_thread_blocked, id=10356, stack(0x0000007d9b300000,0x0000007d9b400000)]
  0x000002386231f000 JavaThread "Build operations Thread 4" [_thread_blocked, id=2616, stack(0x0000007d9b400000,0x0000007d9b500000)]
  0x0000023862328000 JavaThread "Build operations Thread 5" [_thread_blocked, id=1176, stack(0x0000007d9b500000,0x0000007d9b600000)]
  0x0000023862325800 JavaThread "Build operations Thread 6" [_thread_blocked, id=5880, stack(0x0000007d9b600000,0x0000007d9b700000)]
  0x0000023862329000 JavaThread "Build operations Thread 7" [_thread_blocked, id=10756, stack(0x0000007d9b700000,0x0000007d9b800000)]
  0x0000023862326800 JavaThread "Build operations Thread 8" [_thread_blocked, id=9468, stack(0x0000007d9b800000,0x0000007d9b900000)]
  0x0000023862327000 JavaThread "jar transforms Thread 2" [_thread_blocked, id=3876, stack(0x0000007d9b900000,0x0000007d9ba00000)]
  0x0000023862329800 JavaThread "jar transforms Thread 3" [_thread_blocked, id=13592, stack(0x0000007d9ba00000,0x0000007d9bb00000)]
  0x000002386232a800 JavaThread "jar transforms Thread 4" [_thread_blocked, id=14164, stack(0x0000007d9bb00000,0x0000007d9bc00000)]
  0x0000023862324800 JavaThread "jar transforms Thread 5" [_thread_blocked, id=12260, stack(0x0000007d9bc00000,0x0000007d9bd00000)]
  0x000002386232b800 JavaThread "jar transforms Thread 6" [_thread_blocked, id=12232, stack(0x0000007d9bd00000,0x0000007d9be00000)]
  0x000002386232c000 JavaThread "jar transforms Thread 7" [_thread_blocked, id=5920, stack(0x0000007d9be00000,0x0000007d9bf00000)]
  0x0000023864707000 JavaThread "jar transforms Thread 8" [_thread_blocked, id=13488, stack(0x0000007d9bf00000,0x0000007d9c000000)]
  0x0000023864707800 JavaThread "jar transforms Thread 9" [_thread_blocked, id=10336, stack(0x0000007d9c000000,0x0000007d9c100000)]
  0x0000023864708800 JavaThread "jar transforms Thread 10" [_thread_blocked, id=11224, stack(0x0000007d9c100000,0x0000007d9c200000)]
  0x0000023864703000 JavaThread "jar transforms Thread 11" [_thread_blocked, id=2228, stack(0x0000007d9c200000,0x0000007d9c300000)]
  0x0000023864709800 JavaThread "jar transforms Thread 12" [_thread_blocked, id=8664, stack(0x0000007d9c300000,0x0000007d9c400000)]
  0x0000023864705800 JavaThread "jar transforms Thread 13" [_thread_blocked, id=14120, stack(0x0000007d9c400000,0x0000007d9c500000)]
  0x0000023864703800 JavaThread "jar transforms Thread 14" [_thread_blocked, id=1324, stack(0x0000007d9c500000,0x0000007d9c600000)]
  0x0000023864706000 JavaThread "jar transforms Thread 15" [_thread_blocked, id=2544, stack(0x0000007d9c600000,0x0000007d9c700000)]
  0x000002386470a000 JavaThread "jar transforms Thread 16" [_thread_blocked, id=6348, stack(0x0000007d9c700000,0x0000007d9c800000)]
  0x0000023864704800 JavaThread "jar transforms Thread 17" [_thread_blocked, id=2588, stack(0x0000007d9c800000,0x0000007d9c900000)]
  0x0000023864710000 JavaThread "jar transforms Thread 18" [_thread_blocked, id=1256, stack(0x0000007d9c900000,0x0000007d9ca00000)]
  0x000002386470f000 JavaThread "jar transforms Thread 19" [_thread_blocked, id=5492, stack(0x0000007d9ca00000,0x0000007d9cb00000)]
  0x000002386470c000 JavaThread "jar transforms Thread 20" [_thread_blocked, id=11112, stack(0x0000007d9cb00000,0x0000007d9cc00000)]
  0x0000023864710800 JavaThread "jar transforms Thread 21" [_thread_blocked, id=7160, stack(0x0000007d9cc00000,0x0000007d9cd00000)]
  0x000002386470b000 JavaThread "jar transforms Thread 22" [_thread_blocked, id=7716, stack(0x0000007d9cd00000,0x0000007d9ce00000)]
  0x0000023864711800 JavaThread "jar transforms Thread 23" [_thread_blocked, id=1076, stack(0x0000007d9ce00000,0x0000007d9cf00000)]
  0x000002386470c800 JavaThread "jar transforms Thread 24" [_thread_blocked, id=9408, stack(0x0000007d9cf00000,0x0000007d9d000000)]
  0x000002386470d800 JavaThread "jar transforms Thread 25" [_thread_blocked, id=10036, stack(0x0000007d9d000000,0x0000007d9d100000)]
  0x000002386470e000 JavaThread "jar transforms Thread 26" [_thread_blocked, id=10420, stack(0x0000007d9d100000,0x0000007d9d200000)]
  0x0000023864b16000 JavaThread "jar transforms Thread 27" [_thread_blocked, id=11688, stack(0x0000007d9d200000,0x0000007d9d300000)]
  0x0000023864b14800 JavaThread "jar transforms Thread 28" [_thread_blocked, id=9352, stack(0x0000007d9d300000,0x0000007d9d400000)]
  0x0000023864b17000 JavaThread "jar transforms Thread 29" [_thread_blocked, id=1360, stack(0x0000007d9d400000,0x0000007d9d500000)]
  0x0000023864b13000 JavaThread "jar transforms Thread 30" [_thread_blocked, id=5420, stack(0x0000007d9d500000,0x0000007d9d600000)]
  0x0000023864b19800 JavaThread "jar transforms Thread 31" [_thread_blocked, id=10896, stack(0x0000007d9d600000,0x0000007d9d700000)]
  0x0000023864b18000 JavaThread "jar transforms Thread 32" [_thread_blocked, id=7436, stack(0x0000007d9d700000,0x0000007d9d800000)]
  0x0000023864b18800 JavaThread "jar transforms Thread 33" [_thread_blocked, id=10164, stack(0x0000007d9d800000,0x0000007d9d900000)]
  0x0000023864b14000 JavaThread "jar transforms Thread 34" [_thread_blocked, id=1748, stack(0x0000007d9d900000,0x0000007d9da00000)]
  0x0000023864b1a800 JavaThread "jar transforms Thread 35" [_thread_blocked, id=9324, stack(0x0000007d9da00000,0x0000007d9db00000)]
  0x0000023864b1b000 JavaThread "jar transforms Thread 36" [_thread_blocked, id=2012, stack(0x0000007d9db00000,0x0000007d9dc00000)]
  0x0000023864b15800 JavaThread "jar transforms Thread 37" [_thread_blocked, id=11232, stack(0x0000007d9dc00000,0x0000007d9dd00000)]
  0x0000023864b1c000 JavaThread "jar transforms Thread 38" [_thread_blocked, id=11384, stack(0x0000007d9dd00000,0x0000007d9de00000)]
  0x0000023864b21800 JavaThread "jar transforms Thread 39" [_thread_blocked, id=11592, stack(0x0000007d9de00000,0x0000007d9df00000)]
  0x0000023864b20000 JavaThread "jar transforms Thread 40" [_thread_blocked, id=11260, stack(0x0000007d9df00000,0x0000007d9e000000)]
  0x0000023864b1c800 JavaThread "jar transforms Thread 41" [_thread_blocked, id=10888, stack(0x0000007d9e000000,0x0000007d9e100000)]
  0x0000023864b1e800 JavaThread "jar transforms Thread 42" [_thread_blocked, id=14140, stack(0x0000007d9e100000,0x0000007d9e200000)]
  0x0000023864b1d800 JavaThread "jar transforms Thread 43" [_thread_blocked, id=13580, stack(0x0000007d9e200000,0x0000007d9e300000)]
  0x0000023864b1f000 JavaThread "jar transforms Thread 44" [_thread_blocked, id=5516, stack(0x0000007d9e300000,0x0000007d9e400000)]
  0x0000023864b21000 JavaThread "jar transforms Thread 45" [_thread_blocked, id=6224, stack(0x0000007d9e400000,0x0000007d9e500000)]
  0x000002386454d800 JavaThread "jar transforms Thread 46" [_thread_blocked, id=1560, stack(0x0000007d9e500000,0x0000007d9e600000)]
  0x0000023864548800 JavaThread "jar transforms Thread 47" [_thread_blocked, id=3624, stack(0x0000007d9e600000,0x0000007d9e700000)]
  0x000002386454b000 JavaThread "jar transforms Thread 48" [_thread_blocked, id=596, stack(0x0000007d9e700000,0x0000007d9e800000)]
  0x000002386454b800 JavaThread "jar transforms Thread 49" [_thread_blocked, id=12860, stack(0x0000007d9e800000,0x0000007d9e900000)]
  0x000002386454e000 JavaThread "jar transforms Thread 50" [_thread_blocked, id=12704, stack(0x0000007d9e900000,0x0000007d9ea00000)]
  0x000002386454c800 JavaThread "jar transforms Thread 51" [_thread_blocked, id=9152, stack(0x0000007d9ea00000,0x0000007d9eb00000)]
  0x000002386454f000 JavaThread "jar transforms Thread 52" [_thread_blocked, id=1460, stack(0x0000007d9eb00000,0x0000007d9ec00000)]
  0x0000023864549800 JavaThread "jar transforms Thread 53" [_thread_blocked, id=9304, stack(0x0000007d9ec00000,0x0000007d9ed00000)]
  0x000002386454a000 JavaThread "jar transforms Thread 54" [_thread_blocked, id=7004, stack(0x0000007d9ed00000,0x0000007d9ee00000)]
  0x0000023864553000 JavaThread "jar transforms Thread 55" [_thread_blocked, id=13568, stack(0x0000007d9ee00000,0x0000007d9ef00000)]
  0x0000023864552800 JavaThread "jar transforms Thread 56" [_thread_blocked, id=4556, stack(0x0000007d9ef00000,0x0000007d9f000000)]
  0x0000023864550800 JavaThread "jar transforms Thread 57" [_thread_blocked, id=12404, stack(0x0000007d9f000000,0x0000007d9f100000)]
  0x0000023864551800 JavaThread "jar transforms Thread 58" [_thread_blocked, id=12548, stack(0x0000007d9f100000,0x0000007d9f200000)]
  0x0000023864554000 JavaThread "jar transforms Thread 59" [_thread_blocked, id=3616, stack(0x0000007d9f200000,0x0000007d9f300000)]
  0x0000023864555800 JavaThread "jar transforms Thread 60" [_thread_blocked, id=7984, stack(0x0000007d9f300000,0x0000007d9f400000)]
  0x0000023864554800 JavaThread "jar transforms Thread 61" [_thread_blocked, id=7884, stack(0x0000007d9f400000,0x0000007d9f500000)]
  0x0000023864550000 JavaThread "jar transforms Thread 62" [_thread_blocked, id=8320, stack(0x0000007d9f500000,0x0000007d9f600000)]
  0x0000023864556800 JavaThread "jar transforms Thread 63" [_thread_blocked, id=4220, stack(0x0000007d9f600000,0x0000007d9f700000)]
  0x0000023864557000 JavaThread "jar transforms Thread 64" [_thread_blocked, id=10880, stack(0x0000007d9f700000,0x0000007d9f800000)]
  0x0000023864e13000 JavaThread "jar transforms Thread 65" [_thread_blocked, id=13888, stack(0x0000007d9f800000,0x0000007d9f900000)]
  0x0000023864e12800 JavaThread "jar transforms Thread 66" [_thread_blocked, id=5160, stack(0x0000007d9f900000,0x0000007d9fa00000)]
  0x0000023864e0e800 JavaThread "jar transforms Thread 67" [_thread_blocked, id=8780, stack(0x0000007d9fa00000,0x0000007d9fb00000)]
  0x0000023864e14000 JavaThread "jar transforms Thread 68" [_thread_blocked, id=11964, stack(0x0000007d9fb00000,0x0000007d9fc00000)]
  0x0000023864e15000 JavaThread "jar transforms Thread 69" [_thread_blocked, id=568, stack(0x0000007d9fc00000,0x0000007d9fd00000)]
  0x0000023864e0f000 JavaThread "jar transforms Thread 70" [_thread_blocked, id=14308, stack(0x0000007d9fd00000,0x0000007d9fe00000)]
  0x0000023864e10000 JavaThread "jar transforms Thread 71" [_thread_blocked, id=3952, stack(0x0000007d9fe00000,0x0000007d9ff00000)]
  0x0000023864e16800 JavaThread "jar transforms Thread 72" [_thread_blocked, id=11396, stack(0x0000007d9ff00000,0x0000007da0000000)]
  0x0000023864e15800 JavaThread "jar transforms Thread 73" [_thread_blocked, id=6232, stack(0x0000007da0000000,0x0000007da0100000)]
  0x0000023864e11000 JavaThread "jar transforms Thread 74" [_thread_blocked, id=14224, stack(0x0000007da0100000,0x0000007da0200000)]
  0x0000023864e17800 JavaThread "jar transforms Thread 75" [_thread_blocked, id=1828, stack(0x0000007da0200000,0x0000007da0300000)]
  0x0000023864e11800 JavaThread "jar transforms Thread 76" [_thread_blocked, id=5876, stack(0x0000007da0300000,0x0000007da0400000)]
  0x0000023864e1c000 JavaThread "jar transforms Thread 77" [_thread_blocked, id=11552, stack(0x0000007da0400000,0x0000007da0500000)]
  0x0000023864e1d000 JavaThread "jar transforms Thread 78" [_thread_blocked, id=13352, stack(0x0000007da0500000,0x0000007da0600000)]
  0x0000023864e1a800 JavaThread "jar transforms Thread 79" [_thread_blocked, id=4896, stack(0x0000007da0600000,0x0000007da0700000)]
  0x0000023864e1b800 JavaThread "jar transforms Thread 80" [_thread_blocked, id=12760, stack(0x0000007da0700000,0x0000007da0800000)]
  0x0000023864e18000 JavaThread "jar transforms Thread 81" [_thread_blocked, id=1416, stack(0x0000007da0800000,0x0000007da0900000)]
  0x0000023864e19000 JavaThread "jar transforms Thread 82" [_thread_blocked, id=12636, stack(0x0000007da0900000,0x0000007da0a00000)]
  0x0000023864e1a000 JavaThread "jar transforms Thread 83" [_thread_blocked, id=8568, stack(0x0000007da0a00000,0x0000007da0b00000)]
  0x0000023864fd6000 JavaThread "jar transforms Thread 84" [_thread_blocked, id=13820, stack(0x0000007da0b00000,0x0000007da0c00000)]
  0x0000023864fd5000 JavaThread "jar transforms Thread 85" [_thread_blocked, id=2760, stack(0x0000007da0c00000,0x0000007da0d00000)]
  0x0000023864fd8800 JavaThread "jar transforms Thread 86" [_thread_blocked, id=1156, stack(0x0000007da0d00000,0x0000007da0e00000)]
  0x0000023864fd7800 JavaThread "jar transforms Thread 87" [_thread_blocked, id=5888, stack(0x0000007da0e00000,0x0000007da0f00000)]
  0x0000023864fd3800 JavaThread "jar transforms Thread 88" [_thread_blocked, id=8000, stack(0x0000007da0f00000,0x0000007da1000000)]
  0x0000023864fd4800 JavaThread "jar transforms Thread 89" [_thread_blocked, id=14100, stack(0x0000007da1000000,0x0000007da1100000)]
  0x0000023864fd2800 JavaThread "jar transforms Thread 90" [_thread_blocked, id=9764, stack(0x0000007da1100000,0x0000007da1200000)]
  0x0000023864fdb000 JavaThread "jar transforms Thread 91" [_thread_blocked, id=32, stack(0x0000007da1200000,0x0000007da1300000)]
  0x0000023864fdc800 JavaThread "jar transforms Thread 92" [_thread_blocked, id=10280, stack(0x0000007da1300000,0x0000007da1400000)]
  0x0000023864fd9000 JavaThread "jar transforms Thread 93" [_thread_blocked, id=6468, stack(0x0000007da1400000,0x0000007da1500000)]
  0x0000023864fda000 JavaThread "jar transforms Thread 94" [_thread_blocked, id=12400, stack(0x0000007da1500000,0x0000007da1600000)]
  0x0000023864fd7000 JavaThread "jar transforms Thread 95" [_thread_blocked, id=6620, stack(0x0000007da1600000,0x0000007da1700000)]
  0x0000023864fdf000 JavaThread "jar transforms Thread 96" [_thread_blocked, id=12488, stack(0x0000007da1700000,0x0000007da1800000)]
  0x0000023864fdb800 JavaThread "jar transforms Thread 97" [_thread_blocked, id=5848, stack(0x0000007da1800000,0x0000007da1900000)]
  0x0000023864fe1800 JavaThread "jar transforms Thread 98" [_thread_blocked, id=13884, stack(0x0000007da1900000,0x0000007da1a00000)]
  0x0000023864fdd800 JavaThread "jar transforms Thread 99" [_thread_blocked, id=7432, stack(0x0000007da1a00000,0x0000007da1b00000)]
  0x0000023864fde000 JavaThread "Memory manager" [_thread_blocked, id=13260, stack(0x0000007da1b00000,0x0000007da1c00000)]
  0x0000023864fdf800 JavaThread "build event listener" [_thread_blocked, id=8804, stack(0x0000007da1c00000,0x0000007da1d00000)]
  0x0000023867293800 JavaThread "build event listener" [_thread_blocked, id=5036, stack(0x0000007da1d00000,0x0000007da1e00000)]
  0x0000023867295800 JavaThread "Execution worker for ':'" [_thread_blocked, id=8292, stack(0x0000007da1e00000,0x0000007da1f00000)]
  0x0000023867294800 JavaThread "Execution worker for ':' Thread 2" [_thread_blocked, id=13772, stack(0x0000007da1f00000,0x0000007da2000000)]
  0x0000023867297000 JavaThread "Execution worker for ':' Thread 3" [_thread_blocked, id=12348, stack(0x0000007da2000000,0x0000007da2100000)]
  0x0000023867297800 JavaThread "Execution worker for ':' Thread 4" [_thread_blocked, id=8352, stack(0x0000007da2100000,0x0000007da2200000)]
  0x0000023867296000 JavaThread "Execution worker for ':' Thread 5" [_thread_blocked, id=9160, stack(0x0000007da2200000,0x0000007da2300000)]
  0x0000023867298800 JavaThread "Execution worker for ':' Thread 6" [_thread_blocked, id=1272, stack(0x0000007da2300000,0x0000007da2400000)]
  0x0000023867293000 JavaThread "Execution worker for ':' Thread 7" [_thread_blocked, id=10852, stack(0x0000007da2400000,0x0000007da2500000)]
  0x000002386729c800 JavaThread "Cache worker for execution history cache (D:\Du an truong\DuanPhonestore\.gradle\6.7.1\executionHistory)" [_thread_blocked, id=5144, stack(0x0000007da2500000,0x0000007da2600000)]
  0x000002386729d800 JavaThread "Cache worker for Java compile cache (C:\Users\acer\.gradle\caches\6.7.1\javaCompile)" [_thread_blocked, id=12648, stack(0x0000007da2600000,0x0000007da2700000)]
  0x000002386729a000 JavaThread "Cache worker for Java compile cache (D:\Du an truong\DuanPhonestore\.gradle\6.7.1\javaCompile)" [_thread_blocked, id=1084, stack(0x0000007da2700000,0x0000007da2800000)]

Other Threads:
  0x000002385f6e3800 VMThread "VM Thread" [stack: 0x0000007d98500000,0x0000007d98600000] [id=11136]
  0x0000023860247800 WatcherThread [stack: 0x0000007d98f00000,0x0000007d99000000] [id=8928]
  0x00000238452b4800 GCTaskThread "GC Thread#0" [stack: 0x0000007d98000000,0x0000007d98100000] [id=11056]
  0x0000023860890000 GCTaskThread "GC Thread#1" [stack: 0x0000007d99000000,0x0000007d99100000] [id=9784]
  0x0000023862077800 GCTaskThread "GC Thread#2" [stack: 0x0000007d99800000,0x0000007d99900000] [id=6948]
  0x000002386171c800 GCTaskThread "GC Thread#3" [stack: 0x0000007d99900000,0x0000007d99a00000] [id=8296]
  0x000002386171d000 GCTaskThread "GC Thread#4" [stack: 0x0000007d99a00000,0x0000007d99b00000] [id=8012]
  0x0000023861a40000 GCTaskThread "GC Thread#5" [stack: 0x0000007d99b00000,0x0000007d99c00000] [id=10252]
  0x0000023861a41000 GCTaskThread "GC Thread#6" [stack: 0x0000007d99c00000,0x0000007d99d00000] [id=5168]
  0x000002386175f800 GCTaskThread "GC Thread#7" [stack: 0x0000007d99d00000,0x0000007d99e00000] [id=10552]
  0x00000238452e5800 ConcurrentGCThread "G1 Main Marker" [stack: 0x0000007d98100000,0x0000007d98200000] [id=11068]
  0x00000238452e7000 ConcurrentGCThread "G1 Conc#0" [stack: 0x0000007d98200000,0x0000007d98300000] [id=7416]
  0x00000238620f8800 ConcurrentGCThread "G1 Conc#1" [stack: 0x0000007d9a700000,0x0000007d9a800000] [id=6384]
  0x000002384536f800 ConcurrentGCThread "G1 Refine#0" [stack: 0x0000007d98300000,0x0000007d98400000] [id=684]
  0x0000023860c03800 ConcurrentGCThread "G1 Refine#1" [stack: 0x0000007d99e00000,0x0000007d99f00000] [id=2152]
  0x0000023861b19800 ConcurrentGCThread "G1 Refine#2" [stack: 0x0000007d99f00000,0x0000007d9a000000] [id=7524]
  0x0000023845370800 ConcurrentGCThread "G1 Young RemSet Sampling" [stack: 0x0000007d98400000,0x0000007d98500000] [id=7340]

Threads with active compile tasks:
C2 CompilerThread0  11676 9858   !   4       com.sun.tools.javac.parser.JavaTokenizer::readToken (2179 bytes)

VM state:not at safepoint (normal execution)

VM Mutex/Monitor currently owned by a thread: None

Heap address: 0x0000000080000000, size: 2048 MB, Compressed Oops mode: 32-bit
Narrow klass base: 0x0000000000000000, Narrow klass shift: 3
Compressed class space size: 1073741824 Address: 0x0000000100000000

Heap:
 garbage-first heap   total 206848K, used 137299K [0x0000000080000000, 0x0000000100000000)
  region size 1024K, 64 young (65536K), 9 survivors (9216K)
 Metaspace       used 85856K, capacity 88055K, committed 88192K, reserved 1126400K
  class space    used 11097K, capacity 11891K, committed 11904K, reserved 1048576K
Heap Regions: E=young(eden), S=young(survivor), O=old, HS=humongous(starts), HC=humongous(continues), CS=collection set, F=free, A=archive, TAMS=top-at-mark-start (previous, next)
|   0|0x0000000080000000, 0x0000000080100000, 0x0000000080100000|100%| O|  |TAMS 0x0000000080100000, 0x0000000080000000| Untracked 
|   1|0x0000000080100000, 0x0000000080200000, 0x0000000080200000|100%| O|  |TAMS 0x0000000080200000, 0x0000000080100000| Untracked 
|   2|0x0000000080200000, 0x0000000080300000, 0x0000000080300000|100%| O|  |TAMS 0x0000000080300000, 0x0000000080200000| Untracked 
|   3|0x0000000080300000, 0x0000000080400000, 0x0000000080400000|100%|HS|  |TAMS 0x0000000080400000, 0x0000000080300000| Complete 
|   4|0x0000000080400000, 0x0000000080500000, 0x0000000080500000|100%|HC|  |TAMS 0x0000000080500000, 0x0000000080400000| Complete 
|   5|0x0000000080500000, 0x0000000080600000, 0x0000000080600000|100%|HC|  |TAMS 0x0000000080600000, 0x0000000080500000| Complete 
|   6|0x0000000080600000, 0x0000000080700000, 0x0000000080700000|100%| O|  |TAMS 0x0000000080700000, 0x0000000080600000| Untracked 
|   7|0x0000000080700000, 0x0000000080800000, 0x0000000080800000|100%| O|  |TAMS 0x0000000080800000, 0x0000000080700000| Untracked 
|   8|0x0000000080800000, 0x0000000080900000, 0x0000000080900000|100%| O|  |TAMS 0x0000000080900000, 0x0000000080800000| Untracked 
|   9|0x0000000080900000, 0x0000000080a00000, 0x0000000080a00000|100%| O|  |TAMS 0x0000000080a00000, 0x0000000080900000| Untracked 
|  10|0x0000000080a00000, 0x0000000080b00000, 0x0000000080b00000|100%| O|  |TAMS 0x0000000080b00000, 0x0000000080a00000| Untracked 
|  11|0x0000000080b00000, 0x0000000080c00000, 0x0000000080c00000|100%| O|  |TAMS 0x0000000080c00000, 0x0000000080b00000| Untracked 
|  12|0x0000000080c00000, 0x0000000080d00000, 0x0000000080d00000|100%| O|  |TAMS 0x0000000080d00000, 0x0000000080c00000| Untracked 
|  13|0x0000000080d00000, 0x0000000080e00000, 0x0000000080e00000|100%| O|  |TAMS 0x0000000080e00000, 0x0000000080d00000| Untracked 
|  14|0x0000000080e00000, 0x0000000080f00000, 0x0000000080f00000|100%| O|  |TAMS 0x0000000080f00000, 0x0000000080e00000| Untracked 
|  15|0x0000000080f00000, 0x0000000081000000, 0x0000000081000000|100%| O|  |TAMS 0x0000000081000000, 0x0000000080f00000| Untracked 
|  16|0x0000000081000000, 0x0000000081100000, 0x0000000081100000|100%| O|  |TAMS 0x0000000081100000, 0x0000000081000000| Untracked 
|  17|0x0000000081100000, 0x0000000081200000, 0x0000000081200000|100%| O|  |TAMS 0x0000000081200000, 0x0000000081100000| Untracked 
|  18|0x0000000081200000, 0x0000000081300000, 0x0000000081300000|100%| O|  |TAMS 0x0000000081300000, 0x0000000081200000| Untracked 
|  19|0x0000000081300000, 0x0000000081400000, 0x0000000081400000|100%| O|  |TAMS 0x0000000081400000, 0x0000000081300000| Untracked 
|  20|0x0000000081400000, 0x0000000081500000, 0x0000000081500000|100%|HS|  |TAMS 0x0000000081500000, 0x0000000081400000| Complete 
|  21|0x0000000081500000, 0x0000000081600000, 0x0000000081600000|100%| O|  |TAMS 0x0000000081600000, 0x0000000081500000| Untracked 
|  22|0x0000000081600000, 0x0000000081700000, 0x0000000081700000|100%| O|  |TAMS 0x0000000081700000, 0x0000000081600000| Untracked 
|  23|0x0000000081700000, 0x0000000081800000, 0x0000000081800000|100%| O|  |TAMS 0x0000000081800000, 0x0000000081700000| Untracked 
|  24|0x0000000081800000, 0x0000000081900000, 0x0000000081900000|100%|HS|  |TAMS 0x0000000081900000, 0x0000000081800000| Complete 
|  25|0x0000000081900000, 0x0000000081a00000, 0x0000000081a00000|100%|HC|  |TAMS 0x0000000081a00000, 0x0000000081900000| Complete 
|  26|0x0000000081a00000, 0x0000000081b00000, 0x0000000081b00000|100%| O|  |TAMS 0x0000000081b00000, 0x0000000081a00000| Untracked 
|  27|0x0000000081b00000, 0x0000000081c00000, 0x0000000081c00000|100%| O|  |TAMS 0x0000000081c00000, 0x0000000081b00000| Untracked 
|  28|0x0000000081c00000, 0x0000000081d00000, 0x0000000081d00000|100%| O|  |TAMS 0x0000000081d00000, 0x0000000081c00000| Untracked 
|  29|0x0000000081d00000, 0x0000000081e00000, 0x0000000081e00000|100%| O|  |TAMS 0x0000000081e00000, 0x0000000081d00000| Untracked 
|  30|0x0000000081e00000, 0x0000000081f00000, 0x0000000081f00000|100%| O|  |TAMS 0x0000000081f00000, 0x0000000081e00000| Untracked 
|  31|0x0000000081f00000, 0x0000000082000000, 0x0000000082000000|100%| O|  |TAMS 0x0000000082000000, 0x0000000081f00000| Untracked 
|  32|0x0000000082000000, 0x0000000082100000, 0x0000000082100000|100%| O|  |TAMS 0x0000000082100000, 0x0000000082000000| Untracked 
|  33|0x0000000082100000, 0x0000000082200000, 0x0000000082200000|100%| O|  |TAMS 0x0000000082200000, 0x0000000082100000| Untracked 
|  34|0x0000000082200000, 0x0000000082300000, 0x0000000082300000|100%| O|  |TAMS 0x0000000082300000, 0x0000000082200000| Untracked 
|  35|0x0000000082300000, 0x0000000082400000, 0x0000000082400000|100%| O|  |TAMS 0x0000000082400000, 0x0000000082300000| Untracked 
|  36|0x0000000082400000, 0x0000000082500000, 0x0000000082500000|100%| O|  |TAMS 0x0000000082500000, 0x0000000082400000| Untracked 
|  37|0x0000000082500000, 0x0000000082600000, 0x0000000082600000|100%| O|  |TAMS 0x0000000082600000, 0x0000000082500000| Untracked 
|  38|0x0000000082600000, 0x0000000082700000, 0x0000000082700000|100%| O|  |TAMS 0x0000000082600000, 0x0000000082600000| Untracked 
|  39|0x0000000082700000, 0x0000000082800000, 0x0000000082800000|100%| O|  |TAMS 0x00000000827fc000, 0x0000000082700000| Untracked 
|  40|0x0000000082800000, 0x0000000082900000, 0x0000000082900000|100%| O|  |TAMS 0x0000000082800000, 0x0000000082800000| Untracked 
|  41|0x0000000082900000, 0x0000000082a00000, 0x0000000082a00000|100%| O|  |TAMS 0x0000000082900000, 0x0000000082900000| Untracked 
|  42|0x0000000082a00000, 0x0000000082b00000, 0x0000000082b00000|100%| O|  |TAMS 0x0000000082a00000, 0x0000000082a00000| Untracked 
|  43|0x0000000082b00000, 0x0000000082c00000, 0x0000000082c00000|100%| O|  |TAMS 0x0000000082b00000, 0x0000000082b00000| Untracked 
|  44|0x0000000082c00000, 0x0000000082d00000, 0x0000000082d00000|100%| O|  |TAMS 0x0000000082c00000, 0x0000000082c00000| Untracked 
|  45|0x0000000082d00000, 0x0000000082e00000, 0x0000000082e00000|100%| O|  |TAMS 0x0000000082d00000, 0x0000000082d00000| Untracked 
|  46|0x0000000082e00000, 0x0000000082f00000, 0x0000000082f00000|100%| O|  |TAMS 0x0000000082e00000, 0x0000000082e00000| Untracked 
|  47|0x0000000082f00000, 0x0000000083000000, 0x0000000083000000|100%| O|  |TAMS 0x0000000082f00000, 0x0000000082f00000| Untracked 
|  48|0x0000000083000000, 0x0000000083100000, 0x0000000083100000|100%| O|  |TAMS 0x0000000083000000, 0x0000000083000000| Untracked 
|  49|0x0000000083100000, 0x0000000083200000, 0x0000000083200000|100%| O|  |TAMS 0x0000000083100000, 0x0000000083100000| Untracked 
|  50|0x0000000083200000, 0x0000000083300000, 0x0000000083300000|100%| O|  |TAMS 0x0000000083200000, 0x0000000083200000| Untracked 
|  51|0x0000000083300000, 0x0000000083400000, 0x0000000083400000|100%| O|  |TAMS 0x0000000083300000, 0x0000000083300000| Untracked 
|  52|0x0000000083400000, 0x0000000083500000, 0x0000000083500000|100%| O|  |TAMS 0x0000000083400000, 0x0000000083400000| Untracked 
|  53|0x0000000083500000, 0x0000000083600000, 0x0000000083600000|100%| O|  |TAMS 0x0000000083500000, 0x0000000083500000| Untracked 
|  54|0x0000000083600000, 0x0000000083700000, 0x0000000083700000|100%| O|  |TAMS 0x0000000083600000, 0x0000000083600000| Untracked 
|  55|0x0000000083700000, 0x0000000083800000, 0x0000000083800000|100%| O|  |TAMS 0x0000000083700000, 0x0000000083700000| Untracked 
|  56|0x0000000083800000, 0x0000000083900000, 0x0000000083900000|100%| O|  |TAMS 0x0000000083800000, 0x0000000083800000| Untracked 
|  57|0x0000000083900000, 0x0000000083a00000, 0x0000000083a00000|100%| O|  |TAMS 0x0000000083900000, 0x0000000083900000| Untracked 
|  58|0x0000000083a00000, 0x0000000083b00000, 0x0000000083b00000|100%| O|  |TAMS 0x0000000083a00000, 0x0000000083a00000| Untracked 
|  59|0x0000000083b00000, 0x0000000083c00000, 0x0000000083c00000|100%| O|  |TAMS 0x0000000083b00000, 0x0000000083b00000| Untracked 
|  60|0x0000000083c00000, 0x0000000083d00000, 0x0000000083d00000|100%| O|  |TAMS 0x0000000083c00000, 0x0000000083c00000| Untracked 
|  61|0x0000000083d00000, 0x0000000083e00000, 0x0000000083e00000|100%| O|  |TAMS 0x0000000083d00000, 0x0000000083d00000| Untracked 
|  62|0x0000000083e00000, 0x0000000083f00000, 0x0000000083f00000|100%| O|  |TAMS 0x0000000083e00000, 0x0000000083e00000| Untracked 
|  63|0x0000000083f00000, 0x0000000084000000, 0x0000000084000000|100%| O|  |TAMS 0x0000000083f00000, 0x0000000083f00000| Untracked 
|  64|0x0000000084000000, 0x0000000084100000, 0x0000000084100000|100%| O|  |TAMS 0x0000000084000000, 0x0000000084000000| Untracked 
|  65|0x0000000084100000, 0x0000000084200000, 0x0000000084200000|100%| O|  |TAMS 0x0000000084100000, 0x0000000084100000| Untracked 
|  66|0x0000000084200000, 0x0000000084300000, 0x0000000084300000|100%| O|  |TAMS 0x0000000084200000, 0x0000000084200000| Untracked 
|  67|0x0000000084300000, 0x0000000084400000, 0x0000000084400000|100%| O|  |TAMS 0x0000000084300000, 0x0000000084300000| Untracked 
|  68|0x0000000084400000, 0x0000000084500000, 0x0000000084500000|100%| O|  |TAMS 0x0000000084400000, 0x0000000084400000| Untracked 
|  69|0x0000000084500000, 0x0000000084600000, 0x0000000084600000|100%| O|  |TAMS 0x0000000084500000, 0x0000000084500000| Untracked 
|  70|0x0000000084600000, 0x0000000084614c00, 0x0000000084700000|  8%| O|  |TAMS 0x0000000084600000, 0x0000000084600000| Untracked 
|  71|0x0000000084700000, 0x0000000084800000, 0x0000000084800000|100%|HS|  |TAMS 0x0000000084700000, 0x0000000084700000| Complete 
|  72|0x0000000084800000, 0x0000000084900000, 0x0000000084900000|100%|HC|  |TAMS 0x0000000084800000, 0x0000000084800000| Complete 
|  73|0x0000000084900000, 0x0000000084900000, 0x0000000084a00000|  0%| F|  |TAMS 0x0000000084900000, 0x0000000084900000| Untracked 
|  74|0x0000000084a00000, 0x0000000084a00000, 0x0000000084b00000|  0%| F|  |TAMS 0x0000000084a00000, 0x0000000084a00000| Untracked 
|  75|0x0000000084b00000, 0x0000000084b00000, 0x0000000084c00000|  0%| F|  |TAMS 0x0000000084b00000, 0x0000000084b00000| Untracked 
|  76|0x0000000084c00000, 0x0000000084c00000, 0x0000000084d00000|  0%| F|  |TAMS 0x0000000084c00000, 0x0000000084c00000| Untracked 
|  77|0x0000000084d00000, 0x0000000084d00000, 0x0000000084e00000|  0%| F|  |TAMS 0x0000000084d00000, 0x0000000084d00000| Untracked 
|  78|0x0000000084e00000, 0x0000000084e00000, 0x0000000084f00000|  0%| F|  |TAMS 0x0000000084e00000, 0x0000000084e00000| Untracked 
|  79|0x0000000084f00000, 0x0000000084f00000, 0x0000000085000000|  0%| F|  |TAMS 0x0000000084f00000, 0x0000000084f00000| Untracked 
|  80|0x0000000085000000, 0x0000000085000000, 0x0000000085100000|  0%| F|  |TAMS 0x0000000085000000, 0x0000000085000000| Untracked 
|  81|0x0000000085100000, 0x0000000085100000, 0x0000000085200000|  0%| F|  |TAMS 0x0000000085100000, 0x0000000085100000| Untracked 
|  82|0x0000000085200000, 0x0000000085200000, 0x0000000085300000|  0%| F|  |TAMS 0x0000000085200000, 0x0000000085200000| Untracked 
|  83|0x0000000085300000, 0x0000000085300000, 0x0000000085400000|  0%| F|  |TAMS 0x0000000085300000, 0x0000000085300000| Untracked 
|  84|0x0000000085400000, 0x0000000085400000, 0x0000000085500000|  0%| F|  |TAMS 0x0000000085400000, 0x0000000085400000| Untracked 
|  85|0x0000000085500000, 0x0000000085500000, 0x0000000085600000|  0%| F|  |TAMS 0x0000000085500000, 0x0000000085500000| Untracked 
|  86|0x0000000085600000, 0x0000000085600000, 0x0000000085700000|  0%| F|  |TAMS 0x0000000085600000, 0x0000000085600000| Untracked 
|  87|0x0000000085700000, 0x0000000085700000, 0x0000000085800000|  0%| F|  |TAMS 0x0000000085700000, 0x0000000085700000| Untracked 
|  88|0x0000000085800000, 0x0000000085800000, 0x0000000085900000|  0%| F|  |TAMS 0x0000000085800000, 0x0000000085800000| Untracked 
|  89|0x0000000085900000, 0x0000000085900000, 0x0000000085a00000|  0%| F|  |TAMS 0x0000000085900000, 0x0000000085900000| Untracked 
|  90|0x0000000085a00000, 0x0000000085a00000, 0x0000000085b00000|  0%| F|  |TAMS 0x0000000085a00000, 0x0000000085a00000| Untracked 
|  91|0x0000000085b00000, 0x0000000085b00000, 0x0000000085c00000|  0%| F|  |TAMS 0x0000000085b00000, 0x0000000085b00000| Untracked 
|  92|0x0000000085c00000, 0x0000000085d00000, 0x0000000085d00000|100%| S|CS|TAMS 0x0000000085c00000, 0x0000000085c00000| Complete 
|  93|0x0000000085d00000, 0x0000000085e00000, 0x0000000085e00000|100%| S|CS|TAMS 0x0000000085d00000, 0x0000000085d00000| Complete 
|  94|0x0000000085e00000, 0x0000000085f00000, 0x0000000085f00000|100%| S|CS|TAMS 0x0000000085e00000, 0x0000000085e00000| Complete 
|  95|0x0000000085f00000, 0x0000000086000000, 0x0000000086000000|100%| S|CS|TAMS 0x0000000085f00000, 0x0000000085f00000| Complete 
|  96|0x0000000086000000, 0x0000000086100000, 0x0000000086100000|100%| S|CS|TAMS 0x0000000086000000, 0x0000000086000000| Complete 
|  97|0x0000000086100000, 0x0000000086200000, 0x0000000086200000|100%| S|CS|TAMS 0x0000000086100000, 0x0000000086100000| Complete 
|  98|0x0000000086200000, 0x0000000086300000, 0x0000000086300000|100%| S|CS|TAMS 0x0000000086200000, 0x0000000086200000| Complete 
|  99|0x0000000086300000, 0x0000000086400000, 0x0000000086400000|100%| S|CS|TAMS 0x0000000086300000, 0x0000000086300000| Complete 
| 100|0x0000000086400000, 0x0000000086500000, 0x0000000086500000|100%| S|CS|TAMS 0x0000000086400000, 0x0000000086400000| Complete 
| 101|0x0000000086500000, 0x0000000086500000, 0x0000000086600000|  0%| F|  |TAMS 0x0000000086500000, 0x0000000086500000| Untracked 
| 102|0x0000000086600000, 0x0000000086600000, 0x0000000086700000|  0%| F|  |TAMS 0x0000000086600000, 0x0000000086600000| Untracked 
| 103|0x0000000086700000, 0x0000000086700000, 0x0000000086800000|  0%| F|  |TAMS 0x0000000086700000, 0x0000000086700000| Untracked 
| 104|0x0000000086800000, 0x0000000086800000, 0x0000000086900000|  0%| F|  |TAMS 0x0000000086800000, 0x0000000086800000| Untracked 
| 105|0x0000000086900000, 0x0000000086900000, 0x0000000086a00000|  0%| F|  |TAMS 0x0000000086900000, 0x0000000086900000| Untracked 
| 106|0x0000000086a00000, 0x0000000086a00000, 0x0000000086b00000|  0%| F|  |TAMS 0x0000000086a00000, 0x0000000086a00000| Untracked 
| 107|0x0000000086b00000, 0x0000000086b00000, 0x0000000086c00000|  0%| F|  |TAMS 0x0000000086b00000, 0x0000000086b00000| Untracked 
| 108|0x0000000086c00000, 0x0000000086c00000, 0x0000000086d00000|  0%| F|  |TAMS 0x0000000086c00000, 0x0000000086c00000| Untracked 
| 109|0x0000000086d00000, 0x0000000086d00000, 0x0000000086e00000|  0%| F|  |TAMS 0x0000000086d00000, 0x0000000086d00000| Untracked 
| 110|0x0000000086e00000, 0x0000000086e00000, 0x0000000086f00000|  0%| F|  |TAMS 0x0000000086e00000, 0x0000000086e00000| Untracked 
| 111|0x0000000086f00000, 0x0000000086f00000, 0x0000000087000000|  0%| F|  |TAMS 0x0000000086f00000, 0x0000000086f00000| Untracked 
| 112|0x0000000087000000, 0x0000000087000000, 0x0000000087100000|  0%| F|  |TAMS 0x0000000087000000, 0x0000000087000000| Untracked 
| 113|0x0000000087100000, 0x0000000087100000, 0x0000000087200000|  0%| F|  |TAMS 0x0000000087100000, 0x0000000087100000| Untracked 
| 114|0x0000000087200000, 0x0000000087200000, 0x0000000087300000|  0%| F|  |TAMS 0x0000000087200000, 0x0000000087200000| Untracked 
| 115|0x0000000087300000, 0x0000000087300000, 0x0000000087400000|  0%| F|  |TAMS 0x0000000087300000, 0x0000000087300000| Untracked 
| 116|0x0000000087400000, 0x0000000087400000, 0x0000000087500000|  0%| F|  |TAMS 0x0000000087400000, 0x0000000087400000| Untracked 
| 117|0x0000000087500000, 0x0000000087500000, 0x0000000087600000|  0%| F|  |TAMS 0x0000000087500000, 0x0000000087500000| Untracked 
| 118|0x0000000087600000, 0x0000000087600000, 0x0000000087700000|  0%| F|  |TAMS 0x0000000087600000, 0x0000000087600000| Untracked 
| 119|0x0000000087700000, 0x0000000087700000, 0x0000000087800000|  0%| F|  |TAMS 0x0000000087700000, 0x0000000087700000| Untracked 
| 120|0x0000000087800000, 0x0000000087800000, 0x0000000087900000|  0%| F|  |TAMS 0x0000000087800000, 0x0000000087800000| Untracked 
| 121|0x0000000087900000, 0x0000000087900000, 0x0000000087a00000|  0%| F|  |TAMS 0x0000000087900000, 0x0000000087900000| Untracked 
| 122|0x0000000087a00000, 0x0000000087a00000, 0x0000000087b00000|  0%| F|  |TAMS 0x0000000087a00000, 0x0000000087a00000| Untracked 
| 123|0x0000000087b00000, 0x0000000087b00000, 0x0000000087c00000|  0%| F|  |TAMS 0x0000000087b00000, 0x0000000087b00000| Untracked 
| 124|0x0000000087c00000, 0x0000000087c00000, 0x0000000087d00000|  0%| F|  |TAMS 0x0000000087c00000, 0x0000000087c00000| Untracked 
| 125|0x0000000087d00000, 0x0000000087d00000, 0x0000000087e00000|  0%| F|  |TAMS 0x0000000087d00000, 0x0000000087d00000| Untracked 
| 126|0x0000000087e00000, 0x0000000087e00000, 0x0000000087f00000|  0%| F|  |TAMS 0x0000000087e00000, 0x0000000087e00000| Untracked 
| 127|0x0000000087f00000, 0x0000000087f00000, 0x0000000088000000|  0%| F|  |TAMS 0x0000000087f00000, 0x0000000087f00000| Untracked 
| 128|0x0000000088000000, 0x0000000088000000, 0x0000000088100000|  0%| F|  |TAMS 0x0000000088000000, 0x0000000088000000| Untracked 
| 129|0x0000000088100000, 0x0000000088100000, 0x0000000088200000|  0%| F|  |TAMS 0x0000000088100000, 0x0000000088100000| Untracked 
| 130|0x0000000088200000, 0x0000000088200000, 0x0000000088300000|  0%| F|  |TAMS 0x0000000088200000, 0x0000000088200000| Untracked 
| 131|0x0000000088300000, 0x0000000088300000, 0x0000000088400000|  0%| F|  |TAMS 0x0000000088300000, 0x0000000088300000| Untracked 
| 132|0x0000000088400000, 0x0000000088400000, 0x0000000088500000|  0%| F|  |TAMS 0x0000000088400000, 0x0000000088400000| Untracked 
| 133|0x0000000088500000, 0x0000000088500000, 0x0000000088600000|  0%| F|  |TAMS 0x0000000088500000, 0x0000000088500000| Untracked 
| 134|0x0000000088600000, 0x0000000088600000, 0x0000000088700000|  0%| F|  |TAMS 0x0000000088600000, 0x0000000088600000| Untracked 
| 135|0x0000000088700000, 0x0000000088700000, 0x0000000088800000|  0%| F|  |TAMS 0x0000000088700000, 0x0000000088700000| Untracked 
| 136|0x0000000088800000, 0x0000000088800000, 0x0000000088900000|  0%| F|  |TAMS 0x0000000088800000, 0x0000000088800000| Untracked 
| 137|0x0000000088900000, 0x0000000088900000, 0x0000000088a00000|  0%| F|  |TAMS 0x0000000088900000, 0x0000000088900000| Untracked 
| 138|0x0000000088a00000, 0x0000000088a00000, 0x0000000088b00000|  0%| F|  |TAMS 0x0000000088a00000, 0x0000000088a00000| Untracked 
| 139|0x0000000088b00000, 0x0000000088b00000, 0x0000000088c00000|  0%| F|  |TAMS 0x0000000088b00000, 0x0000000088b00000| Untracked 
| 140|0x0000000088c00000, 0x0000000088c00000, 0x0000000088d00000|  0%| F|  |TAMS 0x0000000088c00000, 0x0000000088c00000| Untracked 
| 141|0x0000000088d00000, 0x0000000088d00000, 0x0000000088e00000|  0%| F|  |TAMS 0x0000000088d00000, 0x0000000088d00000| Untracked 
| 142|0x0000000088e00000, 0x0000000088e00000, 0x0000000088f00000|  0%| F|  |TAMS 0x0000000088e00000, 0x0000000088e00000| Untracked 
| 143|0x0000000088f00000, 0x0000000088f00000, 0x0000000089000000|  0%| F|  |TAMS 0x0000000088f00000, 0x0000000088f00000| Untracked 
| 144|0x0000000089000000, 0x0000000089000000, 0x0000000089100000|  0%| F|  |TAMS 0x0000000089000000, 0x0000000089000000| Untracked 
| 145|0x0000000089100000, 0x0000000089100000, 0x0000000089200000|  0%| F|  |TAMS 0x0000000089100000, 0x0000000089100000| Untracked 
| 146|0x0000000089200000, 0x0000000089200000, 0x0000000089300000|  0%| F|  |TAMS 0x0000000089200000, 0x0000000089200000| Untracked 
| 147|0x0000000089300000, 0x0000000089400000, 0x0000000089400000|100%| E|  |TAMS 0x0000000089300000, 0x0000000089300000| Complete 
| 148|0x0000000089400000, 0x0000000089500000, 0x0000000089500000|100%| E|CS|TAMS 0x0000000089400000, 0x0000000089400000| Complete 
| 149|0x0000000089500000, 0x0000000089600000, 0x0000000089600000|100%| E|CS|TAMS 0x0000000089500000, 0x0000000089500000| Complete 
| 150|0x0000000089600000, 0x0000000089700000, 0x0000000089700000|100%| E|CS|TAMS 0x0000000089600000, 0x0000000089600000| Complete 
| 151|0x0000000089700000, 0x0000000089800000, 0x0000000089800000|100%| E|CS|TAMS 0x0000000089700000, 0x0000000089700000| Complete 
| 152|0x0000000089800000, 0x0000000089900000, 0x0000000089900000|100%| E|CS|TAMS 0x0000000089800000, 0x0000000089800000| Complete 
| 153|0x0000000089900000, 0x0000000089a00000, 0x0000000089a00000|100%| E|CS|TAMS 0x0000000089900000, 0x0000000089900000| Complete 
| 154|0x0000000089a00000, 0x0000000089b00000, 0x0000000089b00000|100%| E|CS|TAMS 0x0000000089a00000, 0x0000000089a00000| Complete 
| 155|0x0000000089b00000, 0x0000000089c00000, 0x0000000089c00000|100%| E|CS|TAMS 0x0000000089b00000, 0x0000000089b00000| Complete 
| 156|0x0000000089c00000, 0x0000000089d00000, 0x0000000089d00000|100%| E|CS|TAMS 0x0000000089c00000, 0x0000000089c00000| Complete 
| 157|0x0000000089d00000, 0x0000000089e00000, 0x0000000089e00000|100%| E|CS|TAMS 0x0000000089d00000, 0x0000000089d00000| Complete 
| 158|0x0000000089e00000, 0x0000000089f00000, 0x0000000089f00000|100%| E|CS|TAMS 0x0000000089e00000, 0x0000000089e00000| Complete 
| 159|0x0000000089f00000, 0x000000008a000000, 0x000000008a000000|100%| E|CS|TAMS 0x0000000089f00000, 0x0000000089f00000| Complete 
| 160|0x000000008a000000, 0x000000008a100000, 0x000000008a100000|100%| E|  |TAMS 0x000000008a000000, 0x000000008a000000| Complete 
| 161|0x000000008a100000, 0x000000008a200000, 0x000000008a200000|100%| E|CS|TAMS 0x000000008a100000, 0x000000008a100000| Complete 
| 162|0x000000008a200000, 0x000000008a300000, 0x000000008a300000|100%| E|CS|TAMS 0x000000008a200000, 0x000000008a200000| Complete 
| 163|0x000000008a300000, 0x000000008a400000, 0x000000008a400000|100%| E|CS|TAMS 0x000000008a300000, 0x000000008a300000| Complete 
| 164|0x000000008a400000, 0x000000008a500000, 0x000000008a500000|100%| E|CS|TAMS 0x000000008a400000, 0x000000008a400000| Complete 
| 165|0x000000008a500000, 0x000000008a600000, 0x000000008a600000|100%| E|CS|TAMS 0x000000008a500000, 0x000000008a500000| Complete 
| 166|0x000000008a600000, 0x000000008a700000, 0x000000008a700000|100%| E|CS|TAMS 0x000000008a600000, 0x000000008a600000| Complete 
| 167|0x000000008a700000, 0x000000008a800000, 0x000000008a800000|100%| E|CS|TAMS 0x000000008a700000, 0x000000008a700000| Complete 
| 168|0x000000008a800000, 0x000000008a900000, 0x000000008a900000|100%| E|CS|TAMS 0x000000008a800000, 0x000000008a800000| Complete 
| 169|0x000000008a900000, 0x000000008aa00000, 0x000000008aa00000|100%| E|CS|TAMS 0x000000008a900000, 0x000000008a900000| Complete 
| 170|0x000000008aa00000, 0x000000008ab00000, 0x000000008ab00000|100%| E|CS|TAMS 0x000000008aa00000, 0x000000008aa00000| Complete 
| 171|0x000000008ab00000, 0x000000008ac00000, 0x000000008ac00000|100%| E|CS|TAMS 0x000000008ab00000, 0x000000008ab00000| Complete 
| 172|0x000000008ac00000, 0x000000008ad00000, 0x000000008ad00000|100%| E|CS|TAMS 0x000000008ac00000, 0x000000008ac00000| Complete 
| 173|0x000000008ad00000, 0x000000008ae00000, 0x000000008ae00000|100%| E|CS|TAMS 0x000000008ad00000, 0x000000008ad00000| Complete 
| 174|0x000000008ae00000, 0x000000008af00000, 0x000000008af00000|100%| E|CS|TAMS 0x000000008ae00000, 0x000000008ae00000| Complete 
| 175|0x000000008af00000, 0x000000008b000000, 0x000000008b000000|100%| E|CS|TAMS 0x000000008af00000, 0x000000008af00000| Complete 
| 176|0x000000008b000000, 0x000000008b100000, 0x000000008b100000|100%| E|CS|TAMS 0x000000008b000000, 0x000000008b000000| Complete 
| 177|0x000000008b100000, 0x000000008b200000, 0x000000008b200000|100%| E|CS|TAMS 0x000000008b100000, 0x000000008b100000| Complete 
| 178|0x000000008b200000, 0x000000008b300000, 0x000000008b300000|100%| E|CS|TAMS 0x000000008b200000, 0x000000008b200000| Complete 
| 179|0x000000008b300000, 0x000000008b400000, 0x000000008b400000|100%| E|CS|TAMS 0x000000008b300000, 0x000000008b300000| Complete 
| 180|0x000000008b400000, 0x000000008b500000, 0x000000008b500000|100%| E|CS|TAMS 0x000000008b400000, 0x000000008b400000| Complete 
| 181|0x000000008b500000, 0x000000008b600000, 0x000000008b600000|100%| E|CS|TAMS 0x000000008b500000, 0x000000008b500000| Complete 
| 182|0x000000008b600000, 0x000000008b700000, 0x000000008b700000|100%| E|CS|TAMS 0x000000008b600000, 0x000000008b600000| Complete 
| 183|0x000000008b700000, 0x000000008b800000, 0x000000008b800000|100%| E|CS|TAMS 0x000000008b700000, 0x000000008b700000| Complete 
| 184|0x000000008b800000, 0x000000008b900000, 0x000000008b900000|100%| E|CS|TAMS 0x000000008b800000, 0x000000008b800000| Complete 
| 185|0x000000008b900000, 0x000000008ba00000, 0x000000008ba00000|100%| E|CS|TAMS 0x000000008b900000, 0x000000008b900000| Complete 
| 186|0x000000008ba00000, 0x000000008bb00000, 0x000000008bb00000|100%| E|CS|TAMS 0x000000008ba00000, 0x000000008ba00000| Complete 
| 187|0x000000008bb00000, 0x000000008bc00000, 0x000000008bc00000|100%| E|CS|TAMS 0x000000008bb00000, 0x000000008bb00000| Complete 
| 188|0x000000008bc00000, 0x000000008bd00000, 0x000000008bd00000|100%| E|CS|TAMS 0x000000008bc00000, 0x000000008bc00000| Complete 
| 189|0x000000008bd00000, 0x000000008be00000, 0x000000008be00000|100%| E|CS|TAMS 0x000000008bd00000, 0x000000008bd00000| Complete 
| 190|0x000000008be00000, 0x000000008bf00000, 0x000000008bf00000|100%| E|CS|TAMS 0x000000008be00000, 0x000000008be00000| Complete 
| 191|0x000000008bf00000, 0x000000008c000000, 0x000000008c000000|100%| E|CS|TAMS 0x000000008bf00000, 0x000000008bf00000| Complete 
| 192|0x000000008c000000, 0x000000008c100000, 0x000000008c100000|100%| E|CS|TAMS 0x000000008c000000, 0x000000008c000000| Complete 
| 193|0x000000008c100000, 0x000000008c200000, 0x000000008c200000|100%| E|CS|TAMS 0x000000008c100000, 0x000000008c100000| Complete 
| 194|0x000000008c200000, 0x000000008c300000, 0x000000008c300000|100%| E|CS|TAMS 0x000000008c200000, 0x000000008c200000| Complete 
| 195|0x000000008c300000, 0x000000008c400000, 0x000000008c400000|100%| E|CS|TAMS 0x000000008c300000, 0x000000008c300000| Complete 
| 196|0x000000008c400000, 0x000000008c500000, 0x000000008c500000|100%| E|CS|TAMS 0x000000008c400000, 0x000000008c400000| Complete 
| 197|0x000000008c500000, 0x000000008c600000, 0x000000008c600000|100%| E|CS|TAMS 0x000000008c500000, 0x000000008c500000| Complete 
| 198|0x000000008c600000, 0x000000008c700000, 0x000000008c700000|100%| E|CS|TAMS 0x000000008c600000, 0x000000008c600000| Complete 
| 199|0x000000008c700000, 0x000000008c800000, 0x000000008c800000|100%| E|CS|TAMS 0x000000008c700000, 0x000000008c700000| Complete 
| 200|0x000000008c800000, 0x000000008c900000, 0x000000008c900000|100%| E|CS|TAMS 0x000000008c800000, 0x000000008c800000| Complete 
| 201|0x000000008c900000, 0x000000008ca00000, 0x000000008ca00000|100%| E|CS|TAMS 0x000000008c900000, 0x000000008c900000| Complete 

Card table byte_map: [0x00000238584c0000,0x00000238588c0000] _byte_map_base: 0x00000238580c0000

Marking Bits (Prev, Next): (CMBitMap*) 0x00000238452dc890, (CMBitMap*) 0x00000238452dc858
 Prev Bits: [0x000002385acc0000, 0x000002385ccc0000)
 Next Bits: [0x0000023858cc0000, 0x000002385acc0000)

Polling page: 0x0000023844a80000

Metaspace:

Usage:
  Non-class:     74.38 MB capacity,    73.01 MB ( 98%) used,     1.14 MB (  2%) free+waste,   239.25 KB ( <1%) overhead. 
      Class:     11.61 MB capacity,    10.84 MB ( 93%) used,   684.50 KB (  6%) free+waste,   108.81 KB ( <1%) overhead. 
       Both:     85.99 MB capacity,    83.84 MB ( 98%) used,     1.81 MB (  2%) free+waste,   348.06 KB ( <1%) overhead. 

Virtual space:
  Non-class space:       76.00 MB reserved,      74.50 MB ( 98%) committed 
      Class space:        1.00 GB reserved,      11.63 MB (  1%) committed 
             Both:        1.07 GB reserved,      86.13 MB (  8%) committed 

Chunk freelists:
   Non-Class:  60.00 KB
       Class:  13.00 KB
        Both:  73.00 KB

MaxMetaspaceSize: 17179869184.00 GB
CompressedClassSpaceSize: 1.00 GB

CodeHeap 'non-profiled nmethods': size=120000Kb used=3929Kb max_used=3929Kb free=116070Kb
 bounds [0x0000023850860000, 0x0000023850c40000, 0x0000023857d90000]
CodeHeap 'profiled nmethods': size=120000Kb used=19468Kb max_used=19468Kb free=100531Kb
 bounds [0x0000023849330000, 0x000002384a640000, 0x0000023850860000]
CodeHeap 'non-nmethods': size=5760Kb used=2262Kb max_used=2293Kb free=3497Kb
 bounds [0x0000023848d90000, 0x0000023849000000, 0x0000023849330000]
 total_blobs=10704 nmethods=9849 adapters=766
 compilation: enabled
              stopped_count=0, restarted_count=0
 full_count=0

Compilation events (20 events):
Event: 11.634 Thread 0x000002385f70f800 nmethod 10055 0x000002384a628490 code [0x000002384a628740, 0x000002384a6293b8]
Event: 11.634 Thread 0x000002385f70f800 10056       2       jdk.nio.zipfs.ZipPath::equals (42 bytes)
Event: 11.634 Thread 0x000002385f70f800 nmethod 10056 0x000002384a629b90 code [0x000002384a629d60, 0x000002384a629f88]
Event: 11.635 Thread 0x000002385f70f800 10057       2       java.nio.channels.spi.AbstractInterruptibleChannel::blockedOn (10 bytes)
Event: 11.635 Thread 0x000002385f70f800 nmethod 10057 0x000002384a62a090 code [0x000002384a62a240, 0x000002384a62a558]
Event: 11.635 Thread 0x000002385f70f800 10058       2       java.lang.System$2::blockedOn (5 bytes)
Event: 11.635 Thread 0x000002385f70f800 nmethod 10058 0x000002384a62a690 code [0x000002384a62a840, 0x000002384a62ab38]
Event: 11.636 Thread 0x000002385f70f800 10060       2       sun.nio.ch.FileDispatcherImpl::seek (6 bytes)
Event: 11.636 Thread 0x000002385f70f800 nmethod 10060 0x000002384a62ac90 code [0x000002384a62ae40, 0x000002384a62af48]
Event: 11.636 Thread 0x000002385f70f800 10061       2       java.nio.channels.spi.AbstractInterruptibleChannel::begin (48 bytes)
Event: 11.637 Thread 0x000002385f70f800 nmethod 10061 0x000002384a62b010 code [0x000002384a62b200, 0x000002384a62b6f8]
Event: 11.637 Thread 0x000002385f70f800 10062       2       java.nio.channels.spi.AbstractInterruptibleChannel::end (53 bytes)
Event: 11.637 Thread 0x000002385f70f800 nmethod 10062 0x000002384a62b910 code [0x000002384a62bb00, 0x000002384a62bfb8]
Event: 11.637 Thread 0x000002385f70f800 10063       2       java.nio.file.SimpleFileVisitor::postVisitDirectory (15 bytes)
Event: 11.637 Thread 0x000002385f70f800 nmethod 10063 0x000002384a62c190 code [0x000002384a62c360, 0x000002384a62c528]
Event: 11.642 Thread 0x000002385f70f800 10064       2       jdk.nio.zipfs.ZipUtils::unixToJavaTime (11 bytes)
Event: 11.642 Thread 0x000002385f70f800 nmethod 10064 0x000002384a62c610 code [0x000002384a62c7c0, 0x000002384a62c8c8]
Event: 11.645 Thread 0x000002385f70f800 10065       2       sun.nio.ch.FileChannelImpl::position (6 bytes)
Event: 11.645 Thread 0x000002385f70f800 nmethod 10065 0x000002384a62c990 code [0x000002384a62cb40, 0x000002384a62cc48]
Event: 11.645 Thread 0x000002385f70f800 10066   !   2       sun.nio.ch.FileChannelImpl::position (258 bytes)

GC Heap History (20 events):
Event: 6.549 GC heap before
{Heap before GC invocations=14 (full 0):
 garbage-first heap   total 118784K, used 53640K [0x0000000080000000, 0x0000000100000000)
  region size 1024K, 16 young (16384K), 5 survivors (5120K)
 Metaspace       used 58586K, capacity 59996K, committed 60160K, reserved 1101824K
  class space    used 7431K, capacity 7954K, committed 8064K, reserved 1048576K
}
Event: 6.557 GC heap after
{Heap after GC invocations=15 (full 0):
 garbage-first heap   total 118784K, used 45341K [0x0000000080000000, 0x0000000100000000)
  region size 1024K, 6 young (6144K), 6 survivors (6144K)
 Metaspace       used 58586K, capacity 59996K, committed 60160K, reserved 1101824K
  class space    used 7431K, capacity 7954K, committed 8064K, reserved 1048576K
}
Event: 6.801 GC heap before
{Heap before GC invocations=16 (full 0):
 garbage-first heap   total 118784K, used 79133K [0x0000000080000000, 0x0000000100000000)
  region size 1024K, 39 young (39936K), 6 survivors (6144K)
 Metaspace       used 59410K, capacity 60937K, committed 61056K, reserved 1101824K
  class space    used 7560K, capacity 8137K, committed 8192K, reserved 1048576K
}
Event: 6.808 GC heap after
{Heap after GC invocations=17 (full 0):
 garbage-first heap   total 143360K, used 47865K [0x0000000080000000, 0x0000000100000000)
  region size 1024K, 5 young (5120K), 5 survivors (5120K)
 Metaspace       used 59410K, capacity 60937K, committed 61056K, reserved 1101824K
  class space    used 7560K, capacity 8137K, committed 8192K, reserved 1048576K
}
Event: 7.401 GC heap before
{Heap before GC invocations=17 (full 0):
 garbage-first heap   total 143360K, used 94969K [0x0000000080000000, 0x0000000100000000)
  region size 1024K, 51 young (52224K), 5 survivors (5120K)
 Metaspace       used 64595K, capacity 66068K, committed 66432K, reserved 1105920K
  class space    used 8392K, capacity 8966K, committed 9088K, reserved 1048576K
}
Event: 7.406 GC heap after
{Heap after GC invocations=18 (full 0):
 garbage-first heap   total 143360K, used 50628K [0x0000000080000000, 0x0000000100000000)
  region size 1024K, 7 young (7168K), 7 survivors (7168K)
 Metaspace       used 64595K, capacity 66068K, committed 66432K, reserved 1105920K
  class space    used 8392K, capacity 8966K, committed 9088K, reserved 1048576K
}
Event: 7.930 GC heap before
{Heap before GC invocations=18 (full 0):
 garbage-first heap   total 143360K, used 98756K [0x0000000080000000, 0x0000000100000000)
  region size 1024K, 54 young (55296K), 7 survivors (7168K)
 Metaspace       used 67811K, capacity 69413K, committed 69760K, reserved 1110016K
  class space    used 8891K, capacity 9480K, committed 9600K, reserved 1048576K
}
Event: 7.938 GC heap after
{Heap after GC invocations=19 (full 0):
 garbage-first heap   total 143360K, used 54150K [0x0000000080000000, 0x0000000100000000)
  region size 1024K, 7 young (7168K), 7 survivors (7168K)
 Metaspace       used 67811K, capacity 69413K, committed 69760K, reserved 1110016K
  class space    used 8891K, capacity 9480K, committed 9600K, reserved 1048576K
}
Event: 8.467 GC heap before
{Heap before GC invocations=19 (full 0):
 garbage-first heap   total 143360K, used 103302K [0x0000000080000000, 0x0000000100000000)
  region size 1024K, 55 young (56320K), 7 survivors (7168K)
 Metaspace       used 72070K, capacity 73815K, committed 73856K, reserved 1114112K
  class space    used 9468K, capacity 10097K, committed 10112K, reserved 1048576K
}
Event: 8.475 GC heap after
{Heap after GC invocations=20 (full 0):
 garbage-first heap   total 143360K, used 57798K [0x0000000080000000, 0x0000000100000000)
  region size 1024K, 7 young (7168K), 7 survivors (7168K)
 Metaspace       used 72070K, capacity 73815K, committed 73856K, reserved 1114112K
  class space    used 9468K, capacity 10097K, committed 10112K, reserved 1048576K
}
Event: 9.099 GC heap before
{Heap before GC invocations=20 (full 0):
 garbage-first heap   total 143360K, used 105926K [0x0000000080000000, 0x0000000100000000)
  region size 1024K, 55 young (56320K), 7 survivors (7168K)
 Metaspace       used 76165K, capacity 78178K, committed 78336K, reserved 1116160K
  class space    used 10014K, capacity 10730K, committed 10752K, reserved 1048576K
}
Event: 9.108 GC heap after
{Heap after GC invocations=21 (full 0):
 garbage-first heap   total 172032K, used 61797K [0x0000000080000000, 0x0000000100000000)
  region size 1024K, 4 young (4096K), 4 survivors (4096K)
 Metaspace       used 76165K, capacity 78178K, committed 78336K, reserved 1116160K
  class space    used 10014K, capacity 10730K, committed 10752K, reserved 1048576K
}
Event: 9.537 GC heap before
{Heap before GC invocations=21 (full 0):
 garbage-first heap   total 172032K, used 121189K [0x0000000080000000, 0x0000000100000000)
  region size 1024K, 63 young (64512K), 4 survivors (4096K)
 Metaspace       used 76674K, capacity 78666K, committed 78848K, reserved 1118208K
  class space    used 10018K, capacity 10732K, committed 10752K, reserved 1048576K
}
Event: 9.543 GC heap after
{Heap after GC invocations=22 (full 0):
 garbage-first heap   total 172032K, used 65800K [0x0000000080000000, 0x0000000100000000)
  region size 1024K, 8 young (8192K), 8 survivors (8192K)
 Metaspace       used 76674K, capacity 78666K, committed 78848K, reserved 1118208K
  class space    used 10018K, capacity 10732K, committed 10752K, reserved 1048576K
}
Event: 9.982 GC heap before
{Heap before GC invocations=22 (full 0):
 garbage-first heap   total 172032K, used 126216K [0x0000000080000000, 0x0000000100000000)
  region size 1024K, 68 young (69632K), 8 survivors (8192K)
 Metaspace       used 77063K, capacity 79189K, committed 79488K, reserved 1118208K
  class space    used 10040K, capacity 10753K, committed 10880K, reserved 1048576K
}
Event: 9.993 GC heap after
{Heap after GC invocations=23 (full 0):
 garbage-first heap   total 172032K, used 68687K [0x0000000080000000, 0x0000000100000000)
  region size 1024K, 8 young (8192K), 8 survivors (8192K)
 Metaspace       used 77063K, capacity 79189K, committed 79488K, reserved 1118208K
  class space    used 10040K, capacity 10753K, committed 10880K, reserved 1048576K
}
Event: 10.319 GC heap before
{Heap before GC invocations=23 (full 0):
 garbage-first heap   total 172032K, used 129103K [0x0000000080000000, 0x0000000100000000)
  region size 1024K, 68 young (69632K), 8 survivors (8192K)
 Metaspace       used 77679K, capacity 79823K, committed 80000K, reserved 1118208K
  class space    used 10080K, capacity 10826K, committed 10880K, reserved 1048576K
}
Event: 10.326 GC heap after
{Heap after GC invocations=24 (full 0):
 garbage-first heap   total 172032K, used 72205K [0x0000000080000000, 0x0000000100000000)
  region size 1024K, 7 young (7168K), 7 survivors (7168K)
 Metaspace       used 77679K, capacity 79823K, committed 80000K, reserved 1118208K
  class space    used 10080K, capacity 10826K, committed 10880K, reserved 1048576K
}
Event: 10.639 GC heap before
{Heap before GC invocations=24 (full 0):
 garbage-first heap   total 172032K, used 132621K [0x0000000080000000, 0x0000000100000000)
  region size 1024K, 67 young (68608K), 7 survivors (7168K)
 Metaspace       used 79061K, capacity 81285K, committed 81536K, reserved 1120256K
  class space    used 10270K, capacity 11062K, committed 11136K, reserved 1048576K
}
Event: 10.652 GC heap after
{Heap after GC invocations=25 (full 0):
 garbage-first heap   total 206848K, used 80979K [0x0000000080000000, 0x0000000100000000)
  region size 1024K, 9 young (9216K), 9 survivors (9216K)
 Metaspace       used 79061K, capacity 81285K, committed 81536K, reserved 1120256K
  class space    used 10270K, capacity 11062K, committed 11136K, reserved 1048576K
}

Deoptimization events (20 events):
Event: 11.565 Thread 0x0000023861b1e800 DEOPT PACKING pc=0x000002384a5f1b50 sp=0x0000007d9a1f6460
Event: 11.565 Thread 0x0000023861b1e800 DEOPT UNPACKING pc=0x0000023848db76ce sp=0x0000007d9a1f5908 mode 0
Event: 11.580 Thread 0x0000023861b1e800 DEOPT PACKING pc=0x000002384a5f81db sp=0x0000007d9a1f63c0
Event: 11.580 Thread 0x0000023861b1e800 DEOPT UNPACKING pc=0x0000023848db76ce sp=0x0000007d9a1f5860 mode 0
Event: 11.580 Thread 0x0000023861b1e800 DEOPT PACKING pc=0x000002384a5f86bb sp=0x0000007d9a1f6370
Event: 11.580 Thread 0x0000023861b1e800 DEOPT UNPACKING pc=0x0000023848db76ce sp=0x0000007d9a1f57f0 mode 0
Event: 11.587 Thread 0x0000023861b1e800 Uncommon trap: trap_request=0xffffff4d fr.pc=0x0000023850a7c930 relative=0x0000000000003870
Event: 11.587 Thread 0x0000023861b1e800 Uncommon trap: reason=unstable_if action=reinterpret pc=0x0000023850a7c930 method=java.util.jar.Manifest$FastInputStream.readLine([BII)I @ 106 c2
Event: 11.587 Thread 0x0000023861b1e800 DEOPT PACKING pc=0x0000023850a7c930 sp=0x0000007d9a1f61d0
Event: 11.587 Thread 0x0000023861b1e800 DEOPT UNPACKING pc=0x0000023848db78af sp=0x0000007d9a1f60c8 mode 2
Event: 11.587 Thread 0x0000023861b1e800 Uncommon trap: trap_request=0xffffff4d fr.pc=0x0000023850a71e48 relative=0x0000000000000468
Event: 11.587 Thread 0x0000023861b1e800 Uncommon trap: reason=unstable_if action=reinterpret pc=0x0000023850a71e48 method=java.util.jar.Manifest$FastInputStream.readLine([BII)I @ 106 c2
Event: 11.587 Thread 0x0000023861b1e800 DEOPT PACKING pc=0x0000023850a71e48 sp=0x0000007d9a1f6140
Event: 11.587 Thread 0x0000023861b1e800 DEOPT UNPACKING pc=0x0000023848db78af sp=0x0000007d9a1f60d0 mode 2
Event: 11.594 Thread 0x0000023861b1e800 DEOPT PACKING pc=0x000002384a5fc8e5 sp=0x0000007d9a1f6270
Event: 11.594 Thread 0x0000023861b1e800 DEOPT UNPACKING pc=0x0000023848db76ce sp=0x0000007d9a1f5738 mode 0
Event: 11.594 Thread 0x0000023861b1e800 DEOPT PACKING pc=0x000002384a5fc8e5 sp=0x0000007d9a1f6270
Event: 11.594 Thread 0x0000023861b1e800 DEOPT UNPACKING pc=0x0000023848db76ce sp=0x0000007d9a1f5738 mode 0
Event: 11.603 Thread 0x0000023861b1e800 DEOPT PACKING pc=0x000002384a6043a7 sp=0x0000007d9a1f61e0
Event: 11.603 Thread 0x0000023861b1e800 DEOPT UNPACKING pc=0x0000023848db76ce sp=0x0000007d9a1f5678 mode 0

Classes redefined (0 events):
No events

Internal exceptions (20 events):
Event: 9.900 Thread 0x0000023861b1e800 Exception <a 'java/lang/NoSuchMethodError'{0x0000000088221d78}: <clinit>> (0x0000000088221d78) thrown at [./src/hotspot/share/prims/jni.cpp, line 1362]
Event: 10.431 Thread 0x0000023861b1e800 Exception <a 'sun/nio/fs/WindowsException'{0x0000000088da2570}> (0x0000000088da2570) thrown at [./src/hotspot/share/prims/jni.cpp, line 615]
Event: 10.432 Thread 0x0000023861b1e800 Exception <a 'sun/nio/fs/WindowsException'{0x0000000088da4118}> (0x0000000088da4118) thrown at [./src/hotspot/share/prims/jni.cpp, line 615]
Event: 10.432 Thread 0x0000023861b1e800 Exception <a 'java/lang/NoSuchMethodError'{0x0000000088da7208}: 'int java.lang.invoke.DirectMethodHandle$Holder.invokeSpecial(java.lang.Object, java.lang.Object, java.lang.Object, java.lang.Object, java.lang.Object)'> (0x0000000088da7208) thrown at [./src/hotspot/share/interpreter/linkResolver.cpp, line 773]
Event: 10.434 Thread 0x0000023861b1e800 Exception <a 'sun/nio/fs/WindowsException'{0x0000000088c060e0}> (0x0000000088c060e0) thrown at [./src/hotspot/share/prims/jni.cpp, line 615]
Event: 10.435 Thread 0x0000023861b1e800 Exception <a 'sun/nio/fs/WindowsException'{0x0000000088c077e8}> (0x0000000088c077e8) thrown at [./src/hotspot/share/prims/jni.cpp, line 615]
Event: 10.435 Thread 0x0000023861b1e800 Exception <a 'sun/nio/fs/WindowsException'{0x0000000088c0a470}> (0x0000000088c0a470) thrown at [./src/hotspot/share/prims/jni.cpp, line 615]
Event: 10.435 Thread 0x0000023861b1e800 Exception <a 'sun/nio/fs/WindowsException'{0x0000000088c0bb88}> (0x0000000088c0bb88) thrown at [./src/hotspot/share/prims/jni.cpp, line 615]
Event: 10.435 Thread 0x0000023861b1e800 Exception <a 'java/lang/NoSuchMethodError'{0x0000000088c1a408}: 'void java.lang.invoke.DirectMethodHandle$Holder.invokeStatic(java.lang.Object, java.lang.Object, java.lang.Object, java.lang.Object, int, java.lang.Object)'> (0x0000000088c1a408) thrown at [./src/hotspot/share/interpreter/linkResolver.cpp, line 773]
Event: 10.459 Thread 0x0000023861b1e800 Exception <a 'java/lang/NoSuchMethodError'{0x0000000088b97780}: 'java.lang.Object java.lang.invoke.DirectMethodHandle$Holder.invokeSpecial(java.lang.Object, java.lang.Object, int, java.lang.Object, java.lang.Object)'> (0x0000000088b97780) thrown at [./src/hotspot/share/interpreter/linkResolver.cpp, line 773]
Event: 10.459 Thread 0x0000023861b1e800 Exception <a 'java/lang/NoSuchMethodError'{0x0000000088ba0508}: 'java.lang.Object java.lang.invoke.DirectMethodHandle$Holder.invokeStatic(java.lang.Object, java.lang.Object, int, java.lang.Object)'> (0x0000000088ba0508) thrown at [./src/hotspot/share/interpreter/linkResolver.cpp, line 773]
Event: 10.459 Thread 0x0000023861b1e800 Exception <a 'java/lang/NoSuchMethodError'{0x0000000088ba49f8}: 'java.lang.Object java.lang.invoke.Invokers$Holder.linkToTargetMethod(java.lang.Object, int, java.lang.Object, java.lang.Object)'> (0x0000000088ba49f8) thrown at [./src/hotspot/share/interpreter/linkResolver.cpp, line 773]
Event: 10.461 Thread 0x0000023861b1e800 Exception <a 'java/lang/NoSuchMethodError'{0x0000000088bbcd88}: 'void java.lang.invoke.DirectMethodHandle$Holder.invokeVirtual(java.lang.Object, java.lang.Object)'> (0x0000000088bbcd88) thrown at [./src/hotspot/share/interpreter/linkResolver.cpp, line 773]
Event: 10.772 Thread 0x0000023861b1e800 Implicit null exception at 0x0000023850b78ff7 to 0x0000023850b7918c
Event: 11.155 Thread 0x0000023864fde000 Exception <a 'java/lang/NoSuchMethodError'{0x000000008b297330}: 'int java.lang.invoke.DirectMethodHandle$Holder.invokeVirtual(java.lang.Object, java.lang.Object)'> (0x000000008b297330) thrown at [./src/hotspot/share/interpreter/linkResolver.cpp, line 773]
Event: 11.206 Thread 0x0000023861b1e800 Exception <a 'sun/nio/fs/WindowsException'{0x000000008b193dc0}> (0x000000008b193dc0) thrown at [./src/hotspot/share/prims/jni.cpp, line 615]
Event: 11.207 Thread 0x0000023861b1e800 Exception <a 'java/lang/NoSuchMethodError'{0x000000008b19fea0}: 'java.lang.Object java.lang.invoke.Invokers$Holder.linkToTargetMethod(java.lang.Object, java.lang.Object, java.lang.Object, int, int, java.lang.Object)'> (0x000000008b19fea0) thrown at [./src/hotspot/share/interpreter/linkResolver.cpp, line 773]
Event: 11.221 Thread 0x0000023861b1e800 Exception <a 'java/lang/NoSuchMethodError'{0x000000008b048068}: 'int java.lang.invoke.DirectMethodHandle$Holder.invokeVirtual(java.lang.Object, java.lang.Object, java.lang.Object)'> (0x000000008b048068) thrown at [./src/hotspot/share/interpreter/linkResolver.cpp, line 773]
Event: 11.545 Thread 0x0000023861b1e800 Exception <a 'sun/nio/fs/WindowsException'{0x0000000089cfd7e8}> (0x0000000089cfd7e8) thrown at [./src/hotspot/share/prims/jni.cpp, line 615]
Event: 11.545 Thread 0x0000023861b1e800 Exception <a 'sun/nio/fs/WindowsException'{0x0000000089cfd8f0}> (0x0000000089cfd8f0) thrown at [./src/hotspot/share/prims/jni.cpp, line 615]

Events (20 events):
Event: 11.555 loading class sun/nio/fs/WindowsFileStore
Event: 11.555 loading class sun/nio/fs/WindowsFileStore done
Event: 11.558 loading class java/nio/file/AccessDeniedException
Event: 11.558 loading class java/nio/file/AccessDeniedException done
Event: 11.559 loading class sun/nio/fs/WindowsChannelFactory$2
Event: 11.559 loading class sun/nio/fs/WindowsChannelFactory$2 done
Event: 11.586 loading class java/time/DateTimeException
Event: 11.586 loading class java/time/DateTimeException done
Event: 11.586 loading class java/util/regex/PatternSyntaxException
Event: 11.586 loading class java/util/regex/PatternSyntaxException done
Event: 11.587 loading class java/nio/file/SimpleFileVisitor
Event: 11.587 loading class java/nio/file/SimpleFileVisitor done
Event: 11.588 loading class java/nio/file/ClosedDirectoryStreamException
Event: 11.588 loading class java/nio/file/ClosedDirectoryStreamException done
Event: 11.588 loading class java/nio/file/DirectoryIteratorException
Event: 11.589 loading class java/nio/file/DirectoryIteratorException done
Event: 11.623 loading class com/sun/tools/javac/code/Symbol$PackageSymbol
Event: 11.623 loading class com/sun/tools/javac/code/Symbol$PackageSymbol done
Event: 11.623 loading class com/sun/tools/javac/code/ClassFinder
Event: 11.623 loading class com/sun/tools/javac/code/ClassFinder done


Dynamic libraries:
0x00007ff7e8270000 - 0x00007ff7e827a000 	C:\Program Files\Android\Android Studio\jre\bin\java.exe
0x00007ffeb0460000 - 0x00007ffeb0667000 	C:\WINDOWS\SYSTEM32\ntdll.dll
0x00007ffeaf060000 - 0x00007ffeaf11d000 	C:\WINDOWS\System32\KERNEL32.DLL
0x00007ffeadb80000 - 0x00007ffeadef4000 	C:\WINDOWS\System32\KERNELBASE.dll
0x00007ffeae1d0000 - 0x00007ffeae2e1000 	C:\WINDOWS\System32\ucrtbase.dll
0x00007ffe96dd0000 - 0x00007ffe96de7000 	C:\Program Files\Android\Android Studio\jre\bin\VCRUNTIME140.dll
0x00007ffe9eca0000 - 0x00007ffe9ecb9000 	C:\Program Files\Android\Android Studio\jre\bin\jli.dll
0x00007ffeaee90000 - 0x00007ffeaf03c000 	C:\WINDOWS\System32\USER32.dll
0x00007ffe99680000 - 0x00007ffe99925000 	C:\WINDOWS\WinSxS\amd64_microsoft.windows.common-controls_6595b64144ccf1df_6.0.22000.120_none_9d947278b86cc467\COMCTL32.dll
0x00007ffeadae0000 - 0x00007ffeadb06000 	C:\WINDOWS\System32\win32u.dll
0x00007ffeaf6b0000 - 0x00007ffeaf753000 	C:\WINDOWS\System32\msvcrt.dll
0x00007ffeaf330000 - 0x00007ffeaf359000 	C:\WINDOWS\System32\GDI32.dll
0x00007ffead9c0000 - 0x00007ffeadad2000 	C:\WINDOWS\System32\gdi32full.dll
0x00007ffeadf00000 - 0x00007ffeadf9d000 	C:\WINDOWS\System32\msvcp_win.dll
0x00007ffeaebe0000 - 0x00007ffeaec11000 	C:\WINDOWS\System32\IMM32.DLL
0x00007ffe8da30000 - 0x00007ffe8dacd000 	C:\Program Files\Android\Android Studio\jre\bin\msvcp140.dll
0x00007ffe70340000 - 0x00007ffe70e0f000 	C:\Program Files\Android\Android Studio\jre\bin\server\jvm.dll
0x00007ffeaf600000 - 0x00007ffeaf6ac000 	C:\WINDOWS\System32\ADVAPI32.dll
0x00007ffeaed90000 - 0x00007ffeaee2d000 	C:\WINDOWS\System32\sechost.dll
0x00007ffeaf120000 - 0x00007ffeaf241000 	C:\WINDOWS\System32\RPCRT4.dll
0x00007ffeaff90000 - 0x00007ffeaff98000 	C:\WINDOWS\System32\PSAPI.DLL
0x00007ffea0920000 - 0x00007ffea0929000 	C:\WINDOWS\SYSTEM32\WSOCK32.dll
0x00007ffea9640000 - 0x00007ffea9673000 	C:\WINDOWS\SYSTEM32\WINMM.dll
0x00007ffea60b0000 - 0x00007ffea60ba000 	C:\WINDOWS\SYSTEM32\VERSION.dll
0x00007ffeaf360000 - 0x00007ffeaf3cf000 	C:\WINDOWS\System32\WS2_32.dll
0x00007ffeaca70000 - 0x00007ffeaca88000 	C:\WINDOWS\SYSTEM32\kernel.appcore.dll
0x00007ffea0780000 - 0x00007ffea0791000 	C:\Program Files\Android\Android Studio\jre\bin\verify.dll
0x00007ffea7120000 - 0x00007ffea7341000 	C:\WINDOWS\SYSTEM32\DBGHELP.DLL
0x00007ffe9cd20000 - 0x00007ffe9cd51000 	C:\WINDOWS\SYSTEM32\dbgcore.DLL
0x00007ffead940000 - 0x00007ffead9c0000 	C:\WINDOWS\System32\bcryptPrimitives.dll
0x00007ffe9f5b0000 - 0x00007ffe9f5d9000 	C:\Program Files\Android\Android Studio\jre\bin\java.dll
0x00007ffea02a0000 - 0x00007ffea02ab000 	C:\Program Files\Android\Android Studio\jre\bin\jimage.dll
0x00007ffea01b0000 - 0x00007ffea01c8000 	C:\Program Files\Android\Android Studio\jre\bin\zip.dll
0x00007ffeae3a0000 - 0x00007ffeaeb49000 	C:\WINDOWS\System32\SHELL32.dll
0x00007ffeabaf0000 - 0x00007ffeac352000 	C:\WINDOWS\SYSTEM32\windows.storage.dll
0x00007ffeaf760000 - 0x00007ffeafad8000 	C:\WINDOWS\System32\combase.dll
0x00007ffeab980000 - 0x00007ffeabae6000 	C:\WINDOWS\SYSTEM32\wintypes.dll
0x00007ffeafce0000 - 0x00007ffeafdca000 	C:\WINDOWS\System32\SHCORE.dll
0x00007ffeaf5a0000 - 0x00007ffeaf5fd000 	C:\WINDOWS\System32\shlwapi.dll
0x00007ffead870000 - 0x00007ffead891000 	C:\WINDOWS\SYSTEM32\profapi.dll
0x00007ffe9f4e0000 - 0x00007ffe9f4fa000 	C:\Program Files\Android\Android Studio\jre\bin\net.dll
0x00007ffea7ff0000 - 0x00007ffea80fc000 	C:\WINDOWS\SYSTEM32\WINHTTP.dll
0x00007ffeace80000 - 0x00007ffeacee7000 	C:\WINDOWS\system32\mswsock.dll
0x00007ffe9f080000 - 0x00007ffe9f094000 	C:\Program Files\Android\Android Studio\jre\bin\nio.dll
0x00007ffea01d0000 - 0x00007ffea01f7000 	C:\Users\acer\.gradle\native\fdc75f09e3144964f2cf3f50f0aa648679c211496f362492102eb8c894070792\windows-amd64\native-platform.dll
0x00007ffe744e0000 - 0x00007ffe74676000 	C:\Users\acer\.gradle\native\12488b8bf47d2d4c9fbf2f6322a914ad602e24e48041cd04a747c6da556b65c4\windows-amd64\native-platform-file-events.dll
0x00007ffe9f5a0000 - 0x00007ffe9f5aa000 	C:\Program Files\Android\Android Studio\jre\bin\management.dll
0x00007ffe9f4d0000 - 0x00007ffe9f4dc000 	C:\Program Files\Android\Android Studio\jre\bin\management_ext.dll
0x00007ffead0c0000 - 0x00007ffead0d8000 	C:\WINDOWS\SYSTEM32\CRYPTSP.dll
0x00007ffeac9d0000 - 0x00007ffeaca05000 	C:\WINDOWS\system32\rsaenh.dll
0x00007ffeacf70000 - 0x00007ffeacf99000 	C:\WINDOWS\SYSTEM32\USERENV.dll
0x00007ffead240000 - 0x00007ffead267000 	C:\WINDOWS\SYSTEM32\bcrypt.dll
0x00007ffead0e0000 - 0x00007ffead0ec000 	C:\WINDOWS\SYSTEM32\CRYPTBASE.dll
0x00007ffeac5a0000 - 0x00007ffeac5cd000 	C:\WINDOWS\SYSTEM32\IPHLPAPI.DLL
0x00007ffeaf040000 - 0x00007ffeaf049000 	C:\WINDOWS\System32\NSI.dll
0x00007ffea74e0000 - 0x00007ffea74f9000 	C:\WINDOWS\SYSTEM32\dhcpcsvc6.DLL
0x00007ffea86e0000 - 0x00007ffea86fe000 	C:\WINDOWS\SYSTEM32\dhcpcsvc.DLL
0x00007ffeac5d0000 - 0x00007ffeac6b7000 	C:\WINDOWS\SYSTEM32\DNSAPI.dll
0x00007ffea6ef0000 - 0x00007ffea6efc000 	C:\WINDOWS\SYSTEM32\WINNSI.DLL

dbghelp: loaded successfully - version: 4.0.5 - missing functions: none
symbol engine: initialized successfully - sym options: 0x614 - pdb path: .;C:\Program Files\Android\Android Studio\jre\bin;C:\WINDOWS\SYSTEM32;C:\WINDOWS\WinSxS\amd64_microsoft.windows.common-controls_6595b64144ccf1df_6.0.22000.120_none_9d947278b86cc467;C:\Program Files\Android\Android Studio\jre\bin\server;C:\Users\acer\.gradle\native\fdc75f09e3144964f2cf3f50f0aa648679c211496f362492102eb8c894070792\windows-amd64;C:\Users\acer\.gradle\native\12488b8bf47d2d4c9fbf2f6322a914ad602e24e48041cd04a747c6da556b65c4\windows-amd64

VM Arguments:
jvm_args: --add-opens=java.base/java.util=ALL-UNNAMED --add-opens=java.base/java.lang=ALL-UNNAMED --add-opens=java.base/java.lang.invoke=ALL-UNNAMED --add-opens=java.prefs/java.util.prefs=ALL-UNNAMED -Xmx2048m -Dfile.encoding=UTF-8 -Duser.country=US -Duser.language=en -Duser.variant 
java_command: org.gradle.launcher.daemon.bootstrap.GradleDaemon 6.7.1
java_class_path (initial): C:\Users\acer\.gradle\wrapper\dists\gradle-6.7.1-bin\bwlcbys1h7rz3272sye1xwiv6\gradle-6.7.1\lib\gradle-launcher-6.7.1.jar
Launcher Type: SUN_STANDARD

[Global flags]
     intx CICompilerCount                          = 4                                         {product} {ergonomic}
     uint ConcGCThreads                            = 2                                         {product} {ergonomic}
     uint G1ConcRefinementThreads                  = 8                                         {product} {ergonomic}
   size_t G1HeapRegionSize                         = 1048576                                   {product} {ergonomic}
    uintx GCDrainStackTargetSize                   = 64                                        {product} {ergonomic}
   size_t InitialHeapSize                          = 100663296                                 {product} {ergonomic}
   size_t MarkStackSize                            = 4194304                                   {product} {ergonomic}
   size_t MaxHeapSize                              = 2147483648                                {product} {command line}
   size_t MaxNewSize                               = 1287651328                                {product} {ergonomic}
   size_t MinHeapDeltaBytes                        = 1048576                                   {product} {ergonomic}
    uintx NonNMethodCodeHeapSize                   = 5836300                                {pd product} {ergonomic}
    uintx NonProfiledCodeHeapSize                  = 122910970                              {pd product} {ergonomic}
    uintx ProfiledCodeHeapSize                     = 122910970                              {pd product} {ergonomic}
    uintx ReservedCodeCacheSize                    = 251658240                              {pd product} {ergonomic}
     bool SegmentedCodeCache                       = true                                      {product} {ergonomic}
     bool UseCompressedClassPointers               = true                                 {lp64_product} {ergonomic}
     bool UseCompressedOops                        = true                                 {lp64_product} {ergonomic}
     bool UseG1GC                                  = true                                      {product} {ergonomic}
     bool UseLargePagesIndividualAllocation        = false                                  {pd product} {ergonomic}

Logging:
Log output configuration:
 #0: stdout all=warning uptime,level,tags
 #1: stderr all=off uptime,level,tags

Environment Variables:
PATH=C:\Program Files (x86)\Common Files\Oracle\Java\javapath;C:\WINDOWS\system32;C:\WINDOWS;C:\WINDOWS\System32\Wbem;C:\WINDOWS\System32\WindowsPowerShell\v1.0\;C:\WINDOWS\System32\OpenSSH\;D:\Nodejs\;C:\Program Files\Git\cmd;D:\Xampp\php;C:\ProgramData\ComposerSetup\bin;C:\Users\acer\AppData\Local\Microsoft\WindowsApps;C:\Users\acer\AppData\Local\Programs\Microsoft VS Code\bin;C:\Users\acer\AppData\Roaming\npm;C:\Users\acer\AppData\Roaming\Composer\vendor\bin;C:\Users\acer\AppData\Local\GitHubDesktop\bin;C:\Users\acer\AppData\Local\gitkraken\bin;C:\Users\acer\AppData\Local\Microsoft\WindowsApps;C:\ProgramData\acer\gitkraken\bin
USERNAME=acer
OS=Windows_NT
PROCESSOR_IDENTIFIER=AMD64 Family 23 Model 24 Stepping 1, AuthenticAMD



---------------  S Y S T E M  ---------------

OS: Windows 10 , 64 bit Build 22000 (10.0.22000.120)
OS uptime: 0 days 17:59 hours

CPU:total 8 (initial active 8) (8 cores per cpu, 2 threads per core) family 23 model 24 stepping 1 microcode 0x0, cmov, cx8, fxsr, mmx, sse, sse2, sse3, ssse3, sse4.1, sse4.2, popcnt, avx, avx2, aes, clmul, mmxext, 3dnowpref, lzcnt, sse4a, ht, tsc, tscinvbit, tscinv, bmi1, bmi2, adx, s

Memory: 4k page, system-wide physical 6082M (270M free)
TotalPageFile size 14082M (AvailPageFile size 5M)
current process WorkingSet (physical memory assigned to process): 435M, peak: 435M
current process commit charge ("private bytes"): 477M, peak: 479M

vm_info: OpenJDK 64-Bit Server VM (11.0.10+0-b96-7249189) for windows-amd64 JRE (11.0.10+0-b96-7249189), built on Mar 31 2021 21:44:00 by "builder" with MS VC++ 14.0 (VS2015)

END.
