#
# There is insufficient memory for the Java Runtime Environment to continue.
# Native memory allocation (malloc) failed to allocate 1016176 bytes for Chunk::new
# Possible reasons:
#   The system is out of physical RAM or swap space
#   The process is running with CompressedOops enabled, and the Java Heap may be blocking the growth of the native heap
# Possible solutions:
#   Reduce memory load on the system
#   Increase physical memory or swap space
#   Check if swap backing store is full
#   Decrease Java heap size (-Xmx/-Xms)
#   Decrease number of Java threads
#   Decrease Java thread stack sizes (-Xss)
#   Set larger code cache with -XX:ReservedCodeCacheSize=
#   JVM is running with Unscaled Compressed Oops mode in which the Java heap is
#     placed in the first 4GB address space. The Java Heap base address is the
#     maximum limit for the native heap growth. Please use -XX:HeapBaseMinAddress
#     to set the Java Heap base and to place the Java Heap above 4GB virtual address.
# This output file may be truncated or incomplete.
#
#  Out of Memory Error (./src/hotspot/share/memory/arena.cpp:197), pid=14000, tid=11488
#
# JRE version: OpenJDK Runtime Environment (11.0.10) (build 11.0.10+0-b96-7249189)
# Java VM: OpenJDK 64-Bit Server VM (11.0.10+0-b96-7249189, mixed mode, tiered, compressed oops, g1 gc, windows-amd64)
# No core dump will be written. Minidumps are not enabled by default on client versions of Windows
#

---------------  S U M M A R Y ------------

Command Line: --add-opens=java.base/java.util=ALL-UNNAMED --add-opens=java.base/java.lang=ALL-UNNAMED --add-opens=java.base/java.lang.invoke=ALL-UNNAMED --add-opens=java.prefs/java.util.prefs=ALL-UNNAMED -Xmx2048m -Dfile.encoding=UTF-8 -Duser.country=US -Duser.language=en -Duser.variant org.gradle.launcher.daemon.bootstrap.GradleDaemon 6.7.1

Host: AMD Ryzen 5 3550H with Radeon Vega Mobile Gfx  , 8 cores, 5G,  Windows 10 , 64 bit Build 22000 (10.0.22000.318)
Time: Thu Nov 18 19:38:47 2021 SE Asia Standard Time elapsed time: 5.333431 seconds (0d 0h 0m 5s)

---------------  T H R E A D  ---------------

Current thread (0x000001e45a343000):  JavaThread "C2 CompilerThread1" daemon [_thread_in_native, id=11488, stack(0x000000c48fc00000,0x000000c48fd00000)]


Current CompileTask:
C2:   5333 2488       4       jdk.internal.loader.URLClassPath::getResource (74 bytes)

Stack: [0x000000c48fc00000,0x000000c48fd00000]
Native frames: (J=compiled Java code, j=interpreted, Vv=VM code, C=native code)
V  [jvm.dll+0x5ecfaa]
V  [jvm.dll+0x722bd5]
V  [jvm.dll+0x72412d]
V  [jvm.dll+0x7247e3]
V  [jvm.dll+0x242928]
V  [jvm.dll+0xbc4fc]
V  [jvm.dll+0xbca0c]
V  [jvm.dll+0x352d7d]
V  [jvm.dll+0x197c77]
V  [jvm.dll+0x1fb70e]
V  [jvm.dll+0x1fa7f4]
V  [jvm.dll+0x18354c]
V  [jvm.dll+0x208ee7]
V  [jvm.dll+0x207731]
V  [jvm.dll+0x6eb1cf]
V  [jvm.dll+0x6e3d45]
V  [jvm.dll+0x5ebe96]
C  [ucrtbase.dll+0x26c0c]
C  [KERNEL32.DLL+0x154e0]
C  [ntdll.dll+0x485b]


---------------  P R O C E S S  ---------------

Threads class SMR info:
_java_thread_list=0x000001e45abad180, length=29, elements={
0x000001e43973d800, 0x000001e455b47800, 0x000001e455b53800, 0x000001e456542800,
0x000001e455b65800, 0x000001e455b66800, 0x000001e455b69000, 0x000001e455b77800,
0x000001e455b79800, 0x000001e456677800, 0x000001e458a71800, 0x000001e458c37000,
0x000001e458408800, 0x000001e4583e8000, 0x000001e457daa000, 0x000001e457daa800,
0x000001e458594000, 0x000001e458e48800, 0x000001e458bb0000, 0x000001e45835b800,
0x000001e458359000, 0x000001e45835c800, 0x000001e45835b000, 0x000001e45a343000,
0x000001e45835d000, 0x000001e45835e000, 0x000001e45835a000, 0x000001e458358800,
0x000001e45835f000
}

Java Threads: ( => current thread )
  0x000001e43973d800 JavaThread "main" [_thread_blocked, id=12028, stack(0x000000c48d200000,0x000000c48d300000)]
  0x000001e455b47800 JavaThread "Reference Handler" daemon [_thread_blocked, id=6536, stack(0x000000c48d900000,0x000000c48da00000)]
  0x000001e455b53800 JavaThread "Finalizer" daemon [_thread_blocked, id=11632, stack(0x000000c48da00000,0x000000c48db00000)]
  0x000001e456542800 JavaThread "Signal Dispatcher" daemon [_thread_blocked, id=10592, stack(0x000000c48db00000,0x000000c48dc00000)]
  0x000001e455b65800 JavaThread "Attach Listener" daemon [_thread_blocked, id=13944, stack(0x000000c48dc00000,0x000000c48dd00000)]
  0x000001e455b66800 JavaThread "Service Thread" daemon [_thread_blocked, id=9352, stack(0x000000c48dd00000,0x000000c48de00000)]
  0x000001e455b69000 JavaThread "C2 CompilerThread0" daemon [_thread_blocked, id=10996, stack(0x000000c48de00000,0x000000c48df00000)]
  0x000001e455b77800 JavaThread "C1 CompilerThread0" daemon [_thread_blocked, id=13888, stack(0x000000c48df00000,0x000000c48e000000)]
  0x000001e455b79800 JavaThread "Sweeper thread" daemon [_thread_blocked, id=10188, stack(0x000000c48e000000,0x000000c48e100000)]
  0x000001e456677800 JavaThread "Common-Cleaner" daemon [_thread_blocked, id=6528, stack(0x000000c48e100000,0x000000c48e200000)]
  0x000001e458a71800 JavaThread "Daemon health stats" [_thread_blocked, id=8892, stack(0x000000c48e600000,0x000000c48e700000)]
  0x000001e458c37000 JavaThread "Incoming local TCP Connector on port 62008" [_thread_in_native, id=13768, stack(0x000000c48e800000,0x000000c48e900000)]
  0x000001e458408800 JavaThread "Daemon periodic checks" [_thread_blocked, id=7148, stack(0x000000c48e900000,0x000000c48ea00000)]
  0x000001e4583e8000 JavaThread "Daemon" [_thread_blocked, id=13396, stack(0x000000c48ea00000,0x000000c48eb00000)]
  0x000001e457daa000 JavaThread "Handler for socket connection from /127.0.0.1:62008 to /127.0.0.1:62009" [_thread_in_native, id=14020, stack(0x000000c48eb00000,0x000000c48ec00000)]
  0x000001e457daa800 JavaThread "Cancel handler" [_thread_blocked, id=5068, stack(0x000000c48ec00000,0x000000c48ed00000)]
  0x000001e458594000 JavaThread "Daemon worker" [_thread_in_Java, id=13688, stack(0x000000c48f500000,0x000000c48f600000)]
  0x000001e458e48800 JavaThread "Asynchronous log dispatcher for DefaultDaemonConnection: socket connection from /127.0.0.1:62008 to /127.0.0.1:62009" [_thread_blocked, id=3596, stack(0x000000c48f600000,0x000000c48f700000)]
  0x000001e458bb0000 JavaThread "Stdin handler" [_thread_blocked, id=10168, stack(0x000000c48f700000,0x000000c48f800000)]
  0x000001e45835b800 JavaThread "Thread-8" [_thread_blocked, id=7216, stack(0x000000c48f800000,0x000000c48f900000)]
  0x000001e458359000 JavaThread "Cache worker for file hash cache (C:\Users\acer\.gradle\caches\6.7.1\fileHashes)" [_thread_blocked, id=10200, stack(0x000000c48e300000,0x000000c48e400000)]
  0x000001e45835c800 JavaThread "File lock request listener" [_thread_in_native, id=10000, stack(0x000000c48f900000,0x000000c48fa00000)]
  0x000001e45835b000 JavaThread "Cache worker for journal cache (C:\Users\acer\.gradle\caches\journal-1)" [_thread_blocked, id=8648, stack(0x000000c48fb00000,0x000000c48fc00000)]
=>0x000001e45a343000 JavaThread "C2 CompilerThread1" daemon [_thread_in_native, id=11488, stack(0x000000c48fc00000,0x000000c48fd00000)]
  0x000001e45835d000 JavaThread "Cache worker for file hash cache (D:\Du an truong\DuanPhonestore\.gradle\6.7.1\fileHashes)" [_thread_blocked, id=9380, stack(0x000000c48fe00000,0x000000c48ff00000)]
  0x000001e45835e000 JavaThread "Cache worker for checksums cache (D:\Du an truong\DuanPhonestore\.gradle\checksums)" [_thread_blocked, id=10300, stack(0x000000c48fd00000,0x000000c48fe00000)]
  0x000001e45835a000 JavaThread "Cache worker for cache directory md-supplier (C:\Users\acer\.gradle\caches\6.7.1\md-supplier)" [_thread_blocked, id=1416, stack(0x000000c48ff00000,0x000000c490000000)]
  0x000001e458358800 JavaThread "Cache worker for cache directory md-rule (C:\Users\acer\.gradle\caches\6.7.1\md-rule)" [_thread_blocked, id=11964, stack(0x000000c490000000,0x000000c490100000)]
  0x000001e45835f000 JavaThread "Cache worker for execution history cache (C:\Users\acer\.gradle\caches\6.7.1\executionHistory)" [_thread_blocked, id=7604, stack(0x000000c490100000,0x000000c490200000)]

Other Threads:
  0x000001e455b46000 VMThread "VM Thread" [stack: 0x000000c48d800000,0x000000c48d900000] [id=684]
  0x000001e4566b2000 WatcherThread [stack: 0x000000c48e200000,0x000000c48e300000] [id=10696]
  0x000001e439755800 GCTaskThread "GC Thread#0" [stack: 0x000000c48d300000,0x000000c48d400000] [id=5172]
  0x000001e4571f0000 GCTaskThread "GC Thread#1" [stack: 0x000000c48e500000,0x000000c48e600000] [id=7348]
  0x000001e458c80800 GCTaskThread "GC Thread#2" [stack: 0x000000c48ed00000,0x000000c48ee00000] [id=1420]
  0x000001e458c81800 GCTaskThread "GC Thread#3" [stack: 0x000000c48ee00000,0x000000c48ef00000] [id=2856]
  0x000001e459f30000 GCTaskThread "GC Thread#4" [stack: 0x000000c48ef00000,0x000000c48f000000] [id=12336]
  0x000001e459f31000 GCTaskThread "GC Thread#5" [stack: 0x000000c48f000000,0x000000c48f100000] [id=3244]
  0x000001e458396800 GCTaskThread "GC Thread#6" [stack: 0x000000c48f100000,0x000000c48f200000] [id=13760]
  0x000001e458397000 GCTaskThread "GC Thread#7" [stack: 0x000000c48f200000,0x000000c48f300000] [id=9868]
  0x000001e439786000 ConcurrentGCThread "G1 Main Marker" [stack: 0x000000c48d400000,0x000000c48d500000] [id=11068]
  0x000001e439787800 ConcurrentGCThread "G1 Conc#0" [stack: 0x000000c48d500000,0x000000c48d600000] [id=14176]
  0x000001e457fbc800 ConcurrentGCThread "G1 Conc#1" [stack: 0x000000c48fa00000,0x000000c48fb00000] [id=8756]
  0x000001e439813000 ConcurrentGCThread "G1 Refine#0" [stack: 0x000000c48d600000,0x000000c48d700000] [id=10620]
  0x000001e458902000 ConcurrentGCThread "G1 Refine#1" [stack: 0x000000c48f300000,0x000000c48f400000] [id=7280]
  0x000001e457e79000 ConcurrentGCThread "G1 Refine#2" [stack: 0x000000c48f400000,0x000000c48f500000] [id=11316]
  0x000001e439814000 ConcurrentGCThread "G1 Young RemSet Sampling" [stack: 0x000000c48d700000,0x000000c48d800000] [id=12436]

Threads with active compile tasks:
C2 CompilerThread0   5361 2630       4       java.util.concurrent.ConcurrentHashMap::get (162 bytes)
C2 CompilerThread1   5361 2488       4       jdk.internal.loader.URLClassPath::getResource (74 bytes)

VM state:not at safepoint (normal execution)

VM Mutex/Monitor currently owned by a thread: None

Heap address: 0x0000000080000000, size: 2048 MB, Compressed Oops mode: 32-bit
Narrow klass base: 0x0000000000000000, Narrow klass shift: 3
Compressed class space size: 1073741824 Address: 0x0000000100000000

Heap:
 garbage-first heap   total 98304K, used 24589K [0x0000000080000000, 0x0000000100000000)
  region size 1024K, 11 young (11264K), 6 survivors (6144K)
 Metaspace       used 33802K, capacity 34449K, committed 34688K, reserved 1079296K
  class space    used 4376K, capacity 4633K, committed 4736K, reserved 1048576K
Heap Regions: E=young(eden), S=young(survivor), O=old, HS=humongous(starts), HC=humongous(continues), CS=collection set, F=free, A=archive, TAMS=top-at-mark-start (previous, next)
|   0|0x0000000080000000, 0x0000000080100000, 0x0000000080100000|100%| O|  |TAMS 0x0000000080100000, 0x0000000080000000| Untracked 
|   1|0x0000000080100000, 0x0000000080200000, 0x0000000080200000|100%| O|  |TAMS 0x0000000080200000, 0x0000000080100000| Untracked 
|   2|0x0000000080200000, 0x0000000080300000, 0x0000000080300000|100%| O|  |TAMS 0x0000000080300000, 0x0000000080200000| Untracked 
|   3|0x0000000080300000, 0x0000000080400000, 0x0000000080400000|100%|HS|  |TAMS 0x0000000080400000, 0x0000000080300000| Complete 
|   4|0x0000000080400000, 0x0000000080500000, 0x0000000080500000|100%|HC|  |TAMS 0x0000000080500000, 0x0000000080400000| Complete 
|   5|0x0000000080500000, 0x0000000080600000, 0x0000000080600000|100%|HC|  |TAMS 0x0000000080600000, 0x0000000080500000| Complete 
|   6|0x0000000080600000, 0x0000000080700000, 0x0000000080700000|100%| O|  |TAMS 0x0000000080700000, 0x0000000080600000| Untracked 
|   7|0x0000000080700000, 0x0000000080800000, 0x0000000080800000|100%| O|  |TAMS 0x0000000080800000, 0x0000000080700000| Untracked 
|   8|0x0000000080800000, 0x0000000080900000, 0x0000000080900000|100%| O|  |TAMS 0x0000000080900000, 0x0000000080800000| Untracked 
|   9|0x0000000080900000, 0x0000000080a00000, 0x0000000080a00000|100%| O|  |TAMS 0x0000000080a00000, 0x0000000080900000| Untracked 
|  10|0x0000000080a00000, 0x0000000080b00000, 0x0000000080b00000|100%| O|  |TAMS 0x0000000080b00000, 0x0000000080a00000| Untracked 
|  11|0x0000000080b00000, 0x0000000080c00000, 0x0000000080c00000|100%| O|  |TAMS 0x0000000080c00000, 0x0000000080b00000| Untracked 
|  12|0x0000000080c00000, 0x0000000080d00000, 0x0000000080d00000|100%| O|  |TAMS 0x0000000080d00000, 0x0000000080c00000| Untracked 
|  13|0x0000000080d00000, 0x0000000080e00000, 0x0000000080e00000|100%| O|  |TAMS 0x0000000080e00000, 0x0000000080d00000| Untracked 
|  14|0x0000000080e00000, 0x0000000080ef5400, 0x0000000080f00000| 95%| O|  |TAMS 0x0000000080ef5400, 0x0000000080e00000| Untracked 
|  15|0x0000000080f00000, 0x0000000080f00000, 0x0000000081000000|  0%| F|  |TAMS 0x0000000080f00000, 0x0000000080f00000| Untracked 
|  16|0x0000000081000000, 0x0000000081000000, 0x0000000081100000|  0%| F|  |TAMS 0x0000000081000000, 0x0000000081000000| Untracked 
|  17|0x0000000081100000, 0x0000000081100000, 0x0000000081200000|  0%| F|  |TAMS 0x0000000081100000, 0x0000000081100000| Untracked 
|  18|0x0000000081200000, 0x0000000081200000, 0x0000000081300000|  0%| F|  |TAMS 0x0000000081200000, 0x0000000081200000| Untracked 
|  19|0x0000000081300000, 0x0000000081300000, 0x0000000081400000|  0%| F|  |TAMS 0x0000000081300000, 0x0000000081300000| Untracked 
|  20|0x0000000081400000, 0x0000000081400000, 0x0000000081500000|  0%| F|  |TAMS 0x0000000081400000, 0x0000000081400000| Untracked 
|  21|0x0000000081500000, 0x0000000081500000, 0x0000000081600000|  0%| F|  |TAMS 0x0000000081500000, 0x0000000081500000| Untracked 
|  22|0x0000000081600000, 0x0000000081600000, 0x0000000081700000|  0%| F|  |TAMS 0x0000000081600000, 0x0000000081600000| Untracked 
|  23|0x0000000081700000, 0x0000000081700000, 0x0000000081800000|  0%| F|  |TAMS 0x0000000081700000, 0x0000000081700000| Untracked 
|  24|0x0000000081800000, 0x0000000081800000, 0x0000000081900000|  0%| F|  |TAMS 0x0000000081800000, 0x0000000081800000| Untracked 
|  25|0x0000000081900000, 0x0000000081900000, 0x0000000081a00000|  0%| F|  |TAMS 0x0000000081900000, 0x0000000081900000| Untracked 
|  26|0x0000000081a00000, 0x0000000081a00000, 0x0000000081b00000|  0%| F|  |TAMS 0x0000000081a00000, 0x0000000081a00000| Untracked 
|  27|0x0000000081b00000, 0x0000000081b00000, 0x0000000081c00000|  0%| F|  |TAMS 0x0000000081b00000, 0x0000000081b00000| Untracked 
|  28|0x0000000081c00000, 0x0000000081c00000, 0x0000000081d00000|  0%| F|  |TAMS 0x0000000081c00000, 0x0000000081c00000| Untracked 
|  29|0x0000000081d00000, 0x0000000081d00000, 0x0000000081e00000|  0%| F|  |TAMS 0x0000000081d00000, 0x0000000081d00000| Untracked 
|  30|0x0000000081e00000, 0x0000000081e00000, 0x0000000081f00000|  0%| F|  |TAMS 0x0000000081e00000, 0x0000000081e00000| Untracked 
|  31|0x0000000081f00000, 0x0000000081f00000, 0x0000000082000000|  0%| F|  |TAMS 0x0000000081f00000, 0x0000000081f00000| Untracked 
|  32|0x0000000082000000, 0x0000000082000000, 0x0000000082100000|  0%| F|  |TAMS 0x0000000082000000, 0x0000000082000000| Untracked 
|  33|0x0000000082100000, 0x0000000082100000, 0x0000000082200000|  0%| F|  |TAMS 0x0000000082100000, 0x0000000082100000| Untracked 
|  34|0x0000000082200000, 0x0000000082200000, 0x0000000082300000|  0%| F|  |TAMS 0x0000000082200000, 0x0000000082200000| Untracked 
|  35|0x0000000082300000, 0x0000000082300000, 0x0000000082400000|  0%| F|  |TAMS 0x0000000082300000, 0x0000000082300000| Untracked 
|  36|0x0000000082400000, 0x0000000082400000, 0x0000000082500000|  0%| F|  |TAMS 0x0000000082400000, 0x0000000082400000| Untracked 
|  37|0x0000000082500000, 0x0000000082500000, 0x0000000082600000|  0%| F|  |TAMS 0x0000000082500000, 0x0000000082500000| Untracked 
|  38|0x0000000082600000, 0x0000000082600000, 0x0000000082700000|  0%| F|  |TAMS 0x0000000082600000, 0x0000000082600000| Untracked 
|  39|0x0000000082700000, 0x0000000082700000, 0x0000000082800000|  0%| F|  |TAMS 0x0000000082700000, 0x0000000082700000| Untracked 
|  40|0x0000000082800000, 0x0000000082800000, 0x0000000082900000|  0%| F|  |TAMS 0x0000000082800000, 0x0000000082800000| Untracked 
|  41|0x0000000082900000, 0x0000000082900000, 0x0000000082a00000|  0%| F|  |TAMS 0x0000000082900000, 0x0000000082900000| Untracked 
|  42|0x0000000082a00000, 0x0000000082a00000, 0x0000000082b00000|  0%| F|  |TAMS 0x0000000082a00000, 0x0000000082a00000| Untracked 
|  43|0x0000000082b00000, 0x0000000082b0e140, 0x0000000082c00000|  5%| S|CS|TAMS 0x0000000082b00000, 0x0000000082b00000| Complete 
|  44|0x0000000082c00000, 0x0000000082d00000, 0x0000000082d00000|100%| S|CS|TAMS 0x0000000082c00000, 0x0000000082c00000| Complete 
|  45|0x0000000082d00000, 0x0000000082e00000, 0x0000000082e00000|100%| S|CS|TAMS 0x0000000082d00000, 0x0000000082d00000| Complete 
|  46|0x0000000082e00000, 0x0000000082f00000, 0x0000000082f00000|100%| S|CS|TAMS 0x0000000082e00000, 0x0000000082e00000| Complete 
|  47|0x0000000082f00000, 0x0000000083000000, 0x0000000083000000|100%| S|CS|TAMS 0x0000000082f00000, 0x0000000082f00000| Complete 
|  48|0x0000000083000000, 0x0000000083100000, 0x0000000083100000|100%| S|CS|TAMS 0x0000000083000000, 0x0000000083000000| Complete 
|  49|0x0000000083100000, 0x0000000083100000, 0x0000000083200000|  0%| F|  |TAMS 0x0000000083100000, 0x0000000083100000| Untracked 
|  50|0x0000000083200000, 0x0000000083200000, 0x0000000083300000|  0%| F|  |TAMS 0x0000000083200000, 0x0000000083200000| Untracked 
|  51|0x0000000083300000, 0x0000000083300000, 0x0000000083400000|  0%| F|  |TAMS 0x0000000083300000, 0x0000000083300000| Untracked 
|  52|0x0000000083400000, 0x0000000083400000, 0x0000000083500000|  0%| F|  |TAMS 0x0000000083400000, 0x0000000083400000| Untracked 
|  53|0x0000000083500000, 0x0000000083500000, 0x0000000083600000|  0%| F|  |TAMS 0x0000000083500000, 0x0000000083500000| Untracked 
|  54|0x0000000083600000, 0x0000000083600000, 0x0000000083700000|  0%| F|  |TAMS 0x0000000083600000, 0x0000000083600000| Untracked 
|  55|0x0000000083700000, 0x0000000083700000, 0x0000000083800000|  0%| F|  |TAMS 0x0000000083700000, 0x0000000083700000| Untracked 
|  56|0x0000000083800000, 0x0000000083800000, 0x0000000083900000|  0%| F|  |TAMS 0x0000000083800000, 0x0000000083800000| Untracked 
|  57|0x0000000083900000, 0x0000000083900000, 0x0000000083a00000|  0%| F|  |TAMS 0x0000000083900000, 0x0000000083900000| Untracked 
|  58|0x0000000083a00000, 0x0000000083a00000, 0x0000000083b00000|  0%| F|  |TAMS 0x0000000083a00000, 0x0000000083a00000| Untracked 
|  59|0x0000000083b00000, 0x0000000083b00000, 0x0000000083c00000|  0%| F|  |TAMS 0x0000000083b00000, 0x0000000083b00000| Untracked 
|  60|0x0000000083c00000, 0x0000000083c00000, 0x0000000083d00000|  0%| F|  |TAMS 0x0000000083c00000, 0x0000000083c00000| Untracked 
|  61|0x0000000083d00000, 0x0000000083d00000, 0x0000000083e00000|  0%| F|  |TAMS 0x0000000083d00000, 0x0000000083d00000| Untracked 
|  62|0x0000000083e00000, 0x0000000083e00000, 0x0000000083f00000|  0%| F|  |TAMS 0x0000000083e00000, 0x0000000083e00000| Untracked 
|  63|0x0000000083f00000, 0x0000000083f00000, 0x0000000084000000|  0%| F|  |TAMS 0x0000000083f00000, 0x0000000083f00000| Untracked 
|  64|0x0000000084000000, 0x0000000084000000, 0x0000000084100000|  0%| F|  |TAMS 0x0000000084000000, 0x0000000084000000| Untracked 
|  65|0x0000000084100000, 0x0000000084100000, 0x0000000084200000|  0%| F|  |TAMS 0x0000000084100000, 0x0000000084100000| Untracked 
|  66|0x0000000084200000, 0x0000000084200000, 0x0000000084300000|  0%| F|  |TAMS 0x0000000084200000, 0x0000000084200000| Untracked 
|  67|0x0000000084300000, 0x0000000084300000, 0x0000000084400000|  0%| F|  |TAMS 0x0000000084300000, 0x0000000084300000| Untracked 
|  68|0x0000000084400000, 0x0000000084400000, 0x0000000084500000|  0%| F|  |TAMS 0x0000000084400000, 0x0000000084400000| Untracked 
|  69|0x0000000084500000, 0x0000000084500000, 0x0000000084600000|  0%| F|  |TAMS 0x0000000084500000, 0x0000000084500000| Untracked 
|  70|0x0000000084600000, 0x0000000084600000, 0x0000000084700000|  0%| F|  |TAMS 0x0000000084600000, 0x0000000084600000| Untracked 
|  71|0x0000000084700000, 0x0000000084700000, 0x0000000084800000|  0%| F|  |TAMS 0x0000000084700000, 0x0000000084700000| Untracked 
|  72|0x0000000084800000, 0x0000000084800000, 0x0000000084900000|  0%| F|  |TAMS 0x0000000084800000, 0x0000000084800000| Untracked 
|  73|0x0000000084900000, 0x0000000084900000, 0x0000000084a00000|  0%| F|  |TAMS 0x0000000084900000, 0x0000000084900000| Untracked 
|  74|0x0000000084a00000, 0x0000000084a00000, 0x0000000084b00000|  0%| F|  |TAMS 0x0000000084a00000, 0x0000000084a00000| Untracked 
|  75|0x0000000084b00000, 0x0000000084b00000, 0x0000000084c00000|  0%| F|  |TAMS 0x0000000084b00000, 0x0000000084b00000| Untracked 
|  76|0x0000000084c00000, 0x0000000084c00000, 0x0000000084d00000|  0%| F|  |TAMS 0x0000000084c00000, 0x0000000084c00000| Untracked 
|  77|0x0000000084d00000, 0x0000000084d00000, 0x0000000084e00000|  0%| F|  |TAMS 0x0000000084d00000, 0x0000000084d00000| Untracked 
|  78|0x0000000084e00000, 0x0000000084e00000, 0x0000000084f00000|  0%| F|  |TAMS 0x0000000084e00000, 0x0000000084e00000| Untracked 
|  79|0x0000000084f00000, 0x0000000084f00000, 0x0000000085000000|  0%| F|  |TAMS 0x0000000084f00000, 0x0000000084f00000| Untracked 
|  80|0x0000000085000000, 0x0000000085000000, 0x0000000085100000|  0%| F|  |TAMS 0x0000000085000000, 0x0000000085000000| Untracked 
|  81|0x0000000085100000, 0x0000000085100000, 0x0000000085200000|  0%| F|  |TAMS 0x0000000085100000, 0x0000000085100000| Untracked 
|  82|0x0000000085200000, 0x0000000085200000, 0x0000000085300000|  0%| F|  |TAMS 0x0000000085200000, 0x0000000085200000| Untracked 
|  83|0x0000000085300000, 0x0000000085300000, 0x0000000085400000|  0%| F|  |TAMS 0x0000000085300000, 0x0000000085300000| Untracked 
|  84|0x0000000085400000, 0x0000000085400000, 0x0000000085500000|  0%| F|  |TAMS 0x0000000085400000, 0x0000000085400000| Untracked 
|  85|0x0000000085500000, 0x0000000085500000, 0x0000000085600000|  0%| F|  |TAMS 0x0000000085500000, 0x0000000085500000| Untracked 
|  86|0x0000000085600000, 0x0000000085600000, 0x0000000085700000|  0%| F|  |TAMS 0x0000000085600000, 0x0000000085600000| Untracked 
|  87|0x0000000085700000, 0x0000000085700000, 0x0000000085800000|  0%| F|  |TAMS 0x0000000085700000, 0x0000000085700000| Untracked 
|  88|0x0000000085800000, 0x0000000085800000, 0x0000000085900000|  0%| F|  |TAMS 0x0000000085800000, 0x0000000085800000| Untracked 
|  89|0x0000000085900000, 0x0000000085900000, 0x0000000085a00000|  0%| F|  |TAMS 0x0000000085900000, 0x0000000085900000| Untracked 
|  90|0x0000000085a00000, 0x0000000085a00000, 0x0000000085b00000|  0%| F|  |TAMS 0x0000000085a00000, 0x0000000085a00000| Untracked 
|  91|0x0000000085b00000, 0x0000000085b80800, 0x0000000085c00000| 50%| E|  |TAMS 0x0000000085b00000, 0x0000000085b00000| Complete 
|  92|0x0000000085c00000, 0x0000000085d00000, 0x0000000085d00000|100%| E|CS|TAMS 0x0000000085c00000, 0x0000000085c00000| Complete 
|  93|0x0000000085d00000, 0x0000000085e00000, 0x0000000085e00000|100%| E|CS|TAMS 0x0000000085d00000, 0x0000000085d00000| Complete 
|  94|0x0000000085e00000, 0x0000000085f00000, 0x0000000085f00000|100%| E|CS|TAMS 0x0000000085e00000, 0x0000000085e00000| Complete 
|  95|0x0000000085f00000, 0x0000000086000000, 0x0000000086000000|100%| E|CS|TAMS 0x0000000085f00000, 0x0000000085f00000| Complete 

Card table byte_map: [0x000001e44e880000,0x000001e44ec80000] _byte_map_base: 0x000001e44e480000

Marking Bits (Prev, Next): (CMBitMap*) 0x000001e43977d640, (CMBitMap*) 0x000001e43977d608
 Prev Bits: [0x000001e451080000, 0x000001e453080000)
 Next Bits: [0x000001e44f080000, 0x000001e451080000)

Polling page: 0x000001e439820000

Metaspace:

Usage:
  Non-class:     29.18 MB capacity,    28.77 MB ( 99%) used,   362.13 KB (  1%) free+waste,    60.94 KB ( <1%) overhead. 
      Class:      4.52 MB capacity,     4.28 MB ( 95%) used,   222.63 KB (  5%) free+waste,    29.69 KB ( <1%) overhead. 
       Both:     33.70 MB capacity,    33.04 MB ( 98%) used,   584.77 KB (  2%) free+waste,    90.63 KB ( <1%) overhead. 

Virtual space:
  Non-class space:       30.00 MB reserved,      29.25 MB ( 98%) committed 
      Class space:        1.00 GB reserved,       4.63 MB ( <1%) committed 
             Both:        1.03 GB reserved,      33.88 MB (  3%) committed 

Chunk freelists:
   Non-Class:  8.00 KB
       Class:  7.00 KB
        Both:  15.00 KB

MaxMetaspaceSize: 17179869184.00 GB
CompressedClassSpaceSize: 1.00 GB

CodeHeap 'non-profiled nmethods': size=120000Kb used=1438Kb max_used=1438Kb free=118561Kb
 bounds [0x000001e4464d0000, 0x000001e446740000, 0x000001e44da00000]
CodeHeap 'profiled nmethods': size=120000Kb used=5499Kb max_used=5499Kb free=114500Kb
 bounds [0x000001e43efa0000, 0x000001e43f500000, 0x000001e4464d0000]
CodeHeap 'non-nmethods': size=5760Kb used=1160Kb max_used=1198Kb free=4600Kb
 bounds [0x000001e43ea00000, 0x000001e43ec70000, 0x000001e43efa0000]
 total_blobs=3134 nmethods=2631 adapters=414
 compilation: enabled
              stopped_count=0, restarted_count=0
 full_count=0

Compilation events (20 events):
Event: 5.322 Thread 0x000001e455b77800 nmethod 2590 0x000001e43f4f0590 code [0x000001e43f4f0760, 0x000001e43f4f09a8]
Event: 5.322 Thread 0x000001e455b69000 nmethod 2584 0x000001e446632c90 code [0x000001e446632e20, 0x000001e446633098]
Event: 5.323 Thread 0x000001e455b77800 2593       3       java.lang.invoke.MethodType::changeReturnType (20 bytes)
Event: 5.324 Thread 0x000001e455b77800 nmethod 2593 0x000001e43f4f0b10 code [0x000001e43f4f0cc0, 0x000001e43f4f0e68]
Event: 5.324 Thread 0x000001e455b77800 2594       3       java.lang.invoke.ClassSpecializer$Factory$1Var::slotSize (8 bytes)
Event: 5.324 Thread 0x000001e455b77800 nmethod 2594 0x000001e43f4f0f10 code [0x000001e43f4f10c0, 0x000001e43f4f1298]
Event: 5.325 Thread 0x000001e455b77800 2596       3       sun.invoke.util.VerifyType::isNullType (18 bytes)
Event: 5.325 Thread 0x000001e455b77800 nmethod 2596 0x000001e43f4f1390 code [0x000001e43f4f1540, 0x000001e43f4f16d8]
Event: 5.325 Thread 0x000001e455b77800 2597       3       java.lang.invoke.ClassSpecializer$SpeciesData::fieldCount (10 bytes)
Event: 5.325 Thread 0x000001e455b77800 nmethod 2597 0x000001e43f4f1790 code [0x000001e43f4f1940, 0x000001e43f4f1b08]
Event: 5.325 Thread 0x000001e455b77800 2599       3       java.lang.invoke.ClassSpecializer$Factory$1Var::isInHeap (13 bytes)
Event: 5.325 Thread 0x000001e455b77800 nmethod 2599 0x000001e43f4f1c10 code [0x000001e43f4f1dc0, 0x000001e43f4f1f18]
Event: 5.325 Thread 0x000001e455b77800 2600       3       java.lang.invoke.ClassSpecializer$Factory$1Var::emitFieldInsn (18 bytes)
Event: 5.326 Thread 0x000001e455b77800 nmethod 2600 0x000001e43f4f1f90 code [0x000001e43f4f2140, 0x000001e43f4f2308]
Event: 5.328 Thread 0x000001e455b77800 2603       3       java.lang.invoke.LambdaForm::editor (5 bytes)
Event: 5.329 Thread 0x000001e455b69000 2605       4       java.lang.invoke.MethodType::hashCode (53 bytes)
Event: 5.329 Thread 0x000001e455b77800 nmethod 2603 0x000001e43f4f2410 code [0x000001e43f4f25e0, 0x000001e43f4f28e8]
Event: 5.329 Thread 0x000001e455b77800 2604       3       java.lang.invoke.LambdaFormEditor::lambdaFormEditor (12 bytes)
Event: 5.329 Thread 0x000001e455b77800 nmethod 2604 0x000001e43f4f2a10 code [0x000001e43f4f2be0, 0x000001e43f4f2e68]
Event: 5.332 Thread 0x000001e455b69000 nmethod 2605 0x000001e446633d90 code [0x000001e446633f40, 0x000001e4466340d8]

GC Heap History (12 events):
Event: 0.949 GC heap before
{Heap before GC invocations=0 (full 0):
 garbage-first heap   total 98304K, used 29696K [0x0000000080000000, 0x0000000100000000)
  region size 1024K, 24 young (24576K), 0 survivors (0K)
 Metaspace       used 10402K, capacity 10628K, committed 10752K, reserved 1058816K
  class space    used 1098K, capacity 1164K, committed 1280K, reserved 1048576K
}
Event: 0.955 GC heap after
{Heap after GC invocations=1 (full 0):
 garbage-first heap   total 98304K, used 8514K [0x0000000080000000, 0x0000000100000000)
  region size 1024K, 3 young (3072K), 3 survivors (3072K)
 Metaspace       used 10402K, capacity 10628K, committed 10752K, reserved 1058816K
  class space    used 1098K, capacity 1164K, committed 1280K, reserved 1048576K
}
Event: 2.446 GC heap before
{Heap before GC invocations=1 (full 0):
 garbage-first heap   total 98304K, used 62786K [0x0000000080000000, 0x0000000100000000)
  region size 1024K, 57 young (58368K), 3 survivors (3072K)
 Metaspace       used 16705K, capacity 17134K, committed 17152K, reserved 1064960K
  class space    used 1922K, capacity 2042K, committed 2048K, reserved 1048576K
}
Event: 2.453 GC heap after
{Heap after GC invocations=2 (full 0):
 garbage-first heap   total 98304K, used 15028K [0x0000000080000000, 0x0000000100000000)
  region size 1024K, 8 young (8192K), 8 survivors (8192K)
 Metaspace       used 16705K, capacity 17134K, committed 17152K, reserved 1064960K
  class space    used 1922K, capacity 2042K, committed 2048K, reserved 1048576K
}
Event: 2.828 GC heap before
{Heap before GC invocations=2 (full 0):
 garbage-first heap   total 98304K, used 40628K [0x0000000080000000, 0x0000000100000000)
  region size 1024K, 33 young (33792K), 8 survivors (8192K)
 Metaspace       used 19954K, capacity 20343K, committed 20608K, reserved 1067008K
  class space    used 2436K, capacity 2562K, committed 2688K, reserved 1048576K
}
Event: 2.833 GC heap after
{Heap after GC invocations=3 (full 0):
 garbage-first heap   total 98304K, used 16514K [0x0000000080000000, 0x0000000100000000)
  region size 1024K, 2 young (2048K), 2 survivors (2048K)
 Metaspace       used 19954K, capacity 20343K, committed 20608K, reserved 1067008K
  class space    used 2436K, capacity 2562K, committed 2688K, reserved 1048576K
}
Event: 2.903 GC heap before
{Heap before GC invocations=3 (full 0):
 garbage-first heap   total 98304K, used 19586K [0x0000000080000000, 0x0000000100000000)
  region size 1024K, 6 young (6144K), 2 survivors (2048K)
 Metaspace       used 20619K, capacity 21093K, committed 21248K, reserved 1067008K
  class space    used 2532K, capacity 2710K, committed 2816K, reserved 1048576K
}
Event: 2.905 GC heap after
{Heap after GC invocations=4 (full 0):
 garbage-first heap   total 98304K, used 16550K [0x0000000080000000, 0x0000000100000000)
  region size 1024K, 2 young (2048K), 2 survivors (2048K)
 Metaspace       used 20619K, capacity 21093K, committed 21248K, reserved 1067008K
  class space    used 2532K, capacity 2710K, committed 2816K, reserved 1048576K
}
Event: 3.801 GC heap before
{Heap before GC invocations=5 (full 0):
 garbage-first heap   total 98304K, used 57510K [0x0000000080000000, 0x0000000100000000)
  region size 1024K, 42 young (43008K), 2 survivors (2048K)
 Metaspace       used 25428K, capacity 26051K, committed 26112K, reserved 1071104K
  class space    used 3311K, capacity 3536K, committed 3584K, reserved 1048576K
}
Event: 3.804 GC heap after
{Heap after GC invocations=6 (full 0):
 garbage-first heap   total 98304K, used 18143K [0x0000000080000000, 0x0000000100000000)
  region size 1024K, 3 young (3072K), 3 survivors (3072K)
 Metaspace       used 25428K, capacity 26051K, committed 26112K, reserved 1071104K
  class space    used 3311K, capacity 3536K, committed 3584K, reserved 1048576K
}
Event: 5.160 GC heap before
{Heap before GC invocations=6 (full 0):
 garbage-first heap   total 98304K, used 62175K [0x0000000080000000, 0x0000000100000000)
  region size 1024K, 47 young (48128K), 3 survivors (3072K)
 Metaspace       used 31888K, capacity 32581K, committed 32896K, reserved 1077248K
  class space    used 4135K, capacity 4393K, committed 4480K, reserved 1048576K
}
Event: 5.165 GC heap after
{Heap after GC invocations=7 (full 0):
 garbage-first heap   total 98304K, used 20493K [0x0000000080000000, 0x0000000100000000)
  region size 1024K, 6 young (6144K), 6 survivors (6144K)
 Metaspace       used 31888K, capacity 32581K, committed 32896K, reserved 1077248K
  class space    used 4135K, capacity 4393K, committed 4480K, reserved 1048576K
}

Deoptimization events (20 events):
Event: 4.044 Thread 0x000001e458594000 Uncommon trap: trap_request=0xffffffcc fr.pc=0x000001e4465e6fe8 relative=0x0000000000000328
Event: 4.044 Thread 0x000001e458594000 Uncommon trap: reason=intrinsic_or_type_checked_inlining action=make_not_entrant pc=0x000001e4465e6fe8 method=java.util.Arrays.copyOf([Ljava/lang/Object;ILjava/lang/Class;)[Ljava/lang/Object; @ 35 c2
Event: 4.044 Thread 0x000001e458594000 DEOPT PACKING pc=0x000001e4465e6fe8 sp=0x000000c48f5f9fb0
Event: 4.044 Thread 0x000001e458594000 DEOPT UNPACKING pc=0x000001e43ea278af sp=0x000000c48f5f9f40 mode 2
Event: 4.108 Thread 0x000001e458594000 Uncommon trap: trap_request=0xffffff4d fr.pc=0x000001e446529a38 relative=0x0000000000000a78
Event: 4.108 Thread 0x000001e458594000 Uncommon trap: reason=unstable_if action=reinterpret pc=0x000001e446529a38 method=java.io.WinNTFileSystem.resolve(Ljava/lang/String;Ljava/lang/String;)Ljava/lang/String; @ 83 c2
Event: 4.108 Thread 0x000001e458594000 DEOPT PACKING pc=0x000001e446529a38 sp=0x000000c48f5f9f60
Event: 4.108 Thread 0x000001e458594000 DEOPT UNPACKING pc=0x000001e43ea278af sp=0x000000c48f5f9f08 mode 2
Event: 4.643 Thread 0x000001e458594000 Uncommon trap: trap_request=0xffffff4d fr.pc=0x000001e4465c65d4 relative=0x0000000000000374
Event: 4.643 Thread 0x000001e458594000 Uncommon trap: reason=unstable_if action=reinterpret pc=0x000001e4465c65d4 method=java.util.HashMap.putVal(ILjava/lang/Object;Ljava/lang/Object;ZZ)Ljava/lang/Object; @ 162 c2
Event: 4.643 Thread 0x000001e458594000 DEOPT PACKING pc=0x000001e4465c65d4 sp=0x000000c48f5faf50
Event: 4.643 Thread 0x000001e458594000 DEOPT UNPACKING pc=0x000001e43ea278af sp=0x000000c48f5faed0 mode 2
Event: 5.099 Thread 0x000001e458594000 Uncommon trap: trap_request=0xffffff4d fr.pc=0x000001e4465db574 relative=0x0000000000005254
Event: 5.099 Thread 0x000001e458594000 Uncommon trap: reason=unstable_if action=reinterpret pc=0x000001e4465db574 method=jdk.internal.loader.BuiltinClassLoader.loadClassOrNull(Ljava/lang/String;Z)Ljava/lang/Class; @ 42 c2
Event: 5.099 Thread 0x000001e458594000 DEOPT PACKING pc=0x000001e4465db574 sp=0x000000c48f5f5bc0
Event: 5.099 Thread 0x000001e458594000 DEOPT UNPACKING pc=0x000001e43ea278af sp=0x000000c48f5f5a40 mode 2
Event: 5.319 Thread 0x000001e458594000 Uncommon trap: trap_request=0xffffff4d fr.pc=0x000001e4465d2234 relative=0x0000000000000254
Event: 5.319 Thread 0x000001e458594000 Uncommon trap: reason=unstable_if action=reinterpret pc=0x000001e4465d2234 method=jdk.internal.org.objectweb.asm.Type.getArgumentsAndReturnSizes(Ljava/lang/String;)I @ 136 c2
Event: 5.319 Thread 0x000001e458594000 DEOPT PACKING pc=0x000001e4465d2234 sp=0x000000c48f5f6c20
Event: 5.319 Thread 0x000001e458594000 DEOPT UNPACKING pc=0x000001e43ea278af sp=0x000000c48f5f6bb8 mode 2

Classes redefined (0 events):
No events

Internal exceptions (20 events):
Event: 3.751 Thread 0x000001e458594000 Exception <a 'java/lang/NoSuchMethodError'{0x00000000837ad648}: 'java.lang.Object java.lang.invoke.DirectMethodHandle$Holder.invokeStatic(java.lang.Object, java.lang.Object, java.lang.Object, int, java.lang.Object, java.lang.Object)'> (0x00000000837ad648) thrown at [./src/hotspot/share/interpreter/linkResolver.cpp, line 773]
Event: 3.752 Thread 0x000001e458594000 Exception <a 'java/lang/NoSuchMethodError'{0x00000000837b49b0}: 'java.lang.Object java.lang.invoke.Invokers$Holder.linkToTargetMethod(java.lang.Object, java.lang.Object, int, java.lang.Object, java.lang.Object, java.lang.Object)'> (0x00000000837b49b0) thrown at [./src/hotspot/share/interpreter/linkResolver.cpp, line 773]
Event: 3.800 Thread 0x000001e458594000 Exception <a 'java/lang/NoSuchMethodError'{0x00000000836f6ef0}: 'void java.lang.invoke.DirectMethodHandle$Holder.invokeSpecial(java.lang.Object, java.lang.Object, java.lang.Object, java.lang.Object)'> (0x00000000836f6ef0) thrown at [./src/hotspot/share/interpreter/linkResolver.cpp, line 773]
Event: 3.916 Thread 0x000001e458594000 Implicit null exception at 0x000001e4465d4bf5 to 0x000001e4465d4dbc
Event: 4.005 Thread 0x000001e458594000 Exception <a 'java/lang/NoSuchMethodError'{0x0000000085510b60}: 'java.lang.Object java.lang.invoke.DirectMethodHandle$Holder.invokeSpecialIFC(java.lang.Object, java.lang.Object, java.lang.Object, java.lang.Object)'> (0x0000000085510b60) thrown at [./src/hotspot/share/interpreter/linkResolver.cpp, line 773]
Event: 4.017 Thread 0x000001e458594000 Exception <a 'java/lang/NoSuchMethodError'{0x00000000855cc9d0}: 'java.lang.Object java.lang.invoke.DirectMethodHandle$Holder.invokeSpecial(java.lang.Object, java.lang.Object, java.lang.Object, java.lang.Object, java.lang.Object, java.lang.Object, java.lang.Object, java.lang.Object, java.lang.Object, java.lang.Object, java.lang.Object, java.lang.Object, java.lang.Object)'> (0x00000000855cc9d0) thrown at [./src/hotspot/share/interpreter/linkResolver.cpp, line 773]
Event: 4.017 Thread 0x000001e458594000 Exception <a 'java/lang/NoSuchMethodError'{0x00000000855ddc58}: 'java.lang.Object java.lang.invoke.DirectMethodHandle$Holder.invokeSpecial(java.lang.Object, java.lang.Object, java.lang.Object, java.lang.Object, java.lang.Object, java.lang.Object, java.lang.Object, java.lang.Object, java.lang.Object, java.lang.Object, java.lang.Object, java.lang.Object)'> (0x00000000855ddc58) thrown at [./src/hotspot/share/interpreter/linkResolver.cpp, line 773]
Event: 4.018 Thread 0x000001e458594000 Exception <a 'java/lang/NoSuchMethodError'{0x00000000855e2d80}: 'java.lang.Object java.lang.invoke.Invokers$Holder.linkToTargetMethod(java.lang.Object, java.lang.Object, java.lang.Object, java.lang.Object, java.lang.Object, java.lang.Object, java.lang.Object, java.lang.Object, java.lang.Object, java.lang.Object, java.lang.Object)'> (0x00000000855e2d80) thrown at [./src/hotspot/share/interpreter/linkResolver.cpp, line 773]
Event: 4.032 Thread 0x000001e458594000 Exception <a 'java/lang/NoSuchMethodError'{0x00000000854db028}: 'java.lang.Object java.lang.invoke.DirectMethodHandle$Holder.invokeSpecial(java.lang.Object, java.lang.Object, java.lang.Object, java.lang.Object, java.lang.Object, java.lang.Object, java.lang.Object, java.lang.Object, java.lang.Object, java.lang.Object, java.lang.Object, java.lang.Object, java.lang.Object, java.lang.Object)'> (0x00000000854db028) thrown at [./src/hotspot/share/interpreter/linkResolver.cpp, line 773]
Event: 4.033 Thread 0x000001e458594000 Exception <a 'java/lang/NoSuchMethodError'{0x00000000854ec620}: 'java.lang.Object java.lang.invoke.Invokers$Holder.linkToTargetMethod(java.lang.Object, java.lang.Object, java.lang.Object, java.lang.Object, java.lang.Object, java.lang.Object, java.lang.Object, java.lang.Object, java.lang.Object, java.lang.Object, java.lang.Object, java.lang.Object)'> (0x00000000854ec620) thrown at [./src/hotspot/share/interpreter/linkResolver.cpp, line 773]
Event: 4.040 Thread 0x000001e458594000 Exception <a 'java/lang/NoSuchMethodError'{0x00000000853657f0}: 'java.lang.Object java.lang.invoke.DirectMethodHandle$Holder.invokeStaticInit(java.lang.Object, java.lang.Object, java.lang.Object, java.lang.Object)'> (0x00000000853657f0) thrown at [./src/hotspot/share/interpreter/linkResolver.cpp, line 773]
Event: 4.611 Thread 0x000001e458594000 Exception <a 'java/lang/NoSuchMethodError'{0x0000000083fc7500}: 'void java.lang.invoke.DirectMethodHandle$Holder.invokeStaticInit(java.lang.Object, java.lang.Object)'> (0x0000000083fc7500) thrown at [./src/hotspot/share/interpreter/linkResolver.cpp, line 773]
Event: 5.320 Thread 0x000001e458594000 Exception <a 'java/lang/NoSuchMethodError'{0x0000000085d54d20}: 'java.lang.Object java.lang.invoke.DirectMethodHandle$Holder.invokeStatic(java.lang.Object, java.lang.Object, java.lang.Object, java.lang.Object, java.lang.Object, java.lang.Object, java.lang.Object, java.lang.Object, java.lang.Object, java.lang.Object, java.lang.Object, int)'> (0x0000000085d54d20) thrown at [./src/hotspot/share/interpreter/linkResolver.cpp, line 773]
Event: 5.322 Thread 0x000001e458594000 Exception <a 'java/lang/NoSuchMethodError'{0x0000000085d736c0}: 'java.lang.Object java.lang.invoke.DirectMethodHandle$Holder.invokeStatic(java.lang.Object, java.lang.Object, java.lang.Object, java.lang.Object, java.lang.Object, java.lang.Object, java.lang.Object, java.lang.Object, java.lang.Object, java.lang.Object, java.lang.Object, int, int)'> (0x0000000085d736c0) thrown at [./src/hotspot/share/interpreter/linkResolver.cpp, line 773]
Event: 5.324 Thread 0x000001e458594000 Exception <a 'java/lang/NoSuchMethodError'{0x0000000085d93140}: 'java.lang.Object java.lang.invoke.DirectMethodHandle$Holder.invokeStatic(java.lang.Object, java.lang.Object, java.lang.Object, java.lang.Object, java.lang.Object, java.lang.Object, java.lang.Object, java.lang.Object, java.lang.Object, java.lang.Object, java.lang.Object, int, int, java.lang.Object)'> (0x0000000085d93140) thrown at [./src/hotspot/share/interpreter/linkResolver.cpp, line 773]
Event: 5.326 Thread 0x000001e458594000 Exception <a 'java/lang/NoSuchMethodError'{0x0000000085db4098}: 'java.lang.Object java.lang.invoke.DirectMethodHandle$Holder.invokeStatic(java.lang.Object, java.lang.Object, java.lang.Object, java.lang.Object, java.lang.Object, java.lang.Object, java.lang.Object, java.lang.Object, java.lang.Object, java.lang.Object, java.lang.Object, int, int, java.lang.Object, java.lang.Object)'> (0x0000000085db4098) thrown at [./src/hotspot/share/interpreter/linkResolver.cpp, line 773]
Event: 5.328 Thread 0x000001e458594000 Exception <a 'java/lang/ClassNotFoundException'{0x0000000085dcd430}: groovy/lang/ExpandoMetaClassBeanInfo> (0x0000000085dcd430) thrown at [./src/hotspot/share/classfile/systemDictionary.cpp, line 231]
Event: 5.328 Thread 0x000001e458594000 Exception <a 'java/lang/ClassNotFoundException'{0x0000000085dda3b0}: groovy/lang/MetaClassImplBeanInfo> (0x0000000085dda3b0) thrown at [./src/hotspot/share/classfile/systemDictionary.cpp, line 231]
Event: 5.328 Thread 0x000001e458594000 Exception <a 'java/lang/ClassNotFoundException'{0x0000000085de0c00}: java/lang/ObjectBeanInfo> (0x0000000085de0c00) thrown at [./src/hotspot/share/classfile/systemDictionary.cpp, line 231]
Event: 5.329 Thread 0x000001e458594000 Exception <a 'java/lang/ClassNotFoundException'{0x0000000085de97b8}: java/lang/ObjectCustomizer> (0x0000000085de97b8) thrown at [./src/hotspot/share/classfile/systemDictionary.cpp, line 231]

Events (20 events):
Event: 5.330 loading class com/sun/beans/util/Cache$Kind$1 done
Event: 5.330 loading class com/sun/beans/util/Cache$Kind$2
Event: 5.330 loading class com/sun/beans/util/Cache$Kind$2 done
Event: 5.330 loading class com/sun/beans/util/Cache$Kind$3
Event: 5.330 loading class com/sun/beans/util/Cache$Kind$3 done
Event: 5.330 loading class com/sun/beans/util/Cache$CacheEntry
Event: 5.330 loading class com/sun/beans/util/Cache$CacheEntry done
Event: 5.331 loading class com/sun/beans/util/Cache$Kind$Soft
Event: 5.331 loading class com/sun/beans/util/Cache$Ref
Event: 5.331 loading class com/sun/beans/util/Cache$Ref done
Event: 5.331 loading class com/sun/beans/util/Cache$Kind$Soft done
Event: 5.331 loading class com/sun/beans/introspect/MethodInfo
Event: 5.331 loading class com/sun/beans/introspect/MethodInfo done
Event: 5.331 loading class com/sun/beans/introspect/MethodInfo$MethodOrder
Event: 5.331 loading class com/sun/beans/introspect/MethodInfo$MethodOrder done
Event: 5.331 loading class java/beans/MethodDescriptor
Event: 5.331 loading class java/beans/MethodDescriptor done
Event: 5.332 loading class java/beans/MethodRef
Event: 5.332 loading class java/beans/MethodRef done
Event: 5.332 loading class com/sun/beans/TypeResolver


Dynamic libraries:
0x00007ff767050000 - 0x00007ff76705a000 	C:\Program Files\Android\Android Studio\jre\bin\java.exe
0x00007ffda65e0000 - 0x00007ffda67e7000 	C:\WINDOWS\SYSTEM32\ntdll.dll
0x00007ffda4e10000 - 0x00007ffda4ecd000 	C:\WINDOWS\System32\KERNEL32.DLL
0x00007ffda3f50000 - 0x00007ffda42c4000 	C:\WINDOWS\System32\KERNELBASE.dll
0x00007ffda3cc0000 - 0x00007ffda3dd1000 	C:\WINDOWS\System32\ucrtbase.dll
0x00007ffd77d30000 - 0x00007ffd77d47000 	C:\Program Files\Android\Android Studio\jre\bin\VCRUNTIME140.dll
0x00007ffd76c30000 - 0x00007ffd76c49000 	C:\Program Files\Android\Android Studio\jre\bin\jli.dll
0x00007ffda5d00000 - 0x00007ffda5eac000 	C:\WINDOWS\System32\USER32.dll
0x00007ffd8f2a0000 - 0x00007ffd8f545000 	C:\WINDOWS\WinSxS\amd64_microsoft.windows.common-controls_6595b64144ccf1df_6.0.22000.120_none_9d947278b86cc467\COMCTL32.dll
0x00007ffda3bd0000 - 0x00007ffda3bf6000 	C:\WINDOWS\System32\win32u.dll
0x00007ffda5240000 - 0x00007ffda52e3000 	C:\WINDOWS\System32\msvcrt.dll
0x00007ffda5300000 - 0x00007ffda5329000 	C:\WINDOWS\System32\GDI32.dll
0x00007ffda42d0000 - 0x00007ffda43e2000 	C:\WINDOWS\System32\gdi32full.dll
0x00007ffda3b30000 - 0x00007ffda3bcd000 	C:\WINDOWS\System32\msvcp_win.dll
0x00007ffda5eb0000 - 0x00007ffda5ee1000 	C:\WINDOWS\System32\IMM32.DLL
0x00007ffd5fc80000 - 0x00007ffd5fd1d000 	C:\Program Files\Android\Android Studio\jre\bin\msvcp140.dll
0x00007ffd50150000 - 0x00007ffd50c1f000 	C:\Program Files\Android\Android Studio\jre\bin\server\jvm.dll
0x00007ffda5190000 - 0x00007ffda523c000 	C:\WINDOWS\System32\ADVAPI32.dll
0x00007ffda6360000 - 0x00007ffda63fd000 	C:\WINDOWS\System32\sechost.dll
0x00007ffda4470000 - 0x00007ffda4591000 	C:\WINDOWS\System32\RPCRT4.dll
0x00007ffda52f0000 - 0x00007ffda52f8000 	C:\WINDOWS\System32\PSAPI.DLL
0x00007ffd9e9b0000 - 0x00007ffd9e9e3000 	C:\WINDOWS\SYSTEM32\WINMM.dll
0x00007ffda0500000 - 0x00007ffda0509000 	C:\WINDOWS\SYSTEM32\WSOCK32.dll
0x00007ffd9cd40000 - 0x00007ffd9cd4a000 	C:\WINDOWS\SYSTEM32\VERSION.dll
0x00007ffda6400000 - 0x00007ffda646f000 	C:\WINDOWS\System32\ws2_32.DLL
0x00007ffda2be0000 - 0x00007ffda2bf8000 	C:\WINDOWS\SYSTEM32\kernel.appcore.dll
0x00007ffd9ee00000 - 0x00007ffd9ee11000 	C:\Program Files\Android\Android Studio\jre\bin\verify.dll
0x00007ffd9d380000 - 0x00007ffd9d5a1000 	C:\WINDOWS\SYSTEM32\DBGHELP.DLL
0x00007ffd93b80000 - 0x00007ffd93bb1000 	C:\WINDOWS\SYSTEM32\dbgcore.DLL
0x00007ffda43f0000 - 0x00007ffda4470000 	C:\WINDOWS\System32\bcryptPrimitives.dll
0x00007ffd9ec10000 - 0x00007ffd9ec39000 	C:\Program Files\Android\Android Studio\jre\bin\java.dll
0x00007ffda00e0000 - 0x00007ffda00eb000 	C:\Program Files\Android\Android Studio\jre\bin\jimage.dll
0x00007ffd9eae0000 - 0x00007ffd9eaf8000 	C:\Program Files\Android\Android Studio\jre\bin\zip.dll
0x00007ffda54b0000 - 0x00007ffda5c5a000 	C:\WINDOWS\System32\SHELL32.dll
0x00007ffda1c60000 - 0x00007ffda24c2000 	C:\WINDOWS\SYSTEM32\windows.storage.dll
0x00007ffda4a30000 - 0x00007ffda4da8000 	C:\WINDOWS\System32\combase.dll
0x00007ffda1af0000 - 0x00007ffda1c56000 	C:\WINDOWS\SYSTEM32\wintypes.dll
0x00007ffda47b0000 - 0x00007ffda489a000 	C:\WINDOWS\System32\SHCORE.dll
0x00007ffda4ed0000 - 0x00007ffda4f2d000 	C:\WINDOWS\System32\shlwapi.dll
0x00007ffda39f0000 - 0x00007ffda3a11000 	C:\WINDOWS\SYSTEM32\profapi.dll
0x00007ffd9ea30000 - 0x00007ffd9ea4a000 	C:\Program Files\Android\Android Studio\jre\bin\net.dll
0x00007ffd9de90000 - 0x00007ffd9df9c000 	C:\WINDOWS\SYSTEM32\WINHTTP.dll
0x00007ffda2ff0000 - 0x00007ffda3057000 	C:\WINDOWS\system32\mswsock.dll
0x00007ffd96910000 - 0x00007ffd96924000 	C:\Program Files\Android\Android Studio\jre\bin\nio.dll
0x00007ffd72410000 - 0x00007ffd72437000 	C:\Users\acer\.gradle\native\fdc75f09e3144964f2cf3f50f0aa648679c211496f362492102eb8c894070792\windows-amd64\native-platform.dll
0x00007ffd46070000 - 0x00007ffd46206000 	C:\Users\acer\.gradle\native\12488b8bf47d2d4c9fbf2f6322a914ad602e24e48041cd04a747c6da556b65c4\windows-amd64\native-platform-file-events.dll
0x00007ffd9f3e0000 - 0x00007ffd9f3ea000 	C:\Program Files\Android\Android Studio\jre\bin\management.dll
0x00007ffd9ebc0000 - 0x00007ffd9ebcc000 	C:\Program Files\Android\Android Studio\jre\bin\management_ext.dll
0x00007ffda3230000 - 0x00007ffda3248000 	C:\WINDOWS\SYSTEM32\CRYPTSP.dll
0x00007ffda2b40000 - 0x00007ffda2b75000 	C:\WINDOWS\system32\rsaenh.dll
0x00007ffda30e0000 - 0x00007ffda3109000 	C:\WINDOWS\SYSTEM32\USERENV.dll
0x00007ffda33b0000 - 0x00007ffda33d7000 	C:\WINDOWS\SYSTEM32\bcrypt.dll
0x00007ffda3250000 - 0x00007ffda325c000 	C:\WINDOWS\SYSTEM32\CRYPTBASE.dll
0x00007ffda2710000 - 0x00007ffda273d000 	C:\WINDOWS\SYSTEM32\IPHLPAPI.DLL
0x00007ffda50f0000 - 0x00007ffda50f9000 	C:\WINDOWS\System32\NSI.dll
0x00007ffd9d690000 - 0x00007ffd9d6a9000 	C:\WINDOWS\SYSTEM32\dhcpcsvc6.DLL
0x00007ffd9e290000 - 0x00007ffd9e2ae000 	C:\WINDOWS\SYSTEM32\dhcpcsvc.DLL
0x00007ffda2740000 - 0x00007ffda2827000 	C:\WINDOWS\SYSTEM32\DNSAPI.dll
0x00007ffd9d160000 - 0x00007ffd9d16c000 	C:\WINDOWS\SYSTEM32\WINNSI.DLL

dbghelp: loaded successfully - version: 4.0.5 - missing functions: none
symbol engine: initialized successfully - sym options: 0x614 - pdb path: .;C:\Program Files\Android\Android Studio\jre\bin;C:\WINDOWS\SYSTEM32;C:\WINDOWS\WinSxS\amd64_microsoft.windows.common-controls_6595b64144ccf1df_6.0.22000.120_none_9d947278b86cc467;C:\Program Files\Android\Android Studio\jre\bin\server;C:\Users\acer\.gradle\native\fdc75f09e3144964f2cf3f50f0aa648679c211496f362492102eb8c894070792\windows-amd64;C:\Users\acer\.gradle\native\12488b8bf47d2d4c9fbf2f6322a914ad602e24e48041cd04a747c6da556b65c4\windows-amd64

VM Arguments:
jvm_args: --add-opens=java.base/java.util=ALL-UNNAMED --add-opens=java.base/java.lang=ALL-UNNAMED --add-opens=java.base/java.lang.invoke=ALL-UNNAMED --add-opens=java.prefs/java.util.prefs=ALL-UNNAMED -Xmx2048m -Dfile.encoding=UTF-8 -Duser.country=US -Duser.language=en -Duser.variant 
java_command: org.gradle.launcher.daemon.bootstrap.GradleDaemon 6.7.1
java_class_path (initial): C:\Users\acer\.gradle\wrapper\dists\gradle-6.7.1-bin\bwlcbys1h7rz3272sye1xwiv6\gradle-6.7.1\lib\gradle-launcher-6.7.1.jar
Launcher Type: SUN_STANDARD

[Global flags]
     intx CICompilerCount                          = 4                                         {product} {ergonomic}
     uint ConcGCThreads                            = 2                                         {product} {ergonomic}
     uint G1ConcRefinementThreads                  = 8                                         {product} {ergonomic}
   size_t G1HeapRegionSize                         = 1048576                                   {product} {ergonomic}
    uintx GCDrainStackTargetSize                   = 64                                        {product} {ergonomic}
   size_t InitialHeapSize                          = 100663296                                 {product} {ergonomic}
   size_t MarkStackSize                            = 4194304                                   {product} {ergonomic}
   size_t MaxHeapSize                              = 2147483648                                {product} {command line}
   size_t MaxNewSize                               = 1287651328                                {product} {ergonomic}
   size_t MinHeapDeltaBytes                        = 1048576                                   {product} {ergonomic}
    uintx NonNMethodCodeHeapSize                   = 5836300                                {pd product} {ergonomic}
    uintx NonProfiledCodeHeapSize                  = 122910970                              {pd product} {ergonomic}
    uintx ProfiledCodeHeapSize                     = 122910970                              {pd product} {ergonomic}
    uintx ReservedCodeCacheSize                    = 251658240                              {pd product} {ergonomic}
     bool SegmentedCodeCache                       = true                                      {product} {ergonomic}
     bool UseCompressedClassPointers               = true                                 {lp64_product} {ergonomic}
     bool UseCompressedOops                        = true                                 {lp64_product} {ergonomic}
     bool UseG1GC                                  = true                                      {product} {ergonomic}
     bool UseLargePagesIndividualAllocation        = false                                  {pd product} {ergonomic}

Logging:
Log output configuration:
 #0: stdout all=warning uptime,level,tags
 #1: stderr all=off uptime,level,tags

Environment Variables:
PATH=C:\Program Files (x86)\Common Files\Oracle\Java\javapath;C:\WINDOWS\system32;C:\WINDOWS;C:\WINDOWS\System32\Wbem;C:\WINDOWS\System32\WindowsPowerShell\v1.0\;C:\WINDOWS\System32\OpenSSH\;D:\Nodejs\;C:\Program Files\Git\cmd;D:\Xampp\php;C:\ProgramData\ComposerSetup\bin;C:\Users\acer\AppData\Local\Microsoft\WindowsApps;C:\Users\acer\AppData\Local\Programs\Microsoft VS Code\bin;C:\Users\acer\AppData\Roaming\npm;C:\Users\acer\AppData\Roaming\Composer\vendor\bin;C:\Users\acer\AppData\Local\GitHubDesktop\bin;C:\Users\acer\AppData\Local\gitkraken\bin;C:\Users\acer\AppData\Local\Microsoft\WindowsApps;C:\ProgramData\acer\gitkraken\bin
USERNAME=acer
OS=Windows_NT
PROCESSOR_IDENTIFIER=AMD64 Family 23 Model 24 Stepping 1, AuthenticAMD



---------------  S Y S T E M  ---------------

OS: Windows 10 , 64 bit Build 22000 (10.0.22000.318)
OS uptime: 0 days 23:41 hours

CPU:total 8 (initial active 8) (8 cores per cpu, 2 threads per core) family 23 model 24 stepping 1 microcode 0x0, cmov, cx8, fxsr, mmx, sse, sse2, sse3, ssse3, sse4.1, sse4.2, popcnt, avx, avx2, aes, clmul, mmxext, 3dnowpref, lzcnt, sse4a, ht, tsc, tscinvbit, tscinv, bmi1, bmi2, adx, s

Memory: 4k page, system-wide physical 6082M (123M free)
TotalPageFile size 14082M (AvailPageFile size 3M)
current process WorkingSet (physical memory assigned to process): 206M, peak: 213M
current process commit charge ("private bytes"): 263M, peak: 268M

vm_info: OpenJDK 64-Bit Server VM (11.0.10+0-b96-7249189) for windows-amd64 JRE (11.0.10+0-b96-7249189), built on Mar 31 2021 21:44:00 by "builder" with MS VC++ 14.0 (VS2015)

END.
