#
# There is insufficient memory for the Java Runtime Environment to continue.
# Native memory allocation (malloc) failed to allocate 2185936 bytes for Chunk::new
# Possible reasons:
#   The system is out of physical RAM or swap space
#   The process is running with CompressedOops enabled, and the Java Heap may be blocking the growth of the native heap
# Possible solutions:
#   Reduce memory load on the system
#   Increase physical memory or swap space
#   Check if swap backing store is full
#   Decrease Java heap size (-Xmx/-Xms)
#   Decrease number of Java threads
#   Decrease Java thread stack sizes (-Xss)
#   Set larger code cache with -XX:ReservedCodeCacheSize=
#   JVM is running with Unscaled Compressed Oops mode in which the Java heap is
#     placed in the first 4GB address space. The Java Heap base address is the
#     maximum limit for the native heap growth. Please use -XX:HeapBaseMinAddress
#     to set the Java Heap base and to place the Java Heap above 4GB virtual address.
# This output file may be truncated or incomplete.
#
#  Out of Memory Error (./src/hotspot/share/memory/arena.cpp:197), pid=7472, tid=10300
#
# JRE version: OpenJDK Runtime Environment (11.0.10) (build 11.0.10+0-b96-7249189)
# Java VM: OpenJDK 64-Bit Server VM (11.0.10+0-b96-7249189, mixed mode, tiered, compressed oops, g1 gc, windows-amd64)
# No core dump will be written. Minidumps are not enabled by default on client versions of Windows
#

---------------  S U M M A R Y ------------

Command Line: --add-opens=java.base/java.util=ALL-UNNAMED --add-opens=java.base/java.lang=ALL-UNNAMED --add-opens=java.base/java.lang.invoke=ALL-UNNAMED --add-opens=java.prefs/java.util.prefs=ALL-UNNAMED -Xmx2048m -Dfile.encoding=UTF-8 -Duser.country=US -Duser.language=en -Duser.variant org.gradle.launcher.daemon.bootstrap.GradleDaemon 6.7.1

Host: AMD Ryzen 5 3550H with Radeon Vega Mobile Gfx  , 8 cores, 5G,  Windows 10 , 64 bit Build 22000 (10.0.22000.318)
Time: Fri Nov 19 16:07:20 2021 SE Asia Standard Time elapsed time: 8141.662268 seconds (0d 2h 15m 41s)

---------------  T H R E A D  ---------------

Current thread (0x0000021b66d23000):  JavaThread "C2 CompilerThread0" daemon [_thread_in_native, id=10300, stack(0x000000acc6f00000,0x000000acc7000000)]


Current CompileTask:
C2:8141662 25902       4       groovy.lang.MetaClassImpl::filterPropertyMethod (305 bytes)

Stack: [0x000000acc6f00000,0x000000acc7000000]
Native frames: (J=compiled Java code, j=interpreted, Vv=VM code, C=native code)
V  [jvm.dll+0x5ecfaa]
V  [jvm.dll+0x722bd5]
V  [jvm.dll+0x72412d]
V  [jvm.dll+0x7247e3]
V  [jvm.dll+0x242928]
V  [jvm.dll+0xbc4fc]
V  [jvm.dll+0xbca0c]
V  [jvm.dll+0x352d3b]
V  [jvm.dll+0x320ad3]
V  [jvm.dll+0x31ffca]
V  [jvm.dll+0x1fb602]
V  [jvm.dll+0x1fa7f4]
V  [jvm.dll+0x18354c]
V  [jvm.dll+0x208ee7]
V  [jvm.dll+0x207731]
V  [jvm.dll+0x6eb1cf]
V  [jvm.dll+0x6e3d45]
V  [jvm.dll+0x5ebe96]
C  [ucrtbase.dll+0x26c0c]
C  [KERNEL32.DLL+0x154e0]
C  [ntdll.dll+0x485b]


---------------  P R O C E S S  ---------------

Threads class SMR info:
_java_thread_list=0x0000021b6f2b9640, length=146, elements={
0x0000021b4c89e000, 0x0000021b66cf9000, 0x0000021b66d05800, 0x0000021b676c2800,
0x0000021b66d17800, 0x0000021b66d18000, 0x0000021b66d23000, 0x0000021b676e4800,
0x0000021b66d32000, 0x0000021b67825800, 0x0000021b68d74800, 0x0000021b68d3a800,
0x0000021b69249800, 0x0000021b69e2a800, 0x0000021b69e28800, 0x0000021b69e2b000,
0x0000021b69c73000, 0x0000021b69c74000, 0x0000021b69ea5000, 0x0000021b69ead800,
0x0000021b71bb0000, 0x0000021b71162000, 0x0000021b71165000, 0x0000021b71174000,
0x0000021b71176800, 0x0000021b71171800, 0x0000021b71178000, 0x0000021b71175800,
0x0000021b71177000, 0x0000021b71172800, 0x0000021b7117d800, 0x0000021b71179000,
0x0000021b7117f800, 0x0000021b7117b000, 0x0000021b7117d000, 0x0000021b7117e800,
0x0000021b71179800, 0x0000021b7117a800, 0x0000021b7117c000, 0x0000021b71bac800,
0x0000021b71bab000, 0x0000021b71bad800, 0x0000021b71bac000, 0x0000021b71bae800,
0x0000021b71baa800, 0x0000021b71bb4000, 0x0000021b71bb5000, 0x0000021b71bb3800,
0x0000021b71baf000, 0x0000021b71bb2800, 0x0000021b71bb6800, 0x0000021b71bb5800,
0x0000021b71bb1000, 0x0000021b71bb7800, 0x0000021b71bb1800, 0x0000021b71bbc000,
0x0000021b71bbe000, 0x0000021b71bb8000, 0x0000021b71bba800, 0x0000021b71bbb800,
0x0000021b71bbd000, 0x0000021b71bb9000, 0x0000021b71bbe800, 0x0000021b71bbf800,
0x0000021b71bba000, 0x0000021b71bc6000, 0x0000021b71bc0800, 0x0000021b71bc3000,
0x0000021b71bc1000, 0x0000021b71bc3800, 0x0000021b71bc7800, 0x0000021b71bc7000,
0x0000021b71bc2000, 0x0000021b71bc8800, 0x0000021b71bc4800, 0x0000021b71bc5000,
0x0000021b71bc9800, 0x0000021b6f041000, 0x0000021b6f042000, 0x0000021b6f045000,
0x0000021b6f046000, 0x0000021b6f042800, 0x0000021b6f043800, 0x0000021b6f044800,
0x0000021b6f040800, 0x0000021b6f04b800, 0x0000021b6f04b000, 0x0000021b6f04c800,
0x0000021b6f047000, 0x0000021b6f04a000, 0x0000021b6f048800, 0x0000021b6f04d800,
0x0000021b6f049000, 0x0000021b6f047800, 0x0000021b6f04e000, 0x0000021b69206000,
0x0000021b69208800, 0x0000021b69204800, 0x0000021b6920b000, 0x0000021b69207000,
0x0000021b69207800, 0x0000021b6920a000, 0x0000021b69209800, 0x0000021b69205000,
0x0000021b6920b800, 0x0000021b6920e000, 0x0000021b69210000, 0x0000021b6920c800,
0x0000021b6920f000, 0x0000021b69210800, 0x0000021b69211800, 0x0000021b69212800,
0x0000021b69213000, 0x0000021b7141a000, 0x0000021b71414000, 0x0000021b71419000,
0x0000021b71417800, 0x0000021b7141a800, 0x0000021b71415000, 0x0000021b71415800,
0x0000021b7141e000, 0x0000021b7141d000, 0x0000021b69ea9800, 0x0000021b69eaa800,
0x0000021b69eab800, 0x0000021b69c70000, 0x0000021b69c77800, 0x0000021b69c75800,
0x0000021b69c76800, 0x0000021b69c71800, 0x0000021b69c7d000, 0x0000021b69c78000,
0x0000021b69c7c000, 0x0000021b69c79000, 0x0000021b69c7a000, 0x0000021b69c7a800,
0x0000021b69c7b800, 0x0000021b71166000, 0x0000021b71160800, 0x0000021b71167000,
0x0000021b71161000, 0x0000021b71162800, 0x0000021b71167800, 0x0000021b71168800,
0x0000021b71169800, 0x0000021b71163800
}

Java Threads: ( => current thread )
  0x0000021b4c89e000 JavaThread "main" [_thread_blocked, id=8232, stack(0x000000acc6300000,0x000000acc6400000)]
  0x0000021b66cf9000 JavaThread "Reference Handler" daemon [_thread_blocked, id=10548, stack(0x000000acc6a00000,0x000000acc6b00000)]
  0x0000021b66d05800 JavaThread "Finalizer" daemon [_thread_blocked, id=3320, stack(0x000000acc6b00000,0x000000acc6c00000)]
  0x0000021b676c2800 JavaThread "Signal Dispatcher" daemon [_thread_blocked, id=10724, stack(0x000000acc6c00000,0x000000acc6d00000)]
  0x0000021b66d17800 JavaThread "Attach Listener" daemon [_thread_blocked, id=10848, stack(0x000000acc6d00000,0x000000acc6e00000)]
  0x0000021b66d18000 JavaThread "Service Thread" daemon [_thread_blocked, id=8680, stack(0x000000acc6e00000,0x000000acc6f00000)]
=>0x0000021b66d23000 JavaThread "C2 CompilerThread0" daemon [_thread_in_native, id=10300, stack(0x000000acc6f00000,0x000000acc7000000)]
  0x0000021b676e4800 JavaThread "C1 CompilerThread0" daemon [_thread_blocked, id=10956, stack(0x000000acc7000000,0x000000acc7100000)]
  0x0000021b66d32000 JavaThread "Sweeper thread" daemon [_thread_blocked, id=10964, stack(0x000000acc7100000,0x000000acc7200000)]
  0x0000021b67825800 JavaThread "Common-Cleaner" daemon [_thread_blocked, id=4432, stack(0x000000acc7200000,0x000000acc7300000)]
  0x0000021b68d74800 JavaThread "Daemon health stats" [_thread_blocked, id=1080, stack(0x000000acc7700000,0x000000acc7800000)]
  0x0000021b68d3a800 JavaThread "Incoming local TCP Connector on port 49777" [_thread_in_native, id=3120, stack(0x000000acc7800000,0x000000acc7900000)]
  0x0000021b69249800 JavaThread "Daemon periodic checks" [_thread_blocked, id=7552, stack(0x000000acc7900000,0x000000acc7a00000)]
  0x0000021b69e2a800 JavaThread "Cache worker for file hash cache (C:\Users\acer\.gradle\caches\6.7.1\fileHashes)" [_thread_blocked, id=1432, stack(0x000000acc8a00000,0x000000acc8b00000)]
  0x0000021b69e28800 JavaThread "File lock request listener" [_thread_in_native, id=4448, stack(0x000000acc8b00000,0x000000acc8c00000)]
  0x0000021b69e2b000 JavaThread "Cache worker for journal cache (C:\Users\acer\.gradle\caches\journal-1)" [_thread_blocked, id=5320, stack(0x000000acc8c00000,0x000000acc8d00000)]
  0x0000021b69c73000 JavaThread "Cache worker for execution history cache (C:\Users\acer\.gradle\caches\6.7.1\executionHistory)" [_thread_blocked, id=8820, stack(0x000000acc9200000,0x000000acc9300000)]
  0x0000021b69c74000 JavaThread "Cache worker for file content cache (C:\Users\acer\.gradle\caches\6.7.1\fileContent)" [_thread_blocked, id=11052, stack(0x000000acc9400000,0x000000acc9500000)]
  0x0000021b69ea5000 JavaThread "Memory manager" [_thread_blocked, id=7276, stack(0x000000acc9500000,0x000000acc9600000)]
  0x0000021b69ead800 JavaThread "Cache worker for Java compile cache (C:\Users\acer\.gradle\caches\6.7.1\javaCompile)" [_thread_blocked, id=7964, stack(0x000000acd0b00000,0x000000acd0c00000)]
  0x0000021b71bb0000 JavaThread "ForkJoinPool.commonPool-worker-11" daemon [_thread_blocked, id=10468, stack(0x000000acd1600000,0x000000acd1700000)]
  0x0000021b71162000 JavaThread "Daemon Thread 11" [_thread_blocked, id=9500, stack(0x000000acc6000000,0x000000acc6100000)]
  0x0000021b71165000 JavaThread "Daemon worker Thread 11" [_thread_in_Java, id=12428, stack(0x000000acc7400000,0x000000acc7500000)]
  0x0000021b71174000 JavaThread "jar transforms Thread 991" [_thread_blocked, id=13836, stack(0x000000acc9a00000,0x000000acc9b00000)]
  0x0000021b71176800 JavaThread "jar transforms Thread 992" [_thread_blocked, id=14084, stack(0x000000acc9b00000,0x000000acc9c00000)]
  0x0000021b71171800 JavaThread "jar transforms Thread 993" [_thread_blocked, id=13092, stack(0x000000acc9c00000,0x000000acc9d00000)]
  0x0000021b71178000 JavaThread "jar transforms Thread 994" [_thread_blocked, id=13144, stack(0x000000acc9d00000,0x000000acc9e00000)]
  0x0000021b71175800 JavaThread "jar transforms Thread 995" [_thread_blocked, id=2164, stack(0x000000acc9e00000,0x000000acc9f00000)]
  0x0000021b71177000 JavaThread "jar transforms Thread 996" [_thread_blocked, id=13160, stack(0x000000acc9f00000,0x000000acca000000)]
  0x0000021b71172800 JavaThread "jar transforms Thread 997" [_thread_blocked, id=10692, stack(0x000000acca000000,0x000000acca100000)]
  0x0000021b7117d800 JavaThread "jar transforms Thread 998" [_thread_blocked, id=9740, stack(0x000000acca100000,0x000000acca200000)]
  0x0000021b71179000 JavaThread "jar transforms Thread 999" [_thread_blocked, id=13216, stack(0x000000acca200000,0x000000acca300000)]
  0x0000021b7117f800 JavaThread "jar transforms Thread 1000" [_thread_blocked, id=7116, stack(0x000000acca300000,0x000000acca400000)]
  0x0000021b7117b000 JavaThread "jar transforms Thread 1001" [_thread_blocked, id=2132, stack(0x000000acca400000,0x000000acca500000)]
  0x0000021b7117d000 JavaThread "jar transforms Thread 1002" [_thread_blocked, id=11652, stack(0x000000acca500000,0x000000acca600000)]
  0x0000021b7117e800 JavaThread "jar transforms Thread 1003" [_thread_blocked, id=7288, stack(0x000000acca600000,0x000000acca700000)]
  0x0000021b71179800 JavaThread "jar transforms Thread 1004" [_thread_blocked, id=12308, stack(0x000000acca700000,0x000000acca800000)]
  0x0000021b7117a800 JavaThread "jar transforms Thread 1005" [_thread_blocked, id=5692, stack(0x000000acca800000,0x000000acca900000)]
  0x0000021b7117c000 JavaThread "jar transforms Thread 1006" [_thread_blocked, id=3396, stack(0x000000acca900000,0x000000accaa00000)]
  0x0000021b71bac800 JavaThread "jar transforms Thread 1007" [_thread_blocked, id=14004, stack(0x000000accaa00000,0x000000accab00000)]
  0x0000021b71bab000 JavaThread "jar transforms Thread 1008" [_thread_blocked, id=1684, stack(0x000000accab00000,0x000000accac00000)]
  0x0000021b71bad800 JavaThread "jar transforms Thread 1009" [_thread_blocked, id=9896, stack(0x000000accac00000,0x000000accad00000)]
  0x0000021b71bac000 JavaThread "jar transforms Thread 1010" [_thread_blocked, id=9112, stack(0x000000accad00000,0x000000accae00000)]
  0x0000021b71bae800 JavaThread "jar transforms Thread 1011" [_thread_blocked, id=5980, stack(0x000000accae00000,0x000000accaf00000)]
  0x0000021b71baa800 JavaThread "jar transforms Thread 1012" [_thread_blocked, id=4344, stack(0x000000accaf00000,0x000000accb000000)]
  0x0000021b71bb4000 JavaThread "jar transforms Thread 1013" [_thread_blocked, id=12536, stack(0x000000accb000000,0x000000accb100000)]
  0x0000021b71bb5000 JavaThread "jar transforms Thread 1014" [_thread_blocked, id=11480, stack(0x000000accb100000,0x000000accb200000)]
  0x0000021b71bb3800 JavaThread "jar transforms Thread 1015" [_thread_blocked, id=12404, stack(0x000000accb200000,0x000000accb300000)]
  0x0000021b71baf000 JavaThread "jar transforms Thread 1016" [_thread_blocked, id=12996, stack(0x000000accb300000,0x000000accb400000)]
  0x0000021b71bb2800 JavaThread "jar transforms Thread 1017" [_thread_blocked, id=5660, stack(0x000000accb400000,0x000000accb500000)]
  0x0000021b71bb6800 JavaThread "jar transforms Thread 1018" [_thread_blocked, id=9808, stack(0x000000accb500000,0x000000accb600000)]
  0x0000021b71bb5800 JavaThread "jar transforms Thread 1019" [_thread_blocked, id=8108, stack(0x000000accb600000,0x000000accb700000)]
  0x0000021b71bb1000 JavaThread "jar transforms Thread 1020" [_thread_blocked, id=6260, stack(0x000000accb700000,0x000000accb800000)]
  0x0000021b71bb7800 JavaThread "jar transforms Thread 1021" [_thread_blocked, id=6760, stack(0x000000accb800000,0x000000accb900000)]
  0x0000021b71bb1800 JavaThread "jar transforms Thread 1022" [_thread_blocked, id=8592, stack(0x000000accb900000,0x000000accba00000)]
  0x0000021b71bbc000 JavaThread "jar transforms Thread 1023" [_thread_blocked, id=13604, stack(0x000000accba00000,0x000000accbb00000)]
  0x0000021b71bbe000 JavaThread "jar transforms Thread 1024" [_thread_blocked, id=10196, stack(0x000000accbb00000,0x000000accbc00000)]
  0x0000021b71bb8000 JavaThread "jar transforms Thread 1025" [_thread_blocked, id=13248, stack(0x000000accbc00000,0x000000accbd00000)]
  0x0000021b71bba800 JavaThread "jar transforms Thread 1026" [_thread_blocked, id=6096, stack(0x000000accbd00000,0x000000accbe00000)]
  0x0000021b71bbb800 JavaThread "jar transforms Thread 1027" [_thread_blocked, id=488, stack(0x000000accbe00000,0x000000accbf00000)]
  0x0000021b71bbd000 JavaThread "jar transforms Thread 1028" [_thread_blocked, id=5592, stack(0x000000accbf00000,0x000000accc000000)]
  0x0000021b71bb9000 JavaThread "jar transforms Thread 1029" [_thread_blocked, id=13264, stack(0x000000accc000000,0x000000accc100000)]
  0x0000021b71bbe800 JavaThread "jar transforms Thread 1030" [_thread_blocked, id=6168, stack(0x000000accc100000,0x000000accc200000)]
  0x0000021b71bbf800 JavaThread "jar transforms Thread 1031" [_thread_blocked, id=12464, stack(0x000000accc200000,0x000000accc300000)]
  0x0000021b71bba000 JavaThread "jar transforms Thread 1032" [_thread_blocked, id=9060, stack(0x000000accc300000,0x000000accc400000)]
  0x0000021b71bc6000 JavaThread "jar transforms Thread 1033" [_thread_blocked, id=11044, stack(0x000000accc400000,0x000000accc500000)]
  0x0000021b71bc0800 JavaThread "jar transforms Thread 1034" [_thread_blocked, id=1416, stack(0x000000accc500000,0x000000accc600000)]
  0x0000021b71bc3000 JavaThread "jar transforms Thread 1035" [_thread_blocked, id=12736, stack(0x000000accc600000,0x000000accc700000)]
  0x0000021b71bc1000 JavaThread "jar transforms Thread 1036" [_thread_blocked, id=13336, stack(0x000000accc700000,0x000000accc800000)]
  0x0000021b71bc3800 JavaThread "jar transforms Thread 1037" [_thread_blocked, id=9440, stack(0x000000accc800000,0x000000accc900000)]
  0x0000021b71bc7800 JavaThread "jar transforms Thread 1038" [_thread_blocked, id=2832, stack(0x000000accc900000,0x000000accca00000)]
  0x0000021b71bc7000 JavaThread "jar transforms Thread 1039" [_thread_blocked, id=11860, stack(0x000000accca00000,0x000000acccb00000)]
  0x0000021b71bc2000 JavaThread "jar transforms Thread 1040" [_thread_blocked, id=4488, stack(0x000000acccb00000,0x000000acccc00000)]
  0x0000021b71bc8800 JavaThread "jar transforms Thread 1041" [_thread_blocked, id=13940, stack(0x000000acccc00000,0x000000acccd00000)]
  0x0000021b71bc4800 JavaThread "jar transforms Thread 1042" [_thread_blocked, id=1784, stack(0x000000acccd00000,0x000000accce00000)]
  0x0000021b71bc5000 JavaThread "jar transforms Thread 1043" [_thread_blocked, id=12532, stack(0x000000accce00000,0x000000acccf00000)]
  0x0000021b71bc9800 JavaThread "jar transforms Thread 1044" [_thread_blocked, id=9484, stack(0x000000acccf00000,0x000000accd000000)]
  0x0000021b6f041000 JavaThread "jar transforms Thread 1045" [_thread_blocked, id=2372, stack(0x000000accd000000,0x000000accd100000)]
  0x0000021b6f042000 JavaThread "jar transforms Thread 1046" [_thread_blocked, id=8248, stack(0x000000accd100000,0x000000accd200000)]
  0x0000021b6f045000 JavaThread "jar transforms Thread 1047" [_thread_blocked, id=3404, stack(0x000000accd200000,0x000000accd300000)]
  0x0000021b6f046000 JavaThread "jar transforms Thread 1048" [_thread_blocked, id=4308, stack(0x000000accd300000,0x000000accd400000)]
  0x0000021b6f042800 JavaThread "jar transforms Thread 1049" [_thread_blocked, id=14024, stack(0x000000accd400000,0x000000accd500000)]
  0x0000021b6f043800 JavaThread "jar transforms Thread 1050" [_thread_blocked, id=7736, stack(0x000000accd500000,0x000000accd600000)]
  0x0000021b6f044800 JavaThread "jar transforms Thread 1051" [_thread_blocked, id=8804, stack(0x000000accd600000,0x000000accd700000)]
  0x0000021b6f040800 JavaThread "jar transforms Thread 1052" [_thread_blocked, id=13436, stack(0x000000accd700000,0x000000accd800000)]
  0x0000021b6f04b800 JavaThread "jar transforms Thread 1053" [_thread_blocked, id=1348, stack(0x000000accd800000,0x000000accd900000)]
  0x0000021b6f04b000 JavaThread "jar transforms Thread 1054" [_thread_blocked, id=8864, stack(0x000000accd900000,0x000000accda00000)]
  0x0000021b6f04c800 JavaThread "jar transforms Thread 1055" [_thread_blocked, id=6632, stack(0x000000accda00000,0x000000accdb00000)]
  0x0000021b6f047000 JavaThread "jar transforms Thread 1056" [_thread_blocked, id=13428, stack(0x000000accdb00000,0x000000accdc00000)]
  0x0000021b6f04a000 JavaThread "jar transforms Thread 1057" [_thread_blocked, id=13648, stack(0x000000accdc00000,0x000000accdd00000)]
  0x0000021b6f048800 JavaThread "jar transforms Thread 1058" [_thread_blocked, id=12868, stack(0x000000accdd00000,0x000000accde00000)]
  0x0000021b6f04d800 JavaThread "jar transforms Thread 1059" [_thread_blocked, id=12088, stack(0x000000accde00000,0x000000accdf00000)]
  0x0000021b6f049000 JavaThread "jar transforms Thread 1060" [_thread_blocked, id=12872, stack(0x000000accdf00000,0x000000acce000000)]
  0x0000021b6f047800 JavaThread "jar transforms Thread 1061" [_thread_blocked, id=7256, stack(0x000000acce000000,0x000000acce100000)]
  0x0000021b6f04e000 JavaThread "jar transforms Thread 1062" [_thread_blocked, id=2244, stack(0x000000acce100000,0x000000acce200000)]
  0x0000021b69206000 JavaThread "jar transforms Thread 1063" [_thread_blocked, id=9592, stack(0x000000acce200000,0x000000acce300000)]
  0x0000021b69208800 JavaThread "jar transforms Thread 1064" [_thread_blocked, id=8464, stack(0x000000acce300000,0x000000acce400000)]
  0x0000021b69204800 JavaThread "jar transforms Thread 1065" [_thread_blocked, id=12124, stack(0x000000acce400000,0x000000acce500000)]
  0x0000021b6920b000 JavaThread "jar transforms Thread 1066" [_thread_blocked, id=5004, stack(0x000000acce500000,0x000000acce600000)]
  0x0000021b69207000 JavaThread "jar transforms Thread 1067" [_thread_blocked, id=4256, stack(0x000000acce600000,0x000000acce700000)]
  0x0000021b69207800 JavaThread "jar transforms Thread 1068" [_thread_blocked, id=9240, stack(0x000000acce700000,0x000000acce800000)]
  0x0000021b6920a000 JavaThread "jar transforms Thread 1069" [_thread_blocked, id=12976, stack(0x000000acce800000,0x000000acce900000)]
  0x0000021b69209800 JavaThread "jar transforms Thread 1070" [_thread_blocked, id=12252, stack(0x000000acce900000,0x000000accea00000)]
  0x0000021b69205000 JavaThread "jar transforms Thread 1071" [_thread_blocked, id=1764, stack(0x000000accea00000,0x000000acceb00000)]
  0x0000021b6920b800 JavaThread "jar transforms Thread 1072" [_thread_blocked, id=2588, stack(0x000000acceb00000,0x000000accec00000)]
  0x0000021b6920e000 JavaThread "jar transforms Thread 1073" [_thread_blocked, id=452, stack(0x000000accec00000,0x000000acced00000)]
  0x0000021b69210000 JavaThread "jar transforms Thread 1074" [_thread_blocked, id=2800, stack(0x000000acced00000,0x000000accee00000)]
  0x0000021b6920c800 JavaThread "jar transforms Thread 1075" [_thread_blocked, id=3480, stack(0x000000accee00000,0x000000accef00000)]
  0x0000021b6920f000 JavaThread "jar transforms Thread 1076" [_thread_blocked, id=12392, stack(0x000000accef00000,0x000000accf000000)]
  0x0000021b69210800 JavaThread "jar transforms Thread 1077" [_thread_blocked, id=11664, stack(0x000000accf000000,0x000000accf100000)]
  0x0000021b69211800 JavaThread "jar transforms Thread 1078" [_thread_blocked, id=5972, stack(0x000000accf100000,0x000000accf200000)]
  0x0000021b69212800 JavaThread "jar transforms Thread 1079" [_thread_blocked, id=9208, stack(0x000000accf200000,0x000000accf300000)]
  0x0000021b69213000 JavaThread "jar transforms Thread 1080" [_thread_blocked, id=13632, stack(0x000000accf300000,0x000000accf400000)]
  0x0000021b7141a000 JavaThread "jar transforms Thread 1081" [_thread_blocked, id=14164, stack(0x000000accf400000,0x000000accf500000)]
  0x0000021b71414000 JavaThread "jar transforms Thread 1082" [_thread_blocked, id=1600, stack(0x000000accf500000,0x000000accf600000)]
  0x0000021b71419000 JavaThread "jar transforms Thread 1083" [_thread_blocked, id=10720, stack(0x000000accf600000,0x000000accf700000)]
  0x0000021b71417800 JavaThread "jar transforms Thread 1084" [_thread_blocked, id=12016, stack(0x000000accf700000,0x000000accf800000)]
  0x0000021b7141a800 JavaThread "jar transforms Thread 1085" [_thread_blocked, id=2424, stack(0x000000accf800000,0x000000accf900000)]
  0x0000021b71415000 JavaThread "jar transforms Thread 1086" [_thread_blocked, id=7372, stack(0x000000accf900000,0x000000accfa00000)]
  0x0000021b71415800 JavaThread "jar transforms Thread 1087" [_thread_blocked, id=13112, stack(0x000000accfa00000,0x000000accfb00000)]
  0x0000021b7141e000 JavaThread "jar transforms Thread 1088" [_thread_blocked, id=7856, stack(0x000000accfb00000,0x000000accfc00000)]
  0x0000021b7141d000 JavaThread "jar transforms Thread 1089" [_thread_blocked, id=7600, stack(0x000000accfc00000,0x000000accfd00000)]
  0x0000021b69ea9800 JavaThread "ForkJoinPool.commonPool-worker-13" daemon [_thread_blocked, id=6824, stack(0x000000acd1000000,0x000000acd1100000)]
  0x0000021b69eaa800 JavaThread "ForkJoinPool.commonPool-worker-15" daemon [_thread_blocked, id=13556, stack(0x000000acd1100000,0x000000acd1200000)]
  0x0000021b69eab800 JavaThread "ForkJoinPool.commonPool-worker-1" daemon [_thread_blocked, id=11344, stack(0x000000acd1200000,0x000000acd1300000)]
  0x0000021b69c70000 JavaThread "ForkJoinPool.commonPool-worker-3" daemon [_thread_blocked, id=10916, stack(0x000000acd1300000,0x000000acd1400000)]
  0x0000021b69c77800 JavaThread "ForkJoinPool.commonPool-worker-5" daemon [_thread_blocked, id=4328, stack(0x000000acd1400000,0x000000acd1500000)]
  0x0000021b69c75800 JavaThread "ForkJoinPool.commonPool-worker-7" daemon [_thread_blocked, id=6808, stack(0x000000acd1500000,0x000000acd1600000)]
  0x0000021b69c76800 JavaThread "Handler for socket connection from /127.0.0.1:49777 to /127.0.0.1:50899" [_thread_in_native, id=10648, stack(0x000000acc6100000,0x000000acc6200000)]
  0x0000021b69c71800 JavaThread "Cancel handler" [_thread_blocked, id=9480, stack(0x000000acc6200000,0x000000acc6300000)]
  0x0000021b69c7d000 JavaThread "Asynchronous log dispatcher for DefaultDaemonConnection: socket connection from /127.0.0.1:49777 to /127.0.0.1:50899" [_thread_blocked, id=7160, stack(0x000000acc7600000,0x000000acc7700000)]
  0x0000021b69c78000 JavaThread "Stdin handler" [_thread_blocked, id=9656, stack(0x000000acc7a00000,0x000000acc7b00000)]
  0x0000021b69c7c000 JavaThread "Thread-1632" [_thread_blocked, id=7756, stack(0x000000acc7b00000,0x000000acc7c00000)]
  0x0000021b69c79000 JavaThread "Cache worker for file hash cache (D:\Du an truong\DuanPhonestore\.gradle\6.7.1\fileHashes)" [_thread_blocked, id=6300, stack(0x000000acc7c00000,0x000000acc7d00000)]
  0x0000021b69c7a000 JavaThread "Cache worker for checksums cache (D:\Du an truong\DuanPhonestore\.gradle\checksums)" [_thread_blocked, id=12000, stack(0x000000acc8500000,0x000000acc8600000)]
  0x0000021b69c7a800 JavaThread "Cache worker for cache directory md-supplier (C:\Users\acer\.gradle\caches\6.7.1\md-supplier)" [_thread_blocked, id=9508, stack(0x000000acc8700000,0x000000acc8800000)]
  0x0000021b69c7b800 JavaThread "Cache worker for cache directory md-rule (C:\Users\acer\.gradle\caches\6.7.1\md-rule)" [_thread_blocked, id=13108, stack(0x000000acc8800000,0x000000acc8900000)]
  0x0000021b71166000 JavaThread "Cache worker for Build Output Cleanup Cache (D:\Du an truong\DuanPhonestore\.gradle\buildOutputCleanup)" [_thread_blocked, id=12552, stack(0x000000acc8900000,0x000000acc8a00000)]
  0x0000021b71160800 JavaThread "Build operations" [_thread_blocked, id=14184, stack(0x000000acc8d00000,0x000000acc8e00000)]
  0x0000021b71167000 JavaThread "Build operations Thread 2" [_thread_blocked, id=10452, stack(0x000000acc8e00000,0x000000acc8f00000)]
  0x0000021b71161000 JavaThread "Build operations Thread 3" [_thread_blocked, id=5992, stack(0x000000acc8f00000,0x000000acc9000000)]
  0x0000021b71162800 JavaThread "Build operations Thread 4" [_thread_blocked, id=9632, stack(0x000000acc9000000,0x000000acc9100000)]
  0x0000021b71167800 JavaThread "Build operations Thread 5" [_thread_blocked, id=11084, stack(0x000000acc9100000,0x000000acc9200000)]
  0x0000021b71168800 JavaThread "Build operations Thread 6" [_thread_blocked, id=12600, stack(0x000000acc9300000,0x000000acc9400000)]
  0x0000021b71169800 JavaThread "Build operations Thread 7" [_thread_blocked, id=5664, stack(0x000000acc9600000,0x000000acc9700000)]
  0x0000021b71163800 JavaThread "Build operations Thread 8" [_thread_blocked, id=7508, stack(0x000000acc9700000,0x000000acc9800000)]

Other Threads:
  0x0000021b66cf7800 VMThread "VM Thread" [stack: 0x000000acc6900000,0x000000acc6a00000] [id=10456]
  0x0000021b6783e800 WatcherThread [stack: 0x000000acc7300000,0x000000acc7400000] [id=4376]
  0x0000021b4c8b5000 GCTaskThread "GC Thread#0" [stack: 0x000000acc6400000,0x000000acc6500000] [id=8240]
  0x0000021b684ea000 GCTaskThread "GC Thread#1" [stack: 0x000000acc7500000,0x000000acc7600000] [id=9204]
  0x0000021b6992e800 GCTaskThread "GC Thread#2" [stack: 0x000000acc7d00000,0x000000acc7e00000] [id=3316]
  0x0000021b68be6800 GCTaskThread "GC Thread#3" [stack: 0x000000acc7e00000,0x000000acc7f00000] [id=4948]
  0x0000021b68be7000 GCTaskThread "GC Thread#4" [stack: 0x000000acc7f00000,0x000000acc8000000] [id=4960]
  0x0000021b69519800 GCTaskThread "GC Thread#5" [stack: 0x000000acc8000000,0x000000acc8100000] [id=3520]
  0x0000021b6951a800 GCTaskThread "GC Thread#6" [stack: 0x000000acc8100000,0x000000acc8200000] [id=7940]
  0x0000021b6951b000 GCTaskThread "GC Thread#7" [stack: 0x000000acc8200000,0x000000acc8300000] [id=10772]
  0x0000021b4c8e6000 ConcurrentGCThread "G1 Main Marker" [stack: 0x000000acc6500000,0x000000acc6600000] [id=6236]
  0x0000021b4c8e7800 ConcurrentGCThread "G1 Conc#0" [stack: 0x000000acc6600000,0x000000acc6700000] [id=11172]
  0x0000021b699bb000 ConcurrentGCThread "G1 Conc#1" [stack: 0x000000acc8600000,0x000000acc8700000] [id=5324]
  0x0000021b4c973800 ConcurrentGCThread "G1 Refine#0" [stack: 0x000000acc6700000,0x000000acc6800000] [id=8156]
  0x0000021b69e33800 ConcurrentGCThread "G1 Refine#1" [stack: 0x000000acc8300000,0x000000acc8400000] [id=3884]
  0x0000021b684cd800 ConcurrentGCThread "G1 Refine#2" [stack: 0x000000acc8400000,0x000000acc8500000] [id=10800]
  0x0000021b4c974800 ConcurrentGCThread "G1 Young RemSet Sampling" [stack: 0x000000acc6800000,0x000000acc6900000] [id=6412]

Threads with active compile tasks:
C2 CompilerThread08141703 25902       4       groovy.lang.MetaClassImpl::filterPropertyMethod (305 bytes)
C1 CompilerThread08141703 25971       2       com.google.common.collect.Lists::newArrayListWithExpectedSize (12 bytes)

VM state:not at safepoint (normal execution)

VM Mutex/Monitor currently owned by a thread: None

Heap address: 0x0000000080000000, size: 2048 MB, Compressed Oops mode: 32-bit
Narrow klass base: 0x0000000000000000, Narrow klass shift: 3
Compressed class space size: 1073741824 Address: 0x0000000100000000

Heap:
 garbage-first heap   total 200704K, used 174795K [0x0000000080000000, 0x0000000100000000)
  region size 1024K, 45 young (46080K), 2 survivors (2048K)
 Metaspace       used 113490K, capacity 116758K, committed 116992K, reserved 1150976K
  class space    used 13829K, capacity 15003K, committed 15104K, reserved 1048576K
Heap Regions: E=young(eden), S=young(survivor), O=old, HS=humongous(starts), HC=humongous(continues), CS=collection set, F=free, A=archive, TAMS=top-at-mark-start (previous, next)
|   0|0x0000000080000000, 0x0000000080100000, 0x0000000080100000|100%| O|  |TAMS 0x0000000080100000, 0x0000000080000000| Complete 
|   1|0x0000000080100000, 0x0000000080200000, 0x0000000080200000|100%| O|  |TAMS 0x0000000080200000, 0x0000000080100000| Untracked 
|   2|0x0000000080200000, 0x0000000080300000, 0x0000000080300000|100%| O|  |TAMS 0x0000000080300000, 0x0000000080200000| Untracked 
|   3|0x0000000080300000, 0x0000000080400000, 0x0000000080400000|100%|HS|  |TAMS 0x0000000080400000, 0x0000000080300000| Complete 
|   4|0x0000000080400000, 0x0000000080500000, 0x0000000080500000|100%|HC|  |TAMS 0x0000000080500000, 0x0000000080400000| Complete 
|   5|0x0000000080500000, 0x0000000080600000, 0x0000000080600000|100%|HC|  |TAMS 0x0000000080600000, 0x0000000080500000| Complete 
|   6|0x0000000080600000, 0x0000000080700000, 0x0000000080700000|100%| O|  |TAMS 0x0000000080700000, 0x0000000080600000| Untracked 
|   7|0x0000000080700000, 0x0000000080800000, 0x0000000080800000|100%| O|  |TAMS 0x0000000080800000, 0x0000000080700000| Untracked 
|   8|0x0000000080800000, 0x0000000080900000, 0x0000000080900000|100%| O|  |TAMS 0x0000000080900000, 0x0000000080800000| Untracked 
|   9|0x0000000080900000, 0x0000000080a00000, 0x0000000080a00000|100%| O|  |TAMS 0x0000000080a00000, 0x0000000080900000| Untracked 
|  10|0x0000000080a00000, 0x0000000080b00000, 0x0000000080b00000|100%| O|  |TAMS 0x0000000080b00000, 0x0000000080a00000| Untracked 
|  11|0x0000000080b00000, 0x0000000080c00000, 0x0000000080c00000|100%| O|  |TAMS 0x0000000080c00000, 0x0000000080b00000| Untracked 
|  12|0x0000000080c00000, 0x0000000080d00000, 0x0000000080d00000|100%| O|  |TAMS 0x0000000080d00000, 0x0000000080c00000| Untracked 
|  13|0x0000000080d00000, 0x0000000080e00000, 0x0000000080e00000|100%| O|  |TAMS 0x0000000080e00000, 0x0000000080d00000| Complete 
|  14|0x0000000080e00000, 0x0000000080f00000, 0x0000000080f00000|100%| O|  |TAMS 0x0000000080f00000, 0x0000000080e00000| Complete 
|  15|0x0000000080f00000, 0x0000000081000000, 0x0000000081000000|100%| O|  |TAMS 0x0000000081000000, 0x0000000080f00000| Complete 
|  16|0x0000000081000000, 0x0000000081100000, 0x0000000081100000|100%| O|  |TAMS 0x0000000081100000, 0x0000000081000000| Complete 
|  17|0x0000000081100000, 0x0000000081200000, 0x0000000081200000|100%| O|  |TAMS 0x0000000081200000, 0x0000000081100000| Complete 
|  18|0x0000000081200000, 0x0000000081300000, 0x0000000081300000|100%| O|  |TAMS 0x0000000081300000, 0x0000000081200000| Complete 
|  19|0x0000000081300000, 0x0000000081400000, 0x0000000081400000|100%| O|  |TAMS 0x0000000081400000, 0x0000000081300000| Complete 
|  20|0x0000000081400000, 0x0000000081500000, 0x0000000081500000|100%|HS|  |TAMS 0x0000000081500000, 0x0000000081400000| Complete 
|  21|0x0000000081500000, 0x0000000081600000, 0x0000000081600000|100%| O|  |TAMS 0x0000000081600000, 0x0000000081500000| Untracked 
|  22|0x0000000081600000, 0x0000000081700000, 0x0000000081700000|100%| O|  |TAMS 0x0000000081700000, 0x0000000081600000| Complete 
|  23|0x0000000081700000, 0x0000000081800000, 0x0000000081800000|100%| O|  |TAMS 0x0000000081800000, 0x0000000081700000| Complete 
|  24|0x0000000081800000, 0x0000000081900000, 0x0000000081900000|100%|HS|  |TAMS 0x0000000081900000, 0x0000000081800000| Complete 
|  25|0x0000000081900000, 0x0000000081a00000, 0x0000000081a00000|100%|HC|  |TAMS 0x0000000081a00000, 0x0000000081900000| Complete 
|  26|0x0000000081a00000, 0x0000000081b00000, 0x0000000081b00000|100%| O|  |TAMS 0x0000000081b00000, 0x0000000081a00000| Untracked 
|  27|0x0000000081b00000, 0x0000000081c00000, 0x0000000081c00000|100%| O|  |TAMS 0x0000000081c00000, 0x0000000081b00000| Complete 
|  28|0x0000000081c00000, 0x0000000081d00000, 0x0000000081d00000|100%| O|  |TAMS 0x0000000081d00000, 0x0000000081c00000| Complete 
|  29|0x0000000081d00000, 0x0000000081e00000, 0x0000000081e00000|100%| O|  |TAMS 0x0000000081e00000, 0x0000000081d00000| Untracked 
|  30|0x0000000081e00000, 0x0000000081f00000, 0x0000000081f00000|100%| O|  |TAMS 0x0000000081f00000, 0x0000000081e00000| Untracked 
|  31|0x0000000081f00000, 0x0000000082000000, 0x0000000082000000|100%| O|  |TAMS 0x0000000082000000, 0x0000000081f00000| Complete 
|  32|0x0000000082000000, 0x0000000082100000, 0x0000000082100000|100%| O|  |TAMS 0x0000000082100000, 0x0000000082000000| Untracked 
|  33|0x0000000082100000, 0x0000000082200000, 0x0000000082200000|100%| O|  |TAMS 0x0000000082200000, 0x0000000082100000| Complete 
|  34|0x0000000082200000, 0x0000000082300000, 0x0000000082300000|100%| O|  |TAMS 0x0000000082300000, 0x0000000082200000| Untracked 
|  35|0x0000000082300000, 0x0000000082400000, 0x0000000082400000|100%| O|  |TAMS 0x0000000082400000, 0x0000000082300000| Complete 
|  36|0x0000000082400000, 0x0000000082500000, 0x0000000082500000|100%| O|  |TAMS 0x0000000082500000, 0x0000000082400000| Complete 
|  37|0x0000000082500000, 0x0000000082600000, 0x0000000082600000|100%| O|  |TAMS 0x0000000082600000, 0x0000000082500000| Complete 
|  38|0x0000000082600000, 0x0000000082700000, 0x0000000082700000|100%|HS|  |TAMS 0x0000000082600000, 0x0000000082600000| Complete 
|  39|0x0000000082700000, 0x0000000082800000, 0x0000000082800000|100%| O|  |TAMS 0x0000000082800000, 0x0000000082700000| Complete 
|  40|0x0000000082800000, 0x0000000082900000, 0x0000000082900000|100%| O|  |TAMS 0x0000000082900000, 0x0000000082800000| Untracked 
|  41|0x0000000082900000, 0x0000000082a00000, 0x0000000082a00000|100%| O|  |TAMS 0x0000000082a00000, 0x0000000082900000| Untracked 
|  42|0x0000000082a00000, 0x0000000082b00000, 0x0000000082b00000|100%| O|  |TAMS 0x0000000082b00000, 0x0000000082a00000| Complete 
|  43|0x0000000082b00000, 0x0000000082c00000, 0x0000000082c00000|100%| O|  |TAMS 0x0000000082c00000, 0x0000000082b00000| Complete 
|  44|0x0000000082c00000, 0x0000000082d00000, 0x0000000082d00000|100%| O|  |TAMS 0x0000000082d00000, 0x0000000082c00000| Complete 
|  45|0x0000000082d00000, 0x0000000082e00000, 0x0000000082e00000|100%| O|  |TAMS 0x0000000082e00000, 0x0000000082d00000| Complete 
|  46|0x0000000082e00000, 0x0000000082f00000, 0x0000000082f00000|100%|HS|  |TAMS 0x0000000082f00000, 0x0000000082e00000| Complete 
|  47|0x0000000082f00000, 0x0000000083000000, 0x0000000083000000|100%|HC|  |TAMS 0x0000000083000000, 0x0000000082f00000| Complete 
|  48|0x0000000083000000, 0x0000000083000000, 0x0000000083100000|  0%| F|  |TAMS 0x0000000083000000, 0x0000000083000000| Untracked 
|  49|0x0000000083100000, 0x0000000083200000, 0x0000000083200000|100%| O|  |TAMS 0x0000000083200000, 0x0000000083100000| Complete 
|  50|0x0000000083200000, 0x0000000083200000, 0x0000000083300000|  0%| F|  |TAMS 0x0000000083200000, 0x0000000083200000| Untracked 
|  51|0x0000000083300000, 0x0000000083400000, 0x0000000083400000|100%| O|  |TAMS 0x0000000083400000, 0x0000000083300000| Complete 
|  52|0x0000000083400000, 0x0000000083500000, 0x0000000083500000|100%| O|  |TAMS 0x0000000083500000, 0x0000000083400000| Complete 
|  53|0x0000000083500000, 0x0000000083500000, 0x0000000083600000|  0%| F|  |TAMS 0x0000000083500000, 0x0000000083500000| Untracked 
|  54|0x0000000083600000, 0x0000000083700000, 0x0000000083700000|100%| O|  |TAMS 0x0000000083700000, 0x0000000083600000| Complete 
|  55|0x0000000083700000, 0x0000000083800000, 0x0000000083800000|100%| O|  |TAMS 0x0000000083800000, 0x0000000083700000| Complete 
|  56|0x0000000083800000, 0x0000000083900000, 0x0000000083900000|100%|HS|  |TAMS 0x0000000083800000, 0x0000000083800000| Complete 
|  57|0x0000000083900000, 0x0000000083a00000, 0x0000000083a00000|100%|HC|  |TAMS 0x0000000083900000, 0x0000000083900000| Complete 
|  58|0x0000000083a00000, 0x0000000083b00000, 0x0000000083b00000|100%| O|  |TAMS 0x0000000083b00000, 0x0000000083a00000| Untracked 
|  59|0x0000000083b00000, 0x0000000083c00000, 0x0000000083c00000|100%| O|  |TAMS 0x0000000083c00000, 0x0000000083b00000| Complete 
|  60|0x0000000083c00000, 0x0000000083d00000, 0x0000000083d00000|100%| O|  |TAMS 0x0000000083d00000, 0x0000000083c00000| Complete 
|  61|0x0000000083d00000, 0x0000000083d00000, 0x0000000083e00000|  0%| F|  |TAMS 0x0000000083d00000, 0x0000000083d00000| Untracked 
|  62|0x0000000083e00000, 0x0000000083f00000, 0x0000000083f00000|100%| O|  |TAMS 0x0000000083f00000, 0x0000000083e00000| Untracked 
|  63|0x0000000083f00000, 0x0000000084000000, 0x0000000084000000|100%| O|  |TAMS 0x0000000084000000, 0x0000000083f00000| Untracked 
|  64|0x0000000084000000, 0x0000000084100000, 0x0000000084100000|100%| O|  |TAMS 0x0000000084100000, 0x0000000084000000| Complete 
|  65|0x0000000084100000, 0x0000000084200000, 0x0000000084200000|100%| O|  |TAMS 0x0000000084200000, 0x0000000084100000| Untracked 
|  66|0x0000000084200000, 0x0000000084300000, 0x0000000084300000|100%| O|  |TAMS 0x0000000084300000, 0x0000000084200000| Untracked 
|  67|0x0000000084300000, 0x0000000084400000, 0x0000000084400000|100%| O|  |TAMS 0x0000000084400000, 0x0000000084300000| Untracked 
|  68|0x0000000084400000, 0x0000000084400000, 0x0000000084500000|  0%| F|  |TAMS 0x0000000084400000, 0x0000000084400000| Untracked 
|  69|0x0000000084500000, 0x0000000084600000, 0x0000000084600000|100%| O|  |TAMS 0x0000000084600000, 0x0000000084500000| Untracked 
|  70|0x0000000084600000, 0x0000000084700000, 0x0000000084700000|100%| O|  |TAMS 0x0000000084700000, 0x0000000084600000| Complete 
|  71|0x0000000084700000, 0x0000000084800000, 0x0000000084800000|100%| O|  |TAMS 0x0000000084800000, 0x0000000084700000| Complete 
|  72|0x0000000084800000, 0x0000000084900000, 0x0000000084900000|100%| O|  |TAMS 0x0000000084900000, 0x0000000084800000| Complete 
|  73|0x0000000084900000, 0x0000000084a00000, 0x0000000084a00000|100%| O|  |TAMS 0x0000000084a00000, 0x0000000084900000| Untracked 
|  74|0x0000000084a00000, 0x0000000084b00000, 0x0000000084b00000|100%| O|  |TAMS 0x0000000084b00000, 0x0000000084a00000| Complete 
|  75|0x0000000084b00000, 0x0000000084c00000, 0x0000000084c00000|100%| O|  |TAMS 0x0000000084c00000, 0x0000000084b00000| Complete 
|  76|0x0000000084c00000, 0x0000000084d00000, 0x0000000084d00000|100%| O|  |TAMS 0x0000000084d00000, 0x0000000084c00000| Complete 
|  77|0x0000000084d00000, 0x0000000084e00000, 0x0000000084e00000|100%| O|  |TAMS 0x0000000084e00000, 0x0000000084d00000| Untracked 
|  78|0x0000000084e00000, 0x0000000084f00000, 0x0000000084f00000|100%| O|  |TAMS 0x0000000084f00000, 0x0000000084e00000| Untracked 
|  79|0x0000000084f00000, 0x0000000085000000, 0x0000000085000000|100%| O|  |TAMS 0x0000000085000000, 0x0000000084f00000| Untracked 
|  80|0x0000000085000000, 0x0000000085100000, 0x0000000085100000|100%| O|  |TAMS 0x0000000085100000, 0x0000000085000000| Untracked 
|  81|0x0000000085100000, 0x0000000085200000, 0x0000000085200000|100%| O|  |TAMS 0x0000000085200000, 0x0000000085100000| Complete 
|  82|0x0000000085200000, 0x0000000085300000, 0x0000000085300000|100%| O|  |TAMS 0x0000000085300000, 0x0000000085200000| Untracked 
|  83|0x0000000085300000, 0x0000000085400000, 0x0000000085400000|100%| O|  |TAMS 0x0000000085400000, 0x0000000085300000| Complete 
|  84|0x0000000085400000, 0x0000000085500000, 0x0000000085500000|100%| O|  |TAMS 0x0000000085500000, 0x0000000085400000| Complete 
|  85|0x0000000085500000, 0x0000000085600000, 0x0000000085600000|100%| O|  |TAMS 0x0000000085600000, 0x0000000085500000| Complete 
|  86|0x0000000085600000, 0x0000000085700000, 0x0000000085700000|100%| O|  |TAMS 0x0000000085700000, 0x0000000085600000| Untracked 
|  87|0x0000000085700000, 0x0000000085700000, 0x0000000085800000|  0%| F|  |TAMS 0x0000000085700000, 0x0000000085700000| Untracked 
|  88|0x0000000085800000, 0x0000000085900000, 0x0000000085900000|100%| O|  |TAMS 0x0000000085900000, 0x0000000085800000| Untracked 
|  89|0x0000000085900000, 0x0000000085a00000, 0x0000000085a00000|100%| O|  |TAMS 0x0000000085a00000, 0x0000000085900000| Untracked 
|  90|0x0000000085a00000, 0x0000000085b00000, 0x0000000085b00000|100%| O|  |TAMS 0x0000000085b00000, 0x0000000085a00000| Complete 
|  91|0x0000000085b00000, 0x0000000085c00000, 0x0000000085c00000|100%| O|  |TAMS 0x0000000085c00000, 0x0000000085b00000| Complete 
|  92|0x0000000085c00000, 0x0000000085d00000, 0x0000000085d00000|100%| O|  |TAMS 0x0000000085d00000, 0x0000000085c00000| Untracked 
|  93|0x0000000085d00000, 0x0000000085e00000, 0x0000000085e00000|100%| O|  |TAMS 0x0000000085e00000, 0x0000000085d00000| Complete 
|  94|0x0000000085e00000, 0x0000000085f00000, 0x0000000085f00000|100%| O|  |TAMS 0x0000000085f00000, 0x0000000085e00000| Complete 
|  95|0x0000000085f00000, 0x0000000085f23800, 0x0000000086000000| 13%| O|  |TAMS 0x0000000085f23800, 0x0000000085f00000| Untracked 
|  96|0x0000000086000000, 0x0000000086000000, 0x0000000086100000|  0%| F|  |TAMS 0x0000000086000000, 0x0000000086000000| Untracked 
|  97|0x0000000086100000, 0x0000000086200000, 0x0000000086200000|100%| O|  |TAMS 0x0000000086200000, 0x0000000086100000| Complete 
|  98|0x0000000086200000, 0x0000000086300000, 0x0000000086300000|100%| O|  |TAMS 0x0000000086300000, 0x0000000086200000| Untracked 
|  99|0x0000000086300000, 0x0000000086400000, 0x0000000086400000|100%| O|  |TAMS 0x0000000086400000, 0x0000000086300000| Complete 
| 100|0x0000000086400000, 0x0000000086500000, 0x0000000086500000|100%| O|  |TAMS 0x0000000086500000, 0x0000000086400000| Complete 
| 101|0x0000000086500000, 0x0000000086600000, 0x0000000086600000|100%| O|  |TAMS 0x0000000086600000, 0x0000000086500000| Untracked 
| 102|0x0000000086600000, 0x0000000086700000, 0x0000000086700000|100%| O|  |TAMS 0x0000000086700000, 0x0000000086600000| Complete 
| 103|0x0000000086700000, 0x0000000086800000, 0x0000000086800000|100%| O|  |TAMS 0x0000000086800000, 0x0000000086700000| Complete 
| 104|0x0000000086800000, 0x0000000086900000, 0x0000000086900000|100%| O|  |TAMS 0x0000000086900000, 0x0000000086800000| Untracked 
| 105|0x0000000086900000, 0x0000000086a00000, 0x0000000086a00000|100%|HS|  |TAMS 0x0000000086900000, 0x0000000086900000| Complete 
| 106|0x0000000086a00000, 0x0000000086b00000, 0x0000000086b00000|100%|HC|  |TAMS 0x0000000086a00000, 0x0000000086a00000| Complete 
| 107|0x0000000086b00000, 0x0000000086c00000, 0x0000000086c00000|100%|HS|  |TAMS 0x0000000086b00000, 0x0000000086b00000| Complete 
| 108|0x0000000086c00000, 0x0000000086d00000, 0x0000000086d00000|100%|HC|  |TAMS 0x0000000086c00000, 0x0000000086c00000| Complete 
| 109|0x0000000086d00000, 0x0000000086e00000, 0x0000000086e00000|100%|HS|  |TAMS 0x0000000086d00000, 0x0000000086d00000| Complete 
| 110|0x0000000086e00000, 0x0000000086f00000, 0x0000000086f00000|100%|HC|  |TAMS 0x0000000086e00000, 0x0000000086e00000| Complete 
| 111|0x0000000086f00000, 0x0000000087000000, 0x0000000087000000|100%|HS|  |TAMS 0x0000000086f00000, 0x0000000086f00000| Complete 
| 112|0x0000000087000000, 0x0000000087100000, 0x0000000087100000|100%|HC|  |TAMS 0x0000000087000000, 0x0000000087000000| Complete 
| 113|0x0000000087100000, 0x0000000087200000, 0x0000000087200000|100%|HS|  |TAMS 0x0000000087100000, 0x0000000087100000| Complete 
| 114|0x0000000087200000, 0x0000000087300000, 0x0000000087300000|100%|HC|  |TAMS 0x0000000087200000, 0x0000000087200000| Complete 
| 115|0x0000000087300000, 0x0000000087400000, 0x0000000087400000|100%|HS|  |TAMS 0x0000000087300000, 0x0000000087300000| Complete 
| 116|0x0000000087400000, 0x0000000087500000, 0x0000000087500000|100%|HC|  |TAMS 0x0000000087400000, 0x0000000087400000| Complete 
| 117|0x0000000087500000, 0x0000000087600000, 0x0000000087600000|100%|HS|  |TAMS 0x0000000087500000, 0x0000000087500000| Complete 
| 118|0x0000000087600000, 0x0000000087700000, 0x0000000087700000|100%|HC|  |TAMS 0x0000000087600000, 0x0000000087600000| Complete 
| 119|0x0000000087700000, 0x0000000087800000, 0x0000000087800000|100%| O|  |TAMS 0x0000000087800000, 0x0000000087700000| Complete 
| 120|0x0000000087800000, 0x0000000087800000, 0x0000000087900000|  0%| F|  |TAMS 0x0000000087800000, 0x0000000087800000| Untracked 
| 121|0x0000000087900000, 0x0000000087a00000, 0x0000000087a00000|100%| O|  |TAMS 0x0000000087a00000, 0x0000000087900000| Complete 
| 122|0x0000000087a00000, 0x0000000087b00000, 0x0000000087b00000|100%| O|  |TAMS 0x0000000087b00000, 0x0000000087a00000| Complete 
| 123|0x0000000087b00000, 0x0000000087c00000, 0x0000000087c00000|100%|HS|  |TAMS 0x0000000087b00000, 0x0000000087b00000| Complete 
| 124|0x0000000087c00000, 0x0000000087d00000, 0x0000000087d00000|100%|HC|  |TAMS 0x0000000087c00000, 0x0000000087c00000| Complete 
| 125|0x0000000087d00000, 0x0000000087e00000, 0x0000000087e00000|100%|HS|  |TAMS 0x0000000087d00000, 0x0000000087d00000| Complete 
| 126|0x0000000087e00000, 0x0000000087f00000, 0x0000000087f00000|100%|HC|  |TAMS 0x0000000087e00000, 0x0000000087e00000| Complete 
| 127|0x0000000087f00000, 0x0000000088000000, 0x0000000088000000|100%|HS|  |TAMS 0x0000000087f00000, 0x0000000087f00000| Complete 
| 128|0x0000000088000000, 0x0000000088100000, 0x0000000088100000|100%|HC|  |TAMS 0x0000000088000000, 0x0000000088000000| Complete 
| 129|0x0000000088100000, 0x0000000088200000, 0x0000000088200000|100%|HS|  |TAMS 0x0000000088100000, 0x0000000088100000| Complete 
| 130|0x0000000088200000, 0x0000000088300000, 0x0000000088300000|100%|HC|  |TAMS 0x0000000088200000, 0x0000000088200000| Complete 
| 131|0x0000000088300000, 0x000000008838f6a0, 0x0000000088400000| 56%| S|CS|TAMS 0x0000000088300000, 0x0000000088300000| Complete 
| 132|0x0000000088400000, 0x0000000088500000, 0x0000000088500000|100%| S|CS|TAMS 0x0000000088400000, 0x0000000088400000| Complete 
| 133|0x0000000088500000, 0x0000000088600000, 0x0000000088600000|100%|HS|  |TAMS 0x0000000088500000, 0x0000000088500000| Complete 
| 134|0x0000000088600000, 0x0000000088700000, 0x0000000088700000|100%|HC|  |TAMS 0x0000000088600000, 0x0000000088600000| Complete 
| 135|0x0000000088700000, 0x0000000088800000, 0x0000000088800000|100%|HS|  |TAMS 0x0000000088700000, 0x0000000088700000| Complete 
| 136|0x0000000088800000, 0x0000000088900000, 0x0000000088900000|100%|HC|  |TAMS 0x0000000088800000, 0x0000000088800000| Complete 
| 137|0x0000000088900000, 0x0000000088a00000, 0x0000000088a00000|100%|HS|  |TAMS 0x0000000088900000, 0x0000000088900000| Complete 
| 138|0x0000000088a00000, 0x0000000088b00000, 0x0000000088b00000|100%|HC|  |TAMS 0x0000000088a00000, 0x0000000088a00000| Complete 
| 139|0x0000000088b00000, 0x0000000088b00000, 0x0000000088c00000|  0%| F|  |TAMS 0x0000000088b00000, 0x0000000088b00000| Untracked 
| 140|0x0000000088c00000, 0x0000000088c00000, 0x0000000088d00000|  0%| F|  |TAMS 0x0000000088c00000, 0x0000000088c00000| Untracked 
| 141|0x0000000088d00000, 0x0000000088d00000, 0x0000000088e00000|  0%| F|  |TAMS 0x0000000088d00000, 0x0000000088d00000| Untracked 
| 142|0x0000000088e00000, 0x0000000088e00000, 0x0000000088f00000|  0%| F|  |TAMS 0x0000000088e00000, 0x0000000088e00000| Untracked 
| 143|0x0000000088f00000, 0x0000000088f00000, 0x0000000089000000|  0%| F|  |TAMS 0x0000000088f00000, 0x0000000088f00000| Untracked 
| 144|0x0000000089000000, 0x0000000089000000, 0x0000000089100000|  0%| F|  |TAMS 0x0000000089000000, 0x0000000089000000| Untracked 
| 145|0x0000000089100000, 0x0000000089100000, 0x0000000089200000|  0%| F|  |TAMS 0x0000000089100000, 0x0000000089100000| Untracked 
| 146|0x0000000089200000, 0x0000000089200000, 0x0000000089300000|  0%| F|  |TAMS 0x0000000089200000, 0x0000000089200000| Untracked 
| 147|0x0000000089300000, 0x0000000089300000, 0x0000000089400000|  0%| F|  |TAMS 0x0000000089300000, 0x0000000089300000| Untracked 
| 148|0x0000000089400000, 0x0000000089400000, 0x0000000089500000|  0%| F|  |TAMS 0x0000000089400000, 0x0000000089400000| Untracked 
| 149|0x0000000089500000, 0x0000000089500000, 0x0000000089600000|  0%| F|  |TAMS 0x0000000089500000, 0x0000000089500000| Untracked 
| 150|0x0000000089600000, 0x0000000089600000, 0x0000000089700000|  0%| F|  |TAMS 0x0000000089600000, 0x0000000089600000| Untracked 
| 151|0x0000000089700000, 0x0000000089700000, 0x0000000089800000|  0%| F|  |TAMS 0x0000000089700000, 0x0000000089700000| Untracked 
| 152|0x0000000089800000, 0x0000000089800000, 0x0000000089900000|  0%| F|  |TAMS 0x0000000089800000, 0x0000000089800000| Untracked 
| 153|0x0000000089900000, 0x0000000089970ab0, 0x0000000089a00000| 44%| E|  |TAMS 0x0000000089900000, 0x0000000089900000| Complete 
| 154|0x0000000089a00000, 0x0000000089b00000, 0x0000000089b00000|100%| E|CS|TAMS 0x0000000089a00000, 0x0000000089a00000| Complete 
| 155|0x0000000089b00000, 0x0000000089c00000, 0x0000000089c00000|100%| E|CS|TAMS 0x0000000089b00000, 0x0000000089b00000| Complete 
| 156|0x0000000089c00000, 0x0000000089d00000, 0x0000000089d00000|100%| E|CS|TAMS 0x0000000089c00000, 0x0000000089c00000| Complete 
| 157|0x0000000089d00000, 0x0000000089e00000, 0x0000000089e00000|100%| E|CS|TAMS 0x0000000089d00000, 0x0000000089d00000| Complete 
| 158|0x0000000089e00000, 0x0000000089f00000, 0x0000000089f00000|100%| E|CS|TAMS 0x0000000089e00000, 0x0000000089e00000| Complete 
| 159|0x0000000089f00000, 0x000000008a000000, 0x000000008a000000|100%| E|CS|TAMS 0x0000000089f00000, 0x0000000089f00000| Complete 
| 160|0x000000008a000000, 0x000000008a100000, 0x000000008a100000|100%| E|CS|TAMS 0x000000008a000000, 0x000000008a000000| Complete 
| 161|0x000000008a100000, 0x000000008a200000, 0x000000008a200000|100%| E|CS|TAMS 0x000000008a100000, 0x000000008a100000| Complete 
| 162|0x000000008a200000, 0x000000008a300000, 0x000000008a300000|100%| E|CS|TAMS 0x000000008a200000, 0x000000008a200000| Complete 
| 163|0x000000008a300000, 0x000000008a400000, 0x000000008a400000|100%| E|CS|TAMS 0x000000008a300000, 0x000000008a300000| Complete 
| 164|0x000000008a400000, 0x000000008a500000, 0x000000008a500000|100%| E|CS|TAMS 0x000000008a400000, 0x000000008a400000| Complete 
| 165|0x000000008a500000, 0x000000008a600000, 0x000000008a600000|100%| E|CS|TAMS 0x000000008a500000, 0x000000008a500000| Complete 
| 166|0x000000008a600000, 0x000000008a700000, 0x000000008a700000|100%| E|CS|TAMS 0x000000008a600000, 0x000000008a600000| Complete 
| 167|0x000000008a700000, 0x000000008a800000, 0x000000008a800000|100%| E|CS|TAMS 0x000000008a700000, 0x000000008a700000| Complete 
| 168|0x000000008a800000, 0x000000008a900000, 0x000000008a900000|100%| E|CS|TAMS 0x000000008a800000, 0x000000008a800000| Complete 
| 169|0x000000008a900000, 0x000000008aa00000, 0x000000008aa00000|100%| E|CS|TAMS 0x000000008a900000, 0x000000008a900000| Complete 
| 170|0x000000008aa00000, 0x000000008ab00000, 0x000000008ab00000|100%| E|CS|TAMS 0x000000008aa00000, 0x000000008aa00000| Complete 
| 171|0x000000008ab00000, 0x000000008ac00000, 0x000000008ac00000|100%| E|CS|TAMS 0x000000008ab00000, 0x000000008ab00000| Complete 
| 172|0x000000008ac00000, 0x000000008ad00000, 0x000000008ad00000|100%| E|CS|TAMS 0x000000008ac00000, 0x000000008ac00000| Complete 
| 173|0x000000008ad00000, 0x000000008ae00000, 0x000000008ae00000|100%| E|CS|TAMS 0x000000008ad00000, 0x000000008ad00000| Complete 
| 174|0x000000008ae00000, 0x000000008af00000, 0x000000008af00000|100%| E|CS|TAMS 0x000000008ae00000, 0x000000008ae00000| Complete 
| 175|0x000000008af00000, 0x000000008b000000, 0x000000008b000000|100%| E|CS|TAMS 0x000000008af00000, 0x000000008af00000| Complete 
| 176|0x000000008b000000, 0x000000008b100000, 0x000000008b100000|100%| E|CS|TAMS 0x000000008b000000, 0x000000008b000000| Complete 
| 177|0x000000008b100000, 0x000000008b200000, 0x000000008b200000|100%| E|CS|TAMS 0x000000008b100000, 0x000000008b100000| Complete 
| 178|0x000000008b200000, 0x000000008b300000, 0x000000008b300000|100%| E|CS|TAMS 0x000000008b200000, 0x000000008b200000| Complete 
| 179|0x000000008b300000, 0x000000008b400000, 0x000000008b400000|100%| E|CS|TAMS 0x000000008b300000, 0x000000008b300000| Complete 
| 180|0x000000008b400000, 0x000000008b500000, 0x000000008b500000|100%| E|CS|TAMS 0x000000008b400000, 0x000000008b400000| Complete 
| 181|0x000000008b500000, 0x000000008b600000, 0x000000008b600000|100%| E|CS|TAMS 0x000000008b500000, 0x000000008b500000| Complete 
| 182|0x000000008b600000, 0x000000008b700000, 0x000000008b700000|100%| E|CS|TAMS 0x000000008b600000, 0x000000008b600000| Complete 
| 183|0x000000008b700000, 0x000000008b800000, 0x000000008b800000|100%| E|CS|TAMS 0x000000008b700000, 0x000000008b700000| Complete 
| 184|0x000000008b800000, 0x000000008b900000, 0x000000008b900000|100%| E|CS|TAMS 0x000000008b800000, 0x000000008b800000| Complete 
| 185|0x000000008b900000, 0x000000008ba00000, 0x000000008ba00000|100%| E|  |TAMS 0x000000008b900000, 0x000000008b900000| Complete 
| 186|0x000000008ba00000, 0x000000008bb00000, 0x000000008bb00000|100%| E|CS|TAMS 0x000000008ba00000, 0x000000008ba00000| Complete 
| 187|0x000000008bb00000, 0x000000008bc00000, 0x000000008bc00000|100%| E|CS|TAMS 0x000000008bb00000, 0x000000008bb00000| Complete 
| 188|0x000000008bc00000, 0x000000008bd00000, 0x000000008bd00000|100%| E|CS|TAMS 0x000000008bc00000, 0x000000008bc00000| Complete 
| 189|0x000000008bd00000, 0x000000008be00000, 0x000000008be00000|100%| E|CS|TAMS 0x000000008bd00000, 0x000000008bd00000| Complete 
| 190|0x000000008be00000, 0x000000008bf00000, 0x000000008bf00000|100%| E|CS|TAMS 0x000000008be00000, 0x000000008be00000| Complete 
| 191|0x000000008bf00000, 0x000000008c000000, 0x000000008c000000|100%| E|CS|TAMS 0x000000008bf00000, 0x000000008bf00000| Complete 
| 192|0x000000008c000000, 0x000000008c100000, 0x000000008c100000|100%| E|CS|TAMS 0x000000008c000000, 0x000000008c000000| Complete 
| 193|0x000000008c100000, 0x000000008c200000, 0x000000008c200000|100%| E|CS|TAMS 0x000000008c100000, 0x000000008c100000| Complete 
| 194|0x000000008c200000, 0x000000008c300000, 0x000000008c300000|100%| E|CS|TAMS 0x000000008c200000, 0x000000008c200000| Complete 
| 195|0x000000008c300000, 0x000000008c400000, 0x000000008c400000|100%| E|CS|TAMS 0x000000008c300000, 0x000000008c300000| Complete 

Card table byte_map: [0x0000021b5fac0000,0x0000021b5fec0000] _byte_map_base: 0x0000021b5f6c0000

Marking Bits (Prev, Next): (CMBitMap*) 0x0000021b4c8dd5b0, (CMBitMap*) 0x0000021b4c8dd578
 Prev Bits: [0x0000021b622c0000, 0x0000021b642c0000)
 Next Bits: [0x0000021b602c0000, 0x0000021b622c0000)

Polling page: 0x0000021b4a8a0000

Metaspace:

Usage:
  Non-class:     99.37 MB capacity,    97.33 MB ( 98%) used,     1.67 MB (  2%) free+waste,   380.88 KB ( <1%) overhead. 
      Class:     14.65 MB capacity,    13.51 MB ( 92%) used,  1011.05 KB (  7%) free+waste,   162.38 KB (  1%) overhead. 
       Both:    114.02 MB capacity,   110.83 MB ( 97%) used,     2.66 MB (  2%) free+waste,   543.25 KB ( <1%) overhead. 

Virtual space:
  Non-class space:      100.00 MB reserved,      99.50 MB (>99%) committed 
      Class space:        1.00 GB reserved,      14.75 MB (  1%) committed 
             Both:        1.10 GB reserved,     114.25 MB ( 10%) committed 

Chunk freelists:
   Non-Class:  69.00 KB
       Class:  69.00 KB
        Both:  138.00 KB

MaxMetaspaceSize: 17179869184.00 GB
CompressedClassSpaceSize: 1.00 GB

CodeHeap 'non-profiled nmethods': size=120000Kb used=17170Kb max_used=17816Kb free=102829Kb
 bounds [0x0000021b57e60000, 0x0000021b58fd0000, 0x0000021b5f390000]
CodeHeap 'profiled nmethods': size=120000Kb used=47362Kb max_used=48592Kb free=72637Kb
 bounds [0x0000021b50930000, 0x0000021b53940000, 0x0000021b57e60000]
CodeHeap 'non-nmethods': size=5760Kb used=2305Kb max_used=2395Kb free=3454Kb
 bounds [0x0000021b50390000, 0x0000021b50600000, 0x0000021b50930000]
 total_blobs=22764 nmethods=21854 adapters=820
 compilation: enabled
              stopped_count=0, restarted_count=0
 full_count=0

Compilation events (20 events):
Event: 8141.640 Thread 0x0000021b676e4800 25935       3       java.lang.Class::getGenericInterfaces (21 bytes)
Event: 8141.641 Thread 0x0000021b676e4800 nmethod 25935 0x0000021b50e10f90 code [0x0000021b50e111a0, 0x0000021b50e116d8]
Event: 8141.642 Thread 0x0000021b676e4800 25936       3       com.android.build.gradle.options.StringOption::parse (6 bytes)
Event: 8141.643 Thread 0x0000021b676e4800 nmethod 25936 0x0000021b50c31e10 code [0x0000021b50c31fc0, 0x0000021b50c320e8]
Event: 8141.643 Thread 0x0000021b676e4800 25937       3       com.android.build.gradle.options.StringOption::parse (88 bytes)
Event: 8141.644 Thread 0x0000021b676e4800 nmethod 25937 0x0000021b510fc990 code [0x0000021b510fcd00, 0x0000021b510fe088]
Event: 8141.645 Thread 0x0000021b676e4800 25938       3       com.android.build.gradle.internal.errors.OptionInfo::hashCode (37 bytes)
Event: 8141.646 Thread 0x0000021b676e4800 nmethod 25938 0x0000021b50e81010 code [0x0000021b50e811e0, 0x0000021b50e81518]
Event: 8141.649 Thread 0x0000021b676e4800 25939       3       org.gradle.api.internal.DefaultDomainObjectCollection::createFilter (9 bytes)
Event: 8141.649 Thread 0x0000021b676e4800 nmethod 25939 0x0000021b50f07c90 code [0x0000021b50f07e80, 0x0000021b50f08278]
Event: 8141.649 Thread 0x0000021b676e4800 25940       3       org.gradle.api.internal.collections.CollectionFilter::<init> (9 bytes)
Event: 8141.649 Thread 0x0000021b676e4800 nmethod 25940 0x0000021b50f27990 code [0x0000021b50f27b60, 0x0000021b50f27e98]
Event: 8141.650 Thread 0x0000021b676e4800 25941       3       org.gradle.model.internal.type.ClassTypeWrapper::<init> (31 bytes)
Event: 8141.650 Thread 0x0000021b676e4800 nmethod 25941 0x0000021b50f8e790 code [0x0000021b50f8e9e0, 0x0000021b50f8f248]
Event: 8141.650 Thread 0x0000021b676e4800 25942       3       org.gradle.model.internal.type.ClassTypeWrapper::effectiveClassOf (28 bytes)
Event: 8141.651 Thread 0x0000021b676e4800 nmethod 25942 0x0000021b50f34090 code [0x0000021b50f34280, 0x0000021b50f34638]
Event: 8141.653 Thread 0x0000021b676e4800 25943       1       com.android.build.gradle.internal.api.DefaultAndroidSourceSet::getProvidedConfigurationName (5 bytes)
Event: 8141.653 Thread 0x0000021b676e4800 nmethod 25943 0x0000021b5818c490 code [0x0000021b5818c640, 0x0000021b5818c6f8]
Event: 8141.656 Thread 0x0000021b676e4800 25944       1       com.android.build.gradle.internal.variant.AbstractVariantInputManager::getProductFlavors (5 bytes)
Event: 8141.656 Thread 0x0000021b676e4800 nmethod 25944 0x0000021b5818c110 code [0x0000021b5818c2c0, 0x0000021b5818c378]

GC Heap History (20 events):
Event: 6113.235 GC heap before
{Heap before GC invocations=226 (full 0):
 garbage-first heap   total 199680K, used 146820K [0x0000000080000000, 0x0000000100000000)
  region size 1024K, 48 young (49152K), 2 survivors (2048K)
 Metaspace       used 113203K, capacity 116468K, committed 116736K, reserved 1150976K
  class space    used 13849K, capacity 15037K, committed 15104K, reserved 1048576K
}
Event: 6113.240 GC heap after
{Heap after GC invocations=227 (full 0):
 garbage-first heap   total 199680K, used 102351K [0x0000000080000000, 0x0000000100000000)
  region size 1024K, 2 young (2048K), 2 survivors (2048K)
 Metaspace       used 113203K, capacity 116468K, committed 116736K, reserved 1150976K
  class space    used 13849K, capacity 15037K, committed 15104K, reserved 1048576K
}
Event: 8105.873 GC heap before
{Heap before GC invocations=228 (full 0):
 garbage-first heap   total 199680K, used 194511K [0x0000000080000000, 0x0000000100000000)
  region size 1024K, 62 young (63488K), 2 survivors (2048K)
 Metaspace       used 113253K, capacity 116533K, committed 116736K, reserved 1150976K
  class space    used 13849K, capacity 15037K, committed 15104K, reserved 1048576K
}
Event: 8105.930 GC heap after
{Heap after GC invocations=229 (full 0):
 garbage-first heap   total 200704K, used 104241K [0x0000000080000000, 0x0000000100000000)
  region size 1024K, 4 young (4096K), 4 survivors (4096K)
 Metaspace       used 113253K, capacity 116533K, committed 116736K, reserved 1150976K
  class space    used 13849K, capacity 15037K, committed 15104K, reserved 1048576K
}
Event: 8106.209 GC heap before
{Heap before GC invocations=229 (full 0):
 garbage-first heap   total 200704K, used 109361K [0x0000000080000000, 0x0000000100000000)
  region size 1024K, 9 young (9216K), 4 survivors (4096K)
 Metaspace       used 113264K, capacity 116537K, committed 116736K, reserved 1150976K
  class space    used 13849K, capacity 15037K, committed 15104K, reserved 1048576K
}
Event: 8106.243 GC heap after
{Heap after GC invocations=230 (full 0):
 garbage-first heap   total 200704K, used 97749K [0x0000000080000000, 0x0000000100000000)
  region size 1024K, 2 young (2048K), 2 survivors (2048K)
 Metaspace       used 113264K, capacity 116537K, committed 116736K, reserved 1150976K
  class space    used 13849K, capacity 15037K, committed 15104K, reserved 1048576K
}
Event: 8107.213 GC heap before
{Heap before GC invocations=230 (full 0):
 garbage-first heap   total 200704K, used 163285K [0x0000000080000000, 0x0000000100000000)
  region size 1024K, 67 young (68608K), 2 survivors (2048K)
 Metaspace       used 113273K, capacity 116601K, committed 116736K, reserved 1150976K
  class space    used 13849K, capacity 15037K, committed 15104K, reserved 1048576K
}
Event: 8107.242 GC heap after
{Heap after GC invocations=231 (full 0):
 garbage-first heap   total 200704K, used 99258K [0x0000000080000000, 0x0000000100000000)
  region size 1024K, 3 young (3072K), 3 survivors (3072K)
 Metaspace       used 113273K, capacity 116601K, committed 116736K, reserved 1150976K
  class space    used 13849K, capacity 15037K, committed 15104K, reserved 1048576K
}
Event: 8108.810 GC heap before
{Heap before GC invocations=232 (full 0):
 garbage-first heap   total 200704K, used 164794K [0x0000000080000000, 0x0000000100000000)
  region size 1024K, 68 young (69632K), 3 survivors (3072K)
 Metaspace       used 112910K, capacity 116001K, committed 116736K, reserved 1150976K
  class space    used 13775K, capacity 14903K, committed 15104K, reserved 1048576K
}
Event: 8108.836 GC heap after
{Heap after GC invocations=233 (full 0):
 garbage-first heap   total 200704K, used 105582K [0x0000000080000000, 0x0000000100000000)
  region size 1024K, 9 young (9216K), 9 survivors (9216K)
 Metaspace       used 112910K, capacity 116001K, committed 116736K, reserved 1150976K
  class space    used 13775K, capacity 14903K, committed 15104K, reserved 1048576K
}
Event: 8108.883 GC heap before
{Heap before GC invocations=233 (full 0):
 garbage-first heap   total 200704K, used 106606K [0x0000000080000000, 0x0000000100000000)
  region size 1024K, 10 young (10240K), 9 survivors (9216K)
 Metaspace       used 112910K, capacity 116001K, committed 116736K, reserved 1150976K
  class space    used 13775K, capacity 14903K, committed 15104K, reserved 1048576K
}
Event: 8108.977 GC heap after
{Heap after GC invocations=234 (full 0):
 garbage-first heap   total 200704K, used 96933K [0x0000000080000000, 0x0000000100000000)
  region size 1024K, 1 young (1024K), 1 survivors (1024K)
 Metaspace       used 112910K, capacity 116001K, committed 116736K, reserved 1150976K
  class space    used 13775K, capacity 14903K, committed 15104K, reserved 1048576K
}
Event: 8109.998 GC heap before
{Heap before GC invocations=234 (full 0):
 garbage-first heap   total 200704K, used 161445K [0x0000000080000000, 0x0000000100000000)
  region size 1024K, 65 young (66560K), 1 survivors (1024K)
 Metaspace       used 112963K, capacity 116096K, committed 116736K, reserved 1150976K
  class space    used 13778K, capacity 14908K, committed 15104K, reserved 1048576K
}
Event: 8110.018 GC heap after
{Heap after GC invocations=235 (full 0):
 garbage-first heap   total 200704K, used 104726K [0x0000000080000000, 0x0000000100000000)
  region size 1024K, 9 young (9216K), 9 survivors (9216K)
 Metaspace       used 112963K, capacity 116096K, committed 116736K, reserved 1150976K
  class space    used 13778K, capacity 14908K, committed 15104K, reserved 1048576K
}
Event: 8110.410 GC heap before
{Heap before GC invocations=236 (full 0):
 garbage-first heap   total 200704K, used 160022K [0x0000000080000000, 0x0000000100000000)
  region size 1024K, 64 young (65536K), 9 survivors (9216K)
 Metaspace       used 112972K, capacity 116108K, committed 116736K, reserved 1150976K
  class space    used 13779K, capacity 14910K, committed 15104K, reserved 1048576K
}
Event: 8110.423 GC heap after
{Heap after GC invocations=237 (full 0):
 garbage-first heap   total 200704K, used 105083K [0x0000000080000000, 0x0000000100000000)
  region size 1024K, 2 young (2048K), 2 survivors (2048K)
 Metaspace       used 112972K, capacity 116108K, committed 116736K, reserved 1150976K
  class space    used 13779K, capacity 14910K, committed 15104K, reserved 1048576K
}
Event: 8110.451 GC heap before
{Heap before GC invocations=237 (full 0):
 garbage-first heap   total 200704K, used 111227K [0x0000000080000000, 0x0000000100000000)
  region size 1024K, 9 young (9216K), 2 survivors (2048K)
 Metaspace       used 113019K, capacity 116174K, committed 116736K, reserved 1150976K
  class space    used 13785K, capacity 14921K, committed 15104K, reserved 1048576K
}
Event: 8110.471 GC heap after
{Heap after GC invocations=238 (full 0):
 garbage-first heap   total 200704K, used 101136K [0x0000000080000000, 0x0000000100000000)
  region size 1024K, 2 young (2048K), 2 survivors (2048K)
 Metaspace       used 113019K, capacity 116174K, committed 116736K, reserved 1150976K
  class space    used 13785K, capacity 14921K, committed 15104K, reserved 1048576K
}
Event: 8110.820 GC heap before
{Heap before GC invocations=238 (full 0):
 garbage-first heap   total 200704K, used 162576K [0x0000000080000000, 0x0000000100000000)
  region size 1024K, 63 young (64512K), 2 survivors (2048K)
 Metaspace       used 113161K, capacity 116287K, committed 116992K, reserved 1150976K
  class space    used 13789K, capacity 14929K, committed 15104K, reserved 1048576K
}
Event: 8110.825 GC heap after
{Heap after GC invocations=239 (full 0):
 garbage-first heap   total 200704K, used 101067K [0x0000000080000000, 0x0000000100000000)
  region size 1024K, 2 young (2048K), 2 survivors (2048K)
 Metaspace       used 113161K, capacity 116287K, committed 116992K, reserved 1150976K
  class space    used 13789K, capacity 14929K, committed 15104K, reserved 1048576K
}

Deoptimization events (20 events):
Event: 8141.377 Thread 0x0000021b71165000 Uncommon trap: trap_request=0xfffffff4 fr.pc=0x0000021b58e9e668 relative=0x00000000000001e8
Event: 8141.377 Thread 0x0000021b71165000 Uncommon trap: reason=null_check action=make_not_entrant pc=0x0000021b58e9e668 method=org.codehaus.groovy.reflection.ClassInfo.getWeakMetaClass()Lgroovy/lang/MetaClass; @ 17 c2
Event: 8141.377 Thread 0x0000021b71165000 DEOPT PACKING pc=0x0000021b58e9e668 sp=0x000000acc74fa480
Event: 8141.377 Thread 0x0000021b71165000 DEOPT UNPACKING pc=0x0000021b503b78af sp=0x000000acc74fa348 mode 2
Event: 8141.382 Thread 0x0000021b71165000 Uncommon trap: trap_request=0xffffff4d fr.pc=0x0000021b57ff381c relative=0x00000000000008bc
Event: 8141.382 Thread 0x0000021b71165000 Uncommon trap: reason=unstable_if action=reinterpret pc=0x0000021b57ff381c method=java.lang.ref.SoftReference.get()Ljava/lang/Object; @ 6 c2
Event: 8141.382 Thread 0x0000021b71165000 DEOPT PACKING pc=0x0000021b57ff381c sp=0x000000acc74f9fb0
Event: 8141.382 Thread 0x0000021b71165000 DEOPT UNPACKING pc=0x0000021b503b78af sp=0x000000acc74f9eb0 mode 2
Event: 8141.390 Thread 0x0000021b71165000 Uncommon trap: trap_request=0xffffff4d fr.pc=0x0000021b58146ef8 relative=0x0000000000000138
Event: 8141.390 Thread 0x0000021b71165000 Uncommon trap: reason=unstable_if action=reinterpret pc=0x0000021b58146ef8 method=java.lang.ref.SoftReference.get()Ljava/lang/Object; @ 6 c2
Event: 8141.390 Thread 0x0000021b71165000 DEOPT PACKING pc=0x0000021b58146ef8 sp=0x000000acc74f9fd0
Event: 8141.390 Thread 0x0000021b71165000 DEOPT UNPACKING pc=0x0000021b503b78af sp=0x000000acc74f9f18 mode 2
Event: 8141.396 Thread 0x0000021b71165000 Uncommon trap: trap_request=0xfffffff4 fr.pc=0x0000021b58f4b8d4 relative=0x0000000000003d34
Event: 8141.396 Thread 0x0000021b71165000 Uncommon trap: reason=null_check action=make_not_entrant pc=0x0000021b58f4b8d4 method=java.lang.Class.reflectionData()Ljava/lang/Class$ReflectionData; @ 18 c2
Event: 8141.396 Thread 0x0000021b71165000 DEOPT PACKING pc=0x0000021b58f4b8d4 sp=0x000000acc74f92c0
Event: 8141.396 Thread 0x0000021b71165000 DEOPT UNPACKING pc=0x0000021b503b78af sp=0x000000acc74f9240 mode 2
Event: 8141.402 Thread 0x0000021b71165000 Uncommon trap: trap_request=0xffffff4d fr.pc=0x0000021b57fc4ce0 relative=0x00000000000014a0
Event: 8141.402 Thread 0x0000021b71165000 Uncommon trap: reason=unstable_if action=reinterpret pc=0x0000021b57fc4ce0 method=java.lang.ref.SoftReference.get()Ljava/lang/Object; @ 6 c2
Event: 8141.402 Thread 0x0000021b71165000 DEOPT PACKING pc=0x0000021b57fc4ce0 sp=0x000000acc74fa040
Event: 8141.402 Thread 0x0000021b71165000 DEOPT UNPACKING pc=0x0000021b503b78af sp=0x000000acc74f9df8 mode 2

Classes redefined (0 events):
No events

Internal exceptions (20 events):
Event: 8111.341 Thread 0x0000021b71162000 Implicit null exception at 0x0000021b58b0c3d0 to 0x0000021b58b0d44c
Event: 8141.235 Thread 0x0000021b69c76800 Exception <a 'java/lang/NoSuchMethodError'{0x000000008b54f108}: <clinit>> (0x000000008b54f108) thrown at [./src/hotspot/share/prims/jni.cpp, line 1362]
Event: 8141.238 Thread 0x0000021b69c76800 Exception <a 'java/lang/NoSuchMethodError'{0x000000008b557a28}: <clinit>> (0x000000008b557a28) thrown at [./src/hotspot/share/prims/jni.cpp, line 1362]
Event: 8141.240 Thread 0x0000021b69c76800 Exception <a 'java/lang/NoSuchMethodError'{0x000000008b560e50}: <clinit>> (0x000000008b560e50) thrown at [./src/hotspot/share/prims/jni.cpp, line 1362]
Event: 8141.254 Thread 0x0000021b69c76800 Exception <a 'java/lang/NoSuchMethodError'{0x000000008b599238}: <clinit>> (0x000000008b599238) thrown at [./src/hotspot/share/prims/jni.cpp, line 1362]
Event: 8141.257 Thread 0x0000021b69c76800 Exception <a 'java/lang/NoSuchMethodError'{0x000000008b5a8628}: <clinit>> (0x000000008b5a8628) thrown at [./src/hotspot/share/prims/jni.cpp, line 1362]
Event: 8141.260 Thread 0x0000021b69c76800 Exception <a 'java/lang/NoSuchMethodError'{0x000000008b5c07b0}: <clinit>> (0x000000008b5c07b0) thrown at [./src/hotspot/share/prims/jni.cpp, line 1362]
Event: 8141.390 Thread 0x0000021b71165000 Implicit null exception at 0x0000021b58146e1b to 0x0000021b58146ee4
Event: 8141.396 Thread 0x0000021b71165000 Implicit null exception at 0x0000021b58f47c26 to 0x0000021b58f4b8b8
Event: 8141.426 Thread 0x0000021b69c7c000 Exception <a 'java/lang/NoSuchMethodError'{0x000000008b420080}: <clinit>> (0x000000008b420080) thrown at [./src/hotspot/share/prims/jni.cpp, line 1362]
Event: 8141.429 Thread 0x0000021b69c7c000 Exception <a 'java/lang/NoSuchMethodError'{0x000000008b19bbb0}: <clinit>> (0x000000008b19bbb0) thrown at [./src/hotspot/share/prims/jni.cpp, line 1362]
Event: 8141.429 Thread 0x0000021b69c7c000 Exception <a 'java/lang/NoSuchMethodError'{0x000000008b19da00}: <clinit>> (0x000000008b19da00) thrown at [./src/hotspot/share/prims/jni.cpp, line 1362]
Event: 8141.472 Thread 0x0000021b71165000 Exception <a 'java/lang/NoSuchMethodError'{0x000000008b0d4ce0}: 'java.lang.Object java.lang.invoke.DelegatingMethodHandle$Holder.reinvoke_L(java.lang.Object, java.lang.Object, java.lang.Object, java.lang.Object, java.lang.Object, java.lang.Object, java.lang.Object, java.lang.Object, java.lang.Object, java.lang.Object, java.lang.Object, java.lang.Object, java.lang.Object, java.lang.Object, java.lang.Object, java.lang.Object, java.lang.Object)'> (0x000000008b0d4ce0) thrown at [./src/hotspot/share/interpreter
Event: 8141.476 Thread 0x0000021b71165000 Exception <a 'java/lang/NoSuchMethodError'{0x000000008af26578}: 'java.lang.Object java.lang.invoke.DelegatingMethodHandle$Holder.reinvoke_L(java.lang.Object, java.lang.Object, java.lang.Object, java.lang.Object, java.lang.Object, java.lang.Object, java.lang.Object, java.lang.Object, java.lang.Object, java.lang.Object, java.lang.Object, java.lang.Object, java.lang.Object, java.lang.Object, java.lang.Object, java.lang.Object)'> (0x000000008af26578) thrown at [./src/hotspot/share/interpreter/linkResolver.cpp,
Event: 8141.609 Thread 0x0000021b69c7c000 Exception <a 'java/lang/NoSuchMethodError'{0x000000008a2407b8}: <clinit>> (0x000000008a2407b8) thrown at [./src/hotspot/share/prims/jni.cpp, line 1362]
Event: 8141.611 Thread 0x0000021b69c7c000 Exception <a 'java/lang/NoSuchMethodError'{0x000000008a26e4f0}: <clinit>> (0x000000008a26e4f0) thrown at [./src/hotspot/share/prims/jni.cpp, line 1362]
Event: 8141.612 Thread 0x0000021b69c7c000 Exception <a 'java/lang/NoSuchMethodError'{0x000000008a26f618}: <clinit>> (0x000000008a26f618) thrown at [./src/hotspot/share/prims/jni.cpp, line 1362]
Event: 8141.612 Thread 0x0000021b69c7c000 Exception <a 'java/lang/NoSuchMethodError'{0x000000008a270920}: <clinit>> (0x000000008a270920) thrown at [./src/hotspot/share/prims/jni.cpp, line 1362]
Event: 8141.613 Thread 0x0000021b69c7c000 Exception <a 'java/lang/NoSuchMethodError'{0x000000008a2bd1d8}: <clinit>> (0x000000008a2bd1d8) thrown at [./src/hotspot/share/prims/jni.cpp, line 1362]
Event: 8141.616 Thread 0x0000021b69c7c000 Exception <a 'java/lang/NoSuchMethodError'{0x000000008a2e7728}: <clinit>> (0x000000008a2e7728) thrown at [./src/hotspot/share/prims/jni.cpp, line 1362]

Events (20 events):
Event: 8141.602 loading class groovy/runtime/metaclass/build_bg2ot6w365ylaecyuvacsa271$_run_closure1MetaClass
Event: 8141.602 loading class groovy/runtime/metaclass/build_bg2ot6w365ylaecyuvacsa271$_run_closure1MetaClass done
Event: 8141.603 loading class groovy/runtime/metaclass/build_bg2ot6w365ylaecyuvacsa271$_run_closure1$_closure3MetaClass
Event: 8141.603 loading class groovy/runtime/metaclass/build_bg2ot6w365ylaecyuvacsa271$_run_closure1$_closure3MetaClass done
Event: 8141.603 loading class groovy/runtime/metaclass/build_bg2ot6w365ylaecyuvacsa271$_run_closure1$_closure3$_closure4MetaClass
Event: 8141.603 loading class groovy/runtime/metaclass/build_bg2ot6w365ylaecyuvacsa271$_run_closure1$_closure3$_closure4MetaClass done
Event: 8141.605 loading class groovy/runtime/metaclass/build_bg2ot6w365ylaecyuvacsa271$_run_closure2MetaClass
Event: 8141.605 loading class groovy/runtime/metaclass/build_bg2ot6w365ylaecyuvacsa271$_run_closure2MetaClass done
Event: 8141.610 loading class groovy/runtime/metaclass/build_1uewrozd95fsdtcoq6xkjkx37MetaClass
Event: 8141.610 loading class groovy/runtime/metaclass/build_1uewrozd95fsdtcoq6xkjkx37MetaClass done
Event: 8141.614 loading class groovy/runtime/metaclass/build_1uewrozd95fsdtcoq6xkjkx37$_run_closure1MetaClass
Event: 8141.614 loading class groovy/runtime/metaclass/build_1uewrozd95fsdtcoq6xkjkx37$_run_closure1MetaClass done
Event: 8141.617 loading class groovy/runtime/metaclass/org/gradle/plugin/use/internal/PluginRequestCollector$PluginDependenciesSpecImplMetaClass
Event: 8141.617 loading class groovy/runtime/metaclass/org/gradle/plugin/use/internal/PluginRequestCollector$PluginDependenciesSpecImplMetaClass done
Event: 8141.623 loading class groovy/runtime/metaclass/org/gradle/api/internal/plugins/DefaultObjectConfigurationActionMetaClass
Event: 8141.623 loading class groovy/runtime/metaclass/org/gradle/api/internal/plugins/DefaultObjectConfigurationActionMetaClass done
Event: 8141.627 Executing VM operation: BulkRevokeBias
Event: 8141.630 Executing VM operation: BulkRevokeBias done
Event: 8141.658 loading class groovy/runtime/metaclass/org/gradle/internal/extensibility/DefaultConventionMetaClass
Event: 8141.658 loading class groovy/runtime/metaclass/org/gradle/internal/extensibility/DefaultConventionMetaClass done


Dynamic libraries:
0x00007ff72a1e0000 - 0x00007ff72a1ea000 	C:\Program Files\Android\Android Studio\jre\bin\java.exe
0x00007ffcf7d00000 - 0x00007ffcf7f07000 	C:\WINDOWS\SYSTEM32\ntdll.dll
0x00007ffcf5cd0000 - 0x00007ffcf5d8d000 	C:\WINDOWS\System32\KERNEL32.DLL
0x00007ffcf55e0000 - 0x00007ffcf5954000 	C:\WINDOWS\System32\KERNELBASE.dll
0x00007ffcf53b0000 - 0x00007ffcf54c1000 	C:\WINDOWS\System32\ucrtbase.dll
0x00007ffcb7cd0000 - 0x00007ffcb7ce9000 	C:\Program Files\Android\Android Studio\jre\bin\jli.dll
0x00007ffcbefe0000 - 0x00007ffcbeff7000 	C:\Program Files\Android\Android Studio\jre\bin\VCRUNTIME140.dll
0x00007ffcf5d90000 - 0x00007ffcf5f3c000 	C:\WINDOWS\System32\USER32.dll
0x00007ffcf51e0000 - 0x00007ffcf5206000 	C:\WINDOWS\System32\win32u.dll
0x00007ffce1600000 - 0x00007ffce18a5000 	C:\WINDOWS\WinSxS\amd64_microsoft.windows.common-controls_6595b64144ccf1df_6.0.22000.120_none_9d947278b86cc467\COMCTL32.dll
0x00007ffcf6dc0000 - 0x00007ffcf6e63000 	C:\WINDOWS\System32\msvcrt.dll
0x00007ffcf6940000 - 0x00007ffcf6969000 	C:\WINDOWS\System32\GDI32.dll
0x00007ffcf5210000 - 0x00007ffcf5322000 	C:\WINDOWS\System32\gdi32full.dll
0x00007ffcf54d0000 - 0x00007ffcf556d000 	C:\WINDOWS\System32\msvcp_win.dll
0x00007ffcf6ef0000 - 0x00007ffcf6f21000 	C:\WINDOWS\System32\IMM32.DLL
0x00007ffcb7c30000 - 0x00007ffcb7ccd000 	C:\Program Files\Android\Android Studio\jre\bin\msvcp140.dll
0x00007ffcc1420000 - 0x00007ffcc1eef000 	C:\Program Files\Android\Android Studio\jre\bin\server\jvm.dll
0x00007ffcf5b90000 - 0x00007ffcf5c3c000 	C:\WINDOWS\System32\ADVAPI32.dll
0x00007ffcf6880000 - 0x00007ffcf691d000 	C:\WINDOWS\System32\sechost.dll
0x00007ffcf6a80000 - 0x00007ffcf6ba1000 	C:\WINDOWS\System32\RPCRT4.dll
0x00007ffcf6930000 - 0x00007ffcf6938000 	C:\WINDOWS\System32\PSAPI.DLL
0x00007ffcf0070000 - 0x00007ffcf00a3000 	C:\WINDOWS\SYSTEM32\WINMM.dll
0x00007ffcecb80000 - 0x00007ffcecb8a000 	C:\WINDOWS\SYSTEM32\VERSION.dll
0x00007ffcf1560000 - 0x00007ffcf1569000 	C:\WINDOWS\SYSTEM32\WSOCK32.dll
0x00007ffcf5c40000 - 0x00007ffcf5caf000 	C:\WINDOWS\System32\WS2_32.dll
0x00007ffcf4300000 - 0x00007ffcf4318000 	C:\WINDOWS\SYSTEM32\kernel.appcore.dll
0x00007ffcf12f0000 - 0x00007ffcf1301000 	C:\Program Files\Android\Android Studio\jre\bin\verify.dll
0x00007ffceede0000 - 0x00007ffcef001000 	C:\WINDOWS\SYSTEM32\DBGHELP.DLL
0x00007ffce4610000 - 0x00007ffce4641000 	C:\WINDOWS\SYSTEM32\dbgcore.DLL
0x00007ffcf5330000 - 0x00007ffcf53b0000 	C:\WINDOWS\System32\bcryptPrimitives.dll
0x00007ffcf0220000 - 0x00007ffcf0249000 	C:\Program Files\Android\Android Studio\jre\bin\java.dll
0x00007ffcf1550000 - 0x00007ffcf155b000 	C:\Program Files\Android\Android Studio\jre\bin\jimage.dll
0x00007ffcf0200000 - 0x00007ffcf0218000 	C:\Program Files\Android\Android Studio\jre\bin\zip.dll
0x00007ffcf7490000 - 0x00007ffcf7c3a000 	C:\WINDOWS\System32\SHELL32.dll
0x00007ffcf3380000 - 0x00007ffcf3be2000 	C:\WINDOWS\SYSTEM32\windows.storage.dll
0x00007ffcf5f40000 - 0x00007ffcf62b8000 	C:\WINDOWS\System32\combase.dll
0x00007ffcf3210000 - 0x00007ffcf3376000 	C:\WINDOWS\SYSTEM32\wintypes.dll
0x00007ffcf6cd0000 - 0x00007ffcf6dba000 	C:\WINDOWS\System32\SHCORE.dll
0x00007ffcf6a20000 - 0x00007ffcf6a7d000 	C:\WINDOWS\System32\shlwapi.dll
0x00007ffcf5110000 - 0x00007ffcf5131000 	C:\WINDOWS\SYSTEM32\profapi.dll
0x00007ffcf01e0000 - 0x00007ffcf01fa000 	C:\Program Files\Android\Android Studio\jre\bin\net.dll
0x00007ffcefed0000 - 0x00007ffceffdc000 	C:\WINDOWS\SYSTEM32\WINHTTP.dll
0x00007ffcf4710000 - 0x00007ffcf4777000 	C:\WINDOWS\system32\mswsock.dll
0x00007ffcf01c0000 - 0x00007ffcf01d4000 	C:\Program Files\Android\Android Studio\jre\bin\nio.dll
0x00007ffcbfbc0000 - 0x00007ffcbfbe7000 	C:\Users\acer\.gradle\native\fdc75f09e3144964f2cf3f50f0aa648679c211496f362492102eb8c894070792\windows-amd64\native-platform.dll
0x00007ffcb7e80000 - 0x00007ffcb8016000 	C:\Users\acer\.gradle\native\12488b8bf47d2d4c9fbf2f6322a914ad602e24e48041cd04a747c6da556b65c4\windows-amd64\native-platform-file-events.dll
0x00007ffcf01b0000 - 0x00007ffcf01ba000 	C:\Program Files\Android\Android Studio\jre\bin\management.dll
0x00007ffcf01a0000 - 0x00007ffcf01ac000 	C:\Program Files\Android\Android Studio\jre\bin\management_ext.dll
0x00007ffcf4950000 - 0x00007ffcf4968000 	C:\WINDOWS\SYSTEM32\CRYPTSP.dll
0x00007ffcf4260000 - 0x00007ffcf4295000 	C:\WINDOWS\system32\rsaenh.dll
0x00007ffcf4800000 - 0x00007ffcf4829000 	C:\WINDOWS\SYSTEM32\USERENV.dll
0x00007ffcf4ad0000 - 0x00007ffcf4af7000 	C:\WINDOWS\SYSTEM32\bcrypt.dll
0x00007ffcf4970000 - 0x00007ffcf497c000 	C:\WINDOWS\SYSTEM32\CRYPTBASE.dll
0x00007ffcf3e30000 - 0x00007ffcf3e5d000 	C:\WINDOWS\SYSTEM32\IPHLPAPI.DLL
0x00007ffcf6920000 - 0x00007ffcf6929000 	C:\WINDOWS\System32\NSI.dll
0x00007ffcf0010000 - 0x00007ffcf0029000 	C:\WINDOWS\SYSTEM32\dhcpcsvc6.DLL
0x00007ffcf0d70000 - 0x00007ffcf0d8e000 	C:\WINDOWS\SYSTEM32\dhcpcsvc.DLL
0x00007ffcf3e60000 - 0x00007ffcf3f47000 	C:\WINDOWS\SYSTEM32\DNSAPI.dll
0x00007ffcef150000 - 0x00007ffcef15c000 	C:\WINDOWS\SYSTEM32\WINNSI.DLL

dbghelp: loaded successfully - version: 4.0.5 - missing functions: none
symbol engine: initialized successfully - sym options: 0x614 - pdb path: .;C:\Program Files\Android\Android Studio\jre\bin;C:\WINDOWS\SYSTEM32;C:\WINDOWS\WinSxS\amd64_microsoft.windows.common-controls_6595b64144ccf1df_6.0.22000.120_none_9d947278b86cc467;C:\Program Files\Android\Android Studio\jre\bin\server;C:\Users\acer\.gradle\native\fdc75f09e3144964f2cf3f50f0aa648679c211496f362492102eb8c894070792\windows-amd64;C:\Users\acer\.gradle\native\12488b8bf47d2d4c9fbf2f6322a914ad602e24e48041cd04a747c6da556b65c4\windows-amd64

VM Arguments:
jvm_args: --add-opens=java.base/java.util=ALL-UNNAMED --add-opens=java.base/java.lang=ALL-UNNAMED --add-opens=java.base/java.lang.invoke=ALL-UNNAMED --add-opens=java.prefs/java.util.prefs=ALL-UNNAMED -Xmx2048m -Dfile.encoding=UTF-8 -Duser.country=US -Duser.language=en -Duser.variant 
java_command: org.gradle.launcher.daemon.bootstrap.GradleDaemon 6.7.1
java_class_path (initial): C:\Users\acer\.gradle\wrapper\dists\gradle-6.7.1-bin\bwlcbys1h7rz3272sye1xwiv6\gradle-6.7.1\lib\gradle-launcher-6.7.1.jar
Launcher Type: SUN_STANDARD

[Global flags]
     intx CICompilerCount                          = 4                                         {product} {ergonomic}
     uint ConcGCThreads                            = 2                                         {product} {ergonomic}
     uint G1ConcRefinementThreads                  = 8                                         {product} {ergonomic}
   size_t G1HeapRegionSize                         = 1048576                                   {product} {ergonomic}
    uintx GCDrainStackTargetSize                   = 64                                        {product} {ergonomic}
   size_t InitialHeapSize                          = 100663296                                 {product} {ergonomic}
   size_t MarkStackSize                            = 4194304                                   {product} {ergonomic}
   size_t MaxHeapSize                              = 2147483648                                {product} {command line}
   size_t MaxNewSize                               = 1287651328                                {product} {ergonomic}
   size_t MinHeapDeltaBytes                        = 1048576                                   {product} {ergonomic}
    uintx NonNMethodCodeHeapSize                   = 5836300                                {pd product} {ergonomic}
    uintx NonProfiledCodeHeapSize                  = 122910970                              {pd product} {ergonomic}
    uintx ProfiledCodeHeapSize                     = 122910970                              {pd product} {ergonomic}
    uintx ReservedCodeCacheSize                    = 251658240                              {pd product} {ergonomic}
     bool SegmentedCodeCache                       = true                                      {product} {ergonomic}
     bool UseCompressedClassPointers               = true                                 {lp64_product} {ergonomic}
     bool UseCompressedOops                        = true                                 {lp64_product} {ergonomic}
     bool UseG1GC                                  = true                                      {product} {ergonomic}
     bool UseLargePagesIndividualAllocation        = false                                  {pd product} {ergonomic}

Logging:
Log output configuration:
 #0: stdout all=warning uptime,level,tags
 #1: stderr all=off uptime,level,tags

Environment Variables:
PATH=C:\Program Files (x86)\Common Files\Oracle\Java\javapath;C:\WINDOWS\system32;C:\WINDOWS;C:\WINDOWS\System32\Wbem;C:\WINDOWS\System32\WindowsPowerShell\v1.0\;C:\WINDOWS\System32\OpenSSH\;D:\Nodejs\;C:\Program Files\Git\cmd;D:\Xampp\php;C:\ProgramData\ComposerSetup\bin;C:\Users\acer\AppData\Local\Microsoft\WindowsApps;C:\Users\acer\AppData\Local\Programs\Microsoft VS Code\bin;C:\Users\acer\AppData\Roaming\npm;C:\Users\acer\AppData\Roaming\Composer\vendor\bin;C:\Users\acer\AppData\Local\GitHubDesktop\bin;C:\Users\acer\AppData\Local\gitkraken\bin;C:\Users\acer\AppData\Local\Microsoft\WindowsApps;C:\ProgramData\acer\gitkraken\bin
USERNAME=acer
OS=Windows_NT
PROCESSOR_IDENTIFIER=AMD64 Family 23 Model 24 Stepping 1, AuthenticAMD



---------------  S Y S T E M  ---------------

OS: Windows 10 , 64 bit Build 22000 (10.0.22000.318)
OS uptime: 0 days 2:18 hours

CPU:total 8 (initial active 8) (8 cores per cpu, 2 threads per core) family 23 model 24 stepping 1 microcode 0x0, cmov, cx8, fxsr, mmx, sse, sse2, sse3, ssse3, sse4.1, sse4.2, popcnt, avx, avx2, aes, clmul, mmxext, 3dnowpref, lzcnt, sse4a, ht, tsc, tscinvbit, tscinv, bmi1, bmi2, adx, s

Memory: 4k page, system-wide physical 6082M (75M free)
TotalPageFile size 14082M (AvailPageFile size 7M)
current process WorkingSet (physical memory assigned to process): 405M, peak: 464M
current process commit charge ("private bytes"): 577M, peak: 583M

vm_info: OpenJDK 64-Bit Server VM (11.0.10+0-b96-7249189) for windows-amd64 JRE (11.0.10+0-b96-7249189), built on Mar 31 2021 21:44:00 by "builder" with MS VC++ 14.0 (VS2015)

END.
