#
# There is insufficient memory for the Java Runtime Environment to continue.
# Native memory allocation (mmap) failed to map 118489088 bytes for Failed to commit area from 0x0000000088c00000 to 0x000000008fd00000 of length 118489088.
# Possible reasons:
#   The system is out of physical RAM or swap space
#   The process is running with CompressedOops enabled, and the Java Heap may be blocking the growth of the native heap
# Possible solutions:
#   Reduce memory load on the system
#   Increase physical memory or swap space
#   Check if swap backing store is full
#   Decrease Java heap size (-Xmx/-Xms)
#   Decrease number of Java threads
#   Decrease Java thread stack sizes (-Xss)
#   Set larger code cache with -XX:ReservedCodeCacheSize=
#   JVM is running with Unscaled Compressed Oops mode in which the Java heap is
#     placed in the first 4GB address space. The Java Heap base address is the
#     maximum limit for the native heap growth. Please use -XX:HeapBaseMinAddress
#     to set the Java Heap base and to place the Java Heap above 4GB virtual address.
# This output file may be truncated or incomplete.
#
#  Out of Memory Error (./src/hotspot/os/windows/os_windows.cpp:3303), pid=2792, tid=10612
#
# JRE version: OpenJDK Runtime Environment (11.0.8+10) (build 11.0.8+10-b944.6842174)
# Java VM: OpenJDK 64-Bit Server VM (11.0.8+10-b944.6842174, mixed mode, tiered, compressed oops, g1 gc, windows-amd64)
# No core dump will be written. Minidumps are not enabled by default on client versions of Windows
#

---------------  S U M M A R Y ------------

Command Line: --add-opens=java.base/java.util=ALL-UNNAMED --add-opens=java.base/java.lang=ALL-UNNAMED --add-opens=java.base/java.lang.invoke=ALL-UNNAMED --add-opens=java.prefs/java.util.prefs=ALL-UNNAMED -Xmx2048m -Dfile.encoding=UTF-8 -Duser.country=US -Duser.language=en -Duser.variant org.gradle.launcher.daemon.bootstrap.GradleDaemon 6.7.1

Host: AMD Ryzen 5 3550H with Radeon Vega Mobile Gfx  , 8 cores, 5G,  Windows 10 , 64 bit Build 19041 (10.0.19041.1200)
Time: Wed Sep 15 14:22:46 2021 SE Asia Standard Time elapsed time: 25 seconds (0d 0h 0m 25s)

---------------  T H R E A D  ---------------

Current thread (0x000001d279aa4000):  VMThread "VM Thread" [stack: 0x0000007e71a00000,0x0000007e71b00000] [id=10612]

Stack: [0x0000007e71a00000,0x0000007e71b00000]
[error occurred during error reporting (printing stack bounds), id 0xc0000005, EXCEPTION_ACCESS_VIOLATION (0xc0000005) at pc=0x000001d200000dad]

Native frames: (J=compiled Java code, j=interpreted, Vv=VM code, C=native code)
V  [jvm.dll+0x5de50a]
V  [jvm.dll+0x7122f5]
V  [jvm.dll+0x71384d]
V  [jvm.dll+0x713e65]
V  [jvm.dll+0x713e1b]
V  [jvm.dll+0x5dd958]
V  [jvm.dll+0x5de0f8]
C  [ntdll.dll+0xa20cf]
C  [ntdll.dll+0x51454]
C  [ntdll.dll+0xa0bfe]
C  0x000001d200000dad

VM_Operation (0x0000007e748f9720): G1CollectForAllocation, mode: safepoint, requested by thread 0x000001d27cb31800


---------------  P R O C E S S  ---------------

Threads class SMR info:
_java_thread_list=0x000001d2162f31d0, length=152, elements={
0x000001d26dfbb800, 0x000001d279aaa800, 0x000001d279aac000, 0x000001d27a455000,
0x000001d27a456000, 0x000001d27a457800, 0x000001d27a45e000, 0x000001d279ac2800,
0x000001d27a5ab000, 0x000001d27a5f4000, 0x000001d27bdee000, 0x000001d27c5e5800,
0x000001d27cfeb000, 0x000001d27b7b0000, 0x000001d27b8d9800, 0x000001d27ba3f800,
0x000001d27bb22000, 0x000001d27bb23000, 0x000001d27bb24000, 0x000001d27ba80000,
0x000001d27cbf6800, 0x000001d27cbf8000, 0x000001d27cbf9000, 0x000001d27cbf9800,
0x000001d27cbfa800, 0x000001d27cbf7000, 0x000001d27cbf4800, 0x000001d27cbf5800,
0x000001d27cbfb000, 0x000001d27cb30800, 0x000001d27cb2e000, 0x000001d27cb31800,
0x000001d27cb32000, 0x000001d27cb33000, 0x000001d27cb34000, 0x000001d27ab62000,
0x000001d27ab63000, 0x000001d27ab61800, 0x000001d27ab5d000, 0x000001d27ab5f800,
0x000001d27ab64000, 0x000001d27ab5e000, 0x000001d27ab64800, 0x000001d27ab5f000,
0x000001d27ab65800, 0x000001d27ab60800, 0x000001d27ab6a800, 0x000001d27ab6b000,
0x000001d27ab6c000, 0x000001d27ab69800, 0x000001d27ab68800, 0x000001d27ab66000,
0x000001d27ab67000, 0x000001d27ab68000, 0x000001d27df6e000, 0x000001d27df72000,
0x000001d27df6c800, 0x000001d27df73000, 0x000001d27df70800, 0x000001d27df71000,
0x000001d27df6d000, 0x000001d27df6e800, 0x000001d27df73800, 0x000001d27df74800,
0x000001d27df6f800, 0x000001d27df7b000, 0x000001d27df75800, 0x000001d27df77000,
0x000001d27df79800, 0x000001d27df76000, 0x000001d27df7a000, 0x000001d27df77800,
0x000001d27df78800, 0x000001d20f1ec800, 0x000001d20f1ed000, 0x000001d20f1ee000,
0x000001d20f1ef800, 0x000001d20f1f3000, 0x000001d20f1f1800, 0x000001d20f1ef000,
0x000001d20f1f0800, 0x000001d20f1f2000, 0x000001d20f1f7000, 0x000001d20f1f8000,
0x000001d20f1f8800, 0x000001d20f1f6000, 0x000001d20f1f3800, 0x000001d20f1f9800,
0x000001d20f1fa800, 0x000001d20f1f4800, 0x000001d20f1fb000, 0x000001d20f1f5800,
0x000001d27e0be800, 0x000001d27e0bc800, 0x000001d27e0c0800, 0x000001d27e0c2800,
0x000001d27e0c1800, 0x000001d27e0c3000, 0x000001d27e0c0000, 0x000001d27e0bd800,
0x000001d27e0c4000, 0x000001d27e0c5000, 0x000001d27e0bf000, 0x000001d27e0c7000,
0x000001d27e0c6800, 0x000001d27e0c8000, 0x000001d27e0ca800, 0x000001d27e0c5800,
0x000001d27e0c9000, 0x000001d27e0c9800, 0x000001d27e0cb800, 0x000001d27e359800,
0x000001d27e35b000, 0x000001d27e35c000, 0x000001d27e35c800, 0x000001d27e35d800,
0x000001d27e35e000, 0x000001d27e358800, 0x000001d27e35f000, 0x000001d27e360000,
0x000001d27e35a000, 0x000001d27e366800, 0x000001d27e362800, 0x000001d27e360800,
0x000001d27e363000, 0x000001d27e367000, 0x000001d27e364000, 0x000001d27e361800,
0x000001d27e365000, 0x000001d27e365800, 0x000001d20f3d8000, 0x000001d20f3d7000,
0x000001d20f3d3000, 0x000001d20f3d6800, 0x000001d20f3d4000, 0x000001d20f3d4800,
0x000001d20f3d5800, 0x000001d20f3d2800, 0x000001d20f3d9000, 0x000001d20f3df800,
0x000001d20f3d9800, 0x000001d20f3dd800, 0x000001d20f3e0000, 0x000001d20f3db800,
0x000001d20f3da800, 0x000001d20f3e1000, 0x000001d20f3dc000, 0x000001d20f3dd000,
0x000001d27c324000, 0x000001d27c327800, 0x000001d27c321800, 0x000001d27c328000
}

Java Threads: ( => current thread )
  0x000001d26dfbb800 JavaThread "main" [_thread_blocked, id=5696, stack(0x0000007e71400000,0x0000007e71500000)]
  0x000001d279aaa800 JavaThread "Reference Handler" daemon [_thread_blocked, id=12740, stack(0x0000007e71b00000,0x0000007e71c00000)]
  0x000001d279aac000 JavaThread "Finalizer" daemon [_thread_blocked, id=15696, stack(0x0000007e71c00000,0x0000007e71d00000)]
  0x000001d27a455000 JavaThread "Signal Dispatcher" daemon [_thread_blocked, id=16856, stack(0x0000007e71d00000,0x0000007e71e00000)]
  0x000001d27a456000 JavaThread "Attach Listener" daemon [_thread_blocked, id=1404, stack(0x0000007e71e00000,0x0000007e71f00000)]
  0x000001d27a457800 JavaThread "C2 CompilerThread0" daemon [_thread_in_native, id=12920, stack(0x0000007e71f00000,0x0000007e72000000)]
  0x000001d27a45e000 JavaThread "C1 CompilerThread0" daemon [_thread_blocked, id=4360, stack(0x0000007e72000000,0x0000007e72100000)]
  0x000001d279ac2800 JavaThread "Sweeper thread" daemon [_thread_blocked, id=12660, stack(0x0000007e72100000,0x0000007e72200000)]
  0x000001d27a5ab000 JavaThread "Common-Cleaner" daemon [_thread_blocked, id=2260, stack(0x0000007e72200000,0x0000007e72300000)]
  0x000001d27a5f4000 JavaThread "Service Thread" daemon [_thread_blocked, id=15368, stack(0x0000007e72300000,0x0000007e72400000)]
  0x000001d27bdee000 JavaThread "Daemon health stats" [_thread_blocked, id=15980, stack(0x0000007e72700000,0x0000007e72800000)]
  0x000001d27c5e5800 JavaThread "Incoming local TCP Connector on port 62486" [_thread_in_native, id=14416, stack(0x0000007e72900000,0x0000007e72a00000)]
  0x000001d27cfeb000 JavaThread "Daemon periodic checks" [_thread_blocked, id=10256, stack(0x0000007e72a00000,0x0000007e72b00000)]
  0x000001d27b7b0000 JavaThread "Daemon" [_thread_blocked, id=16076, stack(0x0000007e72b00000,0x0000007e72c00000)]
  0x000001d27b8d9800 JavaThread "Handler for socket connection from /127.0.0.1:62486 to /127.0.0.1:62488" [_thread_in_native, id=12268, stack(0x0000007e72c00000,0x0000007e72d00000)]
  0x000001d27ba3f800 JavaThread "Cancel handler" [_thread_blocked, id=2028, stack(0x0000007e73600000,0x0000007e73700000)]
  0x000001d27bb22000 JavaThread "Daemon worker" [_thread_blocked, id=1304, stack(0x0000007e73700000,0x0000007e73800000)]
  0x000001d27bb23000 JavaThread "Asynchronous log dispatcher for DefaultDaemonConnection: socket connection from /127.0.0.1:62486 to /127.0.0.1:62488" [_thread_blocked, id=5288, stack(0x0000007e73800000,0x0000007e73900000)]
  0x000001d27bb24000 JavaThread "Stdin handler" [_thread_blocked, id=5028, stack(0x0000007e73900000,0x0000007e73a00000)]
  0x000001d27ba80000 JavaThread "Thread-8" [_thread_blocked, id=8528, stack(0x0000007e73a00000,0x0000007e73b00000)]
  0x000001d27cbf6800 JavaThread "Cache worker for file hash cache (C:\Users\acer\.gradle\caches\6.7.1\fileHashes)" [_thread_blocked, id=16192, stack(0x0000007e73b00000,0x0000007e73c00000)]
  0x000001d27cbf8000 JavaThread "File lock request listener" [_thread_in_native, id=6940, stack(0x0000007e73c00000,0x0000007e73d00000)]
  0x000001d27cbf9000 JavaThread "Cache worker for journal cache (C:\Users\acer\.gradle\caches\journal-1)" [_thread_blocked, id=7800, stack(0x0000007e73e00000,0x0000007e73f00000)]
  0x000001d27cbf9800 JavaThread "Cache worker for file hash cache (D:\Du an truong\DuanPhonestore\.gradle\6.7.1\fileHashes)" [_thread_blocked, id=17012, stack(0x0000007e74000000,0x0000007e74100000)]
  0x000001d27cbfa800 JavaThread "Cache worker for checksums cache (D:\Du an truong\DuanPhonestore\.gradle\checksums)" [_thread_blocked, id=17336, stack(0x0000007e74100000,0x0000007e74200000)]
  0x000001d27cbf7000 JavaThread "Cache worker for cache directory md-supplier (C:\Users\acer\.gradle\caches\6.7.1\md-supplier)" [_thread_blocked, id=4224, stack(0x0000007e74200000,0x0000007e74300000)]
  0x000001d27cbf4800 JavaThread "Cache worker for cache directory md-rule (C:\Users\acer\.gradle\caches\6.7.1\md-rule)" [_thread_blocked, id=8260, stack(0x0000007e74300000,0x0000007e74400000)]
  0x000001d27cbf5800 JavaThread "Cache worker for execution history cache (C:\Users\acer\.gradle\caches\6.7.1\executionHistory)" [_thread_blocked, id=9644, stack(0x0000007e74400000,0x0000007e74500000)]
  0x000001d27cbfb000 JavaThread "jar transforms" [_thread_blocked, id=13040, stack(0x0000007e74500000,0x0000007e74600000)]
  0x000001d27cb30800 JavaThread "Cache worker for file content cache (C:\Users\acer\.gradle\caches\6.7.1\fileContent)" [_thread_blocked, id=5944, stack(0x0000007e74600000,0x0000007e74700000)]
  0x000001d27cb2e000 JavaThread "Cache worker for Build Output Cleanup Cache (D:\Du an truong\DuanPhonestore\.gradle\buildOutputCleanup)" [_thread_blocked, id=10980, stack(0x0000007e74700000,0x0000007e74800000)]
  0x000001d27cb31800 JavaThread "Build operations" [_thread_blocked, id=9696, stack(0x0000007e74800000,0x0000007e74900000)]
  0x000001d27cb32000 JavaThread "Build operations Thread 2" [_thread_blocked, id=4172, stack(0x0000007e74900000,0x0000007e74a00000)]
  0x000001d27cb33000 JavaThread "Build operations Thread 3" [_thread_blocked, id=1008, stack(0x0000007e74a00000,0x0000007e74b00000)]
  0x000001d27cb34000 JavaThread "Build operations Thread 4" [_thread_blocked, id=6852, stack(0x0000007e74b00000,0x0000007e74c00000)]
  0x000001d27ab62000 JavaThread "Build operations Thread 5" [_thread_blocked, id=7980, stack(0x0000007e74c00000,0x0000007e74d00000)]
  0x000001d27ab63000 JavaThread "Build operations Thread 6" [_thread_blocked, id=9796, stack(0x0000007e74d00000,0x0000007e74e00000)]
  0x000001d27ab61800 JavaThread "Build operations Thread 7" [_thread_blocked, id=10216, stack(0x0000007e74e00000,0x0000007e74f00000)]
  0x000001d27ab5d000 JavaThread "Build operations Thread 8" [_thread_blocked, id=8320, stack(0x0000007e74f00000,0x0000007e75000000)]
  0x000001d27ab5f800 JavaThread "jar transforms Thread 2" [_thread_blocked, id=16272, stack(0x0000007e75000000,0x0000007e75100000)]
  0x000001d27ab64000 JavaThread "jar transforms Thread 3" [_thread_blocked, id=8820, stack(0x0000007e75100000,0x0000007e75200000)]
  0x000001d27ab5e000 JavaThread "jar transforms Thread 4" [_thread_blocked, id=8576, stack(0x0000007e75200000,0x0000007e75300000)]
  0x000001d27ab64800 JavaThread "jar transforms Thread 5" [_thread_blocked, id=14224, stack(0x0000007e75300000,0x0000007e75400000)]
  0x000001d27ab5f000 JavaThread "jar transforms Thread 6" [_thread_blocked, id=6196, stack(0x0000007e75400000,0x0000007e75500000)]
  0x000001d27ab65800 JavaThread "jar transforms Thread 7" [_thread_blocked, id=6128, stack(0x0000007e75500000,0x0000007e75600000)]
  0x000001d27ab60800 JavaThread "jar transforms Thread 8" [_thread_blocked, id=14776, stack(0x0000007e75600000,0x0000007e75700000)]
  0x000001d27ab6a800 JavaThread "jar transforms Thread 9" [_thread_blocked, id=3088, stack(0x0000007e75700000,0x0000007e75800000)]
  0x000001d27ab6b000 JavaThread "jar transforms Thread 10" [_thread_blocked, id=14580, stack(0x0000007e75800000,0x0000007e75900000)]
  0x000001d27ab6c000 JavaThread "jar transforms Thread 11" [_thread_blocked, id=7960, stack(0x0000007e75900000,0x0000007e75a00000)]
  0x000001d27ab69800 JavaThread "jar transforms Thread 12" [_thread_blocked, id=6460, stack(0x0000007e75a00000,0x0000007e75b00000)]
  0x000001d27ab68800 JavaThread "jar transforms Thread 13" [_thread_blocked, id=14344, stack(0x0000007e75b00000,0x0000007e75c00000)]
  0x000001d27ab66000 JavaThread "jar transforms Thread 14" [_thread_blocked, id=11564, stack(0x0000007e75c00000,0x0000007e75d00000)]
  0x000001d27ab67000 JavaThread "jar transforms Thread 15" [_thread_blocked, id=14388, stack(0x0000007e75d00000,0x0000007e75e00000)]
  0x000001d27ab68000 JavaThread "jar transforms Thread 16" [_thread_blocked, id=8764, stack(0x0000007e75e00000,0x0000007e75f00000)]
  0x000001d27df6e000 JavaThread "jar transforms Thread 17" [_thread_blocked, id=15868, stack(0x0000007e75f00000,0x0000007e76000000)]
  0x000001d27df72000 JavaThread "jar transforms Thread 18" [_thread_blocked, id=15192, stack(0x0000007e76000000,0x0000007e76100000)]
  0x000001d27df6c800 JavaThread "jar transforms Thread 19" [_thread_blocked, id=8732, stack(0x0000007e76100000,0x0000007e76200000)]
  0x000001d27df73000 JavaThread "jar transforms Thread 20" [_thread_blocked, id=16800, stack(0x0000007e76200000,0x0000007e76300000)]
  0x000001d27df70800 JavaThread "jar transforms Thread 21" [_thread_blocked, id=10396, stack(0x0000007e76300000,0x0000007e76400000)]
  0x000001d27df71000 JavaThread "jar transforms Thread 22" [_thread_blocked, id=6544, stack(0x0000007e76400000,0x0000007e76500000)]
  0x000001d27df6d000 JavaThread "jar transforms Thread 23" [_thread_blocked, id=10456, stack(0x0000007e76500000,0x0000007e76600000)]
  0x000001d27df6e800 JavaThread "jar transforms Thread 24" [_thread_blocked, id=1628, stack(0x0000007e76600000,0x0000007e76700000)]
  0x000001d27df73800 JavaThread "jar transforms Thread 25" [_thread_blocked, id=11460, stack(0x0000007e76700000,0x0000007e76800000)]
  0x000001d27df74800 JavaThread "jar transforms Thread 26" [_thread_blocked, id=15808, stack(0x0000007e76800000,0x0000007e76900000)]
  0x000001d27df6f800 JavaThread "jar transforms Thread 27" [_thread_blocked, id=14128, stack(0x0000007e76900000,0x0000007e76a00000)]
  0x000001d27df7b000 JavaThread "jar transforms Thread 28" [_thread_blocked, id=5548, stack(0x0000007e76a00000,0x0000007e76b00000)]
  0x000001d27df75800 JavaThread "jar transforms Thread 29" [_thread_blocked, id=1356, stack(0x0000007e76b00000,0x0000007e76c00000)]
  0x000001d27df77000 JavaThread "jar transforms Thread 30" [_thread_blocked, id=7384, stack(0x0000007e76c00000,0x0000007e76d00000)]
  0x000001d27df79800 JavaThread "jar transforms Thread 31" [_thread_blocked, id=12208, stack(0x0000007e76d00000,0x0000007e76e00000)]
  0x000001d27df76000 JavaThread "jar transforms Thread 32" [_thread_blocked, id=10636, stack(0x0000007e76e00000,0x0000007e76f00000)]
  0x000001d27df7a000 JavaThread "jar transforms Thread 33" [_thread_blocked, id=13948, stack(0x0000007e76f00000,0x0000007e77000000)]
  0x000001d27df77800 JavaThread "jar transforms Thread 34" [_thread_blocked, id=17248, stack(0x0000007e77000000,0x0000007e77100000)]
  0x000001d27df78800 JavaThread "jar transforms Thread 35" [_thread_blocked, id=16628, stack(0x0000007e77100000,0x0000007e77200000)]
  0x000001d20f1ec800 JavaThread "jar transforms Thread 36" [_thread_blocked, id=11268, stack(0x0000007e77200000,0x0000007e77300000)]
  0x000001d20f1ed000 JavaThread "jar transforms Thread 37" [_thread_blocked, id=7916, stack(0x0000007e77300000,0x0000007e77400000)]
  0x000001d20f1ee000 JavaThread "jar transforms Thread 38" [_thread_blocked, id=13392, stack(0x0000007e77400000,0x0000007e77500000)]
  0x000001d20f1ef800 JavaThread "jar transforms Thread 39" [_thread_blocked, id=13440, stack(0x0000007e77500000,0x0000007e77600000)]
  0x000001d20f1f3000 JavaThread "jar transforms Thread 40" [_thread_blocked, id=1532, stack(0x0000007e77600000,0x0000007e77700000)]
  0x000001d20f1f1800 JavaThread "jar transforms Thread 41" [_thread_blocked, id=15736, stack(0x0000007e77700000,0x0000007e77800000)]
  0x000001d20f1ef000 JavaThread "jar transforms Thread 42" [_thread_blocked, id=17192, stack(0x0000007e77800000,0x0000007e77900000)]
  0x000001d20f1f0800 JavaThread "jar transforms Thread 43" [_thread_blocked, id=16020, stack(0x0000007e77900000,0x0000007e77a00000)]
  0x000001d20f1f2000 JavaThread "jar transforms Thread 44" [_thread_blocked, id=14004, stack(0x0000007e77a00000,0x0000007e77b00000)]
  0x000001d20f1f7000 JavaThread "jar transforms Thread 45" [_thread_blocked, id=14120, stack(0x0000007e77b00000,0x0000007e77c00000)]
  0x000001d20f1f8000 JavaThread "jar transforms Thread 46" [_thread_blocked, id=12672, stack(0x0000007e77c00000,0x0000007e77d00000)]
  0x000001d20f1f8800 JavaThread "jar transforms Thread 47" [_thread_blocked, id=8208, stack(0x0000007e77d00000,0x0000007e77e00000)]
  0x000001d20f1f6000 JavaThread "jar transforms Thread 48" [_thread_blocked, id=13016, stack(0x0000007e77e00000,0x0000007e77f00000)]
  0x000001d20f1f3800 JavaThread "jar transforms Thread 49" [_thread_blocked, id=9784, stack(0x0000007e77f00000,0x0000007e78000000)]
  0x000001d20f1f9800 JavaThread "jar transforms Thread 50" [_thread_blocked, id=9852, stack(0x0000007e78000000,0x0000007e78100000)]
  0x000001d20f1fa800 JavaThread "jar transforms Thread 51" [_thread_blocked, id=13140, stack(0x0000007e78100000,0x0000007e78200000)]
  0x000001d20f1f4800 JavaThread "jar transforms Thread 52" [_thread_blocked, id=6908, stack(0x0000007e78200000,0x0000007e78300000)]
  0x000001d20f1fb000 JavaThread "jar transforms Thread 53" [_thread_blocked, id=16084, stack(0x0000007e78300000,0x0000007e78400000)]
  0x000001d20f1f5800 JavaThread "jar transforms Thread 54" [_thread_blocked, id=9556, stack(0x0000007e78400000,0x0000007e78500000)]
  0x000001d27e0be800 JavaThread "jar transforms Thread 55" [_thread_blocked, id=9248, stack(0x0000007e78500000,0x0000007e78600000)]
  0x000001d27e0bc800 JavaThread "jar transforms Thread 56" [_thread_blocked, id=13256, stack(0x0000007e78600000,0x0000007e78700000)]
  0x000001d27e0c0800 JavaThread "jar transforms Thread 57" [_thread_blocked, id=15296, stack(0x0000007e78700000,0x0000007e78800000)]
  0x000001d27e0c2800 JavaThread "jar transforms Thread 58" [_thread_blocked, id=8472, stack(0x0000007e78800000,0x0000007e78900000)]
  0x000001d27e0c1800 JavaThread "jar transforms Thread 59" [_thread_blocked, id=7932, stack(0x0000007e78900000,0x0000007e78a00000)]
  0x000001d27e0c3000 JavaThread "jar transforms Thread 60" [_thread_blocked, id=1576, stack(0x0000007e78a00000,0x0000007e78b00000)]
  0x000001d27e0c0000 JavaThread "jar transforms Thread 61" [_thread_blocked, id=5512, stack(0x0000007e78b00000,0x0000007e78c00000)]
  0x000001d27e0bd800 JavaThread "jar transforms Thread 62" [_thread_blocked, id=1084, stack(0x0000007e78c00000,0x0000007e78d00000)]
  0x000001d27e0c4000 JavaThread "jar transforms Thread 63" [_thread_blocked, id=3084, stack(0x0000007e78d00000,0x0000007e78e00000)]
  0x000001d27e0c5000 JavaThread "jar transforms Thread 64" [_thread_blocked, id=10000, stack(0x0000007e78e00000,0x0000007e78f00000)]
  0x000001d27e0bf000 JavaThread "jar transforms Thread 65" [_thread_blocked, id=7632, stack(0x0000007e78f00000,0x0000007e79000000)]
  0x000001d27e0c7000 JavaThread "jar transforms Thread 66" [_thread_blocked, id=6168, stack(0x0000007e79000000,0x0000007e79100000)]
  0x000001d27e0c6800 JavaThread "jar transforms Thread 67" [_thread_blocked, id=7428, stack(0x0000007e79100000,0x0000007e79200000)]
  0x000001d27e0c8000 JavaThread "jar transforms Thread 68" [_thread_blocked, id=15440, stack(0x0000007e79200000,0x0000007e79300000)]
  0x000001d27e0ca800 JavaThread "jar transforms Thread 69" [_thread_blocked, id=8244, stack(0x0000007e79300000,0x0000007e79400000)]
  0x000001d27e0c5800 JavaThread "jar transforms Thread 70" [_thread_blocked, id=3544, stack(0x0000007e79400000,0x0000007e79500000)]
  0x000001d27e0c9000 JavaThread "jar transforms Thread 71" [_thread_blocked, id=15588, stack(0x0000007e79500000,0x0000007e79600000)]
  0x000001d27e0c9800 JavaThread "jar transforms Thread 72" [_thread_blocked, id=5544, stack(0x0000007e79600000,0x0000007e79700000)]
  0x000001d27e0cb800 JavaThread "jar transforms Thread 73" [_thread_blocked, id=15720, stack(0x0000007e79700000,0x0000007e79800000)]
  0x000001d27e359800 JavaThread "jar transforms Thread 74" [_thread_blocked, id=1088, stack(0x0000007e79800000,0x0000007e79900000)]
  0x000001d27e35b000 JavaThread "jar transforms Thread 75" [_thread_blocked, id=10596, stack(0x0000007e79900000,0x0000007e79a00000)]
  0x000001d27e35c000 JavaThread "jar transforms Thread 76" [_thread_blocked, id=6596, stack(0x0000007e79a00000,0x0000007e79b00000)]
  0x000001d27e35c800 JavaThread "jar transforms Thread 77" [_thread_blocked, id=11536, stack(0x0000007e79b00000,0x0000007e79c00000)]
  0x000001d27e35d800 JavaThread "jar transforms Thread 78" [_thread_blocked, id=13776, stack(0x0000007e79c00000,0x0000007e79d00000)]
  0x000001d27e35e000 JavaThread "jar transforms Thread 79" [_thread_blocked, id=12192, stack(0x0000007e79d00000,0x0000007e79e00000)]
  0x000001d27e358800 JavaThread "jar transforms Thread 80" [_thread_blocked, id=7976, stack(0x0000007e79e00000,0x0000007e79f00000)]
  0x000001d27e35f000 JavaThread "jar transforms Thread 81" [_thread_blocked, id=8588, stack(0x0000007e79f00000,0x0000007e7a000000)]
  0x000001d27e360000 JavaThread "jar transforms Thread 82" [_thread_blocked, id=15048, stack(0x0000007e7a000000,0x0000007e7a100000)]
  0x000001d27e35a000 JavaThread "jar transforms Thread 83" [_thread_blocked, id=11144, stack(0x0000007e7a100000,0x0000007e7a200000)]
  0x000001d27e366800 JavaThread "jar transforms Thread 84" [_thread_blocked, id=4044, stack(0x0000007e7a200000,0x0000007e7a300000)]
  0x000001d27e362800 JavaThread "jar transforms Thread 85" [_thread_blocked, id=1160, stack(0x0000007e7a300000,0x0000007e7a400000)]
  0x000001d27e360800 JavaThread "jar transforms Thread 86" [_thread_blocked, id=6636, stack(0x0000007e7a400000,0x0000007e7a500000)]
  0x000001d27e363000 JavaThread "jar transforms Thread 87" [_thread_blocked, id=11412, stack(0x0000007e7a500000,0x0000007e7a600000)]
  0x000001d27e367000 JavaThread "jar transforms Thread 88" [_thread_blocked, id=16132, stack(0x0000007e7a600000,0x0000007e7a700000)]
  0x000001d27e364000 JavaThread "jar transforms Thread 89" [_thread_blocked, id=8884, stack(0x0000007e7a700000,0x0000007e7a800000)]
  0x000001d27e361800 JavaThread "jar transforms Thread 90" [_thread_blocked, id=340, stack(0x0000007e7a800000,0x0000007e7a900000)]
  0x000001d27e365000 JavaThread "jar transforms Thread 91" [_thread_blocked, id=13960, stack(0x0000007e7a900000,0x0000007e7aa00000)]
  0x000001d27e365800 JavaThread "jar transforms Thread 92" [_thread_blocked, id=4120, stack(0x0000007e7aa00000,0x0000007e7ab00000)]
  0x000001d20f3d8000 JavaThread "jar transforms Thread 93" [_thread_blocked, id=16804, stack(0x0000007e7ab00000,0x0000007e7ac00000)]
  0x000001d20f3d7000 JavaThread "jar transforms Thread 94" [_thread_blocked, id=11092, stack(0x0000007e7ac00000,0x0000007e7ad00000)]
  0x000001d20f3d3000 JavaThread "jar transforms Thread 95" [_thread_blocked, id=9296, stack(0x0000007e7ad00000,0x0000007e7ae00000)]
  0x000001d20f3d6800 JavaThread "jar transforms Thread 96" [_thread_blocked, id=12524, stack(0x0000007e7ae00000,0x0000007e7af00000)]
  0x000001d20f3d4000 JavaThread "jar transforms Thread 97" [_thread_blocked, id=6164, stack(0x0000007e7af00000,0x0000007e7b000000)]
  0x000001d20f3d4800 JavaThread "jar transforms Thread 98" [_thread_blocked, id=9040, stack(0x0000007e7b000000,0x0000007e7b100000)]
  0x000001d20f3d5800 JavaThread "jar transforms Thread 99" [_thread_blocked, id=7796, stack(0x0000007e7b100000,0x0000007e7b200000)]
  0x000001d20f3d2800 JavaThread "Memory manager" [_thread_blocked, id=14412, stack(0x0000007e73f00000,0x0000007e74000000)]
  0x000001d20f3d9000 JavaThread "build event listener" [_thread_blocked, id=15892, stack(0x0000007e7b200000,0x0000007e7b300000)]
  0x000001d20f3df800 JavaThread "build event listener" [_thread_blocked, id=3704, stack(0x0000007e7b300000,0x0000007e7b400000)]
  0x000001d20f3d9800 JavaThread "Execution worker for ':'" [_thread_blocked, id=17116, stack(0x0000007e7b400000,0x0000007e7b500000)]
  0x000001d20f3dd800 JavaThread "Execution worker for ':' Thread 2" [_thread_blocked, id=3872, stack(0x0000007e7b500000,0x0000007e7b600000)]
  0x000001d20f3e0000 JavaThread "Execution worker for ':' Thread 3" [_thread_blocked, id=516, stack(0x0000007e7b600000,0x0000007e7b700000)]
  0x000001d20f3db800 JavaThread "Execution worker for ':' Thread 4" [_thread_blocked, id=5080, stack(0x0000007e7b700000,0x0000007e7b800000)]
  0x000001d20f3da800 JavaThread "Execution worker for ':' Thread 5" [_thread_blocked, id=14544, stack(0x0000007e7b800000,0x0000007e7b900000)]
  0x000001d20f3e1000 JavaThread "Execution worker for ':' Thread 6" [_thread_blocked, id=8420, stack(0x0000007e7b900000,0x0000007e7ba00000)]
  0x000001d20f3dc000 JavaThread "Execution worker for ':' Thread 7" [_thread_blocked, id=2356, stack(0x0000007e7ba00000,0x0000007e7bb00000)]
  0x000001d20f3dd000 JavaThread "Cache worker for execution history cache (D:\Du an truong\DuanPhonestore\.gradle\6.7.1\executionHistory)" [_thread_blocked, id=15108, stack(0x0000007e7bb00000,0x0000007e7bc00000)]
  0x000001d27c324000 JavaThread "WorkerExecutor Queue" [_thread_blocked, id=7872, stack(0x0000007e7bc00000,0x0000007e7bd00000)]
  0x000001d27c327800 JavaThread "pool-4-thread-1" [_thread_blocked, id=7608, stack(0x0000007e7bd00000,0x0000007e7be00000)]
  0x000001d27c321800 JavaThread "stderr" [_thread_in_native, id=10344, stack(0x0000007e7be00000,0x0000007e7bf00000)]
  0x000001d27c328000 JavaThread "stdout" [_thread_in_native, id=14500, stack(0x0000007e7bf00000,0x0000007e7c000000)]

Other Threads:
=>0x000001d279aa4000 VMThread "VM Thread" [stack: 0x0000007e71a00000,0x0000007e71b00000] [id=10612]
  0x000001d27a5f5800 WatcherThread [stack: 0x0000007e72400000,0x0000007e72500000] [id=8808]
  0x000001d26dfd4000 GCTaskThread "GC Thread#0" [stack: 0x0000007e71500000,0x0000007e71600000] [id=7896]
  0x000001d27b504800 GCTaskThread "GC Thread#1" [stack: 0x0000007e72600000,0x0000007e72700000] [id=14680]
  0x000001d27b8e9800 GCTaskThread "GC Thread#2" [stack: 0x0000007e72d00000,0x0000007e72e00000] [id=11188]
  0x000001d27cb9b000 GCTaskThread "GC Thread#3" [stack: 0x0000007e72e00000,0x0000007e72f00000] [id=12976]
  0x000001d27ba82800 GCTaskThread "GC Thread#4" [stack: 0x0000007e72f00000,0x0000007e73000000] [id=13864]
  0x000001d27ba83800 GCTaskThread "GC Thread#5" [stack: 0x0000007e73000000,0x0000007e73100000] [id=15088]
  0x000001d27daf4800 GCTaskThread "GC Thread#6" [stack: 0x0000007e73100000,0x0000007e73200000] [id=9648]
  0x000001d27ba84000 GCTaskThread "GC Thread#7" [stack: 0x0000007e73200000,0x0000007e73300000] [id=3620]
  0x000001d26e003800 ConcurrentGCThread "G1 Main Marker" [stack: 0x0000007e71600000,0x0000007e71700000] [id=5240]
  0x000001d26e005000 ConcurrentGCThread "G1 Conc#0" [stack: 0x0000007e71700000,0x0000007e71800000] [id=12704]
  0x000001d27c568000 ConcurrentGCThread "G1 Conc#1" [stack: 0x0000007e73d00000,0x0000007e73e00000] [id=9128]
  0x000001d26e09e800 ConcurrentGCThread "G1 Refine#0" [stack: 0x0000007e71800000,0x0000007e71900000] [id=9836]
  0x000001d27c438000 ConcurrentGCThread "G1 Refine#1" [stack: 0x0000007e73300000,0x0000007e73400000] [id=3760]
  0x000001d27b072000 ConcurrentGCThread "G1 Refine#2" [stack: 0x0000007e73400000,0x0000007e73500000] [id=6724]
  0x000001d27bb21000 ConcurrentGCThread "G1 Refine#3" [stack: 0x0000007e73500000,0x0000007e73600000] [id=3824]
  0x000001d2798f2800 ConcurrentGCThread "G1 Young RemSet Sampling" [stack: 0x0000007e71900000,0x0000007e71a00000] [id=3896]

Threads with active compile tasks:
C2 CompilerThread0  25298 9604   !   4       java.net.URLClassLoader$1::run (63 bytes)
C1 CompilerThread0  25298 10179 % !   3       java.util.concurrent.ConcurrentHashMap::transfer @ 96 (828 bytes)

VM state:at safepoint (normal execution)

VM Mutex/Monitor currently owned by a thread:  ([mutex/lock_event])
[0x000001d26dfb7230] Threads_lock - owner thread: 0x000001d279aa4000
[0x000001d26dfb73e0] Heap_lock - owner thread: 0x000001d27cb31800

Heap address: 0x0000000080000000, size: 2048 MB, Compressed Oops mode: 32-bit
Narrow klass base: 0x0000000000000000, Narrow klass shift: 3
Compressed class space size: 1073741824 Address: 0x0000000100000000

Heap:
 garbage-first heap   total 259072K, used 106197K [0x0000000080000000, 0x0000000100000000)
  region size 1024K, 3 young (3072K), 3 survivors (3072K)
 Metaspace       used 87439K, capacity 89585K, committed 89856K, reserved 1126400K
  class space    used 11408K, capacity 12217K, committed 12288K, reserved 1048576K
Heap Regions: E=young(eden), S=young(survivor), O=old, HS=humongous(starts), HC=humongous(continues), CS=collection set, F=free, A=archive, TAMS=top-at-mark-start (previous, next)
|   0|0x0000000080000000, 0x0000000080100000, 0x0000000080100000|100%| O|  |TAMS 0x0000000080100000, 0x0000000080000000| Updating 
|   1|0x0000000080100000, 0x0000000080200000, 0x0000000080200000|100%| O|  |TAMS 0x0000000080200000, 0x0000000080100000| Updating 
|   2|0x0000000080200000, 0x0000000080300000, 0x0000000080300000|100%| O|  |TAMS 0x0000000080300000, 0x0000000080200000| Updating 
|   3|0x0000000080300000, 0x0000000080400000, 0x0000000080400000|100%|HS|  |TAMS 0x0000000080400000, 0x0000000080300000| Complete 
|   4|0x0000000080400000, 0x0000000080500000, 0x0000000080500000|100%|HC|  |TAMS 0x0000000080500000, 0x0000000080400000| Complete 
|   5|0x0000000080500000, 0x0000000080600000, 0x0000000080600000|100%|HC|  |TAMS 0x0000000080600000, 0x0000000080500000| Complete 
|   6|0x0000000080600000, 0x0000000080700000, 0x0000000080700000|100%| O|  |TAMS 0x0000000080700000, 0x0000000080600000| Updating 
|   7|0x0000000080700000, 0x0000000080800000, 0x0000000080800000|100%| O|  |TAMS 0x0000000080800000, 0x0000000080700000| Updating 
|   8|0x0000000080800000, 0x0000000080900000, 0x0000000080900000|100%| O|  |TAMS 0x0000000080900000, 0x0000000080800000| Updating 
|   9|0x0000000080900000, 0x0000000080a00000, 0x0000000080a00000|100%| O|  |TAMS 0x0000000080a00000, 0x0000000080900000| Updating 
|  10|0x0000000080a00000, 0x0000000080b00000, 0x0000000080b00000|100%| O|  |TAMS 0x0000000080b00000, 0x0000000080a00000| Updating 
|  11|0x0000000080b00000, 0x0000000080c00000, 0x0000000080c00000|100%| O|  |TAMS 0x0000000080c00000, 0x0000000080b00000| Updating 
|  12|0x0000000080c00000, 0x0000000080d00000, 0x0000000080d00000|100%| O|  |TAMS 0x0000000080d00000, 0x0000000080c00000| Updating 
|  13|0x0000000080d00000, 0x0000000080e00000, 0x0000000080e00000|100%| O|  |TAMS 0x0000000080e00000, 0x0000000080d00000| Updating 
|  14|0x0000000080e00000, 0x0000000080f00000, 0x0000000080f00000|100%| O|  |TAMS 0x0000000080f00000, 0x0000000080e00000| Updating 
|  15|0x0000000080f00000, 0x0000000081000000, 0x0000000081000000|100%| O|  |TAMS 0x0000000081000000, 0x0000000080f00000| Updating 
|  16|0x0000000081000000, 0x0000000081100000, 0x0000000081100000|100%| O|  |TAMS 0x0000000081100000, 0x0000000081000000| Updating 
|  17|0x0000000081100000, 0x0000000081200000, 0x0000000081200000|100%| O|  |TAMS 0x0000000081200000, 0x0000000081100000| Updating 
|  18|0x0000000081200000, 0x0000000081300000, 0x0000000081300000|100%| O|  |TAMS 0x0000000081300000, 0x0000000081200000| Updating 
|  19|0x0000000081300000, 0x0000000081400000, 0x0000000081400000|100%|HS|  |TAMS 0x0000000081400000, 0x0000000081300000| Complete 
|  20|0x0000000081400000, 0x0000000081500000, 0x0000000081500000|100%|HS|  |TAMS 0x0000000081500000, 0x0000000081400000| Complete 
|  21|0x0000000081500000, 0x0000000081600000, 0x0000000081600000|100%|HC|  |TAMS 0x0000000081600000, 0x0000000081500000| Complete 
|  22|0x0000000081600000, 0x0000000081700000, 0x0000000081700000|100%| O|  |TAMS 0x0000000081700000, 0x0000000081600000| Updating 
|  23|0x0000000081700000, 0x0000000081800000, 0x0000000081800000|100%| O|  |TAMS 0x0000000081800000, 0x0000000081700000| Updating 
|  24|0x0000000081800000, 0x0000000081900000, 0x0000000081900000|100%| O|  |TAMS 0x0000000081900000, 0x0000000081800000| Updating 
|  25|0x0000000081900000, 0x0000000081a00000, 0x0000000081a00000|100%| O|  |TAMS 0x0000000081a00000, 0x0000000081900000| Updating 
|  26|0x0000000081a00000, 0x0000000081b00000, 0x0000000081b00000|100%| O|  |TAMS 0x0000000081b00000, 0x0000000081a00000| Updating 
|  27|0x0000000081b00000, 0x0000000081c00000, 0x0000000081c00000|100%| O|  |TAMS 0x0000000081c00000, 0x0000000081b00000| Updating 
|  28|0x0000000081c00000, 0x0000000081d00000, 0x0000000081d00000|100%| O|  |TAMS 0x0000000081d00000, 0x0000000081c00000| Updating 
|  29|0x0000000081d00000, 0x0000000081e00000, 0x0000000081e00000|100%| O|  |TAMS 0x0000000081e00000, 0x0000000081d00000| Updating 
|  30|0x0000000081e00000, 0x0000000081f00000, 0x0000000081f00000|100%| O|  |TAMS 0x0000000081f00000, 0x0000000081e00000| Updating 
|  31|0x0000000081f00000, 0x0000000082000000, 0x0000000082000000|100%| O|  |TAMS 0x0000000082000000, 0x0000000081f00000| Updating 
|  32|0x0000000082000000, 0x0000000082100000, 0x0000000082100000|100%| O|  |TAMS 0x0000000082100000, 0x0000000082000000| Updating 
|  33|0x0000000082100000, 0x0000000082200000, 0x0000000082200000|100%| O|  |TAMS 0x0000000082200000, 0x0000000082100000| Updating 
|  34|0x0000000082200000, 0x0000000082300000, 0x0000000082300000|100%| O|  |TAMS 0x0000000082300000, 0x0000000082200000| Updating 
|  35|0x0000000082300000, 0x0000000082400000, 0x0000000082400000|100%| O|  |TAMS 0x0000000082400000, 0x0000000082300000| Updating 
|  36|0x0000000082400000, 0x0000000082500000, 0x0000000082500000|100%| O|  |TAMS 0x0000000082500000, 0x0000000082400000| Updating 
|  37|0x0000000082500000, 0x0000000082600000, 0x0000000082600000|100%| O|  |TAMS 0x0000000082600000, 0x0000000082500000| Updating 
|  38|0x0000000082600000, 0x0000000082700000, 0x0000000082700000|100%| O|  |TAMS 0x0000000082700000, 0x0000000082600000| Updating 
|  39|0x0000000082700000, 0x0000000082800000, 0x0000000082800000|100%| O|  |TAMS 0x0000000082800000, 0x0000000082700000| Updating 
|  40|0x0000000082800000, 0x0000000082900000, 0x0000000082900000|100%| O|  |TAMS 0x0000000082900000, 0x0000000082800000| Updating 
|  41|0x0000000082900000, 0x0000000082a00000, 0x0000000082a00000|100%| O|  |TAMS 0x0000000082a00000, 0x0000000082900000| Updating 
|  42|0x0000000082a00000, 0x0000000082b00000, 0x0000000082b00000|100%| O|  |TAMS 0x0000000082b00000, 0x0000000082a00000| Updating 
|  43|0x0000000082b00000, 0x0000000082c00000, 0x0000000082c00000|100%| O|  |TAMS 0x0000000082c00000, 0x0000000082b00000| Updating 
|  44|0x0000000082c00000, 0x0000000082d00000, 0x0000000082d00000|100%| O|  |TAMS 0x0000000082d00000, 0x0000000082c00000| Updating 
|  45|0x0000000082d00000, 0x0000000082e00000, 0x0000000082e00000|100%| O|  |TAMS 0x0000000082e00000, 0x0000000082d00000| Updating 
|  46|0x0000000082e00000, 0x0000000082f00000, 0x0000000082f00000|100%| O|  |TAMS 0x0000000082f00000, 0x0000000082e00000| Updating 
|  47|0x0000000082f00000, 0x0000000083000000, 0x0000000083000000|100%| O|  |TAMS 0x0000000083000000, 0x0000000082f00000| Updating 
|  48|0x0000000083000000, 0x0000000083100000, 0x0000000083100000|100%| O|  |TAMS 0x0000000083100000, 0x0000000083000000| Updating 
|  49|0x0000000083100000, 0x0000000083200000, 0x0000000083200000|100%| O|  |TAMS 0x0000000083200000, 0x0000000083100000| Updating 
|  50|0x0000000083200000, 0x0000000083300000, 0x0000000083300000|100%| O|  |TAMS 0x0000000083300000, 0x0000000083200000| Updating 
|  51|0x0000000083300000, 0x0000000083400000, 0x0000000083400000|100%| O|  |TAMS 0x0000000083400000, 0x0000000083300000| Updating 
|  52|0x0000000083400000, 0x0000000083500000, 0x0000000083500000|100%| O|  |TAMS 0x0000000083500000, 0x0000000083400000| Updating 
|  53|0x0000000083500000, 0x0000000083600000, 0x0000000083600000|100%| O|  |TAMS 0x0000000083600000, 0x0000000083500000| Updating 
|  54|0x0000000083600000, 0x0000000083700000, 0x0000000083700000|100%| O|  |TAMS 0x0000000083700000, 0x0000000083600000| Updating 
|  55|0x0000000083700000, 0x0000000083800000, 0x0000000083800000|100%| O|  |TAMS 0x0000000083800000, 0x0000000083700000| Updating 
|  56|0x0000000083800000, 0x0000000083900000, 0x0000000083900000|100%| O|  |TAMS 0x0000000083900000, 0x0000000083800000| Updating 
|  57|0x0000000083900000, 0x0000000083a00000, 0x0000000083a00000|100%| O|  |TAMS 0x0000000083a00000, 0x0000000083900000| Updating 
|  58|0x0000000083a00000, 0x0000000083b00000, 0x0000000083b00000|100%| O|  |TAMS 0x0000000083b00000, 0x0000000083a00000| Updating 
|  59|0x0000000083b00000, 0x0000000083c00000, 0x0000000083c00000|100%| O|  |TAMS 0x0000000083c00000, 0x0000000083b00000| Updating 
|  60|0x0000000083c00000, 0x0000000083d00000, 0x0000000083d00000|100%| O|  |TAMS 0x0000000083d00000, 0x0000000083c00000| Updating 
|  61|0x0000000083d00000, 0x0000000083e00000, 0x0000000083e00000|100%| O|  |TAMS 0x0000000083e00000, 0x0000000083d00000| Updating 
|  62|0x0000000083e00000, 0x0000000083f00000, 0x0000000083f00000|100%| O|  |TAMS 0x0000000083f00000, 0x0000000083e00000| Updating 
|  63|0x0000000083f00000, 0x0000000084000000, 0x0000000084000000|100%| O|  |TAMS 0x0000000084000000, 0x0000000083f00000| Updating 
|  64|0x0000000084000000, 0x0000000084100000, 0x0000000084100000|100%| O|  |TAMS 0x0000000084100000, 0x0000000084000000| Updating 
|  65|0x0000000084100000, 0x0000000084200000, 0x0000000084200000|100%| O|  |TAMS 0x0000000084200000, 0x0000000084100000| Updating 
|  66|0x0000000084200000, 0x0000000084300000, 0x0000000084300000|100%| O|  |TAMS 0x0000000084300000, 0x0000000084200000| Updating 
|  67|0x0000000084300000, 0x0000000084400000, 0x0000000084400000|100%| O|  |TAMS 0x0000000084400000, 0x0000000084300000| Updating 
|  68|0x0000000084400000, 0x0000000084500000, 0x0000000084500000|100%| O|  |TAMS 0x0000000084500000, 0x0000000084400000| Updating 
|  69|0x0000000084500000, 0x0000000084600000, 0x0000000084600000|100%| O|  |TAMS 0x0000000084600000, 0x0000000084500000| Updating 
|  70|0x0000000084600000, 0x0000000084700000, 0x0000000084700000|100%| O|  |TAMS 0x0000000084700000, 0x0000000084600000| Updating 
|  71|0x0000000084700000, 0x0000000084800000, 0x0000000084800000|100%| O|  |TAMS 0x0000000084800000, 0x0000000084700000| Updating 
|  72|0x0000000084800000, 0x0000000084900000, 0x0000000084900000|100%| O|  |TAMS 0x0000000084900000, 0x0000000084800000| Updating 
|  73|0x0000000084900000, 0x0000000084a00000, 0x0000000084a00000|100%| O|  |TAMS 0x0000000084a00000, 0x0000000084900000| Updating 
|  74|0x0000000084a00000, 0x0000000084b00000, 0x0000000084b00000|100%| O|  |TAMS 0x0000000084b00000, 0x0000000084a00000| Updating 
|  75|0x0000000084b00000, 0x0000000084c00000, 0x0000000084c00000|100%| O|  |TAMS 0x0000000084c00000, 0x0000000084b00000| Updating 
|  76|0x0000000084c00000, 0x0000000084d00000, 0x0000000084d00000|100%| O|  |TAMS 0x0000000084d00000, 0x0000000084c00000| Updating 
|  77|0x0000000084d00000, 0x0000000084e00000, 0x0000000084e00000|100%| O|  |TAMS 0x0000000084e00000, 0x0000000084d00000| Updating 
|  78|0x0000000084e00000, 0x0000000084f00000, 0x0000000084f00000|100%| O|  |TAMS 0x0000000084f00000, 0x0000000084e00000| Updating 
|  79|0x0000000084f00000, 0x0000000085000000, 0x0000000085000000|100%| O|  |TAMS 0x0000000085000000, 0x0000000084f00000| Updating 
|  80|0x0000000085000000, 0x0000000085100000, 0x0000000085100000|100%| O|  |TAMS 0x0000000085100000, 0x0000000085000000| Updating 
|  81|0x0000000085100000, 0x0000000085200000, 0x0000000085200000|100%| O|  |TAMS 0x0000000085200000, 0x0000000085100000| Updating 
|  82|0x0000000085200000, 0x0000000085300000, 0x0000000085300000|100%| O|  |TAMS 0x0000000085300000, 0x0000000085200000| Updating 
|  83|0x0000000085300000, 0x0000000085400000, 0x0000000085400000|100%| O|  |TAMS 0x0000000085400000, 0x0000000085300000| Updating 
|  84|0x0000000085400000, 0x0000000085500000, 0x0000000085500000|100%| O|  |TAMS 0x0000000085500000, 0x0000000085400000| Updating 
|  85|0x0000000085500000, 0x0000000085600000, 0x0000000085600000|100%| O|  |TAMS 0x0000000085600000, 0x0000000085500000| Updating 
|  86|0x0000000085600000, 0x0000000085700000, 0x0000000085700000|100%| O|  |TAMS 0x0000000085700000, 0x0000000085600000| Updating 
|  87|0x0000000085700000, 0x0000000085800000, 0x0000000085800000|100%| O|  |TAMS 0x0000000085800000, 0x0000000085700000| Updating 
|  88|0x0000000085800000, 0x0000000085900000, 0x0000000085900000|100%| O|  |TAMS 0x0000000085900000, 0x0000000085800000| Updating 
|  89|0x0000000085900000, 0x0000000085a00000, 0x0000000085a00000|100%| O|  |TAMS 0x0000000085a00000, 0x0000000085900000| Updating 
|  90|0x0000000085a00000, 0x0000000085b00000, 0x0000000085b00000|100%| O|  |TAMS 0x0000000085b00000, 0x0000000085a00000| Updating 
|  91|0x0000000085b00000, 0x0000000085c00000, 0x0000000085c00000|100%| O|  |TAMS 0x0000000085c00000, 0x0000000085b00000| Updating 
|  92|0x0000000085c00000, 0x0000000085d00000, 0x0000000085d00000|100%| O|  |TAMS 0x0000000085d00000, 0x0000000085c00000| Updating 
|  93|0x0000000085d00000, 0x0000000085e00000, 0x0000000085e00000|100%| O|  |TAMS 0x0000000085e00000, 0x0000000085d00000| Updating 
|  94|0x0000000085e00000, 0x0000000085f00000, 0x0000000085f00000|100%| O|  |TAMS 0x0000000085ea9200, 0x0000000085e00000| Updating 
|  95|0x0000000085f00000, 0x0000000086000000, 0x0000000086000000|100%| O|  |TAMS 0x0000000085f00000, 0x0000000085f00000| Untracked 
|  96|0x0000000086000000, 0x0000000086100000, 0x0000000086100000|100%| O|  |TAMS 0x0000000086000000, 0x0000000086000000| Untracked 
|  97|0x0000000086100000, 0x0000000086200000, 0x0000000086200000|100%| O|  |TAMS 0x0000000086100000, 0x0000000086100000| Untracked 
|  98|0x0000000086200000, 0x0000000086300000, 0x0000000086300000|100%| O|  |TAMS 0x0000000086200000, 0x0000000086200000| Untracked 
|  99|0x0000000086300000, 0x0000000086400000, 0x0000000086400000|100%| O|  |TAMS 0x0000000086300000, 0x0000000086300000| Untracked 
| 100|0x0000000086400000, 0x0000000086500000, 0x0000000086500000|100%| O|  |TAMS 0x0000000086400000, 0x0000000086400000| Untracked 
| 101|0x0000000086500000, 0x0000000086514400, 0x0000000086600000|  7%| O|  |TAMS 0x0000000086500000, 0x0000000086500000| Untracked 
| 102|0x0000000086600000, 0x0000000086600000, 0x0000000086700000|  0%| F|  |TAMS 0x0000000086600000, 0x0000000086600000| Untracked 
| 103|0x0000000086700000, 0x0000000086700000, 0x0000000086800000|  0%| F|  |TAMS 0x0000000086700000, 0x0000000086700000| Untracked 
| 104|0x0000000086800000, 0x0000000086800000, 0x0000000086900000|  0%| F|  |TAMS 0x0000000086800000, 0x0000000086800000| Untracked 
| 105|0x0000000086900000, 0x0000000086900000, 0x0000000086a00000|  0%| F|  |TAMS 0x0000000086900000, 0x0000000086900000| Untracked 
| 106|0x0000000086a00000, 0x0000000086a00000, 0x0000000086b00000|  0%| F|  |TAMS 0x0000000086a00000, 0x0000000086a00000| Untracked 
| 107|0x0000000086b00000, 0x0000000086b00000, 0x0000000086c00000|  0%| F|  |TAMS 0x0000000086b00000, 0x0000000086b00000| Untracked 
| 108|0x0000000086c00000, 0x0000000086c00000, 0x0000000086d00000|  0%| F|  |TAMS 0x0000000086c00000, 0x0000000086c00000| Untracked 
| 109|0x0000000086d00000, 0x0000000086d00000, 0x0000000086e00000|  0%| F|  |TAMS 0x0000000086d00000, 0x0000000086d00000| Untracked 
| 110|0x0000000086e00000, 0x0000000086e00000, 0x0000000086f00000|  0%| F|  |TAMS 0x0000000086e00000, 0x0000000086e00000| Untracked 
| 111|0x0000000086f00000, 0x0000000086f00000, 0x0000000087000000|  0%| F|  |TAMS 0x0000000086f00000, 0x0000000086f00000| Untracked 
| 112|0x0000000087000000, 0x0000000087000000, 0x0000000087100000|  0%| F|  |TAMS 0x0000000087000000, 0x0000000087000000| Untracked 
| 113|0x0000000087100000, 0x0000000087100000, 0x0000000087200000|  0%| F|  |TAMS 0x0000000087100000, 0x0000000087100000| Untracked 
| 114|0x0000000087200000, 0x0000000087200000, 0x0000000087300000|  0%| F|  |TAMS 0x0000000087200000, 0x0000000087200000| Untracked 
| 115|0x0000000087300000, 0x0000000087300000, 0x0000000087400000|  0%| F|  |TAMS 0x0000000087300000, 0x0000000087300000| Untracked 
| 116|0x0000000087400000, 0x0000000087400000, 0x0000000087500000|  0%| F|  |TAMS 0x0000000087400000, 0x0000000087400000| Untracked 
| 117|0x0000000087500000, 0x0000000087500000, 0x0000000087600000|  0%| F|  |TAMS 0x0000000087500000, 0x0000000087500000| Untracked 
| 118|0x0000000087600000, 0x0000000087600000, 0x0000000087700000|  0%| F|  |TAMS 0x0000000087600000, 0x0000000087600000| Untracked 
| 119|0x0000000087700000, 0x00000000877a1280, 0x0000000087800000| 62%| S|CS|TAMS 0x0000000087700000, 0x0000000087700000| Complete 
| 120|0x0000000087800000, 0x0000000087800000, 0x0000000087900000|  0%| F|  |TAMS 0x0000000087800000, 0x0000000087800000| Untracked 
| 121|0x0000000087900000, 0x0000000087a00000, 0x0000000087a00000|100%| S|CS|TAMS 0x0000000087900000, 0x0000000087900000| Complete 
| 122|0x0000000087a00000, 0x0000000087a00000, 0x0000000087b00000|  0%| F|  |TAMS 0x0000000087a00000, 0x0000000087a00000| Untracked 
| 123|0x0000000087b00000, 0x0000000087b00000, 0x0000000087c00000|  0%| F|  |TAMS 0x0000000087b00000, 0x0000000087b00000| Untracked 
| 124|0x0000000087c00000, 0x0000000087d00000, 0x0000000087d00000|100%| S|CS|TAMS 0x0000000087c00000, 0x0000000087c00000| Complete 
| 125|0x0000000087d00000, 0x0000000087d00000, 0x0000000087e00000|  0%| F|  |TAMS 0x0000000087d00000, 0x0000000087d00000| Untracked 
| 126|0x0000000087e00000, 0x0000000087e00000, 0x0000000087f00000|  0%| F|  |TAMS 0x0000000087e00000, 0x0000000087e00000| Untracked 
| 127|0x0000000087f00000, 0x0000000087f00000, 0x0000000088000000|  0%| F|  |TAMS 0x0000000087f00000, 0x0000000087f00000| Untracked 
| 128|0x0000000088000000, 0x0000000088000000, 0x0000000088100000|  0%| F|  |TAMS 0x0000000088000000, 0x0000000088000000| Untracked 
| 129|0x0000000088100000, 0x0000000088100000, 0x0000000088200000|  0%| F|  |TAMS 0x0000000088100000, 0x0000000088100000| Untracked 
| 130|0x0000000088200000, 0x0000000088200000, 0x0000000088300000|  0%| F|  |TAMS 0x0000000088200000, 0x0000000088200000| Untracked 
| 131|0x0000000088300000, 0x0000000088300000, 0x0000000088400000|  0%| F|  |TAMS 0x0000000088300000, 0x0000000088300000| Untracked 
| 132|0x0000000088400000, 0x0000000088400000, 0x0000000088500000|  0%| F|  |TAMS 0x0000000088400000, 0x0000000088400000| Untracked 
| 133|0x0000000088500000, 0x0000000088500000, 0x0000000088600000|  0%| F|  |TAMS 0x0000000088500000, 0x0000000088500000| Untracked 
| 134|0x0000000088600000, 0x0000000088600000, 0x0000000088700000|  0%| F|  |TAMS 0x0000000088600000, 0x0000000088600000| Untracked 
| 135|0x0000000088700000, 0x0000000088700000, 0x0000000088800000|  0%| F|  |TAMS 0x0000000088700000, 0x0000000088700000| Untracked 
| 136|0x0000000088800000, 0x0000000088800000, 0x0000000088900000|  0%| F|  |TAMS 0x0000000088800000, 0x0000000088800000| Untracked 
| 137|0x0000000088900000, 0x0000000088900000, 0x0000000088a00000|  0%| F|  |TAMS 0x0000000088900000, 0x0000000088900000| Untracked 
| 138|0x0000000088a00000, 0x0000000088a00000, 0x0000000088b00000|  0%| F|  |TAMS 0x0000000088a00000, 0x0000000088a00000| Untracked 
| 139|0x0000000088b00000, 0x0000000088b00000, 0x0000000088c00000|  0%| F|  |TAMS 0x0000000088b00000, 0x0000000088b00000| Untracked 

Card table byte_map: [0x000001d2727d0000,0x000001d272bd0000] _byte_map_base: 0x000001d2723d0000

Marking Bits (Prev, Next): (CMBitMap*) 0x000001d26dffac80, (CMBitMap*) 0x000001d26dffac48
 Prev Bits: [0x000001d274fd0000, 0x000001d276fd0000)
 Next Bits: [0x000001d272fd0000, 0x000001d274fd0000)

Polling page: 0x000001d26e0a0000

Metaspace:

Usage:
  Non-class:     75.55 MB capacity,    74.25 MB ( 98%) used,     1.08 MB (  1%) free+waste,   230.88 KB ( <1%) overhead. 
      Class:     11.93 MB capacity,    11.14 MB ( 93%) used,   702.67 KB (  6%) free+waste,   106.00 KB ( <1%) overhead. 
       Both:     87.49 MB capacity,    85.39 MB ( 98%) used,     1.77 MB (  2%) free+waste,   336.88 KB ( <1%) overhead. 

Virtual space:
  Non-class space:       76.00 MB reserved,      75.75 MB (>99%) committed 
      Class space:        1.00 GB reserved,      12.00 MB (  1%) committed 
             Both:        1.07 GB reserved,      87.75 MB (  8%) committed 

Chunk freelists:
   Non-Class:  136.00 KB
       Class:  71.00 KB
        Both:  207.00 KB

MaxMetaspaceSize: 17179869184.00 GB
CompressedClassSpaceSize: 1.00 GB

CodeHeap 'non-profiled nmethods': size=120000Kb used=4511Kb max_used=4511Kb free=115488Kb
 bounds [0x000001d207ad0000, 0x000001d207f40000, 0x000001d20f000000]
CodeHeap 'profiled nmethods': size=120000Kb used=19910Kb max_used=19910Kb free=100089Kb
 bounds [0x000001d2005a0000, 0x000001d201920000, 0x000001d207ad0000]
CodeHeap 'non-nmethods': size=5760Kb used=2268Kb max_used=2294Kb free=3491Kb
 bounds [0x000001d200000000, 0x000001d200270000, 0x000001d2005a0000]
 total_blobs=10574 nmethods=9711 adapters=774
 compilation: enabled
              stopped_count=0, restarted_count=0
 full_count=0

Compilation events (20 events):
Event: 25.229 Thread 0x000001d27a45e000 nmethod 10165 0x000001d20190ee10 code [0x000001d20190efc0, 0x000001d20190f108]
Event: 25.230 Thread 0x000001d27a45e000 10168       2       com.android.tools.r8.utils.p0::l (39 bytes)
Event: 25.230 Thread 0x000001d27a45e000 nmethod 10168 0x000001d20190f210 code [0x000001d20190f3e0, 0x000001d20190f608]
Event: 25.230 Thread 0x000001d27a45e000 10169       2       com.android.tools.r8.utils.p0::next (27 bytes)
Event: 25.231 Thread 0x000001d27a45e000 nmethod 10169 0x000001d20190f710 code [0x000001d20190f8e0, 0x000001d20190fb38]
Event: 25.238 Thread 0x000001d27a45e000 10172 %     3       com.android.tools.r8.graph.g1::a @ 36 (138 bytes)
Event: 25.239 Thread 0x000001d27a45e000 nmethod 10172% 0x000001d20190fc90 code [0x000001d20190ff40, 0x000001d201910ea8]
Event: 25.239 Thread 0x000001d27a45e000 10173       2       com.android.tools.r8.C.a.a.u::a (18 bytes)
Event: 25.239 Thread 0x000001d27a45e000 nmethod 10173 0x000001d201911510 code [0x000001d2019116c0, 0x000001d201911808]
Event: 25.239 Thread 0x000001d27a45e000 10174       3       com.android.tools.r8.graph.g1::a (138 bytes)
Event: 25.240 Thread 0x000001d27a45e000 nmethod 10174 0x000001d201911890 code [0x000001d201911b40, 0x000001d201912a48]
Event: 25.251 Thread 0x000001d27a45e000 10175       2       java.util.zip.ZipFile$InflaterCleanupAction::run (12 bytes)
Event: 25.252 Thread 0x000001d27a45e000 nmethod 10175 0x000001d201913090 code [0x000001d201913240, 0x000001d201913368]
Event: 25.252 Thread 0x000001d27a45e000 10176   !   2       java.util.zip.ZipFile$CleanableResource::releaseInflater (53 bytes)
Event: 25.252 Thread 0x000001d27a45e000 nmethod 10176 0x000001d201913410 code [0x000001d2019135e0, 0x000001d201913968]
Event: 25.252 Thread 0x000001d27a45e000 10177       2       com.android.tools.r8.w.a.a.a.h.f0$f::<init> (6 bytes)
Event: 25.252 Thread 0x000001d27a45e000 nmethod 10177 0x000001d201913b90 code [0x000001d201913d40, 0x000001d201913e48]
Event: 25.252 Thread 0x000001d27a45e000 10178       2       com.android.tools.r8.w.a.a.a.h.f0$f::<init> (41 bytes)
Event: 25.252 Thread 0x000001d27a45e000 nmethod 10178 0x000001d201913f10 code [0x000001d2019140c0, 0x000001d201914238]
Event: 25.253 Thread 0x000001d27a45e000 10179 % !   3       java.util.concurrent.ConcurrentHashMap::transfer @ 96 (828 bytes)

GC Heap History (20 events):
Event: 24.253 GC heap after
{Heap after GC invocations=31 (full 0):
 garbage-first heap   total 118784K, used 76413K [0x0000000080000000, 0x0000000100000000)
  region size 1024K, 5 young (5120K), 5 survivors (5120K)
 Metaspace       used 81228K, capacity 83193K, committed 83200K, reserved 1122304K
  class space    used 10532K, capacity 11263K, committed 11264K, reserved 1048576K
}
Event: 24.295 GC heap before
{Heap before GC invocations=31 (full 0):
 garbage-first heap   total 118784K, used 96893K [0x0000000080000000, 0x0000000100000000)
  region size 1024K, 26 young (26624K), 5 survivors (5120K)
 Metaspace       used 81545K, capacity 83484K, committed 83584K, reserved 1122304K
  class space    used 10577K, capacity 11295K, committed 11392K, reserved 1048576K
}
Event: 24.301 GC heap after
{Heap after GC invocations=32 (full 0):
 garbage-first heap   total 118784K, used 80578K [0x0000000080000000, 0x0000000100000000)
  region size 1024K, 4 young (4096K), 4 survivors (4096K)
 Metaspace       used 81545K, capacity 83484K, committed 83584K, reserved 1122304K
  class space    used 10577K, capacity 11295K, committed 11392K, reserved 1048576K
}
Event: 24.383 GC heap before
{Heap before GC invocations=32 (full 0):
 garbage-first heap   total 118784K, used 96962K [0x0000000080000000, 0x0000000100000000)
  region size 1024K, 21 young (21504K), 4 survivors (4096K)
 Metaspace       used 82114K, capacity 84196K, committed 84352K, reserved 1122304K
  class space    used 10659K, capacity 11385K, committed 11392K, reserved 1048576K
}
Event: 24.387 GC heap after
{Heap after GC invocations=33 (full 0):
 garbage-first heap   total 118784K, used 82411K [0x0000000080000000, 0x0000000100000000)
  region size 1024K, 3 young (3072K), 3 survivors (3072K)
 Metaspace       used 82114K, capacity 84196K, committed 84352K, reserved 1122304K
  class space    used 10659K, capacity 11385K, committed 11392K, reserved 1048576K
}
Event: 24.472 GC heap before
{Heap before GC invocations=34 (full 0):
 garbage-first heap   total 118784K, used 96747K [0x0000000080000000, 0x0000000100000000)
  region size 1024K, 18 young (18432K), 3 survivors (3072K)
 Metaspace       used 82908K, capacity 85013K, committed 85376K, reserved 1122304K
  class space    used 10763K, capacity 11529K, committed 11648K, reserved 1048576K
}
Event: 24.476 GC heap after
{Heap after GC invocations=35 (full 0):
 garbage-first heap   total 118784K, used 84225K [0x0000000080000000, 0x0000000100000000)
  region size 1024K, 3 young (3072K), 3 survivors (3072K)
 Metaspace       used 82908K, capacity 85013K, committed 85376K, reserved 1122304K
  class space    used 10763K, capacity 11529K, committed 11648K, reserved 1048576K
}
Event: 24.638 GC heap before
{Heap before GC invocations=35 (full 0):
 garbage-first heap   total 118784K, used 98561K [0x0000000080000000, 0x0000000100000000)
  region size 1024K, 17 young (17408K), 3 survivors (3072K)
 Metaspace       used 84389K, capacity 86587K, committed 86912K, reserved 1124352K
  class space    used 10995K, capacity 11787K, committed 11904K, reserved 1048576K
}
Event: 24.644 GC heap after
{Heap after GC invocations=36 (full 0):
 garbage-first heap   total 118784K, used 85595K [0x0000000080000000, 0x0000000100000000)
  region size 1024K, 3 young (3072K), 3 survivors (3072K)
 Metaspace       used 84389K, capacity 86587K, committed 86912K, reserved 1124352K
  class space    used 10995K, capacity 11787K, committed 11904K, reserved 1048576K
}
Event: 24.715 GC heap before
{Heap before GC invocations=36 (full 0):
 garbage-first heap   total 118784K, used 98907K [0x0000000080000000, 0x0000000100000000)
  region size 1024K, 16 young (16384K), 3 survivors (3072K)
 Metaspace       used 84523K, capacity 86749K, committed 86912K, reserved 1124352K
  class space    used 11001K, capacity 11819K, committed 11904K, reserved 1048576K
}
Event: 24.722 GC heap after
{Heap after GC invocations=37 (full 0):
 garbage-first heap   total 118784K, used 88904K [0x0000000080000000, 0x0000000100000000)
  region size 1024K, 2 young (2048K), 2 survivors (2048K)
 Metaspace       used 84523K, capacity 86749K, committed 86912K, reserved 1124352K
  class space    used 11001K, capacity 11819K, committed 11904K, reserved 1048576K
}
Event: 24.797 GC heap before
{Heap before GC invocations=37 (full 0):
 garbage-first heap   total 118784K, used 100168K [0x0000000080000000, 0x0000000100000000)
  region size 1024K, 13 young (13312K), 2 survivors (2048K)
 Metaspace       used 84714K, capacity 86915K, committed 87168K, reserved 1124352K
  class space    used 11017K, capacity 11808K, committed 11904K, reserved 1048576K
}
Event: 24.808 GC heap after
{Heap after GC invocations=38 (full 0):
 garbage-first heap   total 143360K, used 91919K [0x0000000080000000, 0x0000000100000000)
  region size 1024K, 2 young (2048K), 2 survivors (2048K)
 Metaspace       used 84714K, capacity 86915K, committed 87168K, reserved 1124352K
  class space    used 11017K, capacity 11808K, committed 11904K, reserved 1048576K
}
Event: 24.940 GC heap before
{Heap before GC invocations=39 (full 0):
 garbage-first heap   total 143360K, used 111375K [0x0000000080000000, 0x0000000100000000)
  region size 1024K, 21 young (21504K), 2 survivors (2048K)
 Metaspace       used 85385K, capacity 87548K, committed 87808K, reserved 1124352K
  class space    used 11105K, capacity 11911K, committed 12032K, reserved 1048576K
}
Event: 24.948 GC heap after
{Heap after GC invocations=40 (full 0):
 garbage-first heap   total 143360K, used 96256K [0x0000000080000000, 0x0000000100000000)
  region size 1024K, 3 young (3072K), 3 survivors (3072K)
 Metaspace       used 85385K, capacity 87548K, committed 87808K, reserved 1124352K
  class space    used 11105K, capacity 11911K, committed 12032K, reserved 1048576K
}
Event: 25.042 GC heap before
{Heap before GC invocations=40 (full 0):
 garbage-first heap   total 143360K, used 113664K [0x0000000080000000, 0x0000000100000000)
  region size 1024K, 21 young (21504K), 3 survivors (3072K)
 Metaspace       used 86160K, capacity 88381K, committed 88576K, reserved 1126400K
  class space    used 11194K, capacity 12014K, committed 12032K, reserved 1048576K
}
Event: 25.053 GC heap after
{Heap after GC invocations=41 (full 0):
 garbage-first heap   total 143360K, used 100004K [0x0000000080000000, 0x0000000100000000)
  region size 1024K, 3 young (3072K), 3 survivors (3072K)
 Metaspace       used 86160K, capacity 88381K, committed 88576K, reserved 1126400K
  class space    used 11194K, capacity 12014K, committed 12032K, reserved 1048576K
}
Event: 25.140 GC heap before
{Heap before GC invocations=41 (full 0):
 garbage-first heap   total 143360K, used 115364K [0x0000000080000000, 0x0000000100000000)
  region size 1024K, 19 young (19456K), 3 survivors (3072K)
 Metaspace       used 86610K, capacity 88832K, committed 88960K, reserved 1126400K
  class space    used 11266K, capacity 12100K, committed 12160K, reserved 1048576K
}
Event: 25.149 GC heap after
{Heap after GC invocations=42 (full 0):
 garbage-first heap   total 143360K, used 103424K [0x0000000080000000, 0x0000000100000000)
  region size 1024K, 3 young (3072K), 3 survivors (3072K)
 Metaspace       used 86610K, capacity 88832K, committed 88960K, reserved 1126400K
  class space    used 11266K, capacity 12100K, committed 12160K, reserved 1048576K
}
Event: 25.256 GC heap before
{Heap before GC invocations=42 (full 0):
 garbage-first heap   total 143360K, used 118784K [0x0000000080000000, 0x0000000100000000)
  region size 1024K, 18 young (18432K), 3 survivors (3072K)
 Metaspace       used 87439K, capacity 89585K, committed 89856K, reserved 1126400K
  class space    used 11408K, capacity 12217K, committed 12288K, reserved 1048576K
}

Deoptimization events (20 events):
Event: 25.230 Thread 0x000001d27cb31800 DEOPT PACKING pc=0x000001d20184aa1b sp=0x0000007e748fa140
Event: 25.230 Thread 0x000001d27cb31800 DEOPT UNPACKING pc=0x000001d2000272ce sp=0x0000007e748f95b0 mode 0
Event: 25.231 Thread 0x000001d27cb34000 DEOPT PACKING pc=0x000001d20184aa1b sp=0x0000007e74bf9990
Event: 25.232 Thread 0x000001d27cb34000 DEOPT UNPACKING pc=0x000001d2000272ce sp=0x0000007e74bf8e00 mode 0
Event: 25.234 Thread 0x000001d27cb34000 DEOPT PACKING pc=0x000001d20184aa1b sp=0x0000007e74bf9990
Event: 25.234 Thread 0x000001d27cb34000 DEOPT UNPACKING pc=0x000001d2000272ce sp=0x0000007e74bf8e00 mode 0
Event: 25.238 Thread 0x000001d27ab61800 DEOPT PACKING pc=0x000001d20184aa1b sp=0x0000007e74ef97d0
Event: 25.238 Thread 0x000001d27ab61800 DEOPT UNPACKING pc=0x000001d2000272ce sp=0x0000007e74ef8c40 mode 0
Event: 25.239 Thread 0x000001d27ab5d000 DEOPT PACKING pc=0x000001d201897707 sp=0x0000007e74ff9d20
Event: 25.239 Thread 0x000001d27ab5d000 DEOPT UNPACKING pc=0x000001d2000272ce sp=0x0000007e74ff9240 mode 0
Event: 25.241 Thread 0x000001d27ab5d000 DEOPT PACKING pc=0x000001d20184aa1b sp=0x0000007e74ff9900
Event: 25.241 Thread 0x000001d27ab5d000 DEOPT UNPACKING pc=0x000001d2000272ce sp=0x0000007e74ff8d70 mode 0
Event: 25.245 Thread 0x000001d27ab5d000 DEOPT PACKING pc=0x000001d20184aa1b sp=0x0000007e74ff9900
Event: 25.245 Thread 0x000001d27ab5d000 DEOPT UNPACKING pc=0x000001d2000272ce sp=0x0000007e74ff8d70 mode 0
Event: 25.247 Thread 0x000001d27ab5d000 DEOPT PACKING pc=0x000001d20184aa1b sp=0x0000007e74ffa040
Event: 25.247 Thread 0x000001d27ab5d000 DEOPT UNPACKING pc=0x000001d2000272ce sp=0x0000007e74ff94b0 mode 0
Event: 25.250 Thread 0x000001d27cb31800 DEOPT PACKING pc=0x000001d20184aa1b sp=0x0000007e748f9d00
Event: 25.250 Thread 0x000001d27cb31800 DEOPT UNPACKING pc=0x000001d2000272ce sp=0x0000007e748f9170 mode 0
Event: 25.252 Thread 0x000001d27cb31800 DEOPT PACKING pc=0x000001d20184aa1b sp=0x0000007e748fa140
Event: 25.252 Thread 0x000001d27cb31800 DEOPT UNPACKING pc=0x000001d2000272ce sp=0x0000007e748f95b0 mode 0

Classes redefined (0 events):
No events

Internal exceptions (20 events):
Event: 24.479 Thread 0x000001d27ab5d000 Exception <a 'java/lang/NoSuchMethodError'{0x0000000087328048}: 'java.lang.Object java.lang.invoke.DirectMethodHandle$Holder.invokeStaticInit(java.lang.Object, java.lang.Object, java.lang.Object, java.lang.Object, java.lang.Object, java.lang.Object, java.lang.Object, java.lang.Object, java.lang.Object, java.lang.Object, java.lang.Object, java.lang.Object, java.lang.Object, java.lang.Object, java.lang.Object, java.lang.Object, java.lang.Object, int, java.lang.Object)'> (0x0000000087328048) thrown at [./src/
Event: 24.499 Thread 0x000001d27c324000 Exception <a 'java/lang/NoSuchMethodError'{0x0000000087235370}: 'void java.lang.invoke.DirectMethodHandle$Holder.invokeStatic(java.lang.Object, long)'> (0x0000000087235370) thrown at [./src/hotspot/share/interpreter/linkResolver.cpp, line 773]
Event: 24.500 Thread 0x000001d27c324000 Exception <a 'java/lang/NoSuchMethodError'{0x000000008723a588}: 'java.lang.Object java.lang.invoke.DirectMethodHandle$Holder.invokeStatic(java.lang.Object, long)'> (0x000000008723a588) thrown at [./src/hotspot/share/interpreter/linkResolver.cpp, line 773]
Event: 24.503 Thread 0x000001d27c324000 Exception <a 'java/lang/NoSuchMethodError'{0x000000008724c7b0}: 'java.lang.Object java.lang.invoke.DirectMethodHandle$Holder.invokeStaticInit(java.lang.Object, java.lang.Object, long, java.lang.Object)'> (0x000000008724c7b0) thrown at [./src/hotspot/share/interpreter/linkResolver.cpp, line 773]
Event: 24.504 Thread 0x000001d27c324000 Exception <a 'java/lang/NoSuchMethodError'{0x0000000087252ba8}: 'java.lang.Object java.lang.invoke.DirectMethodHandle$Holder.invokeStatic(java.lang.Object, java.lang.Object, long)'> (0x0000000087252ba8) thrown at [./src/hotspot/share/interpreter/linkResolver.cpp, line 773]
Event: 24.505 Thread 0x000001d27c324000 Exception <a 'java/lang/NoSuchMethodError'{0x0000000087259120}: 'java.lang.Object java.lang.invoke.Invokers$Holder.linkToTargetMethod(java.lang.Object, long, java.lang.Object)'> (0x0000000087259120) thrown at [./src/hotspot/share/interpreter/linkResolver.cpp, line 773]
Event: 24.574 Thread 0x000001d27cb33000 Exception <a 'java/lang/NoSuchMethodError'{0x0000000086f2dab0}: 'long java.lang.invoke.DirectMethodHandle$Holder.invokeStatic(java.lang.Object, long, java.lang.Object)'> (0x0000000086f2dab0) thrown at [./src/hotspot/share/interpreter/linkResolver.cpp, line 773]
Event: 24.574 Thread 0x000001d27cb32000 Exception <a 'java/lang/NoSuchMethodError'{0x00000000870d86a8}: 'long java.lang.invoke.DirectMethodHandle$Holder.invokeStatic(java.lang.Object, long, java.lang.Object)'> (0x00000000870d86a8) thrown at [./src/hotspot/share/interpreter/linkResolver.cpp, line 773]
Event: 24.790 Thread 0x000001d27cb32000 Exception <a 'java/lang/NoSuchMethodError'{0x0000000086a22580}: 'void java.lang.invoke.DirectMethodHandle$Holder.invokeStatic(java.lang.Object, java.lang.Object, java.lang.Object, int)'> (0x0000000086a22580) thrown at [./src/hotspot/share/interpreter/linkResolver.cpp, line 773]
Event: 24.792 Thread 0x000001d27cb32000 Exception <a 'java/lang/IncompatibleClassChangeError'{0x0000000086a817d8}: Found class java.lang.Object, but interface was expected> (0x0000000086a817d8) thrown at [./src/hotspot/share/interpreter/linkResolver.cpp, line 839]
Event: 24.824 Thread 0x000001d27c324000 Exception <a 'java/lang/NoSuchMethodError'{0x000000008884e618}: 'int java.lang.invoke.DirectMethodHandle$Holder.invokeSpecialIFC(java.lang.Object, java.lang.Object, java.lang.Object)'> (0x000000008884e618) thrown at [./src/hotspot/share/interpreter/linkResolver.cpp, line 773]
Event: 25.074 Thread 0x000001d27ab62000 Exception <a 'java/lang/NoSuchMethodError'{0x00000000887b5e28}: 'void java.lang.invoke.DirectMethodHandle$Holder.invokeStaticInit(java.lang.Object, java.lang.Object, java.lang.Object, java.lang.Object, java.lang.Object)'> (0x00000000887b5e28) thrown at [./src/hotspot/share/interpreter/linkResolver.cpp, line 773]
Event: 25.077 Thread 0x000001d27cb32000 Exception <a 'java/lang/NoSuchMethodError'{0x000000008860e410}: 'java.lang.Object java.lang.invoke.DirectMethodHandle$Holder.invokeStatic(java.lang.Object, int, java.lang.Object, java.lang.Object)'> (0x000000008860e410) thrown at [./src/hotspot/share/interpreter/linkResolver.cpp, line 773]
Event: 25.078 Thread 0x000001d27ab62000 Exception <a 'java/lang/NoSuchMethodError'{0x0000000088611c68}: 'java.lang.Object java.lang.invoke.DirectMethodHandle$Holder.invokeStatic(java.lang.Object, int, java.lang.Object, java.lang.Object)'> (0x0000000088611c68) thrown at [./src/hotspot/share/interpreter/linkResolver.cpp, line 773]
Event: 25.113 Thread 0x000001d27cb32000 Exception <a 'java/lang/NoSuchMethodError'{0x00000000881874c0}: 'long java.lang.invoke.DirectMethodHandle$Holder.invokeStatic(java.lang.Object, java.lang.Object)'> (0x00000000881874c0) thrown at [./src/hotspot/share/interpreter/linkResolver.cpp, line 773]
Event: 25.121 Thread 0x000001d27ab62000 Exception <a 'java/lang/NoSuchMethodError'{0x00000000880a8928}: 'void java.lang.invoke.DirectMethodHandle$Holder.invokeSpecial(java.lang.Object, java.lang.Object, int, java.lang.Object)'> (0x00000000880a8928) thrown at [./src/hotspot/share/interpreter/linkResolver.cpp, line 773]
Event: 25.121 Thread 0x000001d27cb32000 Exception <a 'java/lang/NoSuchMethodError'{0x00000000880b35d0}: 'void java.lang.invoke.DirectMethodHandle$Holder.invokeSpecial(java.lang.Object, java.lang.Object, int, java.lang.Object)'> (0x00000000880b35d0) thrown at [./src/hotspot/share/interpreter/linkResolver.cpp, line 773]
Event: 25.157 Thread 0x000001d27ab62000 Exception <a 'java/lang/NoSuchMethodError'{0x0000000088a4b030}: 'int java.lang.invoke.DirectMethodHandle$Holder.invokeSpecial(java.lang.Object, java.lang.Object, java.lang.Object, java.lang.Object, java.lang.Object)'> (0x0000000088a4b030) thrown at [./src/hotspot/share/interpreter/linkResolver.cpp, line 773]
Event: 25.232 Thread 0x000001d27ab62000 Exception <a 'java/lang/NoSuchMethodError'{0x000000008801e398}: 'java.lang.Object java.lang.invoke.DirectMethodHandle$Holder.invokeVirtual(java.lang.Object, java.lang.Object, int, java.lang.Object)'> (0x000000008801e398) thrown at [./src/hotspot/share/interpreter/linkResolver.cpp, line 773]
Event: 25.232 Thread 0x000001d27cb32000 Exception <a 'java/lang/NoSuchMethodError'{0x0000000088198848}: 'java.lang.Object java.lang.invoke.DirectMethodHandle$Holder.invokeVirtual(java.lang.Object, java.lang.Object, int, java.lang.Object)'> (0x0000000088198848) thrown at [./src/hotspot/share/interpreter/linkResolver.cpp, line 773]

Events (20 events):
Event: 25.250 loading class com/android/tools/r8/code/n2 done
Event: 25.250 loading class com/android/tools/r8/code/p2
Event: 25.250 loading class com/android/tools/r8/code/p2 done
Event: 25.251 loading class com/android/tools/r8/code/a0
Event: 25.251 loading class com/android/tools/r8/code/a0 done
Event: 25.251 loading class com/android/tools/r8/code/o2
Event: 25.251 loading class com/android/tools/r8/code/o2 done
Event: 25.252 loading class com/android/tools/r8/v/b/B0
Event: 25.252 loading class com/android/tools/r8/v/b/B0 done
Event: 25.252 loading class com/android/tools/r8/v/b/z0
Event: 25.252 loading class com/android/tools/r8/v/b/z0 done
Event: 25.253 loading class com/android/tools/r8/v/b/A0
Event: 25.253 loading class com/android/tools/r8/v/b/A0 done
Event: 25.254 loading class com/android/tools/r8/v/b/D0
Event: 25.254 loading class com/android/tools/r8/v/b/D0 done
Event: 25.254 loading class com/android/tools/r8/v/b/w0
Event: 25.254 loading class com/android/tools/r8/v/b/w0 done
Event: 25.255 loading class com/android/tools/r8/code/H
Event: 25.255 loading class com/android/tools/r8/code/H done
Event: 25.255 Executing VM operation: G1CollectForAllocation


Dynamic libraries:
0x00007ff6936c0000 - 0x00007ff6936ca000 	C:\Program Files\Android\Android Studio\jre\bin\java.exe
0x00007ffbc3fd0000 - 0x00007ffbc41c5000 	C:\WINDOWS\SYSTEM32\ntdll.dll
0x00007ffbc3dd0000 - 0x00007ffbc3e8e000 	C:\WINDOWS\System32\KERNEL32.DLL
0x00007ffbc18f0000 - 0x00007ffbc1bb9000 	C:\WINDOWS\System32\KERNELBASE.dll
0x00007ffbc1c70000 - 0x00007ffbc1d70000 	C:\WINDOWS\System32\ucrtbase.dll
0x00007ffbb2060000 - 0x00007ffbb2079000 	C:\Program Files\Android\Android Studio\jre\bin\jli.dll
0x00007ffbb2040000 - 0x00007ffbb2057000 	C:\Program Files\Android\Android Studio\jre\bin\VCRUNTIME140.dll
0x00007ffbc2d80000 - 0x00007ffbc2f21000 	C:\WINDOWS\System32\USER32.dll
0x00007ffbc1bc0000 - 0x00007ffbc1be2000 	C:\WINDOWS\System32\win32u.dll
0x00007ffbb35d0000 - 0x00007ffbb386a000 	C:\WINDOWS\WinSxS\amd64_microsoft.windows.common-controls_6595b64144ccf1df_6.0.19041.1110_none_60b5254171f9507e\COMCTL32.dll
0x00007ffbc20d0000 - 0x00007ffbc20fb000 	C:\WINDOWS\System32\GDI32.dll
0x00007ffbc3e90000 - 0x00007ffbc3f2e000 	C:\WINDOWS\System32\msvcrt.dll
0x00007ffbc1eb0000 - 0x00007ffbc1fbb000 	C:\WINDOWS\System32\gdi32full.dll
0x00007ffbc1850000 - 0x00007ffbc18ed000 	C:\WINDOWS\System32\msvcp_win.dll
0x00007ffbc2990000 - 0x00007ffbc29c0000 	C:\WINDOWS\System32\IMM32.DLL
0x00007ffba8d10000 - 0x00007ffba8dad000 	C:\Program Files\Android\Android Studio\jre\bin\msvcp140.dll
0x00007ffb80290000 - 0x00007ffb80d4c000 	C:\Program Files\Android\Android Studio\jre\bin\server\jvm.dll
0x00007ffbc2ca0000 - 0x00007ffbc2d4c000 	C:\WINDOWS\System32\ADVAPI32.dll
0x00007ffbc3bc0000 - 0x00007ffbc3c5b000 	C:\WINDOWS\System32\sechost.dll
0x00007ffbc29c0000 - 0x00007ffbc2aea000 	C:\WINDOWS\System32\RPCRT4.dll
0x00007ffbc2d60000 - 0x00007ffbc2d68000 	C:\WINDOWS\System32\PSAPI.DLL
0x00007ffbb6b50000 - 0x00007ffbb6b77000 	C:\WINDOWS\SYSTEM32\WINMM.dll
0x00007ffbbd1c0000 - 0x00007ffbbd1c9000 	C:\WINDOWS\SYSTEM32\WSOCK32.dll
0x00007ffbb6bd0000 - 0x00007ffbb6bda000 	C:\WINDOWS\SYSTEM32\VERSION.dll
0x00007ffbc2560000 - 0x00007ffbc25cb000 	C:\WINDOWS\System32\WS2_32.dll
0x00007ffbbf5f0000 - 0x00007ffbbf602000 	C:\WINDOWS\SYSTEM32\kernel.appcore.dll
0x00007ffbbd1a0000 - 0x00007ffbbd1b1000 	C:\Program Files\Android\Android Studio\jre\bin\verify.dll
0x00007ffbbb600000 - 0x00007ffbbb7e4000 	C:\WINDOWS\SYSTEM32\DBGHELP.DLL
0x00007ffbb9d50000 - 0x00007ffbb9d7c000 	C:\WINDOWS\SYSTEM32\dbgcore.DLL
0x00007ffbc1d70000 - 0x00007ffbc1df3000 	C:\WINDOWS\System32\bcryptPrimitives.dll
0x00007ffbb15c0000 - 0x00007ffbb15e9000 	C:\Program Files\Android\Android Studio\jre\bin\java.dll
0x00007ffbbcb90000 - 0x00007ffbbcb9b000 	C:\Program Files\Android\Android Studio\jre\bin\jimage.dll
0x00007ffbb1f90000 - 0x00007ffbb1fa8000 	C:\Program Files\Android\Android Studio\jre\bin\zip.dll
0x00007ffbc2f30000 - 0x00007ffbc366f000 	C:\WINDOWS\System32\SHELL32.dll
0x00007ffbbf7f0000 - 0x00007ffbbff80000 	C:\WINDOWS\SYSTEM32\windows.storage.dll
0x00007ffbc2630000 - 0x00007ffbc2985000 	C:\WINDOWS\System32\combase.dll
0x00007ffbc1070000 - 0x00007ffbc109c000 	C:\WINDOWS\SYSTEM32\Wldp.dll
0x00007ffbc2020000 - 0x00007ffbc20ce000 	C:\WINDOWS\System32\SHCORE.dll
0x00007ffbc25d0000 - 0x00007ffbc2625000 	C:\WINDOWS\System32\shlwapi.dll
0x00007ffbc1630000 - 0x00007ffbc164f000 	C:\WINDOWS\SYSTEM32\profapi.dll
0x00007ffbb1c20000 - 0x00007ffbb1c3a000 	C:\Program Files\Android\Android Studio\jre\bin\net.dll
0x00007ffbb7f30000 - 0x00007ffbb8038000 	C:\WINDOWS\SYSTEM32\WINHTTP.dll
0x00007ffbc0dd0000 - 0x00007ffbc0e3a000 	C:\WINDOWS\system32\mswsock.dll
0x00007ffbb0fc0000 - 0x00007ffbb0fd4000 	C:\Program Files\Android\Android Studio\jre\bin\nio.dll
0x00007ffbaa360000 - 0x00007ffbaa387000 	C:\Users\acer\.gradle\native\fdc75f09e3144964f2cf3f50f0aa648679c211496f362492102eb8c894070792\windows-amd64\native-platform.dll
0x00007ffb92b30000 - 0x00007ffb92cc6000 	C:\Users\acer\.gradle\native\12488b8bf47d2d4c9fbf2f6322a914ad602e24e48041cd04a747c6da556b65c4\windows-amd64\native-platform-file-events.dll
0x00007ffbbcb80000 - 0x00007ffbbcb8a000 	C:\Program Files\Android\Android Studio\jre\bin\management.dll
0x00007ffbbb9c0000 - 0x00007ffbbb9cc000 	C:\Program Files\Android\Android Studio\jre\bin\management_ext.dll
0x00007ffbc0fc0000 - 0x00007ffbc0fd8000 	C:\WINDOWS\SYSTEM32\CRYPTSP.dll
0x00007ffbc0750000 - 0x00007ffbc0784000 	C:\WINDOWS\system32\rsaenh.dll
0x00007ffbc1bf0000 - 0x00007ffbc1c17000 	C:\WINDOWS\System32\bcrypt.dll
0x00007ffbc15f0000 - 0x00007ffbc161e000 	C:\WINDOWS\SYSTEM32\USERENV.dll
0x00007ffbc0fe0000 - 0x00007ffbc0fec000 	C:\WINDOWS\SYSTEM32\CRYPTBASE.dll
0x00007ffbc0ac0000 - 0x00007ffbc0afb000 	C:\WINDOWS\SYSTEM32\IPHLPAPI.DLL
0x00007ffbc2d70000 - 0x00007ffbc2d78000 	C:\WINDOWS\System32\NSI.dll
0x00007ffbba530000 - 0x00007ffbba547000 	C:\WINDOWS\SYSTEM32\dhcpcsvc6.DLL
0x00007ffbba950000 - 0x00007ffbba96d000 	C:\WINDOWS\SYSTEM32\dhcpcsvc.DLL
0x00007ffbc0b00000 - 0x00007ffbc0bcc000 	C:\WINDOWS\SYSTEM32\DNSAPI.dll
0x00007ffbbae30000 - 0x00007ffbbae3b000 	C:\WINDOWS\SYSTEM32\WINNSI.DLL

dbghelp: loaded successfully - version: 4.0.5 - missing functions: none
symbol engine: initialized successfully - sym options: 0x614 - pdb path: .;C:\Program Files\Android\Android Studio\jre\bin;C:\WINDOWS\SYSTEM32;C:\WINDOWS\WinSxS\amd64_microsoft.windows.common-controls_6595b64144ccf1df_6.0.19041.1110_none_60b5254171f9507e;C:\Program Files\Android\Android Studio\jre\bin\server;C:\Users\acer\.gradle\native\fdc75f09e3144964f2cf3f50f0aa648679c211496f362492102eb8c894070792\windows-amd64;C:\Users\acer\.gradle\native\12488b8bf47d2d4c9fbf2f6322a914ad602e24e48041cd04a747c6da556b65c4\windows-amd64

VM Arguments:
jvm_args: --add-opens=java.base/java.util=ALL-UNNAMED --add-opens=java.base/java.lang=ALL-UNNAMED --add-opens=java.base/java.lang.invoke=ALL-UNNAMED --add-opens=java.prefs/java.util.prefs=ALL-UNNAMED -Xmx2048m -Dfile.encoding=UTF-8 -Duser.country=US -Duser.language=en -Duser.variant 
java_command: org.gradle.launcher.daemon.bootstrap.GradleDaemon 6.7.1
java_class_path (initial): C:\Users\acer\.gradle\wrapper\dists\gradle-6.7.1-bin\bwlcbys1h7rz3272sye1xwiv6\gradle-6.7.1\lib\gradle-launcher-6.7.1.jar
Launcher Type: SUN_STANDARD

[Global flags]
     intx CICompilerCount                          = 4                                         {product} {ergonomic}
     uint ConcGCThreads                            = 2                                         {product} {ergonomic}
     uint G1ConcRefinementThreads                  = 8                                         {product} {ergonomic}
   size_t G1HeapRegionSize                         = 1048576                                   {product} {ergonomic}
    uintx GCDrainStackTargetSize                   = 64                                        {product} {ergonomic}
   size_t InitialHeapSize                          = 100663296                                 {product} {ergonomic}
   size_t MarkStackSize                            = 4194304                                   {product} {ergonomic}
   size_t MaxHeapSize                              = 2147483648                                {product} {command line}
   size_t MaxNewSize                               = 1287651328                                {product} {ergonomic}
   size_t MinHeapDeltaBytes                        = 1048576                                   {product} {ergonomic}
    uintx NonNMethodCodeHeapSize                   = 5836300                                {pd product} {ergonomic}
    uintx NonProfiledCodeHeapSize                  = 122910970                              {pd product} {ergonomic}
    uintx ProfiledCodeHeapSize                     = 122910970                              {pd product} {ergonomic}
    uintx ReservedCodeCacheSize                    = 251658240                              {pd product} {ergonomic}
     bool SegmentedCodeCache                       = true                                      {product} {ergonomic}
     bool UseCompressedClassPointers               = true                                 {lp64_product} {ergonomic}
     bool UseCompressedOops                        = true                                 {lp64_product} {ergonomic}
     bool UseG1GC                                  = true                                      {product} {ergonomic}
     bool UseLargePagesIndividualAllocation        = false                                  {pd product} {ergonomic}

Logging:
Log output configuration:
 #0: stdout all=warning uptime,level,tags
 #1: stderr all=off uptime,level,tags

Environment Variables:
PATH=C:\Program Files (x86)\Common Files\Oracle\Java\javapath;C:\WINDOWS\system32;C:\WINDOWS;C:\WINDOWS\System32\Wbem;C:\WINDOWS\System32\WindowsPowerShell\v1.0\;C:\WINDOWS\System32\OpenSSH\;D:\Nodejs\;C:\Program Files\Git\cmd;D:\Xampp\php;C:\ProgramData\ComposerSetup\bin;C:\Users\acer\AppData\Local\Microsoft\WindowsApps;C:\Users\acer\AppData\Local\Programs\Microsoft VS Code\bin;C:\Users\acer\AppData\Roaming\npm;C:\Users\acer\AppData\Roaming\Composer\vendor\bin;C:\Users\acer\AppData\Local\GitHubDesktop\bin
USERNAME=acer
OS=Windows_NT
PROCESSOR_IDENTIFIER=AMD64 Family 23 Model 24 Stepping 1, AuthenticAMD



---------------  S Y S T E M  ---------------

OS: Windows 10 , 64 bit Build 19041 (10.0.19041.1200)
OS uptime: 20 days 17:08 hours

CPU:total 8 (initial active 8) (8 cores per cpu, 2 threads per core) family 23 model 24 stepping 1, cmov, cx8, fxsr, mmx, sse, sse2, sse3, ssse3, sse4.1, sse4.2, popcnt, avx, avx2, aes, clmul, mmxext, 3dnowpref, lzcnt, sse4a, ht, tsc, tscinvbit, tscinv, bmi1, bmi2, adx, sha, fma

Memory: 4k page, system-wide physical 6082M (289M free)
TotalPageFile size 14082M (AvailPageFile size 46M)
current process WorkingSet (physical memory assigned to process): 393M, peak: 393M
current process commit charge ("private bytes"): 482M, peak: 595M

vm_info: OpenJDK 64-Bit Server VM (11.0.8+10-b944.6842174) for windows-amd64 JRE (11.0.8+10-b944.6842174), built on Sep 19 2020 01:11:42 by "builder" with MS VC++ 14.0 (VS2015)

END.
