#
# There is insufficient memory for the Java Runtime Environment to continue.
# Native memory allocation (malloc) failed to allocate 2408176 bytes for Chunk::new
# Possible reasons:
#   The system is out of physical RAM or swap space
#   The process is running with CompressedOops enabled, and the Java Heap may be blocking the growth of the native heap
# Possible solutions:
#   Reduce memory load on the system
#   Increase physical memory or swap space
#   Check if swap backing store is full
#   Decrease Java heap size (-Xmx/-Xms)
#   Decrease number of Java threads
#   Decrease Java thread stack sizes (-Xss)
#   Set larger code cache with -XX:ReservedCodeCacheSize=
#   JVM is running with Unscaled Compressed Oops mode in which the Java heap is
#     placed in the first 4GB address space. The Java Heap base address is the
#     maximum limit for the native heap growth. Please use -XX:HeapBaseMinAddress
#     to set the Java Heap base and to place the Java Heap above 4GB virtual address.
# This output file may be truncated or incomplete.
#
#  Out of Memory Error (./src/hotspot/share/memory/arena.cpp:197), pid=16432, tid=10064
#
# JRE version: OpenJDK Runtime Environment (11.0.8+10) (build 11.0.8+10-b944.6842174)
# Java VM: OpenJDK 64-Bit Server VM (11.0.8+10-b944.6842174, mixed mode, tiered, compressed oops, g1 gc, windows-amd64)
# No core dump will be written. Minidumps are not enabled by default on client versions of Windows
#

---------------  S U M M A R Y ------------

Command Line: --add-opens=java.base/java.util=ALL-UNNAMED --add-opens=java.base/java.lang=ALL-UNNAMED --add-opens=java.base/java.lang.invoke=ALL-UNNAMED --add-opens=java.prefs/java.util.prefs=ALL-UNNAMED -Xmx2048m -Dfile.encoding=UTF-8 -Duser.country=US -Duser.language=en -Duser.variant org.gradle.launcher.daemon.bootstrap.GradleDaemon 6.7.1

Host: AMD Ryzen 5 3550H with Radeon Vega Mobile Gfx  , 8 cores, 5G,  Windows 10 , 64 bit Build 19041 (10.0.19041.1200)
Time: Wed Sep 15 14:27:54 2021 SE Asia Standard Time elapsed time: 13 seconds (0d 0h 0m 13s)

---------------  T H R E A D  ---------------

Current thread (0x000002419305d800):  JavaThread "C2 CompilerThread1" daemon [_thread_in_native, id=10064, stack(0x000000bce1500000,0x000000bce1600000)]


Current CompileTask:
C2:  13581 9609 %     4       com.android.tools.r8.C.a.a.f::a @ 2576 (6058 bytes)

Stack: [0x000000bce1500000,0x000000bce1600000]
Native frames: (J=compiled Java code, j=interpreted, Vv=VM code, C=native code)
V  [jvm.dll+0x5de50a]
V  [jvm.dll+0x7122f5]
V  [jvm.dll+0x71384d]
V  [jvm.dll+0x713f03]
V  [jvm.dll+0x23e728]
V  [jvm.dll+0xb899c]
V  [jvm.dll+0xb8e9c]
V  [jvm.dll+0x35020b]
V  [jvm.dll+0x31dea3]
V  [jvm.dll+0x31d39a]
V  [jvm.dll+0x1f7702]
V  [jvm.dll+0x1f68d4]
V  [jvm.dll+0x17f32c]
V  [jvm.dll+0x205047]
V  [jvm.dll+0x203891]
V  [jvm.dll+0x6dad3f]
V  [jvm.dll+0x6d3895]
V  [jvm.dll+0x5dd4a6]
C  [ucrtbase.dll+0x21bb2]
C  [KERNEL32.DLL+0x17034]
C  [ntdll.dll+0x52651]


---------------  P R O C E S S  ---------------

Threads class SMR info:
_java_thread_list=0x00000241ffa18fa0, length=150, elements={
0x00000241f5d87800, 0x00000241ff066800, 0x00000241ff068000, 0x00000241ff07d800,
0x00000241ff07e000, 0x00000241ff07f000, 0x00000241ff083000, 0x00000241ff08d000,
0x00000241ffb4b800, 0x00000241ffb54800, 0x00000241926f4000, 0x000002419108b000,
0x000002419218f800, 0x00000241941db000, 0x0000024192d9a800, 0x0000024191a84800,
0x0000024191ef5000, 0x0000024193f52800, 0x0000024193184800, 0x0000024193f53800,
0x0000024193168000, 0x000002419316b000, 0x000002419316c000, 0x000002419316a800,
0x000002419316d800, 0x0000024193169800, 0x0000024193168800, 0x000002419316d000,
0x000002419316e800, 0x0000024194929000, 0x000002419305d800, 0x000002419492a000,
0x0000024194926800, 0x0000024194926000, 0x0000024194924000, 0x0000024194925000,
0x000002419492d000, 0x000002419492b800, 0x000002419492e000, 0x000002419492c800,
0x0000024194928800, 0x000002419492f800, 0x000002419492f000, 0x0000024194930800,
0x000002419492b000, 0x0000024194931800, 0x0000024194932000, 0x0000024194d16000,
0x0000024194d14800, 0x0000024194d18800, 0x0000024194d17000, 0x0000024194d13800,
0x0000024194d13000, 0x0000024194d17800, 0x0000024194d19800, 0x0000024194d1a000,
0x0000024194d1b000, 0x0000024194d15800, 0x0000024194d1c800, 0x0000024194d1d800,
0x0000024194d1c000, 0x0000024194d21800, 0x0000024194d1e800, 0x0000024194d1f000,
0x0000024194d20000, 0x0000024194d20800, 0x000002419649b800, 0x000002419649d000,
0x0000024196499000, 0x000002419649c000, 0x0000024196499800, 0x000002419649a800,
0x0000024196498000, 0x000002419649e800, 0x00000241964a0000, 0x00000241964a1000,
0x00000241964a2800, 0x000002419649f800, 0x00000241964a2000, 0x00000241964a3800,
0x000002419649d800, 0x00000241964a4000, 0x00000241964a5000, 0x00000241964a6000,
0x00000241964a6800, 0x0000024196618800, 0x000002419661b800, 0x000002419661a800,
0x000002419661c800, 0x000002419661d000, 0x000002419661e000, 0x000002419661f000,
0x0000024196619000, 0x000002419661f800, 0x000002419661a000, 0x0000024196620800,
0x0000024196621800, 0x0000024196622000, 0x0000024196623000, 0x0000024196625800,
0x0000024196623800, 0x0000024196624800, 0x0000024196626000, 0x0000024196627000,
0x0000024194c04800, 0x0000024194c02800, 0x0000024194c00800, 0x0000024194c01000,
0x0000024194c03800, 0x0000024194c02000, 0x0000024194c05000, 0x0000024194bff800,
0x0000024194c07000, 0x0000024194c09000, 0x0000024194c08800, 0x0000024194c0b800,
0x0000024194c0a000, 0x0000024194c06000, 0x0000024194c0c800, 0x0000024194c0b000,
0x0000024194c0d800, 0x0000024194c07800, 0x0000024194c0e000, 0x0000024194d51800,
0x0000024194d52800, 0x0000024194d59000, 0x0000024194d58000, 0x0000024194d55800,
0x0000024194d53800, 0x0000024194d5a000, 0x0000024194d54000, 0x0000024194d5a800,
0x0000024194d55000, 0x0000024194d5b800, 0x0000024194d5c800, 0x0000024194d56800,
0x0000024194d5d000, 0x0000024194d57800, 0x0000024194d5e800, 0x0000024194d5e000,
0x0000024194d5f800, 0x000002419a6bc000, 0x000002419a6bc800, 0x000002419a6bb000,
0x000002419a6bd800, 0x000002419a6c0800, 0x000002419a6c3000, 0x000002419a6c4000,
0x000002419a6be800, 0x000002419a6c0000
}

Java Threads: ( => current thread )
  0x00000241f5d87800 JavaThread "main" [_thread_blocked, id=384, stack(0x000000bcde300000,0x000000bcde400000)]
  0x00000241ff066800 JavaThread "Reference Handler" daemon [_thread_blocked, id=4052, stack(0x000000bcdea00000,0x000000bcdeb00000)]
  0x00000241ff068000 JavaThread "Finalizer" daemon [_thread_blocked, id=16188, stack(0x000000bcdeb00000,0x000000bcdec00000)]
  0x00000241ff07d800 JavaThread "Signal Dispatcher" daemon [_thread_blocked, id=9144, stack(0x000000bcdec00000,0x000000bcded00000)]
  0x00000241ff07e000 JavaThread "Attach Listener" daemon [_thread_blocked, id=15156, stack(0x000000bcded00000,0x000000bcdee00000)]
  0x00000241ff07f000 JavaThread "C2 CompilerThread0" daemon [_thread_blocked, id=5972, stack(0x000000bcdee00000,0x000000bcdef00000)]
  0x00000241ff083000 JavaThread "C1 CompilerThread0" daemon [_thread_in_native, id=3964, stack(0x000000bcdef00000,0x000000bcdf000000)]
  0x00000241ff08d000 JavaThread "Sweeper thread" daemon [_thread_blocked, id=5324, stack(0x000000bcdf000000,0x000000bcdf100000)]
  0x00000241ffb4b800 JavaThread "Common-Cleaner" daemon [_thread_blocked, id=7344, stack(0x000000bcdf100000,0x000000bcdf200000)]
  0x00000241ffb54800 JavaThread "Service Thread" daemon [_thread_blocked, id=17340, stack(0x000000bcdf200000,0x000000bcdf300000)]
  0x00000241926f4000 JavaThread "Daemon health stats" [_thread_blocked, id=14992, stack(0x000000bcdf600000,0x000000bcdf700000)]
  0x000002419108b000 JavaThread "Incoming local TCP Connector on port 51089" [_thread_in_native, id=16912, stack(0x000000bcdf800000,0x000000bcdf900000)]
  0x000002419218f800 JavaThread "Daemon periodic checks" [_thread_blocked, id=8336, stack(0x000000bcdf900000,0x000000bcdfa00000)]
  0x00000241941db000 JavaThread "Daemon" [_thread_blocked, id=4924, stack(0x000000bcdfa00000,0x000000bcdfb00000)]
  0x0000024192d9a800 JavaThread "Handler for socket connection from /127.0.0.1:51089 to /127.0.0.1:51090" [_thread_in_native, id=11620, stack(0x000000bcdfb00000,0x000000bcdfc00000)]
  0x0000024191a84800 JavaThread "Cancel handler" [_thread_blocked, id=15028, stack(0x000000bce0500000,0x000000bce0600000)]
  0x0000024191ef5000 JavaThread "Daemon worker" [_thread_blocked, id=14520, stack(0x000000bce0600000,0x000000bce0700000)]
  0x0000024193f52800 JavaThread "Asynchronous log dispatcher for DefaultDaemonConnection: socket connection from /127.0.0.1:51089 to /127.0.0.1:51090" [_thread_blocked, id=15652, stack(0x000000bce0700000,0x000000bce0800000)]
  0x0000024193184800 JavaThread "Stdin handler" [_thread_blocked, id=12220, stack(0x000000bce0800000,0x000000bce0900000)]
  0x0000024193f53800 JavaThread "Thread-8" [_thread_blocked, id=6296, stack(0x000000bce0900000,0x000000bce0a00000)]
  0x0000024193168000 JavaThread "Cache worker for file hash cache (C:\Users\acer\.gradle\caches\6.7.1\fileHashes)" [_thread_blocked, id=3936, stack(0x000000bce0a00000,0x000000bce0b00000)]
  0x000002419316b000 JavaThread "File lock request listener" [_thread_in_native, id=16896, stack(0x000000bce0b00000,0x000000bce0c00000)]
  0x000002419316c000 JavaThread "Cache worker for journal cache (C:\Users\acer\.gradle\caches\journal-1)" [_thread_blocked, id=2948, stack(0x000000bce0d00000,0x000000bce0e00000)]
  0x000002419316a800 JavaThread "Cache worker for file hash cache (D:\Du an truong\DuanPhonestore\.gradle\6.7.1\fileHashes)" [_thread_blocked, id=13584, stack(0x000000bce0e00000,0x000000bce0f00000)]
  0x000002419316d800 JavaThread "Cache worker for checksums cache (D:\Du an truong\DuanPhonestore\.gradle\checksums)" [_thread_blocked, id=14092, stack(0x000000bce0f00000,0x000000bce1000000)]
  0x0000024193169800 JavaThread "Cache worker for cache directory md-supplier (C:\Users\acer\.gradle\caches\6.7.1\md-supplier)" [_thread_blocked, id=14272, stack(0x000000bce1000000,0x000000bce1100000)]
  0x0000024193168800 JavaThread "Cache worker for cache directory md-rule (C:\Users\acer\.gradle\caches\6.7.1\md-rule)" [_thread_blocked, id=11476, stack(0x000000bce1100000,0x000000bce1200000)]
  0x000002419316d000 JavaThread "Cache worker for execution history cache (C:\Users\acer\.gradle\caches\6.7.1\executionHistory)" [_thread_blocked, id=3984, stack(0x000000bce1200000,0x000000bce1300000)]
  0x000002419316e800 JavaThread "jar transforms" [_thread_blocked, id=4544, stack(0x000000bce1300000,0x000000bce1400000)]
  0x0000024194929000 JavaThread "Cache worker for file content cache (C:\Users\acer\.gradle\caches\6.7.1\fileContent)" [_thread_blocked, id=12812, stack(0x000000bce1400000,0x000000bce1500000)]
=>0x000002419305d800 JavaThread "C2 CompilerThread1" daemon [_thread_in_native, id=10064, stack(0x000000bce1500000,0x000000bce1600000)]
  0x000002419492a000 JavaThread "Cache worker for Build Output Cleanup Cache (D:\Du an truong\DuanPhonestore\.gradle\buildOutputCleanup)" [_thread_blocked, id=2720, stack(0x000000bce1600000,0x000000bce1700000)]
  0x0000024194926800 JavaThread "Build operations" [_thread_blocked, id=15276, stack(0x000000bce1700000,0x000000bce1800000)]
  0x0000024194926000 JavaThread "Build operations Thread 2" [_thread_blocked, id=16596, stack(0x000000bce1800000,0x000000bce1900000)]
  0x0000024194924000 JavaThread "Build operations Thread 3" [_thread_blocked, id=6064, stack(0x000000bce1900000,0x000000bce1a00000)]
  0x0000024194925000 JavaThread "Build operations Thread 4" [_thread_blocked, id=7372, stack(0x000000bce1a00000,0x000000bce1b00000)]
  0x000002419492d000 JavaThread "Build operations Thread 5" [_thread_blocked, id=11692, stack(0x000000bce1b00000,0x000000bce1c00000)]
  0x000002419492b800 JavaThread "Build operations Thread 6" [_thread_blocked, id=9000, stack(0x000000bce1c00000,0x000000bce1d00000)]
  0x000002419492e000 JavaThread "Build operations Thread 7" [_thread_blocked, id=16784, stack(0x000000bce1d00000,0x000000bce1e00000)]
  0x000002419492c800 JavaThread "Build operations Thread 8" [_thread_in_Java, id=17264, stack(0x000000bce1e00000,0x000000bce1f00000)]
  0x0000024194928800 JavaThread "jar transforms Thread 2" [_thread_blocked, id=16268, stack(0x000000bce1f00000,0x000000bce2000000)]
  0x000002419492f800 JavaThread "jar transforms Thread 3" [_thread_blocked, id=12244, stack(0x000000bce2000000,0x000000bce2100000)]
  0x000002419492f000 JavaThread "jar transforms Thread 4" [_thread_blocked, id=13652, stack(0x000000bce2100000,0x000000bce2200000)]
  0x0000024194930800 JavaThread "jar transforms Thread 5" [_thread_blocked, id=10932, stack(0x000000bce2200000,0x000000bce2300000)]
  0x000002419492b000 JavaThread "jar transforms Thread 6" [_thread_blocked, id=5212, stack(0x000000bce2300000,0x000000bce2400000)]
  0x0000024194931800 JavaThread "jar transforms Thread 7" [_thread_blocked, id=2284, stack(0x000000bce2400000,0x000000bce2500000)]
  0x0000024194932000 JavaThread "jar transforms Thread 8" [_thread_blocked, id=12488, stack(0x000000bce2500000,0x000000bce2600000)]
  0x0000024194d16000 JavaThread "jar transforms Thread 9" [_thread_blocked, id=3656, stack(0x000000bce2600000,0x000000bce2700000)]
  0x0000024194d14800 JavaThread "jar transforms Thread 10" [_thread_blocked, id=13008, stack(0x000000bce2700000,0x000000bce2800000)]
  0x0000024194d18800 JavaThread "jar transforms Thread 11" [_thread_blocked, id=4500, stack(0x000000bce2800000,0x000000bce2900000)]
  0x0000024194d17000 JavaThread "jar transforms Thread 12" [_thread_blocked, id=12760, stack(0x000000bce2900000,0x000000bce2a00000)]
  0x0000024194d13800 JavaThread "jar transforms Thread 13" [_thread_blocked, id=5984, stack(0x000000bce2a00000,0x000000bce2b00000)]
  0x0000024194d13000 JavaThread "jar transforms Thread 14" [_thread_blocked, id=9712, stack(0x000000bce2b00000,0x000000bce2c00000)]
  0x0000024194d17800 JavaThread "jar transforms Thread 15" [_thread_blocked, id=15816, stack(0x000000bce2c00000,0x000000bce2d00000)]
  0x0000024194d19800 JavaThread "jar transforms Thread 16" [_thread_blocked, id=2372, stack(0x000000bce2d00000,0x000000bce2e00000)]
  0x0000024194d1a000 JavaThread "jar transforms Thread 17" [_thread_blocked, id=8236, stack(0x000000bce2e00000,0x000000bce2f00000)]
  0x0000024194d1b000 JavaThread "jar transforms Thread 18" [_thread_blocked, id=11516, stack(0x000000bce2f00000,0x000000bce3000000)]
  0x0000024194d15800 JavaThread "jar transforms Thread 19" [_thread_blocked, id=4824, stack(0x000000bce3000000,0x000000bce3100000)]
  0x0000024194d1c800 JavaThread "jar transforms Thread 20" [_thread_blocked, id=5728, stack(0x000000bce3100000,0x000000bce3200000)]
  0x0000024194d1d800 JavaThread "jar transforms Thread 21" [_thread_blocked, id=1060, stack(0x000000bce3200000,0x000000bce3300000)]
  0x0000024194d1c000 JavaThread "jar transforms Thread 22" [_thread_blocked, id=9520, stack(0x000000bce3300000,0x000000bce3400000)]
  0x0000024194d21800 JavaThread "jar transforms Thread 23" [_thread_blocked, id=16536, stack(0x000000bce3400000,0x000000bce3500000)]
  0x0000024194d1e800 JavaThread "jar transforms Thread 24" [_thread_blocked, id=1768, stack(0x000000bce3500000,0x000000bce3600000)]
  0x0000024194d1f000 JavaThread "jar transforms Thread 25" [_thread_blocked, id=5600, stack(0x000000bce3600000,0x000000bce3700000)]
  0x0000024194d20000 JavaThread "jar transforms Thread 26" [_thread_blocked, id=11720, stack(0x000000bce3700000,0x000000bce3800000)]
  0x0000024194d20800 JavaThread "jar transforms Thread 27" [_thread_blocked, id=5668, stack(0x000000bce3800000,0x000000bce3900000)]
  0x000002419649b800 JavaThread "jar transforms Thread 28" [_thread_blocked, id=14364, stack(0x000000bce3900000,0x000000bce3a00000)]
  0x000002419649d000 JavaThread "jar transforms Thread 29" [_thread_blocked, id=12168, stack(0x000000bce3a00000,0x000000bce3b00000)]
  0x0000024196499000 JavaThread "jar transforms Thread 30" [_thread_blocked, id=4508, stack(0x000000bce3b00000,0x000000bce3c00000)]
  0x000002419649c000 JavaThread "jar transforms Thread 31" [_thread_blocked, id=10156, stack(0x000000bce3c00000,0x000000bce3d00000)]
  0x0000024196499800 JavaThread "jar transforms Thread 32" [_thread_blocked, id=4060, stack(0x000000bce3d00000,0x000000bce3e00000)]
  0x000002419649a800 JavaThread "jar transforms Thread 33" [_thread_blocked, id=15236, stack(0x000000bce3e00000,0x000000bce3f00000)]
  0x0000024196498000 JavaThread "jar transforms Thread 34" [_thread_blocked, id=6404, stack(0x000000bce3f00000,0x000000bce4000000)]
  0x000002419649e800 JavaThread "jar transforms Thread 35" [_thread_blocked, id=3888, stack(0x000000bce4000000,0x000000bce4100000)]
  0x00000241964a0000 JavaThread "jar transforms Thread 36" [_thread_blocked, id=10776, stack(0x000000bce4100000,0x000000bce4200000)]
  0x00000241964a1000 JavaThread "jar transforms Thread 37" [_thread_blocked, id=4932, stack(0x000000bce4200000,0x000000bce4300000)]
  0x00000241964a2800 JavaThread "jar transforms Thread 38" [_thread_blocked, id=12640, stack(0x000000bce4300000,0x000000bce4400000)]
  0x000002419649f800 JavaThread "jar transforms Thread 39" [_thread_blocked, id=12788, stack(0x000000bce4400000,0x000000bce4500000)]
  0x00000241964a2000 JavaThread "jar transforms Thread 40" [_thread_blocked, id=13552, stack(0x000000bce4500000,0x000000bce4600000)]
  0x00000241964a3800 JavaThread "jar transforms Thread 41" [_thread_blocked, id=7968, stack(0x000000bce4600000,0x000000bce4700000)]
  0x000002419649d800 JavaThread "jar transforms Thread 42" [_thread_blocked, id=15040, stack(0x000000bce4700000,0x000000bce4800000)]
  0x00000241964a4000 JavaThread "jar transforms Thread 43" [_thread_blocked, id=13100, stack(0x000000bce4800000,0x000000bce4900000)]
  0x00000241964a5000 JavaThread "jar transforms Thread 44" [_thread_blocked, id=5036, stack(0x000000bce4900000,0x000000bce4a00000)]
  0x00000241964a6000 JavaThread "jar transforms Thread 45" [_thread_blocked, id=3228, stack(0x000000bce4a00000,0x000000bce4b00000)]
  0x00000241964a6800 JavaThread "jar transforms Thread 46" [_thread_blocked, id=4184, stack(0x000000bce4b00000,0x000000bce4c00000)]
  0x0000024196618800 JavaThread "jar transforms Thread 47" [_thread_blocked, id=14920, stack(0x000000bce4c00000,0x000000bce4d00000)]
  0x000002419661b800 JavaThread "jar transforms Thread 48" [_thread_blocked, id=13820, stack(0x000000bce4d00000,0x000000bce4e00000)]
  0x000002419661a800 JavaThread "jar transforms Thread 49" [_thread_blocked, id=7892, stack(0x000000bce4e00000,0x000000bce4f00000)]
  0x000002419661c800 JavaThread "jar transforms Thread 50" [_thread_blocked, id=15384, stack(0x000000bce4f00000,0x000000bce5000000)]
  0x000002419661d000 JavaThread "jar transforms Thread 51" [_thread_blocked, id=6016, stack(0x000000bce5000000,0x000000bce5100000)]
  0x000002419661e000 JavaThread "jar transforms Thread 52" [_thread_blocked, id=16688, stack(0x000000bce5100000,0x000000bce5200000)]
  0x000002419661f000 JavaThread "jar transforms Thread 53" [_thread_blocked, id=10940, stack(0x000000bce5200000,0x000000bce5300000)]
  0x0000024196619000 JavaThread "jar transforms Thread 54" [_thread_blocked, id=2432, stack(0x000000bce5300000,0x000000bce5400000)]
  0x000002419661f800 JavaThread "jar transforms Thread 55" [_thread_blocked, id=9872, stack(0x000000bce5400000,0x000000bce5500000)]
  0x000002419661a000 JavaThread "jar transforms Thread 56" [_thread_blocked, id=11616, stack(0x000000bce5500000,0x000000bce5600000)]
  0x0000024196620800 JavaThread "jar transforms Thread 57" [_thread_blocked, id=9864, stack(0x000000bce5600000,0x000000bce5700000)]
  0x0000024196621800 JavaThread "jar transforms Thread 58" [_thread_blocked, id=17208, stack(0x000000bce5700000,0x000000bce5800000)]
  0x0000024196622000 JavaThread "jar transforms Thread 59" [_thread_blocked, id=11936, stack(0x000000bce5800000,0x000000bce5900000)]
  0x0000024196623000 JavaThread "jar transforms Thread 60" [_thread_blocked, id=6812, stack(0x000000bce5900000,0x000000bce5a00000)]
  0x0000024196625800 JavaThread "jar transforms Thread 61" [_thread_blocked, id=8524, stack(0x000000bce5a00000,0x000000bce5b00000)]
  0x0000024196623800 JavaThread "jar transforms Thread 62" [_thread_blocked, id=6068, stack(0x000000bce5b00000,0x000000bce5c00000)]
  0x0000024196624800 JavaThread "jar transforms Thread 63" [_thread_blocked, id=13536, stack(0x000000bce5c00000,0x000000bce5d00000)]
  0x0000024196626000 JavaThread "jar transforms Thread 64" [_thread_blocked, id=9180, stack(0x000000bce5d00000,0x000000bce5e00000)]
  0x0000024196627000 JavaThread "jar transforms Thread 65" [_thread_blocked, id=2304, stack(0x000000bce5e00000,0x000000bce5f00000)]
  0x0000024194c04800 JavaThread "jar transforms Thread 66" [_thread_blocked, id=17136, stack(0x000000bce5f00000,0x000000bce6000000)]
  0x0000024194c02800 JavaThread "jar transforms Thread 67" [_thread_blocked, id=8664, stack(0x000000bce6000000,0x000000bce6100000)]
  0x0000024194c00800 JavaThread "jar transforms Thread 68" [_thread_blocked, id=8992, stack(0x000000bce6100000,0x000000bce6200000)]
  0x0000024194c01000 JavaThread "jar transforms Thread 69" [_thread_blocked, id=16588, stack(0x000000bce6200000,0x000000bce6300000)]
  0x0000024194c03800 JavaThread "jar transforms Thread 70" [_thread_blocked, id=7836, stack(0x000000bce6300000,0x000000bce6400000)]
  0x0000024194c02000 JavaThread "jar transforms Thread 71" [_thread_blocked, id=9148, stack(0x000000bce6400000,0x000000bce6500000)]
  0x0000024194c05000 JavaThread "jar transforms Thread 72" [_thread_blocked, id=2596, stack(0x000000bce6500000,0x000000bce6600000)]
  0x0000024194bff800 JavaThread "jar transforms Thread 73" [_thread_blocked, id=3024, stack(0x000000bce6600000,0x000000bce6700000)]
  0x0000024194c07000 JavaThread "jar transforms Thread 74" [_thread_blocked, id=9660, stack(0x000000bce6700000,0x000000bce6800000)]
  0x0000024194c09000 JavaThread "jar transforms Thread 75" [_thread_blocked, id=1348, stack(0x000000bce6800000,0x000000bce6900000)]
  0x0000024194c08800 JavaThread "jar transforms Thread 76" [_thread_blocked, id=8000, stack(0x000000bce6900000,0x000000bce6a00000)]
  0x0000024194c0b800 JavaThread "jar transforms Thread 77" [_thread_blocked, id=17356, stack(0x000000bce6a00000,0x000000bce6b00000)]
  0x0000024194c0a000 JavaThread "jar transforms Thread 78" [_thread_blocked, id=13648, stack(0x000000bce6b00000,0x000000bce6c00000)]
  0x0000024194c06000 JavaThread "jar transforms Thread 79" [_thread_blocked, id=16080, stack(0x000000bce6c00000,0x000000bce6d00000)]
  0x0000024194c0c800 JavaThread "jar transforms Thread 80" [_thread_blocked, id=2216, stack(0x000000bce6d00000,0x000000bce6e00000)]
  0x0000024194c0b000 JavaThread "jar transforms Thread 81" [_thread_blocked, id=16576, stack(0x000000bce6e00000,0x000000bce6f00000)]
  0x0000024194c0d800 JavaThread "jar transforms Thread 82" [_thread_blocked, id=13824, stack(0x000000bce6f00000,0x000000bce7000000)]
  0x0000024194c07800 JavaThread "jar transforms Thread 83" [_thread_blocked, id=15092, stack(0x000000bce7000000,0x000000bce7100000)]
  0x0000024194c0e000 JavaThread "jar transforms Thread 84" [_thread_blocked, id=15648, stack(0x000000bce7100000,0x000000bce7200000)]
  0x0000024194d51800 JavaThread "jar transforms Thread 85" [_thread_blocked, id=10044, stack(0x000000bce7200000,0x000000bce7300000)]
  0x0000024194d52800 JavaThread "jar transforms Thread 86" [_thread_blocked, id=2188, stack(0x000000bce7300000,0x000000bce7400000)]
  0x0000024194d59000 JavaThread "jar transforms Thread 87" [_thread_blocked, id=1292, stack(0x000000bce7400000,0x000000bce7500000)]
  0x0000024194d58000 JavaThread "jar transforms Thread 88" [_thread_blocked, id=12436, stack(0x000000bce7500000,0x000000bce7600000)]
  0x0000024194d55800 JavaThread "jar transforms Thread 89" [_thread_blocked, id=10956, stack(0x000000bce7600000,0x000000bce7700000)]
  0x0000024194d53800 JavaThread "jar transforms Thread 90" [_thread_blocked, id=12680, stack(0x000000bce7700000,0x000000bce7800000)]
  0x0000024194d5a000 JavaThread "jar transforms Thread 91" [_thread_blocked, id=8224, stack(0x000000bce7800000,0x000000bce7900000)]
  0x0000024194d54000 JavaThread "jar transforms Thread 92" [_thread_blocked, id=12968, stack(0x000000bce7900000,0x000000bce7a00000)]
  0x0000024194d5a800 JavaThread "jar transforms Thread 93" [_thread_blocked, id=16172, stack(0x000000bce7a00000,0x000000bce7b00000)]
  0x0000024194d55000 JavaThread "jar transforms Thread 94" [_thread_blocked, id=13224, stack(0x000000bce7b00000,0x000000bce7c00000)]
  0x0000024194d5b800 JavaThread "jar transforms Thread 95" [_thread_blocked, id=8456, stack(0x000000bce7c00000,0x000000bce7d00000)]
  0x0000024194d5c800 JavaThread "jar transforms Thread 96" [_thread_blocked, id=1256, stack(0x000000bce7d00000,0x000000bce7e00000)]
  0x0000024194d56800 JavaThread "jar transforms Thread 97" [_thread_blocked, id=10504, stack(0x000000bce7e00000,0x000000bce7f00000)]
  0x0000024194d5d000 JavaThread "jar transforms Thread 98" [_thread_blocked, id=9272, stack(0x000000bce7f00000,0x000000bce8000000)]
  0x0000024194d57800 JavaThread "jar transforms Thread 99" [_thread_blocked, id=6780, stack(0x000000bce8000000,0x000000bce8100000)]
  0x0000024194d5e800 JavaThread "Memory manager" [_thread_blocked, id=10736, stack(0x000000bce8100000,0x000000bce8200000)]
  0x0000024194d5e000 JavaThread "build event listener" [_thread_blocked, id=7016, stack(0x000000bce8200000,0x000000bce8300000)]
  0x0000024194d5f800 JavaThread "build event listener" [_thread_blocked, id=1172, stack(0x000000bce8300000,0x000000bce8400000)]
  0x000002419a6bc000 JavaThread "Execution worker for ':'" [_thread_blocked, id=11656, stack(0x000000bce8400000,0x000000bce8500000)]
  0x000002419a6bc800 JavaThread "Execution worker for ':' Thread 2" [_thread_blocked, id=3944, stack(0x000000bce8500000,0x000000bce8600000)]
  0x000002419a6bb000 JavaThread "Execution worker for ':' Thread 3" [_thread_blocked, id=8908, stack(0x000000bce8600000,0x000000bce8700000)]
  0x000002419a6bd800 JavaThread "Execution worker for ':' Thread 4" [_thread_blocked, id=13644, stack(0x000000bce8700000,0x000000bce8800000)]
  0x000002419a6c0800 JavaThread "Execution worker for ':' Thread 5" [_thread_blocked, id=9980, stack(0x000000bce8800000,0x000000bce8900000)]
  0x000002419a6c3000 JavaThread "Execution worker for ':' Thread 6" [_thread_blocked, id=12836, stack(0x000000bce8900000,0x000000bce8a00000)]
  0x000002419a6c4000 JavaThread "Execution worker for ':' Thread 7" [_thread_blocked, id=15268, stack(0x000000bce8a00000,0x000000bce8b00000)]
  0x000002419a6be800 JavaThread "Cache worker for execution history cache (D:\Du an truong\DuanPhonestore\.gradle\6.7.1\executionHistory)" [_thread_blocked, id=4892, stack(0x000000bce8b00000,0x000000bce8c00000)]
  0x000002419a6c0000 JavaThread "WorkerExecutor Queue" [_thread_blocked, id=12824, stack(0x000000bce8c00000,0x000000bce8d00000)]

Other Threads:
  0x00000241ff060800 VMThread "VM Thread" [stack: 0x000000bcde900000,0x000000bcdea00000] [id=7276]
  0x00000241ffb55800 WatcherThread [stack: 0x000000bcdf300000,0x000000bcdf400000] [id=14584]
  0x00000241f5da2000 GCTaskThread "GC Thread#0" [stack: 0x000000bcde400000,0x000000bcde500000] [id=3080]
  0x0000024191a31000 GCTaskThread "GC Thread#1" [stack: 0x000000bcdf500000,0x000000bcdf600000] [id=14076]
  0x0000024193254000 GCTaskThread "GC Thread#2" [stack: 0x000000bcdfc00000,0x000000bcdfd00000] [id=14312]
  0x00000241932ac000 GCTaskThread "GC Thread#3" [stack: 0x000000bcdfd00000,0x000000bcdfe00000] [id=17376]
  0x000002419267d800 GCTaskThread "GC Thread#4" [stack: 0x000000bcdfe00000,0x000000bcdff00000] [id=17200]
  0x0000024192625800 GCTaskThread "GC Thread#5" [stack: 0x000000bcdff00000,0x000000bce0000000] [id=14112]
  0x0000024192626800 GCTaskThread "GC Thread#6" [stack: 0x000000bce0000000,0x000000bce0100000] [id=7552]
  0x000002419236e000 GCTaskThread "GC Thread#7" [stack: 0x000000bce0100000,0x000000bce0200000] [id=12876]
  0x00000241f5dd2000 ConcurrentGCThread "G1 Main Marker" [stack: 0x000000bcde500000,0x000000bcde600000] [id=5792]
  0x00000241f5dd4800 ConcurrentGCThread "G1 Conc#0" [stack: 0x000000bcde600000,0x000000bcde700000] [id=8020]
  0x0000024193137000 ConcurrentGCThread "G1 Conc#1" [stack: 0x000000bce0c00000,0x000000bce0d00000] [id=13184]
  0x00000241f5e60000 ConcurrentGCThread "G1 Refine#0" [stack: 0x000000bcde700000,0x000000bcde800000] [id=2860]
  0x0000024191da1000 ConcurrentGCThread "G1 Refine#1" [stack: 0x000000bce0200000,0x000000bce0300000] [id=9076]
  0x0000024191a24000 ConcurrentGCThread "G1 Refine#2" [stack: 0x000000bce0300000,0x000000bce0400000] [id=8356]
  0x0000024191a84000 ConcurrentGCThread "G1 Refine#3" [stack: 0x000000bce0400000,0x000000bce0500000] [id=17232]
  0x00000241f5e61000 ConcurrentGCThread "G1 Young RemSet Sampling" [stack: 0x000000bcde800000,0x000000bcde900000] [id=312]

Threads with active compile tasks:
C2 CompilerThread0  13623 10081       4       com.android.tools.r8.v.b.F0::a0 (2 bytes)
C1 CompilerThread0  13623 11145 %     3       com.android.tools.r8.ir.optimize.f::b @ 102 (181 bytes)
C2 CompilerThread1  13623 9609 %     4       com.android.tools.r8.C.a.a.f::a @ 2576 (6058 bytes)

VM state:not at safepoint (normal execution)

VM Mutex/Monitor currently owned by a thread: None

Heap address: 0x0000000080000000, size: 2048 MB, Compressed Oops mode: 32-bit
Narrow klass base: 0x0000000000000000, Narrow klass shift: 3
Compressed class space size: 1073741824 Address: 0x0000000100000000

Heap:
 garbage-first heap   total 271360K, used 177201K [0x0000000080000000, 0x0000000100000000)
  region size 1024K, 59 young (60416K), 8 survivors (8192K)
 Metaspace       used 91181K, capacity 93608K, committed 94284K, reserved 1130496K
  class space    used 11993K, capacity 12922K, committed 13184K, reserved 1048576K
Heap Regions: E=young(eden), S=young(survivor), O=old, HS=humongous(starts), HC=humongous(continues), CS=collection set, F=free, A=archive, TAMS=top-at-mark-start (previous, next)
|   0|0x0000000080000000, 0x0000000080100000, 0x0000000080100000|100%| O|  |TAMS 0x0000000080100000, 0x0000000080000000| Untracked 
|   1|0x0000000080100000, 0x0000000080200000, 0x0000000080200000|100%| O|  |TAMS 0x0000000080200000, 0x0000000080100000| Untracked 
|   2|0x0000000080200000, 0x0000000080300000, 0x0000000080300000|100%| O|  |TAMS 0x0000000080300000, 0x0000000080200000| Untracked 
|   3|0x0000000080300000, 0x0000000080400000, 0x0000000080400000|100%|HS|  |TAMS 0x0000000080400000, 0x0000000080300000| Complete 
|   4|0x0000000080400000, 0x0000000080500000, 0x0000000080500000|100%|HC|  |TAMS 0x0000000080500000, 0x0000000080400000| Complete 
|   5|0x0000000080500000, 0x0000000080600000, 0x0000000080600000|100%|HC|  |TAMS 0x0000000080600000, 0x0000000080500000| Complete 
|   6|0x0000000080600000, 0x0000000080700000, 0x0000000080700000|100%| O|  |TAMS 0x0000000080700000, 0x0000000080600000| Untracked 
|   7|0x0000000080700000, 0x0000000080800000, 0x0000000080800000|100%| O|  |TAMS 0x0000000080800000, 0x0000000080700000| Untracked 
|   8|0x0000000080800000, 0x0000000080900000, 0x0000000080900000|100%| O|  |TAMS 0x0000000080900000, 0x0000000080800000| Untracked 
|   9|0x0000000080900000, 0x0000000080a00000, 0x0000000080a00000|100%| O|  |TAMS 0x0000000080a00000, 0x0000000080900000| Untracked 
|  10|0x0000000080a00000, 0x0000000080b00000, 0x0000000080b00000|100%| O|  |TAMS 0x0000000080b00000, 0x0000000080a00000| Untracked 
|  11|0x0000000080b00000, 0x0000000080c00000, 0x0000000080c00000|100%| O|  |TAMS 0x0000000080c00000, 0x0000000080b00000| Untracked 
|  12|0x0000000080c00000, 0x0000000080d00000, 0x0000000080d00000|100%| O|  |TAMS 0x0000000080d00000, 0x0000000080c00000| Untracked 
|  13|0x0000000080d00000, 0x0000000080e00000, 0x0000000080e00000|100%| O|  |TAMS 0x0000000080e00000, 0x0000000080d00000| Untracked 
|  14|0x0000000080e00000, 0x0000000080f00000, 0x0000000080f00000|100%| O|  |TAMS 0x0000000080f00000, 0x0000000080e00000| Untracked 
|  15|0x0000000080f00000, 0x0000000081000000, 0x0000000081000000|100%| O|  |TAMS 0x0000000081000000, 0x0000000080f00000| Untracked 
|  16|0x0000000081000000, 0x0000000081100000, 0x0000000081100000|100%| O|  |TAMS 0x0000000081100000, 0x0000000081000000| Untracked 
|  17|0x0000000081100000, 0x0000000081200000, 0x0000000081200000|100%| O|  |TAMS 0x0000000081200000, 0x0000000081100000| Untracked 
|  18|0x0000000081200000, 0x0000000081300000, 0x0000000081300000|100%| O|  |TAMS 0x0000000081300000, 0x0000000081200000| Untracked 
|  19|0x0000000081300000, 0x0000000081400000, 0x0000000081400000|100%|HS|  |TAMS 0x0000000081400000, 0x0000000081300000| Complete 
|  20|0x0000000081400000, 0x0000000081500000, 0x0000000081500000|100%| O|  |TAMS 0x0000000081500000, 0x0000000081400000| Untracked 
|  21|0x0000000081500000, 0x0000000081600000, 0x0000000081600000|100%| O|  |TAMS 0x0000000081600000, 0x0000000081500000| Untracked 
|  22|0x0000000081600000, 0x0000000081700000, 0x0000000081700000|100%| O|  |TAMS 0x0000000081700000, 0x0000000081600000| Untracked 
|  23|0x0000000081700000, 0x0000000081800000, 0x0000000081800000|100%| O|  |TAMS 0x0000000081800000, 0x0000000081700000| Untracked 
|  24|0x0000000081800000, 0x0000000081900000, 0x0000000081900000|100%|HS|  |TAMS 0x0000000081900000, 0x0000000081800000| Complete 
|  25|0x0000000081900000, 0x0000000081a00000, 0x0000000081a00000|100%|HC|  |TAMS 0x0000000081a00000, 0x0000000081900000| Complete 
|  26|0x0000000081a00000, 0x0000000081b00000, 0x0000000081b00000|100%| O|  |TAMS 0x0000000081b00000, 0x0000000081a00000| Untracked 
|  27|0x0000000081b00000, 0x0000000081c00000, 0x0000000081c00000|100%| O|  |TAMS 0x0000000081c00000, 0x0000000081b00000| Untracked 
|  28|0x0000000081c00000, 0x0000000081d00000, 0x0000000081d00000|100%| O|  |TAMS 0x0000000081d00000, 0x0000000081c00000| Untracked 
|  29|0x0000000081d00000, 0x0000000081e00000, 0x0000000081e00000|100%| O|  |TAMS 0x0000000081e00000, 0x0000000081d00000| Untracked 
|  30|0x0000000081e00000, 0x0000000081f00000, 0x0000000081f00000|100%| O|  |TAMS 0x0000000081f00000, 0x0000000081e00000| Untracked 
|  31|0x0000000081f00000, 0x0000000082000000, 0x0000000082000000|100%| O|  |TAMS 0x0000000082000000, 0x0000000081f00000| Untracked 
|  32|0x0000000082000000, 0x0000000082100000, 0x0000000082100000|100%| O|  |TAMS 0x0000000082100000, 0x0000000082000000| Untracked 
|  33|0x0000000082100000, 0x0000000082200000, 0x0000000082200000|100%| O|  |TAMS 0x0000000082200000, 0x0000000082100000| Untracked 
|  34|0x0000000082200000, 0x0000000082300000, 0x0000000082300000|100%| O|  |TAMS 0x0000000082300000, 0x0000000082200000| Untracked 
|  35|0x0000000082300000, 0x0000000082400000, 0x0000000082400000|100%| O|  |TAMS 0x0000000082400000, 0x0000000082300000| Untracked 
|  36|0x0000000082400000, 0x0000000082500000, 0x0000000082500000|100%| O|  |TAMS 0x0000000082500000, 0x0000000082400000| Untracked 
|  37|0x0000000082500000, 0x0000000082600000, 0x0000000082600000|100%| O|  |TAMS 0x0000000082600000, 0x0000000082500000| Untracked 
|  38|0x0000000082600000, 0x0000000082700000, 0x0000000082700000|100%| O|  |TAMS 0x0000000082700000, 0x0000000082600000| Untracked 
|  39|0x0000000082700000, 0x0000000082800000, 0x0000000082800000|100%| O|  |TAMS 0x0000000082800000, 0x0000000082700000| Untracked 
|  40|0x0000000082800000, 0x0000000082900000, 0x0000000082900000|100%| O|  |TAMS 0x0000000082900000, 0x0000000082800000| Untracked 
|  41|0x0000000082900000, 0x0000000082a00000, 0x0000000082a00000|100%| O|  |TAMS 0x0000000082a00000, 0x0000000082900000| Untracked 
|  42|0x0000000082a00000, 0x0000000082b00000, 0x0000000082b00000|100%| O|  |TAMS 0x0000000082b00000, 0x0000000082a00000| Untracked 
|  43|0x0000000082b00000, 0x0000000082c00000, 0x0000000082c00000|100%| O|  |TAMS 0x0000000082c00000, 0x0000000082b00000| Untracked 
|  44|0x0000000082c00000, 0x0000000082d00000, 0x0000000082d00000|100%| O|  |TAMS 0x0000000082d00000, 0x0000000082c00000| Untracked 
|  45|0x0000000082d00000, 0x0000000082e00000, 0x0000000082e00000|100%| O|  |TAMS 0x0000000082e00000, 0x0000000082d00000| Untracked 
|  46|0x0000000082e00000, 0x0000000082f00000, 0x0000000082f00000|100%| O|  |TAMS 0x0000000082f00000, 0x0000000082e00000| Untracked 
|  47|0x0000000082f00000, 0x0000000083000000, 0x0000000083000000|100%| O|  |TAMS 0x0000000083000000, 0x0000000082f00000| Untracked 
|  48|0x0000000083000000, 0x0000000083100000, 0x0000000083100000|100%| O|  |TAMS 0x0000000083100000, 0x0000000083000000| Untracked 
|  49|0x0000000083100000, 0x0000000083200000, 0x0000000083200000|100%| O|  |TAMS 0x0000000083200000, 0x0000000083100000| Untracked 
|  50|0x0000000083200000, 0x0000000083300000, 0x0000000083300000|100%| O|  |TAMS 0x0000000083300000, 0x0000000083200000| Untracked 
|  51|0x0000000083300000, 0x0000000083400000, 0x0000000083400000|100%| O|  |TAMS 0x0000000083400000, 0x0000000083300000| Untracked 
|  52|0x0000000083400000, 0x0000000083500000, 0x0000000083500000|100%| O|  |TAMS 0x0000000083500000, 0x0000000083400000| Untracked 
|  53|0x0000000083500000, 0x0000000083600000, 0x0000000083600000|100%| O|  |TAMS 0x0000000083600000, 0x0000000083500000| Untracked 
|  54|0x0000000083600000, 0x0000000083700000, 0x0000000083700000|100%| O|  |TAMS 0x0000000083700000, 0x0000000083600000| Untracked 
|  55|0x0000000083700000, 0x0000000083800000, 0x0000000083800000|100%| O|  |TAMS 0x0000000083800000, 0x0000000083700000| Untracked 
|  56|0x0000000083800000, 0x0000000083900000, 0x0000000083900000|100%| O|  |TAMS 0x0000000083900000, 0x0000000083800000| Untracked 
|  57|0x0000000083900000, 0x0000000083a00000, 0x0000000083a00000|100%| O|  |TAMS 0x0000000083a00000, 0x0000000083900000| Untracked 
|  58|0x0000000083a00000, 0x0000000083b00000, 0x0000000083b00000|100%| O|  |TAMS 0x0000000083b00000, 0x0000000083a00000| Untracked 
|  59|0x0000000083b00000, 0x0000000083c00000, 0x0000000083c00000|100%| O|  |TAMS 0x0000000083c00000, 0x0000000083b00000| Untracked 
|  60|0x0000000083c00000, 0x0000000083d00000, 0x0000000083d00000|100%| O|  |TAMS 0x0000000083d00000, 0x0000000083c00000| Untracked 
|  61|0x0000000083d00000, 0x0000000083e00000, 0x0000000083e00000|100%| O|  |TAMS 0x0000000083e00000, 0x0000000083d00000| Untracked 
|  62|0x0000000083e00000, 0x0000000083f00000, 0x0000000083f00000|100%| O|  |TAMS 0x0000000083f00000, 0x0000000083e00000| Untracked 
|  63|0x0000000083f00000, 0x0000000084000000, 0x0000000084000000|100%| O|  |TAMS 0x0000000084000000, 0x0000000083f00000| Untracked 
|  64|0x0000000084000000, 0x0000000084100000, 0x0000000084100000|100%| O|  |TAMS 0x0000000084100000, 0x0000000084000000| Untracked 
|  65|0x0000000084100000, 0x0000000084200000, 0x0000000084200000|100%| O|  |TAMS 0x0000000084200000, 0x0000000084100000| Untracked 
|  66|0x0000000084200000, 0x0000000084300000, 0x0000000084300000|100%| O|  |TAMS 0x0000000084300000, 0x0000000084200000| Untracked 
|  67|0x0000000084300000, 0x0000000084400000, 0x0000000084400000|100%| O|  |TAMS 0x0000000084400000, 0x0000000084300000| Untracked 
|  68|0x0000000084400000, 0x0000000084500000, 0x0000000084500000|100%| O|  |TAMS 0x0000000084500000, 0x0000000084400000| Untracked 
|  69|0x0000000084500000, 0x0000000084600000, 0x0000000084600000|100%| O|  |TAMS 0x0000000084600000, 0x0000000084500000| Untracked 
|  70|0x0000000084600000, 0x0000000084700000, 0x0000000084700000|100%| O|  |TAMS 0x0000000084700000, 0x0000000084600000| Untracked 
|  71|0x0000000084700000, 0x0000000084800000, 0x0000000084800000|100%| O|  |TAMS 0x0000000084800000, 0x0000000084700000| Untracked 
|  72|0x0000000084800000, 0x0000000084900000, 0x0000000084900000|100%| O|  |TAMS 0x0000000084900000, 0x0000000084800000| Untracked 
|  73|0x0000000084900000, 0x0000000084a00000, 0x0000000084a00000|100%| O|  |TAMS 0x0000000084a00000, 0x0000000084900000| Untracked 
|  74|0x0000000084a00000, 0x0000000084b00000, 0x0000000084b00000|100%| O|  |TAMS 0x0000000084b00000, 0x0000000084a00000| Untracked 
|  75|0x0000000084b00000, 0x0000000084c00000, 0x0000000084c00000|100%| O|  |TAMS 0x0000000084c00000, 0x0000000084b00000| Untracked 
|  76|0x0000000084c00000, 0x0000000084d00000, 0x0000000084d00000|100%| O|  |TAMS 0x0000000084d00000, 0x0000000084c00000| Untracked 
|  77|0x0000000084d00000, 0x0000000084e00000, 0x0000000084e00000|100%| O|  |TAMS 0x0000000084e00000, 0x0000000084d00000| Untracked 
|  78|0x0000000084e00000, 0x0000000084f00000, 0x0000000084f00000|100%| O|  |TAMS 0x0000000084f00000, 0x0000000084e00000| Untracked 
|  79|0x0000000084f00000, 0x0000000085000000, 0x0000000085000000|100%| O|  |TAMS 0x0000000085000000, 0x0000000084f00000| Untracked 
|  80|0x0000000085000000, 0x0000000085100000, 0x0000000085100000|100%| O|  |TAMS 0x0000000085100000, 0x0000000085000000| Untracked 
|  81|0x0000000085100000, 0x0000000085200000, 0x0000000085200000|100%| O|  |TAMS 0x0000000085200000, 0x0000000085100000| Untracked 
|  82|0x0000000085200000, 0x0000000085300000, 0x0000000085300000|100%| O|  |TAMS 0x0000000085300000, 0x0000000085200000| Untracked 
|  83|0x0000000085300000, 0x0000000085400000, 0x0000000085400000|100%| O|  |TAMS 0x0000000085400000, 0x0000000085300000| Untracked 
|  84|0x0000000085400000, 0x0000000085500000, 0x0000000085500000|100%| O|  |TAMS 0x0000000085500000, 0x0000000085400000| Untracked 
|  85|0x0000000085500000, 0x0000000085600000, 0x0000000085600000|100%| O|  |TAMS 0x0000000085600000, 0x0000000085500000| Untracked 
|  86|0x0000000085600000, 0x0000000085700000, 0x0000000085700000|100%| O|  |TAMS 0x0000000085700000, 0x0000000085600000| Untracked 
|  87|0x0000000085700000, 0x0000000085800000, 0x0000000085800000|100%| O|  |TAMS 0x0000000085800000, 0x0000000085700000| Untracked 
|  88|0x0000000085800000, 0x0000000085900000, 0x0000000085900000|100%| O|  |TAMS 0x0000000085900000, 0x0000000085800000| Untracked 
|  89|0x0000000085900000, 0x0000000085a00000, 0x0000000085a00000|100%| O|  |TAMS 0x0000000085a00000, 0x0000000085900000| Untracked 
|  90|0x0000000085a00000, 0x0000000085b00000, 0x0000000085b00000|100%| O|  |TAMS 0x0000000085b00000, 0x0000000085a00000| Untracked 
|  91|0x0000000085b00000, 0x0000000085c00000, 0x0000000085c00000|100%| O|  |TAMS 0x0000000085c00000, 0x0000000085b00000| Untracked 
|  92|0x0000000085c00000, 0x0000000085d00000, 0x0000000085d00000|100%| O|  |TAMS 0x0000000085d00000, 0x0000000085c00000| Untracked 
|  93|0x0000000085d00000, 0x0000000085e00000, 0x0000000085e00000|100%| O|  |TAMS 0x0000000085e00000, 0x0000000085d00000| Untracked 
|  94|0x0000000085e00000, 0x0000000085f00000, 0x0000000085f00000|100%| O|  |TAMS 0x0000000085f00000, 0x0000000085e00000| Untracked 
|  95|0x0000000085f00000, 0x0000000086000000, 0x0000000086000000|100%| O|  |TAMS 0x0000000086000000, 0x0000000085f00000| Untracked 
|  96|0x0000000086000000, 0x0000000086100000, 0x0000000086100000|100%| O|  |TAMS 0x0000000086100000, 0x0000000086000000| Untracked 
|  97|0x0000000086100000, 0x0000000086200000, 0x0000000086200000|100%| O|  |TAMS 0x0000000086200000, 0x0000000086100000| Untracked 
|  98|0x0000000086200000, 0x0000000086300000, 0x0000000086300000|100%| O|  |TAMS 0x0000000086300000, 0x0000000086200000| Untracked 
|  99|0x0000000086300000, 0x0000000086400000, 0x0000000086400000|100%| O|  |TAMS 0x0000000086400000, 0x0000000086300000| Untracked 
| 100|0x0000000086400000, 0x0000000086500000, 0x0000000086500000|100%| O|  |TAMS 0x0000000086500000, 0x0000000086400000| Untracked 
| 101|0x0000000086500000, 0x0000000086600000, 0x0000000086600000|100%| O|  |TAMS 0x0000000086600000, 0x0000000086500000| Untracked 
| 102|0x0000000086600000, 0x0000000086700000, 0x0000000086700000|100%| O|  |TAMS 0x0000000086700000, 0x0000000086600000| Untracked 
| 103|0x0000000086700000, 0x0000000086800000, 0x0000000086800000|100%| O|  |TAMS 0x0000000086800000, 0x0000000086700000| Untracked 
| 104|0x0000000086800000, 0x0000000086900000, 0x0000000086900000|100%| O|  |TAMS 0x0000000086900000, 0x0000000086800000| Untracked 
| 105|0x0000000086900000, 0x0000000086a00000, 0x0000000086a00000|100%| O|  |TAMS 0x0000000086a00000, 0x0000000086900000| Untracked 
| 106|0x0000000086a00000, 0x0000000086b00000, 0x0000000086b00000|100%| O|  |TAMS 0x0000000086b00000, 0x0000000086a00000| Untracked 
| 107|0x0000000086b00000, 0x0000000086c00000, 0x0000000086c00000|100%| O|  |TAMS 0x0000000086c00000, 0x0000000086b00000| Untracked 
| 108|0x0000000086c00000, 0x0000000086d00000, 0x0000000086d00000|100%| O|  |TAMS 0x0000000086d00000, 0x0000000086c00000| Untracked 
| 109|0x0000000086d00000, 0x0000000086e00000, 0x0000000086e00000|100%| O|  |TAMS 0x0000000086e00000, 0x0000000086d00000| Untracked 
| 110|0x0000000086e00000, 0x0000000086f00000, 0x0000000086f00000|100%| O|  |TAMS 0x0000000086f00000, 0x0000000086e00000| Untracked 
| 111|0x0000000086f00000, 0x0000000087000000, 0x0000000087000000|100%| O|  |TAMS 0x0000000087000000, 0x0000000086f00000| Untracked 
| 112|0x0000000087000000, 0x0000000087100000, 0x0000000087100000|100%| O|  |TAMS 0x0000000087100000, 0x0000000087000000| Untracked 
| 113|0x0000000087100000, 0x0000000087200000, 0x0000000087200000|100%| O|  |TAMS 0x0000000087200000, 0x0000000087100000| Untracked 
| 114|0x0000000087200000, 0x0000000087300000, 0x0000000087300000|100%| O|  |TAMS 0x0000000087300000, 0x0000000087200000| Untracked 
| 115|0x0000000087300000, 0x0000000087399000, 0x0000000087400000| 59%| O|  |TAMS 0x0000000087399000, 0x0000000087300000| Untracked 
| 116|0x0000000087400000, 0x0000000087400000, 0x0000000087500000|  0%| F|  |TAMS 0x0000000087400000, 0x0000000087400000| Untracked 
| 117|0x0000000087500000, 0x0000000087600000, 0x0000000087600000|100%|HS|  |TAMS 0x0000000087500000, 0x0000000087500000| Complete 
| 118|0x0000000087600000, 0x0000000087600000, 0x0000000087700000|  0%| F|  |TAMS 0x0000000087600000, 0x0000000087600000| Untracked 
| 119|0x0000000087700000, 0x0000000087700000, 0x0000000087800000|  0%| F|  |TAMS 0x0000000087700000, 0x0000000087700000| Untracked 
| 120|0x0000000087800000, 0x0000000087800000, 0x0000000087900000|  0%| F|  |TAMS 0x0000000087800000, 0x0000000087800000| Untracked 
| 121|0x0000000087900000, 0x0000000087900000, 0x0000000087a00000|  0%| F|  |TAMS 0x0000000087900000, 0x0000000087900000| Untracked 
| 122|0x0000000087a00000, 0x0000000087a00000, 0x0000000087b00000|  0%| F|  |TAMS 0x0000000087a00000, 0x0000000087a00000| Untracked 
| 123|0x0000000087b00000, 0x0000000087b00000, 0x0000000087c00000|  0%| F|  |TAMS 0x0000000087b00000, 0x0000000087b00000| Untracked 
| 124|0x0000000087c00000, 0x0000000087c00000, 0x0000000087d00000|  0%| F|  |TAMS 0x0000000087c00000, 0x0000000087c00000| Untracked 
| 125|0x0000000087d00000, 0x0000000087d00000, 0x0000000087e00000|  0%| F|  |TAMS 0x0000000087d00000, 0x0000000087d00000| Untracked 
| 126|0x0000000087e00000, 0x0000000087e00000, 0x0000000087f00000|  0%| F|  |TAMS 0x0000000087e00000, 0x0000000087e00000| Untracked 
| 127|0x0000000087f00000, 0x0000000087f00000, 0x0000000088000000|  0%| F|  |TAMS 0x0000000087f00000, 0x0000000087f00000| Untracked 
| 128|0x0000000088000000, 0x0000000088000000, 0x0000000088100000|  0%| F|  |TAMS 0x0000000088000000, 0x0000000088000000| Untracked 
| 129|0x0000000088100000, 0x0000000088100000, 0x0000000088200000|  0%| F|  |TAMS 0x0000000088100000, 0x0000000088100000| Untracked 
| 130|0x0000000088200000, 0x0000000088200000, 0x0000000088300000|  0%| F|  |TAMS 0x0000000088200000, 0x0000000088200000| Untracked 
| 131|0x0000000088300000, 0x0000000088300000, 0x0000000088400000|  0%| F|  |TAMS 0x0000000088300000, 0x0000000088300000| Untracked 
| 132|0x0000000088400000, 0x0000000088400000, 0x0000000088500000|  0%| F|  |TAMS 0x0000000088400000, 0x0000000088400000| Untracked 
| 133|0x0000000088500000, 0x0000000088500000, 0x0000000088600000|  0%| F|  |TAMS 0x0000000088500000, 0x0000000088500000| Untracked 
| 134|0x0000000088600000, 0x0000000088600000, 0x0000000088700000|  0%| F|  |TAMS 0x0000000088600000, 0x0000000088600000| Untracked 
| 135|0x0000000088700000, 0x0000000088700000, 0x0000000088800000|  0%| F|  |TAMS 0x0000000088700000, 0x0000000088700000| Untracked 
| 136|0x0000000088800000, 0x0000000088800000, 0x0000000088900000|  0%| F|  |TAMS 0x0000000088800000, 0x0000000088800000| Untracked 
| 137|0x0000000088900000, 0x0000000088900000, 0x0000000088a00000|  0%| F|  |TAMS 0x0000000088900000, 0x0000000088900000| Untracked 
| 138|0x0000000088a00000, 0x0000000088a00000, 0x0000000088b00000|  0%| F|  |TAMS 0x0000000088a00000, 0x0000000088a00000| Untracked 
| 139|0x0000000088b00000, 0x0000000088b00000, 0x0000000088c00000|  0%| F|  |TAMS 0x0000000088b00000, 0x0000000088b00000| Untracked 
| 140|0x0000000088c00000, 0x0000000088c00000, 0x0000000088d00000|  0%| F|  |TAMS 0x0000000088c00000, 0x0000000088c00000| Untracked 
| 141|0x0000000088d00000, 0x0000000088d00000, 0x0000000088e00000|  0%| F|  |TAMS 0x0000000088d00000, 0x0000000088d00000| Untracked 
| 142|0x0000000088e00000, 0x0000000088e00000, 0x0000000088f00000|  0%| F|  |TAMS 0x0000000088e00000, 0x0000000088e00000| Untracked 
| 143|0x0000000088f00000, 0x0000000088f00000, 0x0000000089000000|  0%| F|  |TAMS 0x0000000088f00000, 0x0000000088f00000| Untracked 
| 144|0x0000000089000000, 0x0000000089000000, 0x0000000089100000|  0%| F|  |TAMS 0x0000000089000000, 0x0000000089000000| Untracked 
| 145|0x0000000089100000, 0x0000000089100000, 0x0000000089200000|  0%| F|  |TAMS 0x0000000089100000, 0x0000000089100000| Untracked 
| 146|0x0000000089200000, 0x0000000089200000, 0x0000000089300000|  0%| F|  |TAMS 0x0000000089200000, 0x0000000089200000| Untracked 
| 147|0x0000000089300000, 0x0000000089300000, 0x0000000089400000|  0%| F|  |TAMS 0x0000000089300000, 0x0000000089300000| Untracked 
| 148|0x0000000089400000, 0x0000000089400000, 0x0000000089500000|  0%| F|  |TAMS 0x0000000089400000, 0x0000000089400000| Untracked 
| 149|0x0000000089500000, 0x0000000089500000, 0x0000000089600000|  0%| F|  |TAMS 0x0000000089500000, 0x0000000089500000| Untracked 
| 150|0x0000000089600000, 0x0000000089600000, 0x0000000089700000|  0%| F|  |TAMS 0x0000000089600000, 0x0000000089600000| Untracked 
| 151|0x0000000089700000, 0x0000000089700000, 0x0000000089800000|  0%| F|  |TAMS 0x0000000089700000, 0x0000000089700000| Untracked 
| 152|0x0000000089800000, 0x0000000089800000, 0x0000000089900000|  0%| F|  |TAMS 0x0000000089800000, 0x0000000089800000| Untracked 
| 153|0x0000000089900000, 0x0000000089900000, 0x0000000089a00000|  0%| F|  |TAMS 0x0000000089900000, 0x0000000089900000| Untracked 
| 154|0x0000000089a00000, 0x0000000089a00000, 0x0000000089b00000|  0%| F|  |TAMS 0x0000000089a00000, 0x0000000089a00000| Untracked 
| 155|0x0000000089b00000, 0x0000000089b00000, 0x0000000089c00000|  0%| F|  |TAMS 0x0000000089b00000, 0x0000000089b00000| Untracked 
| 156|0x0000000089c00000, 0x0000000089c00000, 0x0000000089d00000|  0%| F|  |TAMS 0x0000000089c00000, 0x0000000089c00000| Untracked 
| 157|0x0000000089d00000, 0x0000000089d00000, 0x0000000089e00000|  0%| F|  |TAMS 0x0000000089d00000, 0x0000000089d00000| Untracked 
| 158|0x0000000089e00000, 0x0000000089e00000, 0x0000000089f00000|  0%| F|  |TAMS 0x0000000089e00000, 0x0000000089e00000| Untracked 
| 159|0x0000000089f00000, 0x0000000089f00000, 0x000000008a000000|  0%| F|  |TAMS 0x0000000089f00000, 0x0000000089f00000| Untracked 
| 160|0x000000008a000000, 0x000000008a000000, 0x000000008a100000|  0%| F|  |TAMS 0x000000008a000000, 0x000000008a000000| Untracked 
| 161|0x000000008a100000, 0x000000008a100000, 0x000000008a200000|  0%| F|  |TAMS 0x000000008a100000, 0x000000008a100000| Untracked 
| 162|0x000000008a200000, 0x000000008a200000, 0x000000008a300000|  0%| F|  |TAMS 0x000000008a200000, 0x000000008a200000| Untracked 
| 163|0x000000008a300000, 0x000000008a300000, 0x000000008a400000|  0%| F|  |TAMS 0x000000008a300000, 0x000000008a300000| Untracked 
| 164|0x000000008a400000, 0x000000008a400000, 0x000000008a500000|  0%| F|  |TAMS 0x000000008a400000, 0x000000008a400000| Untracked 
| 165|0x000000008a500000, 0x000000008a500000, 0x000000008a600000|  0%| F|  |TAMS 0x000000008a500000, 0x000000008a500000| Untracked 
| 166|0x000000008a600000, 0x000000008a600000, 0x000000008a700000|  0%| F|  |TAMS 0x000000008a600000, 0x000000008a600000| Untracked 
| 167|0x000000008a700000, 0x000000008a700000, 0x000000008a800000|  0%| F|  |TAMS 0x000000008a700000, 0x000000008a700000| Untracked 
| 168|0x000000008a800000, 0x000000008a800000, 0x000000008a900000|  0%| F|  |TAMS 0x000000008a800000, 0x000000008a800000| Untracked 
| 169|0x000000008a900000, 0x000000008a900000, 0x000000008aa00000|  0%| F|  |TAMS 0x000000008a900000, 0x000000008a900000| Untracked 
| 170|0x000000008aa00000, 0x000000008aa00000, 0x000000008ab00000|  0%| F|  |TAMS 0x000000008aa00000, 0x000000008aa00000| Untracked 
| 171|0x000000008ab00000, 0x000000008ab00000, 0x000000008ac00000|  0%| F|  |TAMS 0x000000008ab00000, 0x000000008ab00000| Untracked 
| 172|0x000000008ac00000, 0x000000008ac00000, 0x000000008ad00000|  0%| F|  |TAMS 0x000000008ac00000, 0x000000008ac00000| Untracked 
| 173|0x000000008ad00000, 0x000000008ad00000, 0x000000008ae00000|  0%| F|  |TAMS 0x000000008ad00000, 0x000000008ad00000| Untracked 
| 174|0x000000008ae00000, 0x000000008ae00000, 0x000000008af00000|  0%| F|  |TAMS 0x000000008ae00000, 0x000000008ae00000| Untracked 
| 175|0x000000008af00000, 0x000000008af00000, 0x000000008b000000|  0%| F|  |TAMS 0x000000008af00000, 0x000000008af00000| Untracked 
| 176|0x000000008b000000, 0x000000008b000000, 0x000000008b100000|  0%| F|  |TAMS 0x000000008b000000, 0x000000008b000000| Untracked 
| 177|0x000000008b100000, 0x000000008b100000, 0x000000008b200000|  0%| F|  |TAMS 0x000000008b100000, 0x000000008b100000| Untracked 
| 178|0x000000008b200000, 0x000000008b200000, 0x000000008b300000|  0%| F|  |TAMS 0x000000008b200000, 0x000000008b200000| Untracked 
| 179|0x000000008b300000, 0x000000008b300000, 0x000000008b400000|  0%| F|  |TAMS 0x000000008b300000, 0x000000008b300000| Untracked 
| 180|0x000000008b400000, 0x000000008b400000, 0x000000008b500000|  0%| F|  |TAMS 0x000000008b400000, 0x000000008b400000| Untracked 
| 181|0x000000008b500000, 0x000000008b500000, 0x000000008b600000|  0%| F|  |TAMS 0x000000008b500000, 0x000000008b500000| Untracked 
| 182|0x000000008b600000, 0x000000008b600000, 0x000000008b700000|  0%| F|  |TAMS 0x000000008b600000, 0x000000008b600000| Untracked 
| 183|0x000000008b700000, 0x000000008b700000, 0x000000008b800000|  0%| F|  |TAMS 0x000000008b700000, 0x000000008b700000| Untracked 
| 184|0x000000008b800000, 0x000000008b800000, 0x000000008b900000|  0%| F|  |TAMS 0x000000008b800000, 0x000000008b800000| Untracked 
| 185|0x000000008b900000, 0x000000008b900000, 0x000000008ba00000|  0%| F|  |TAMS 0x000000008b900000, 0x000000008b900000| Untracked 
| 186|0x000000008ba00000, 0x000000008ba00000, 0x000000008bb00000|  0%| F|  |TAMS 0x000000008ba00000, 0x000000008ba00000| Untracked 
| 187|0x000000008bb00000, 0x000000008bb00000, 0x000000008bc00000|  0%| F|  |TAMS 0x000000008bb00000, 0x000000008bb00000| Untracked 
| 188|0x000000008bc00000, 0x000000008bc00000, 0x000000008bd00000|  0%| F|  |TAMS 0x000000008bc00000, 0x000000008bc00000| Untracked 
| 189|0x000000008bd00000, 0x000000008bd73780, 0x000000008be00000| 45%| S|CS|TAMS 0x000000008bd00000, 0x000000008bd00000| Complete 
| 190|0x000000008be00000, 0x000000008bf00000, 0x000000008bf00000|100%| S|CS|TAMS 0x000000008be00000, 0x000000008be00000| Complete 
| 191|0x000000008bf00000, 0x000000008c000000, 0x000000008c000000|100%| S|CS|TAMS 0x000000008bf00000, 0x000000008bf00000| Complete 
| 192|0x000000008c000000, 0x000000008c100000, 0x000000008c100000|100%| S|CS|TAMS 0x000000008c000000, 0x000000008c000000| Complete 
| 193|0x000000008c100000, 0x000000008c200000, 0x000000008c200000|100%| S|CS|TAMS 0x000000008c100000, 0x000000008c100000| Complete 
| 194|0x000000008c200000, 0x000000008c300000, 0x000000008c300000|100%| S|CS|TAMS 0x000000008c200000, 0x000000008c200000| Complete 
| 195|0x000000008c300000, 0x000000008c400000, 0x000000008c400000|100%| S|CS|TAMS 0x000000008c300000, 0x000000008c300000| Complete 
| 196|0x000000008c400000, 0x000000008c500000, 0x000000008c500000|100%| S|CS|TAMS 0x000000008c400000, 0x000000008c400000| Complete 
| 197|0x000000008c500000, 0x000000008c500000, 0x000000008c600000|  0%| F|  |TAMS 0x000000008c500000, 0x000000008c500000| Untracked 
| 198|0x000000008c600000, 0x000000008c600000, 0x000000008c700000|  0%| F|  |TAMS 0x000000008c600000, 0x000000008c600000| Untracked 
| 199|0x000000008c700000, 0x000000008c700000, 0x000000008c800000|  0%| F|  |TAMS 0x000000008c700000, 0x000000008c700000| Untracked 
| 200|0x000000008c800000, 0x000000008c800000, 0x000000008c900000|  0%| F|  |TAMS 0x000000008c800000, 0x000000008c800000| Untracked 
| 201|0x000000008c900000, 0x000000008c900000, 0x000000008ca00000|  0%| F|  |TAMS 0x000000008c900000, 0x000000008c900000| Untracked 
| 202|0x000000008ca00000, 0x000000008ca00000, 0x000000008cb00000|  0%| F|  |TAMS 0x000000008ca00000, 0x000000008ca00000| Untracked 
| 203|0x000000008cb00000, 0x000000008cb00000, 0x000000008cc00000|  0%| F|  |TAMS 0x000000008cb00000, 0x000000008cb00000| Untracked 
| 204|0x000000008cc00000, 0x000000008cc00000, 0x000000008cd00000|  0%| F|  |TAMS 0x000000008cc00000, 0x000000008cc00000| Untracked 
| 205|0x000000008cd00000, 0x000000008cd00000, 0x000000008ce00000|  0%| F|  |TAMS 0x000000008cd00000, 0x000000008cd00000| Untracked 
| 206|0x000000008ce00000, 0x000000008ce00000, 0x000000008cf00000|  0%| F|  |TAMS 0x000000008ce00000, 0x000000008ce00000| Untracked 
| 207|0x000000008cf00000, 0x000000008cf00000, 0x000000008d000000|  0%| F|  |TAMS 0x000000008cf00000, 0x000000008cf00000| Untracked 
| 208|0x000000008d000000, 0x000000008d000000, 0x000000008d100000|  0%| F|  |TAMS 0x000000008d000000, 0x000000008d000000| Untracked 
| 209|0x000000008d100000, 0x000000008d100000, 0x000000008d200000|  0%| F|  |TAMS 0x000000008d100000, 0x000000008d100000| Untracked 
| 210|0x000000008d200000, 0x000000008d200000, 0x000000008d300000|  0%| F|  |TAMS 0x000000008d200000, 0x000000008d200000| Untracked 
| 211|0x000000008d300000, 0x000000008d300000, 0x000000008d400000|  0%| F|  |TAMS 0x000000008d300000, 0x000000008d300000| Untracked 
| 212|0x000000008d400000, 0x000000008d400000, 0x000000008d500000|  0%| F|  |TAMS 0x000000008d400000, 0x000000008d400000| Untracked 
| 213|0x000000008d500000, 0x000000008d600000, 0x000000008d600000|100%| E|CS|TAMS 0x000000008d500000, 0x000000008d500000| Complete 
| 214|0x000000008d600000, 0x000000008d700000, 0x000000008d700000|100%| E|CS|TAMS 0x000000008d600000, 0x000000008d600000| Complete 
| 215|0x000000008d700000, 0x000000008d800000, 0x000000008d800000|100%| E|CS|TAMS 0x000000008d700000, 0x000000008d700000| Complete 
| 216|0x000000008d800000, 0x000000008d900000, 0x000000008d900000|100%| E|CS|TAMS 0x000000008d800000, 0x000000008d800000| Complete 
| 217|0x000000008d900000, 0x000000008da00000, 0x000000008da00000|100%| E|CS|TAMS 0x000000008d900000, 0x000000008d900000| Complete 
| 218|0x000000008da00000, 0x000000008db00000, 0x000000008db00000|100%| E|CS|TAMS 0x000000008da00000, 0x000000008da00000| Complete 
| 219|0x000000008db00000, 0x000000008dc00000, 0x000000008dc00000|100%| E|CS|TAMS 0x000000008db00000, 0x000000008db00000| Complete 
| 220|0x000000008dc00000, 0x000000008dd00000, 0x000000008dd00000|100%| E|CS|TAMS 0x000000008dc00000, 0x000000008dc00000| Complete 
| 221|0x000000008dd00000, 0x000000008de00000, 0x000000008de00000|100%| E|CS|TAMS 0x000000008dd00000, 0x000000008dd00000| Complete 
| 222|0x000000008de00000, 0x000000008df00000, 0x000000008df00000|100%| E|CS|TAMS 0x000000008de00000, 0x000000008de00000| Complete 
| 223|0x000000008df00000, 0x000000008e000000, 0x000000008e000000|100%| E|CS|TAMS 0x000000008df00000, 0x000000008df00000| Complete 
| 224|0x000000008e000000, 0x000000008e100000, 0x000000008e100000|100%| E|CS|TAMS 0x000000008e000000, 0x000000008e000000| Complete 
| 225|0x000000008e100000, 0x000000008e200000, 0x000000008e200000|100%| E|CS|TAMS 0x000000008e100000, 0x000000008e100000| Complete 
| 226|0x000000008e200000, 0x000000008e300000, 0x000000008e300000|100%| E|CS|TAMS 0x000000008e200000, 0x000000008e200000| Complete 
| 227|0x000000008e300000, 0x000000008e400000, 0x000000008e400000|100%| E|CS|TAMS 0x000000008e300000, 0x000000008e300000| Complete 
| 228|0x000000008e400000, 0x000000008e500000, 0x000000008e500000|100%| E|CS|TAMS 0x000000008e400000, 0x000000008e400000| Complete 
| 229|0x000000008e500000, 0x000000008e600000, 0x000000008e600000|100%| E|CS|TAMS 0x000000008e500000, 0x000000008e500000| Complete 
| 230|0x000000008e600000, 0x000000008e700000, 0x000000008e700000|100%| E|CS|TAMS 0x000000008e600000, 0x000000008e600000| Complete 
| 231|0x000000008e700000, 0x000000008e800000, 0x000000008e800000|100%| E|CS|TAMS 0x000000008e700000, 0x000000008e700000| Complete 
| 232|0x000000008e800000, 0x000000008e900000, 0x000000008e900000|100%| E|CS|TAMS 0x000000008e800000, 0x000000008e800000| Complete 
| 233|0x000000008e900000, 0x000000008ea00000, 0x000000008ea00000|100%| E|CS|TAMS 0x000000008e900000, 0x000000008e900000| Complete 
| 234|0x000000008ea00000, 0x000000008eb00000, 0x000000008eb00000|100%| E|CS|TAMS 0x000000008ea00000, 0x000000008ea00000| Complete 
| 235|0x000000008eb00000, 0x000000008ec00000, 0x000000008ec00000|100%| E|CS|TAMS 0x000000008eb00000, 0x000000008eb00000| Complete 
| 236|0x000000008ec00000, 0x000000008ed00000, 0x000000008ed00000|100%| E|CS|TAMS 0x000000008ec00000, 0x000000008ec00000| Complete 
| 237|0x000000008ed00000, 0x000000008ee00000, 0x000000008ee00000|100%| E|CS|TAMS 0x000000008ed00000, 0x000000008ed00000| Complete 
| 238|0x000000008ee00000, 0x000000008ef00000, 0x000000008ef00000|100%| E|CS|TAMS 0x000000008ee00000, 0x000000008ee00000| Complete 
| 239|0x000000008ef00000, 0x000000008f000000, 0x000000008f000000|100%| E|CS|TAMS 0x000000008ef00000, 0x000000008ef00000| Complete 
| 240|0x000000008f000000, 0x000000008f100000, 0x000000008f100000|100%| E|CS|TAMS 0x000000008f000000, 0x000000008f000000| Complete 
| 241|0x000000008f100000, 0x000000008f200000, 0x000000008f200000|100%| E|CS|TAMS 0x000000008f100000, 0x000000008f100000| Complete 
| 242|0x000000008f200000, 0x000000008f300000, 0x000000008f300000|100%| E|CS|TAMS 0x000000008f200000, 0x000000008f200000| Complete 
| 243|0x000000008f300000, 0x000000008f400000, 0x000000008f400000|100%| E|CS|TAMS 0x000000008f300000, 0x000000008f300000| Complete 
| 244|0x000000008f400000, 0x000000008f500000, 0x000000008f500000|100%| E|CS|TAMS 0x000000008f400000, 0x000000008f400000| Complete 
| 245|0x000000008f500000, 0x000000008f600000, 0x000000008f600000|100%| E|CS|TAMS 0x000000008f500000, 0x000000008f500000| Complete 
| 246|0x000000008f600000, 0x000000008f700000, 0x000000008f700000|100%| E|  |TAMS 0x000000008f600000, 0x000000008f600000| Complete 
| 247|0x000000008f700000, 0x000000008f800000, 0x000000008f800000|100%| E|CS|TAMS 0x000000008f700000, 0x000000008f700000| Complete 
| 248|0x000000008f800000, 0x000000008f900000, 0x000000008f900000|100%| E|CS|TAMS 0x000000008f800000, 0x000000008f800000| Complete 
| 249|0x000000008f900000, 0x000000008fa00000, 0x000000008fa00000|100%| E|CS|TAMS 0x000000008f900000, 0x000000008f900000| Complete 
| 250|0x000000008fa00000, 0x000000008fb00000, 0x000000008fb00000|100%| E|CS|TAMS 0x000000008fa00000, 0x000000008fa00000| Complete 
| 251|0x000000008fb00000, 0x000000008fc00000, 0x000000008fc00000|100%| E|CS|TAMS 0x000000008fb00000, 0x000000008fb00000| Complete 
| 252|0x000000008fc00000, 0x000000008fd00000, 0x000000008fd00000|100%| E|CS|TAMS 0x000000008fc00000, 0x000000008fc00000| Complete 
| 253|0x000000008fd00000, 0x000000008fe00000, 0x000000008fe00000|100%| E|CS|TAMS 0x000000008fd00000, 0x000000008fd00000| Complete 
| 254|0x000000008fe00000, 0x000000008ff00000, 0x000000008ff00000|100%| E|CS|TAMS 0x000000008fe00000, 0x000000008fe00000| Complete 
| 255|0x000000008ff00000, 0x0000000090000000, 0x0000000090000000|100%| E|CS|TAMS 0x000000008ff00000, 0x000000008ff00000| Complete 
| 256|0x0000000090000000, 0x0000000090100000, 0x0000000090100000|100%| E|CS|TAMS 0x0000000090000000, 0x0000000090000000| Complete 
| 257|0x0000000090100000, 0x0000000090200000, 0x0000000090200000|100%| E|CS|TAMS 0x0000000090100000, 0x0000000090100000| Complete 
| 258|0x0000000090200000, 0x0000000090300000, 0x0000000090300000|100%| E|CS|TAMS 0x0000000090200000, 0x0000000090200000| Complete 
| 259|0x0000000090300000, 0x0000000090400000, 0x0000000090400000|100%| E|CS|TAMS 0x0000000090300000, 0x0000000090300000| Complete 
| 260|0x0000000090400000, 0x0000000090500000, 0x0000000090500000|100%| E|CS|TAMS 0x0000000090400000, 0x0000000090400000| Complete 
| 261|0x0000000090500000, 0x0000000090600000, 0x0000000090600000|100%| E|CS|TAMS 0x0000000090500000, 0x0000000090500000| Complete 
| 262|0x0000000090600000, 0x0000000090700000, 0x0000000090700000|100%| E|CS|TAMS 0x0000000090600000, 0x0000000090600000| Complete 
| 263|0x0000000090700000, 0x0000000090800000, 0x0000000090800000|100%| E|CS|TAMS 0x0000000090700000, 0x0000000090700000| Complete 
| 264|0x0000000090800000, 0x0000000090900000, 0x0000000090900000|100%| E|CS|TAMS 0x0000000090800000, 0x0000000090800000| Complete 

Card table byte_map: [0x00000241f9e40000,0x00000241fa240000] _byte_map_base: 0x00000241f9a40000

Marking Bits (Prev, Next): (CMBitMap*) 0x00000241f5dc9560, (CMBitMap*) 0x00000241f5dc9528
 Prev Bits: [0x00000241fc640000, 0x00000241fe640000)
 Next Bits: [0x00000241fa640000, 0x00000241fc640000)

Polling page: 0x00000241f3d00000

Metaspace:

Usage:
  Non-class:     78.79 MB capacity,    77.33 MB ( 98%) used,     1.20 MB (  2%) free+waste,   268.00 KB ( <1%) overhead. 
      Class:     12.62 MB capacity,    11.71 MB ( 93%) used,   803.34 KB (  6%) free+waste,   124.88 KB ( <1%) overhead. 
       Both:     91.41 MB capacity,    89.04 MB ( 97%) used,     1.99 MB (  2%) free+waste,   392.88 KB ( <1%) overhead. 

Virtual space:
  Non-class space:       80.00 MB reserved,      79.20 MB ( 99%) committed 
      Class space:        1.00 GB reserved,      12.88 MB (  1%) committed 
             Both:        1.08 GB reserved,      92.07 MB (  8%) committed 

Chunk freelists:
   Non-Class:  350.00 KB
       Class:  230.00 KB
        Both:  580.00 KB

MaxMetaspaceSize: 17179869184.00 GB
CompressedClassSpaceSize: 1.00 GB

CodeHeap 'non-profiled nmethods': size=120000Kb used=5482Kb max_used=5482Kb free=114517Kb
 bounds [0x0000024187ad0000, 0x0000024188030000, 0x000002418f000000]
CodeHeap 'profiled nmethods': size=120000Kb used=23244Kb max_used=23244Kb free=96755Kb
 bounds [0x00000241805a0000, 0x0000024181c60000, 0x0000024187ad0000]
CodeHeap 'non-nmethods': size=5760Kb used=2272Kb max_used=2307Kb free=3487Kb
 bounds [0x0000024180000000, 0x0000024180270000, 0x00000241805a0000]
 total_blobs=11542 nmethods=10672 adapters=780
 compilation: enabled
              stopped_count=0, restarted_count=0
 full_count=0

Compilation events (20 events):
Event: 13.490 Thread 0x00000241ff083000 nmethod 11140% 0x0000024181bd5410 code [0x0000024181bd6aa0, 0x0000024181be6e08]
Event: 13.492 Thread 0x00000241ff083000 11122 %     3       java.util.ArrayList::forEach @ 24 (74 bytes)
Event: 13.498 Thread 0x00000241ff083000 nmethod 11122% 0x0000024181bec210 code [0x0000024181bec420, 0x0000024181becaa8]
Event: 13.498 Thread 0x00000241ff083000 11161 %     3       com.android.tools.r8.ir.regalloc.a::a @ 1408 (4001 bytes)
Event: 13.503 Thread 0x00000241ff07f000 nmethod 11158 0x0000024188021990 code [0x0000024188021b20, 0x0000024188021d98]
Event: 13.504 Thread 0x00000241ff07f000 11166       4       com.android.tools.r8.v.b.o::a (15 bytes)
Event: 13.520 Thread 0x00000241ff07f000 nmethod 11166 0x0000024188021e90 code [0x0000024188022040, 0x0000024188022538]
Event: 13.520 Thread 0x00000241ff07f000 11172       4       com.android.tools.r8.w.a.a.a.h.Z0::a (109 bytes)
Event: 13.564 Thread 0x00000241ff083000 nmethod 11161% 0x0000024181becd90 code [0x0000024181beeec0, 0x0000024181c05068]
Event: 13.565 Thread 0x00000241ff083000 11168       2       java.util.Comparator::lambda$thenComparing$36697e65$1 (29 bytes)
Event: 13.565 Thread 0x00000241ff083000 nmethod 11168 0x0000024181c0c590 code [0x0000024181c0c760, 0x0000024181c0c8d8]
Event: 13.565 Thread 0x00000241ff083000 11136 %     3       com.android.tools.r8.ir.conversion.m::a @ 17 (170 bytes)
Event: 13.567 Thread 0x00000241ff083000 nmethod 11136% 0x0000024181c0c990 code [0x0000024181c0cc60, 0x0000024181c0dce8]
Event: 13.567 Thread 0x00000241ff083000 11148       3       java.util.PriorityQueue::indexOf (43 bytes)
Event: 13.568 Thread 0x00000241ff083000 nmethod 11148 0x0000024181c0e290 code [0x0000024181c0e460, 0x0000024181c0e7a8]
Event: 13.568 Thread 0x00000241ff083000 11144       3       com.android.tools.r8.ir.optimize.q::a (471 bytes)
Event: 13.571 Thread 0x00000241ff083000 nmethod 11144 0x0000024181c0e910 code [0x0000024181c0eee0, 0x0000024181c12948]
Event: 13.571 Thread 0x00000241ff083000 11139 %     3       java.util.PriorityQueue::siftDownComparable @ 11 (100 bytes)
Event: 13.572 Thread 0x00000241ff083000 nmethod 11139% 0x0000024181c13810 code [0x0000024181c13a40, 0x0000024181c144f8]
Event: 13.572 Thread 0x00000241ff083000 11141 % !   3       com.android.tools.r8.graph.p::a @ 138 (1530 bytes)

GC Heap History (20 events):
Event: 10.671 GC heap before
{Heap before GC invocations=21 (full 0):
 garbage-first heap   total 172032K, used 123965K [0x0000000080000000, 0x0000000100000000)
  region size 1024K, 66 young (67584K), 4 survivors (4096K)
 Metaspace       used 78766K, capacity 80799K, committed 80972K, reserved 1120256K
  class space    used 10301K, capacity 11037K, committed 11136K, reserved 1048576K
}
Event: 10.676 GC heap after
{Heap after GC invocations=22 (full 0):
 garbage-first heap   total 172032K, used 63494K [0x0000000080000000, 0x0000000100000000)
  region size 1024K, 6 young (6144K), 6 survivors (6144K)
 Metaspace       used 78766K, capacity 80799K, committed 80972K, reserved 1120256K
  class space    used 10301K, capacity 11037K, committed 11136K, reserved 1048576K
}
Event: 11.143 GC heap before
{Heap before GC invocations=22 (full 0):
 garbage-first heap   total 172032K, used 130054K [0x0000000080000000, 0x0000000100000000)
  region size 1024K, 72 young (73728K), 6 survivors (6144K)
 Metaspace       used 80352K, capacity 82354K, committed 82636K, reserved 1120256K
  class space    used 10455K, capacity 11154K, committed 11264K, reserved 1048576K
}
Event: 11.152 GC heap after
{Heap after GC invocations=23 (full 0):
 garbage-first heap   total 172032K, used 67487K [0x0000000080000000, 0x0000000100000000)
  region size 1024K, 7 young (7168K), 7 survivors (7168K)
 Metaspace       used 80352K, capacity 82354K, committed 82636K, reserved 1120256K
  class space    used 10455K, capacity 11154K, committed 11264K, reserved 1048576K
}
Event: 11.388 GC heap before
{Heap before GC invocations=23 (full 0):
 garbage-first heap   total 172032K, used 133023K [0x0000000080000000, 0x0000000100000000)
  region size 1024K, 72 young (73728K), 7 survivors (7168K)
 Metaspace       used 81915K, capacity 84087K, committed 84172K, reserved 1122304K
  class space    used 10691K, capacity 11497K, committed 11520K, reserved 1048576K
}
Event: 11.398 GC heap after
{Heap after GC invocations=24 (full 0):
 garbage-first heap   total 172032K, used 82935K [0x0000000080000000, 0x0000000100000000)
  region size 1024K, 9 young (9216K), 9 survivors (9216K)
 Metaspace       used 81915K, capacity 84087K, committed 84172K, reserved 1122304K
  class space    used 10691K, capacity 11497K, committed 11520K, reserved 1048576K
}
Event: 11.746 GC heap before
{Heap before GC invocations=24 (full 0):
 garbage-first heap   total 172032K, used 133111K [0x0000000080000000, 0x0000000100000000)
  region size 1024K, 59 young (60416K), 9 survivors (9216K)
 Metaspace       used 84746K, capacity 87179K, committed 87372K, reserved 1124352K
  class space    used 11152K, capacity 12079K, committed 12160K, reserved 1048576K
}
Event: 11.762 GC heap after
{Heap after GC invocations=25 (full 0):
 garbage-first heap   total 172032K, used 92384K [0x0000000080000000, 0x0000000100000000)
  region size 1024K, 8 young (8192K), 8 survivors (8192K)
 Metaspace       used 84746K, capacity 87179K, committed 87372K, reserved 1124352K
  class space    used 11152K, capacity 12079K, committed 12160K, reserved 1048576K
}
Event: 11.858 GC heap before
{Heap before GC invocations=25 (full 0):
 garbage-first heap   total 172032K, used 134368K [0x0000000080000000, 0x0000000100000000)
  region size 1024K, 50 young (51200K), 8 survivors (8192K)
 Metaspace       used 85779K, capacity 88210K, committed 88524K, reserved 1126400K
  class space    used 11277K, capacity 12207K, committed 12288K, reserved 1048576K
}
Event: 11.884 GC heap after
{Heap after GC invocations=26 (full 0):
 garbage-first heap   total 206848K, used 100248K [0x0000000080000000, 0x0000000100000000)
  region size 1024K, 7 young (7168K), 7 survivors (7168K)
 Metaspace       used 85779K, capacity 88210K, committed 88524K, reserved 1126400K
  class space    used 11277K, capacity 12207K, committed 12288K, reserved 1048576K
}
Event: 12.041 GC heap before
{Heap before GC invocations=26 (full 0):
 garbage-first heap   total 206848K, used 151448K [0x0000000080000000, 0x0000000100000000)
  region size 1024K, 58 young (59392K), 7 survivors (7168K)
 Metaspace       used 86593K, capacity 88919K, committed 89548K, reserved 1126400K
  class space    used 11366K, capacity 12270K, committed 12544K, reserved 1048576K
}
Event: 12.059 GC heap after
{Heap after GC invocations=27 (full 0):
 garbage-first heap   total 206848K, used 110592K [0x0000000080000000, 0x0000000100000000)
  region size 1024K, 8 young (8192K), 8 survivors (8192K)
 Metaspace       used 86593K, capacity 88919K, committed 89548K, reserved 1126400K
  class space    used 11366K, capacity 12270K, committed 12544K, reserved 1048576K
}
Event: 12.251 GC heap before
{Heap before GC invocations=28 (full 0):
 garbage-first heap   total 206848K, used 157696K [0x0000000080000000, 0x0000000100000000)
  region size 1024K, 55 young (56320K), 8 survivors (8192K)
 Metaspace       used 89128K, capacity 91717K, committed 91980K, reserved 1128448K
  class space    used 11823K, capacity 12812K, committed 12928K, reserved 1048576K
}
Event: 12.266 GC heap after
{Heap after GC invocations=29 (full 0):
 garbage-first heap   total 206848K, used 118558K [0x0000000080000000, 0x0000000100000000)
  region size 1024K, 7 young (7168K), 7 survivors (7168K)
 Metaspace       used 89128K, capacity 91717K, committed 91980K, reserved 1128448K
  class space    used 11823K, capacity 12812K, committed 12928K, reserved 1048576K
}
Event: 12.459 GC heap before
{Heap before GC invocations=29 (full 0):
 garbage-first heap   total 206848K, used 163614K [0x0000000080000000, 0x0000000100000000)
  region size 1024K, 51 young (52224K), 7 survivors (7168K)
 Metaspace       used 90605K, capacity 93201K, committed 93388K, reserved 1130496K
  class space    used 12028K, capacity 13048K, committed 13056K, reserved 1048576K
}
Event: 12.471 GC heap after
{Heap after GC invocations=30 (full 0):
 garbage-first heap   total 206848K, used 122284K [0x0000000080000000, 0x0000000100000000)
  region size 1024K, 4 young (4096K), 4 survivors (4096K)
 Metaspace       used 90605K, capacity 93201K, committed 93388K, reserved 1130496K
  class space    used 12028K, capacity 13048K, committed 13056K, reserved 1048576K
}
Event: 12.706 GC heap before
{Heap before GC invocations=30 (full 0):
 garbage-first heap   total 206848K, used 167340K [0x0000000080000000, 0x0000000100000000)
  region size 1024K, 48 young (49152K), 4 survivors (4096K)
 Metaspace       used 90787K, capacity 93193K, committed 94028K, reserved 1130496K
  class space    used 11969K, capacity 12912K, committed 13184K, reserved 1048576K
}
Event: 12.714 GC heap after
{Heap after GC invocations=31 (full 0):
 garbage-first heap   total 271360K, used 121974K [0x0000000080000000, 0x0000000100000000)
  region size 1024K, 4 young (4096K), 4 survivors (4096K)
 Metaspace       used 90787K, capacity 93193K, committed 94028K, reserved 1130496K
  class space    used 11969K, capacity 12912K, committed 13184K, reserved 1048576K
}
Event: 13.260 GC heap before
{Heap before GC invocations=32 (full 0):
 garbage-first heap   total 271360K, used 192630K [0x0000000080000000, 0x0000000100000000)
  region size 1024K, 72 young (73728K), 4 survivors (4096K)
 Metaspace       used 91091K, capacity 93474K, committed 94284K, reserved 1130496K
  class space    used 11989K, capacity 12920K, committed 13184K, reserved 1048576K
}
Event: 13.370 GC heap after
{Heap after GC invocations=33 (full 0):
 garbage-first heap   total 271360K, used 127025K [0x0000000080000000, 0x0000000100000000)
  region size 1024K, 8 young (8192K), 8 survivors (8192K)
 Metaspace       used 91091K, capacity 93474K, committed 94284K, reserved 1130496K
  class space    used 11989K, capacity 12920K, committed 13184K, reserved 1048576K
}

Deoptimization events (20 events):
Event: 13.456 Thread 0x000002419492b800 DEOPT UNPACKING pc=0x00000241800272ce sp=0x000000bce1cf8fe8 mode 0
Event: 13.457 Thread 0x0000024194926800 DEOPT UNPACKING pc=0x00000241800272ce sp=0x000000bce17f8ff8 mode 0
Event: 13.477 Thread 0x0000024194924000 DEOPT PACKING pc=0x0000024181b9230e sp=0x000000bce19f98c0
Event: 13.498 Thread 0x000002419492c800 DEOPT PACKING pc=0x0000024181ae680d sp=0x000000bce1ef9db0
Event: 13.498 Thread 0x000002419492c800 DEOPT UNPACKING pc=0x00000241800272ce sp=0x000000bce1ef93d0 mode 0
Event: 13.503 Thread 0x000002419492b800 DEOPT PACKING pc=0x0000024181ae9301 sp=0x000000bce1cf9c80
Event: 13.504 Thread 0x000002419492b800 DEOPT UNPACKING pc=0x00000241800272ce sp=0x000000bce1cf9258 mode 0
Event: 13.504 Thread 0x000002419492c800 DEOPT PACKING pc=0x0000024181b9230e sp=0x000000bce1ef9710
Event: 13.504 Thread 0x000002419492c800 DEOPT UNPACKING pc=0x00000241800272ce sp=0x000000bce1ef8b88 mode 0
Event: 13.509 Thread 0x0000024194926800 DEOPT PACKING pc=0x0000024181b9230e sp=0x000000bce17fa480
Event: 13.509 Thread 0x0000024194926800 DEOPT UNPACKING pc=0x00000241800272ce sp=0x000000bce17f98f8 mode 0
Event: 13.511 Thread 0x000002419492d000 DEOPT PACKING pc=0x0000024181874ede sp=0x000000bce1bfac20
Event: 13.511 Thread 0x000002419492d000 DEOPT UNPACKING pc=0x00000241800272ce sp=0x000000bce1bfa150 mode 0
Event: 13.516 Thread 0x000002419492b800 DEOPT PACKING pc=0x0000024181b9230e sp=0x000000bce1cf9750
Event: 13.516 Thread 0x000002419492b800 DEOPT UNPACKING pc=0x00000241800272ce sp=0x000000bce1cf8bc8 mode 0
Event: 13.520 Thread 0x000002419492e000 Uncommon trap: trap_request=0xffffff6e fr.pc=0x0000024187ebf5c8 relative=0x0000000000000768
Event: 13.520 Thread 0x000002419492e000 Uncommon trap: reason=speculate_class_check action=maybe_recompile pc=0x0000024187ebf5c8 method=sun.security.provider.DigestBase.implCompressMultiBlock([BII)I @ 11 c2
Event: 13.520 Thread 0x000002419492e000 DEOPT PACKING pc=0x0000024187ebf5c8 sp=0x000000bce1df9e50
Event: 13.520 Thread 0x000002419492e000 DEOPT UNPACKING pc=0x00000241800274af sp=0x000000bce1df9d88 mode 2
Event: 13.528 Thread 0x0000024194924000 DEOPT UNPACKING pc=0x00000241800272ce sp=0x000000bce19f8d38 mode 0

Classes redefined (0 events):
No events

Internal exceptions (20 events):
Event: 12.095 Thread 0x000002419492e000 Exception <a 'java/lang/NoSuchMethodError'{0x000000008c402550}: 'java.lang.Object java.lang.invoke.DirectMethodHandle$Holder.invokeVirtual(java.lang.Object, java.lang.Object, int, java.lang.Object)'> (0x000000008c402550) thrown at [./src/hotspot/share/interpreter/linkResolver.cpp, line 773]
Event: 12.095 Thread 0x000002419492d000 Exception <a 'java/lang/NoSuchMethodError'{0x000000008c411210}: 'java.lang.Object java.lang.invoke.DirectMethodHandle$Holder.invokeVirtual(java.lang.Object, java.lang.Object, int, java.lang.Object)'> (0x000000008c411210) thrown at [./src/hotspot/share/interpreter/linkResolver.cpp, line 773]
Event: 12.117 Thread 0x0000024194926800 Exception <a 'java/lang/NoSuchMethodError'{0x000000008bdb7138}: 'void java.lang.invoke.DirectMethodHandle$Holder.invokeVirtual(java.lang.Object, java.lang.Object, int, java.lang.Object)'> (0x000000008bdb7138) thrown at [./src/hotspot/share/interpreter/linkResolver.cpp, line 773]
Event: 12.117 Thread 0x000002419492e000 Exception <a 'java/lang/NoSuchMethodError'{0x000000008be8c508}: 'void java.lang.invoke.DirectMethodHandle$Holder.invokeVirtual(java.lang.Object, java.lang.Object, int, java.lang.Object)'> (0x000000008be8c508) thrown at [./src/hotspot/share/interpreter/linkResolver.cpp, line 773]
Event: 12.117 Thread 0x000002419492b800 Exception <a 'java/lang/NoSuchMethodError'{0x000000008bf78178}: 'void java.lang.invoke.DirectMethodHandle$Holder.invokeVirtual(java.lang.Object, java.lang.Object, int, java.lang.Object)'> (0x000000008bf78178) thrown at [./src/hotspot/share/interpreter/linkResolver.cpp, line 773]
Event: 12.180 Thread 0x000002419492c800 Exception <a 'java/lang/NoSuchMethodError'{0x000000008ae8cf08}: 'java.lang.Object java.lang.invoke.DirectMethodHandle$Holder.newInvokeSpecial(java.lang.Object, int)'> (0x000000008ae8cf08) thrown at [./src/hotspot/share/interpreter/linkResolver.cpp, line 773]
Event: 12.180 Thread 0x000002419492d000 Exception <a 'java/lang/NoSuchMethodError'{0x000000008acd76c0}: 'java.lang.Object java.lang.invoke.DirectMethodHandle$Holder.newInvokeSpecial(java.lang.Object, int)'> (0x000000008acd76c0) thrown at [./src/hotspot/share/interpreter/linkResolver.cpp, line 773]
Event: 12.180 Thread 0x0000024194926800 Exception <a 'java/lang/NoSuchMethodError'{0x000000008ae14708}: 'java.lang.Object java.lang.invoke.DirectMethodHandle$Holder.newInvokeSpecial(java.lang.Object, int)'> (0x000000008ae14708) thrown at [./src/hotspot/share/interpreter/linkResolver.cpp, line 773]
Event: 12.180 Thread 0x000002419492b800 Exception <a 'java/lang/NoSuchMethodError'{0x000000008b0eb370}: 'java.lang.Object java.lang.invoke.DirectMethodHandle$Holder.newInvokeSpecial(java.lang.Object, int)'> (0x000000008b0eb370) thrown at [./src/hotspot/share/interpreter/linkResolver.cpp, line 773]
Event: 12.180 Thread 0x000002419492e000 Exception <a 'java/lang/NoSuchMethodError'{0x000000008aec08f0}: 'java.lang.Object java.lang.invoke.DirectMethodHandle$Holder.newInvokeSpecial(java.lang.Object, int)'> (0x000000008aec08f0) thrown at [./src/hotspot/share/interpreter/linkResolver.cpp, line 773]
Event: 12.181 Thread 0x0000024194926000 Exception <a 'java/lang/NoSuchMethodError'{0x000000008af7b7d8}: 'java.lang.Object java.lang.invoke.DirectMethodHandle$Holder.newInvokeSpecial(java.lang.Object, int)'> (0x000000008af7b7d8) thrown at [./src/hotspot/share/interpreter/linkResolver.cpp, line 773]
Event: 12.284 Thread 0x000002419492b800 Exception <a 'java/lang/NoSuchMethodError'{0x000000008c4e7968}: 'java.lang.Object java.lang.invoke.DirectMethodHandle$Holder.invokeInterface(java.lang.Object, java.lang.Object, int)'> (0x000000008c4e7968) thrown at [./src/hotspot/share/interpreter/linkResolver.cpp, line 773]
Event: 12.296 Thread 0x000002419492d000 Exception <a 'java/lang/NoSuchMethodError'{0x000000008c00d108}: 'java.lang.Object java.lang.invoke.DirectMethodHandle$Holder.invokeSpecial(java.lang.Object, java.lang.Object, java.lang.Object, java.lang.Object, java.lang.Object, java.lang.Object, java.lang.Object, java.lang.Object, java.lang.Object, java.lang.Object)'> (0x000000008c00d108) thrown at [./src/hotspot/share/interpreter/linkResolver.cpp, line 773]
Event: 12.296 Thread 0x000002419492d000 Exception <a 'java/lang/NoSuchMethodError'{0x000000008c011748}: 'java.lang.Object java.lang.invoke.Invokers$Holder.linkToTargetMethod(java.lang.Object, java.lang.Object, java.lang.Object, java.lang.Object, java.lang.Object, java.lang.Object, java.lang.Object, java.lang.Object, java.lang.Object)'> (0x000000008c011748) thrown at [./src/hotspot/share/interpreter/linkResolver.cpp, line 773]
Event: 12.442 Thread 0x000002419492d000 Exception <a 'java/lang/NoSuchMethodError'{0x000000008a0e5720}: 'void java.lang.invoke.DirectMethodHandle$Holder.invokeVirtual(java.lang.Object, java.lang.Object, int)'> (0x000000008a0e5720) thrown at [./src/hotspot/share/interpreter/linkResolver.cpp, line 773]
Event: 12.530 Thread 0x000002419492d000 Exception <a 'sun/nio/fs/WindowsException'{0x000000008bfb41b0}> (0x000000008bfb41b0) thrown at [./src/hotspot/share/prims/jni.cpp, line 615]
Event: 12.720 Thread 0x000002419492d000 Exception <a 'sun/nio/fs/WindowsException'{0x000000009074b1a8}> (0x000000009074b1a8) thrown at [./src/hotspot/share/prims/jni.cpp, line 615]
Event: 12.756 Thread 0x000002419492d000 Exception <a 'sun/nio/fs/WindowsException'{0x0000000090026ae8}> (0x0000000090026ae8) thrown at [./src/hotspot/share/prims/jni.cpp, line 615]
Event: 13.208 Thread 0x000002419492b800 Exception <a 'java/lang/NoSuchMethodError'{0x000000008cffba70}: 'int java.lang.invoke.DirectMethodHandle$Holder.invokeInterface(java.lang.Object, java.lang.Object, int)'> (0x000000008cffba70) thrown at [./src/hotspot/share/interpreter/linkResolver.cpp, line 773]
Event: 13.492 Thread 0x000002419492d000 Exception <a 'sun/nio/fs/WindowsException'{0x000000008e82de80}> (0x000000008e82de80) thrown at [./src/hotspot/share/prims/jni.cpp, line 615]

Events (20 events):
Event: 13.243 Executing VM operation: G1CollectForAllocation
Event: 13.371 Executing VM operation: G1CollectForAllocation done
Event: 13.377 loading class com/android/tools/r8/w/a/a/a/f/z0
Event: 13.377 loading class com/android/tools/r8/w/a/a/a/f/z0 done
Event: 13.427 loading class com/android/tools/r8/v/c/L
Event: 13.427 loading class com/android/tools/r8/v/c/L done
Event: 13.440 loading class com/android/tools/r8/graph/I$a
Event: 13.440 loading class com/android/tools/r8/graph/I$a done
Event: 13.515 loading class com/android/tools/r8/graph/a1$a
Event: 13.515 loading class com/android/tools/r8/graph/a1$a done
Event: 13.521 loading class com/android/tools/r8/s/a/a/d/e
Event: 13.521 loading class com/android/tools/r8/s/a/a/d/e done
Event: 13.544 loading class com/android/tools/r8/s/a/a/d/c
Event: 13.544 loading class com/android/tools/r8/s/a/a/d/c done
Event: 13.545 loading class com/android/tools/r8/s/a/a/d/d
Event: 13.545 loading class com/android/tools/r8/s/a/a/d/d done
Event: 13.547 loading class com/android/tools/r8/s/a/a/d/a
Event: 13.547 loading class com/android/tools/r8/s/a/a/d/a done
Event: 13.549 loading class com/android/tools/r8/s/a/a/a/o
Event: 13.549 loading class com/android/tools/r8/s/a/a/a/o done


Dynamic libraries:
0x00007ff68cc90000 - 0x00007ff68cc9a000 	C:\Program Files\Android\Android Studio\jre\bin\java.exe
0x00007ffbc3fd0000 - 0x00007ffbc41c5000 	C:\WINDOWS\SYSTEM32\ntdll.dll
0x00007ffbc3dd0000 - 0x00007ffbc3e8e000 	C:\WINDOWS\System32\KERNEL32.DLL
0x00007ffbc18f0000 - 0x00007ffbc1bb9000 	C:\WINDOWS\System32\KERNELBASE.dll
0x00007ffbc1c70000 - 0x00007ffbc1d70000 	C:\WINDOWS\System32\ucrtbase.dll
0x00007ffbb2500000 - 0x00007ffbb2517000 	C:\Program Files\Android\Android Studio\jre\bin\VCRUNTIME140.dll
0x00007ffbbba00000 - 0x00007ffbbba19000 	C:\Program Files\Android\Android Studio\jre\bin\jli.dll
0x00007ffbc2d80000 - 0x00007ffbc2f21000 	C:\WINDOWS\System32\USER32.dll
0x00007ffbb35d0000 - 0x00007ffbb386a000 	C:\WINDOWS\WinSxS\amd64_microsoft.windows.common-controls_6595b64144ccf1df_6.0.19041.1110_none_60b5254171f9507e\COMCTL32.dll
0x00007ffbc1bc0000 - 0x00007ffbc1be2000 	C:\WINDOWS\System32\win32u.dll
0x00007ffbc3e90000 - 0x00007ffbc3f2e000 	C:\WINDOWS\System32\msvcrt.dll
0x00007ffbc20d0000 - 0x00007ffbc20fb000 	C:\WINDOWS\System32\GDI32.dll
0x00007ffbc1eb0000 - 0x00007ffbc1fbb000 	C:\WINDOWS\System32\gdi32full.dll
0x00007ffbc1850000 - 0x00007ffbc18ed000 	C:\WINDOWS\System32\msvcp_win.dll
0x00007ffbc2990000 - 0x00007ffbc29c0000 	C:\WINDOWS\System32\IMM32.DLL
0x00007ffbaede0000 - 0x00007ffbaee7d000 	C:\Program Files\Android\Android Studio\jre\bin\msvcp140.dll
0x00007ffb80290000 - 0x00007ffb80d4c000 	C:\Program Files\Android\Android Studio\jre\bin\server\jvm.dll
0x00007ffbc2ca0000 - 0x00007ffbc2d4c000 	C:\WINDOWS\System32\ADVAPI32.dll
0x00007ffbc3bc0000 - 0x00007ffbc3c5b000 	C:\WINDOWS\System32\sechost.dll
0x00007ffbc29c0000 - 0x00007ffbc2aea000 	C:\WINDOWS\System32\RPCRT4.dll
0x00007ffbc2d60000 - 0x00007ffbc2d68000 	C:\WINDOWS\System32\PSAPI.DLL
0x00007ffbbd1c0000 - 0x00007ffbbd1c9000 	C:\WINDOWS\SYSTEM32\WSOCK32.dll
0x00007ffbb6bd0000 - 0x00007ffbb6bda000 	C:\WINDOWS\SYSTEM32\VERSION.dll
0x00007ffbb6b50000 - 0x00007ffbb6b77000 	C:\WINDOWS\SYSTEM32\WINMM.dll
0x00007ffbc2560000 - 0x00007ffbc25cb000 	C:\WINDOWS\System32\WS2_32.dll
0x00007ffbbf5f0000 - 0x00007ffbbf602000 	C:\WINDOWS\SYSTEM32\kernel.appcore.dll
0x00007ffbbd1a0000 - 0x00007ffbbd1b1000 	C:\Program Files\Android\Android Studio\jre\bin\verify.dll
0x00007ffbbb600000 - 0x00007ffbbb7e4000 	C:\WINDOWS\SYSTEM32\DBGHELP.DLL
0x00007ffbb9d50000 - 0x00007ffbb9d7c000 	C:\WINDOWS\SYSTEM32\dbgcore.DLL
0x00007ffbc1d70000 - 0x00007ffbc1df3000 	C:\WINDOWS\System32\bcryptPrimitives.dll
0x00007ffbb15c0000 - 0x00007ffbb15e9000 	C:\Program Files\Android\Android Studio\jre\bin\java.dll
0x00007ffbbcb90000 - 0x00007ffbbcb9b000 	C:\Program Files\Android\Android Studio\jre\bin\jimage.dll
0x00007ffbb1f90000 - 0x00007ffbb1fa8000 	C:\Program Files\Android\Android Studio\jre\bin\zip.dll
0x00007ffbc2f30000 - 0x00007ffbc366f000 	C:\WINDOWS\System32\SHELL32.dll
0x00007ffbbf7f0000 - 0x00007ffbbff80000 	C:\WINDOWS\SYSTEM32\windows.storage.dll
0x00007ffbc2630000 - 0x00007ffbc2985000 	C:\WINDOWS\System32\combase.dll
0x00007ffbc1070000 - 0x00007ffbc109c000 	C:\WINDOWS\SYSTEM32\Wldp.dll
0x00007ffbc2020000 - 0x00007ffbc20ce000 	C:\WINDOWS\System32\SHCORE.dll
0x00007ffbc25d0000 - 0x00007ffbc2625000 	C:\WINDOWS\System32\shlwapi.dll
0x00007ffbc1630000 - 0x00007ffbc164f000 	C:\WINDOWS\SYSTEM32\profapi.dll
0x00007ffbb1c20000 - 0x00007ffbb1c3a000 	C:\Program Files\Android\Android Studio\jre\bin\net.dll
0x00007ffbb7f30000 - 0x00007ffbb8038000 	C:\WINDOWS\SYSTEM32\WINHTTP.dll
0x00007ffbc0dd0000 - 0x00007ffbc0e3a000 	C:\WINDOWS\system32\mswsock.dll
0x00007ffbb0fc0000 - 0x00007ffbb0fd4000 	C:\Program Files\Android\Android Studio\jre\bin\nio.dll
0x00007ffbaa360000 - 0x00007ffbaa387000 	C:\Users\acer\.gradle\native\fdc75f09e3144964f2cf3f50f0aa648679c211496f362492102eb8c894070792\windows-amd64\native-platform.dll
0x00007ffb92b30000 - 0x00007ffb92cc6000 	C:\Users\acer\.gradle\native\12488b8bf47d2d4c9fbf2f6322a914ad602e24e48041cd04a747c6da556b65c4\windows-amd64\native-platform-file-events.dll
0x00007ffbbcb80000 - 0x00007ffbbcb8a000 	C:\Program Files\Android\Android Studio\jre\bin\management.dll
0x00007ffbbb9c0000 - 0x00007ffbbb9cc000 	C:\Program Files\Android\Android Studio\jre\bin\management_ext.dll
0x00007ffbc0fc0000 - 0x00007ffbc0fd8000 	C:\WINDOWS\SYSTEM32\CRYPTSP.dll
0x00007ffbc0750000 - 0x00007ffbc0784000 	C:\WINDOWS\system32\rsaenh.dll
0x00007ffbc1bf0000 - 0x00007ffbc1c17000 	C:\WINDOWS\System32\bcrypt.dll
0x00007ffbc15f0000 - 0x00007ffbc161e000 	C:\WINDOWS\SYSTEM32\USERENV.dll
0x00007ffbc0fe0000 - 0x00007ffbc0fec000 	C:\WINDOWS\SYSTEM32\CRYPTBASE.dll
0x00007ffbc0ac0000 - 0x00007ffbc0afb000 	C:\WINDOWS\SYSTEM32\IPHLPAPI.DLL
0x00007ffbc2d70000 - 0x00007ffbc2d78000 	C:\WINDOWS\System32\NSI.dll
0x00007ffbba530000 - 0x00007ffbba547000 	C:\WINDOWS\SYSTEM32\dhcpcsvc6.DLL
0x00007ffbba950000 - 0x00007ffbba96d000 	C:\WINDOWS\SYSTEM32\dhcpcsvc.DLL
0x00007ffbc0b00000 - 0x00007ffbc0bcc000 	C:\WINDOWS\SYSTEM32\DNSAPI.dll
0x00007ffbbae30000 - 0x00007ffbbae3b000 	C:\WINDOWS\SYSTEM32\WINNSI.DLL

dbghelp: loaded successfully - version: 4.0.5 - missing functions: none
symbol engine: initialized successfully - sym options: 0x614 - pdb path: .;C:\Program Files\Android\Android Studio\jre\bin;C:\WINDOWS\SYSTEM32;C:\WINDOWS\WinSxS\amd64_microsoft.windows.common-controls_6595b64144ccf1df_6.0.19041.1110_none_60b5254171f9507e;C:\Program Files\Android\Android Studio\jre\bin\server;C:\Users\acer\.gradle\native\fdc75f09e3144964f2cf3f50f0aa648679c211496f362492102eb8c894070792\windows-amd64;C:\Users\acer\.gradle\native\12488b8bf47d2d4c9fbf2f6322a914ad602e24e48041cd04a747c6da556b65c4\windows-amd64

VM Arguments:
jvm_args: --add-opens=java.base/java.util=ALL-UNNAMED --add-opens=java.base/java.lang=ALL-UNNAMED --add-opens=java.base/java.lang.invoke=ALL-UNNAMED --add-opens=java.prefs/java.util.prefs=ALL-UNNAMED -Xmx2048m -Dfile.encoding=UTF-8 -Duser.country=US -Duser.language=en -Duser.variant 
java_command: org.gradle.launcher.daemon.bootstrap.GradleDaemon 6.7.1
java_class_path (initial): C:\Users\acer\.gradle\wrapper\dists\gradle-6.7.1-bin\bwlcbys1h7rz3272sye1xwiv6\gradle-6.7.1\lib\gradle-launcher-6.7.1.jar
Launcher Type: SUN_STANDARD

[Global flags]
     intx CICompilerCount                          = 4                                         {product} {ergonomic}
     uint ConcGCThreads                            = 2                                         {product} {ergonomic}
     uint G1ConcRefinementThreads                  = 8                                         {product} {ergonomic}
   size_t G1HeapRegionSize                         = 1048576                                   {product} {ergonomic}
    uintx GCDrainStackTargetSize                   = 64                                        {product} {ergonomic}
   size_t InitialHeapSize                          = 100663296                                 {product} {ergonomic}
   size_t MarkStackSize                            = 4194304                                   {product} {ergonomic}
   size_t MaxHeapSize                              = 2147483648                                {product} {command line}
   size_t MaxNewSize                               = 1287651328                                {product} {ergonomic}
   size_t MinHeapDeltaBytes                        = 1048576                                   {product} {ergonomic}
    uintx NonNMethodCodeHeapSize                   = 5836300                                {pd product} {ergonomic}
    uintx NonProfiledCodeHeapSize                  = 122910970                              {pd product} {ergonomic}
    uintx ProfiledCodeHeapSize                     = 122910970                              {pd product} {ergonomic}
    uintx ReservedCodeCacheSize                    = 251658240                              {pd product} {ergonomic}
     bool SegmentedCodeCache                       = true                                      {product} {ergonomic}
     bool UseCompressedClassPointers               = true                                 {lp64_product} {ergonomic}
     bool UseCompressedOops                        = true                                 {lp64_product} {ergonomic}
     bool UseG1GC                                  = true                                      {product} {ergonomic}
     bool UseLargePagesIndividualAllocation        = false                                  {pd product} {ergonomic}

Logging:
Log output configuration:
 #0: stdout all=warning uptime,level,tags
 #1: stderr all=off uptime,level,tags

Environment Variables:
PATH=C:\Program Files (x86)\Common Files\Oracle\Java\javapath;C:\WINDOWS\system32;C:\WINDOWS;C:\WINDOWS\System32\Wbem;C:\WINDOWS\System32\WindowsPowerShell\v1.0\;C:\WINDOWS\System32\OpenSSH\;D:\Nodejs\;C:\Program Files\Git\cmd;D:\Xampp\php;C:\ProgramData\ComposerSetup\bin;C:\Users\acer\AppData\Local\Microsoft\WindowsApps;C:\Users\acer\AppData\Local\Programs\Microsoft VS Code\bin;C:\Users\acer\AppData\Roaming\npm;C:\Users\acer\AppData\Roaming\Composer\vendor\bin;C:\Users\acer\AppData\Local\GitHubDesktop\bin
USERNAME=acer
OS=Windows_NT
PROCESSOR_IDENTIFIER=AMD64 Family 23 Model 24 Stepping 1, AuthenticAMD



---------------  S Y S T E M  ---------------

OS: Windows 10 , 64 bit Build 19041 (10.0.19041.1200)
OS uptime: 20 days 17:13 hours

CPU:total 8 (initial active 8) (8 cores per cpu, 2 threads per core) family 23 model 24 stepping 1, cmov, cx8, fxsr, mmx, sse, sse2, sse3, ssse3, sse4.1, sse4.2, popcnt, avx, avx2, aes, clmul, mmxext, 3dnowpref, lzcnt, sse4a, ht, tsc, tscinvbit, tscinv, bmi1, bmi2, adx, sha, fma

Memory: 4k page, system-wide physical 6082M (325M free)
TotalPageFile size 14082M (AvailPageFile size 5M)
current process WorkingSet (physical memory assigned to process): 314M, peak: 540M
current process commit charge ("private bytes"): 654M, peak: 656M

vm_info: OpenJDK 64-Bit Server VM (11.0.8+10-b944.6842174) for windows-amd64 JRE (11.0.8+10-b944.6842174), built on Sep 19 2020 01:11:42 by "builder" with MS VC++ 14.0 (VS2015)

END.
