#
# There is insufficient memory for the Java Runtime Environment to continue.
# Native memory allocation (malloc) failed to allocate 720336 bytes for Chunk::new
# Possible reasons:
#   The system is out of physical RAM or swap space
#   The process is running with CompressedOops enabled, and the Java Heap may be blocking the growth of the native heap
# Possible solutions:
#   Reduce memory load on the system
#   Increase physical memory or swap space
#   Check if swap backing store is full
#   Decrease Java heap size (-Xmx/-Xms)
#   Decrease number of Java threads
#   Decrease Java thread stack sizes (-Xss)
#   Set larger code cache with -XX:ReservedCodeCacheSize=
#   JVM is running with Unscaled Compressed Oops mode in which the Java heap is
#     placed in the first 4GB address space. The Java Heap base address is the
#     maximum limit for the native heap growth. Please use -XX:HeapBaseMinAddress
#     to set the Java Heap base and to place the Java Heap above 4GB virtual address.
# This output file may be truncated or incomplete.
#
#  Out of Memory Error (./src/hotspot/share/memory/arena.cpp:197), pid=540, tid=10592
#
# JRE version: OpenJDK Runtime Environment (11.0.10) (build 11.0.10+0-b96-7249189)
# Java VM: OpenJDK 64-Bit Server VM (11.0.10+0-b96-7249189, mixed mode, tiered, compressed oops, g1 gc, windows-amd64)
# No core dump will be written. Minidumps are not enabled by default on client versions of Windows
#

---------------  S U M M A R Y ------------

Command Line: --add-opens=java.base/java.util=ALL-UNNAMED --add-opens=java.base/java.lang=ALL-UNNAMED --add-opens=java.base/java.lang.invoke=ALL-UNNAMED --add-opens=java.prefs/java.util.prefs=ALL-UNNAMED -Xmx2048m -Dfile.encoding=UTF-8 -Duser.country=US -Duser.language=en -Duser.variant org.gradle.launcher.daemon.bootstrap.GradleDaemon 6.7.1

Host: AMD Ryzen 5 3550H with Radeon Vega Mobile Gfx  , 8 cores, 5G,  Windows 10 , 64 bit Build 22000 (10.0.22000.120)
Time: Fri Nov  5 13:37:51 2021 SE Asia Standard Time elapsed time: 36.485998 seconds (0d 0h 0m 36s)

---------------  T H R E A D  ---------------

Current thread (0x000002c27bdec800):  JavaThread "C2 CompilerThread0" daemon [_thread_in_native, id=10592, stack(0x000000c420700000,0x000000c420800000)]


Current CompileTask:
C2:  36486 12127       4       org.gradle.internal.instantiation.generator.DependencyInjectingInstantiator::newInstance (8 bytes)

Stack: [0x000000c420700000,0x000000c420800000]
Native frames: (J=compiled Java code, j=interpreted, Vv=VM code, C=native code)
V  [jvm.dll+0x5ecfaa]
V  [jvm.dll+0x722bd5]
V  [jvm.dll+0x72412d]
V  [jvm.dll+0x7247e3]
V  [jvm.dll+0x242928]
V  [jvm.dll+0xbc4fc]
V  [jvm.dll+0xbca0c]
V  [jvm.dll+0x2b4fd4]
V  [jvm.dll+0x506028]
V  [jvm.dll+0x1fc985]
V  [jvm.dll+0x1fa77f]
V  [jvm.dll+0x18354c]
V  [jvm.dll+0x208ee7]
V  [jvm.dll+0x207731]
V  [jvm.dll+0x6eb1cf]
V  [jvm.dll+0x6e3d45]
V  [jvm.dll+0x5ebe96]
C  [ucrtbase.dll+0x26c0c]
C  [KERNEL32.DLL+0x154e0]
C  [ntdll.dll+0x485b]


---------------  P R O C E S S  ---------------

Threads class SMR info:
_java_thread_list=0x000002c21395ce40, length=154, elements={
0x000002c27096f800, 0x000002c27bdca800, 0x000002c27bdd7000, 0x000002c27c762800,
0x000002c27bde9800, 0x000002c27bdea000, 0x000002c27bdec800, 0x000002c27bdf3000,
0x000002c27be0e000, 0x000002c27c8d4000, 0x000002c27c8d2000, 0x000002c27c8d4800,
0x000002c27c8d7000, 0x000002c27c8d1800, 0x000002c27c8d6000, 0x000002c27c8d5800,
0x000002c27c8d8000, 0x000002c27c8d3000, 0x000002c27e626800, 0x000002c27e629800,
0x000002c27e62c000, 0x000002c27e627000, 0x000002c27e62b000, 0x000002c27e62d000,
0x000002c27e62a800, 0x000002c27e62d800, 0x000002c27e628000, 0x000002c27e62e800,
0x000002c27e635000, 0x000002c27e630000, 0x000002c27e62f800, 0x000002c27e631000,
0x000002c27e5f1800, 0x000002c27e5f2800, 0x000002c27e5ef000, 0x000002c27e5f3000,
0x000002c27e5f4000, 0x000002c27e5ee000, 0x000002c27e5f4800, 0x000002c27e5f5800,
0x000002c27e5f0000, 0x000002c27e5f6800, 0x000002c27e5f0800, 0x000002c27e5fa800,
0x000002c27e5fc000, 0x000002c27e5f9000, 0x000002c27e5fd000, 0x000002c27e5f7000,
0x000002c27e5f8000, 0x000002c27e5fb000, 0x000002c27e5f9800, 0x000002c210205800,
0x000002c210208000, 0x000002c210209000, 0x000002c21020b800, 0x000002c210209800,
0x000002c21020a800, 0x000002c21020c000, 0x000002c210206800, 0x000002c21020d000,
0x000002c210207000, 0x000002c21020d800, 0x000002c210213800, 0x000002c21020e800,
0x000002c210212000, 0x000002c210212800, 0x000002c210211000, 0x000002c21020f800,
0x000002c210210000, 0x000002c210214800, 0x000002c27d79c000, 0x000002c27d79c800,
0x000002c27d797000, 0x000002c27d79d800, 0x000002c27d79a800, 0x000002c27d798000,
0x000002c27d79e800, 0x000002c27d798800, 0x000002c27d79f000, 0x000002c27d799800,
0x000002c27d7a0000, 0x000002c27d7a1000, 0x000002c27d79b000, 0x000002c27d7a5000,
0x000002c27d7a4000, 0x000002c27d7a5800, 0x000002c27d7a1800, 0x000002c27d7a2800,
0x000002c27d7a3800, 0x000002c2101af800, 0x000002c2101ae000, 0x000002c2101b0800,
0x000002c2101af000, 0x000002c2101b1800, 0x000002c2101b2000, 0x000002c2101ac800,
0x000002c2101b3000, 0x000002c2101ad000, 0x000002c2101b6000, 0x000002c2101b4800,
0x000002c2101b8800, 0x000002c2101b5800, 0x000002c2101b7000, 0x000002c2101b3800,
0x000002c2101b8000, 0x000002c2101b9800, 0x000002c2101ba000, 0x000002c2101bb000,
0x000002c2101d1000, 0x000002c2101d2000, 0x000002c2101d6000, 0x000002c2101d4800,
0x000002c2101d0800, 0x000002c2101d5800, 0x000002c2101d8800, 0x000002c2101d7000,
0x000002c2101d3000, 0x000002c2101d9800, 0x000002c2101d7800, 0x000002c2101d3800,
0x000002c2101dc000, 0x000002c2101dd800, 0x000002c2101db000, 0x000002c2101da000,
0x000002c2101de800, 0x000002c2101dc800, 0x000002c2101df000, 0x000002c20fc35000,
0x000002c20fc36000, 0x000002c20fc34000, 0x000002c20fc39000, 0x000002c20fc3a800,
0x000002c20fc3c800, 0x000002c20fc36800, 0x000002c20fc3d000, 0x000002c20fc38800,
0x000002c20fc3a000, 0x000002c20fc37800, 0x000002c20fc43000, 0x000002c20fc3f800,
0x000002c20fc40800, 0x000002c20fc3e000, 0x000002c20fc3f000, 0x000002c213900000,
0x000002c213901000, 0x000002c213902000, 0x000002c2138fe000, 0x000002c2138ff800,
0x000002c213902800, 0x000002c2138fd000, 0x000002c213903800, 0x000002c213904800,
0x000002c2138fe800, 0x000002c213906000
}

Java Threads: ( => current thread )
  0x000002c27096f800 JavaThread "main" [_thread_blocked, id=3896, stack(0x000000c41fb00000,0x000000c41fc00000)]
  0x000002c27bdca800 JavaThread "Reference Handler" daemon [_thread_blocked, id=7800, stack(0x000000c420200000,0x000000c420300000)]
  0x000002c27bdd7000 JavaThread "Finalizer" daemon [_thread_blocked, id=10692, stack(0x000000c420300000,0x000000c420400000)]
  0x000002c27c762800 JavaThread "Signal Dispatcher" daemon [_thread_blocked, id=8096, stack(0x000000c420400000,0x000000c420500000)]
  0x000002c27bde9800 JavaThread "Attach Listener" daemon [_thread_blocked, id=7284, stack(0x000000c420500000,0x000000c420600000)]
  0x000002c27bdea000 JavaThread "Service Thread" daemon [_thread_blocked, id=13084, stack(0x000000c420600000,0x000000c420700000)]
=>0x000002c27bdec800 JavaThread "C2 CompilerThread0" daemon [_thread_in_native, id=10592, stack(0x000000c420700000,0x000000c420800000)]
  0x000002c27bdf3000 JavaThread "C1 CompilerThread0" daemon [_thread_blocked, id=13484, stack(0x000000c420800000,0x000000c420900000)]
  0x000002c27be0e000 JavaThread "Sweeper thread" daemon [_thread_blocked, id=5708, stack(0x000000c420900000,0x000000c420a00000)]
  0x000002c27c8d4000 JavaThread "Common-Cleaner" daemon [_thread_blocked, id=6908, stack(0x000000c420a00000,0x000000c420b00000)]
  0x000002c27c8d2000 JavaThread "Daemon health stats" [_thread_blocked, id=6020, stack(0x000000c420d00000,0x000000c420e00000)]
  0x000002c27c8d4800 JavaThread "Incoming local TCP Connector on port 59556" [_thread_in_native, id=1428, stack(0x000000c421000000,0x000000c421100000)]
  0x000002c27c8d7000 JavaThread "Daemon periodic checks" [_thread_blocked, id=12352, stack(0x000000c421100000,0x000000c421200000)]
  0x000002c27c8d1800 JavaThread "Daemon" [_thread_blocked, id=12672, stack(0x000000c421200000,0x000000c421300000)]
  0x000002c27c8d6000 JavaThread "Handler for socket connection from /127.0.0.1:59556 to /127.0.0.1:59557" [_thread_in_native, id=12588, stack(0x000000c421300000,0x000000c421400000)]
  0x000002c27c8d5800 JavaThread "Cancel handler" [_thread_blocked, id=7820, stack(0x000000c421b00000,0x000000c421c00000)]
  0x000002c27c8d8000 JavaThread "Daemon worker" [_thread_in_vm, id=10648, stack(0x000000c421c00000,0x000000c421d00000)]
  0x000002c27c8d3000 JavaThread "Asynchronous log dispatcher for DefaultDaemonConnection: socket connection from /127.0.0.1:59556 to /127.0.0.1:59557" [_thread_blocked, id=12880, stack(0x000000c421d00000,0x000000c421e00000)]
  0x000002c27e626800 JavaThread "Stdin handler" [_thread_blocked, id=7048, stack(0x000000c421e00000,0x000000c421f00000)]
  0x000002c27e629800 JavaThread "Thread-8" [_thread_blocked, id=12592, stack(0x000000c421f00000,0x000000c422000000)]
  0x000002c27e62c000 JavaThread "Cache worker for file hash cache (C:\Users\acer\.gradle\caches\6.7.1\fileHashes)" [_thread_blocked, id=2008, stack(0x000000c422000000,0x000000c422100000)]
  0x000002c27e627000 JavaThread "File lock request listener" [_thread_in_native, id=3040, stack(0x000000c422100000,0x000000c422200000)]
  0x000002c27e62b000 JavaThread "Cache worker for journal cache (C:\Users\acer\.gradle\caches\journal-1)" [_thread_blocked, id=13156, stack(0x000000c422300000,0x000000c422400000)]
  0x000002c27e62d000 JavaThread "Cache worker for file hash cache (D:\Du an truong\DuanPhonestore\.gradle\6.7.1\fileHashes)" [_thread_blocked, id=14060, stack(0x000000c422400000,0x000000c422500000)]
  0x000002c27e62a800 JavaThread "Cache worker for checksums cache (D:\Du an truong\DuanPhonestore\.gradle\checksums)" [_thread_blocked, id=10180, stack(0x000000c422500000,0x000000c422600000)]
  0x000002c27e62d800 JavaThread "Cache worker for cache directory md-supplier (C:\Users\acer\.gradle\caches\6.7.1\md-supplier)" [_thread_blocked, id=7084, stack(0x000000c422600000,0x000000c422700000)]
  0x000002c27e628000 JavaThread "Cache worker for cache directory md-rule (C:\Users\acer\.gradle\caches\6.7.1\md-rule)" [_thread_blocked, id=11912, stack(0x000000c422700000,0x000000c422800000)]
  0x000002c27e62e800 JavaThread "Cache worker for execution history cache (C:\Users\acer\.gradle\caches\6.7.1\executionHistory)" [_thread_blocked, id=8332, stack(0x000000c422800000,0x000000c422900000)]
  0x000002c27e635000 JavaThread "jar transforms" [_thread_blocked, id=4044, stack(0x000000c422900000,0x000000c422a00000)]
  0x000002c27e630000 JavaThread "Cache worker for file content cache (C:\Users\acer\.gradle\caches\6.7.1\fileContent)" [_thread_blocked, id=7088, stack(0x000000c422a00000,0x000000c422b00000)]
  0x000002c27e62f800 JavaThread "Cache worker for Build Output Cleanup Cache (D:\Du an truong\DuanPhonestore\.gradle\buildOutputCleanup)" [_thread_blocked, id=2064, stack(0x000000c422b00000,0x000000c422c00000)]
  0x000002c27e631000 JavaThread "Build operations" [_thread_blocked, id=3584, stack(0x000000c422c00000,0x000000c422d00000)]
  0x000002c27e5f1800 JavaThread "Build operations Thread 2" [_thread_blocked, id=8784, stack(0x000000c422d00000,0x000000c422e00000)]
  0x000002c27e5f2800 JavaThread "Build operations Thread 3" [_thread_blocked, id=13496, stack(0x000000c422e00000,0x000000c422f00000)]
  0x000002c27e5ef000 JavaThread "Build operations Thread 4" [_thread_blocked, id=9260, stack(0x000000c422f00000,0x000000c423000000)]
  0x000002c27e5f3000 JavaThread "Build operations Thread 5" [_thread_blocked, id=13472, stack(0x000000c423000000,0x000000c423100000)]
  0x000002c27e5f4000 JavaThread "Build operations Thread 6" [_thread_blocked, id=5176, stack(0x000000c423100000,0x000000c423200000)]
  0x000002c27e5ee000 JavaThread "Build operations Thread 7" [_thread_blocked, id=10908, stack(0x000000c423200000,0x000000c423300000)]
  0x000002c27e5f4800 JavaThread "Build operations Thread 8" [_thread_blocked, id=8564, stack(0x000000c423300000,0x000000c423400000)]
  0x000002c27e5f5800 JavaThread "jar transforms Thread 2" [_thread_blocked, id=6408, stack(0x000000c423400000,0x000000c423500000)]
  0x000002c27e5f0000 JavaThread "jar transforms Thread 3" [_thread_blocked, id=8540, stack(0x000000c423500000,0x000000c423600000)]
  0x000002c27e5f6800 JavaThread "jar transforms Thread 4" [_thread_blocked, id=9548, stack(0x000000c423600000,0x000000c423700000)]
  0x000002c27e5f0800 JavaThread "jar transforms Thread 5" [_thread_blocked, id=10040, stack(0x000000c423700000,0x000000c423800000)]
  0x000002c27e5fa800 JavaThread "jar transforms Thread 6" [_thread_blocked, id=4200, stack(0x000000c423800000,0x000000c423900000)]
  0x000002c27e5fc000 JavaThread "jar transforms Thread 7" [_thread_blocked, id=8528, stack(0x000000c423900000,0x000000c423a00000)]
  0x000002c27e5f9000 JavaThread "jar transforms Thread 8" [_thread_blocked, id=8848, stack(0x000000c423a00000,0x000000c423b00000)]
  0x000002c27e5fd000 JavaThread "jar transforms Thread 9" [_thread_blocked, id=13744, stack(0x000000c423b00000,0x000000c423c00000)]
  0x000002c27e5f7000 JavaThread "jar transforms Thread 10" [_thread_blocked, id=11540, stack(0x000000c423c00000,0x000000c423d00000)]
  0x000002c27e5f8000 JavaThread "jar transforms Thread 11" [_thread_blocked, id=6720, stack(0x000000c423d00000,0x000000c423e00000)]
  0x000002c27e5fb000 JavaThread "jar transforms Thread 12" [_thread_blocked, id=3144, stack(0x000000c423e00000,0x000000c423f00000)]
  0x000002c27e5f9800 JavaThread "jar transforms Thread 13" [_thread_blocked, id=12804, stack(0x000000c423f00000,0x000000c424000000)]
  0x000002c210205800 JavaThread "jar transforms Thread 14" [_thread_blocked, id=10140, stack(0x000000c424000000,0x000000c424100000)]
  0x000002c210208000 JavaThread "jar transforms Thread 15" [_thread_blocked, id=10640, stack(0x000000c424100000,0x000000c424200000)]
  0x000002c210209000 JavaThread "jar transforms Thread 16" [_thread_blocked, id=7600, stack(0x000000c424200000,0x000000c424300000)]
  0x000002c21020b800 JavaThread "jar transforms Thread 17" [_thread_blocked, id=11032, stack(0x000000c424300000,0x000000c424400000)]
  0x000002c210209800 JavaThread "jar transforms Thread 18" [_thread_blocked, id=13176, stack(0x000000c424400000,0x000000c424500000)]
  0x000002c21020a800 JavaThread "jar transforms Thread 19" [_thread_blocked, id=6168, stack(0x000000c424500000,0x000000c424600000)]
  0x000002c21020c000 JavaThread "jar transforms Thread 20" [_thread_blocked, id=10144, stack(0x000000c424600000,0x000000c424700000)]
  0x000002c210206800 JavaThread "jar transforms Thread 21" [_thread_blocked, id=14316, stack(0x000000c424700000,0x000000c424800000)]
  0x000002c21020d000 JavaThread "jar transforms Thread 22" [_thread_blocked, id=11756, stack(0x000000c424800000,0x000000c424900000)]
  0x000002c210207000 JavaThread "jar transforms Thread 23" [_thread_blocked, id=6640, stack(0x000000c424900000,0x000000c424a00000)]
  0x000002c21020d800 JavaThread "jar transforms Thread 24" [_thread_blocked, id=13308, stack(0x000000c424a00000,0x000000c424b00000)]
  0x000002c210213800 JavaThread "jar transforms Thread 25" [_thread_blocked, id=10048, stack(0x000000c424b00000,0x000000c424c00000)]
  0x000002c21020e800 JavaThread "jar transforms Thread 26" [_thread_blocked, id=11236, stack(0x000000c424c00000,0x000000c424d00000)]
  0x000002c210212000 JavaThread "jar transforms Thread 27" [_thread_blocked, id=10316, stack(0x000000c424d00000,0x000000c424e00000)]
  0x000002c210212800 JavaThread "jar transforms Thread 28" [_thread_blocked, id=10468, stack(0x000000c424e00000,0x000000c424f00000)]
  0x000002c210211000 JavaThread "jar transforms Thread 29" [_thread_blocked, id=8544, stack(0x000000c424f00000,0x000000c425000000)]
  0x000002c21020f800 JavaThread "jar transforms Thread 30" [_thread_blocked, id=13384, stack(0x000000c425000000,0x000000c425100000)]
  0x000002c210210000 JavaThread "jar transforms Thread 31" [_thread_blocked, id=6588, stack(0x000000c425100000,0x000000c425200000)]
  0x000002c210214800 JavaThread "jar transforms Thread 32" [_thread_blocked, id=14028, stack(0x000000c425200000,0x000000c425300000)]
  0x000002c27d79c000 JavaThread "jar transforms Thread 33" [_thread_blocked, id=5384, stack(0x000000c425300000,0x000000c425400000)]
  0x000002c27d79c800 JavaThread "jar transforms Thread 34" [_thread_blocked, id=11080, stack(0x000000c425400000,0x000000c425500000)]
  0x000002c27d797000 JavaThread "jar transforms Thread 35" [_thread_blocked, id=7444, stack(0x000000c425500000,0x000000c425600000)]
  0x000002c27d79d800 JavaThread "jar transforms Thread 36" [_thread_blocked, id=12368, stack(0x000000c425600000,0x000000c425700000)]
  0x000002c27d79a800 JavaThread "jar transforms Thread 37" [_thread_blocked, id=10060, stack(0x000000c425700000,0x000000c425800000)]
  0x000002c27d798000 JavaThread "jar transforms Thread 38" [_thread_blocked, id=9076, stack(0x000000c425800000,0x000000c425900000)]
  0x000002c27d79e800 JavaThread "jar transforms Thread 39" [_thread_blocked, id=12196, stack(0x000000c425900000,0x000000c425a00000)]
  0x000002c27d798800 JavaThread "jar transforms Thread 40" [_thread_blocked, id=9308, stack(0x000000c425a00000,0x000000c425b00000)]
  0x000002c27d79f000 JavaThread "jar transforms Thread 41" [_thread_blocked, id=12116, stack(0x000000c425b00000,0x000000c425c00000)]
  0x000002c27d799800 JavaThread "jar transforms Thread 42" [_thread_blocked, id=14116, stack(0x000000c425c00000,0x000000c425d00000)]
  0x000002c27d7a0000 JavaThread "jar transforms Thread 43" [_thread_blocked, id=6924, stack(0x000000c425d00000,0x000000c425e00000)]
  0x000002c27d7a1000 JavaThread "jar transforms Thread 44" [_thread_blocked, id=14124, stack(0x000000c425e00000,0x000000c425f00000)]
  0x000002c27d79b000 JavaThread "jar transforms Thread 45" [_thread_blocked, id=9684, stack(0x000000c425f00000,0x000000c426000000)]
  0x000002c27d7a5000 JavaThread "jar transforms Thread 46" [_thread_blocked, id=6416, stack(0x000000c426000000,0x000000c426100000)]
  0x000002c27d7a4000 JavaThread "jar transforms Thread 47" [_thread_blocked, id=7728, stack(0x000000c426100000,0x000000c426200000)]
  0x000002c27d7a5800 JavaThread "jar transforms Thread 48" [_thread_blocked, id=12944, stack(0x000000c426200000,0x000000c426300000)]
  0x000002c27d7a1800 JavaThread "jar transforms Thread 49" [_thread_blocked, id=11364, stack(0x000000c426300000,0x000000c426400000)]
  0x000002c27d7a2800 JavaThread "jar transforms Thread 50" [_thread_blocked, id=3448, stack(0x000000c426400000,0x000000c426500000)]
  0x000002c27d7a3800 JavaThread "jar transforms Thread 51" [_thread_blocked, id=14084, stack(0x000000c426500000,0x000000c426600000)]
  0x000002c2101af800 JavaThread "jar transforms Thread 52" [_thread_blocked, id=9708, stack(0x000000c426600000,0x000000c426700000)]
  0x000002c2101ae000 JavaThread "jar transforms Thread 53" [_thread_blocked, id=5292, stack(0x000000c426700000,0x000000c426800000)]
  0x000002c2101b0800 JavaThread "jar transforms Thread 54" [_thread_blocked, id=8280, stack(0x000000c426800000,0x000000c426900000)]
  0x000002c2101af000 JavaThread "jar transforms Thread 55" [_thread_blocked, id=8004, stack(0x000000c426900000,0x000000c426a00000)]
  0x000002c2101b1800 JavaThread "jar transforms Thread 56" [_thread_blocked, id=11016, stack(0x000000c426a00000,0x000000c426b00000)]
  0x000002c2101b2000 JavaThread "jar transforms Thread 57" [_thread_blocked, id=13500, stack(0x000000c426b00000,0x000000c426c00000)]
  0x000002c2101ac800 JavaThread "jar transforms Thread 58" [_thread_blocked, id=11956, stack(0x000000c426c00000,0x000000c426d00000)]
  0x000002c2101b3000 JavaThread "jar transforms Thread 59" [_thread_blocked, id=9108, stack(0x000000c426d00000,0x000000c426e00000)]
  0x000002c2101ad000 JavaThread "jar transforms Thread 60" [_thread_blocked, id=8556, stack(0x000000c426e00000,0x000000c426f00000)]
  0x000002c2101b6000 JavaThread "jar transforms Thread 61" [_thread_blocked, id=8144, stack(0x000000c426f00000,0x000000c427000000)]
  0x000002c2101b4800 JavaThread "jar transforms Thread 62" [_thread_blocked, id=5320, stack(0x000000c427000000,0x000000c427100000)]
  0x000002c2101b8800 JavaThread "jar transforms Thread 63" [_thread_blocked, id=12572, stack(0x000000c427100000,0x000000c427200000)]
  0x000002c2101b5800 JavaThread "jar transforms Thread 64" [_thread_blocked, id=11472, stack(0x000000c427200000,0x000000c427300000)]
  0x000002c2101b7000 JavaThread "jar transforms Thread 65" [_thread_blocked, id=8080, stack(0x000000c427300000,0x000000c427400000)]
  0x000002c2101b3800 JavaThread "jar transforms Thread 66" [_thread_blocked, id=10560, stack(0x000000c427400000,0x000000c427500000)]
  0x000002c2101b8000 JavaThread "jar transforms Thread 67" [_thread_blocked, id=12300, stack(0x000000c427500000,0x000000c427600000)]
  0x000002c2101b9800 JavaThread "jar transforms Thread 68" [_thread_blocked, id=2832, stack(0x000000c427600000,0x000000c427700000)]
  0x000002c2101ba000 JavaThread "jar transforms Thread 69" [_thread_blocked, id=14268, stack(0x000000c427700000,0x000000c427800000)]
  0x000002c2101bb000 JavaThread "jar transforms Thread 70" [_thread_blocked, id=14132, stack(0x000000c427800000,0x000000c427900000)]
  0x000002c2101d1000 JavaThread "jar transforms Thread 71" [_thread_blocked, id=14012, stack(0x000000c427900000,0x000000c427a00000)]
  0x000002c2101d2000 JavaThread "jar transforms Thread 72" [_thread_blocked, id=6712, stack(0x000000c427a00000,0x000000c427b00000)]
  0x000002c2101d6000 JavaThread "jar transforms Thread 73" [_thread_blocked, id=5864, stack(0x000000c427b00000,0x000000c427c00000)]
  0x000002c2101d4800 JavaThread "jar transforms Thread 74" [_thread_blocked, id=9904, stack(0x000000c427c00000,0x000000c427d00000)]
  0x000002c2101d0800 JavaThread "jar transforms Thread 75" [_thread_blocked, id=952, stack(0x000000c427d00000,0x000000c427e00000)]
  0x000002c2101d5800 JavaThread "jar transforms Thread 76" [_thread_blocked, id=2888, stack(0x000000c427e00000,0x000000c427f00000)]
  0x000002c2101d8800 JavaThread "jar transforms Thread 77" [_thread_blocked, id=11376, stack(0x000000c427f00000,0x000000c428000000)]
  0x000002c2101d7000 JavaThread "jar transforms Thread 78" [_thread_blocked, id=13656, stack(0x000000c428000000,0x000000c428100000)]
  0x000002c2101d3000 JavaThread "jar transforms Thread 79" [_thread_blocked, id=9492, stack(0x000000c428100000,0x000000c428200000)]
  0x000002c2101d9800 JavaThread "jar transforms Thread 80" [_thread_blocked, id=13512, stack(0x000000c428200000,0x000000c428300000)]
  0x000002c2101d7800 JavaThread "jar transforms Thread 81" [_thread_blocked, id=2200, stack(0x000000c428300000,0x000000c428400000)]
  0x000002c2101d3800 JavaThread "jar transforms Thread 82" [_thread_blocked, id=8364, stack(0x000000c428400000,0x000000c428500000)]
  0x000002c2101dc000 JavaThread "jar transforms Thread 83" [_thread_blocked, id=2632, stack(0x000000c428500000,0x000000c428600000)]
  0x000002c2101dd800 JavaThread "jar transforms Thread 84" [_thread_blocked, id=3508, stack(0x000000c428600000,0x000000c428700000)]
  0x000002c2101db000 JavaThread "jar transforms Thread 85" [_thread_blocked, id=2080, stack(0x000000c428700000,0x000000c428800000)]
  0x000002c2101da000 JavaThread "jar transforms Thread 86" [_thread_blocked, id=10424, stack(0x000000c428800000,0x000000c428900000)]
  0x000002c2101de800 JavaThread "jar transforms Thread 87" [_thread_blocked, id=7780, stack(0x000000c428900000,0x000000c428a00000)]
  0x000002c2101dc800 JavaThread "jar transforms Thread 88" [_thread_blocked, id=11188, stack(0x000000c428a00000,0x000000c428b00000)]
  0x000002c2101df000 JavaThread "jar transforms Thread 89" [_thread_blocked, id=9484, stack(0x000000c428b00000,0x000000c428c00000)]
  0x000002c20fc35000 JavaThread "jar transforms Thread 90" [_thread_blocked, id=13740, stack(0x000000c428c00000,0x000000c428d00000)]
  0x000002c20fc36000 JavaThread "jar transforms Thread 91" [_thread_blocked, id=6124, stack(0x000000c428d00000,0x000000c428e00000)]
  0x000002c20fc34000 JavaThread "jar transforms Thread 92" [_thread_blocked, id=13000, stack(0x000000c428e00000,0x000000c428f00000)]
  0x000002c20fc39000 JavaThread "jar transforms Thread 93" [_thread_blocked, id=4324, stack(0x000000c428f00000,0x000000c429000000)]
  0x000002c20fc3a800 JavaThread "jar transforms Thread 94" [_thread_blocked, id=3784, stack(0x000000c429000000,0x000000c429100000)]
  0x000002c20fc3c800 JavaThread "jar transforms Thread 95" [_thread_blocked, id=11404, stack(0x000000c429100000,0x000000c429200000)]
  0x000002c20fc36800 JavaThread "jar transforms Thread 96" [_thread_blocked, id=4988, stack(0x000000c429200000,0x000000c429300000)]
  0x000002c20fc3d000 JavaThread "jar transforms Thread 97" [_thread_blocked, id=11852, stack(0x000000c429300000,0x000000c429400000)]
  0x000002c20fc38800 JavaThread "jar transforms Thread 98" [_thread_blocked, id=12184, stack(0x000000c429400000,0x000000c429500000)]
  0x000002c20fc3a000 JavaThread "jar transforms Thread 99" [_thread_blocked, id=8200, stack(0x000000c429500000,0x000000c429600000)]
  0x000002c20fc37800 JavaThread "Memory manager" [_thread_blocked, id=4020, stack(0x000000c429600000,0x000000c429700000)]
  0x000002c20fc43000 JavaThread "build event listener" [_thread_blocked, id=13452, stack(0x000000c429700000,0x000000c429800000)]
  0x000002c20fc3f800 JavaThread "build event listener" [_thread_blocked, id=6660, stack(0x000000c429800000,0x000000c429900000)]
  0x000002c20fc40800 JavaThread "Execution worker for ':'" [_thread_blocked, id=9144, stack(0x000000c429900000,0x000000c429a00000)]
  0x000002c20fc3e000 JavaThread "Execution worker for ':' Thread 2" [_thread_blocked, id=13776, stack(0x000000c429a00000,0x000000c429b00000)]
  0x000002c20fc3f000 JavaThread "Execution worker for ':' Thread 3" [_thread_blocked, id=12784, stack(0x000000c429b00000,0x000000c429c00000)]
  0x000002c213900000 JavaThread "Execution worker for ':' Thread 4" [_thread_blocked, id=6116, stack(0x000000c429c00000,0x000000c429d00000)]
  0x000002c213901000 JavaThread "Execution worker for ':' Thread 5" [_thread_blocked, id=14016, stack(0x000000c429d00000,0x000000c429e00000)]
  0x000002c213902000 JavaThread "Execution worker for ':' Thread 6" [_thread_blocked, id=1164, stack(0x000000c429e00000,0x000000c429f00000)]
  0x000002c2138fe000 JavaThread "Execution worker for ':' Thread 7" [_thread_blocked, id=816, stack(0x000000c429f00000,0x000000c42a000000)]
  0x000002c2138ff800 JavaThread "Cache worker for execution history cache (D:\Du an truong\DuanPhonestore\.gradle\6.7.1\executionHistory)" [_thread_blocked, id=4100, stack(0x000000c42a000000,0x000000c42a100000)]
  0x000002c213902800 JavaThread "WorkerExecutor Queue" [_thread_blocked, id=6132, stack(0x000000c42a200000,0x000000c42a300000)]
  0x000002c2138fd000 JavaThread "WorkerExecutor Queue Thread 2" [_thread_blocked, id=9068, stack(0x000000c42a300000,0x000000c42a400000)]
  0x000002c213903800 JavaThread "WorkerExecutor Queue Thread 3" [_thread_blocked, id=8440, stack(0x000000c42a400000,0x000000c42a500000)]
  0x000002c213904800 JavaThread "pool-4-thread-1" [_thread_blocked, id=13756, stack(0x000000c42a500000,0x000000c42a600000)]
  0x000002c2138fe800 JavaThread "stderr" [_thread_in_native, id=10884, stack(0x000000c42a600000,0x000000c42a700000)]
  0x000002c213906000 JavaThread "stdout" [_thread_in_native, id=7136, stack(0x000000c42a700000,0x000000c42a800000)]

Other Threads:
  0x000002c27bdc7000 VMThread "VM Thread" [stack: 0x000000c420100000,0x000000c420200000] [id=5044]
  0x000002c27c8e2800 WatcherThread [stack: 0x000000c420b00000,0x000000c420c00000] [id=10448]
  0x000002c270988800 GCTaskThread "GC Thread#0" [stack: 0x000000c41fc00000,0x000000c41fd00000] [id=12504]
  0x000002c27d2b2800 GCTaskThread "GC Thread#1" [stack: 0x000000c420c00000,0x000000c420d00000] [id=13936]
  0x000002c27e1f2000 GCTaskThread "GC Thread#2" [stack: 0x000000c421400000,0x000000c421500000] [id=12452]
  0x000002c27e1f2800 GCTaskThread "GC Thread#3" [stack: 0x000000c421500000,0x000000c421600000] [id=4332]
  0x000002c27e1f3800 GCTaskThread "GC Thread#4" [stack: 0x000000c421600000,0x000000c421700000] [id=11672]
  0x000002c27e1f4000 GCTaskThread "GC Thread#5" [stack: 0x000000c421700000,0x000000c421800000] [id=14232]
  0x000002c27e1f4800 GCTaskThread "GC Thread#6" [stack: 0x000000c421800000,0x000000c421900000] [id=10276]
  0x000002c27e1f5800 GCTaskThread "GC Thread#7" [stack: 0x000000c421900000,0x000000c421a00000] [id=9620]
  0x000002c2709ba800 ConcurrentGCThread "G1 Main Marker" [stack: 0x000000c41fd00000,0x000000c41fe00000] [id=7896]
  0x000002c2709bb800 ConcurrentGCThread "G1 Conc#0" [stack: 0x000000c41fe00000,0x000000c41ff00000] [id=2536]
  0x000002c27cebb800 ConcurrentGCThread "G1 Conc#1" [stack: 0x000000c422200000,0x000000c422300000] [id=2204]
  0x000002c270a42000 ConcurrentGCThread "G1 Refine#0" [stack: 0x000000c41ff00000,0x000000c420000000] [id=11604]
  0x000002c27d4ec800 ConcurrentGCThread "G1 Refine#1" [stack: 0x000000c421a00000,0x000000c421b00000] [id=4808]
  0x000002c270a43000 ConcurrentGCThread "G1 Young RemSet Sampling" [stack: 0x000000c420000000,0x000000c420100000] [id=1064]

Threads with active compile tasks:
C2 CompilerThread0  36525 12127       4       org.gradle.internal.instantiation.generator.DependencyInjectingInstantiator::newInstance (8 bytes)
C1 CompilerThread0  36525 12166       2       com.google.common.collect.ImmutableSortedSet::construct (108 bytes)

VM state:not at safepoint (normal execution)

VM Mutex/Monitor currently owned by a thread:  ([mutex/lock_event])
[0x000002c27096c940] CodeCache_lock - owner thread: 0x000002c27bdf3000

Heap address: 0x0000000080000000, size: 2048 MB, Compressed Oops mode: 32-bit
Narrow klass base: 0x0000000000000000, Narrow klass shift: 3
Compressed class space size: 1073741824 Address: 0x0000000100000000

Heap:
 garbage-first heap   total 269312K, used 194190K [0x0000000080000000, 0x0000000100000000)
  region size 1024K, 118 young (120832K), 14 survivors (14336K)
 Metaspace       used 93055K, capacity 95320K, committed 95616K, reserved 1132544K
  class space    used 11845K, capacity 12618K, committed 12672K, reserved 1048576K
Heap Regions: E=young(eden), S=young(survivor), O=old, HS=humongous(starts), HC=humongous(continues), CS=collection set, F=free, A=archive, TAMS=top-at-mark-start (previous, next)
|   0|0x0000000080000000, 0x0000000080100000, 0x0000000080100000|100%| O|  |TAMS 0x0000000080100000, 0x0000000080000000| Untracked 
|   1|0x0000000080100000, 0x0000000080200000, 0x0000000080200000|100%| O|  |TAMS 0x0000000080200000, 0x0000000080100000| Untracked 
|   2|0x0000000080200000, 0x0000000080300000, 0x0000000080300000|100%| O|  |TAMS 0x0000000080300000, 0x0000000080200000| Untracked 
|   3|0x0000000080300000, 0x0000000080400000, 0x0000000080400000|100%|HS|  |TAMS 0x0000000080400000, 0x0000000080300000| Complete 
|   4|0x0000000080400000, 0x0000000080500000, 0x0000000080500000|100%|HC|  |TAMS 0x0000000080500000, 0x0000000080400000| Complete 
|   5|0x0000000080500000, 0x0000000080600000, 0x0000000080600000|100%|HC|  |TAMS 0x0000000080600000, 0x0000000080500000| Complete 
|   6|0x0000000080600000, 0x0000000080700000, 0x0000000080700000|100%| O|  |TAMS 0x0000000080700000, 0x0000000080600000| Untracked 
|   7|0x0000000080700000, 0x0000000080800000, 0x0000000080800000|100%| O|  |TAMS 0x0000000080800000, 0x0000000080700000| Untracked 
|   8|0x0000000080800000, 0x0000000080900000, 0x0000000080900000|100%| O|  |TAMS 0x0000000080900000, 0x0000000080800000| Untracked 
|   9|0x0000000080900000, 0x0000000080a00000, 0x0000000080a00000|100%| O|  |TAMS 0x0000000080a00000, 0x0000000080900000| Untracked 
|  10|0x0000000080a00000, 0x0000000080b00000, 0x0000000080b00000|100%| O|  |TAMS 0x0000000080b00000, 0x0000000080a00000| Untracked 
|  11|0x0000000080b00000, 0x0000000080c00000, 0x0000000080c00000|100%| O|  |TAMS 0x0000000080c00000, 0x0000000080b00000| Untracked 
|  12|0x0000000080c00000, 0x0000000080d00000, 0x0000000080d00000|100%| O|  |TAMS 0x0000000080d00000, 0x0000000080c00000| Untracked 
|  13|0x0000000080d00000, 0x0000000080e00000, 0x0000000080e00000|100%| O|  |TAMS 0x0000000080e00000, 0x0000000080d00000| Untracked 
|  14|0x0000000080e00000, 0x0000000080f00000, 0x0000000080f00000|100%| O|  |TAMS 0x0000000080f00000, 0x0000000080e00000| Untracked 
|  15|0x0000000080f00000, 0x0000000081000000, 0x0000000081000000|100%| O|  |TAMS 0x0000000081000000, 0x0000000080f00000| Untracked 
|  16|0x0000000081000000, 0x0000000081100000, 0x0000000081100000|100%| O|  |TAMS 0x0000000081100000, 0x0000000081000000| Untracked 
|  17|0x0000000081100000, 0x0000000081200000, 0x0000000081200000|100%| O|  |TAMS 0x0000000081200000, 0x0000000081100000| Untracked 
|  18|0x0000000081200000, 0x0000000081300000, 0x0000000081300000|100%| O|  |TAMS 0x0000000081300000, 0x0000000081200000| Untracked 
|  19|0x0000000081300000, 0x0000000081400000, 0x0000000081400000|100%| O|  |TAMS 0x0000000081400000, 0x0000000081300000| Untracked 
|  20|0x0000000081400000, 0x0000000081500000, 0x0000000081500000|100%|HS|  |TAMS 0x0000000081500000, 0x0000000081400000| Complete 
|  21|0x0000000081500000, 0x0000000081600000, 0x0000000081600000|100%| O|  |TAMS 0x0000000081600000, 0x0000000081500000| Untracked 
|  22|0x0000000081600000, 0x0000000081700000, 0x0000000081700000|100%| O|  |TAMS 0x0000000081700000, 0x0000000081600000| Untracked 
|  23|0x0000000081700000, 0x0000000081800000, 0x0000000081800000|100%| O|  |TAMS 0x0000000081800000, 0x0000000081700000| Untracked 
|  24|0x0000000081800000, 0x0000000081900000, 0x0000000081900000|100%|HS|  |TAMS 0x0000000081900000, 0x0000000081800000| Complete 
|  25|0x0000000081900000, 0x0000000081a00000, 0x0000000081a00000|100%|HC|  |TAMS 0x0000000081a00000, 0x0000000081900000| Complete 
|  26|0x0000000081a00000, 0x0000000081b00000, 0x0000000081b00000|100%| O|  |TAMS 0x0000000081b00000, 0x0000000081a00000| Untracked 
|  27|0x0000000081b00000, 0x0000000081c00000, 0x0000000081c00000|100%| O|  |TAMS 0x0000000081c00000, 0x0000000081b00000| Untracked 
|  28|0x0000000081c00000, 0x0000000081d00000, 0x0000000081d00000|100%| O|  |TAMS 0x0000000081d00000, 0x0000000081c00000| Untracked 
|  29|0x0000000081d00000, 0x0000000081e00000, 0x0000000081e00000|100%| O|  |TAMS 0x0000000081e00000, 0x0000000081d00000| Untracked 
|  30|0x0000000081e00000, 0x0000000081f00000, 0x0000000081f00000|100%| O|  |TAMS 0x0000000081f00000, 0x0000000081e00000| Untracked 
|  31|0x0000000081f00000, 0x0000000082000000, 0x0000000082000000|100%| O|  |TAMS 0x0000000082000000, 0x0000000081f00000| Untracked 
|  32|0x0000000082000000, 0x0000000082100000, 0x0000000082100000|100%| O|  |TAMS 0x0000000082100000, 0x0000000082000000| Untracked 
|  33|0x0000000082100000, 0x0000000082200000, 0x0000000082200000|100%| O|  |TAMS 0x0000000082200000, 0x0000000082100000| Untracked 
|  34|0x0000000082200000, 0x0000000082300000, 0x0000000082300000|100%| O|  |TAMS 0x0000000082300000, 0x0000000082200000| Untracked 
|  35|0x0000000082300000, 0x0000000082400000, 0x0000000082400000|100%| O|  |TAMS 0x0000000082400000, 0x0000000082300000| Untracked 
|  36|0x0000000082400000, 0x0000000082500000, 0x0000000082500000|100%| O|  |TAMS 0x0000000082500000, 0x0000000082400000| Untracked 
|  37|0x0000000082500000, 0x0000000082600000, 0x0000000082600000|100%| O|  |TAMS 0x0000000082600000, 0x0000000082500000| Untracked 
|  38|0x0000000082600000, 0x0000000082700000, 0x0000000082700000|100%| O|  |TAMS 0x0000000082700000, 0x0000000082600000| Untracked 
|  39|0x0000000082700000, 0x0000000082800000, 0x0000000082800000|100%| O|  |TAMS 0x0000000082800000, 0x0000000082700000| Untracked 
|  40|0x0000000082800000, 0x0000000082900000, 0x0000000082900000|100%| O|  |TAMS 0x0000000082900000, 0x0000000082800000| Untracked 
|  41|0x0000000082900000, 0x0000000082a00000, 0x0000000082a00000|100%| O|  |TAMS 0x0000000082a00000, 0x0000000082900000| Untracked 
|  42|0x0000000082a00000, 0x0000000082b00000, 0x0000000082b00000|100%| O|  |TAMS 0x0000000082b00000, 0x0000000082a00000| Untracked 
|  43|0x0000000082b00000, 0x0000000082c00000, 0x0000000082c00000|100%| O|  |TAMS 0x0000000082c00000, 0x0000000082b00000| Untracked 
|  44|0x0000000082c00000, 0x0000000082d00000, 0x0000000082d00000|100%| O|  |TAMS 0x0000000082d00000, 0x0000000082c00000| Untracked 
|  45|0x0000000082d00000, 0x0000000082e00000, 0x0000000082e00000|100%| O|  |TAMS 0x0000000082e00000, 0x0000000082d00000| Untracked 
|  46|0x0000000082e00000, 0x0000000082f00000, 0x0000000082f00000|100%| O|  |TAMS 0x0000000082f00000, 0x0000000082e00000| Untracked 
|  47|0x0000000082f00000, 0x0000000083000000, 0x0000000083000000|100%| O|  |TAMS 0x0000000083000000, 0x0000000082f00000| Untracked 
|  48|0x0000000083000000, 0x0000000083100000, 0x0000000083100000|100%| O|  |TAMS 0x0000000083100000, 0x0000000083000000| Untracked 
|  49|0x0000000083100000, 0x0000000083200000, 0x0000000083200000|100%| O|  |TAMS 0x0000000083200000, 0x0000000083100000| Untracked 
|  50|0x0000000083200000, 0x0000000083300000, 0x0000000083300000|100%| O|  |TAMS 0x0000000083300000, 0x0000000083200000| Untracked 
|  51|0x0000000083300000, 0x0000000083400000, 0x0000000083400000|100%| O|  |TAMS 0x0000000083400000, 0x0000000083300000| Untracked 
|  52|0x0000000083400000, 0x0000000083500000, 0x0000000083500000|100%| O|  |TAMS 0x0000000083500000, 0x0000000083400000| Untracked 
|  53|0x0000000083500000, 0x0000000083600000, 0x0000000083600000|100%| O|  |TAMS 0x0000000083600000, 0x0000000083500000| Untracked 
|  54|0x0000000083600000, 0x0000000083700000, 0x0000000083700000|100%| O|  |TAMS 0x0000000083700000, 0x0000000083600000| Untracked 
|  55|0x0000000083700000, 0x0000000083800000, 0x0000000083800000|100%| O|  |TAMS 0x0000000083800000, 0x0000000083700000| Untracked 
|  56|0x0000000083800000, 0x0000000083900000, 0x0000000083900000|100%| O|  |TAMS 0x0000000083900000, 0x0000000083800000| Untracked 
|  57|0x0000000083900000, 0x0000000083a00000, 0x0000000083a00000|100%| O|  |TAMS 0x0000000083a00000, 0x0000000083900000| Untracked 
|  58|0x0000000083a00000, 0x0000000083b00000, 0x0000000083b00000|100%| O|  |TAMS 0x0000000083b00000, 0x0000000083a00000| Untracked 
|  59|0x0000000083b00000, 0x0000000083c00000, 0x0000000083c00000|100%| O|  |TAMS 0x0000000083c00000, 0x0000000083b00000| Untracked 
|  60|0x0000000083c00000, 0x0000000083d00000, 0x0000000083d00000|100%| O|  |TAMS 0x0000000083d00000, 0x0000000083c00000| Untracked 
|  61|0x0000000083d00000, 0x0000000083e00000, 0x0000000083e00000|100%| O|  |TAMS 0x0000000083e00000, 0x0000000083d00000| Untracked 
|  62|0x0000000083e00000, 0x0000000083f00000, 0x0000000083f00000|100%| O|  |TAMS 0x0000000083f00000, 0x0000000083e00000| Untracked 
|  63|0x0000000083f00000, 0x0000000084000000, 0x0000000084000000|100%| O|  |TAMS 0x0000000084000000, 0x0000000083f00000| Untracked 
|  64|0x0000000084000000, 0x0000000084100000, 0x0000000084100000|100%| O|  |TAMS 0x0000000084100000, 0x0000000084000000| Untracked 
|  65|0x0000000084100000, 0x0000000084200000, 0x0000000084200000|100%| O|  |TAMS 0x0000000084200000, 0x0000000084100000| Untracked 
|  66|0x0000000084200000, 0x0000000084300000, 0x0000000084300000|100%| O|  |TAMS 0x0000000084300000, 0x0000000084200000| Untracked 
|  67|0x0000000084300000, 0x0000000084400000, 0x0000000084400000|100%| O|  |TAMS 0x0000000084400000, 0x0000000084300000| Untracked 
|  68|0x0000000084400000, 0x0000000084400000, 0x0000000084500000|  0%| F|  |TAMS 0x0000000084400000, 0x0000000084400000| Untracked 
|  69|0x0000000084500000, 0x0000000084600000, 0x0000000084600000|100%| O|  |TAMS 0x0000000084600000, 0x0000000084500000| Untracked 
|  70|0x0000000084600000, 0x00000000846a3800, 0x0000000084700000| 63%| O|  |TAMS 0x0000000084600000, 0x0000000084600000| Untracked 
|  71|0x0000000084700000, 0x0000000084700000, 0x0000000084800000|  0%| F|  |TAMS 0x0000000084700000, 0x0000000084700000| Untracked 
|  72|0x0000000084800000, 0x0000000084800000, 0x0000000084900000|  0%| F|  |TAMS 0x0000000084800000, 0x0000000084800000| Untracked 
|  73|0x0000000084900000, 0x0000000084900000, 0x0000000084a00000|  0%| F|  |TAMS 0x0000000084900000, 0x0000000084900000| Untracked 
|  74|0x0000000084a00000, 0x0000000084a00000, 0x0000000084b00000|  0%| F|  |TAMS 0x0000000084a00000, 0x0000000084a00000| Untracked 
|  75|0x0000000084b00000, 0x0000000084b00000, 0x0000000084c00000|  0%| F|  |TAMS 0x0000000084b00000, 0x0000000084b00000| Untracked 
|  76|0x0000000084c00000, 0x0000000084d00000, 0x0000000084d00000|100%| O|  |TAMS 0x0000000084d00000, 0x0000000084c00000| Untracked 
|  77|0x0000000084d00000, 0x0000000084d00000, 0x0000000084e00000|  0%| F|  |TAMS 0x0000000084d00000, 0x0000000084d00000| Untracked 
|  78|0x0000000084e00000, 0x0000000084e00000, 0x0000000084f00000|  0%| F|  |TAMS 0x0000000084e00000, 0x0000000084e00000| Untracked 
|  79|0x0000000084f00000, 0x0000000084f00000, 0x0000000085000000|  0%| F|  |TAMS 0x0000000084f00000, 0x0000000084f00000| Untracked 
|  80|0x0000000085000000, 0x0000000085000000, 0x0000000085100000|  0%| F|  |TAMS 0x0000000085000000, 0x0000000085000000| Untracked 
|  81|0x0000000085100000, 0x0000000085100000, 0x0000000085200000|  0%| F|  |TAMS 0x0000000085100000, 0x0000000085100000| Untracked 
|  82|0x0000000085200000, 0x0000000085200000, 0x0000000085300000|  0%| F|  |TAMS 0x0000000085200000, 0x0000000085200000| Untracked 
|  83|0x0000000085300000, 0x0000000085300000, 0x0000000085400000|  0%| F|  |TAMS 0x0000000085300000, 0x0000000085300000| Untracked 
|  84|0x0000000085400000, 0x0000000085400000, 0x0000000085500000|  0%| F|  |TAMS 0x0000000085400000, 0x0000000085400000| Untracked 
|  85|0x0000000085500000, 0x0000000085500000, 0x0000000085600000|  0%| F|  |TAMS 0x0000000085500000, 0x0000000085500000| Untracked 
|  86|0x0000000085600000, 0x0000000085600000, 0x0000000085700000|  0%| F|  |TAMS 0x0000000085600000, 0x0000000085600000| Untracked 
|  87|0x0000000085700000, 0x0000000085700000, 0x0000000085800000|  0%| F|  |TAMS 0x0000000085700000, 0x0000000085700000| Untracked 
|  88|0x0000000085800000, 0x0000000085800000, 0x0000000085900000|  0%| F|  |TAMS 0x0000000085800000, 0x0000000085800000| Untracked 
|  89|0x0000000085900000, 0x0000000085900000, 0x0000000085a00000|  0%| F|  |TAMS 0x0000000085900000, 0x0000000085900000| Untracked 
|  90|0x0000000085a00000, 0x0000000085a00000, 0x0000000085b00000|  0%| F|  |TAMS 0x0000000085a00000, 0x0000000085a00000| Untracked 
|  91|0x0000000085b00000, 0x0000000085b00000, 0x0000000085c00000|  0%| F|  |TAMS 0x0000000085b00000, 0x0000000085b00000| Untracked 
|  92|0x0000000085c00000, 0x0000000085d00000, 0x0000000085d00000|100%| O|  |TAMS 0x0000000085d00000, 0x0000000085c00000| Untracked 
|  93|0x0000000085d00000, 0x0000000085d00000, 0x0000000085e00000|  0%| F|  |TAMS 0x0000000085d00000, 0x0000000085d00000| Untracked 
|  94|0x0000000085e00000, 0x0000000085f00000, 0x0000000085f00000|100%| O|  |TAMS 0x0000000085e5c200, 0x0000000085e00000| Untracked 
|  95|0x0000000085f00000, 0x0000000085f00000, 0x0000000086000000|  0%| F|  |TAMS 0x0000000085f00000, 0x0000000085f00000| Untracked 
|  96|0x0000000086000000, 0x0000000086000000, 0x0000000086100000|  0%| F|  |TAMS 0x0000000086000000, 0x0000000086000000| Untracked 
|  97|0x0000000086100000, 0x0000000086100000, 0x0000000086200000|  0%| F|  |TAMS 0x0000000086100000, 0x0000000086100000| Untracked 
|  98|0x0000000086200000, 0x0000000086200000, 0x0000000086300000|  0%| F|  |TAMS 0x0000000086200000, 0x0000000086200000| Untracked 
|  99|0x0000000086300000, 0x0000000086300000, 0x0000000086400000|  0%| F|  |TAMS 0x0000000086300000, 0x0000000086300000| Untracked 
| 100|0x0000000086400000, 0x0000000086400000, 0x0000000086500000|  0%| F|  |TAMS 0x0000000086400000, 0x0000000086400000| Untracked 
| 101|0x0000000086500000, 0x0000000086500000, 0x0000000086600000|  0%| F|  |TAMS 0x0000000086500000, 0x0000000086500000| Untracked 
| 102|0x0000000086600000, 0x0000000086600000, 0x0000000086700000|  0%| F|  |TAMS 0x0000000086600000, 0x0000000086600000| Untracked 
| 103|0x0000000086700000, 0x0000000086700000, 0x0000000086800000|  0%| F|  |TAMS 0x0000000086700000, 0x0000000086700000| Untracked 
| 104|0x0000000086800000, 0x0000000086800000, 0x0000000086900000|  0%| F|  |TAMS 0x0000000086800000, 0x0000000086800000| Untracked 
| 105|0x0000000086900000, 0x0000000086900000, 0x0000000086a00000|  0%| F|  |TAMS 0x0000000086900000, 0x0000000086900000| Untracked 
| 106|0x0000000086a00000, 0x0000000086a00000, 0x0000000086b00000|  0%| F|  |TAMS 0x0000000086a00000, 0x0000000086a00000| Untracked 
| 107|0x0000000086b00000, 0x0000000086b00000, 0x0000000086c00000|  0%| F|  |TAMS 0x0000000086b00000, 0x0000000086b00000| Untracked 
| 108|0x0000000086c00000, 0x0000000086c00000, 0x0000000086d00000|  0%| F|  |TAMS 0x0000000086c00000, 0x0000000086c00000| Untracked 
| 109|0x0000000086d00000, 0x0000000086d00000, 0x0000000086e00000|  0%| F|  |TAMS 0x0000000086d00000, 0x0000000086d00000| Untracked 
| 110|0x0000000086e00000, 0x0000000086e00000, 0x0000000086f00000|  0%| F|  |TAMS 0x0000000086e00000, 0x0000000086e00000| Untracked 
| 111|0x0000000086f00000, 0x0000000086f00000, 0x0000000087000000|  0%| F|  |TAMS 0x0000000086f00000, 0x0000000086f00000| Untracked 
| 112|0x0000000087000000, 0x0000000087100000, 0x0000000087100000|100%| O|  |TAMS 0x0000000087100000, 0x0000000087000000| Untracked 
| 113|0x0000000087100000, 0x0000000087100000, 0x0000000087200000|  0%| F|  |TAMS 0x0000000087100000, 0x0000000087100000| Untracked 
| 114|0x0000000087200000, 0x0000000087200000, 0x0000000087300000|  0%| F|  |TAMS 0x0000000087200000, 0x0000000087200000| Untracked 
| 115|0x0000000087300000, 0x0000000087300000, 0x0000000087400000|  0%| F|  |TAMS 0x0000000087300000, 0x0000000087300000| Untracked 
| 116|0x0000000087400000, 0x0000000087400000, 0x0000000087500000|  0%| F|  |TAMS 0x0000000087400000, 0x0000000087400000| Untracked 
| 117|0x0000000087500000, 0x0000000087500000, 0x0000000087600000|  0%| F|  |TAMS 0x0000000087500000, 0x0000000087500000| Untracked 
| 118|0x0000000087600000, 0x0000000087600000, 0x0000000087700000|  0%| F|  |TAMS 0x0000000087600000, 0x0000000087600000| Untracked 
| 119|0x0000000087700000, 0x0000000087700000, 0x0000000087800000|  0%| F|  |TAMS 0x0000000087700000, 0x0000000087700000| Untracked 
| 120|0x0000000087800000, 0x0000000087800000, 0x0000000087900000|  0%| F|  |TAMS 0x0000000087800000, 0x0000000087800000| Untracked 
| 121|0x0000000087900000, 0x0000000087900000, 0x0000000087a00000|  0%| F|  |TAMS 0x0000000087900000, 0x0000000087900000| Untracked 
| 122|0x0000000087a00000, 0x0000000087a00000, 0x0000000087b00000|  0%| F|  |TAMS 0x0000000087a00000, 0x0000000087a00000| Untracked 
| 123|0x0000000087b00000, 0x0000000087b00000, 0x0000000087c00000|  0%| F|  |TAMS 0x0000000087b00000, 0x0000000087b00000| Untracked 
| 124|0x0000000087c00000, 0x0000000087c00000, 0x0000000087d00000|  0%| F|  |TAMS 0x0000000087c00000, 0x0000000087c00000| Untracked 
| 125|0x0000000087d00000, 0x0000000087d00000, 0x0000000087e00000|  0%| F|  |TAMS 0x0000000087d00000, 0x0000000087d00000| Untracked 
| 126|0x0000000087e00000, 0x0000000087e00000, 0x0000000087f00000|  0%| F|  |TAMS 0x0000000087e00000, 0x0000000087e00000| Untracked 
| 127|0x0000000087f00000, 0x0000000087f00000, 0x0000000088000000|  0%| F|  |TAMS 0x0000000087f00000, 0x0000000087f00000| Untracked 
| 128|0x0000000088000000, 0x0000000088000000, 0x0000000088100000|  0%| F|  |TAMS 0x0000000088000000, 0x0000000088000000| Untracked 
| 129|0x0000000088100000, 0x0000000088100000, 0x0000000088200000|  0%| F|  |TAMS 0x0000000088100000, 0x0000000088100000| Untracked 
| 130|0x0000000088200000, 0x0000000088200000, 0x0000000088300000|  0%| F|  |TAMS 0x0000000088200000, 0x0000000088200000| Untracked 
| 131|0x0000000088300000, 0x0000000088300000, 0x0000000088400000|  0%| F|  |TAMS 0x0000000088300000, 0x0000000088300000| Untracked 
| 132|0x0000000088400000, 0x0000000088400000, 0x0000000088500000|  0%| F|  |TAMS 0x0000000088400000, 0x0000000088400000| Untracked 
| 133|0x0000000088500000, 0x0000000088500000, 0x0000000088600000|  0%| F|  |TAMS 0x0000000088500000, 0x0000000088500000| Untracked 
| 134|0x0000000088600000, 0x0000000088600000, 0x0000000088700000|  0%| F|  |TAMS 0x0000000088600000, 0x0000000088600000| Untracked 
| 135|0x0000000088700000, 0x0000000088700000, 0x0000000088800000|  0%| F|  |TAMS 0x0000000088700000, 0x0000000088700000| Untracked 
| 136|0x0000000088800000, 0x0000000088800000, 0x0000000088900000|  0%| F|  |TAMS 0x0000000088800000, 0x0000000088800000| Untracked 
| 137|0x0000000088900000, 0x0000000088900000, 0x0000000088a00000|  0%| F|  |TAMS 0x0000000088900000, 0x0000000088900000| Untracked 
| 138|0x0000000088a00000, 0x0000000088a00000, 0x0000000088b00000|  0%| F|  |TAMS 0x0000000088a00000, 0x0000000088a00000| Untracked 
| 139|0x0000000088b00000, 0x0000000088b00000, 0x0000000088c00000|  0%| F|  |TAMS 0x0000000088b00000, 0x0000000088b00000| Untracked 
| 140|0x0000000088c00000, 0x0000000088c00000, 0x0000000088d00000|  0%| F|  |TAMS 0x0000000088c00000, 0x0000000088c00000| Untracked 
| 141|0x0000000088d00000, 0x0000000088d00000, 0x0000000088e00000|  0%| F|  |TAMS 0x0000000088d00000, 0x0000000088d00000| Untracked 
| 142|0x0000000088e00000, 0x0000000088e00000, 0x0000000088f00000|  0%| F|  |TAMS 0x0000000088e00000, 0x0000000088e00000| Untracked 
| 143|0x0000000088f00000, 0x0000000089000000, 0x0000000089000000|100%| S|CS|TAMS 0x0000000088f00000, 0x0000000088f00000| Complete 
| 144|0x0000000089000000, 0x0000000089100000, 0x0000000089100000|100%| S|CS|TAMS 0x0000000089000000, 0x0000000089000000| Complete 
| 145|0x0000000089100000, 0x0000000089200000, 0x0000000089200000|100%| S|CS|TAMS 0x0000000089100000, 0x0000000089100000| Complete 
| 146|0x0000000089200000, 0x0000000089300000, 0x0000000089300000|100%| S|CS|TAMS 0x0000000089200000, 0x0000000089200000| Complete 
| 147|0x0000000089300000, 0x0000000089400000, 0x0000000089400000|100%| S|CS|TAMS 0x0000000089300000, 0x0000000089300000| Complete 
| 148|0x0000000089400000, 0x0000000089500000, 0x0000000089500000|100%| S|CS|TAMS 0x0000000089400000, 0x0000000089400000| Complete 
| 149|0x0000000089500000, 0x0000000089600000, 0x0000000089600000|100%| S|CS|TAMS 0x0000000089500000, 0x0000000089500000| Complete 
| 150|0x0000000089600000, 0x0000000089700000, 0x0000000089700000|100%| S|CS|TAMS 0x0000000089600000, 0x0000000089600000| Complete 
| 151|0x0000000089700000, 0x0000000089800000, 0x0000000089800000|100%| S|CS|TAMS 0x0000000089700000, 0x0000000089700000| Complete 
| 152|0x0000000089800000, 0x0000000089900000, 0x0000000089900000|100%| S|CS|TAMS 0x0000000089800000, 0x0000000089800000| Complete 
| 153|0x0000000089900000, 0x0000000089a00000, 0x0000000089a00000|100%| S|CS|TAMS 0x0000000089900000, 0x0000000089900000| Complete 
| 154|0x0000000089a00000, 0x0000000089b00000, 0x0000000089b00000|100%| S|CS|TAMS 0x0000000089a00000, 0x0000000089a00000| Complete 
| 155|0x0000000089b00000, 0x0000000089c00000, 0x0000000089c00000|100%| S|CS|TAMS 0x0000000089b00000, 0x0000000089b00000| Complete 
| 156|0x0000000089c00000, 0x0000000089d00000, 0x0000000089d00000|100%| S|CS|TAMS 0x0000000089c00000, 0x0000000089c00000| Complete 
| 157|0x0000000089d00000, 0x0000000089d00000, 0x0000000089e00000|  0%| F|  |TAMS 0x0000000089d00000, 0x0000000089d00000| Untracked 
| 158|0x0000000089e00000, 0x0000000089e00000, 0x0000000089f00000|  0%| F|  |TAMS 0x0000000089e00000, 0x0000000089e00000| Untracked 
| 159|0x0000000089f00000, 0x000000008a000000, 0x000000008a000000|100%| E|  |TAMS 0x0000000089f00000, 0x0000000089f00000| Complete 
| 160|0x000000008a000000, 0x000000008a100000, 0x000000008a100000|100%| E|CS|TAMS 0x000000008a000000, 0x000000008a000000| Complete 
| 161|0x000000008a100000, 0x000000008a200000, 0x000000008a200000|100%| E|CS|TAMS 0x000000008a100000, 0x000000008a100000| Complete 
| 162|0x000000008a200000, 0x000000008a300000, 0x000000008a300000|100%| E|CS|TAMS 0x000000008a200000, 0x000000008a200000| Complete 
| 163|0x000000008a300000, 0x000000008a400000, 0x000000008a400000|100%| E|CS|TAMS 0x000000008a300000, 0x000000008a300000| Complete 
| 164|0x000000008a400000, 0x000000008a500000, 0x000000008a500000|100%| E|CS|TAMS 0x000000008a400000, 0x000000008a400000| Complete 
| 165|0x000000008a500000, 0x000000008a600000, 0x000000008a600000|100%| E|  |TAMS 0x000000008a500000, 0x000000008a500000| Complete 
| 166|0x000000008a600000, 0x000000008a700000, 0x000000008a700000|100%| E|CS|TAMS 0x000000008a600000, 0x000000008a600000| Complete 
| 167|0x000000008a700000, 0x000000008a800000, 0x000000008a800000|100%| E|CS|TAMS 0x000000008a700000, 0x000000008a700000| Complete 
| 168|0x000000008a800000, 0x000000008a900000, 0x000000008a900000|100%| E|CS|TAMS 0x000000008a800000, 0x000000008a800000| Complete 
| 169|0x000000008a900000, 0x000000008aa00000, 0x000000008aa00000|100%| E|CS|TAMS 0x000000008a900000, 0x000000008a900000| Complete 
| 170|0x000000008aa00000, 0x000000008ab00000, 0x000000008ab00000|100%| E|CS|TAMS 0x000000008aa00000, 0x000000008aa00000| Complete 
| 171|0x000000008ab00000, 0x000000008ac00000, 0x000000008ac00000|100%| E|CS|TAMS 0x000000008ab00000, 0x000000008ab00000| Complete 
| 172|0x000000008ac00000, 0x000000008ad00000, 0x000000008ad00000|100%| E|CS|TAMS 0x000000008ac00000, 0x000000008ac00000| Complete 
| 173|0x000000008ad00000, 0x000000008ae00000, 0x000000008ae00000|100%| E|CS|TAMS 0x000000008ad00000, 0x000000008ad00000| Complete 
| 174|0x000000008ae00000, 0x000000008af00000, 0x000000008af00000|100%| E|CS|TAMS 0x000000008ae00000, 0x000000008ae00000| Complete 
| 175|0x000000008af00000, 0x000000008b000000, 0x000000008b000000|100%| E|CS|TAMS 0x000000008af00000, 0x000000008af00000| Complete 
| 176|0x000000008b000000, 0x000000008b100000, 0x000000008b100000|100%| E|CS|TAMS 0x000000008b000000, 0x000000008b000000| Complete 
| 177|0x000000008b100000, 0x000000008b200000, 0x000000008b200000|100%| E|CS|TAMS 0x000000008b100000, 0x000000008b100000| Complete 
| 178|0x000000008b200000, 0x000000008b300000, 0x000000008b300000|100%| E|CS|TAMS 0x000000008b200000, 0x000000008b200000| Complete 
| 179|0x000000008b300000, 0x000000008b400000, 0x000000008b400000|100%| E|CS|TAMS 0x000000008b300000, 0x000000008b300000| Complete 
| 180|0x000000008b400000, 0x000000008b500000, 0x000000008b500000|100%| E|CS|TAMS 0x000000008b400000, 0x000000008b400000| Complete 
| 181|0x000000008b500000, 0x000000008b600000, 0x000000008b600000|100%| E|CS|TAMS 0x000000008b500000, 0x000000008b500000| Complete 
| 182|0x000000008b600000, 0x000000008b700000, 0x000000008b700000|100%| E|CS|TAMS 0x000000008b600000, 0x000000008b600000| Complete 
| 183|0x000000008b700000, 0x000000008b800000, 0x000000008b800000|100%| E|CS|TAMS 0x000000008b700000, 0x000000008b700000| Complete 
| 184|0x000000008b800000, 0x000000008b900000, 0x000000008b900000|100%| E|CS|TAMS 0x000000008b800000, 0x000000008b800000| Complete 
| 185|0x000000008b900000, 0x000000008ba00000, 0x000000008ba00000|100%| E|CS|TAMS 0x000000008b900000, 0x000000008b900000| Complete 
| 186|0x000000008ba00000, 0x000000008bb00000, 0x000000008bb00000|100%| E|CS|TAMS 0x000000008ba00000, 0x000000008ba00000| Complete 
| 187|0x000000008bb00000, 0x000000008bc00000, 0x000000008bc00000|100%| E|CS|TAMS 0x000000008bb00000, 0x000000008bb00000| Complete 
| 188|0x000000008bc00000, 0x000000008bd00000, 0x000000008bd00000|100%| E|CS|TAMS 0x000000008bc00000, 0x000000008bc00000| Complete 
| 189|0x000000008bd00000, 0x000000008be00000, 0x000000008be00000|100%| E|CS|TAMS 0x000000008bd00000, 0x000000008bd00000| Complete 
| 190|0x000000008be00000, 0x000000008bf00000, 0x000000008bf00000|100%| E|CS|TAMS 0x000000008be00000, 0x000000008be00000| Complete 
| 191|0x000000008bf00000, 0x000000008c000000, 0x000000008c000000|100%| E|CS|TAMS 0x000000008bf00000, 0x000000008bf00000| Complete 
| 192|0x000000008c000000, 0x000000008c100000, 0x000000008c100000|100%| E|CS|TAMS 0x000000008c000000, 0x000000008c000000| Complete 
| 193|0x000000008c100000, 0x000000008c200000, 0x000000008c200000|100%| E|CS|TAMS 0x000000008c100000, 0x000000008c100000| Complete 
| 194|0x000000008c200000, 0x000000008c300000, 0x000000008c300000|100%| E|CS|TAMS 0x000000008c200000, 0x000000008c200000| Complete 
| 195|0x000000008c300000, 0x000000008c400000, 0x000000008c400000|100%| E|CS|TAMS 0x000000008c300000, 0x000000008c300000| Complete 
| 196|0x000000008c400000, 0x000000008c500000, 0x000000008c500000|100%| E|CS|TAMS 0x000000008c400000, 0x000000008c400000| Complete 
| 197|0x000000008c500000, 0x000000008c600000, 0x000000008c600000|100%| E|CS|TAMS 0x000000008c500000, 0x000000008c500000| Complete 
| 198|0x000000008c600000, 0x000000008c700000, 0x000000008c700000|100%| E|CS|TAMS 0x000000008c600000, 0x000000008c600000| Complete 
| 199|0x000000008c700000, 0x000000008c800000, 0x000000008c800000|100%| E|CS|TAMS 0x000000008c700000, 0x000000008c700000| Complete 
| 200|0x000000008c800000, 0x000000008c900000, 0x000000008c900000|100%| E|CS|TAMS 0x000000008c800000, 0x000000008c800000| Complete 
| 201|0x000000008c900000, 0x000000008ca00000, 0x000000008ca00000|100%| E|CS|TAMS 0x000000008c900000, 0x000000008c900000| Complete 
| 202|0x000000008ca00000, 0x000000008cb00000, 0x000000008cb00000|100%| E|CS|TAMS 0x000000008ca00000, 0x000000008ca00000| Complete 
| 203|0x000000008cb00000, 0x000000008cc00000, 0x000000008cc00000|100%| E|CS|TAMS 0x000000008cb00000, 0x000000008cb00000| Complete 
| 204|0x000000008cc00000, 0x000000008cd00000, 0x000000008cd00000|100%| E|CS|TAMS 0x000000008cc00000, 0x000000008cc00000| Complete 
| 205|0x000000008cd00000, 0x000000008ce00000, 0x000000008ce00000|100%| E|CS|TAMS 0x000000008cd00000, 0x000000008cd00000| Complete 
| 206|0x000000008ce00000, 0x000000008cf00000, 0x000000008cf00000|100%| E|CS|TAMS 0x000000008ce00000, 0x000000008ce00000| Complete 
| 207|0x000000008cf00000, 0x000000008d000000, 0x000000008d000000|100%| E|CS|TAMS 0x000000008cf00000, 0x000000008cf00000| Complete 
| 208|0x000000008d000000, 0x000000008d100000, 0x000000008d100000|100%| E|CS|TAMS 0x000000008d000000, 0x000000008d000000| Complete 
| 209|0x000000008d100000, 0x000000008d200000, 0x000000008d200000|100%| E|CS|TAMS 0x000000008d100000, 0x000000008d100000| Complete 
| 210|0x000000008d200000, 0x000000008d300000, 0x000000008d300000|100%| E|CS|TAMS 0x000000008d200000, 0x000000008d200000| Complete 
| 211|0x000000008d300000, 0x000000008d400000, 0x000000008d400000|100%| E|CS|TAMS 0x000000008d300000, 0x000000008d300000| Complete 
| 212|0x000000008d400000, 0x000000008d500000, 0x000000008d500000|100%| E|CS|TAMS 0x000000008d400000, 0x000000008d400000| Complete 
| 213|0x000000008d500000, 0x000000008d600000, 0x000000008d600000|100%| E|CS|TAMS 0x000000008d500000, 0x000000008d500000| Complete 
| 214|0x000000008d600000, 0x000000008d700000, 0x000000008d700000|100%| E|CS|TAMS 0x000000008d600000, 0x000000008d600000| Complete 
| 215|0x000000008d700000, 0x000000008d800000, 0x000000008d800000|100%| E|CS|TAMS 0x000000008d700000, 0x000000008d700000| Complete 
| 216|0x000000008d800000, 0x000000008d900000, 0x000000008d900000|100%| E|CS|TAMS 0x000000008d800000, 0x000000008d800000| Complete 
| 217|0x000000008d900000, 0x000000008da00000, 0x000000008da00000|100%| E|CS|TAMS 0x000000008d900000, 0x000000008d900000| Complete 
| 218|0x000000008da00000, 0x000000008db00000, 0x000000008db00000|100%| E|CS|TAMS 0x000000008da00000, 0x000000008da00000| Complete 
| 219|0x000000008db00000, 0x000000008dc00000, 0x000000008dc00000|100%| E|CS|TAMS 0x000000008db00000, 0x000000008db00000| Complete 
| 220|0x000000008dc00000, 0x000000008dd00000, 0x000000008dd00000|100%| E|CS|TAMS 0x000000008dc00000, 0x000000008dc00000| Complete 
| 221|0x000000008dd00000, 0x000000008de00000, 0x000000008de00000|100%| E|CS|TAMS 0x000000008dd00000, 0x000000008dd00000| Complete 
| 222|0x000000008de00000, 0x000000008df00000, 0x000000008df00000|100%| E|CS|TAMS 0x000000008de00000, 0x000000008de00000| Complete 
| 223|0x000000008df00000, 0x000000008e000000, 0x000000008e000000|100%| E|CS|TAMS 0x000000008df00000, 0x000000008df00000| Complete 
| 224|0x000000008e000000, 0x000000008e100000, 0x000000008e100000|100%| E|CS|TAMS 0x000000008e000000, 0x000000008e000000| Complete 
| 225|0x000000008e100000, 0x000000008e200000, 0x000000008e200000|100%| E|CS|TAMS 0x000000008e100000, 0x000000008e100000| Complete 
| 226|0x000000008e200000, 0x000000008e300000, 0x000000008e300000|100%| E|CS|TAMS 0x000000008e200000, 0x000000008e200000| Complete 
| 227|0x000000008e300000, 0x000000008e400000, 0x000000008e400000|100%| E|CS|TAMS 0x000000008e300000, 0x000000008e300000| Complete 
| 228|0x000000008e400000, 0x000000008e500000, 0x000000008e500000|100%| E|CS|TAMS 0x000000008e400000, 0x000000008e400000| Complete 
| 229|0x000000008e500000, 0x000000008e600000, 0x000000008e600000|100%| E|CS|TAMS 0x000000008e500000, 0x000000008e500000| Complete 
| 230|0x000000008e600000, 0x000000008e700000, 0x000000008e700000|100%| E|CS|TAMS 0x000000008e600000, 0x000000008e600000| Complete 
| 231|0x000000008e700000, 0x000000008e800000, 0x000000008e800000|100%| E|CS|TAMS 0x000000008e700000, 0x000000008e700000| Complete 
| 232|0x000000008e800000, 0x000000008e900000, 0x000000008e900000|100%| E|CS|TAMS 0x000000008e800000, 0x000000008e800000| Complete 
| 233|0x000000008e900000, 0x000000008ea00000, 0x000000008ea00000|100%| E|CS|TAMS 0x000000008e900000, 0x000000008e900000| Complete 
| 234|0x000000008ea00000, 0x000000008eb00000, 0x000000008eb00000|100%| E|CS|TAMS 0x000000008ea00000, 0x000000008ea00000| Complete 
| 235|0x000000008eb00000, 0x000000008ec00000, 0x000000008ec00000|100%| E|CS|TAMS 0x000000008eb00000, 0x000000008eb00000| Complete 
| 236|0x000000008ec00000, 0x000000008ed00000, 0x000000008ed00000|100%| E|CS|TAMS 0x000000008ec00000, 0x000000008ec00000| Complete 
| 237|0x000000008ed00000, 0x000000008ee00000, 0x000000008ee00000|100%| E|CS|TAMS 0x000000008ed00000, 0x000000008ed00000| Complete 
| 238|0x000000008ee00000, 0x000000008ef00000, 0x000000008ef00000|100%| E|CS|TAMS 0x000000008ee00000, 0x000000008ee00000| Complete 
| 239|0x000000008ef00000, 0x000000008f000000, 0x000000008f000000|100%| E|CS|TAMS 0x000000008ef00000, 0x000000008ef00000| Complete 
| 240|0x000000008f000000, 0x000000008f100000, 0x000000008f100000|100%| E|CS|TAMS 0x000000008f000000, 0x000000008f000000| Complete 
| 241|0x000000008f100000, 0x000000008f200000, 0x000000008f200000|100%| E|CS|TAMS 0x000000008f100000, 0x000000008f100000| Complete 
| 242|0x000000008f200000, 0x000000008f300000, 0x000000008f300000|100%| E|CS|TAMS 0x000000008f200000, 0x000000008f200000| Complete 
| 243|0x000000008f300000, 0x000000008f400000, 0x000000008f400000|100%| E|CS|TAMS 0x000000008f300000, 0x000000008f300000| Complete 
| 244|0x000000008f400000, 0x000000008f500000, 0x000000008f500000|100%| E|CS|TAMS 0x000000008f400000, 0x000000008f400000| Complete 
| 245|0x000000008f500000, 0x000000008f600000, 0x000000008f600000|100%| E|CS|TAMS 0x000000008f500000, 0x000000008f500000| Complete 
| 246|0x000000008f600000, 0x000000008f700000, 0x000000008f700000|100%| E|CS|TAMS 0x000000008f600000, 0x000000008f600000| Complete 
| 247|0x000000008f700000, 0x000000008f800000, 0x000000008f800000|100%| E|CS|TAMS 0x000000008f700000, 0x000000008f700000| Complete 
| 248|0x000000008f800000, 0x000000008f900000, 0x000000008f900000|100%| E|CS|TAMS 0x000000008f800000, 0x000000008f800000| Complete 
| 249|0x000000008f900000, 0x000000008fa00000, 0x000000008fa00000|100%| E|CS|TAMS 0x000000008f900000, 0x000000008f900000| Complete 
| 250|0x000000008fa00000, 0x000000008fb00000, 0x000000008fb00000|100%| E|CS|TAMS 0x000000008fa00000, 0x000000008fa00000| Complete 
| 251|0x000000008fb00000, 0x000000008fc00000, 0x000000008fc00000|100%| E|CS|TAMS 0x000000008fb00000, 0x000000008fb00000| Complete 
| 252|0x000000008fc00000, 0x000000008fd00000, 0x000000008fd00000|100%| E|CS|TAMS 0x000000008fc00000, 0x000000008fc00000| Complete 
| 253|0x000000008fd00000, 0x000000008fe00000, 0x000000008fe00000|100%| E|CS|TAMS 0x000000008fd00000, 0x000000008fd00000| Complete 
| 254|0x000000008fe00000, 0x000000008ff00000, 0x000000008ff00000|100%| E|CS|TAMS 0x000000008fe00000, 0x000000008fe00000| Complete 
| 255|0x000000008ff00000, 0x0000000090000000, 0x0000000090000000|100%| E|CS|TAMS 0x000000008ff00000, 0x000000008ff00000| Complete 
| 256|0x0000000090000000, 0x0000000090100000, 0x0000000090100000|100%| E|CS|TAMS 0x0000000090000000, 0x0000000090000000| Complete 
| 257|0x0000000090100000, 0x0000000090200000, 0x0000000090200000|100%| E|CS|TAMS 0x0000000090100000, 0x0000000090100000| Complete 
| 258|0x0000000090200000, 0x0000000090300000, 0x0000000090300000|100%| E|CS|TAMS 0x0000000090200000, 0x0000000090200000| Complete 
| 259|0x0000000090300000, 0x0000000090400000, 0x0000000090400000|100%| E|CS|TAMS 0x0000000090300000, 0x0000000090300000| Complete 
| 260|0x0000000090400000, 0x0000000090500000, 0x0000000090500000|100%| E|CS|TAMS 0x0000000090400000, 0x0000000090400000| Complete 
| 261|0x0000000090500000, 0x0000000090600000, 0x0000000090600000|100%| E|CS|TAMS 0x0000000090500000, 0x0000000090500000| Complete 
| 262|0x0000000090600000, 0x0000000090700000, 0x0000000090700000|100%| E|CS|TAMS 0x0000000090600000, 0x0000000090600000| Complete 

Card table byte_map: [0x000002c274ba0000,0x000002c274fa0000] _byte_map_base: 0x000002c2747a0000

Marking Bits (Prev, Next): (CMBitMap*) 0x000002c2709b1748, (CMBitMap*) 0x000002c2709b1780
 Prev Bits: [0x000002c2753a0000, 0x000002c2773a0000)
 Next Bits: [0x000002c2773a0000, 0x000002c2793a0000)

Polling page: 0x000002c26e930000

Metaspace:

Usage:
  Non-class:     80.76 MB capacity,    79.32 MB ( 98%) used,     1.22 MB (  2%) free+waste,   229.56 KB ( <1%) overhead. 
      Class:     12.32 MB capacity,    11.57 MB ( 94%) used,   670.80 KB (  5%) free+waste,   102.00 KB ( <1%) overhead. 
       Both:     93.09 MB capacity,    90.89 MB ( 98%) used,     1.87 MB (  2%) free+waste,   331.56 KB ( <1%) overhead. 

Virtual space:
  Non-class space:       82.00 MB reserved,      81.00 MB ( 99%) committed 
      Class space:        1.00 GB reserved,      12.38 MB (  1%) committed 
             Both:        1.08 GB reserved,      93.38 MB (  8%) committed 

Chunk freelists:
   Non-Class:  50.00 KB
       Class:  22.00 KB
        Both:  72.00 KB

MaxMetaspaceSize: 17179869184.00 GB
CompressedClassSpaceSize: 1.00 GB

CodeHeap 'non-profiled nmethods': size=120000Kb used=5607Kb max_used=5607Kb free=114392Kb
 bounds [0x000002c207ad0000, 0x000002c208050000, 0x000002c20f000000]
CodeHeap 'profiled nmethods': size=120000Kb used=24384Kb max_used=24384Kb free=95615Kb
 bounds [0x000002c2005a0000, 0x000002c201d80000, 0x000002c207ad0000]
CodeHeap 'non-nmethods': size=5760Kb used=2295Kb max_used=2333Kb free=3465Kb
 bounds [0x000002c200000000, 0x000002c200270000, 0x000002c2005a0000]
 total_blobs=12707 nmethods=11805 adapters=813
 compilation: enabled
              stopped_count=0, restarted_count=0
 full_count=0

Compilation events (20 events):
Event: 36.415 Thread 0x000002c27bdf3000 12140       3       java.util.ArrayList$ArrayListSpliterator::forEachRemaining (127 bytes)
Event: 36.416 Thread 0x000002c27bdf3000 nmethod 12140 0x000002c201d62c90 code [0x000002c201d62ea0, 0x000002c201d63488]
Event: 36.418 Thread 0x000002c27bdec800 nmethod 12130 0x000002c208048490 code [0x000002c208048680, 0x000002c208048b38]
Event: 36.418 Thread 0x000002c27bdec800 12127       4       org.gradle.internal.instantiation.generator.DependencyInjectingInstantiator::newInstance (8 bytes)
Event: 36.445 Thread 0x000002c27bdf3000 12148       2       org.gradle.api.internal.artifacts.ivyservice.resolveengine.artifact.ArtifactBackedResolvedVariant$DownloadArtifactFile::description (50 bytes)
Event: 36.446 Thread 0x000002c27bdf3000 nmethod 12148 0x000002c201d63710 code [0x000002c201d63940, 0x000002c201d63fb8]
Event: 36.446 Thread 0x000002c27bdf3000 12150       2       org.gradle.api.internal.artifacts.ivyservice.ivyresolve.RepositoryChainArtifactResolver::findSourceRepository (48 bytes)
Event: 36.446 Thread 0x000002c27bdf3000 nmethod 12150 0x000002c201d64210 code [0x000002c201d64420, 0x000002c201d64798]
Event: 36.446 Thread 0x000002c27bdf3000 12149       2       org.gradle.api.internal.artifacts.DefaultResolvedArtifact::toString (10 bytes)
Event: 36.446 Thread 0x000002c27bdf3000 nmethod 12149 0x000002c201d64990 code [0x000002c201d64b40, 0x000002c201d64c68]
Event: 36.455 Thread 0x000002c27bdf3000 12153       2       org.gradle.internal.component.external.model.DefaultModuleComponentArtifactMetadata::toArtifactIdentifier (12 bytes)
Event: 36.455 Thread 0x000002c27bdf3000 nmethod 12153 0x000002c201d64d10 code [0x000002c201d64ec0, 0x000002c201d65048]
Event: 36.455 Thread 0x000002c27bdf3000 12154       2       org.gradle.api.internal.artifacts.DefaultArtifactIdentifier::<init> (48 bytes)
Event: 36.456 Thread 0x000002c27bdf3000 nmethod 12154 0x000002c201d65110 code [0x000002c201d65300, 0x000002c201d65868]
Event: 36.462 Thread 0x000002c27bdf3000 12155       2       org.gradle.internal.fingerprint.impl.NameOnlyFingerprintingStrategy::collectFingerprints (67 bytes)
Event: 36.463 Thread 0x000002c27bdf3000 nmethod 12155 0x000002c201d65b10 code [0x000002c201d65d40, 0x000002c201d66418]
Event: 36.463 Thread 0x000002c27bdf3000 12156       2       org.gradle.internal.fingerprint.impl.NameOnlyFingerprintingStrategy$1::visitFile (42 bytes)
Event: 36.464 Thread 0x000002c27bdf3000 nmethod 12156 0x000002c201d66690 code [0x000002c201d668a0, 0x000002c201d66c88]
Event: 36.464 Thread 0x000002c27bdf3000 12157       2       org.gradle.internal.fingerprint.impl.NameOnlyFingerprintingStrategy::getHashingStrategy (4 bytes)
Event: 36.464 Thread 0x000002c27bdf3000 nmethod 12157 0x000002c201d66e90 code [0x000002c201d67040, 0x000002c201d67138]

GC Heap History (20 events):
Event: 24.433 GC heap before
{Heap before GC invocations=48 (full 0):
 garbage-first heap   total 118784K, used 97075K [0x0000000080000000, 0x0000000100000000)
  region size 1024K, 10 young (10240K), 2 survivors (2048K)
 Metaspace       used 83924K, capacity 86007K, committed 86144K, reserved 1124352K
  class space    used 10861K, capacity 11607K, committed 11648K, reserved 1048576K
}
Event: 24.435 GC heap after
{Heap after GC invocations=49 (full 0):
 garbage-first heap   total 118784K, used 89802K [0x0000000080000000, 0x0000000100000000)
  region size 1024K, 2 young (2048K), 2 survivors (2048K)
 Metaspace       used 83924K, capacity 86007K, committed 86144K, reserved 1124352K
  class space    used 10861K, capacity 11607K, committed 11648K, reserved 1048576K
}
Event: 24.522 GC heap before
{Heap before GC invocations=50 (full 0):
 garbage-first heap   total 118784K, used 99018K [0x0000000080000000, 0x0000000100000000)
  region size 1024K, 11 young (11264K), 2 survivors (2048K)
 Metaspace       used 83976K, capacity 86011K, committed 86144K, reserved 1124352K
  class space    used 10865K, capacity 11608K, committed 11648K, reserved 1048576K
}
Event: 24.523 GC heap after
{Heap after GC invocations=51 (full 0):
 garbage-first heap   total 118784K, used 90339K [0x0000000080000000, 0x0000000100000000)
  region size 1024K, 2 young (2048K), 2 survivors (2048K)
 Metaspace       used 83976K, capacity 86011K, committed 86144K, reserved 1124352K
  class space    used 10865K, capacity 11608K, committed 11648K, reserved 1048576K
}
Event: 24.633 GC heap before
{Heap before GC invocations=51 (full 0):
 garbage-first heap   total 118784K, used 98531K [0x0000000080000000, 0x0000000100000000)
  region size 1024K, 10 young (10240K), 2 survivors (2048K)
 Metaspace       used 84036K, capacity 86075K, committed 86144K, reserved 1124352K
  class space    used 10865K, capacity 11608K, committed 11648K, reserved 1048576K
}
Event: 24.640 GC heap after
{Heap after GC invocations=52 (full 0):
 garbage-first heap   total 148480K, used 95604K [0x0000000080000000, 0x0000000100000000)
  region size 1024K, 2 young (2048K), 2 survivors (2048K)
 Metaspace       used 84036K, capacity 86075K, committed 86144K, reserved 1124352K
  class space    used 10865K, capacity 11608K, committed 11648K, reserved 1048576K
}
Event: 24.980 GC heap before
{Heap before GC invocations=53 (full 0):
 garbage-first heap   total 148480K, used 129396K [0x0000000080000000, 0x0000000100000000)
  region size 1024K, 19 young (19456K), 2 survivors (2048K)
 Metaspace       used 85499K, capacity 87553K, committed 87808K, reserved 1126400K
  class space    used 11010K, capacity 11751K, committed 11776K, reserved 1048576K
}
Event: 24.990 GC heap after
{Heap after GC invocations=54 (full 0):
 garbage-first heap   total 148480K, used 98816K [0x0000000080000000, 0x0000000100000000)
  region size 1024K, 3 young (3072K), 3 survivors (3072K)
 Metaspace       used 85499K, capacity 87553K, committed 87808K, reserved 1126400K
  class space    used 11010K, capacity 11751K, committed 11776K, reserved 1048576K
}
Event: 25.100 GC heap before
{Heap before GC invocations=54 (full 0):
 garbage-first heap   total 148480K, used 103936K [0x0000000080000000, 0x0000000100000000)
  region size 1024K, 10 young (10240K), 3 survivors (3072K)
 Metaspace       used 85805K, capacity 87862K, committed 88064K, reserved 1126400K
  class space    used 11040K, capacity 11762K, committed 11776K, reserved 1048576K
}
Event: 25.104 GC heap after
{Heap after GC invocations=55 (full 0):
 garbage-first heap   total 148480K, used 99674K [0x0000000080000000, 0x0000000100000000)
  region size 1024K, 1 young (1024K), 1 survivors (1024K)
 Metaspace       used 85805K, capacity 87862K, committed 88064K, reserved 1126400K
  class space    used 11040K, capacity 11762K, committed 11776K, reserved 1048576K
}
Event: 25.449 GC heap before
{Heap before GC invocations=56 (full 0):
 garbage-first heap   total 148480K, used 104794K [0x0000000080000000, 0x0000000100000000)
  region size 1024K, 17 young (17408K), 1 survivors (1024K)
 Metaspace       used 86517K, capacity 88502K, committed 88704K, reserved 1126400K
  class space    used 11119K, capacity 11839K, committed 11904K, reserved 1048576K
}
Event: 25.452 GC heap after
{Heap after GC invocations=57 (full 0):
 garbage-first heap   total 148480K, used 88342K [0x0000000080000000, 0x0000000100000000)
  region size 1024K, 1 young (1024K), 1 survivors (1024K)
 Metaspace       used 86517K, capacity 88502K, committed 88704K, reserved 1126400K
  class space    used 11119K, capacity 11839K, committed 11904K, reserved 1048576K
}
Event: 25.538 GC heap before
{Heap before GC invocations=57 (full 0):
 garbage-first heap   total 148480K, used 94486K [0x0000000080000000, 0x0000000100000000)
  region size 1024K, 7 young (7168K), 1 survivors (1024K)
 Metaspace       used 86580K, capacity 88631K, committed 88704K, reserved 1126400K
  class space    used 11120K, capacity 11839K, committed 11904K, reserved 1048576K
}
Event: 25.543 GC heap after
{Heap after GC invocations=58 (full 0):
 garbage-first heap   total 269312K, used 75466K [0x0000000080000000, 0x0000000100000000)
  region size 1024K, 1 young (1024K), 1 survivors (1024K)
 Metaspace       used 86580K, capacity 88631K, committed 88704K, reserved 1126400K
  class space    used 11120K, capacity 11839K, committed 11904K, reserved 1048576K
}
Event: 26.795 GC heap before
{Heap before GC invocations=58 (full 0):
 garbage-first heap   total 269312K, used 150218K [0x0000000080000000, 0x0000000100000000)
  region size 1024K, 74 young (75776K), 1 survivors (1024K)
 Metaspace       used 90534K, capacity 92659K, committed 92800K, reserved 1130496K
  class space    used 11604K, capacity 12367K, committed 12416K, reserved 1048576K
}
Event: 26.801 GC heap after
{Heap after GC invocations=59 (full 0):
 garbage-first heap   total 269312K, used 78830K [0x0000000080000000, 0x0000000100000000)
  region size 1024K, 4 young (4096K), 4 survivors (4096K)
 Metaspace       used 90534K, capacity 92659K, committed 92800K, reserved 1130496K
  class space    used 11604K, capacity 12367K, committed 12416K, reserved 1048576K
}
Event: 27.796 GC heap before
{Heap before GC invocations=59 (full 0):
 garbage-first heap   total 269312K, used 174062K [0x0000000080000000, 0x0000000100000000)
  region size 1024K, 98 young (100352K), 4 survivors (4096K)
 Metaspace       used 90809K, capacity 92971K, committed 93056K, reserved 1130496K
  class space    used 11637K, capacity 12383K, committed 12416K, reserved 1048576K
}
Event: 27.805 GC heap after
{Heap after GC invocations=60 (full 0):
 garbage-first heap   total 269312K, used 82614K [0x0000000080000000, 0x0000000100000000)
  region size 1024K, 8 young (8192K), 8 survivors (8192K)
 Metaspace       used 90809K, capacity 92971K, committed 93056K, reserved 1130496K
  class space    used 11637K, capacity 12383K, committed 12416K, reserved 1048576K
}
Event: 35.717 GC heap before
{Heap before GC invocations=60 (full 0):
 garbage-first heap   total 269312K, used 181942K [0x0000000080000000, 0x0000000100000000)
  region size 1024K, 106 young (108544K), 8 survivors (8192K)
 Metaspace       used 92241K, capacity 94312K, committed 94464K, reserved 1130496K
  class space    used 11773K, capacity 12517K, committed 12544K, reserved 1048576K
}
Event: 35.731 GC heap after
{Heap after GC invocations=61 (full 0):
 garbage-first heap   total 269312K, used 89742K [0x0000000080000000, 0x0000000100000000)
  region size 1024K, 14 young (14336K), 14 survivors (14336K)
 Metaspace       used 92241K, capacity 94312K, committed 94464K, reserved 1130496K
  class space    used 11773K, capacity 12517K, committed 12544K, reserved 1048576K
}

Deoptimization events (20 events):
Event: 36.430 Thread 0x000002c27e5f4800 Uncommon trap: trap_request=0xffffffde fr.pc=0x000002c207f983d4 relative=0x0000000000002114
Event: 36.430 Thread 0x000002c27e5f4800 Uncommon trap: reason=class_check action=maybe_recompile pc=0x000002c207f983d4 method=com.google.common.cache.LocalCache$Segment.get(Ljava/lang/Object;I)Ljava/lang/Object; @ 49 c2
Event: 36.430 Thread 0x000002c27e5f4800 DEOPT PACKING pc=0x000002c207f983d4 sp=0x000000c4233fe4a0
Event: 36.430 Thread 0x000002c27e5f4800 DEOPT UNPACKING pc=0x000002c2000278af sp=0x000000c4233fe3f0 mode 2
Event: 36.430 Thread 0x000002c27c8d8000 Uncommon trap: trap_request=0xffffffde fr.pc=0x000002c207f983d4 relative=0x0000000000002114
Event: 36.430 Thread 0x000002c27c8d8000 Uncommon trap: reason=class_check action=maybe_recompile pc=0x000002c207f983d4 method=com.google.common.cache.LocalCache$Segment.get(Ljava/lang/Object;I)Ljava/lang/Object; @ 49 c2
Event: 36.430 Thread 0x000002c27c8d8000 DEOPT PACKING pc=0x000002c207f983d4 sp=0x000000c421cf7d70
Event: 36.430 Thread 0x000002c27c8d8000 DEOPT UNPACKING pc=0x000002c2000278af sp=0x000000c421cf7cc0 mode 2
Event: 36.430 Thread 0x000002c27e5f4800 Uncommon trap: trap_request=0xffffffde fr.pc=0x000002c207f983d4 relative=0x0000000000002114
Event: 36.430 Thread 0x000002c27e5f4800 Uncommon trap: reason=class_check action=maybe_recompile pc=0x000002c207f983d4 method=com.google.common.cache.LocalCache$Segment.get(Ljava/lang/Object;I)Ljava/lang/Object; @ 49 c2
Event: 36.430 Thread 0x000002c27e5f4800 DEOPT PACKING pc=0x000002c207f983d4 sp=0x000000c4233fe4a0
Event: 36.430 Thread 0x000002c27c8d8000 Uncommon trap: trap_request=0xffffffde fr.pc=0x000002c207f983d4 relative=0x0000000000002114
Event: 36.430 Thread 0x000002c27e5f4000 Uncommon trap: trap_request=0xffffffde fr.pc=0x000002c207f983d4 relative=0x0000000000002114
Event: 36.430 Thread 0x000002c27c8d8000 Uncommon trap: reason=class_check action=maybe_recompile pc=0x000002c207f983d4 method=com.google.common.cache.LocalCache$Segment.get(Ljava/lang/Object;I)Ljava/lang/Object; @ 49 c2
Event: 36.430 Thread 0x000002c27e5f4000 Uncommon trap: reason=class_check action=maybe_recompile pc=0x000002c207f983d4 method=com.google.common.cache.LocalCache$Segment.get(Ljava/lang/Object;I)Ljava/lang/Object; @ 49 c2
Event: 36.430 Thread 0x000002c27c8d8000 DEOPT PACKING pc=0x000002c207f983d4 sp=0x000000c421cf7d70
Event: 36.430 Thread 0x000002c27c8d8000 DEOPT UNPACKING pc=0x000002c2000278af sp=0x000000c421cf7cc0 mode 2
Event: 36.430 Thread 0x000002c27e5f4000 DEOPT PACKING pc=0x000002c207f983d4 sp=0x000000c4231fe8c0
Event: 36.430 Thread 0x000002c27e5f4000 DEOPT UNPACKING pc=0x000002c2000278af sp=0x000000c4231fe810 mode 2
Event: 36.430 Thread 0x000002c27e5f4800 DEOPT UNPACKING pc=0x000002c2000278af sp=0x000000c4233fe3f0 mode 2

Classes redefined (0 events):
No events

Internal exceptions (20 events):
Event: 27.900 Thread 0x000002c27e631000 Implicit null exception at 0x000002c207f72743 to 0x000002c207f72f38
Event: 28.623 Thread 0x000002c20fc40800 Exception <a 'java/lang/NoSuchMethodError'{0x000000008e692de0}: 'int java.lang.invoke.DirectMethodHandle$Holder.invokeSpecial(java.lang.Object, java.lang.Object, java.lang.Object, java.lang.Object, java.lang.Object)'> (0x000000008e692de0) thrown at [./src/hotspot/share/interpreter/linkResolver.cpp, line 773]
Event: 28.760 Thread 0x000002c27c8d8000 Exception <a 'java/lang/NoSuchMethodError'{0x000000008faa9720}: <clinit>> (0x000000008faa9720) thrown at [./src/hotspot/share/prims/jni.cpp, line 1362]
Event: 28.760 Thread 0x000002c27c8d8000 Exception <a 'java/lang/NoSuchMethodError'{0x000000008faab238}: <clinit>> (0x000000008faab238) thrown at [./src/hotspot/share/prims/jni.cpp, line 1362]
Event: 28.760 Thread 0x000002c27c8d8000 Exception <a 'java/lang/NoSuchMethodError'{0x000000008faadee8}: <clinit>> (0x000000008faadee8) thrown at [./src/hotspot/share/prims/jni.cpp, line 1362]
Event: 28.762 Thread 0x000002c27c8d8000 Exception <a 'java/lang/NoSuchMethodError'{0x000000008e37fe30}: <clinit>> (0x000000008e37fe30) thrown at [./src/hotspot/share/prims/jni.cpp, line 1362]
Event: 28.762 Thread 0x000002c27c8d8000 Exception <a 'java/lang/NoSuchMethodError'{0x000000008e381860}: <clinit>> (0x000000008e381860) thrown at [./src/hotspot/share/prims/jni.cpp, line 1362]
Event: 29.853 Thread 0x000002c27c8d8000 Exception <a 'java/lang/NoSuchMethodError'{0x000000008b03ff70}: <clinit>> (0x000000008b03ff70) thrown at [./src/hotspot/share/prims/jni.cpp, line 1362]
Event: 29.856 Thread 0x000002c27c8d8000 Exception <a 'java/lang/NoSuchMethodError'{0x000000008b06e3e0}: <clinit>> (0x000000008b06e3e0) thrown at [./src/hotspot/share/prims/jni.cpp, line 1362]
Event: 30.375 Thread 0x000002c213903800 Implicit null exception at 0x000002c207fe7d98 to 0x000002c207fefa40
Event: 30.541 Thread 0x000002c213903800 Implicit null exception at 0x000002c207ff8ae8 to 0x000002c207ff8d90
Event: 30.838 Thread 0x000002c213903800 Exception <a 'java/lang/NoSuchMethodError'{0x000000008ad84ee8}: 'void java.lang.invoke.DirectMethodHandle$Holder.invokeStatic(java.lang.Object, long)'> (0x000000008ad84ee8) thrown at [./src/hotspot/share/interpreter/linkResolver.cpp, line 773]
Event: 30.839 Thread 0x000002c213903800 Exception <a 'java/lang/NoSuchMethodError'{0x000000008ad8a100}: 'java.lang.Object java.lang.invoke.DirectMethodHandle$Holder.invokeStatic(java.lang.Object, long)'> (0x000000008ad8a100) thrown at [./src/hotspot/share/interpreter/linkResolver.cpp, line 773]
Event: 30.842 Thread 0x000002c213903800 Exception <a 'java/lang/NoSuchMethodError'{0x000000008adb1868}: 'java.lang.Object java.lang.invoke.DirectMethodHandle$Holder.invokeStaticInit(java.lang.Object, java.lang.Object, long, java.lang.Object)'> (0x000000008adb1868) thrown at [./src/hotspot/share/interpreter/linkResolver.cpp, line 773]
Event: 30.845 Thread 0x000002c213903800 Exception <a 'java/lang/NoSuchMethodError'{0x000000008adb7c40}: 'java.lang.Object java.lang.invoke.DirectMethodHandle$Holder.invokeStatic(java.lang.Object, java.lang.Object, long)'> (0x000000008adb7c40) thrown at [./src/hotspot/share/interpreter/linkResolver.cpp, line 773]
Event: 30.846 Thread 0x000002c213903800 Exception <a 'java/lang/NoSuchMethodError'{0x000000008adbe1b8}: 'java.lang.Object java.lang.invoke.Invokers$Holder.linkToTargetMethod(java.lang.Object, long, java.lang.Object)'> (0x000000008adbe1b8) thrown at [./src/hotspot/share/interpreter/linkResolver.cpp, line 773]
Event: 31.623 Thread 0x000002c213903800 Exception <a 'java/lang/NoSuchMethodError'{0x000000008ab05258}: 'int java.lang.invoke.DirectMethodHandle$Holder.invokeSpecialIFC(java.lang.Object, java.lang.Object, java.lang.Object)'> (0x000000008ab05258) thrown at [./src/hotspot/share/interpreter/linkResolver.cpp, line 773]
Event: 36.070 Thread 0x000002c213903800 Exception <a 'sun/nio/fs/WindowsException'{0x000000008e2c7dd8}> (0x000000008e2c7dd8) thrown at [./src/hotspot/share/prims/jni.cpp, line 615]
Event: 36.071 Thread 0x000002c213903800 Exception <a 'sun/nio/fs/WindowsException'{0x000000008e2c7ec0}> (0x000000008e2c7ec0) thrown at [./src/hotspot/share/prims/jni.cpp, line 615]
Event: 36.244 Thread 0x000002c213903800 Implicit null exception at 0x000002c20802fade to 0x000002c20802fc2c

Events (20 events):
Event: 36.314 loading class com/android/ide/common/symbols/SymbolListWithPackageNameWriter
Event: 36.314 loading class com/android/ide/common/symbols/SymbolListWithPackageNameWriter done
Event: 36.316 loading class java/nio/channels/Channels$1
Event: 36.316 loading class java/nio/channels/Channels$1 done
Event: 36.371 loading class org/gradle/execution/plan/MutationInfo
Event: 36.371 loading class org/gradle/execution/plan/MutationInfo done
Event: 36.371 loading class org/gradle/execution/plan/LocalTaskNode$1
Event: 36.371 loading class org/gradle/execution/plan/LocalTaskNode$1 done
Event: 36.412 loading class org/gradle/api/internal/artifacts/transform/ImmutableConsumerVariantMatchResult
Event: 36.412 loading class org/gradle/api/internal/artifacts/transform/ImmutableConsumerVariantMatchResult done
Event: 36.413 loading class org/gradle/internal/Pair
Event: 36.413 loading class org/gradle/internal/Pair done
Event: 36.413 loading class org/gradle/internal/Pair
Event: 36.413 loading class org/gradle/internal/Pair done
Event: 36.414 loading class org/gradle/api/internal/attributes/AttributeContainerInternal
Event: 36.414 loading class org/gradle/api/internal/attributes/AttributeContainerInternal done
Event: 36.414 loading class org/gradle/internal/Pair
Event: 36.414 loading class org/gradle/internal/Pair done
Event: 36.414 loading class org/gradle/api/internal/attributes/AttributeContainerInternal
Event: 36.414 loading class org/gradle/api/internal/attributes/AttributeContainerInternal done


Dynamic libraries:
0x00007ff7e8270000 - 0x00007ff7e827a000 	C:\Program Files\Android\Android Studio\jre\bin\java.exe
0x00007ffeb0460000 - 0x00007ffeb0667000 	C:\WINDOWS\SYSTEM32\ntdll.dll
0x00007ffeaf060000 - 0x00007ffeaf11d000 	C:\WINDOWS\System32\KERNEL32.DLL
0x00007ffeadb80000 - 0x00007ffeadef4000 	C:\WINDOWS\System32\KERNELBASE.dll
0x00007ffeae1d0000 - 0x00007ffeae2e1000 	C:\WINDOWS\System32\ucrtbase.dll
0x00007ffea03f0000 - 0x00007ffea0407000 	C:\Program Files\Android\Android Studio\jre\bin\VCRUNTIME140.dll
0x00007ffe9eca0000 - 0x00007ffe9ecb9000 	C:\Program Files\Android\Android Studio\jre\bin\jli.dll
0x00007ffeaee90000 - 0x00007ffeaf03c000 	C:\WINDOWS\System32\USER32.dll
0x00007ffe99680000 - 0x00007ffe99925000 	C:\WINDOWS\WinSxS\amd64_microsoft.windows.common-controls_6595b64144ccf1df_6.0.22000.120_none_9d947278b86cc467\COMCTL32.dll
0x00007ffeaf6b0000 - 0x00007ffeaf753000 	C:\WINDOWS\System32\msvcrt.dll
0x00007ffeadae0000 - 0x00007ffeadb06000 	C:\WINDOWS\System32\win32u.dll
0x00007ffeaf330000 - 0x00007ffeaf359000 	C:\WINDOWS\System32\GDI32.dll
0x00007ffead9c0000 - 0x00007ffeadad2000 	C:\WINDOWS\System32\gdi32full.dll
0x00007ffeadf00000 - 0x00007ffeadf9d000 	C:\WINDOWS\System32\msvcp_win.dll
0x00007ffeaebe0000 - 0x00007ffeaec11000 	C:\WINDOWS\System32\IMM32.DLL
0x00007ffe8ced0000 - 0x00007ffe8cf6d000 	C:\Program Files\Android\Android Studio\jre\bin\msvcp140.dll
0x00007ffe70340000 - 0x00007ffe70e0f000 	C:\Program Files\Android\Android Studio\jre\bin\server\jvm.dll
0x00007ffeaf600000 - 0x00007ffeaf6ac000 	C:\WINDOWS\System32\ADVAPI32.dll
0x00007ffeaed90000 - 0x00007ffeaee2d000 	C:\WINDOWS\System32\sechost.dll
0x00007ffeaf120000 - 0x00007ffeaf241000 	C:\WINDOWS\System32\RPCRT4.dll
0x00007ffeaff90000 - 0x00007ffeaff98000 	C:\WINDOWS\System32\PSAPI.DLL
0x00007ffea9640000 - 0x00007ffea9673000 	C:\WINDOWS\SYSTEM32\WINMM.dll
0x00007ffea0920000 - 0x00007ffea0929000 	C:\WINDOWS\SYSTEM32\WSOCK32.dll
0x00007ffea60b0000 - 0x00007ffea60ba000 	C:\WINDOWS\SYSTEM32\VERSION.dll
0x00007ffeaf360000 - 0x00007ffeaf3cf000 	C:\WINDOWS\System32\WS2_32.dll
0x00007ffeaca70000 - 0x00007ffeaca88000 	C:\WINDOWS\SYSTEM32\kernel.appcore.dll
0x00007ffea0780000 - 0x00007ffea0791000 	C:\Program Files\Android\Android Studio\jre\bin\verify.dll
0x00007ffea7120000 - 0x00007ffea7341000 	C:\WINDOWS\SYSTEM32\DBGHELP.DLL
0x00007ffe9cd20000 - 0x00007ffe9cd51000 	C:\WINDOWS\SYSTEM32\dbgcore.DLL
0x00007ffead940000 - 0x00007ffead9c0000 	C:\WINDOWS\System32\bcryptPrimitives.dll
0x00007ffe9f5b0000 - 0x00007ffe9f5d9000 	C:\Program Files\Android\Android Studio\jre\bin\java.dll
0x00007ffea02a0000 - 0x00007ffea02ab000 	C:\Program Files\Android\Android Studio\jre\bin\jimage.dll
0x00007ffea01b0000 - 0x00007ffea01c8000 	C:\Program Files\Android\Android Studio\jre\bin\zip.dll
0x00007ffeae3a0000 - 0x00007ffeaeb49000 	C:\WINDOWS\System32\SHELL32.dll
0x00007ffeabaf0000 - 0x00007ffeac352000 	C:\WINDOWS\SYSTEM32\windows.storage.dll
0x00007ffeaf760000 - 0x00007ffeafad8000 	C:\WINDOWS\System32\combase.dll
0x00007ffeab980000 - 0x00007ffeabae6000 	C:\WINDOWS\SYSTEM32\wintypes.dll
0x00007ffeafce0000 - 0x00007ffeafdca000 	C:\WINDOWS\System32\SHCORE.dll
0x00007ffeaf5a0000 - 0x00007ffeaf5fd000 	C:\WINDOWS\System32\shlwapi.dll
0x00007ffead870000 - 0x00007ffead891000 	C:\WINDOWS\SYSTEM32\profapi.dll
0x00007ffe9f4e0000 - 0x00007ffe9f4fa000 	C:\Program Files\Android\Android Studio\jre\bin\net.dll
0x00007ffea7ff0000 - 0x00007ffea80fc000 	C:\WINDOWS\SYSTEM32\WINHTTP.dll
0x00007ffeace80000 - 0x00007ffeacee7000 	C:\WINDOWS\system32\mswsock.dll
0x00007ffe9f080000 - 0x00007ffe9f094000 	C:\Program Files\Android\Android Studio\jre\bin\nio.dll
0x00007ffea01d0000 - 0x00007ffea01f7000 	C:\Users\acer\.gradle\native\fdc75f09e3144964f2cf3f50f0aa648679c211496f362492102eb8c894070792\windows-amd64\native-platform.dll
0x00007ffe744e0000 - 0x00007ffe74676000 	C:\Users\acer\.gradle\native\12488b8bf47d2d4c9fbf2f6322a914ad602e24e48041cd04a747c6da556b65c4\windows-amd64\native-platform-file-events.dll
0x00007ffe9f5a0000 - 0x00007ffe9f5aa000 	C:\Program Files\Android\Android Studio\jre\bin\management.dll
0x00007ffe9f4d0000 - 0x00007ffe9f4dc000 	C:\Program Files\Android\Android Studio\jre\bin\management_ext.dll
0x00007ffead0c0000 - 0x00007ffead0d8000 	C:\WINDOWS\SYSTEM32\CRYPTSP.dll
0x00007ffeac9d0000 - 0x00007ffeaca05000 	C:\WINDOWS\system32\rsaenh.dll
0x00007ffeacf70000 - 0x00007ffeacf99000 	C:\WINDOWS\SYSTEM32\USERENV.dll
0x00007ffead240000 - 0x00007ffead267000 	C:\WINDOWS\SYSTEM32\bcrypt.dll
0x00007ffead0e0000 - 0x00007ffead0ec000 	C:\WINDOWS\SYSTEM32\CRYPTBASE.dll
0x00007ffeac5a0000 - 0x00007ffeac5cd000 	C:\WINDOWS\SYSTEM32\IPHLPAPI.DLL
0x00007ffeaf040000 - 0x00007ffeaf049000 	C:\WINDOWS\System32\NSI.dll
0x00007ffea74e0000 - 0x00007ffea74f9000 	C:\WINDOWS\SYSTEM32\dhcpcsvc6.DLL
0x00007ffea86e0000 - 0x00007ffea86fe000 	C:\WINDOWS\SYSTEM32\dhcpcsvc.DLL
0x00007ffeac5d0000 - 0x00007ffeac6b7000 	C:\WINDOWS\SYSTEM32\DNSAPI.dll
0x00007ffea6ef0000 - 0x00007ffea6efc000 	C:\WINDOWS\SYSTEM32\WINNSI.DLL
0x00007ffe9f050000 - 0x00007ffe9f077000 	C:\Program Files\Android\Android Studio\jre\bin\sunec.dll
0x00007ffea0f80000 - 0x00007ffea0f8a000 	C:\Windows\System32\rasadhlp.dll
0x00007ffea5fb0000 - 0x00007ffea6031000 	C:\WINDOWS\System32\fwpuclnt.dll

dbghelp: loaded successfully - version: 4.0.5 - missing functions: none
symbol engine: initialized successfully - sym options: 0x614 - pdb path: .;C:\Program Files\Android\Android Studio\jre\bin;C:\WINDOWS\SYSTEM32;C:\WINDOWS\WinSxS\amd64_microsoft.windows.common-controls_6595b64144ccf1df_6.0.22000.120_none_9d947278b86cc467;C:\Program Files\Android\Android Studio\jre\bin\server;C:\Users\acer\.gradle\native\fdc75f09e3144964f2cf3f50f0aa648679c211496f362492102eb8c894070792\windows-amd64;C:\Users\acer\.gradle\native\12488b8bf47d2d4c9fbf2f6322a914ad602e24e48041cd04a747c6da556b65c4\windows-amd64

VM Arguments:
jvm_args: --add-opens=java.base/java.util=ALL-UNNAMED --add-opens=java.base/java.lang=ALL-UNNAMED --add-opens=java.base/java.lang.invoke=ALL-UNNAMED --add-opens=java.prefs/java.util.prefs=ALL-UNNAMED -Xmx2048m -Dfile.encoding=UTF-8 -Duser.country=US -Duser.language=en -Duser.variant 
java_command: org.gradle.launcher.daemon.bootstrap.GradleDaemon 6.7.1
java_class_path (initial): C:\Users\acer\.gradle\wrapper\dists\gradle-6.7.1-bin\bwlcbys1h7rz3272sye1xwiv6\gradle-6.7.1\lib\gradle-launcher-6.7.1.jar
Launcher Type: SUN_STANDARD

[Global flags]
     intx CICompilerCount                          = 4                                         {product} {ergonomic}
     uint ConcGCThreads                            = 2                                         {product} {ergonomic}
     uint G1ConcRefinementThreads                  = 8                                         {product} {ergonomic}
   size_t G1HeapRegionSize                         = 1048576                                   {product} {ergonomic}
    uintx GCDrainStackTargetSize                   = 64                                        {product} {ergonomic}
   size_t InitialHeapSize                          = 100663296                                 {product} {ergonomic}
   size_t MarkStackSize                            = 4194304                                   {product} {ergonomic}
   size_t MaxHeapSize                              = 2147483648                                {product} {command line}
   size_t MaxNewSize                               = 1287651328                                {product} {ergonomic}
   size_t MinHeapDeltaBytes                        = 1048576                                   {product} {ergonomic}
    uintx NonNMethodCodeHeapSize                   = 5836300                                {pd product} {ergonomic}
    uintx NonProfiledCodeHeapSize                  = 122910970                              {pd product} {ergonomic}
    uintx ProfiledCodeHeapSize                     = 122910970                              {pd product} {ergonomic}
    uintx ReservedCodeCacheSize                    = 251658240                              {pd product} {ergonomic}
     bool SegmentedCodeCache                       = true                                      {product} {ergonomic}
     bool UseCompressedClassPointers               = true                                 {lp64_product} {ergonomic}
     bool UseCompressedOops                        = true                                 {lp64_product} {ergonomic}
     bool UseG1GC                                  = true                                      {product} {ergonomic}
     bool UseLargePagesIndividualAllocation        = false                                  {pd product} {ergonomic}

Logging:
Log output configuration:
 #0: stdout all=warning uptime,level,tags
 #1: stderr all=off uptime,level,tags

Environment Variables:
PATH=C:\Program Files (x86)\Common Files\Oracle\Java\javapath;C:\WINDOWS\system32;C:\WINDOWS;C:\WINDOWS\System32\Wbem;C:\WINDOWS\System32\WindowsPowerShell\v1.0\;C:\WINDOWS\System32\OpenSSH\;D:\Nodejs\;C:\Program Files\Git\cmd;D:\Xampp\php;C:\ProgramData\ComposerSetup\bin;C:\Users\acer\AppData\Local\Microsoft\WindowsApps;C:\Users\acer\AppData\Local\Programs\Microsoft VS Code\bin;C:\Users\acer\AppData\Roaming\npm;C:\Users\acer\AppData\Roaming\Composer\vendor\bin;C:\Users\acer\AppData\Local\GitHubDesktop\bin;C:\Users\acer\AppData\Local\gitkraken\bin;C:\Users\acer\AppData\Local\Microsoft\WindowsApps;C:\ProgramData\acer\gitkraken\bin
USERNAME=acer
OS=Windows_NT
PROCESSOR_IDENTIFIER=AMD64 Family 23 Model 24 Stepping 1, AuthenticAMD



---------------  S Y S T E M  ---------------

OS: Windows 10 , 64 bit Build 22000 (10.0.22000.120)
OS uptime: 0 days 17:58 hours

CPU:total 8 (initial active 8) (8 cores per cpu, 2 threads per core) family 23 model 24 stepping 1 microcode 0x0, cmov, cx8, fxsr, mmx, sse, sse2, sse3, ssse3, sse4.1, sse4.2, popcnt, avx, avx2, aes, clmul, mmxext, 3dnowpref, lzcnt, sse4a, ht, tsc, tscinvbit, tscinv, bmi1, bmi2, adx, s

Memory: 4k page, system-wide physical 6082M (106M free)
TotalPageFile size 14082M (AvailPageFile size 18M)
current process WorkingSet (physical memory assigned to process): 490M, peak: 490M
current process commit charge ("private bytes"): 549M, peak: 555M

vm_info: OpenJDK 64-Bit Server VM (11.0.10+0-b96-7249189) for windows-amd64 JRE (11.0.10+0-b96-7249189), built on Mar 31 2021 21:44:00 by "builder" with MS VC++ 14.0 (VS2015)

END.
