#
# There is insufficient memory for the Java Runtime Environment to continue.
# Native memory allocation (mmap) failed to map 76546048 bytes for Failed to commit area from 0x000000008ca00000 to 0x0000000091300000 of length 76546048.
# Possible reasons:
#   The system is out of physical RAM or swap space
#   The process is running with CompressedOops enabled, and the Java Heap may be blocking the growth of the native heap
# Possible solutions:
#   Reduce memory load on the system
#   Increase physical memory or swap space
#   Check if swap backing store is full
#   Decrease Java heap size (-Xmx/-Xms)
#   Decrease number of Java threads
#   Decrease Java thread stack sizes (-Xss)
#   Set larger code cache with -XX:ReservedCodeCacheSize=
#   JVM is running with Unscaled Compressed Oops mode in which the Java heap is
#     placed in the first 4GB address space. The Java Heap base address is the
#     maximum limit for the native heap growth. Please use -XX:HeapBaseMinAddress
#     to set the Java Heap base and to place the Java Heap above 4GB virtual address.
# This output file may be truncated or incomplete.
#
#  Out of Memory Error (./src/hotspot/os/windows/os_windows.cpp:3303), pid=13536, tid=8336
#
# JRE version: OpenJDK Runtime Environment (11.0.8+10) (build 11.0.8+10-b944.6842174)
# Java VM: OpenJDK 64-Bit Server VM (11.0.8+10-b944.6842174, mixed mode, tiered, compressed oops, g1 gc, windows-amd64)
# No core dump will be written. Minidumps are not enabled by default on client versions of Windows
#

---------------  S U M M A R Y ------------

Command Line: --add-opens=java.base/java.util=ALL-UNNAMED --add-opens=java.base/java.lang=ALL-UNNAMED --add-opens=java.base/java.lang.invoke=ALL-UNNAMED --add-opens=java.prefs/java.util.prefs=ALL-UNNAMED -Xmx2048m -Dfile.encoding=UTF-8 -Duser.country=US -Duser.language=en -Duser.variant org.gradle.launcher.daemon.bootstrap.GradleDaemon 6.7.1

Host: AMD Ryzen 5 3550H with Radeon Vega Mobile Gfx  , 8 cores, 5G,  Windows 10 , 64 bit Build 19041 (10.0.19041.1200)
Time: Wed Sep 15 14:21:47 2021 SE Asia Standard Time elapsed time: 14 seconds (0d 0h 0m 14s)

---------------  T H R E A D  ---------------

Current thread (0x00000227c8480000):  VMThread "VM Thread" [stack: 0x000000c32b100000,0x000000c32b200000] [id=8336]

Stack: [0x000000c32b100000,0x000000c32b200000]
[error occurred during error reporting (printing stack bounds), id 0xc0000005, EXCEPTION_ACCESS_VIOLATION (0xc0000005) at pc=0x00000227b1b30dad]

Native frames: (J=compiled Java code, j=interpreted, Vv=VM code, C=native code)
V  [jvm.dll+0x5de50a]
V  [jvm.dll+0x7122f5]
V  [jvm.dll+0x71384d]
V  [jvm.dll+0x713e65]
V  [jvm.dll+0x713e1b]
V  [jvm.dll+0x5dd958]
V  [jvm.dll+0x5de0f8]
C  [ntdll.dll+0xa20cf]
C  [ntdll.dll+0x51454]
C  [ntdll.dll+0xa0bfe]
C  0x00000227b1b30dad

VM_Operation (0x000000c32e4f9270): G1CollectForAllocation, mode: safepoint, requested by thread 0x00000227cdb2b000


---------------  P R O C E S S  ---------------

Threads class SMR info:
_java_thread_list=0x00000227d41f66a0, length=154, elements={
0x00000227ae1b0800, 0x00000227c8484800, 0x00000227c8485800, 0x00000227c8e23000,
0x00000227c849d800, 0x00000227c849f000, 0x00000227c84a8800, 0x00000227c84b1800,
0x00000227c8f5a800, 0x00000227c8f5b000, 0x00000227ca1c0000, 0x00000227cadf9800,
0x00000227ca468000, 0x00000227ca465800, 0x00000227ca466800, 0x00000227cabe6000,
0x00000227ca22a800, 0x00000227ca22f800, 0x00000227ca67b000, 0x00000227ca4b0000,
0x00000227cb491000, 0x00000227cb490800, 0x00000227cb492000, 0x00000227cb494800,
0x00000227cb496000, 0x00000227cb492800, 0x00000227cb493800, 0x00000227cb497000,
0x00000227cb495000, 0x00000227cdb25800, 0x00000227cdccd800, 0x00000227cdb24000,
0x00000227cdb29000, 0x00000227cdb29800, 0x00000227cdb24800, 0x00000227cdb2a800,
0x00000227cdb28000, 0x00000227cdb2c000, 0x00000227cdb2b000, 0x00000227cdb26800,
0x00000227cdb2d000, 0x00000227cdb27000, 0x00000227cdb31800, 0x00000227cdb2d800,
0x00000227cdb30000, 0x00000227cdb2e800, 0x00000227cdb2f800, 0x00000227cdb31000,
0x00000227cdbf3800, 0x00000227cdbf0000, 0x00000227cdbf4000, 0x00000227cdbee800,
0x00000227cdbef800, 0x00000227cdbf2800, 0x00000227cdbf6000, 0x00000227cdbf5000,
0x00000227cdbf6800, 0x00000227cdbf1000, 0x00000227cdbf7800, 0x00000227cdbf1800,
0x00000227cdbf8800, 0x00000227cdbf9000, 0x00000227cdbfb800, 0x00000227cdbfa000,
0x00000227cdbfc800, 0x00000227cdbfd000, 0x00000227cdbfa800, 0x00000227cf56a000,
0x00000227cf56a800, 0x00000227cf56b800, 0x00000227cf569000, 0x00000227cf566800,
0x00000227cf56c800, 0x00000227cf56d000, 0x00000227cf567800, 0x00000227cf56e000,
0x00000227cf568800, 0x00000227cf573800, 0x00000227cf56f000, 0x00000227cf573000,
0x00000227cf570800, 0x00000227cf574800, 0x00000227cf575800, 0x00000227cf56f800,
0x00000227cf571800, 0x00000227cf572000, 0x00000227cddba000, 0x00000227cddbb000,
0x00000227cddbb800, 0x00000227cddbc800, 0x00000227cddbd000, 0x00000227cddb7800,
0x00000227cddbe000, 0x00000227cddb8800, 0x00000227cddbf000, 0x00000227cddb9000,
0x00000227cddc3000, 0x00000227cddc2000, 0x00000227cddc4000, 0x00000227cddbf800,
0x00000227cddc0800, 0x00000227cddc6000, 0x00000227cddc4800, 0x00000227cddc1800,
0x00000227cddc5800, 0x00000227cf2d3800, 0x00000227cf2d1000, 0x00000227cf2d4800,
0x00000227cf2d2000, 0x00000227cf2d6000, 0x00000227cf2d5000, 0x00000227cf2d3000,
0x00000227cf2d0800, 0x00000227cf2dc800, 0x00000227cf2d7800, 0x00000227cf2db800,
0x00000227cf2d7000, 0x00000227cf2d8800, 0x00000227cf2db000, 0x00000227cf2dd800,
0x00000227cf2de000, 0x00000227cf2df000, 0x00000227cf2da000, 0x00000227cf2d9800,
0x00000227cdee4000, 0x00000227cdee6000, 0x00000227cdee5000, 0x00000227cdee2800,
0x00000227cdee3800, 0x00000227cdeec800, 0x00000227cdee9000, 0x00000227cdee6800,
0x00000227cdeeb800, 0x00000227cdeed000, 0x00000227cdee7800, 0x00000227cdeee000,
0x00000227cdee8800, 0x00000227cdeef000, 0x00000227cf494800, 0x00000227cdeef800,
0x00000227cdeeb000, 0x00000227cdef0800, 0x00000227cdef1800, 0x00000227cd82f800,
0x00000227cd831000, 0x00000227cd82d000, 0x00000227cd82e000, 0x00000227cd830800,
0x00000227cd82e800, 0x00000227cd82b800, 0x00000227cd82c800, 0x00000227cd837800,
0x00000227cd833000, 0x00000227cd836000
}

Java Threads: ( => current thread )
  0x00000227ae1b0800 JavaThread "main" [_thread_blocked, id=12428, stack(0x000000c32ab00000,0x000000c32ac00000)]
  0x00000227c8484800 JavaThread "Reference Handler" daemon [_thread_blocked, id=5448, stack(0x000000c32b200000,0x000000c32b300000)]
  0x00000227c8485800 JavaThread "Finalizer" daemon [_thread_blocked, id=7056, stack(0x000000c32b300000,0x000000c32b400000)]
  0x00000227c8e23000 JavaThread "Signal Dispatcher" daemon [_thread_blocked, id=12440, stack(0x000000c32b400000,0x000000c32b500000)]
  0x00000227c849d800 JavaThread "Attach Listener" daemon [_thread_blocked, id=5704, stack(0x000000c32b500000,0x000000c32b600000)]
  0x00000227c849f000 JavaThread "C2 CompilerThread0" daemon [_thread_blocked, id=8540, stack(0x000000c32b600000,0x000000c32b700000)]
  0x00000227c84a8800 JavaThread "C1 CompilerThread0" daemon [_thread_blocked, id=9568, stack(0x000000c32b700000,0x000000c32b800000)]
  0x00000227c84b1800 JavaThread "Sweeper thread" daemon [_thread_blocked, id=14180, stack(0x000000c32b800000,0x000000c32b900000)]
  0x00000227c8f5a800 JavaThread "Common-Cleaner" daemon [_thread_blocked, id=12140, stack(0x000000c32b900000,0x000000c32ba00000)]
  0x00000227c8f5b000 JavaThread "Service Thread" daemon [_thread_blocked, id=6688, stack(0x000000c32ba00000,0x000000c32bb00000)]
  0x00000227ca1c0000 JavaThread "Daemon health stats" [_thread_blocked, id=15612, stack(0x000000c32be00000,0x000000c32bf00000)]
  0x00000227cadf9800 JavaThread "Incoming local TCP Connector on port 63239" [_thread_in_native, id=10588, stack(0x000000c32c000000,0x000000c32c100000)]
  0x00000227ca468000 JavaThread "Daemon periodic checks" [_thread_blocked, id=13468, stack(0x000000c32c100000,0x000000c32c200000)]
  0x00000227ca465800 JavaThread "Daemon" [_thread_blocked, id=416, stack(0x000000c32c200000,0x000000c32c300000)]
  0x00000227ca466800 JavaThread "Handler for socket connection from /127.0.0.1:63239 to /127.0.0.1:63240" [_thread_in_native, id=8368, stack(0x000000c32c300000,0x000000c32c400000)]
  0x00000227cabe6000 JavaThread "Cancel handler" [_thread_blocked, id=3052, stack(0x000000c32c400000,0x000000c32c500000)]
  0x00000227ca22a800 JavaThread "Daemon worker" [_thread_blocked, id=3996, stack(0x000000c32cd00000,0x000000c32ce00000)]
  0x00000227ca22f800 JavaThread "Asynchronous log dispatcher for DefaultDaemonConnection: socket connection from /127.0.0.1:63239 to /127.0.0.1:63240" [_thread_blocked, id=4988, stack(0x000000c32ce00000,0x000000c32cf00000)]
  0x00000227ca67b000 JavaThread "Stdin handler" [_thread_blocked, id=6088, stack(0x000000c32cf00000,0x000000c32d000000)]
  0x00000227ca4b0000 JavaThread "Thread-8" [_thread_blocked, id=6120, stack(0x000000c32d000000,0x000000c32d100000)]
  0x00000227cb491000 JavaThread "Cache worker for file hash cache (C:\Users\acer\.gradle\caches\6.7.1\fileHashes)" [_thread_blocked, id=11828, stack(0x000000c32d100000,0x000000c32d200000)]
  0x00000227cb490800 JavaThread "File lock request listener" [_thread_in_native, id=11360, stack(0x000000c32d200000,0x000000c32d300000)]
  0x00000227cb492000 JavaThread "Cache worker for journal cache (C:\Users\acer\.gradle\caches\journal-1)" [_thread_blocked, id=14840, stack(0x000000c32d400000,0x000000c32d500000)]
  0x00000227cb494800 JavaThread "Cache worker for file hash cache (D:\Du an truong\DuanPhonestore\.gradle\6.7.1\fileHashes)" [_thread_blocked, id=10772, stack(0x000000c32d500000,0x000000c32d600000)]
  0x00000227cb496000 JavaThread "Cache worker for checksums cache (D:\Du an truong\DuanPhonestore\.gradle\checksums)" [_thread_blocked, id=6796, stack(0x000000c32d600000,0x000000c32d700000)]
  0x00000227cb492800 JavaThread "Cache worker for cache directory md-supplier (C:\Users\acer\.gradle\caches\6.7.1\md-supplier)" [_thread_blocked, id=7928, stack(0x000000c32d700000,0x000000c32d800000)]
  0x00000227cb493800 JavaThread "Cache worker for cache directory md-rule (C:\Users\acer\.gradle\caches\6.7.1\md-rule)" [_thread_blocked, id=4908, stack(0x000000c32d800000,0x000000c32d900000)]
  0x00000227cb497000 JavaThread "Cache worker for execution history cache (C:\Users\acer\.gradle\caches\6.7.1\executionHistory)" [_thread_blocked, id=10452, stack(0x000000c32d900000,0x000000c32da00000)]
  0x00000227cb495000 JavaThread "jar transforms" [_thread_blocked, id=13320, stack(0x000000c32da00000,0x000000c32db00000)]
  0x00000227cdb25800 JavaThread "Cache worker for file content cache (C:\Users\acer\.gradle\caches\6.7.1\fileContent)" [_thread_blocked, id=2392, stack(0x000000c32db00000,0x000000c32dc00000)]
  0x00000227cdccd800 JavaThread "C2 CompilerThread1" daemon [_thread_blocked, id=16024, stack(0x000000c32dc00000,0x000000c32dd00000)]
  0x00000227cdb24000 JavaThread "Cache worker for Build Output Cleanup Cache (D:\Du an truong\DuanPhonestore\.gradle\buildOutputCleanup)" [_thread_blocked, id=14644, stack(0x000000c32dd00000,0x000000c32de00000)]
  0x00000227cdb29000 JavaThread "Build operations" [_thread_blocked, id=16840, stack(0x000000c32de00000,0x000000c32df00000)]
  0x00000227cdb29800 JavaThread "Build operations Thread 2" [_thread_blocked, id=8284, stack(0x000000c32df00000,0x000000c32e000000)]
  0x00000227cdb24800 JavaThread "Build operations Thread 3" [_thread_blocked, id=7492, stack(0x000000c32e000000,0x000000c32e100000)]
  0x00000227cdb2a800 JavaThread "Build operations Thread 4" [_thread_blocked, id=13404, stack(0x000000c32e100000,0x000000c32e200000)]
  0x00000227cdb28000 JavaThread "Build operations Thread 5" [_thread_blocked, id=17048, stack(0x000000c32e200000,0x000000c32e300000)]
  0x00000227cdb2c000 JavaThread "Build operations Thread 6" [_thread_blocked, id=1908, stack(0x000000c32e300000,0x000000c32e400000)]
  0x00000227cdb2b000 JavaThread "Build operations Thread 7" [_thread_blocked, id=12696, stack(0x000000c32e400000,0x000000c32e500000)]
  0x00000227cdb26800 JavaThread "Build operations Thread 8" [_thread_blocked, id=7508, stack(0x000000c32e500000,0x000000c32e600000)]
  0x00000227cdb2d000 JavaThread "jar transforms Thread 2" [_thread_blocked, id=9704, stack(0x000000c32e600000,0x000000c32e700000)]
  0x00000227cdb27000 JavaThread "jar transforms Thread 3" [_thread_blocked, id=5388, stack(0x000000c32e700000,0x000000c32e800000)]
  0x00000227cdb31800 JavaThread "jar transforms Thread 4" [_thread_blocked, id=15388, stack(0x000000c32e800000,0x000000c32e900000)]
  0x00000227cdb2d800 JavaThread "jar transforms Thread 5" [_thread_blocked, id=8084, stack(0x000000c32e900000,0x000000c32ea00000)]
  0x00000227cdb30000 JavaThread "jar transforms Thread 6" [_thread_blocked, id=15628, stack(0x000000c32ea00000,0x000000c32eb00000)]
  0x00000227cdb2e800 JavaThread "jar transforms Thread 7" [_thread_blocked, id=3432, stack(0x000000c32eb00000,0x000000c32ec00000)]
  0x00000227cdb2f800 JavaThread "jar transforms Thread 8" [_thread_blocked, id=10136, stack(0x000000c32ec00000,0x000000c32ed00000)]
  0x00000227cdb31000 JavaThread "jar transforms Thread 9" [_thread_blocked, id=3688, stack(0x000000c32ed00000,0x000000c32ee00000)]
  0x00000227cdbf3800 JavaThread "jar transforms Thread 10" [_thread_blocked, id=5568, stack(0x000000c32ee00000,0x000000c32ef00000)]
  0x00000227cdbf0000 JavaThread "jar transforms Thread 11" [_thread_blocked, id=9544, stack(0x000000c32ef00000,0x000000c32f000000)]
  0x00000227cdbf4000 JavaThread "jar transforms Thread 12" [_thread_blocked, id=7444, stack(0x000000c32f000000,0x000000c32f100000)]
  0x00000227cdbee800 JavaThread "jar transforms Thread 13" [_thread_blocked, id=16824, stack(0x000000c32f100000,0x000000c32f200000)]
  0x00000227cdbef800 JavaThread "jar transforms Thread 14" [_thread_blocked, id=12580, stack(0x000000c32f200000,0x000000c32f300000)]
  0x00000227cdbf2800 JavaThread "jar transforms Thread 15" [_thread_blocked, id=14896, stack(0x000000c32f300000,0x000000c32f400000)]
  0x00000227cdbf6000 JavaThread "jar transforms Thread 16" [_thread_blocked, id=12164, stack(0x000000c32f400000,0x000000c32f500000)]
  0x00000227cdbf5000 JavaThread "jar transforms Thread 17" [_thread_blocked, id=6100, stack(0x000000c32f500000,0x000000c32f600000)]
  0x00000227cdbf6800 JavaThread "jar transforms Thread 18" [_thread_blocked, id=2192, stack(0x000000c32f600000,0x000000c32f700000)]
  0x00000227cdbf1000 JavaThread "jar transforms Thread 19" [_thread_blocked, id=9440, stack(0x000000c32f700000,0x000000c32f800000)]
  0x00000227cdbf7800 JavaThread "jar transforms Thread 20" [_thread_blocked, id=10264, stack(0x000000c32f800000,0x000000c32f900000)]
  0x00000227cdbf1800 JavaThread "jar transforms Thread 21" [_thread_blocked, id=11376, stack(0x000000c32f900000,0x000000c32fa00000)]
  0x00000227cdbf8800 JavaThread "jar transforms Thread 22" [_thread_blocked, id=3152, stack(0x000000c32fa00000,0x000000c32fb00000)]
  0x00000227cdbf9000 JavaThread "jar transforms Thread 23" [_thread_blocked, id=1880, stack(0x000000c32fb00000,0x000000c32fc00000)]
  0x00000227cdbfb800 JavaThread "jar transforms Thread 24" [_thread_blocked, id=17276, stack(0x000000c32fc00000,0x000000c32fd00000)]
  0x00000227cdbfa000 JavaThread "jar transforms Thread 25" [_thread_blocked, id=1896, stack(0x000000c32fd00000,0x000000c32fe00000)]
  0x00000227cdbfc800 JavaThread "jar transforms Thread 26" [_thread_blocked, id=8364, stack(0x000000c32fe00000,0x000000c32ff00000)]
  0x00000227cdbfd000 JavaThread "jar transforms Thread 27" [_thread_blocked, id=7656, stack(0x000000c32ff00000,0x000000c330000000)]
  0x00000227cdbfa800 JavaThread "jar transforms Thread 28" [_thread_blocked, id=5460, stack(0x000000c330000000,0x000000c330100000)]
  0x00000227cf56a000 JavaThread "jar transforms Thread 29" [_thread_blocked, id=11392, stack(0x000000c330100000,0x000000c330200000)]
  0x00000227cf56a800 JavaThread "jar transforms Thread 30" [_thread_blocked, id=9444, stack(0x000000c330200000,0x000000c330300000)]
  0x00000227cf56b800 JavaThread "jar transforms Thread 31" [_thread_blocked, id=11504, stack(0x000000c330300000,0x000000c330400000)]
  0x00000227cf569000 JavaThread "jar transforms Thread 32" [_thread_blocked, id=14996, stack(0x000000c330400000,0x000000c330500000)]
  0x00000227cf566800 JavaThread "jar transforms Thread 33" [_thread_blocked, id=1048, stack(0x000000c330500000,0x000000c330600000)]
  0x00000227cf56c800 JavaThread "jar transforms Thread 34" [_thread_blocked, id=13188, stack(0x000000c330600000,0x000000c330700000)]
  0x00000227cf56d000 JavaThread "jar transforms Thread 35" [_thread_blocked, id=13280, stack(0x000000c330700000,0x000000c330800000)]
  0x00000227cf567800 JavaThread "jar transforms Thread 36" [_thread_blocked, id=9528, stack(0x000000c330800000,0x000000c330900000)]
  0x00000227cf56e000 JavaThread "jar transforms Thread 37" [_thread_blocked, id=12080, stack(0x000000c330900000,0x000000c330a00000)]
  0x00000227cf568800 JavaThread "jar transforms Thread 38" [_thread_blocked, id=7824, stack(0x000000c330a00000,0x000000c330b00000)]
  0x00000227cf573800 JavaThread "jar transforms Thread 39" [_thread_blocked, id=2004, stack(0x000000c330b00000,0x000000c330c00000)]
  0x00000227cf56f000 JavaThread "jar transforms Thread 40" [_thread_blocked, id=1320, stack(0x000000c330c00000,0x000000c330d00000)]
  0x00000227cf573000 JavaThread "jar transforms Thread 41" [_thread_blocked, id=16652, stack(0x000000c330d00000,0x000000c330e00000)]
  0x00000227cf570800 JavaThread "jar transforms Thread 42" [_thread_blocked, id=13792, stack(0x000000c330e00000,0x000000c330f00000)]
  0x00000227cf574800 JavaThread "jar transforms Thread 43" [_thread_blocked, id=6280, stack(0x000000c330f00000,0x000000c331000000)]
  0x00000227cf575800 JavaThread "jar transforms Thread 44" [_thread_blocked, id=16008, stack(0x000000c331000000,0x000000c331100000)]
  0x00000227cf56f800 JavaThread "jar transforms Thread 45" [_thread_blocked, id=16432, stack(0x000000c331100000,0x000000c331200000)]
  0x00000227cf571800 JavaThread "jar transforms Thread 46" [_thread_blocked, id=9616, stack(0x000000c331200000,0x000000c331300000)]
  0x00000227cf572000 JavaThread "jar transforms Thread 47" [_thread_blocked, id=16592, stack(0x000000c331300000,0x000000c331400000)]
  0x00000227cddba000 JavaThread "jar transforms Thread 48" [_thread_blocked, id=13956, stack(0x000000c331400000,0x000000c331500000)]
  0x00000227cddbb000 JavaThread "jar transforms Thread 49" [_thread_blocked, id=5776, stack(0x000000c331500000,0x000000c331600000)]
  0x00000227cddbb800 JavaThread "jar transforms Thread 50" [_thread_blocked, id=3764, stack(0x000000c331600000,0x000000c331700000)]
  0x00000227cddbc800 JavaThread "jar transforms Thread 51" [_thread_blocked, id=12144, stack(0x000000c331700000,0x000000c331800000)]
  0x00000227cddbd000 JavaThread "jar transforms Thread 52" [_thread_blocked, id=9064, stack(0x000000c331800000,0x000000c331900000)]
  0x00000227cddb7800 JavaThread "jar transforms Thread 53" [_thread_blocked, id=16512, stack(0x000000c331900000,0x000000c331a00000)]
  0x00000227cddbe000 JavaThread "jar transforms Thread 54" [_thread_blocked, id=4848, stack(0x000000c331a00000,0x000000c331b00000)]
  0x00000227cddb8800 JavaThread "jar transforms Thread 55" [_thread_blocked, id=6884, stack(0x000000c331b00000,0x000000c331c00000)]
  0x00000227cddbf000 JavaThread "jar transforms Thread 56" [_thread_blocked, id=3168, stack(0x000000c331c00000,0x000000c331d00000)]
  0x00000227cddb9000 JavaThread "jar transforms Thread 57" [_thread_blocked, id=3008, stack(0x000000c331d00000,0x000000c331e00000)]
  0x00000227cddc3000 JavaThread "jar transforms Thread 58" [_thread_blocked, id=6052, stack(0x000000c331e00000,0x000000c331f00000)]
  0x00000227cddc2000 JavaThread "jar transforms Thread 59" [_thread_blocked, id=13176, stack(0x000000c331f00000,0x000000c332000000)]
  0x00000227cddc4000 JavaThread "jar transforms Thread 60" [_thread_blocked, id=16708, stack(0x000000c332000000,0x000000c332100000)]
  0x00000227cddbf800 JavaThread "jar transforms Thread 61" [_thread_blocked, id=8736, stack(0x000000c332100000,0x000000c332200000)]
  0x00000227cddc0800 JavaThread "jar transforms Thread 62" [_thread_blocked, id=16812, stack(0x000000c332200000,0x000000c332300000)]
  0x00000227cddc6000 JavaThread "jar transforms Thread 63" [_thread_blocked, id=7904, stack(0x000000c332300000,0x000000c332400000)]
  0x00000227cddc4800 JavaThread "jar transforms Thread 64" [_thread_blocked, id=384, stack(0x000000c332400000,0x000000c332500000)]
  0x00000227cddc1800 JavaThread "jar transforms Thread 65" [_thread_blocked, id=3080, stack(0x000000c332500000,0x000000c332600000)]
  0x00000227cddc5800 JavaThread "jar transforms Thread 66" [_thread_blocked, id=5792, stack(0x000000c332600000,0x000000c332700000)]
  0x00000227cf2d3800 JavaThread "jar transforms Thread 67" [_thread_blocked, id=8020, stack(0x000000c332700000,0x000000c332800000)]
  0x00000227cf2d1000 JavaThread "jar transforms Thread 68" [_thread_blocked, id=2860, stack(0x000000c332800000,0x000000c332900000)]
  0x00000227cf2d4800 JavaThread "jar transforms Thread 69" [_thread_blocked, id=312, stack(0x000000c332900000,0x000000c332a00000)]
  0x00000227cf2d2000 JavaThread "jar transforms Thread 70" [_thread_blocked, id=7276, stack(0x000000c332a00000,0x000000c332b00000)]
  0x00000227cf2d6000 JavaThread "jar transforms Thread 71" [_thread_blocked, id=4052, stack(0x000000c332b00000,0x000000c332c00000)]
  0x00000227cf2d5000 JavaThread "jar transforms Thread 72" [_thread_blocked, id=16188, stack(0x000000c332c00000,0x000000c332d00000)]
  0x00000227cf2d3000 JavaThread "jar transforms Thread 73" [_thread_blocked, id=9144, stack(0x000000c332d00000,0x000000c332e00000)]
  0x00000227cf2d0800 JavaThread "jar transforms Thread 74" [_thread_blocked, id=15156, stack(0x000000c332e00000,0x000000c332f00000)]
  0x00000227cf2dc800 JavaThread "jar transforms Thread 75" [_thread_blocked, id=5972, stack(0x000000c332f00000,0x000000c333000000)]
  0x00000227cf2d7800 JavaThread "jar transforms Thread 76" [_thread_blocked, id=3964, stack(0x000000c333000000,0x000000c333100000)]
  0x00000227cf2db800 JavaThread "jar transforms Thread 77" [_thread_blocked, id=5324, stack(0x000000c333100000,0x000000c333200000)]
  0x00000227cf2d7000 JavaThread "jar transforms Thread 78" [_thread_blocked, id=7344, stack(0x000000c333200000,0x000000c333300000)]
  0x00000227cf2d8800 JavaThread "jar transforms Thread 79" [_thread_blocked, id=17340, stack(0x000000c333300000,0x000000c333400000)]
  0x00000227cf2db000 JavaThread "jar transforms Thread 80" [_thread_blocked, id=14584, stack(0x000000c333400000,0x000000c333500000)]
  0x00000227cf2dd800 JavaThread "jar transforms Thread 81" [_thread_blocked, id=7392, stack(0x000000c333500000,0x000000c333600000)]
  0x00000227cf2de000 JavaThread "jar transforms Thread 82" [_thread_blocked, id=14076, stack(0x000000c333600000,0x000000c333700000)]
  0x00000227cf2df000 JavaThread "jar transforms Thread 83" [_thread_blocked, id=7972, stack(0x000000c333700000,0x000000c333800000)]
  0x00000227cf2da000 JavaThread "jar transforms Thread 84" [_thread_blocked, id=17132, stack(0x000000c333800000,0x000000c333900000)]
  0x00000227cf2d9800 JavaThread "jar transforms Thread 85" [_thread_blocked, id=8116, stack(0x000000c333900000,0x000000c333a00000)]
  0x00000227cdee4000 JavaThread "jar transforms Thread 86" [_thread_blocked, id=3356, stack(0x000000c333a00000,0x000000c333b00000)]
  0x00000227cdee6000 JavaThread "jar transforms Thread 87" [_thread_blocked, id=4272, stack(0x000000c333b00000,0x000000c333c00000)]
  0x00000227cdee5000 JavaThread "jar transforms Thread 88" [_thread_blocked, id=16276, stack(0x000000c333c00000,0x000000c333d00000)]
  0x00000227cdee2800 JavaThread "jar transforms Thread 89" [_thread_blocked, id=5528, stack(0x000000c333d00000,0x000000c333e00000)]
  0x00000227cdee3800 JavaThread "jar transforms Thread 90" [_thread_blocked, id=12872, stack(0x000000c333e00000,0x000000c333f00000)]
  0x00000227cdeec800 JavaThread "jar transforms Thread 91" [_thread_blocked, id=5260, stack(0x000000c333f00000,0x000000c334000000)]
  0x00000227cdee9000 JavaThread "jar transforms Thread 92" [_thread_blocked, id=9496, stack(0x000000c334000000,0x000000c334100000)]
  0x00000227cdee6800 JavaThread "jar transforms Thread 93" [_thread_blocked, id=16216, stack(0x000000c334100000,0x000000c334200000)]
  0x00000227cdeeb800 JavaThread "jar transforms Thread 94" [_thread_blocked, id=2520, stack(0x000000c334200000,0x000000c334300000)]
  0x00000227cdeed000 JavaThread "jar transforms Thread 95" [_thread_blocked, id=15128, stack(0x000000c334300000,0x000000c334400000)]
  0x00000227cdee7800 JavaThread "jar transforms Thread 96" [_thread_blocked, id=8852, stack(0x000000c334400000,0x000000c334500000)]
  0x00000227cdeee000 JavaThread "jar transforms Thread 97" [_thread_blocked, id=12892, stack(0x000000c334500000,0x000000c334600000)]
  0x00000227cdee8800 JavaThread "jar transforms Thread 98" [_thread_blocked, id=10648, stack(0x000000c334600000,0x000000c334700000)]
  0x00000227cdeef000 JavaThread "jar transforms Thread 99" [_thread_blocked, id=12136, stack(0x000000c334700000,0x000000c334800000)]
  0x00000227cf494800 JavaThread "C2 CompilerThread2" daemon [_thread_blocked, id=14828, stack(0x000000c334800000,0x000000c334900000)]
  0x00000227cdeef800 JavaThread "Memory manager" [_thread_blocked, id=8304, stack(0x000000c334900000,0x000000c334a00000)]
  0x00000227cdeeb000 JavaThread "build event listener" [_thread_blocked, id=16772, stack(0x000000c334a00000,0x000000c334b00000)]
  0x00000227cdef0800 JavaThread "build event listener" [_thread_blocked, id=14992, stack(0x000000c334b00000,0x000000c334c00000)]
  0x00000227cdef1800 JavaThread "Execution worker for ':'" [_thread_blocked, id=11320, stack(0x000000c334c00000,0x000000c334d00000)]
  0x00000227cd82f800 JavaThread "Execution worker for ':' Thread 2" [_thread_blocked, id=16360, stack(0x000000c334d00000,0x000000c334e00000)]
  0x00000227cd831000 JavaThread "Execution worker for ':' Thread 3" [_thread_blocked, id=14648, stack(0x000000c334e00000,0x000000c334f00000)]
  0x00000227cd82d000 JavaThread "Execution worker for ':' Thread 4" [_thread_blocked, id=216, stack(0x000000c334f00000,0x000000c335000000)]
  0x00000227cd82e000 JavaThread "Execution worker for ':' Thread 5" [_thread_blocked, id=17400, stack(0x000000c335000000,0x000000c335100000)]
  0x00000227cd830800 JavaThread "Execution worker for ':' Thread 6" [_thread_blocked, id=15400, stack(0x000000c335100000,0x000000c335200000)]
  0x00000227cd82e800 JavaThread "Execution worker for ':' Thread 7" [_thread_blocked, id=2360, stack(0x000000c335200000,0x000000c335300000)]
  0x00000227cd82b800 JavaThread "Cache worker for execution history cache (D:\Du an truong\DuanPhonestore\.gradle\6.7.1\executionHistory)" [_thread_blocked, id=12252, stack(0x000000c335300000,0x000000c335400000)]
  0x00000227cd82c800 JavaThread "WorkerExecutor Queue" [_thread_blocked, id=10268, stack(0x000000c335400000,0x000000c335500000)]
  0x00000227cd837800 JavaThread "pool-4-thread-1" [_thread_blocked, id=6528, stack(0x000000c335500000,0x000000c335600000)]
  0x00000227cd833000 JavaThread "stderr" [_thread_in_native, id=8720, stack(0x000000c335600000,0x000000c335700000)]
  0x00000227cd836000 JavaThread "stdout" [_thread_in_native, id=16912, stack(0x000000c335700000,0x000000c335800000)]

Other Threads:
=>0x00000227c8480000 VMThread "VM Thread" [stack: 0x000000c32b100000,0x000000c32b200000] [id=8336]
  0x00000227c8f60000 WatcherThread [stack: 0x000000c32bb00000,0x000000c32bc00000] [id=14048]
  0x00000227ae1c2800 GCTaskThread "GC Thread#0" [stack: 0x000000c32ac00000,0x000000c32ad00000] [id=12040]
  0x00000227c9a76000 GCTaskThread "GC Thread#1" [stack: 0x000000c32bd00000,0x000000c32be00000] [id=13300]
  0x00000227cabe6800 GCTaskThread "GC Thread#2" [stack: 0x000000c32c500000,0x000000c32c600000] [id=7592]
  0x00000227cafed000 GCTaskThread "GC Thread#3" [stack: 0x000000c32c600000,0x000000c32c700000] [id=10368]
  0x00000227cafed800 GCTaskThread "GC Thread#4" [stack: 0x000000c32c700000,0x000000c32c800000] [id=17196]
  0x00000227ca60d000 GCTaskThread "GC Thread#5" [stack: 0x000000c32c800000,0x000000c32c900000] [id=11136]
  0x00000227ca60c800 GCTaskThread "GC Thread#6" [stack: 0x000000c32c900000,0x000000c32ca00000] [id=16356]
  0x00000227ca60e000 GCTaskThread "GC Thread#7" [stack: 0x000000c32ca00000,0x000000c32cb00000] [id=14876]
  0x00000227ae1f2800 ConcurrentGCThread "G1 Main Marker" [stack: 0x000000c32ad00000,0x000000c32ae00000] [id=11328]
  0x00000227ae1f5000 ConcurrentGCThread "G1 Conc#0" [stack: 0x000000c32ae00000,0x000000c32af00000] [id=13328]
  0x00000227ca611000 ConcurrentGCThread "G1 Conc#1" [stack: 0x000000c32d300000,0x000000c32d400000] [id=17036]
  0x00000227ae27e800 ConcurrentGCThread "G1 Refine#0" [stack: 0x000000c32af00000,0x000000c32b000000] [id=7476]
  0x00000227c9cb1800 ConcurrentGCThread "G1 Refine#1" [stack: 0x000000c32cb00000,0x000000c32cc00000] [id=15464]
  0x00000227c9c14000 ConcurrentGCThread "G1 Refine#2" [stack: 0x000000c32cc00000,0x000000c32cd00000] [id=3404]
  0x00000227ae27f800 ConcurrentGCThread "G1 Young RemSet Sampling" [stack: 0x000000c32b000000,0x000000c32b100000] [id=13980]

Threads with active compile tasks:
C2 CompilerThread0  14314 9937 %     4       com.android.tools.r8.C.a.a.f::a @ 3156 (4333 bytes)
C1 CompilerThread0  14314 11373 %     3       com.android.tools.r8.ir.optimize.Z::a @ 55 (430 bytes)
C2 CompilerThread1  14314 11129       4       com.android.tools.r8.w.a.a.a.f.K::a (979 bytes)
C2 CompilerThread2  14314 11376       4       java.util.IdentityHashMap::clear (39 bytes)

VM state:at safepoint (normal execution)

VM Mutex/Monitor currently owned by a thread:  ([mutex/lock_event])
[0x00000227ae1ad050] Threads_lock - owner thread: 0x00000227c8480000
[0x00000227ae1ac750] Heap_lock - owner thread: 0x00000227cdb2b000

Heap address: 0x0000000080000000, size: 2048 MB, Compressed Oops mode: 32-bit
Narrow klass base: 0x0000000000000000, Narrow klass shift: 3
Compressed class space size: 1073741824 Address: 0x0000000100000000

Heap:
 garbage-first heap   total 281600K, used 120832K [0x0000000080000000, 0x0000000100000000)
  region size 1024K, 4 young (4096K), 4 survivors (4096K)
 Metaspace       used 91211K, capacity 93613K, committed 93824K, reserved 1130496K
  class space    used 11969K, capacity 12878K, committed 12928K, reserved 1048576K
Heap Regions: E=young(eden), S=young(survivor), O=old, HS=humongous(starts), HC=humongous(continues), CS=collection set, F=free, A=archive, TAMS=top-at-mark-start (previous, next)
|   0|0x0000000080000000, 0x0000000080100000, 0x0000000080100000|100%| O|  |TAMS 0x0000000080100000, 0x0000000080100000| Untracked 
|   1|0x0000000080100000, 0x0000000080200000, 0x0000000080200000|100%| O|  |TAMS 0x0000000080200000, 0x0000000080200000| Untracked 
|   2|0x0000000080200000, 0x0000000080300000, 0x0000000080300000|100%| O|  |TAMS 0x0000000080300000, 0x0000000080300000| Untracked 
|   3|0x0000000080300000, 0x0000000080400000, 0x0000000080400000|100%|HS|  |TAMS 0x0000000080400000, 0x0000000080400000| Complete 
|   4|0x0000000080400000, 0x0000000080500000, 0x0000000080500000|100%|HC|  |TAMS 0x0000000080500000, 0x0000000080500000| Complete 
|   5|0x0000000080500000, 0x0000000080600000, 0x0000000080600000|100%|HC|  |TAMS 0x0000000080600000, 0x0000000080600000| Complete 
|   6|0x0000000080600000, 0x0000000080700000, 0x0000000080700000|100%| O|  |TAMS 0x0000000080700000, 0x0000000080700000| Untracked 
|   7|0x0000000080700000, 0x0000000080800000, 0x0000000080800000|100%| O|  |TAMS 0x0000000080800000, 0x0000000080800000| Untracked 
|   8|0x0000000080800000, 0x0000000080900000, 0x0000000080900000|100%| O|  |TAMS 0x0000000080900000, 0x0000000080900000| Untracked 
|   9|0x0000000080900000, 0x0000000080a00000, 0x0000000080a00000|100%| O|  |TAMS 0x0000000080a00000, 0x0000000080a00000| Untracked 
|  10|0x0000000080a00000, 0x0000000080b00000, 0x0000000080b00000|100%| O|  |TAMS 0x0000000080b00000, 0x0000000080b00000| Untracked 
|  11|0x0000000080b00000, 0x0000000080c00000, 0x0000000080c00000|100%| O|  |TAMS 0x0000000080c00000, 0x0000000080c00000| Untracked 
|  12|0x0000000080c00000, 0x0000000080d00000, 0x0000000080d00000|100%| O|  |TAMS 0x0000000080d00000, 0x0000000080d00000| Untracked 
|  13|0x0000000080d00000, 0x0000000080e00000, 0x0000000080e00000|100%| O|  |TAMS 0x0000000080e00000, 0x0000000080e00000| Untracked 
|  14|0x0000000080e00000, 0x0000000080f00000, 0x0000000080f00000|100%| O|  |TAMS 0x0000000080f00000, 0x0000000080f00000| Untracked 
|  15|0x0000000080f00000, 0x0000000081000000, 0x0000000081000000|100%| O|  |TAMS 0x0000000081000000, 0x0000000081000000| Untracked 
|  16|0x0000000081000000, 0x0000000081100000, 0x0000000081100000|100%| O|  |TAMS 0x0000000081100000, 0x0000000081100000| Untracked 
|  17|0x0000000081100000, 0x0000000081200000, 0x0000000081200000|100%| O|  |TAMS 0x0000000081200000, 0x0000000081200000| Untracked 
|  18|0x0000000081200000, 0x0000000081300000, 0x0000000081300000|100%| O|  |TAMS 0x0000000081300000, 0x0000000081300000| Untracked 
|  19|0x0000000081300000, 0x0000000081400000, 0x0000000081400000|100%| O|  |TAMS 0x0000000081400000, 0x0000000081400000| Untracked 
|  20|0x0000000081400000, 0x0000000081500000, 0x0000000081500000|100%| O|  |TAMS 0x0000000081500000, 0x0000000081500000| Untracked 
|  21|0x0000000081500000, 0x0000000081600000, 0x0000000081600000|100%|HS|  |TAMS 0x0000000081600000, 0x0000000081600000| Complete 
|  22|0x0000000081600000, 0x0000000081700000, 0x0000000081700000|100%| O|  |TAMS 0x0000000081700000, 0x0000000081700000| Untracked 
|  23|0x0000000081700000, 0x0000000081800000, 0x0000000081800000|100%| O|  |TAMS 0x0000000081800000, 0x0000000081800000| Untracked 
|  24|0x0000000081800000, 0x0000000081900000, 0x0000000081900000|100%|HS|  |TAMS 0x0000000081900000, 0x0000000081900000| Complete 
|  25|0x0000000081900000, 0x0000000081a00000, 0x0000000081a00000|100%|HC|  |TAMS 0x0000000081a00000, 0x0000000081a00000| Complete 
|  26|0x0000000081a00000, 0x0000000081b00000, 0x0000000081b00000|100%| O|  |TAMS 0x0000000081b00000, 0x0000000081b00000| Untracked 
|  27|0x0000000081b00000, 0x0000000081c00000, 0x0000000081c00000|100%| O|  |TAMS 0x0000000081c00000, 0x0000000081c00000| Untracked 
|  28|0x0000000081c00000, 0x0000000081d00000, 0x0000000081d00000|100%| O|  |TAMS 0x0000000081d00000, 0x0000000081d00000| Untracked 
|  29|0x0000000081d00000, 0x0000000081e00000, 0x0000000081e00000|100%| O|  |TAMS 0x0000000081e00000, 0x0000000081e00000| Untracked 
|  30|0x0000000081e00000, 0x0000000081f00000, 0x0000000081f00000|100%| O|  |TAMS 0x0000000081f00000, 0x0000000081f00000| Untracked 
|  31|0x0000000081f00000, 0x0000000082000000, 0x0000000082000000|100%| O|  |TAMS 0x0000000082000000, 0x0000000082000000| Untracked 
|  32|0x0000000082000000, 0x0000000082100000, 0x0000000082100000|100%| O|  |TAMS 0x0000000082100000, 0x0000000082100000| Untracked 
|  33|0x0000000082100000, 0x0000000082200000, 0x0000000082200000|100%| O|  |TAMS 0x0000000082200000, 0x0000000082200000| Untracked 
|  34|0x0000000082200000, 0x0000000082300000, 0x0000000082300000|100%| O|  |TAMS 0x0000000082300000, 0x0000000082300000| Untracked 
|  35|0x0000000082300000, 0x0000000082400000, 0x0000000082400000|100%| O|  |TAMS 0x0000000082400000, 0x0000000082400000| Untracked 
|  36|0x0000000082400000, 0x0000000082500000, 0x0000000082500000|100%| O|  |TAMS 0x0000000082500000, 0x0000000082500000| Untracked 
|  37|0x0000000082500000, 0x0000000082600000, 0x0000000082600000|100%| O|  |TAMS 0x0000000082600000, 0x0000000082600000| Untracked 
|  38|0x0000000082600000, 0x0000000082700000, 0x0000000082700000|100%| O|  |TAMS 0x0000000082700000, 0x0000000082700000| Untracked 
|  39|0x0000000082700000, 0x0000000082800000, 0x0000000082800000|100%| O|  |TAMS 0x0000000082800000, 0x0000000082800000| Untracked 
|  40|0x0000000082800000, 0x0000000082900000, 0x0000000082900000|100%| O|  |TAMS 0x0000000082900000, 0x0000000082900000| Untracked 
|  41|0x0000000082900000, 0x0000000082a00000, 0x0000000082a00000|100%| O|  |TAMS 0x0000000082a00000, 0x0000000082a00000| Untracked 
|  42|0x0000000082a00000, 0x0000000082b00000, 0x0000000082b00000|100%| O|  |TAMS 0x0000000082b00000, 0x0000000082b00000| Untracked 
|  43|0x0000000082b00000, 0x0000000082c00000, 0x0000000082c00000|100%| O|  |TAMS 0x0000000082c00000, 0x0000000082c00000| Untracked 
|  44|0x0000000082c00000, 0x0000000082d00000, 0x0000000082d00000|100%| O|  |TAMS 0x0000000082d00000, 0x0000000082d00000| Untracked 
|  45|0x0000000082d00000, 0x0000000082e00000, 0x0000000082e00000|100%| O|  |TAMS 0x0000000082e00000, 0x0000000082e00000| Untracked 
|  46|0x0000000082e00000, 0x0000000082f00000, 0x0000000082f00000|100%| O|  |TAMS 0x0000000082f00000, 0x0000000082f00000| Untracked 
|  47|0x0000000082f00000, 0x0000000083000000, 0x0000000083000000|100%| O|  |TAMS 0x0000000083000000, 0x0000000083000000| Untracked 
|  48|0x0000000083000000, 0x0000000083100000, 0x0000000083100000|100%| O|  |TAMS 0x0000000083100000, 0x0000000083100000| Untracked 
|  49|0x0000000083100000, 0x0000000083200000, 0x0000000083200000|100%| O|  |TAMS 0x0000000083200000, 0x0000000083200000| Untracked 
|  50|0x0000000083200000, 0x0000000083300000, 0x0000000083300000|100%| O|  |TAMS 0x0000000083300000, 0x0000000083300000| Untracked 
|  51|0x0000000083300000, 0x0000000083400000, 0x0000000083400000|100%| O|  |TAMS 0x0000000083400000, 0x0000000083400000| Untracked 
|  52|0x0000000083400000, 0x0000000083500000, 0x0000000083500000|100%| O|  |TAMS 0x0000000083500000, 0x0000000083500000| Untracked 
|  53|0x0000000083500000, 0x0000000083600000, 0x0000000083600000|100%| O|  |TAMS 0x0000000083600000, 0x0000000083600000| Untracked 
|  54|0x0000000083600000, 0x0000000083700000, 0x0000000083700000|100%| O|  |TAMS 0x0000000083700000, 0x0000000083700000| Untracked 
|  55|0x0000000083700000, 0x0000000083800000, 0x0000000083800000|100%| O|  |TAMS 0x0000000083800000, 0x0000000083800000| Untracked 
|  56|0x0000000083800000, 0x0000000083900000, 0x0000000083900000|100%| O|  |TAMS 0x0000000083900000, 0x0000000083900000| Untracked 
|  57|0x0000000083900000, 0x0000000083a00000, 0x0000000083a00000|100%| O|  |TAMS 0x0000000083a00000, 0x0000000083a00000| Untracked 
|  58|0x0000000083a00000, 0x0000000083b00000, 0x0000000083b00000|100%| O|  |TAMS 0x0000000083b00000, 0x0000000083b00000| Untracked 
|  59|0x0000000083b00000, 0x0000000083c00000, 0x0000000083c00000|100%| O|  |TAMS 0x0000000083c00000, 0x0000000083c00000| Untracked 
|  60|0x0000000083c00000, 0x0000000083d00000, 0x0000000083d00000|100%| O|  |TAMS 0x0000000083d00000, 0x0000000083d00000| Untracked 
|  61|0x0000000083d00000, 0x0000000083e00000, 0x0000000083e00000|100%| O|  |TAMS 0x0000000083e00000, 0x0000000083e00000| Untracked 
|  62|0x0000000083e00000, 0x0000000083f00000, 0x0000000083f00000|100%| O|  |TAMS 0x0000000083f00000, 0x0000000083f00000| Untracked 
|  63|0x0000000083f00000, 0x0000000084000000, 0x0000000084000000|100%| O|  |TAMS 0x0000000084000000, 0x0000000084000000| Untracked 
|  64|0x0000000084000000, 0x0000000084100000, 0x0000000084100000|100%| O|  |TAMS 0x0000000084100000, 0x0000000084100000| Untracked 
|  65|0x0000000084100000, 0x0000000084200000, 0x0000000084200000|100%| O|  |TAMS 0x0000000084200000, 0x0000000084200000| Untracked 
|  66|0x0000000084200000, 0x0000000084300000, 0x0000000084300000|100%| O|  |TAMS 0x0000000084300000, 0x0000000084300000| Untracked 
|  67|0x0000000084300000, 0x0000000084400000, 0x0000000084400000|100%| O|  |TAMS 0x0000000084400000, 0x0000000084400000| Untracked 
|  68|0x0000000084400000, 0x0000000084500000, 0x0000000084500000|100%| O|  |TAMS 0x0000000084500000, 0x0000000084500000| Untracked 
|  69|0x0000000084500000, 0x0000000084600000, 0x0000000084600000|100%| O|  |TAMS 0x0000000084600000, 0x0000000084600000| Untracked 
|  70|0x0000000084600000, 0x0000000084700000, 0x0000000084700000|100%| O|  |TAMS 0x0000000084700000, 0x0000000084700000| Untracked 
|  71|0x0000000084700000, 0x0000000084800000, 0x0000000084800000|100%| O|  |TAMS 0x0000000084800000, 0x0000000084800000| Untracked 
|  72|0x0000000084800000, 0x0000000084900000, 0x0000000084900000|100%| O|  |TAMS 0x0000000084900000, 0x0000000084900000| Untracked 
|  73|0x0000000084900000, 0x0000000084a00000, 0x0000000084a00000|100%| O|  |TAMS 0x0000000084a00000, 0x0000000084a00000| Untracked 
|  74|0x0000000084a00000, 0x0000000084b00000, 0x0000000084b00000|100%| O|  |TAMS 0x0000000084b00000, 0x0000000084b00000| Untracked 
|  75|0x0000000084b00000, 0x0000000084c00000, 0x0000000084c00000|100%| O|  |TAMS 0x0000000084c00000, 0x0000000084c00000| Untracked 
|  76|0x0000000084c00000, 0x0000000084d00000, 0x0000000084d00000|100%| O|  |TAMS 0x0000000084d00000, 0x0000000084d00000| Untracked 
|  77|0x0000000084d00000, 0x0000000084e00000, 0x0000000084e00000|100%| O|  |TAMS 0x0000000084e00000, 0x0000000084e00000| Untracked 
|  78|0x0000000084e00000, 0x0000000084f00000, 0x0000000084f00000|100%| O|  |TAMS 0x0000000084f00000, 0x0000000084f00000| Untracked 
|  79|0x0000000084f00000, 0x0000000085000000, 0x0000000085000000|100%| O|  |TAMS 0x0000000085000000, 0x0000000085000000| Untracked 
|  80|0x0000000085000000, 0x0000000085100000, 0x0000000085100000|100%| O|  |TAMS 0x0000000085100000, 0x0000000085100000| Untracked 
|  81|0x0000000085100000, 0x0000000085200000, 0x0000000085200000|100%| O|  |TAMS 0x0000000085200000, 0x0000000085200000| Untracked 
|  82|0x0000000085200000, 0x0000000085300000, 0x0000000085300000|100%| O|  |TAMS 0x0000000085300000, 0x0000000085300000| Untracked 
|  83|0x0000000085300000, 0x0000000085400000, 0x0000000085400000|100%| O|  |TAMS 0x0000000085400000, 0x0000000085400000| Untracked 
|  84|0x0000000085400000, 0x0000000085500000, 0x0000000085500000|100%| O|  |TAMS 0x0000000085500000, 0x0000000085500000| Untracked 
|  85|0x0000000085500000, 0x0000000085600000, 0x0000000085600000|100%| O|  |TAMS 0x0000000085600000, 0x0000000085600000| Untracked 
|  86|0x0000000085600000, 0x0000000085700000, 0x0000000085700000|100%| O|  |TAMS 0x0000000085700000, 0x0000000085700000| Untracked 
|  87|0x0000000085700000, 0x0000000085800000, 0x0000000085800000|100%| O|  |TAMS 0x0000000085800000, 0x0000000085800000| Untracked 
|  88|0x0000000085800000, 0x0000000085900000, 0x0000000085900000|100%| O|  |TAMS 0x0000000085900000, 0x0000000085900000| Untracked 
|  89|0x0000000085900000, 0x0000000085a00000, 0x0000000085a00000|100%| O|  |TAMS 0x0000000085a00000, 0x0000000085a00000| Untracked 
|  90|0x0000000085a00000, 0x0000000085b00000, 0x0000000085b00000|100%| O|  |TAMS 0x0000000085b00000, 0x0000000085b00000| Untracked 
|  91|0x0000000085b00000, 0x0000000085c00000, 0x0000000085c00000|100%| O|  |TAMS 0x0000000085c00000, 0x0000000085c00000| Untracked 
|  92|0x0000000085c00000, 0x0000000085d00000, 0x0000000085d00000|100%| O|  |TAMS 0x0000000085d00000, 0x0000000085d00000| Untracked 
|  93|0x0000000085d00000, 0x0000000085e00000, 0x0000000085e00000|100%| O|  |TAMS 0x0000000085e00000, 0x0000000085e00000| Untracked 
|  94|0x0000000085e00000, 0x0000000085f00000, 0x0000000085f00000|100%| O|  |TAMS 0x0000000085f00000, 0x0000000085f00000| Untracked 
|  95|0x0000000085f00000, 0x0000000086000000, 0x0000000086000000|100%| O|  |TAMS 0x0000000086000000, 0x0000000086000000| Untracked 
|  96|0x0000000086000000, 0x0000000086100000, 0x0000000086100000|100%| O|  |TAMS 0x0000000086100000, 0x0000000086100000| Untracked 
|  97|0x0000000086100000, 0x0000000086200000, 0x0000000086200000|100%| O|  |TAMS 0x0000000086200000, 0x0000000086200000| Untracked 
|  98|0x0000000086200000, 0x0000000086300000, 0x0000000086300000|100%| O|  |TAMS 0x0000000086300000, 0x0000000086300000| Untracked 
|  99|0x0000000086300000, 0x0000000086400000, 0x0000000086400000|100%| O|  |TAMS 0x0000000086400000, 0x0000000086400000| Untracked 
| 100|0x0000000086400000, 0x0000000086500000, 0x0000000086500000|100%| O|  |TAMS 0x0000000086500000, 0x0000000086500000| Untracked 
| 101|0x0000000086500000, 0x0000000086600000, 0x0000000086600000|100%| O|  |TAMS 0x0000000086600000, 0x0000000086600000| Untracked 
| 102|0x0000000086600000, 0x0000000086700000, 0x0000000086700000|100%| O|  |TAMS 0x0000000086700000, 0x0000000086700000| Untracked 
| 103|0x0000000086700000, 0x0000000086800000, 0x0000000086800000|100%| O|  |TAMS 0x0000000086800000, 0x0000000086800000| Untracked 
| 104|0x0000000086800000, 0x0000000086900000, 0x0000000086900000|100%| O|  |TAMS 0x0000000086900000, 0x0000000086900000| Untracked 
| 105|0x0000000086900000, 0x0000000086a00000, 0x0000000086a00000|100%| O|  |TAMS 0x0000000086a00000, 0x0000000086a00000| Untracked 
| 106|0x0000000086a00000, 0x0000000086b00000, 0x0000000086b00000|100%| O|  |TAMS 0x0000000086a00000, 0x0000000086b00000| Untracked 
| 107|0x0000000086b00000, 0x0000000086c00000, 0x0000000086c00000|100%| O|  |TAMS 0x0000000086b00000, 0x0000000086c00000| Untracked 
| 108|0x0000000086c00000, 0x0000000086d00000, 0x0000000086d00000|100%| O|  |TAMS 0x0000000086c00000, 0x0000000086d00000| Untracked 
| 109|0x0000000086d00000, 0x0000000086e00000, 0x0000000086e00000|100%| O|  |TAMS 0x0000000086d00000, 0x0000000086e00000| Untracked 
| 110|0x0000000086e00000, 0x0000000086f00000, 0x0000000086f00000|100%| O|  |TAMS 0x0000000086e00000, 0x0000000086f00000| Untracked 
| 111|0x0000000086f00000, 0x0000000087000000, 0x0000000087000000|100%| O|  |TAMS 0x0000000086f00000, 0x0000000087000000| Untracked 
| 112|0x0000000087000000, 0x0000000087100000, 0x0000000087100000|100%| O|  |TAMS 0x0000000087000000, 0x0000000087100000| Untracked 
| 113|0x0000000087100000, 0x0000000087200000, 0x0000000087200000|100%| O|  |TAMS 0x0000000087100000, 0x0000000087200000| Untracked 
| 114|0x0000000087200000, 0x0000000087200000, 0x0000000087300000|  0%| F|  |TAMS 0x0000000087200000, 0x0000000087200000| Untracked 
| 115|0x0000000087300000, 0x0000000087300000, 0x0000000087400000|  0%| F|  |TAMS 0x0000000087300000, 0x0000000087300000| Untracked 
| 116|0x0000000087400000, 0x0000000087400000, 0x0000000087500000|  0%| F|  |TAMS 0x0000000087400000, 0x0000000087400000| Untracked 
| 117|0x0000000087500000, 0x0000000087500000, 0x0000000087600000|  0%| F|  |TAMS 0x0000000087500000, 0x0000000087500000| Untracked 
| 118|0x0000000087600000, 0x0000000087600000, 0x0000000087700000|  0%| F|  |TAMS 0x0000000087600000, 0x0000000087600000| Untracked 
| 119|0x0000000087700000, 0x0000000087700000, 0x0000000087800000|  0%| F|  |TAMS 0x0000000087700000, 0x0000000087700000| Untracked 
| 120|0x0000000087800000, 0x0000000087800000, 0x0000000087900000|  0%| F|  |TAMS 0x0000000087800000, 0x0000000087800000| Untracked 
| 121|0x0000000087900000, 0x0000000087900000, 0x0000000087a00000|  0%| F|  |TAMS 0x0000000087900000, 0x0000000087900000| Untracked 
| 122|0x0000000087a00000, 0x0000000087a00000, 0x0000000087b00000|  0%| F|  |TAMS 0x0000000087a00000, 0x0000000087a00000| Untracked 
| 123|0x0000000087b00000, 0x0000000087b00000, 0x0000000087c00000|  0%| F|  |TAMS 0x0000000087b00000, 0x0000000087b00000| Untracked 
| 124|0x0000000087c00000, 0x0000000087c00000, 0x0000000087d00000|  0%| F|  |TAMS 0x0000000087c00000, 0x0000000087c00000| Untracked 
| 125|0x0000000087d00000, 0x0000000087d00000, 0x0000000087e00000|  0%| F|  |TAMS 0x0000000087d00000, 0x0000000087d00000| Untracked 
| 126|0x0000000087e00000, 0x0000000087e00000, 0x0000000087f00000|  0%| F|  |TAMS 0x0000000087e00000, 0x0000000087e00000| Untracked 
| 127|0x0000000087f00000, 0x0000000087f00000, 0x0000000088000000|  0%| F|  |TAMS 0x0000000087f00000, 0x0000000087f00000| Untracked 
| 128|0x0000000088000000, 0x0000000088000000, 0x0000000088100000|  0%| F|  |TAMS 0x0000000088000000, 0x0000000088000000| Untracked 
| 129|0x0000000088100000, 0x0000000088100000, 0x0000000088200000|  0%| F|  |TAMS 0x0000000088100000, 0x0000000088100000| Untracked 
| 130|0x0000000088200000, 0x0000000088200000, 0x0000000088300000|  0%| F|  |TAMS 0x0000000088200000, 0x0000000088200000| Untracked 
| 131|0x0000000088300000, 0x0000000088300000, 0x0000000088400000|  0%| F|  |TAMS 0x0000000088300000, 0x0000000088300000| Untracked 
| 132|0x0000000088400000, 0x0000000088400000, 0x0000000088500000|  0%| F|  |TAMS 0x0000000088400000, 0x0000000088400000| Untracked 
| 133|0x0000000088500000, 0x0000000088500000, 0x0000000088600000|  0%| F|  |TAMS 0x0000000088500000, 0x0000000088500000| Untracked 
| 134|0x0000000088600000, 0x0000000088600000, 0x0000000088700000|  0%| F|  |TAMS 0x0000000088600000, 0x0000000088600000| Untracked 
| 135|0x0000000088700000, 0x0000000088700000, 0x0000000088800000|  0%| F|  |TAMS 0x0000000088700000, 0x0000000088700000| Untracked 
| 136|0x0000000088800000, 0x0000000088800000, 0x0000000088900000|  0%| F|  |TAMS 0x0000000088800000, 0x0000000088800000| Untracked 
| 137|0x0000000088900000, 0x0000000088900000, 0x0000000088a00000|  0%| F|  |TAMS 0x0000000088900000, 0x0000000088900000| Untracked 
| 138|0x0000000088a00000, 0x0000000088a00000, 0x0000000088b00000|  0%| F|  |TAMS 0x0000000088a00000, 0x0000000088a00000| Untracked 
| 139|0x0000000088b00000, 0x0000000088b00000, 0x0000000088c00000|  0%| F|  |TAMS 0x0000000088b00000, 0x0000000088b00000| Untracked 
| 140|0x0000000088c00000, 0x0000000088c00000, 0x0000000088d00000|  0%| F|  |TAMS 0x0000000088c00000, 0x0000000088c00000| Untracked 
| 141|0x0000000088d00000, 0x0000000088d00000, 0x0000000088e00000|  0%| F|  |TAMS 0x0000000088d00000, 0x0000000088d00000| Untracked 
| 142|0x0000000088e00000, 0x0000000088e00000, 0x0000000088f00000|  0%| F|  |TAMS 0x0000000088e00000, 0x0000000088e00000| Untracked 
| 143|0x0000000088f00000, 0x0000000088f00000, 0x0000000089000000|  0%| F|  |TAMS 0x0000000088f00000, 0x0000000088f00000| Untracked 
| 144|0x0000000089000000, 0x0000000089000000, 0x0000000089100000|  0%| F|  |TAMS 0x0000000089000000, 0x0000000089000000| Untracked 
| 145|0x0000000089100000, 0x0000000089100000, 0x0000000089200000|  0%| F|  |TAMS 0x0000000089100000, 0x0000000089100000| Untracked 
| 146|0x0000000089200000, 0x0000000089200000, 0x0000000089300000|  0%| F|  |TAMS 0x0000000089200000, 0x0000000089200000| Untracked 
| 147|0x0000000089300000, 0x0000000089300000, 0x0000000089400000|  0%| F|  |TAMS 0x0000000089300000, 0x0000000089300000| Untracked 
| 148|0x0000000089400000, 0x0000000089500000, 0x0000000089500000|100%| S|CS|TAMS 0x0000000089400000, 0x0000000089400000| Complete 
| 149|0x0000000089500000, 0x0000000089600000, 0x0000000089600000|100%| S|CS|TAMS 0x0000000089500000, 0x0000000089500000| Complete 
| 150|0x0000000089600000, 0x0000000089700000, 0x0000000089700000|100%| S|CS|TAMS 0x0000000089600000, 0x0000000089600000| Complete 
| 151|0x0000000089700000, 0x0000000089700000, 0x0000000089800000|  0%| F|  |TAMS 0x0000000089700000, 0x0000000089700000| Untracked 
| 152|0x0000000089800000, 0x0000000089800000, 0x0000000089900000|  0%| F|  |TAMS 0x0000000089800000, 0x0000000089800000| Untracked 
| 153|0x0000000089900000, 0x0000000089900000, 0x0000000089a00000|  0%| F|  |TAMS 0x0000000089900000, 0x0000000089900000| Untracked 
| 154|0x0000000089a00000, 0x0000000089a00000, 0x0000000089b00000|  0%| F|  |TAMS 0x0000000089a00000, 0x0000000089a00000| Untracked 
| 155|0x0000000089b00000, 0x0000000089c00000, 0x0000000089c00000|100%| S|CS|TAMS 0x0000000089b00000, 0x0000000089b00000| Complete 
| 156|0x0000000089c00000, 0x0000000089c00000, 0x0000000089d00000|  0%| F|  |TAMS 0x0000000089c00000, 0x0000000089c00000| Untracked 
| 157|0x0000000089d00000, 0x0000000089d00000, 0x0000000089e00000|  0%| F|  |TAMS 0x0000000089d00000, 0x0000000089d00000| Untracked 
| 158|0x0000000089e00000, 0x0000000089e00000, 0x0000000089f00000|  0%| F|  |TAMS 0x0000000089e00000, 0x0000000089e00000| Untracked 
| 159|0x0000000089f00000, 0x0000000089f00000, 0x000000008a000000|  0%| F|  |TAMS 0x0000000089f00000, 0x0000000089f00000| Untracked 
| 160|0x000000008a000000, 0x000000008a000000, 0x000000008a100000|  0%| F|  |TAMS 0x000000008a000000, 0x000000008a000000| Untracked 
| 161|0x000000008a100000, 0x000000008a100000, 0x000000008a200000|  0%| F|  |TAMS 0x000000008a100000, 0x000000008a100000| Untracked 
| 162|0x000000008a200000, 0x000000008a200000, 0x000000008a300000|  0%| F|  |TAMS 0x000000008a200000, 0x000000008a200000| Untracked 
| 163|0x000000008a300000, 0x000000008a300000, 0x000000008a400000|  0%| F|  |TAMS 0x000000008a300000, 0x000000008a300000| Untracked 
| 164|0x000000008a400000, 0x000000008a400000, 0x000000008a500000|  0%| F|  |TAMS 0x000000008a400000, 0x000000008a400000| Untracked 
| 165|0x000000008a500000, 0x000000008a500000, 0x000000008a600000|  0%| F|  |TAMS 0x000000008a500000, 0x000000008a500000| Untracked 
| 166|0x000000008a600000, 0x000000008a600000, 0x000000008a700000|  0%| F|  |TAMS 0x000000008a600000, 0x000000008a600000| Untracked 
| 167|0x000000008a700000, 0x000000008a700000, 0x000000008a800000|  0%| F|  |TAMS 0x000000008a700000, 0x000000008a700000| Untracked 
| 168|0x000000008a800000, 0x000000008a800000, 0x000000008a900000|  0%| F|  |TAMS 0x000000008a800000, 0x000000008a800000| Untracked 
| 169|0x000000008a900000, 0x000000008a900000, 0x000000008aa00000|  0%| F|  |TAMS 0x000000008a900000, 0x000000008a900000| Untracked 
| 170|0x000000008aa00000, 0x000000008aa00000, 0x000000008ab00000|  0%| F|  |TAMS 0x000000008aa00000, 0x000000008aa00000| Untracked 
| 171|0x000000008ab00000, 0x000000008ab00000, 0x000000008ac00000|  0%| F|  |TAMS 0x000000008ab00000, 0x000000008ab00000| Untracked 
| 172|0x000000008ac00000, 0x000000008ac00000, 0x000000008ad00000|  0%| F|  |TAMS 0x000000008ac00000, 0x000000008ac00000| Untracked 
| 173|0x000000008ad00000, 0x000000008ad00000, 0x000000008ae00000|  0%| F|  |TAMS 0x000000008ad00000, 0x000000008ad00000| Untracked 
| 174|0x000000008ae00000, 0x000000008ae00000, 0x000000008af00000|  0%| F|  |TAMS 0x000000008ae00000, 0x000000008ae00000| Untracked 
| 175|0x000000008af00000, 0x000000008af00000, 0x000000008b000000|  0%| F|  |TAMS 0x000000008af00000, 0x000000008af00000| Untracked 
| 176|0x000000008b000000, 0x000000008b000000, 0x000000008b100000|  0%| F|  |TAMS 0x000000008b000000, 0x000000008b000000| Untracked 
| 177|0x000000008b100000, 0x000000008b100000, 0x000000008b200000|  0%| F|  |TAMS 0x000000008b100000, 0x000000008b100000| Untracked 
| 178|0x000000008b200000, 0x000000008b200000, 0x000000008b300000|  0%| F|  |TAMS 0x000000008b200000, 0x000000008b200000| Untracked 
| 179|0x000000008b300000, 0x000000008b300000, 0x000000008b400000|  0%| F|  |TAMS 0x000000008b300000, 0x000000008b300000| Untracked 
| 180|0x000000008b400000, 0x000000008b400000, 0x000000008b500000|  0%| F|  |TAMS 0x000000008b400000, 0x000000008b400000| Untracked 
| 181|0x000000008b500000, 0x000000008b500000, 0x000000008b600000|  0%| F|  |TAMS 0x000000008b500000, 0x000000008b500000| Untracked 
| 182|0x000000008b600000, 0x000000008b600000, 0x000000008b700000|  0%| F|  |TAMS 0x000000008b600000, 0x000000008b600000| Untracked 
| 183|0x000000008b700000, 0x000000008b700000, 0x000000008b800000|  0%| F|  |TAMS 0x000000008b700000, 0x000000008b700000| Untracked 
| 184|0x000000008b800000, 0x000000008b800000, 0x000000008b900000|  0%| F|  |TAMS 0x000000008b800000, 0x000000008b800000| Untracked 
| 185|0x000000008b900000, 0x000000008b900000, 0x000000008ba00000|  0%| F|  |TAMS 0x000000008b900000, 0x000000008b900000| Untracked 
| 186|0x000000008ba00000, 0x000000008ba00000, 0x000000008bb00000|  0%| F|  |TAMS 0x000000008ba00000, 0x000000008ba00000| Untracked 
| 187|0x000000008bb00000, 0x000000008bb00000, 0x000000008bc00000|  0%| F|  |TAMS 0x000000008bb00000, 0x000000008bb00000| Untracked 
| 188|0x000000008bc00000, 0x000000008bc00000, 0x000000008bd00000|  0%| F|  |TAMS 0x000000008bc00000, 0x000000008bc00000| Untracked 
| 189|0x000000008bd00000, 0x000000008bd00000, 0x000000008be00000|  0%| F|  |TAMS 0x000000008bd00000, 0x000000008bd00000| Untracked 
| 190|0x000000008be00000, 0x000000008be00000, 0x000000008bf00000|  0%| F|  |TAMS 0x000000008be00000, 0x000000008be00000| Untracked 
| 191|0x000000008bf00000, 0x000000008bf00000, 0x000000008c000000|  0%| F|  |TAMS 0x000000008bf00000, 0x000000008bf00000| Untracked 
| 192|0x000000008c000000, 0x000000008c000000, 0x000000008c100000|  0%| F|  |TAMS 0x000000008c000000, 0x000000008c000000| Untracked 
| 193|0x000000008c100000, 0x000000008c100000, 0x000000008c200000|  0%| F|  |TAMS 0x000000008c100000, 0x000000008c100000| Untracked 
| 194|0x000000008c200000, 0x000000008c200000, 0x000000008c300000|  0%| F|  |TAMS 0x000000008c200000, 0x000000008c200000| Untracked 
| 195|0x000000008c300000, 0x000000008c300000, 0x000000008c400000|  0%| F|  |TAMS 0x000000008c300000, 0x000000008c300000| Untracked 
| 196|0x000000008c400000, 0x000000008c400000, 0x000000008c500000|  0%| F|  |TAMS 0x000000008c400000, 0x000000008c400000| Untracked 
| 197|0x000000008c500000, 0x000000008c500000, 0x000000008c600000|  0%| F|  |TAMS 0x000000008c500000, 0x000000008c500000| Untracked 
| 198|0x000000008c600000, 0x000000008c600000, 0x000000008c700000|  0%| F|  |TAMS 0x000000008c600000, 0x000000008c600000| Untracked 
| 199|0x000000008c700000, 0x000000008c700000, 0x000000008c800000|  0%| F|  |TAMS 0x000000008c700000, 0x000000008c700000| Untracked 
| 200|0x000000008c800000, 0x000000008c800000, 0x000000008c900000|  0%| F|  |TAMS 0x000000008c800000, 0x000000008c800000| Untracked 
| 201|0x000000008c900000, 0x000000008c900000, 0x000000008ca00000|  0%| F|  |TAMS 0x000000008c900000, 0x000000008c900000| Untracked 

Card table byte_map: [0x00000227c1260000,0x00000227c1660000] _byte_map_base: 0x00000227c0e60000

Marking Bits (Prev, Next): (CMBitMap*) 0x00000227ae1e9950, (CMBitMap*) 0x00000227ae1e9918
 Prev Bits: [0x00000227c3a60000, 0x00000227c5a60000)
 Next Bits: [0x00000227c1a60000, 0x00000227c3a60000)

Polling page: 0x00000227ac100000

Metaspace:

Usage:
  Non-class:     78.84 MB capacity,    77.38 MB ( 98%) used,     1.20 MB (  2%) free+waste,   260.19 KB ( <1%) overhead. 
      Class:     12.58 MB capacity,    11.69 MB ( 93%) used,   788.30 KB (  6%) free+waste,   120.19 KB ( <1%) overhead. 
       Both:     91.42 MB capacity,    89.07 MB ( 97%) used,     1.97 MB (  2%) free+waste,   380.38 KB ( <1%) overhead. 

Virtual space:
  Non-class space:       80.00 MB reserved,      79.00 MB ( 99%) committed 
      Class space:        1.00 GB reserved,      12.63 MB (  1%) committed 
             Both:        1.08 GB reserved,      91.63 MB (  8%) committed 

Chunk freelists:
   Non-Class:  33.00 KB
       Class:  18.00 KB
        Both:  51.00 KB

MaxMetaspaceSize: 17179869184.00 GB
CompressedClassSpaceSize: 1.00 GB

CodeHeap 'non-profiled nmethods': size=120000Kb used=5920Kb max_used=5920Kb free=114080Kb
 bounds [0x00000227b9600000, 0x00000227b9bd0000, 0x00000227c0b30000]
CodeHeap 'profiled nmethods': size=120000Kb used=23357Kb max_used=23357Kb free=96643Kb
 bounds [0x00000227b20d0000, 0x00000227b37b0000, 0x00000227b9600000]
CodeHeap 'non-nmethods': size=5760Kb used=2275Kb max_used=2340Kb free=3484Kb
 bounds [0x00000227b1b30000, 0x00000227b1da0000, 0x00000227b20d0000]
 total_blobs=11808 nmethods=10934 adapters=785
 compilation: enabled
              stopped_count=0, restarted_count=0
 full_count=0

Compilation events (20 events):
Event: 14.278 Thread 0x00000227cf494800 nmethod 11070 0x00000227b9bc6610 code [0x00000227b9bc67a0, 0x00000227b9bc6838]
Event: 14.278 Thread 0x00000227cf494800 11022       4       java.util.Collections$UnmodifiableList::indexOf (11 bytes)
Event: 14.279 Thread 0x00000227cf494800 nmethod 11022 0x00000227b9bc6910 code [0x00000227b9bc6aa0, 0x00000227b9bc6b38]
Event: 14.279 Thread 0x00000227cf494800 11266       4       com.android.tools.r8.v.b.o0::a (5 bytes)
Event: 14.279 Thread 0x00000227cf494800 nmethod 11266 0x00000227b9bc6c10 code [0x00000227b9bc6da0, 0x00000227b9bc6e18]
Event: 14.280 Thread 0x00000227cf494800 10195       4       com.android.tools.r8.C.a.a.f::a (37 bytes)
Event: 14.280 Thread 0x00000227c84a8800 nmethod 11365% 0x00000227b3797090 code [0x00000227b3797ae0, 0x00000227b379f328]
Event: 14.280 Thread 0x00000227c84a8800 11373 %     3       com.android.tools.r8.ir.optimize.Z::a @ 55 (430 bytes)
Event: 14.280 Thread 0x00000227cf494800 nmethod 10195 0x00000227b9bc6f10 code [0x00000227b9bc70a0, 0x00000227b9bc7118]
Event: 14.281 Thread 0x00000227cf494800 10200       4       com.android.tools.r8.graph.h1::m (2 bytes)
Event: 14.281 Thread 0x00000227cf494800 nmethod 10200 0x00000227b9bc7190 code [0x00000227b9bc7320, 0x00000227b9bc7378]
Event: 14.281 Thread 0x00000227cf494800 11267       4       com.android.tools.r8.v.b.o0::R0 (5 bytes)
Event: 14.281 Thread 0x00000227cf494800 nmethod 11267 0x00000227b9bc7410 code [0x00000227b9bc75a0, 0x00000227b9bc7618]
Event: 14.281 Thread 0x00000227cf494800 11173       4       com.android.tools.r8.w.a.a.a.f.k0::clear (6 bytes)
Event: 14.282 Thread 0x00000227cf494800 nmethod 11173 0x00000227b9bc7710 code [0x00000227b9bc78a0, 0x00000227b9bc78f8]
Event: 14.282 Thread 0x00000227cf494800 11271       4       com.android.tools.r8.v.b.o0::X1 (8 bytes)
Event: 14.283 Thread 0x00000227cf494800 nmethod 11271 0x00000227b9bc7990 code [0x00000227b9bc7b40, 0x00000227b9bc7c08]
Event: 14.283 Thread 0x00000227cf494800 11217       4       com.android.tools.r8.s.a.a.b.a2::contains (9 bytes)
Event: 14.283 Thread 0x00000227cf494800 nmethod 11217 0x00000227b9bc7d10 code [0x00000227b9bc7ea0, 0x00000227b9bc7f38]
Event: 14.283 Thread 0x00000227cf494800 11376       4       java.util.IdentityHashMap::clear (39 bytes)

GC Heap History (20 events):
Event: 10.458 GC heap after
{Heap after GC invocations=20 (full 0):
 garbage-first heap   total 143360K, used 59134K [0x0000000080000000, 0x0000000100000000)
  region size 1024K, 8 young (8192K), 8 survivors (8192K)
 Metaspace       used 74682K, capacity 76494K, committed 76544K, reserved 1116160K
  class space    used 9809K, capacity 10477K, committed 10496K, reserved 1048576K
}
Event: 11.058 GC heap before
{Heap before GC invocations=20 (full 0):
 garbage-first heap   total 143360K, used 108286K [0x0000000080000000, 0x0000000100000000)
  region size 1024K, 57 young (58368K), 8 survivors (8192K)
 Metaspace       used 75779K, capacity 77771K, committed 78080K, reserved 1116160K
  class space    used 9930K, capacity 10639K, committed 10752K, reserved 1048576K
}
Event: 11.070 GC heap after
{Heap after GC invocations=21 (full 0):
 garbage-first heap   total 172032K, used 62763K [0x0000000080000000, 0x0000000100000000)
  region size 1024K, 4 young (4096K), 4 survivors (4096K)
 Metaspace       used 75779K, capacity 77771K, committed 78080K, reserved 1116160K
  class space    used 9930K, capacity 10639K, committed 10752K, reserved 1048576K
}
Event: 11.611 GC heap before
{Heap before GC invocations=21 (full 0):
 garbage-first heap   total 172032K, used 125227K [0x0000000080000000, 0x0000000100000000)
  region size 1024K, 66 young (67584K), 4 survivors (4096K)
 Metaspace       used 76289K, capacity 78286K, committed 78592K, reserved 1118208K
  class space    used 9953K, capacity 10661K, committed 10752K, reserved 1048576K
}
Event: 11.619 GC heap after
{Heap after GC invocations=22 (full 0):
 garbage-first heap   total 172032K, used 65910K [0x0000000080000000, 0x0000000100000000)
  region size 1024K, 7 young (7168K), 7 survivors (7168K)
 Metaspace       used 76289K, capacity 78286K, committed 78592K, reserved 1118208K
  class space    used 9953K, capacity 10661K, committed 10752K, reserved 1048576K
}
Event: 12.156 GC heap before
{Heap before GC invocations=22 (full 0):
 garbage-first heap   total 172032K, used 130422K [0x0000000080000000, 0x0000000100000000)
  region size 1024K, 71 young (72704K), 7 survivors (7168K)
 Metaspace       used 78463K, capacity 80511K, committed 80640K, reserved 1118208K
  class space    used 10227K, capacity 10970K, committed 11008K, reserved 1048576K
}
Event: 12.165 GC heap after
{Heap after GC invocations=23 (full 0):
 garbage-first heap   total 172032K, used 69395K [0x0000000080000000, 0x0000000100000000)
  region size 1024K, 8 young (8192K), 8 survivors (8192K)
 Metaspace       used 78463K, capacity 80511K, committed 80640K, reserved 1118208K
  class space    used 10227K, capacity 10970K, committed 11008K, reserved 1048576K
}
Event: 12.523 GC heap before
{Heap before GC invocations=23 (full 0):
 garbage-first heap   total 172032K, used 132883K [0x0000000080000000, 0x0000000100000000)
  region size 1024K, 71 young (72704K), 8 survivors (8192K)
 Metaspace       used 81173K, capacity 83327K, committed 83456K, reserved 1122304K
  class space    used 10606K, capacity 11394K, committed 11520K, reserved 1048576K
}
Event: 12.533 GC heap after
{Heap after GC invocations=24 (full 0):
 garbage-first heap   total 172032K, used 76974K [0x0000000080000000, 0x0000000100000000)
  region size 1024K, 9 young (9216K), 9 survivors (9216K)
 Metaspace       used 81173K, capacity 83327K, committed 83456K, reserved 1122304K
  class space    used 10606K, capacity 11394K, committed 11520K, reserved 1048576K
}
Event: 12.772 GC heap before
{Heap before GC invocations=24 (full 0):
 garbage-first heap   total 172032K, used 134318K [0x0000000080000000, 0x0000000100000000)
  region size 1024K, 66 young (67584K), 9 survivors (9216K)
 Metaspace       used 83270K, capacity 85516K, committed 85760K, reserved 1124352K
  class space    used 10884K, capacity 11725K, committed 11776K, reserved 1048576K
}
Event: 12.784 GC heap after
{Heap after GC invocations=25 (full 0):
 garbage-first heap   total 172032K, used 87937K [0x0000000080000000, 0x0000000100000000)
  region size 1024K, 9 young (9216K), 9 survivors (9216K)
 Metaspace       used 83270K, capacity 85516K, committed 85760K, reserved 1124352K
  class space    used 10884K, capacity 11725K, committed 11776K, reserved 1048576K
}
Event: 13.065 GC heap before
{Heap before GC invocations=25 (full 0):
 garbage-first heap   total 172032K, used 136065K [0x0000000080000000, 0x0000000100000000)
  region size 1024K, 56 young (57344K), 9 survivors (9216K)
 Metaspace       used 85859K, capacity 88252K, committed 88448K, reserved 1126400K
  class space    used 11259K, capacity 12130K, committed 12160K, reserved 1048576K
}
Event: 13.099 GC heap after
{Heap after GC invocations=26 (full 0):
 garbage-first heap   total 206848K, used 94208K [0x0000000080000000, 0x0000000100000000)
  region size 1024K, 7 young (7168K), 7 survivors (7168K)
 Metaspace       used 85859K, capacity 88252K, committed 88448K, reserved 1126400K
  class space    used 11259K, capacity 12130K, committed 12160K, reserved 1048576K
}
Event: 13.366 GC heap before
{Heap before GC invocations=27 (full 0):
 garbage-first heap   total 206848K, used 156672K [0x0000000080000000, 0x0000000100000000)
  region size 1024K, 68 young (69632K), 7 survivors (7168K)
 Metaspace       used 86659K, capacity 88936K, committed 89472K, reserved 1126400K
  class space    used 11313K, capacity 12182K, committed 12416K, reserved 1048576K
}
Event: 13.389 GC heap after
{Heap after GC invocations=28 (full 0):
 garbage-first heap   total 206848K, used 107094K [0x0000000080000000, 0x0000000100000000)
  region size 1024K, 9 young (9216K), 9 survivors (9216K)
 Metaspace       used 86659K, capacity 88936K, committed 89472K, reserved 1126400K
  class space    used 11313K, capacity 12182K, committed 12416K, reserved 1048576K
}
Event: 13.628 GC heap before
{Heap before GC invocations=28 (full 0):
 garbage-first heap   total 206848K, used 159318K [0x0000000080000000, 0x0000000100000000)
  region size 1024K, 61 young (62464K), 9 survivors (9216K)
 Metaspace       used 88497K, capacity 90848K, committed 91264K, reserved 1128448K
  class space    used 11636K, capacity 12525K, committed 12672K, reserved 1048576K
}
Event: 13.646 GC heap after
{Heap after GC invocations=29 (full 0):
 garbage-first heap   total 206848K, used 116736K [0x0000000080000000, 0x0000000100000000)
  region size 1024K, 8 young (8192K), 8 survivors (8192K)
 Metaspace       used 88497K, capacity 90848K, committed 91264K, reserved 1128448K
  class space    used 11636K, capacity 12525K, committed 12672K, reserved 1048576K
}
Event: 14.038 GC heap before
{Heap before GC invocations=30 (full 0):
 garbage-first heap   total 206848K, used 164864K [0x0000000080000000, 0x0000000100000000)
  region size 1024K, 55 young (56320K), 8 survivors (8192K)
 Metaspace       used 90364K, capacity 92652K, committed 93056K, reserved 1130496K
  class space    used 11880K, capacity 12752K, committed 12928K, reserved 1048576K
}
Event: 14.049 GC heap after
{Heap after GC invocations=31 (full 0):
 garbage-first heap   total 206848K, used 120393K [0x0000000080000000, 0x0000000100000000)
  region size 1024K, 4 young (4096K), 4 survivors (4096K)
 Metaspace       used 90364K, capacity 92652K, committed 93056K, reserved 1130496K
  class space    used 11880K, capacity 12752K, committed 12928K, reserved 1048576K
}
Event: 14.285 GC heap before
{Heap before GC invocations=31 (full 0):
 garbage-first heap   total 206848K, used 166473K [0x0000000080000000, 0x0000000100000000)
  region size 1024K, 50 young (51200K), 4 survivors (4096K)
 Metaspace       used 91211K, capacity 93613K, committed 93824K, reserved 1130496K
  class space    used 11969K, capacity 12878K, committed 12928K, reserved 1048576K
}

Deoptimization events (20 events):
Event: 14.081 Thread 0x00000227cdb26800 Uncommon trap: trap_request=0xffffff4d fr.pc=0x00000227b9b9ebf8 relative=0x0000000000000058
Event: 14.081 Thread 0x00000227cdb26800 Uncommon trap: reason=unstable_if action=reinterpret pc=0x00000227b9b9ebf8 method=com.android.tools.r8.w.a.a.a.f.X$f.hasNext()Z @ 4 c2
Event: 14.081 Thread 0x00000227cdb26800 DEOPT PACKING pc=0x00000227b9b9ebf8 sp=0x000000c32e5f9d80
Event: 14.082 Thread 0x00000227cdb26800 DEOPT UNPACKING pc=0x00000227b1b574af sp=0x000000c32e5f9d10 mode 2
Event: 14.108 Thread 0x00000227cdb24800 Uncommon trap: trap_request=0xffffff4d fr.pc=0x00000227b9b73a40 relative=0x0000000000000200
Event: 14.108 Thread 0x00000227cdb24800 Uncommon trap: reason=unstable_if action=reinterpret pc=0x00000227b9b73a40 method=com.android.tools.r8.graph.s0.equals(Ljava/lang/Object;)Z @ 28 c2
Event: 14.108 Thread 0x00000227cdb24800 DEOPT PACKING pc=0x00000227b9b73a40 sp=0x000000c32e0fad40
Event: 14.108 Thread 0x00000227cdb24800 DEOPT UNPACKING pc=0x00000227b1b574af sp=0x000000c32e0facf0 mode 2
Event: 14.116 Thread 0x00000227cdb2b000 DEOPT PACKING pc=0x00000227b36c8e9b sp=0x000000c32e4f9b00
Event: 14.116 Thread 0x00000227cdb2b000 DEOPT UNPACKING pc=0x00000227b1b572ce sp=0x000000c32e4f8f70 mode 0
Event: 14.143 Thread 0x00000227cdb2c000 DEOPT PACKING pc=0x00000227b36c8e9b sp=0x000000c32e3f9b10
Event: 14.143 Thread 0x00000227cdb2c000 DEOPT UNPACKING pc=0x00000227b1b572ce sp=0x000000c32e3f8f80 mode 0
Event: 14.153 Thread 0x00000227cdb2a800 DEOPT PACKING pc=0x00000227b36c4842 sp=0x000000c32e1f9c30
Event: 14.153 Thread 0x00000227cdb2a800 DEOPT UNPACKING pc=0x00000227b1b572ce sp=0x000000c32e1f9110 mode 0
Event: 14.161 Thread 0x00000227ca22a800 DEOPT PACKING pc=0x00000227b36c8e9b sp=0x000000c32cdf2fc0
Event: 14.161 Thread 0x00000227ca22a800 DEOPT UNPACKING pc=0x00000227b1b572ce sp=0x000000c32cdf2430 mode 0
Event: 14.179 Thread 0x00000227cdb2a800 DEOPT PACKING pc=0x00000227b36c8e9b sp=0x000000c32e1f9f90
Event: 14.179 Thread 0x00000227cdb2a800 DEOPT UNPACKING pc=0x00000227b1b572ce sp=0x000000c32e1f9400 mode 0
Event: 14.203 Thread 0x00000227cdb2c000 DEOPT PACKING pc=0x00000227b36c8e9b sp=0x000000c32e3f9f70
Event: 14.203 Thread 0x00000227cdb2c000 DEOPT UNPACKING pc=0x00000227b1b572ce sp=0x000000c32e3f93e0 mode 0

Classes redefined (0 events):
No events

Internal exceptions (20 events):
Event: 12.946 Thread 0x00000227cdb2c000 Exception <a 'java/lang/NoSuchMethodError'{0x00000000895cde40}: 'void java.lang.invoke.DirectMethodHandle$Holder.invokeStatic(java.lang.Object, java.lang.Object, java.lang.Object, int)'> (0x00000000895cde40) thrown at [./src/hotspot/share/interpreter/linkResolver.cpp, line 773]
Event: 12.948 Thread 0x00000227cdb2c000 Exception <a 'java/lang/IncompatibleClassChangeError'{0x00000000895d75a8}: Found class java.lang.Object, but interface was expected> (0x00000000895d75a8) thrown at [./src/hotspot/share/interpreter/linkResolver.cpp, line 839]
Event: 13.184 Thread 0x00000227cdb2c000 Exception <a 'java/lang/NoSuchMethodError'{0x000000008baca7e0}: 'void java.lang.invoke.DirectMethodHandle$Holder.invokeStaticInit(java.lang.Object, java.lang.Object, java.lang.Object, java.lang.Object, java.lang.Object)'> (0x000000008baca7e0) thrown at [./src/hotspot/share/interpreter/linkResolver.cpp, line 773]
Event: 13.187 Thread 0x00000227cdb2c000 Exception <a 'java/lang/NoSuchMethodError'{0x000000008b943eb8}: 'java.lang.Object java.lang.invoke.DirectMethodHandle$Holder.invokeStatic(java.lang.Object, int, java.lang.Object, java.lang.Object)'> (0x000000008b943eb8) thrown at [./src/hotspot/share/interpreter/linkResolver.cpp, line 773]
Event: 13.213 Thread 0x00000227cdb2a800 Exception <a 'java/lang/NoSuchMethodError'{0x000000008b7583c0}: 'long java.lang.invoke.DirectMethodHandle$Holder.invokeStatic(java.lang.Object, java.lang.Object)'> (0x000000008b7583c0) thrown at [./src/hotspot/share/interpreter/linkResolver.cpp, line 773]
Event: 13.213 Thread 0x00000227cdb24800 Exception <a 'java/lang/NoSuchMethodError'{0x000000008b6cd0c8}: 'long java.lang.invoke.DirectMethodHandle$Holder.invokeStatic(java.lang.Object, java.lang.Object)'> (0x000000008b6cd0c8) thrown at [./src/hotspot/share/interpreter/linkResolver.cpp, line 773]
Event: 13.251 Thread 0x00000227cdb2a800 Exception <a 'java/lang/NoSuchMethodError'{0x000000008b6e3bf8}: 'void java.lang.invoke.DirectMethodHandle$Holder.invokeSpecial(java.lang.Object, java.lang.Object, int, java.lang.Object)'> (0x000000008b6e3bf8) thrown at [./src/hotspot/share/interpreter/linkResolver.cpp, line 773]
Event: 13.361 Thread 0x00000227cdb26800 Exception <a 'java/lang/NoSuchMethodError'{0x0000000088d30868}: 'int java.lang.invoke.DirectMethodHandle$Holder.invokeSpecial(java.lang.Object, java.lang.Object, java.lang.Object, java.lang.Object, java.lang.Object)'> (0x0000000088d30868) thrown at [./src/hotspot/share/interpreter/linkResolver.cpp, line 773]
Event: 13.479 Thread 0x00000227cdb24800 Exception <a 'java/lang/NoSuchMethodError'{0x000000008b3f4148}: 'java.lang.Object java.lang.invoke.DirectMethodHandle$Holder.invokeVirtual(java.lang.Object, java.lang.Object, int, java.lang.Object)'> (0x000000008b3f4148) thrown at [./src/hotspot/share/interpreter/linkResolver.cpp, line 773]
Event: 13.528 Thread 0x00000227cdb24800 Exception <a 'java/lang/NoSuchMethodError'{0x000000008ada3d68}: 'void java.lang.invoke.DirectMethodHandle$Holder.invokeVirtual(java.lang.Object, java.lang.Object, int, java.lang.Object)'> (0x000000008ada3d68) thrown at [./src/hotspot/share/interpreter/linkResolver.cpp, line 773]
Event: 13.529 Thread 0x00000227cdb26800 Exception <a 'java/lang/NoSuchMethodError'{0x000000008bcfcb30}: 'void java.lang.invoke.DirectMethodHandle$Holder.invokeVirtual(java.lang.Object, java.lang.Object, int, java.lang.Object)'> (0x000000008bcfcb30) thrown at [./src/hotspot/share/interpreter/linkResolver.cpp, line 773]
Event: 13.544 Thread 0x00000227cd82c800 Exception <a 'java/lang/NoSuchMethodError'{0x000000008a7ee968}: 'int java.lang.invoke.DirectMethodHandle$Holder.invokeSpecialIFC(java.lang.Object, java.lang.Object, java.lang.Object)'> (0x000000008a7ee968) thrown at [./src/hotspot/share/interpreter/linkResolver.cpp, line 773]
Event: 13.605 Thread 0x00000227cdb2b000 Exception <a 'java/lang/NoSuchMethodError'{0x0000000089c7fc38}: 'int java.lang.invoke.DirectMethodHandle$Holder.invokeSpecial(java.lang.Object, java.lang.Object, java.lang.Object, int, java.lang.Object)'> (0x0000000089c7fc38) thrown at [./src/hotspot/share/interpreter/linkResolver.cpp, line 773]
Event: 13.622 Thread 0x00000227cdb26800 Exception <a 'java/lang/NoSuchMethodError'{0x000000008984e338}: 'java.lang.Object java.lang.invoke.DirectMethodHandle$Holder.newInvokeSpecial(java.lang.Object, int)'> (0x000000008984e338) thrown at [./src/hotspot/share/interpreter/linkResolver.cpp, line 773]
Event: 13.622 Thread 0x00000227ca22a800 Exception <a 'java/lang/NoSuchMethodError'{0x0000000089bb3da0}: 'java.lang.Object java.lang.invoke.DirectMethodHandle$Holder.newInvokeSpecial(java.lang.Object, int)'> (0x0000000089bb3da0) thrown at [./src/hotspot/share/interpreter/linkResolver.cpp, line 773]
Event: 13.839 Thread 0x00000227cdb26800 Exception <a 'java/lang/NoSuchMethodError'{0x000000008ba13b28}: 'java.lang.Object java.lang.invoke.DirectMethodHandle$Holder.invokeInterface(java.lang.Object, java.lang.Object, int)'> (0x000000008ba13b28) thrown at [./src/hotspot/share/interpreter/linkResolver.cpp, line 773]
Event: 13.887 Thread 0x00000227cdb24800 Exception <a 'java/lang/NoSuchMethodError'{0x000000008b34db38}: 'java.lang.Object java.lang.invoke.DirectMethodHandle$Holder.invokeSpecial(java.lang.Object, java.lang.Object, java.lang.Object, java.lang.Object, java.lang.Object, java.lang.Object, java.lang.Object, java.lang.Object, java.lang.Object, java.lang.Object)'> (0x000000008b34db38) thrown at [./src/hotspot/share/interpreter/linkResolver.cpp, line 773]
Event: 13.887 Thread 0x00000227cdb24800 Exception <a 'java/lang/NoSuchMethodError'{0x000000008b352178}: 'java.lang.Object java.lang.invoke.Invokers$Holder.linkToTargetMethod(java.lang.Object, java.lang.Object, java.lang.Object, java.lang.Object, java.lang.Object, java.lang.Object, java.lang.Object, java.lang.Object, java.lang.Object)'> (0x000000008b352178) thrown at [./src/hotspot/share/interpreter/linkResolver.cpp, line 773]
Event: 14.121 Thread 0x00000227cdb24800 Exception <a 'java/lang/NoSuchMethodError'{0x000000008bd74010}: 'void java.lang.invoke.DirectMethodHandle$Holder.invokeVirtual(java.lang.Object, java.lang.Object, int)'> (0x000000008bd74010) thrown at [./src/hotspot/share/interpreter/linkResolver.cpp, line 773]
Event: 14.178 Thread 0x00000227cdb24800 Exception <a 'sun/nio/fs/WindowsException'{0x000000008b3cc9d8}> (0x000000008b3cc9d8) thrown at [./src/hotspot/share/prims/jni.cpp, line 615]

Events (20 events):
Event: 14.223 loading class com/android/tools/r8/code/x2 done
Event: 14.224 loading class com/android/tools/r8/code/z2
Event: 14.224 loading class com/android/tools/r8/code/z2 done
Event: 14.225 loading class com/android/tools/r8/code/u2
Event: 14.225 loading class com/android/tools/r8/code/u2 done
Event: 14.225 loading class com/android/tools/r8/code/B2
Event: 14.225 loading class com/android/tools/r8/code/B2 done
Event: 14.226 loading class com/android/tools/r8/code/A2
Event: 14.226 loading class com/android/tools/r8/code/A2 done
Event: 14.251 Executing VM operation: ICBufferFull
Event: 14.252 Executing VM operation: ICBufferFull done
Event: 14.275 loading class com/android/tools/r8/v/b/o0
Event: 14.275 loading class com/android/tools/r8/v/b/o0 done
Event: 14.275 loading class com/android/tools/r8/v/b/o0
Event: 14.275 loading class com/android/tools/r8/v/b/o0 done
Event: 14.276 loading class com/android/tools/r8/w/a/a/a/f/W
Event: 14.276 loading class com/android/tools/r8/w/a/a/a/f/W done
Event: 14.276 loading class com/android/tools/r8/w/a/a/a/f/X$g
Event: 14.276 loading class com/android/tools/r8/w/a/a/a/f/X$g done
Event: 14.285 Executing VM operation: G1CollectForAllocation


Dynamic libraries:
0x00007ff6936c0000 - 0x00007ff6936ca000 	C:\Program Files\Android\Android Studio\jre\bin\java.exe
0x00007ffbc3fd0000 - 0x00007ffbc41c5000 	C:\WINDOWS\SYSTEM32\ntdll.dll
0x00007ffbc3dd0000 - 0x00007ffbc3e8e000 	C:\WINDOWS\System32\KERNEL32.DLL
0x00007ffbc18f0000 - 0x00007ffbc1bb9000 	C:\WINDOWS\System32\KERNELBASE.dll
0x00007ffbc1c70000 - 0x00007ffbc1d70000 	C:\WINDOWS\System32\ucrtbase.dll
0x00007ffbb2060000 - 0x00007ffbb2079000 	C:\Program Files\Android\Android Studio\jre\bin\jli.dll
0x00007ffbb2040000 - 0x00007ffbb2057000 	C:\Program Files\Android\Android Studio\jre\bin\VCRUNTIME140.dll
0x00007ffbc2d80000 - 0x00007ffbc2f21000 	C:\WINDOWS\System32\USER32.dll
0x00007ffbb35d0000 - 0x00007ffbb386a000 	C:\WINDOWS\WinSxS\amd64_microsoft.windows.common-controls_6595b64144ccf1df_6.0.19041.1110_none_60b5254171f9507e\COMCTL32.dll
0x00007ffbc1bc0000 - 0x00007ffbc1be2000 	C:\WINDOWS\System32\win32u.dll
0x00007ffbc20d0000 - 0x00007ffbc20fb000 	C:\WINDOWS\System32\GDI32.dll
0x00007ffbc3e90000 - 0x00007ffbc3f2e000 	C:\WINDOWS\System32\msvcrt.dll
0x00007ffbc1eb0000 - 0x00007ffbc1fbb000 	C:\WINDOWS\System32\gdi32full.dll
0x00007ffbc1850000 - 0x00007ffbc18ed000 	C:\WINDOWS\System32\msvcp_win.dll
0x00007ffbc2990000 - 0x00007ffbc29c0000 	C:\WINDOWS\System32\IMM32.DLL
0x00007ffba8d10000 - 0x00007ffba8dad000 	C:\Program Files\Android\Android Studio\jre\bin\msvcp140.dll
0x00007ffb80290000 - 0x00007ffb80d4c000 	C:\Program Files\Android\Android Studio\jre\bin\server\jvm.dll
0x00007ffbc2ca0000 - 0x00007ffbc2d4c000 	C:\WINDOWS\System32\ADVAPI32.dll
0x00007ffbc3bc0000 - 0x00007ffbc3c5b000 	C:\WINDOWS\System32\sechost.dll
0x00007ffbc29c0000 - 0x00007ffbc2aea000 	C:\WINDOWS\System32\RPCRT4.dll
0x00007ffbc2d60000 - 0x00007ffbc2d68000 	C:\WINDOWS\System32\PSAPI.DLL
0x00007ffbb6bd0000 - 0x00007ffbb6bda000 	C:\WINDOWS\SYSTEM32\VERSION.dll
0x00007ffbbd1c0000 - 0x00007ffbbd1c9000 	C:\WINDOWS\SYSTEM32\WSOCK32.dll
0x00007ffbc2560000 - 0x00007ffbc25cb000 	C:\WINDOWS\System32\WS2_32.dll
0x00007ffbb6b50000 - 0x00007ffbb6b77000 	C:\WINDOWS\SYSTEM32\WINMM.dll
0x00007ffbbf5f0000 - 0x00007ffbbf602000 	C:\WINDOWS\SYSTEM32\kernel.appcore.dll
0x00007ffbbd1a0000 - 0x00007ffbbd1b1000 	C:\Program Files\Android\Android Studio\jre\bin\verify.dll
0x00007ffbbb600000 - 0x00007ffbbb7e4000 	C:\WINDOWS\SYSTEM32\DBGHELP.DLL
0x00007ffbb9d50000 - 0x00007ffbb9d7c000 	C:\WINDOWS\SYSTEM32\dbgcore.DLL
0x00007ffbc1d70000 - 0x00007ffbc1df3000 	C:\WINDOWS\System32\bcryptPrimitives.dll
0x00007ffbb15c0000 - 0x00007ffbb15e9000 	C:\Program Files\Android\Android Studio\jre\bin\java.dll
0x00007ffbbcb90000 - 0x00007ffbbcb9b000 	C:\Program Files\Android\Android Studio\jre\bin\jimage.dll
0x00007ffbb1f90000 - 0x00007ffbb1fa8000 	C:\Program Files\Android\Android Studio\jre\bin\zip.dll
0x00007ffbc2f30000 - 0x00007ffbc366f000 	C:\WINDOWS\System32\SHELL32.dll
0x00007ffbbf7f0000 - 0x00007ffbbff80000 	C:\WINDOWS\SYSTEM32\windows.storage.dll
0x00007ffbc2630000 - 0x00007ffbc2985000 	C:\WINDOWS\System32\combase.dll
0x00007ffbc1070000 - 0x00007ffbc109c000 	C:\WINDOWS\SYSTEM32\Wldp.dll
0x00007ffbc2020000 - 0x00007ffbc20ce000 	C:\WINDOWS\System32\SHCORE.dll
0x00007ffbc25d0000 - 0x00007ffbc2625000 	C:\WINDOWS\System32\shlwapi.dll
0x00007ffbc1630000 - 0x00007ffbc164f000 	C:\WINDOWS\SYSTEM32\profapi.dll
0x00007ffbb1c20000 - 0x00007ffbb1c3a000 	C:\Program Files\Android\Android Studio\jre\bin\net.dll
0x00007ffbb7f30000 - 0x00007ffbb8038000 	C:\WINDOWS\SYSTEM32\WINHTTP.dll
0x00007ffbc0dd0000 - 0x00007ffbc0e3a000 	C:\WINDOWS\system32\mswsock.dll
0x00007ffbb0fc0000 - 0x00007ffbb0fd4000 	C:\Program Files\Android\Android Studio\jre\bin\nio.dll
0x00007ffbaa360000 - 0x00007ffbaa387000 	C:\Users\acer\.gradle\native\fdc75f09e3144964f2cf3f50f0aa648679c211496f362492102eb8c894070792\windows-amd64\native-platform.dll
0x00007ffb92b30000 - 0x00007ffb92cc6000 	C:\Users\acer\.gradle\native\12488b8bf47d2d4c9fbf2f6322a914ad602e24e48041cd04a747c6da556b65c4\windows-amd64\native-platform-file-events.dll
0x00007ffbbcb80000 - 0x00007ffbbcb8a000 	C:\Program Files\Android\Android Studio\jre\bin\management.dll
0x00007ffbbb9c0000 - 0x00007ffbbb9cc000 	C:\Program Files\Android\Android Studio\jre\bin\management_ext.dll
0x00007ffbc0fc0000 - 0x00007ffbc0fd8000 	C:\WINDOWS\SYSTEM32\CRYPTSP.dll
0x00007ffbc0750000 - 0x00007ffbc0784000 	C:\WINDOWS\system32\rsaenh.dll
0x00007ffbc1bf0000 - 0x00007ffbc1c17000 	C:\WINDOWS\System32\bcrypt.dll
0x00007ffbc15f0000 - 0x00007ffbc161e000 	C:\WINDOWS\SYSTEM32\USERENV.dll
0x00007ffbc0fe0000 - 0x00007ffbc0fec000 	C:\WINDOWS\SYSTEM32\CRYPTBASE.dll
0x00007ffbc0ac0000 - 0x00007ffbc0afb000 	C:\WINDOWS\SYSTEM32\IPHLPAPI.DLL
0x00007ffbc2d70000 - 0x00007ffbc2d78000 	C:\WINDOWS\System32\NSI.dll
0x00007ffbba530000 - 0x00007ffbba547000 	C:\WINDOWS\SYSTEM32\dhcpcsvc6.DLL
0x00007ffbba950000 - 0x00007ffbba96d000 	C:\WINDOWS\SYSTEM32\dhcpcsvc.DLL
0x00007ffbc0b00000 - 0x00007ffbc0bcc000 	C:\WINDOWS\SYSTEM32\DNSAPI.dll
0x00007ffbbae30000 - 0x00007ffbbae3b000 	C:\WINDOWS\SYSTEM32\WINNSI.DLL

dbghelp: loaded successfully - version: 4.0.5 - missing functions: none
symbol engine: initialized successfully - sym options: 0x614 - pdb path: .;C:\Program Files\Android\Android Studio\jre\bin;C:\WINDOWS\SYSTEM32;C:\WINDOWS\WinSxS\amd64_microsoft.windows.common-controls_6595b64144ccf1df_6.0.19041.1110_none_60b5254171f9507e;C:\Program Files\Android\Android Studio\jre\bin\server;C:\Users\acer\.gradle\native\fdc75f09e3144964f2cf3f50f0aa648679c211496f362492102eb8c894070792\windows-amd64;C:\Users\acer\.gradle\native\12488b8bf47d2d4c9fbf2f6322a914ad602e24e48041cd04a747c6da556b65c4\windows-amd64

VM Arguments:
jvm_args: --add-opens=java.base/java.util=ALL-UNNAMED --add-opens=java.base/java.lang=ALL-UNNAMED --add-opens=java.base/java.lang.invoke=ALL-UNNAMED --add-opens=java.prefs/java.util.prefs=ALL-UNNAMED -Xmx2048m -Dfile.encoding=UTF-8 -Duser.country=US -Duser.language=en -Duser.variant 
java_command: org.gradle.launcher.daemon.bootstrap.GradleDaemon 6.7.1
java_class_path (initial): C:\Users\acer\.gradle\wrapper\dists\gradle-6.7.1-bin\bwlcbys1h7rz3272sye1xwiv6\gradle-6.7.1\lib\gradle-launcher-6.7.1.jar
Launcher Type: SUN_STANDARD

[Global flags]
     intx CICompilerCount                          = 4                                         {product} {ergonomic}
     uint ConcGCThreads                            = 2                                         {product} {ergonomic}
     uint G1ConcRefinementThreads                  = 8                                         {product} {ergonomic}
   size_t G1HeapRegionSize                         = 1048576                                   {product} {ergonomic}
    uintx GCDrainStackTargetSize                   = 64                                        {product} {ergonomic}
   size_t InitialHeapSize                          = 100663296                                 {product} {ergonomic}
   size_t MarkStackSize                            = 4194304                                   {product} {ergonomic}
   size_t MaxHeapSize                              = 2147483648                                {product} {command line}
   size_t MaxNewSize                               = 1287651328                                {product} {ergonomic}
   size_t MinHeapDeltaBytes                        = 1048576                                   {product} {ergonomic}
    uintx NonNMethodCodeHeapSize                   = 5836300                                {pd product} {ergonomic}
    uintx NonProfiledCodeHeapSize                  = 122910970                              {pd product} {ergonomic}
    uintx ProfiledCodeHeapSize                     = 122910970                              {pd product} {ergonomic}
    uintx ReservedCodeCacheSize                    = 251658240                              {pd product} {ergonomic}
     bool SegmentedCodeCache                       = true                                      {product} {ergonomic}
     bool UseCompressedClassPointers               = true                                 {lp64_product} {ergonomic}
     bool UseCompressedOops                        = true                                 {lp64_product} {ergonomic}
     bool UseG1GC                                  = true                                      {product} {ergonomic}
     bool UseLargePagesIndividualAllocation        = false                                  {pd product} {ergonomic}

Logging:
Log output configuration:
 #0: stdout all=warning uptime,level,tags
 #1: stderr all=off uptime,level,tags

Environment Variables:
PATH=C:\Program Files (x86)\Common Files\Oracle\Java\javapath;C:\WINDOWS\system32;C:\WINDOWS;C:\WINDOWS\System32\Wbem;C:\WINDOWS\System32\WindowsPowerShell\v1.0\;C:\WINDOWS\System32\OpenSSH\;D:\Nodejs\;C:\Program Files\Git\cmd;D:\Xampp\php;C:\ProgramData\ComposerSetup\bin;C:\Users\acer\AppData\Local\Microsoft\WindowsApps;C:\Users\acer\AppData\Local\Programs\Microsoft VS Code\bin;C:\Users\acer\AppData\Roaming\npm;C:\Users\acer\AppData\Roaming\Composer\vendor\bin;C:\Users\acer\AppData\Local\GitHubDesktop\bin
USERNAME=acer
OS=Windows_NT
PROCESSOR_IDENTIFIER=AMD64 Family 23 Model 24 Stepping 1, AuthenticAMD



---------------  S Y S T E M  ---------------

OS: Windows 10 , 64 bit Build 19041 (10.0.19041.1200)
OS uptime: 20 days 17:07 hours

CPU:total 8 (initial active 8) (8 cores per cpu, 2 threads per core) family 23 model 24 stepping 1, cmov, cx8, fxsr, mmx, sse, sse2, sse3, ssse3, sse4.1, sse4.2, popcnt, avx, avx2, aes, clmul, mmxext, 3dnowpref, lzcnt, sse4a, ht, tsc, tscinvbit, tscinv, bmi1, bmi2, adx, sha, fma

Memory: 4k page, system-wide physical 6082M (480M free)
TotalPageFile size 14082M (AvailPageFile size 17M)
current process WorkingSet (physical memory assigned to process): 536M, peak: 538M
current process commit charge ("private bytes"): 605M, peak: 678M

vm_info: OpenJDK 64-Bit Server VM (11.0.8+10-b944.6842174) for windows-amd64 JRE (11.0.8+10-b944.6842174), built on Sep 19 2020 01:11:42 by "builder" with MS VC++ 14.0 (VS2015)

END.
