#
# There is insufficient memory for the Java Runtime Environment to continue.
# Native memory allocation (malloc) failed to allocate 1762576 bytes for Chunk::new
# Possible reasons:
#   The system is out of physical RAM or swap space
#   The process is running with CompressedOops enabled, and the Java Heap may be blocking the growth of the native heap
# Possible solutions:
#   Reduce memory load on the system
#   Increase physical memory or swap space
#   Check if swap backing store is full
#   Decrease Java heap size (-Xmx/-Xms)
#   Decrease number of Java threads
#   Decrease Java thread stack sizes (-Xss)
#   Set larger code cache with -XX:ReservedCodeCacheSize=
#   JVM is running with Unscaled Compressed Oops mode in which the Java heap is
#     placed in the first 4GB address space. The Java Heap base address is the
#     maximum limit for the native heap growth. Please use -XX:HeapBaseMinAddress
#     to set the Java Heap base and to place the Java Heap above 4GB virtual address.
# This output file may be truncated or incomplete.
#
#  Out of Memory Error (./src/hotspot/share/memory/arena.cpp:197), pid=7740, tid=10760
#
# JRE version: OpenJDK Runtime Environment (11.0.10) (build 11.0.10+0-b96-7249189)
# Java VM: OpenJDK 64-Bit Server VM (11.0.10+0-b96-7249189, mixed mode, tiered, compressed oops, g1 gc, windows-amd64)
# No core dump will be written. Minidumps are not enabled by default on client versions of Windows
#

---------------  S U M M A R Y ------------

Command Line: --add-opens=java.base/java.util=ALL-UNNAMED --add-opens=java.base/java.lang=ALL-UNNAMED --add-opens=java.base/java.lang.invoke=ALL-UNNAMED --add-opens=java.prefs/java.util.prefs=ALL-UNNAMED -Xmx2048m -Dfile.encoding=UTF-8 -Duser.country=US -Duser.language=en -Duser.variant org.gradle.launcher.daemon.bootstrap.GradleDaemon 6.7.1

Host: AMD Ryzen 5 3550H with Radeon Vega Mobile Gfx  , 8 cores, 5G,  Windows 10 , 64 bit Build 19041 (10.0.19041.1200)
Time: Fri Sep 24 15:00:00 2021 SE Asia Standard Time elapsed time: 638.299894 seconds (0d 0h 10m 38s)

---------------  T H R E A D  ---------------

Current thread (0x0000020a64a95000):  JavaThread "C2 CompilerThread0" daemon [_thread_in_native, id=10760, stack(0x0000009efb700000,0x0000009efb800000)]


Current CompileTask:
C2: 638300 21221   !   4       com.google.common.cache.LocalCache$Segment::lockedGetOrLoad (447 bytes)

Stack: [0x0000009efb700000,0x0000009efb800000]
Native frames: (J=compiled Java code, j=interpreted, Vv=VM code, C=native code)
V  [jvm.dll+0x5ecfaa]
V  [jvm.dll+0x722bd5]
V  [jvm.dll+0x72412d]
V  [jvm.dll+0x7247e3]
V  [jvm.dll+0x242928]
V  [jvm.dll+0xbc4fc]
V  [jvm.dll+0xbca0c]
V  [jvm.dll+0x352d3b]
V  [jvm.dll+0x320ad3]
V  [jvm.dll+0x31ffca]
V  [jvm.dll+0x1fb602]
V  [jvm.dll+0x1fa7f4]
V  [jvm.dll+0x18354c]
V  [jvm.dll+0x208ee7]
V  [jvm.dll+0x207731]
V  [jvm.dll+0x6eb1cf]
V  [jvm.dll+0x6e3d45]
V  [jvm.dll+0x5ebe96]
C  [ucrtbase.dll+0x21bb2]
C  [KERNEL32.DLL+0x17034]
C  [ntdll.dll+0x52651]


---------------  P R O C E S S  ---------------

Threads class SMR info:
_java_thread_list=0x0000020a6645ce30, length=154, elements={
0x0000020a49e5b000, 0x0000020a64a75000, 0x0000020a64a80000, 0x0000020a65442800,
0x0000020a64a90000, 0x0000020a64a93000, 0x0000020a64a95000, 0x0000020a64a9b800,
0x0000020a64aa6800, 0x0000020a65575800, 0x0000020a67bdd800, 0x0000020a6622d000,
0x0000020a66de9000, 0x0000020a66d72800, 0x0000020a66d75000, 0x0000020a66d79000,
0x0000020a66d74000, 0x0000020a68036000, 0x0000020a692df000, 0x0000020a692e8000,
0x0000020a6e256000, 0x0000020a6e250000, 0x0000020a6a604000, 0x0000020a67979800,
0x0000020a6a610800, 0x0000020a6a605000, 0x0000020a6a609000, 0x0000020a6a603800,
0x0000020a6a607800, 0x0000020a6a608000, 0x0000020a6a60a800, 0x0000020a6a606000,
0x0000020a6a60b800, 0x0000020a6a606800, 0x0000020a6a60f800, 0x0000020a6a60e000,
0x0000020a6a60a000, 0x0000020a6a60d000, 0x0000020a6a612000, 0x0000020a6a60f000,
0x0000020a6a60c800, 0x0000020a6a618000, 0x0000020a6a615800, 0x0000020a6a616000,
0x0000020a6a617000, 0x0000020a6a618800, 0x0000020a6a613000, 0x0000020a6a619800,
0x0000020a6a613800, 0x0000020a6a61a000, 0x0000020a6a614800, 0x0000020a6a61f000,
0x0000020a6a61d800, 0x0000020a6a61c800, 0x0000020a6a61e800, 0x0000020a6a620000,
0x0000020a6a61c000, 0x0000020a6a61b000, 0x0000020a6a620800, 0x0000020a6a621800,
0x0000020a6a622800, 0x0000020a67972000, 0x0000020a67976000, 0x0000020a67973000,
0x0000020a67973800, 0x0000020a67974800, 0x0000020a67975800, 0x0000020a67971800,
0x0000020a6797c000, 0x0000020a6797c800, 0x0000020a67977000, 0x0000020a6797a800,
0x0000020a6797d800, 0x0000020a6797b000, 0x0000020a67978000, 0x0000020a6797e800,
0x0000020a67978800, 0x0000020a6797f000, 0x0000020a67980000, 0x0000020a6b04a000,
0x0000020a6b04e000, 0x0000020a6b049000, 0x0000020a6b050000, 0x0000020a6b050800,
0x0000020a6b04b800, 0x0000020a6b04b000, 0x0000020a6b051800, 0x0000020a6b052000,
0x0000020a6b04c800, 0x0000020a6b056800, 0x0000020a6b057000, 0x0000020a6b058000,
0x0000020a6b055800, 0x0000020a6b054800, 0x0000020a6b053000, 0x0000020a6b054000,
0x0000020a6e24c000, 0x0000020a6e24a800, 0x0000020a6e24b000, 0x0000020a6e24d000,
0x0000020a6e247000, 0x0000020a6e249800, 0x0000020a6e24d800, 0x0000020a6e248000,
0x0000020a6e24e800, 0x0000020a6e249000, 0x0000020a6e254000, 0x0000020a6e251000,
0x0000020a6e251800, 0x0000020a6e252800, 0x0000020a6e253800, 0x0000020a6e24f800,
0x0000020a6e255000, 0x0000020a692de000, 0x0000020a692e0800, 0x0000020a692db000,
0x0000020a692dd800, 0x0000020a692e1800, 0x0000020a692dc000, 0x0000020a692e2800,
0x0000020a692dc800, 0x0000020a692e4000, 0x0000020a692e6800, 0x0000020a692e9000,
0x0000020a692e5800, 0x0000020a692e7000, 0x0000020a692e3000, 0x0000020a692e9800,
0x0000020a68037800, 0x0000020a68032000, 0x0000020a68038800, 0x0000020a68032800,
0x0000020a6803b000, 0x0000020a6803e000, 0x0000020a6803a000, 0x0000020a6803b800,
0x0000020a6803c800, 0x0000020a6803d000, 0x0000020a6803f000, 0x0000020a68039000,
0x0000020a6e27a800, 0x0000020a6e27b800, 0x0000020a6e27c800, 0x0000020a6e27e000,
0x0000020a6e27e800, 0x0000020a6e279000, 0x0000020a66d73000, 0x0000020a66d75800,
0x0000020a66d76800, 0x0000020a66d77000, 0x0000020a66d78000, 0x0000020a6e52c000,
0x0000020a6e52b000, 0x0000020a6e52c800
}

Java Threads: ( => current thread )
  0x0000020a49e5b000 JavaThread "main" [_thread_blocked, id=2200, stack(0x0000009efab00000,0x0000009efac00000)]
  0x0000020a64a75000 JavaThread "Reference Handler" daemon [_thread_blocked, id=12936, stack(0x0000009efb200000,0x0000009efb300000)]
  0x0000020a64a80000 JavaThread "Finalizer" daemon [_thread_blocked, id=2504, stack(0x0000009efb300000,0x0000009efb400000)]
  0x0000020a65442800 JavaThread "Signal Dispatcher" daemon [_thread_blocked, id=2852, stack(0x0000009efb400000,0x0000009efb500000)]
  0x0000020a64a90000 JavaThread "Attach Listener" daemon [_thread_blocked, id=4168, stack(0x0000009efb500000,0x0000009efb600000)]
  0x0000020a64a93000 JavaThread "Service Thread" daemon [_thread_blocked, id=12692, stack(0x0000009efb600000,0x0000009efb700000)]
=>0x0000020a64a95000 JavaThread "C2 CompilerThread0" daemon [_thread_in_native, id=10760, stack(0x0000009efb700000,0x0000009efb800000)]
  0x0000020a64a9b800 JavaThread "C1 CompilerThread0" daemon [_thread_blocked, id=6812, stack(0x0000009efb800000,0x0000009efb900000)]
  0x0000020a64aa6800 JavaThread "Sweeper thread" daemon [_thread_blocked, id=9656, stack(0x0000009efb900000,0x0000009efba00000)]
  0x0000020a65575800 JavaThread "Common-Cleaner" daemon [_thread_blocked, id=6424, stack(0x0000009efba00000,0x0000009efbb00000)]
  0x0000020a67bdd800 JavaThread "Daemon health stats" [_thread_blocked, id=11604, stack(0x0000009efbf00000,0x0000009efc000000)]
  0x0000020a6622d000 JavaThread "Incoming local TCP Connector on port 61040" [_thread_in_native, id=3964, stack(0x0000009efbc00000,0x0000009efbd00000)]
  0x0000020a66de9000 JavaThread "Daemon periodic checks" [_thread_blocked, id=9180, stack(0x0000009efbd00000,0x0000009efbe00000)]
  0x0000020a66d72800 JavaThread "Cache worker for file hash cache (C:\Users\acer\.gradle\caches\6.7.1\fileHashes)" [_thread_blocked, id=10796, stack(0x0000009efd100000,0x0000009efd200000)]
  0x0000020a66d75000 JavaThread "File lock request listener" [_thread_in_native, id=6292, stack(0x0000009efd200000,0x0000009efd300000)]
  0x0000020a66d79000 JavaThread "Cache worker for journal cache (C:\Users\acer\.gradle\caches\journal-1)" [_thread_in_native, id=6240, stack(0x0000009efd400000,0x0000009efd500000)]
  0x0000020a66d74000 JavaThread "Cache worker for execution history cache (C:\Users\acer\.gradle\caches\6.7.1\executionHistory)" [_thread_blocked, id=12804, stack(0x0000009efda00000,0x0000009efdb00000)]
  0x0000020a68036000 JavaThread "Cache worker for file content cache (C:\Users\acer\.gradle\caches\6.7.1\fileContent)" [_thread_blocked, id=3552, stack(0x0000009efdc00000,0x0000009efdd00000)]
  0x0000020a692df000 JavaThread "Memory manager" [_thread_blocked, id=10720, stack(0x0000009e84900000,0x0000009e84a00000)]
  0x0000020a692e8000 JavaThread "Cache worker for Java compile cache (C:\Users\acer\.gradle\caches\6.7.1\javaCompile)" [_thread_blocked, id=4960, stack(0x0000009e84800000,0x0000009e84900000)]
  0x0000020a6e256000 JavaThread "ForkJoinPool.commonPool-worker-1" daemon [_thread_blocked, id=11384, stack(0x0000009e88c00000,0x0000009e88d00000)]
  0x0000020a6e250000 JavaThread "ForkJoinPool.commonPool-worker-3" daemon [_thread_blocked, id=13304, stack(0x0000009e88d00000,0x0000009e88e00000)]
  0x0000020a6a604000 JavaThread "ForkJoinPool.commonPool-worker-9" daemon [_thread_blocked, id=9068, stack(0x0000009e88f00000,0x0000009e89000000)]
  0x0000020a67979800 JavaThread "ForkJoinPool.commonPool-worker-15" daemon [_thread_blocked, id=11332, stack(0x0000009e89100000,0x0000009e89200000)]
  0x0000020a6a610800 JavaThread "ForkJoinPool.commonPool-worker-11" daemon [_thread_blocked, id=7940, stack(0x0000009e88e00000,0x0000009e88f00000)]
  0x0000020a6a605000 JavaThread "Daemon Thread 4" [_thread_blocked, id=10116, stack(0x0000009e80000000,0x0000009e80100000)]
  0x0000020a6a609000 JavaThread "Handler for socket connection from /127.0.0.1:61040 to /127.0.0.1:55878" [_thread_in_native, id=7808, stack(0x0000009e80100000,0x0000009e80200000)]
  0x0000020a6a603800 JavaThread "Cancel handler" [_thread_blocked, id=10632, stack(0x0000009e80200000,0x0000009e80300000)]
  0x0000020a6a607800 JavaThread "Daemon worker Thread 4" [_thread_blocked, id=7148, stack(0x0000009e80300000,0x0000009e80400000)]
  0x0000020a6a608000 JavaThread "Asynchronous log dispatcher for DefaultDaemonConnection: socket connection from /127.0.0.1:61040 to /127.0.0.1:55878" [_thread_blocked, id=2132, stack(0x0000009e80400000,0x0000009e80500000)]
  0x0000020a6a60a800 JavaThread "Stdin handler" [_thread_blocked, id=6512, stack(0x0000009e80500000,0x0000009e80600000)]
  0x0000020a6a606000 JavaThread "Thread-481" [_thread_blocked, id=2408, stack(0x0000009e80600000,0x0000009e80700000)]
  0x0000020a6a60b800 JavaThread "Cache worker for file hash cache (D:\Du an truong\DuanPhonestore\.gradle\6.7.1\fileHashes)" [_thread_blocked, id=5060, stack(0x0000009e80700000,0x0000009e80800000)]
  0x0000020a6a606800 JavaThread "Cache worker for checksums cache (D:\Du an truong\DuanPhonestore\.gradle\checksums)" [_thread_blocked, id=10928, stack(0x0000009e80800000,0x0000009e80900000)]
  0x0000020a6a60f800 JavaThread "Cache worker for cache directory md-supplier (C:\Users\acer\.gradle\caches\6.7.1\md-supplier)" [_thread_blocked, id=10044, stack(0x0000009e80900000,0x0000009e80a00000)]
  0x0000020a6a60e000 JavaThread "Cache worker for cache directory md-rule (C:\Users\acer\.gradle\caches\6.7.1\md-rule)" [_thread_blocked, id=8540, stack(0x0000009e80a00000,0x0000009e80b00000)]
  0x0000020a6a60a000 JavaThread "Cache worker for Build Output Cleanup Cache (D:\Du an truong\DuanPhonestore\.gradle\buildOutputCleanup)" [_thread_blocked, id=5448, stack(0x0000009e80b00000,0x0000009e80c00000)]
  0x0000020a6a60d000 JavaThread "Build operations" [_thread_in_vm, id=7208, stack(0x0000009e80c00000,0x0000009e80d00000)]
  0x0000020a6a612000 JavaThread "Build operations Thread 2" [_thread_blocked, id=4088, stack(0x0000009e80d00000,0x0000009e80e00000)]
  0x0000020a6a60f000 JavaThread "Build operations Thread 3" [_thread_in_native, id=10504, stack(0x0000009e80e00000,0x0000009e80f00000)]
  0x0000020a6a60c800 JavaThread "Build operations Thread 4" [_thread_blocked, id=8680, stack(0x0000009e80f00000,0x0000009e81000000)]
  0x0000020a6a618000 JavaThread "Build operations Thread 5" [_thread_in_native, id=10144, stack(0x0000009e81000000,0x0000009e81100000)]
  0x0000020a6a615800 JavaThread "Build operations Thread 6" [_thread_in_native, id=4696, stack(0x0000009e81100000,0x0000009e81200000)]
  0x0000020a6a616000 JavaThread "Build operations Thread 7" [_thread_in_native, id=1832, stack(0x0000009e81200000,0x0000009e81300000)]
  0x0000020a6a617000 JavaThread "Build operations Thread 8" [_thread_in_vm, id=13072, stack(0x0000009e81300000,0x0000009e81400000)]
  0x0000020a6a618800 JavaThread "jar transforms Thread 298" [_thread_blocked, id=7504, stack(0x0000009e81400000,0x0000009e81500000)]
  0x0000020a6a613000 JavaThread "jar transforms Thread 299" [_thread_blocked, id=8220, stack(0x0000009e81500000,0x0000009e81600000)]
  0x0000020a6a619800 JavaThread "jar transforms Thread 300" [_thread_blocked, id=2420, stack(0x0000009e81600000,0x0000009e81700000)]
  0x0000020a6a613800 JavaThread "jar transforms Thread 301" [_thread_blocked, id=3264, stack(0x0000009e81700000,0x0000009e81800000)]
  0x0000020a6a61a000 JavaThread "jar transforms Thread 302" [_thread_blocked, id=11092, stack(0x0000009e81800000,0x0000009e81900000)]
  0x0000020a6a614800 JavaThread "jar transforms Thread 303" [_thread_blocked, id=3616, stack(0x0000009e81900000,0x0000009e81a00000)]
  0x0000020a6a61f000 JavaThread "jar transforms Thread 304" [_thread_blocked, id=6972, stack(0x0000009e81a00000,0x0000009e81b00000)]
  0x0000020a6a61d800 JavaThread "jar transforms Thread 305" [_thread_blocked, id=2416, stack(0x0000009e81b00000,0x0000009e81c00000)]
  0x0000020a6a61c800 JavaThread "jar transforms Thread 306" [_thread_blocked, id=6436, stack(0x0000009e81c00000,0x0000009e81d00000)]
  0x0000020a6a61e800 JavaThread "jar transforms Thread 307" [_thread_blocked, id=7268, stack(0x0000009e81d00000,0x0000009e81e00000)]
  0x0000020a6a620000 JavaThread "jar transforms Thread 308" [_thread_blocked, id=7356, stack(0x0000009e81e00000,0x0000009e81f00000)]
  0x0000020a6a61c000 JavaThread "jar transforms Thread 309" [_thread_blocked, id=1008, stack(0x0000009e81f00000,0x0000009e82000000)]
  0x0000020a6a61b000 JavaThread "jar transforms Thread 310" [_thread_blocked, id=8976, stack(0x0000009e82000000,0x0000009e82100000)]
  0x0000020a6a620800 JavaThread "jar transforms Thread 311" [_thread_blocked, id=584, stack(0x0000009e82100000,0x0000009e82200000)]
  0x0000020a6a621800 JavaThread "jar transforms Thread 312" [_thread_blocked, id=8900, stack(0x0000009e82200000,0x0000009e82300000)]
  0x0000020a6a622800 JavaThread "jar transforms Thread 313" [_thread_blocked, id=10764, stack(0x0000009e82300000,0x0000009e82400000)]
  0x0000020a67972000 JavaThread "jar transforms Thread 314" [_thread_blocked, id=8040, stack(0x0000009e82400000,0x0000009e82500000)]
  0x0000020a67976000 JavaThread "jar transforms Thread 315" [_thread_blocked, id=8268, stack(0x0000009e82500000,0x0000009e82600000)]
  0x0000020a67973000 JavaThread "jar transforms Thread 316" [_thread_blocked, id=9820, stack(0x0000009e82600000,0x0000009e82700000)]
  0x0000020a67973800 JavaThread "jar transforms Thread 317" [_thread_blocked, id=2144, stack(0x0000009e82700000,0x0000009e82800000)]
  0x0000020a67974800 JavaThread "jar transforms Thread 318" [_thread_blocked, id=12716, stack(0x0000009e82800000,0x0000009e82900000)]
  0x0000020a67975800 JavaThread "jar transforms Thread 319" [_thread_blocked, id=6188, stack(0x0000009e82900000,0x0000009e82a00000)]
  0x0000020a67971800 JavaThread "jar transforms Thread 320" [_thread_blocked, id=11020, stack(0x0000009e82a00000,0x0000009e82b00000)]
  0x0000020a6797c000 JavaThread "jar transforms Thread 321" [_thread_blocked, id=1868, stack(0x0000009e82b00000,0x0000009e82c00000)]
  0x0000020a6797c800 JavaThread "jar transforms Thread 322" [_thread_blocked, id=11056, stack(0x0000009e82c00000,0x0000009e82d00000)]
  0x0000020a67977000 JavaThread "jar transforms Thread 323" [_thread_blocked, id=7580, stack(0x0000009e82d00000,0x0000009e82e00000)]
  0x0000020a6797a800 JavaThread "jar transforms Thread 324" [_thread_blocked, id=13036, stack(0x0000009e82e00000,0x0000009e82f00000)]
  0x0000020a6797d800 JavaThread "jar transforms Thread 325" [_thread_blocked, id=12504, stack(0x0000009e82f00000,0x0000009e83000000)]
  0x0000020a6797b000 JavaThread "jar transforms Thread 326" [_thread_blocked, id=13076, stack(0x0000009e83000000,0x0000009e83100000)]
  0x0000020a67978000 JavaThread "jar transforms Thread 327" [_thread_blocked, id=1468, stack(0x0000009e83100000,0x0000009e83200000)]
  0x0000020a6797e800 JavaThread "jar transforms Thread 328" [_thread_blocked, id=10572, stack(0x0000009e83200000,0x0000009e83300000)]
  0x0000020a67978800 JavaThread "jar transforms Thread 329" [_thread_blocked, id=8444, stack(0x0000009e83300000,0x0000009e83400000)]
  0x0000020a6797f000 JavaThread "jar transforms Thread 330" [_thread_blocked, id=9676, stack(0x0000009e83400000,0x0000009e83500000)]
  0x0000020a67980000 JavaThread "jar transforms Thread 331" [_thread_blocked, id=2480, stack(0x0000009e83500000,0x0000009e83600000)]
  0x0000020a6b04a000 JavaThread "jar transforms Thread 332" [_thread_blocked, id=9600, stack(0x0000009e83600000,0x0000009e83700000)]
  0x0000020a6b04e000 JavaThread "jar transforms Thread 333" [_thread_blocked, id=12736, stack(0x0000009e83700000,0x0000009e83800000)]
  0x0000020a6b049000 JavaThread "jar transforms Thread 334" [_thread_blocked, id=11240, stack(0x0000009e83800000,0x0000009e83900000)]
  0x0000020a6b050000 JavaThread "jar transforms Thread 335" [_thread_blocked, id=2076, stack(0x0000009e83900000,0x0000009e83a00000)]
  0x0000020a6b050800 JavaThread "jar transforms Thread 336" [_thread_blocked, id=11116, stack(0x0000009e83a00000,0x0000009e83b00000)]
  0x0000020a6b04b800 JavaThread "jar transforms Thread 337" [_thread_blocked, id=10540, stack(0x0000009e83b00000,0x0000009e83c00000)]
  0x0000020a6b04b000 JavaThread "jar transforms Thread 338" [_thread_blocked, id=7408, stack(0x0000009e83c00000,0x0000009e83d00000)]
  0x0000020a6b051800 JavaThread "jar transforms Thread 339" [_thread_blocked, id=10496, stack(0x0000009e83d00000,0x0000009e83e00000)]
  0x0000020a6b052000 JavaThread "jar transforms Thread 340" [_thread_blocked, id=11456, stack(0x0000009e83e00000,0x0000009e83f00000)]
  0x0000020a6b04c800 JavaThread "jar transforms Thread 341" [_thread_blocked, id=7248, stack(0x0000009e83f00000,0x0000009e84000000)]
  0x0000020a6b056800 JavaThread "jar transforms Thread 342" [_thread_blocked, id=2512, stack(0x0000009e84000000,0x0000009e84100000)]
  0x0000020a6b057000 JavaThread "jar transforms Thread 343" [_thread_blocked, id=9760, stack(0x0000009e84100000,0x0000009e84200000)]
  0x0000020a6b058000 JavaThread "jar transforms Thread 344" [_thread_blocked, id=8736, stack(0x0000009e84200000,0x0000009e84300000)]
  0x0000020a6b055800 JavaThread "jar transforms Thread 345" [_thread_blocked, id=7876, stack(0x0000009e84300000,0x0000009e84400000)]
  0x0000020a6b054800 JavaThread "jar transforms Thread 346" [_thread_blocked, id=5724, stack(0x0000009e84400000,0x0000009e84500000)]
  0x0000020a6b053000 JavaThread "jar transforms Thread 347" [_thread_blocked, id=10360, stack(0x0000009e84500000,0x0000009e84600000)]
  0x0000020a6b054000 JavaThread "jar transforms Thread 348" [_thread_blocked, id=9340, stack(0x0000009e84600000,0x0000009e84700000)]
  0x0000020a6e24c000 JavaThread "jar transforms Thread 349" [_thread_blocked, id=12760, stack(0x0000009e84700000,0x0000009e84800000)]
  0x0000020a6e24a800 JavaThread "jar transforms Thread 350" [_thread_blocked, id=6316, stack(0x0000009e84a00000,0x0000009e84b00000)]
  0x0000020a6e24b000 JavaThread "jar transforms Thread 351" [_thread_blocked, id=3088, stack(0x0000009e84b00000,0x0000009e84c00000)]
  0x0000020a6e24d000 JavaThread "jar transforms Thread 352" [_thread_blocked, id=7852, stack(0x0000009e84c00000,0x0000009e84d00000)]
  0x0000020a6e247000 JavaThread "jar transforms Thread 353" [_thread_blocked, id=7800, stack(0x0000009e84d00000,0x0000009e84e00000)]
  0x0000020a6e249800 JavaThread "jar transforms Thread 354" [_thread_blocked, id=1996, stack(0x0000009e84e00000,0x0000009e84f00000)]
  0x0000020a6e24d800 JavaThread "jar transforms Thread 355" [_thread_blocked, id=2684, stack(0x0000009e84f00000,0x0000009e85000000)]
  0x0000020a6e248000 JavaThread "jar transforms Thread 356" [_thread_blocked, id=3768, stack(0x0000009e85000000,0x0000009e85100000)]
  0x0000020a6e24e800 JavaThread "jar transforms Thread 357" [_thread_blocked, id=1796, stack(0x0000009e85100000,0x0000009e85200000)]
  0x0000020a6e249000 JavaThread "jar transforms Thread 358" [_thread_blocked, id=268, stack(0x0000009e85200000,0x0000009e85300000)]
  0x0000020a6e254000 JavaThread "jar transforms Thread 359" [_thread_blocked, id=6536, stack(0x0000009e85300000,0x0000009e85400000)]
  0x0000020a6e251000 JavaThread "jar transforms Thread 360" [_thread_blocked, id=9420, stack(0x0000009e85400000,0x0000009e85500000)]
  0x0000020a6e251800 JavaThread "jar transforms Thread 361" [_thread_blocked, id=1012, stack(0x0000009e85500000,0x0000009e85600000)]
  0x0000020a6e252800 JavaThread "jar transforms Thread 362" [_thread_blocked, id=9772, stack(0x0000009e85600000,0x0000009e85700000)]
  0x0000020a6e253800 JavaThread "jar transforms Thread 363" [_thread_blocked, id=3536, stack(0x0000009e85700000,0x0000009e85800000)]
  0x0000020a6e24f800 JavaThread "jar transforms Thread 364" [_thread_blocked, id=4596, stack(0x0000009e85800000,0x0000009e85900000)]
  0x0000020a6e255000 JavaThread "jar transforms Thread 365" [_thread_blocked, id=4692, stack(0x0000009e85900000,0x0000009e85a00000)]
  0x0000020a692de000 JavaThread "jar transforms Thread 366" [_thread_blocked, id=2756, stack(0x0000009e85a00000,0x0000009e85b00000)]
  0x0000020a692e0800 JavaThread "jar transforms Thread 367" [_thread_blocked, id=2880, stack(0x0000009e85b00000,0x0000009e85c00000)]
  0x0000020a692db000 JavaThread "jar transforms Thread 368" [_thread_blocked, id=6584, stack(0x0000009e85c00000,0x0000009e85d00000)]
  0x0000020a692dd800 JavaThread "jar transforms Thread 369" [_thread_blocked, id=5748, stack(0x0000009e85d00000,0x0000009e85e00000)]
  0x0000020a692e1800 JavaThread "jar transforms Thread 370" [_thread_blocked, id=13292, stack(0x0000009e85e00000,0x0000009e85f00000)]
  0x0000020a692dc000 JavaThread "jar transforms Thread 371" [_thread_blocked, id=6360, stack(0x0000009e85f00000,0x0000009e86000000)]
  0x0000020a692e2800 JavaThread "jar transforms Thread 372" [_thread_blocked, id=6820, stack(0x0000009e86000000,0x0000009e86100000)]
  0x0000020a692dc800 JavaThread "jar transforms Thread 373" [_thread_blocked, id=8128, stack(0x0000009e86100000,0x0000009e86200000)]
  0x0000020a692e4000 JavaThread "jar transforms Thread 374" [_thread_blocked, id=8388, stack(0x0000009e86200000,0x0000009e86300000)]
  0x0000020a692e6800 JavaThread "jar transforms Thread 375" [_thread_blocked, id=7468, stack(0x0000009e86300000,0x0000009e86400000)]
  0x0000020a692e9000 JavaThread "jar transforms Thread 376" [_thread_blocked, id=9388, stack(0x0000009e86400000,0x0000009e86500000)]
  0x0000020a692e5800 JavaThread "jar transforms Thread 377" [_thread_blocked, id=8304, stack(0x0000009e86500000,0x0000009e86600000)]
  0x0000020a692e7000 JavaThread "jar transforms Thread 378" [_thread_blocked, id=2136, stack(0x0000009e86600000,0x0000009e86700000)]
  0x0000020a692e3000 JavaThread "jar transforms Thread 379" [_thread_blocked, id=12852, stack(0x0000009e86700000,0x0000009e86800000)]
  0x0000020a692e9800 JavaThread "jar transforms Thread 380" [_thread_blocked, id=10268, stack(0x0000009e86800000,0x0000009e86900000)]
  0x0000020a68037800 JavaThread "jar transforms Thread 381" [_thread_blocked, id=932, stack(0x0000009e86900000,0x0000009e86a00000)]
  0x0000020a68032000 JavaThread "jar transforms Thread 382" [_thread_blocked, id=1152, stack(0x0000009e86a00000,0x0000009e86b00000)]
  0x0000020a68038800 JavaThread "jar transforms Thread 383" [_thread_blocked, id=1332, stack(0x0000009e86b00000,0x0000009e86c00000)]
  0x0000020a68032800 JavaThread "jar transforms Thread 384" [_thread_blocked, id=8244, stack(0x0000009e86c00000,0x0000009e86d00000)]
  0x0000020a6803b000 JavaThread "jar transforms Thread 385" [_thread_blocked, id=8924, stack(0x0000009e86d00000,0x0000009e86e00000)]
  0x0000020a6803e000 JavaThread "jar transforms Thread 386" [_thread_blocked, id=10216, stack(0x0000009e86e00000,0x0000009e86f00000)]
  0x0000020a6803a000 JavaThread "jar transforms Thread 387" [_thread_blocked, id=9984, stack(0x0000009e86f00000,0x0000009e87000000)]
  0x0000020a6803b800 JavaThread "jar transforms Thread 388" [_thread_blocked, id=6624, stack(0x0000009e87000000,0x0000009e87100000)]
  0x0000020a6803c800 JavaThread "jar transforms Thread 389" [_thread_blocked, id=3284, stack(0x0000009e87100000,0x0000009e87200000)]
  0x0000020a6803d000 JavaThread "jar transforms Thread 390" [_thread_blocked, id=9048, stack(0x0000009e87200000,0x0000009e87300000)]
  0x0000020a6803f000 JavaThread "jar transforms Thread 391" [_thread_blocked, id=7956, stack(0x0000009e87300000,0x0000009e87400000)]
  0x0000020a68039000 JavaThread "jar transforms Thread 392" [_thread_blocked, id=6336, stack(0x0000009e87400000,0x0000009e87500000)]
  0x0000020a6e27a800 JavaThread "jar transforms Thread 393" [_thread_blocked, id=2856, stack(0x0000009e87500000,0x0000009e87600000)]
  0x0000020a6e27b800 JavaThread "jar transforms Thread 394" [_thread_blocked, id=12656, stack(0x0000009e87600000,0x0000009e87700000)]
  0x0000020a6e27c800 JavaThread "jar transforms Thread 395" [_thread_blocked, id=8248, stack(0x0000009e87700000,0x0000009e87800000)]
  0x0000020a6e27e000 JavaThread "jar transforms Thread 396" [_thread_blocked, id=572, stack(0x0000009e87800000,0x0000009e87900000)]
  0x0000020a6e27e800 JavaThread "build event listener" [_thread_blocked, id=3252, stack(0x0000009e87900000,0x0000009e87a00000)]
  0x0000020a6e279000 JavaThread "build event listener" [_thread_blocked, id=11792, stack(0x0000009e87a00000,0x0000009e87b00000)]
  0x0000020a66d73000 JavaThread "Execution worker for ':'" [_thread_blocked, id=6980, stack(0x0000009e87b00000,0x0000009e87c00000)]
  0x0000020a66d75800 JavaThread "Execution worker for ':' Thread 2" [_thread_blocked, id=10376, stack(0x0000009e87c00000,0x0000009e87d00000)]
  0x0000020a66d76800 JavaThread "Execution worker for ':' Thread 3" [_thread_blocked, id=9436, stack(0x0000009e87d00000,0x0000009e87e00000)]
  0x0000020a66d77000 JavaThread "Execution worker for ':' Thread 4" [_thread_blocked, id=3248, stack(0x0000009e87e00000,0x0000009e87f00000)]
  0x0000020a66d78000 JavaThread "Execution worker for ':' Thread 5" [_thread_blocked, id=6848, stack(0x0000009e87f00000,0x0000009e88000000)]
  0x0000020a6e52c000 JavaThread "Execution worker for ':' Thread 6" [_thread_blocked, id=9588, stack(0x0000009e88000000,0x0000009e88100000)]
  0x0000020a6e52b000 JavaThread "Execution worker for ':' Thread 7" [_thread_in_Java, id=9396, stack(0x0000009e88100000,0x0000009e88200000)]
  0x0000020a6e52c800 JavaThread "Cache worker for execution history cache (D:\Du an truong\DuanPhonestore\.gradle\6.7.1\executionHistory)" [_thread_blocked, id=7704, stack(0x0000009e88200000,0x0000009e88300000)]

Other Threads:
  0x0000020a64a71000 VMThread "VM Thread" [stack: 0x0000009efb100000,0x0000009efb200000] [id=12700]
  0x0000020a655aa800 WatcherThread [stack: 0x0000009efbb00000,0x0000009efbc00000] [id=6760]
  0x0000020a49e72800 GCTaskThread "GC Thread#0" [stack: 0x0000009efac00000,0x0000009efad00000] [id=7044]
  0x0000020a6623a000 GCTaskThread "GC Thread#1" [stack: 0x0000009efbe00000,0x0000009efbf00000] [id=12888]
  0x0000020a65814800 GCTaskThread "GC Thread#2" [stack: 0x0000009efc400000,0x0000009efc500000] [id=6376]
  0x0000020a66190800 GCTaskThread "GC Thread#3" [stack: 0x0000009efc500000,0x0000009efc600000] [id=4560]
  0x0000020a669fe000 GCTaskThread "GC Thread#4" [stack: 0x0000009efc600000,0x0000009efc700000] [id=7432]
  0x0000020a66db1800 GCTaskThread "GC Thread#5" [stack: 0x0000009efc700000,0x0000009efc800000] [id=9472]
  0x0000020a66de6000 GCTaskThread "GC Thread#6" [stack: 0x0000009efc800000,0x0000009efc900000] [id=804]
  0x0000020a67ea5800 GCTaskThread "GC Thread#7" [stack: 0x0000009efc900000,0x0000009efca00000] [id=1480]
  0x0000020a49ea3800 ConcurrentGCThread "G1 Main Marker" [stack: 0x0000009efad00000,0x0000009efae00000] [id=1472]
  0x0000020a49ea5000 ConcurrentGCThread "G1 Conc#0" [stack: 0x0000009efae00000,0x0000009efaf00000] [id=2180]
  0x0000020a68e89800 ConcurrentGCThread "G1 Conc#1" [stack: 0x0000009efd300000,0x0000009efd400000] [id=3084]
  0x0000020a49f2c800 ConcurrentGCThread "G1 Refine#0" [stack: 0x0000009efaf00000,0x0000009efb000000] [id=13040]
  0x0000020a66c4f000 ConcurrentGCThread "G1 Refine#1" [stack: 0x0000009efca00000,0x0000009efcb00000] [id=7496]
  0x0000020a660e9800 ConcurrentGCThread "G1 Refine#2" [stack: 0x0000009efcb00000,0x0000009efcc00000] [id=7276]
  0x0000020a49f2f800 ConcurrentGCThread "G1 Young RemSet Sampling" [stack: 0x0000009efb000000,0x0000009efb100000] [id=5228]

Threads with active compile tasks:
C2 CompilerThread0 638354 21221   !   4       com.google.common.cache.LocalCache$Segment::lockedGetOrLoad (447 bytes)

VM state:not at safepoint (normal execution)

VM Mutex/Monitor currently owned by a thread: None

Heap address: 0x0000000080000000, size: 2048 MB, Compressed Oops mode: 32-bit
Narrow klass base: 0x0000000000000000, Narrow klass shift: 3
Compressed class space size: 1073741824 Address: 0x0000000100000000

Heap:
 garbage-first heap   total 299008K, used 156175K [0x0000000080000000, 0x0000000100000000)
  region size 1024K, 54 young (55296K), 2 survivors (2048K)
 Metaspace       used 114403K, capacity 117380K, committed 118476K, reserved 1153024K
  class space    used 14148K, capacity 15204K, committed 15616K, reserved 1048576K
Heap Regions: E=young(eden), S=young(survivor), O=old, HS=humongous(starts), HC=humongous(continues), CS=collection set, F=free, A=archive, TAMS=top-at-mark-start (previous, next)
|   0|0x0000000080000000, 0x0000000080100000, 0x0000000080100000|100%| O|  |TAMS 0x0000000080100000, 0x0000000080000000| Untracked 
|   1|0x0000000080100000, 0x0000000080200000, 0x0000000080200000|100%| O|  |TAMS 0x0000000080200000, 0x0000000080100000| Untracked 
|   2|0x0000000080200000, 0x0000000080300000, 0x0000000080300000|100%| O|  |TAMS 0x0000000080300000, 0x0000000080200000| Untracked 
|   3|0x0000000080300000, 0x0000000080400000, 0x0000000080400000|100%|HS|  |TAMS 0x0000000080400000, 0x0000000080300000| Complete 
|   4|0x0000000080400000, 0x0000000080500000, 0x0000000080500000|100%|HC|  |TAMS 0x0000000080500000, 0x0000000080400000| Complete 
|   5|0x0000000080500000, 0x0000000080600000, 0x0000000080600000|100%|HC|  |TAMS 0x0000000080600000, 0x0000000080500000| Complete 
|   6|0x0000000080600000, 0x0000000080700000, 0x0000000080700000|100%| O|  |TAMS 0x0000000080700000, 0x0000000080600000| Untracked 
|   7|0x0000000080700000, 0x0000000080800000, 0x0000000080800000|100%| O|  |TAMS 0x0000000080800000, 0x0000000080700000| Untracked 
|   8|0x0000000080800000, 0x0000000080900000, 0x0000000080900000|100%| O|  |TAMS 0x0000000080900000, 0x0000000080800000| Untracked 
|   9|0x0000000080900000, 0x0000000080a00000, 0x0000000080a00000|100%| O|  |TAMS 0x0000000080a00000, 0x0000000080900000| Untracked 
|  10|0x0000000080a00000, 0x0000000080b00000, 0x0000000080b00000|100%| O|  |TAMS 0x0000000080b00000, 0x0000000080a00000| Untracked 
|  11|0x0000000080b00000, 0x0000000080c00000, 0x0000000080c00000|100%| O|  |TAMS 0x0000000080c00000, 0x0000000080b00000| Untracked 
|  12|0x0000000080c00000, 0x0000000080d00000, 0x0000000080d00000|100%| O|  |TAMS 0x0000000080d00000, 0x0000000080c00000| Untracked 
|  13|0x0000000080d00000, 0x0000000080e00000, 0x0000000080e00000|100%| O|  |TAMS 0x0000000080e00000, 0x0000000080d00000| Untracked 
|  14|0x0000000080e00000, 0x0000000080f00000, 0x0000000080f00000|100%| O|  |TAMS 0x0000000080f00000, 0x0000000080e00000| Untracked 
|  15|0x0000000080f00000, 0x0000000081000000, 0x0000000081000000|100%| O|  |TAMS 0x0000000081000000, 0x0000000080f00000| Untracked 
|  16|0x0000000081000000, 0x0000000081100000, 0x0000000081100000|100%| O|  |TAMS 0x0000000081100000, 0x0000000081000000| Untracked 
|  17|0x0000000081100000, 0x0000000081200000, 0x0000000081200000|100%| O|  |TAMS 0x0000000081200000, 0x0000000081100000| Untracked 
|  18|0x0000000081200000, 0x0000000081300000, 0x0000000081300000|100%| O|  |TAMS 0x0000000081300000, 0x0000000081200000| Untracked 
|  19|0x0000000081300000, 0x0000000081400000, 0x0000000081400000|100%|HS|  |TAMS 0x0000000081400000, 0x0000000081300000| Complete 
|  20|0x0000000081400000, 0x0000000081500000, 0x0000000081500000|100%|HS|  |TAMS 0x0000000081500000, 0x0000000081400000| Complete 
|  21|0x0000000081500000, 0x0000000081600000, 0x0000000081600000|100%|HC|  |TAMS 0x0000000081600000, 0x0000000081500000| Complete 
|  22|0x0000000081600000, 0x0000000081700000, 0x0000000081700000|100%| O|  |TAMS 0x0000000081700000, 0x0000000081600000| Untracked 
|  23|0x0000000081700000, 0x0000000081800000, 0x0000000081800000|100%| O|  |TAMS 0x0000000081800000, 0x0000000081700000| Untracked 
|  24|0x0000000081800000, 0x0000000081900000, 0x0000000081900000|100%| O|  |TAMS 0x0000000081900000, 0x0000000081800000| Untracked 
|  25|0x0000000081900000, 0x0000000081a00000, 0x0000000081a00000|100%| O|  |TAMS 0x0000000081a00000, 0x0000000081900000| Untracked 
|  26|0x0000000081a00000, 0x0000000081b00000, 0x0000000081b00000|100%| O|  |TAMS 0x0000000081b00000, 0x0000000081a00000| Untracked 
|  27|0x0000000081b00000, 0x0000000081c00000, 0x0000000081c00000|100%| O|  |TAMS 0x0000000081c00000, 0x0000000081b00000| Untracked 
|  28|0x0000000081c00000, 0x0000000081d00000, 0x0000000081d00000|100%| O|  |TAMS 0x0000000081d00000, 0x0000000081c00000| Untracked 
|  29|0x0000000081d00000, 0x0000000081e00000, 0x0000000081e00000|100%| O|  |TAMS 0x0000000081e00000, 0x0000000081d00000| Untracked 
|  30|0x0000000081e00000, 0x0000000081f00000, 0x0000000081f00000|100%| O|  |TAMS 0x0000000081f00000, 0x0000000081e00000| Untracked 
|  31|0x0000000081f00000, 0x0000000082000000, 0x0000000082000000|100%| O|  |TAMS 0x0000000082000000, 0x0000000081f00000| Untracked 
|  32|0x0000000082000000, 0x0000000082100000, 0x0000000082100000|100%| O|  |TAMS 0x0000000082100000, 0x0000000082000000| Untracked 
|  33|0x0000000082100000, 0x0000000082200000, 0x0000000082200000|100%| O|  |TAMS 0x0000000082200000, 0x0000000082100000| Untracked 
|  34|0x0000000082200000, 0x0000000082300000, 0x0000000082300000|100%| O|  |TAMS 0x0000000082300000, 0x0000000082200000| Untracked 
|  35|0x0000000082300000, 0x0000000082400000, 0x0000000082400000|100%| O|  |TAMS 0x0000000082400000, 0x0000000082300000| Untracked 
|  36|0x0000000082400000, 0x0000000082500000, 0x0000000082500000|100%| O|  |TAMS 0x0000000082500000, 0x0000000082400000| Untracked 
|  37|0x0000000082500000, 0x0000000082600000, 0x0000000082600000|100%| O|  |TAMS 0x0000000082600000, 0x0000000082500000| Untracked 
|  38|0x0000000082600000, 0x0000000082700000, 0x0000000082700000|100%| O|  |TAMS 0x0000000082700000, 0x0000000082600000| Untracked 
|  39|0x0000000082700000, 0x0000000082800000, 0x0000000082800000|100%| O|  |TAMS 0x0000000082800000, 0x0000000082700000| Untracked 
|  40|0x0000000082800000, 0x0000000082900000, 0x0000000082900000|100%| O|  |TAMS 0x0000000082900000, 0x0000000082800000| Untracked 
|  41|0x0000000082900000, 0x0000000082a00000, 0x0000000082a00000|100%| O|  |TAMS 0x0000000082a00000, 0x0000000082900000| Untracked 
|  42|0x0000000082a00000, 0x0000000082b00000, 0x0000000082b00000|100%| O|  |TAMS 0x0000000082b00000, 0x0000000082a00000| Untracked 
|  43|0x0000000082b00000, 0x0000000082c00000, 0x0000000082c00000|100%| O|  |TAMS 0x0000000082c00000, 0x0000000082b00000| Untracked 
|  44|0x0000000082c00000, 0x0000000082d00000, 0x0000000082d00000|100%| O|  |TAMS 0x0000000082d00000, 0x0000000082c00000| Untracked 
|  45|0x0000000082d00000, 0x0000000082e00000, 0x0000000082e00000|100%| O|  |TAMS 0x0000000082e00000, 0x0000000082d00000| Untracked 
|  46|0x0000000082e00000, 0x0000000082f00000, 0x0000000082f00000|100%| O|  |TAMS 0x0000000082f00000, 0x0000000082e00000| Untracked 
|  47|0x0000000082f00000, 0x0000000083000000, 0x0000000083000000|100%| O|  |TAMS 0x0000000083000000, 0x0000000082f00000| Untracked 
|  48|0x0000000083000000, 0x0000000083100000, 0x0000000083100000|100%| O|  |TAMS 0x0000000083100000, 0x0000000083000000| Untracked 
|  49|0x0000000083100000, 0x0000000083200000, 0x0000000083200000|100%| O|  |TAMS 0x0000000083200000, 0x0000000083100000| Untracked 
|  50|0x0000000083200000, 0x0000000083300000, 0x0000000083300000|100%| O|  |TAMS 0x0000000083300000, 0x0000000083200000| Untracked 
|  51|0x0000000083300000, 0x0000000083400000, 0x0000000083400000|100%| O|  |TAMS 0x0000000083400000, 0x0000000083300000| Untracked 
|  52|0x0000000083400000, 0x0000000083500000, 0x0000000083500000|100%| O|  |TAMS 0x0000000083500000, 0x0000000083400000| Untracked 
|  53|0x0000000083500000, 0x0000000083600000, 0x0000000083600000|100%| O|  |TAMS 0x0000000083600000, 0x0000000083500000| Untracked 
|  54|0x0000000083600000, 0x0000000083700000, 0x0000000083700000|100%| O|  |TAMS 0x0000000083700000, 0x0000000083600000| Untracked 
|  55|0x0000000083700000, 0x0000000083800000, 0x0000000083800000|100%| O|  |TAMS 0x0000000083800000, 0x0000000083700000| Untracked 
|  56|0x0000000083800000, 0x0000000083900000, 0x0000000083900000|100%| O|  |TAMS 0x0000000083900000, 0x0000000083800000| Untracked 
|  57|0x0000000083900000, 0x0000000083a00000, 0x0000000083a00000|100%| O|  |TAMS 0x0000000083a00000, 0x0000000083900000| Untracked 
|  58|0x0000000083a00000, 0x0000000083b00000, 0x0000000083b00000|100%| O|  |TAMS 0x0000000083b00000, 0x0000000083a00000| Untracked 
|  59|0x0000000083b00000, 0x0000000083c00000, 0x0000000083c00000|100%| O|  |TAMS 0x0000000083b00000, 0x0000000083b00000| Untracked 
|  60|0x0000000083c00000, 0x0000000083d00000, 0x0000000083d00000|100%| O|  |TAMS 0x0000000083d00000, 0x0000000083c00000| Untracked 
|  61|0x0000000083d00000, 0x0000000083e00000, 0x0000000083e00000|100%| O|  |TAMS 0x0000000083d00000, 0x0000000083d00000| Untracked 
|  62|0x0000000083e00000, 0x0000000083f00000, 0x0000000083f00000|100%| O|  |TAMS 0x0000000083f00000, 0x0000000083e00000| Untracked 
|  63|0x0000000083f00000, 0x0000000084000000, 0x0000000084000000|100%| O|  |TAMS 0x0000000084000000, 0x0000000083f00000| Untracked 
|  64|0x0000000084000000, 0x0000000084000000, 0x0000000084100000|  0%| F|  |TAMS 0x0000000084000000, 0x0000000084000000| Untracked 
|  65|0x0000000084100000, 0x0000000084200000, 0x0000000084200000|100%| O|  |TAMS 0x0000000084200000, 0x0000000084100000| Untracked 
|  66|0x0000000084200000, 0x0000000084300000, 0x0000000084300000|100%| O|  |TAMS 0x0000000084200000, 0x0000000084200000| Untracked 
|  67|0x0000000084300000, 0x0000000084400000, 0x0000000084400000|100%| O|  |TAMS 0x0000000084300000, 0x0000000084300000| Untracked 
|  68|0x0000000084400000, 0x0000000084484000, 0x0000000084500000| 51%| O|  |TAMS 0x0000000084400000, 0x0000000084400000| Untracked 
|  69|0x0000000084500000, 0x0000000084600000, 0x0000000084600000|100%| O|  |TAMS 0x0000000084600000, 0x0000000084500000| Untracked 
|  70|0x0000000084600000, 0x0000000084700000, 0x0000000084700000|100%| O|  |TAMS 0x0000000084700000, 0x0000000084600000| Untracked 
|  71|0x0000000084700000, 0x0000000084800000, 0x0000000084800000|100%| O|  |TAMS 0x0000000084800000, 0x0000000084700000| Untracked 
|  72|0x0000000084800000, 0x0000000084800000, 0x0000000084900000|  0%| F|  |TAMS 0x0000000084800000, 0x0000000084800000| Untracked 
|  73|0x0000000084900000, 0x0000000084900000, 0x0000000084a00000|  0%| F|  |TAMS 0x0000000084900000, 0x0000000084900000| Untracked 
|  74|0x0000000084a00000, 0x0000000084b00000, 0x0000000084b00000|100%| O|  |TAMS 0x0000000084b00000, 0x0000000084a00000| Untracked 
|  75|0x0000000084b00000, 0x0000000084c00000, 0x0000000084c00000|100%| O|  |TAMS 0x0000000084c00000, 0x0000000084b00000| Untracked 
|  76|0x0000000084c00000, 0x0000000084d00000, 0x0000000084d00000|100%| O|  |TAMS 0x0000000084d00000, 0x0000000084c00000| Untracked 
|  77|0x0000000084d00000, 0x0000000084e00000, 0x0000000084e00000|100%| O|  |TAMS 0x0000000084e00000, 0x0000000084d00000| Untracked 
|  78|0x0000000084e00000, 0x0000000084e00000, 0x0000000084f00000|  0%| F|  |TAMS 0x0000000084e00000, 0x0000000084e00000| Untracked 
|  79|0x0000000084f00000, 0x0000000084f00000, 0x0000000085000000|  0%| F|  |TAMS 0x0000000084f00000, 0x0000000084f00000| Untracked 
|  80|0x0000000085000000, 0x0000000085100000, 0x0000000085100000|100%| O|  |TAMS 0x0000000085100000, 0x0000000085000000| Untracked 
|  81|0x0000000085100000, 0x0000000085200000, 0x0000000085200000|100%| O|  |TAMS 0x0000000085200000, 0x0000000085100000| Untracked 
|  82|0x0000000085200000, 0x0000000085300000, 0x0000000085300000|100%| O|  |TAMS 0x0000000085300000, 0x0000000085200000| Untracked 
|  83|0x0000000085300000, 0x0000000085300000, 0x0000000085400000|  0%| F|  |TAMS 0x0000000085300000, 0x0000000085300000| Untracked 
|  84|0x0000000085400000, 0x0000000085400000, 0x0000000085500000|  0%| F|  |TAMS 0x0000000085400000, 0x0000000085400000| Untracked 
|  85|0x0000000085500000, 0x0000000085500000, 0x0000000085600000|  0%| F|  |TAMS 0x0000000085500000, 0x0000000085500000| Untracked 
|  86|0x0000000085600000, 0x0000000085700000, 0x0000000085700000|100%| O|  |TAMS 0x0000000085700000, 0x0000000085600000| Untracked 
|  87|0x0000000085700000, 0x0000000085800000, 0x0000000085800000|100%| O|  |TAMS 0x0000000085800000, 0x0000000085700000| Untracked 
|  88|0x0000000085800000, 0x0000000085800000, 0x0000000085900000|  0%| F|  |TAMS 0x0000000085800000, 0x0000000085800000| Untracked 
|  89|0x0000000085900000, 0x0000000085900000, 0x0000000085a00000|  0%| F|  |TAMS 0x0000000085900000, 0x0000000085900000| Untracked 
|  90|0x0000000085a00000, 0x0000000085a00000, 0x0000000085b00000|  0%| F|  |TAMS 0x0000000085a00000, 0x0000000085a00000| Untracked 
|  91|0x0000000085b00000, 0x0000000085c00000, 0x0000000085c00000|100%| O|  |TAMS 0x0000000085c00000, 0x0000000085b00000| Untracked 
|  92|0x0000000085c00000, 0x0000000085d00000, 0x0000000085d00000|100%| O|  |TAMS 0x0000000085d00000, 0x0000000085c00000| Untracked 
|  93|0x0000000085d00000, 0x0000000085e00000, 0x0000000085e00000|100%| O|  |TAMS 0x0000000085e00000, 0x0000000085d00000| Untracked 
|  94|0x0000000085e00000, 0x0000000085f00000, 0x0000000085f00000|100%| O|  |TAMS 0x0000000085f00000, 0x0000000085e00000| Untracked 
|  95|0x0000000085f00000, 0x0000000086000000, 0x0000000086000000|100%| O|  |TAMS 0x0000000086000000, 0x0000000085f00000| Untracked 
|  96|0x0000000086000000, 0x0000000086100000, 0x0000000086100000|100%| O|  |TAMS 0x0000000086100000, 0x0000000086000000| Untracked 
|  97|0x0000000086100000, 0x0000000086200000, 0x0000000086200000|100%| O|  |TAMS 0x0000000086200000, 0x0000000086100000| Untracked 
|  98|0x0000000086200000, 0x0000000086200000, 0x0000000086300000|  0%| F|  |TAMS 0x0000000086200000, 0x0000000086200000| Untracked 
|  99|0x0000000086300000, 0x0000000086300000, 0x0000000086400000|  0%| F|  |TAMS 0x0000000086300000, 0x0000000086300000| Untracked 
| 100|0x0000000086400000, 0x0000000086400000, 0x0000000086500000|  0%| F|  |TAMS 0x0000000086400000, 0x0000000086400000| Untracked 
| 101|0x0000000086500000, 0x0000000086500000, 0x0000000086600000|  0%| F|  |TAMS 0x0000000086500000, 0x0000000086500000| Untracked 
| 102|0x0000000086600000, 0x0000000086700000, 0x0000000086700000|100%| O|  |TAMS 0x0000000086700000, 0x0000000086600000| Untracked 
| 103|0x0000000086700000, 0x0000000086800000, 0x0000000086800000|100%| O|  |TAMS 0x0000000086800000, 0x0000000086700000| Untracked 
| 104|0x0000000086800000, 0x0000000086800000, 0x0000000086900000|  0%| F|  |TAMS 0x0000000086800000, 0x0000000086800000| Untracked 
| 105|0x0000000086900000, 0x0000000086a00000, 0x0000000086a00000|100%| O|  |TAMS 0x0000000086a00000, 0x0000000086900000| Untracked 
| 106|0x0000000086a00000, 0x0000000086a00000, 0x0000000086b00000|  0%| F|  |TAMS 0x0000000086a00000, 0x0000000086a00000| Untracked 
| 107|0x0000000086b00000, 0x0000000086b00000, 0x0000000086c00000|  0%| F|  |TAMS 0x0000000086b00000, 0x0000000086b00000| Untracked 
| 108|0x0000000086c00000, 0x0000000086c00000, 0x0000000086d00000|  0%| F|  |TAMS 0x0000000086c00000, 0x0000000086c00000| Untracked 
| 109|0x0000000086d00000, 0x0000000086d00000, 0x0000000086e00000|  0%| F|  |TAMS 0x0000000086d00000, 0x0000000086d00000| Untracked 
| 110|0x0000000086e00000, 0x0000000086e00000, 0x0000000086f00000|  0%| F|  |TAMS 0x0000000086e00000, 0x0000000086e00000| Untracked 
| 111|0x0000000086f00000, 0x0000000087000000, 0x0000000087000000|100%| O|  |TAMS 0x0000000087000000, 0x0000000086f00000| Untracked 
| 112|0x0000000087000000, 0x0000000087100000, 0x0000000087100000|100%| O|  |TAMS 0x0000000087100000, 0x0000000087000000| Untracked 
| 113|0x0000000087100000, 0x0000000087100000, 0x0000000087200000|  0%| F|  |TAMS 0x0000000087100000, 0x0000000087100000| Untracked 
| 114|0x0000000087200000, 0x0000000087200000, 0x0000000087300000|  0%| F|  |TAMS 0x0000000087200000, 0x0000000087200000| Untracked 
| 115|0x0000000087300000, 0x0000000087400000, 0x0000000087400000|100%| O|  |TAMS 0x0000000087400000, 0x0000000087300000| Untracked 
| 116|0x0000000087400000, 0x0000000087500000, 0x0000000087500000|100%| O|  |TAMS 0x0000000087500000, 0x0000000087400000| Untracked 
| 117|0x0000000087500000, 0x0000000087500000, 0x0000000087600000|  0%| F|  |TAMS 0x0000000087500000, 0x0000000087500000| Untracked 
| 118|0x0000000087600000, 0x0000000087600000, 0x0000000087700000|  0%| F|  |TAMS 0x0000000087600000, 0x0000000087600000| Untracked 
| 119|0x0000000087700000, 0x0000000087800000, 0x0000000087800000|100%| O|  |TAMS 0x0000000087800000, 0x0000000087700000| Untracked 
| 120|0x0000000087800000, 0x0000000087900000, 0x0000000087900000|100%| O|  |TAMS 0x0000000087900000, 0x0000000087800000| Untracked 
| 121|0x0000000087900000, 0x0000000087a00000, 0x0000000087a00000|100%| O|  |TAMS 0x00000000879a4400, 0x0000000087900000| Untracked 
| 122|0x0000000087a00000, 0x0000000087a00000, 0x0000000087b00000|  0%| F|  |TAMS 0x0000000087a00000, 0x0000000087a00000| Untracked 
| 123|0x0000000087b00000, 0x0000000087b00000, 0x0000000087c00000|  0%| F|  |TAMS 0x0000000087b00000, 0x0000000087b00000| Untracked 
| 124|0x0000000087c00000, 0x0000000087c00000, 0x0000000087d00000|  0%| F|  |TAMS 0x0000000087c00000, 0x0000000087c00000| Untracked 
| 125|0x0000000087d00000, 0x0000000087d00000, 0x0000000087e00000|  0%| F|  |TAMS 0x0000000087d00000, 0x0000000087d00000| Untracked 
| 126|0x0000000087e00000, 0x0000000087e00000, 0x0000000087f00000|  0%| F|  |TAMS 0x0000000087e00000, 0x0000000087e00000| Untracked 
| 127|0x0000000087f00000, 0x0000000087f00000, 0x0000000088000000|  0%| F|  |TAMS 0x0000000087f00000, 0x0000000087f00000| Untracked 
| 128|0x0000000088000000, 0x0000000088000000, 0x0000000088100000|  0%| F|  |TAMS 0x0000000088000000, 0x0000000088000000| Untracked 
| 129|0x0000000088100000, 0x0000000088100000, 0x0000000088200000|  0%| F|  |TAMS 0x0000000088100000, 0x0000000088100000| Untracked 
| 130|0x0000000088200000, 0x0000000088200000, 0x0000000088300000|  0%| F|  |TAMS 0x0000000088200000, 0x0000000088200000| Untracked 
| 131|0x0000000088300000, 0x0000000088400000, 0x0000000088400000|100%| O|  |TAMS 0x0000000088400000, 0x0000000088300000| Untracked 
| 132|0x0000000088400000, 0x0000000088400000, 0x0000000088500000|  0%| F|  |TAMS 0x0000000088400000, 0x0000000088400000| Untracked 
| 133|0x0000000088500000, 0x0000000088500000, 0x0000000088600000|  0%| F|  |TAMS 0x0000000088500000, 0x0000000088500000| Untracked 
| 134|0x0000000088600000, 0x0000000088600000, 0x0000000088700000|  0%| F|  |TAMS 0x0000000088600000, 0x0000000088600000| Untracked 
| 135|0x0000000088700000, 0x0000000088700000, 0x0000000088800000|  0%| F|  |TAMS 0x0000000088700000, 0x0000000088700000| Untracked 
| 136|0x0000000088800000, 0x0000000088800000, 0x0000000088900000|  0%| F|  |TAMS 0x0000000088800000, 0x0000000088800000| Untracked 
| 137|0x0000000088900000, 0x0000000088a00000, 0x0000000088a00000|100%| O|  |TAMS 0x0000000088a00000, 0x0000000088900000| Untracked 
| 138|0x0000000088a00000, 0x0000000088b00000, 0x0000000088b00000|100%| O|  |TAMS 0x0000000088b00000, 0x0000000088a00000| Untracked 
| 139|0x0000000088b00000, 0x0000000088b00000, 0x0000000088c00000|  0%| F|  |TAMS 0x0000000088b00000, 0x0000000088b00000| Untracked 
| 140|0x0000000088c00000, 0x0000000088d00000, 0x0000000088d00000|100%| O|  |TAMS 0x0000000088d00000, 0x0000000088c00000| Untracked 
| 141|0x0000000088d00000, 0x0000000088d00000, 0x0000000088e00000|  0%| F|  |TAMS 0x0000000088d00000, 0x0000000088d00000| Untracked 
| 142|0x0000000088e00000, 0x0000000088e00000, 0x0000000088f00000|  0%| F|  |TAMS 0x0000000088e00000, 0x0000000088e00000| Untracked 
| 143|0x0000000088f00000, 0x0000000088f00000, 0x0000000089000000|  0%| F|  |TAMS 0x0000000088f00000, 0x0000000088f00000| Untracked 
| 144|0x0000000089000000, 0x0000000089000000, 0x0000000089100000|  0%| F|  |TAMS 0x0000000089000000, 0x0000000089000000| Untracked 
| 145|0x0000000089100000, 0x0000000089100000, 0x0000000089200000|  0%| F|  |TAMS 0x0000000089100000, 0x0000000089100000| Untracked 
| 146|0x0000000089200000, 0x0000000089200000, 0x0000000089300000|  0%| F|  |TAMS 0x0000000089200000, 0x0000000089200000| Untracked 
| 147|0x0000000089300000, 0x0000000089300000, 0x0000000089400000|  0%| F|  |TAMS 0x0000000089300000, 0x0000000089300000| Untracked 
| 148|0x0000000089400000, 0x0000000089400000, 0x0000000089500000|  0%| F|  |TAMS 0x0000000089400000, 0x0000000089400000| Untracked 
| 149|0x0000000089500000, 0x0000000089500000, 0x0000000089600000|  0%| F|  |TAMS 0x0000000089500000, 0x0000000089500000| Untracked 
| 150|0x0000000089600000, 0x0000000089600000, 0x0000000089700000|  0%| F|  |TAMS 0x0000000089600000, 0x0000000089600000| Untracked 
| 151|0x0000000089700000, 0x0000000089700000, 0x0000000089800000|  0%| F|  |TAMS 0x0000000089700000, 0x0000000089700000| Untracked 
| 152|0x0000000089800000, 0x0000000089800000, 0x0000000089900000|  0%| F|  |TAMS 0x0000000089800000, 0x0000000089800000| Untracked 
| 153|0x0000000089900000, 0x0000000089900000, 0x0000000089a00000|  0%| F|  |TAMS 0x0000000089900000, 0x0000000089900000| Untracked 
| 154|0x0000000089a00000, 0x0000000089a00000, 0x0000000089b00000|  0%| F|  |TAMS 0x0000000089a00000, 0x0000000089a00000| Untracked 
| 155|0x0000000089b00000, 0x0000000089b00000, 0x0000000089c00000|  0%| F|  |TAMS 0x0000000089b00000, 0x0000000089b00000| Untracked 
| 156|0x0000000089c00000, 0x0000000089c00000, 0x0000000089d00000|  0%| F|  |TAMS 0x0000000089c00000, 0x0000000089c00000| Untracked 
| 157|0x0000000089d00000, 0x0000000089d00000, 0x0000000089e00000|  0%| F|  |TAMS 0x0000000089d00000, 0x0000000089d00000| Untracked 
| 158|0x0000000089e00000, 0x0000000089e00000, 0x0000000089f00000|  0%| F|  |TAMS 0x0000000089e00000, 0x0000000089e00000| Untracked 
| 159|0x0000000089f00000, 0x0000000089f00000, 0x000000008a000000|  0%| F|  |TAMS 0x0000000089f00000, 0x0000000089f00000| Untracked 
| 160|0x000000008a000000, 0x000000008a000000, 0x000000008a100000|  0%| F|  |TAMS 0x000000008a000000, 0x000000008a000000| Untracked 
| 161|0x000000008a100000, 0x000000008a100000, 0x000000008a200000|  0%| F|  |TAMS 0x000000008a100000, 0x000000008a100000| Untracked 
| 162|0x000000008a200000, 0x000000008a200000, 0x000000008a300000|  0%| F|  |TAMS 0x000000008a200000, 0x000000008a200000| Untracked 
| 163|0x000000008a300000, 0x000000008a300000, 0x000000008a400000|  0%| F|  |TAMS 0x000000008a300000, 0x000000008a300000| Untracked 
| 164|0x000000008a400000, 0x000000008a400000, 0x000000008a500000|  0%| F|  |TAMS 0x000000008a400000, 0x000000008a400000| Untracked 
| 165|0x000000008a500000, 0x000000008a500000, 0x000000008a600000|  0%| F|  |TAMS 0x000000008a500000, 0x000000008a500000| Untracked 
| 166|0x000000008a600000, 0x000000008a600000, 0x000000008a700000|  0%| F|  |TAMS 0x000000008a600000, 0x000000008a600000| Untracked 
| 167|0x000000008a700000, 0x000000008a700000, 0x000000008a800000|  0%| F|  |TAMS 0x000000008a700000, 0x000000008a700000| Untracked 
| 168|0x000000008a800000, 0x000000008a800000, 0x000000008a900000|  0%| F|  |TAMS 0x000000008a800000, 0x000000008a800000| Untracked 
| 169|0x000000008a900000, 0x000000008a900000, 0x000000008aa00000|  0%| F|  |TAMS 0x000000008a900000, 0x000000008a900000| Untracked 
| 170|0x000000008aa00000, 0x000000008aa00000, 0x000000008ab00000|  0%| F|  |TAMS 0x000000008aa00000, 0x000000008aa00000| Untracked 
| 171|0x000000008ab00000, 0x000000008ab00000, 0x000000008ac00000|  0%| F|  |TAMS 0x000000008ab00000, 0x000000008ab00000| Untracked 
| 172|0x000000008ac00000, 0x000000008ac00000, 0x000000008ad00000|  0%| F|  |TAMS 0x000000008ac00000, 0x000000008ac00000| Untracked 
| 173|0x000000008ad00000, 0x000000008ad00000, 0x000000008ae00000|  0%| F|  |TAMS 0x000000008ad00000, 0x000000008ad00000| Untracked 
| 174|0x000000008ae00000, 0x000000008ae00000, 0x000000008af00000|  0%| F|  |TAMS 0x000000008ae00000, 0x000000008ae00000| Untracked 
| 175|0x000000008af00000, 0x000000008af00000, 0x000000008b000000|  0%| F|  |TAMS 0x000000008af00000, 0x000000008af00000| Untracked 
| 176|0x000000008b000000, 0x000000008b000000, 0x000000008b100000|  0%| F|  |TAMS 0x000000008b000000, 0x000000008b000000| Untracked 
| 177|0x000000008b100000, 0x000000008b100000, 0x000000008b200000|  0%| F|  |TAMS 0x000000008b100000, 0x000000008b100000| Untracked 
| 178|0x000000008b200000, 0x000000008b200000, 0x000000008b300000|  0%| F|  |TAMS 0x000000008b200000, 0x000000008b200000| Untracked 
| 179|0x000000008b300000, 0x000000008b300000, 0x000000008b400000|  0%| F|  |TAMS 0x000000008b300000, 0x000000008b300000| Untracked 
| 180|0x000000008b400000, 0x000000008b400000, 0x000000008b500000|  0%| F|  |TAMS 0x000000008b400000, 0x000000008b400000| Untracked 
| 181|0x000000008b500000, 0x000000008b500000, 0x000000008b600000|  0%| F|  |TAMS 0x000000008b500000, 0x000000008b500000| Untracked 
| 182|0x000000008b600000, 0x000000008b600000, 0x000000008b700000|  0%| F|  |TAMS 0x000000008b600000, 0x000000008b600000| Untracked 
| 183|0x000000008b700000, 0x000000008b700000, 0x000000008b800000|  0%| F|  |TAMS 0x000000008b700000, 0x000000008b700000| Untracked 
| 184|0x000000008b800000, 0x000000008b800000, 0x000000008b900000|  0%| F|  |TAMS 0x000000008b800000, 0x000000008b800000| Untracked 
| 185|0x000000008b900000, 0x000000008b900000, 0x000000008ba00000|  0%| F|  |TAMS 0x000000008b900000, 0x000000008b900000| Untracked 
| 186|0x000000008ba00000, 0x000000008ba00000, 0x000000008bb00000|  0%| F|  |TAMS 0x000000008ba00000, 0x000000008ba00000| Untracked 
| 187|0x000000008bb00000, 0x000000008bb00000, 0x000000008bc00000|  0%| F|  |TAMS 0x000000008bb00000, 0x000000008bb00000| Untracked 
| 188|0x000000008bc00000, 0x000000008bc00000, 0x000000008bd00000|  0%| F|  |TAMS 0x000000008bc00000, 0x000000008bc00000| Untracked 
| 189|0x000000008bd00000, 0x000000008bd00000, 0x000000008be00000|  0%| F|  |TAMS 0x000000008bd00000, 0x000000008bd00000| Untracked 
| 190|0x000000008be00000, 0x000000008be00000, 0x000000008bf00000|  0%| F|  |TAMS 0x000000008be00000, 0x000000008be00000| Untracked 
| 191|0x000000008bf00000, 0x000000008bf00000, 0x000000008c000000|  0%| F|  |TAMS 0x000000008bf00000, 0x000000008bf00000| Untracked 
| 192|0x000000008c000000, 0x000000008c000000, 0x000000008c100000|  0%| F|  |TAMS 0x000000008c000000, 0x000000008c000000| Untracked 
| 193|0x000000008c100000, 0x000000008c100000, 0x000000008c200000|  0%| F|  |TAMS 0x000000008c100000, 0x000000008c100000| Untracked 
| 194|0x000000008c200000, 0x000000008c200000, 0x000000008c300000|  0%| F|  |TAMS 0x000000008c200000, 0x000000008c200000| Untracked 
| 195|0x000000008c300000, 0x000000008c300000, 0x000000008c400000|  0%| F|  |TAMS 0x000000008c300000, 0x000000008c300000| Untracked 
| 196|0x000000008c400000, 0x000000008c400000, 0x000000008c500000|  0%| F|  |TAMS 0x000000008c400000, 0x000000008c400000| Untracked 
| 197|0x000000008c500000, 0x000000008c500000, 0x000000008c600000|  0%| F|  |TAMS 0x000000008c500000, 0x000000008c500000| Untracked 
| 198|0x000000008c600000, 0x000000008c600000, 0x000000008c700000|  0%| F|  |TAMS 0x000000008c600000, 0x000000008c600000| Untracked 
| 199|0x000000008c700000, 0x000000008c700000, 0x000000008c800000|  0%| F|  |TAMS 0x000000008c700000, 0x000000008c700000| Untracked 
| 200|0x000000008c800000, 0x000000008c800000, 0x000000008c900000|  0%| F|  |TAMS 0x000000008c800000, 0x000000008c800000| Untracked 
| 201|0x000000008c900000, 0x000000008c900000, 0x000000008ca00000|  0%| F|  |TAMS 0x000000008c900000, 0x000000008c900000| Untracked 
| 202|0x000000008ca00000, 0x000000008ca00000, 0x000000008cb00000|  0%| F|  |TAMS 0x000000008ca00000, 0x000000008ca00000| Untracked 
| 203|0x000000008cb00000, 0x000000008cb00000, 0x000000008cc00000|  0%| F|  |TAMS 0x000000008cb00000, 0x000000008cb00000| Untracked 
| 204|0x000000008cc00000, 0x000000008cc00000, 0x000000008cd00000|  0%| F|  |TAMS 0x000000008cc00000, 0x000000008cc00000| Untracked 
| 205|0x000000008cd00000, 0x000000008cd00000, 0x000000008ce00000|  0%| F|  |TAMS 0x000000008cd00000, 0x000000008cd00000| Untracked 
| 206|0x000000008ce00000, 0x000000008ce00000, 0x000000008cf00000|  0%| F|  |TAMS 0x000000008ce00000, 0x000000008ce00000| Untracked 
| 207|0x000000008cf00000, 0x000000008cf00000, 0x000000008d000000|  0%| F|  |TAMS 0x000000008cf00000, 0x000000008cf00000| Untracked 
| 208|0x000000008d000000, 0x000000008d000000, 0x000000008d100000|  0%| F|  |TAMS 0x000000008d000000, 0x000000008d000000| Untracked 
| 209|0x000000008d100000, 0x000000008d100000, 0x000000008d200000|  0%| F|  |TAMS 0x000000008d100000, 0x000000008d100000| Untracked 
| 210|0x000000008d200000, 0x000000008d200000, 0x000000008d300000|  0%| F|  |TAMS 0x000000008d200000, 0x000000008d200000| Untracked 
| 211|0x000000008d300000, 0x000000008d300000, 0x000000008d400000|  0%| F|  |TAMS 0x000000008d300000, 0x000000008d300000| Untracked 
| 212|0x000000008d400000, 0x000000008d400000, 0x000000008d500000|  0%| F|  |TAMS 0x000000008d400000, 0x000000008d400000| Untracked 
| 213|0x000000008d500000, 0x000000008d500000, 0x000000008d600000|  0%| F|  |TAMS 0x000000008d500000, 0x000000008d500000| Untracked 
| 214|0x000000008d600000, 0x000000008d600000, 0x000000008d700000|  0%| F|  |TAMS 0x000000008d600000, 0x000000008d600000| Untracked 
| 215|0x000000008d700000, 0x000000008d700000, 0x000000008d800000|  0%| F|  |TAMS 0x000000008d700000, 0x000000008d700000| Untracked 
| 216|0x000000008d800000, 0x000000008d800000, 0x000000008d900000|  0%| F|  |TAMS 0x000000008d800000, 0x000000008d800000| Untracked 
| 217|0x000000008d900000, 0x000000008d900000, 0x000000008da00000|  0%| F|  |TAMS 0x000000008d900000, 0x000000008d900000| Untracked 
| 218|0x000000008da00000, 0x000000008da00000, 0x000000008db00000|  0%| F|  |TAMS 0x000000008da00000, 0x000000008da00000| Untracked 
| 219|0x000000008db00000, 0x000000008db00000, 0x000000008dc00000|  0%| F|  |TAMS 0x000000008db00000, 0x000000008db00000| Untracked 
| 220|0x000000008dc00000, 0x000000008dc00000, 0x000000008dd00000|  0%| F|  |TAMS 0x000000008dc00000, 0x000000008dc00000| Untracked 
| 221|0x000000008dd00000, 0x000000008dd00000, 0x000000008de00000|  0%| F|  |TAMS 0x000000008dd00000, 0x000000008dd00000| Untracked 
| 222|0x000000008de00000, 0x000000008de00000, 0x000000008df00000|  0%| F|  |TAMS 0x000000008de00000, 0x000000008de00000| Untracked 
| 223|0x000000008df00000, 0x000000008df00000, 0x000000008e000000|  0%| F|  |TAMS 0x000000008df00000, 0x000000008df00000| Untracked 
| 224|0x000000008e000000, 0x000000008e000000, 0x000000008e100000|  0%| F|  |TAMS 0x000000008e000000, 0x000000008e000000| Untracked 
| 225|0x000000008e100000, 0x000000008e100000, 0x000000008e200000|  0%| F|  |TAMS 0x000000008e100000, 0x000000008e100000| Untracked 
| 226|0x000000008e200000, 0x000000008e200000, 0x000000008e300000|  0%| F|  |TAMS 0x000000008e200000, 0x000000008e200000| Untracked 
| 227|0x000000008e300000, 0x000000008e300000, 0x000000008e400000|  0%| F|  |TAMS 0x000000008e300000, 0x000000008e300000| Untracked 
| 228|0x000000008e400000, 0x000000008e400000, 0x000000008e500000|  0%| F|  |TAMS 0x000000008e400000, 0x000000008e400000| Untracked 
| 229|0x000000008e500000, 0x000000008e500000, 0x000000008e600000|  0%| F|  |TAMS 0x000000008e500000, 0x000000008e500000| Untracked 
| 230|0x000000008e600000, 0x000000008e600000, 0x000000008e700000|  0%| F|  |TAMS 0x000000008e600000, 0x000000008e600000| Untracked 
| 231|0x000000008e700000, 0x000000008e700000, 0x000000008e800000|  0%| F|  |TAMS 0x000000008e700000, 0x000000008e700000| Untracked 
| 232|0x000000008e800000, 0x000000008e800000, 0x000000008e900000|  0%| F|  |TAMS 0x000000008e800000, 0x000000008e800000| Untracked 
| 233|0x000000008e900000, 0x000000008e900000, 0x000000008ea00000|  0%| F|  |TAMS 0x000000008e900000, 0x000000008e900000| Untracked 
| 234|0x000000008ea00000, 0x000000008ea00000, 0x000000008eb00000|  0%| F|  |TAMS 0x000000008ea00000, 0x000000008ea00000| Untracked 
| 235|0x000000008eb00000, 0x000000008eb00000, 0x000000008ec00000|  0%| F|  |TAMS 0x000000008eb00000, 0x000000008eb00000| Untracked 
| 236|0x000000008ec00000, 0x000000008ec00000, 0x000000008ed00000|  0%| F|  |TAMS 0x000000008ec00000, 0x000000008ec00000| Untracked 
| 237|0x000000008ed00000, 0x000000008ed1eb90, 0x000000008ee00000| 12%| E|  |TAMS 0x000000008ed00000, 0x000000008ed00000| Complete 
| 238|0x000000008ee00000, 0x000000008ef00000, 0x000000008ef00000|100%| E|CS|TAMS 0x000000008ee00000, 0x000000008ee00000| Complete 
| 239|0x000000008ef00000, 0x000000008f000000, 0x000000008f000000|100%| E|CS|TAMS 0x000000008ef00000, 0x000000008ef00000| Complete 
| 240|0x000000008f000000, 0x000000008f100000, 0x000000008f100000|100%| E|CS|TAMS 0x000000008f000000, 0x000000008f000000| Complete 
| 241|0x000000008f100000, 0x000000008f200000, 0x000000008f200000|100%| E|CS|TAMS 0x000000008f100000, 0x000000008f100000| Complete 
| 242|0x000000008f200000, 0x000000008f300000, 0x000000008f300000|100%| E|  |TAMS 0x000000008f200000, 0x000000008f200000| Complete 
| 243|0x000000008f300000, 0x000000008f400000, 0x000000008f400000|100%| E|CS|TAMS 0x000000008f300000, 0x000000008f300000| Complete 
| 244|0x000000008f400000, 0x000000008f500000, 0x000000008f500000|100%| E|CS|TAMS 0x000000008f400000, 0x000000008f400000| Complete 
| 245|0x000000008f500000, 0x000000008f600000, 0x000000008f600000|100%| E|CS|TAMS 0x000000008f500000, 0x000000008f500000| Complete 
| 246|0x000000008f600000, 0x000000008f700000, 0x000000008f700000|100%| E|CS|TAMS 0x000000008f600000, 0x000000008f600000| Complete 
| 247|0x000000008f700000, 0x000000008f800000, 0x000000008f800000|100%| E|CS|TAMS 0x000000008f700000, 0x000000008f700000| Complete 
| 248|0x000000008f800000, 0x000000008f900000, 0x000000008f900000|100%| E|CS|TAMS 0x000000008f800000, 0x000000008f800000| Complete 
| 249|0x000000008f900000, 0x000000008fa00000, 0x000000008fa00000|100%| E|CS|TAMS 0x000000008f900000, 0x000000008f900000| Complete 
| 250|0x000000008fa00000, 0x000000008fb00000, 0x000000008fb00000|100%| E|CS|TAMS 0x000000008fa00000, 0x000000008fa00000| Complete 
| 251|0x000000008fb00000, 0x000000008fc00000, 0x000000008fc00000|100%| E|CS|TAMS 0x000000008fb00000, 0x000000008fb00000| Complete 
| 252|0x000000008fc00000, 0x000000008fd00000, 0x000000008fd00000|100%| E|CS|TAMS 0x000000008fc00000, 0x000000008fc00000| Complete 
| 253|0x000000008fd00000, 0x000000008fe00000, 0x000000008fe00000|100%| E|CS|TAMS 0x000000008fd00000, 0x000000008fd00000| Complete 
| 254|0x000000008fe00000, 0x000000008ff00000, 0x000000008ff00000|100%| E|CS|TAMS 0x000000008fe00000, 0x000000008fe00000| Complete 
| 255|0x000000008ff00000, 0x0000000090000000, 0x0000000090000000|100%| E|CS|TAMS 0x000000008ff00000, 0x000000008ff00000| Complete 
| 256|0x0000000090000000, 0x0000000090100000, 0x0000000090100000|100%| E|CS|TAMS 0x0000000090000000, 0x0000000090000000| Complete 
| 257|0x0000000090100000, 0x0000000090200000, 0x0000000090200000|100%| E|CS|TAMS 0x0000000090100000, 0x0000000090100000| Complete 
| 258|0x0000000090200000, 0x0000000090300000, 0x0000000090300000|100%| E|CS|TAMS 0x0000000090200000, 0x0000000090200000| Complete 
| 259|0x0000000090300000, 0x0000000090400000, 0x0000000090400000|100%| E|CS|TAMS 0x0000000090300000, 0x0000000090300000| Complete 
| 260|0x0000000090400000, 0x0000000090500000, 0x0000000090500000|100%| E|CS|TAMS 0x0000000090400000, 0x0000000090400000| Complete 
| 261|0x0000000090500000, 0x0000000090600000, 0x0000000090600000|100%| E|CS|TAMS 0x0000000090500000, 0x0000000090500000| Complete 
| 262|0x0000000090600000, 0x0000000090700000, 0x0000000090700000|100%| E|CS|TAMS 0x0000000090600000, 0x0000000090600000| Complete 
| 263|0x0000000090700000, 0x0000000090800000, 0x0000000090800000|100%| E|CS|TAMS 0x0000000090700000, 0x0000000090700000| Complete 
| 264|0x0000000090800000, 0x0000000090900000, 0x0000000090900000|100%| E|CS|TAMS 0x0000000090800000, 0x0000000090800000| Complete 
| 265|0x0000000090900000, 0x0000000090a00000, 0x0000000090a00000|100%| E|CS|TAMS 0x0000000090900000, 0x0000000090900000| Complete 
| 266|0x0000000090a00000, 0x0000000090b00000, 0x0000000090b00000|100%| E|CS|TAMS 0x0000000090a00000, 0x0000000090a00000| Complete 
| 267|0x0000000090b00000, 0x0000000090c00000, 0x0000000090c00000|100%| E|CS|TAMS 0x0000000090b00000, 0x0000000090b00000| Complete 
| 268|0x0000000090c00000, 0x0000000090d00000, 0x0000000090d00000|100%| E|CS|TAMS 0x0000000090c00000, 0x0000000090c00000| Complete 
| 269|0x0000000090d00000, 0x0000000090e00000, 0x0000000090e00000|100%| E|CS|TAMS 0x0000000090d00000, 0x0000000090d00000| Complete 
| 270|0x0000000090e00000, 0x0000000090f00000, 0x0000000090f00000|100%| E|CS|TAMS 0x0000000090e00000, 0x0000000090e00000| Complete 
| 271|0x0000000090f00000, 0x0000000091000000, 0x0000000091000000|100%| E|CS|TAMS 0x0000000090f00000, 0x0000000090f00000| Complete 
| 272|0x0000000091000000, 0x0000000091100000, 0x0000000091100000|100%| E|CS|TAMS 0x0000000091000000, 0x0000000091000000| Complete 
| 273|0x0000000091100000, 0x0000000091200000, 0x0000000091200000|100%| E|CS|TAMS 0x0000000091100000, 0x0000000091100000| Complete 
| 274|0x0000000091200000, 0x0000000091300000, 0x0000000091300000|100%| E|CS|TAMS 0x0000000091200000, 0x0000000091200000| Complete 
| 275|0x0000000091300000, 0x0000000091400000, 0x0000000091400000|100%| E|CS|TAMS 0x0000000091300000, 0x0000000091300000| Complete 
| 276|0x0000000091400000, 0x0000000091500000, 0x0000000091500000|100%| E|CS|TAMS 0x0000000091400000, 0x0000000091400000| Complete 
| 277|0x0000000091500000, 0x0000000091600000, 0x0000000091600000|100%| E|CS|TAMS 0x0000000091500000, 0x0000000091500000| Complete 
| 278|0x0000000091600000, 0x0000000091700000, 0x0000000091700000|100%| S|CS|TAMS 0x0000000091600000, 0x0000000091600000| Complete 
| 279|0x0000000091700000, 0x0000000091800000, 0x0000000091800000|100%| S|CS|TAMS 0x0000000091700000, 0x0000000091700000| Complete 
| 280|0x0000000091800000, 0x0000000091900000, 0x0000000091900000|100%| E|CS|TAMS 0x0000000091800000, 0x0000000091800000| Complete 
| 281|0x0000000091900000, 0x0000000091a00000, 0x0000000091a00000|100%| E|CS|TAMS 0x0000000091900000, 0x0000000091900000| Complete 
| 282|0x0000000091a00000, 0x0000000091b00000, 0x0000000091b00000|100%| E|CS|TAMS 0x0000000091a00000, 0x0000000091a00000| Complete 
| 283|0x0000000091b00000, 0x0000000091c00000, 0x0000000091c00000|100%| E|CS|TAMS 0x0000000091b00000, 0x0000000091b00000| Complete 
| 284|0x0000000091c00000, 0x0000000091cffff8, 0x0000000091d00000| 99%| E|CS|TAMS 0x0000000091c00000, 0x0000000091c00000| Complete 
| 285|0x0000000091d00000, 0x0000000091e00000, 0x0000000091e00000|100%| E|CS|TAMS 0x0000000091d00000, 0x0000000091d00000| Complete 
| 286|0x0000000091e00000, 0x0000000091f00000, 0x0000000091f00000|100%| E|CS|TAMS 0x0000000091e00000, 0x0000000091e00000| Complete 
| 287|0x0000000091f00000, 0x0000000092000000, 0x0000000092000000|100%| E|CS|TAMS 0x0000000091f00000, 0x0000000091f00000| Complete 
| 288|0x0000000092000000, 0x0000000092100000, 0x0000000092100000|100%| E|CS|TAMS 0x0000000092000000, 0x0000000092000000| Complete 
| 289|0x0000000092100000, 0x0000000092200000, 0x0000000092200000|100%| E|CS|TAMS 0x0000000092100000, 0x0000000092100000| Complete 
| 290|0x0000000092200000, 0x0000000092300000, 0x0000000092300000|100%| E|CS|TAMS 0x0000000092200000, 0x0000000092200000| Complete 
| 291|0x0000000092300000, 0x0000000092400000, 0x0000000092400000|100%| E|CS|TAMS 0x0000000092300000, 0x0000000092300000| Complete 

Card table byte_map: [0x0000020a5d7c0000,0x0000020a5dbc0000] _byte_map_base: 0x0000020a5d3c0000

Marking Bits (Prev, Next): (CMBitMap*) 0x0000020a49e9ab90, (CMBitMap*) 0x0000020a49e9ab58
 Prev Bits: [0x0000020a5ffc0000, 0x0000020a61fc0000)
 Next Bits: [0x0000020a5dfc0000, 0x0000020a5ffc0000)

Polling page: 0x0000020a48670000

Metaspace:

Usage:
  Non-class:     99.78 MB capacity,    97.90 MB ( 98%) used,     1.53 MB (  2%) free+waste,   353.94 KB ( <1%) overhead. 
      Class:     14.85 MB capacity,    13.82 MB ( 93%) used,   900.62 KB (  6%) free+waste,   155.06 KB (  1%) overhead. 
       Both:    114.63 MB capacity,   111.72 MB ( 97%) used,     2.41 MB (  2%) free+waste,   509.00 KB ( <1%) overhead. 

Virtual space:
  Non-class space:      102.00 MB reserved,     100.45 MB ( 98%) committed 
      Class space:        1.00 GB reserved,      15.25 MB (  1%) committed 
             Both:        1.10 GB reserved,     115.70 MB ( 10%) committed 

Chunk freelists:
   Non-Class:  492.00 KB
       Class:  412.00 KB
        Both:  904.00 KB

MaxMetaspaceSize: 17179869184.00 GB
CompressedClassSpaceSize: 1.00 GB

CodeHeap 'non-profiled nmethods': size=120000Kb used=12284Kb max_used=12284Kb free=107715Kb
 bounds [0x0000020a55420000, 0x0000020a56030000, 0x0000020a5c950000]
CodeHeap 'profiled nmethods': size=120000Kb used=40571Kb max_used=41307Kb free=79428Kb
 bounds [0x0000020a4def0000, 0x0000020a50770000, 0x0000020a55420000]
CodeHeap 'non-nmethods': size=5760Kb used=2321Kb max_used=2379Kb free=3438Kb
 bounds [0x0000020a4d950000, 0x0000020a4dbc0000, 0x0000020a4def0000]
 total_blobs=20131 nmethods=19201 adapters=840
 compilation: enabled
              stopped_count=0, restarted_count=0
 full_count=0

Compilation events (20 events):
Event: 637.741 Thread 0x0000020a64a9b800 nmethod 21261 0x0000020a4e290210 code [0x0000020a4e2903e0, 0x0000020a4e290718]
Event: 637.741 Thread 0x0000020a64a9b800 21262       2       org.gradle.api.internal.artifacts.transform.CacheableInvocation$$Lambda$716/0x0000000100a59c40::<init> (15 bytes)
Event: 637.741 Thread 0x0000020a64a9b800 nmethod 21262 0x0000020a4e220710 code [0x0000020a4e2208c0, 0x0000020a4e220a58]
Event: 637.741 Thread 0x0000020a64a9b800 21263       2       org.gradle.api.internal.artifacts.transform.CacheableInvocation::lambda$flatMap$4 (11 bytes)
Event: 637.742 Thread 0x0000020a64a9b800 nmethod 21263 0x0000020a4e255910 code [0x0000020a4e255ac0, 0x0000020a4e255d98]
Event: 637.795 Thread 0x0000020a64a9b800 21265       2       jdk.internal.misc.TerminatingThreadLocal::register (17 bytes)
Event: 637.796 Thread 0x0000020a64a9b800 nmethod 21265 0x0000020a4e297110 code [0x0000020a4e2972e0, 0x0000020a4e297458]
Event: 638.061 Thread 0x0000020a64a95000 nmethod 21220 0x0000020a56011c90 code [0x0000020a56012760, 0x0000020a5601aed8]
Event: 638.061 Thread 0x0000020a64a95000 21221   !   4       com.google.common.cache.LocalCache$Segment::lockedGetOrLoad (447 bytes)
Event: 638.244 Thread 0x0000020a64a9b800 21271   !   2       java.util.concurrent.ThreadPoolExecutor::getTask (177 bytes)
Event: 638.246 Thread 0x0000020a64a9b800 nmethod 21271 0x0000020a4e29da10 code [0x0000020a4e29dc20, 0x0000020a4e29e178]
Event: 638.284 Thread 0x0000020a64a9b800 21273       1       com.google.common.collect.AbstractMapBasedMultimap::size (5 bytes)
Event: 638.284 Thread 0x0000020a64a9b800 nmethod 21273 0x0000020a5601fe90 code [0x0000020a56020040, 0x0000020a560200f8]
Event: 638.289 Thread 0x0000020a64a9b800 21274       2       java.util.TreeMap$KeySpliterator::forEachRemaining (146 bytes)
Event: 638.290 Thread 0x0000020a64a9b800 nmethod 21274 0x0000020a4e29d010 code [0x0000020a4e29d220, 0x0000020a4e29d718]
Event: 638.290 Thread 0x0000020a64a9b800 21275       2       org.gradle.internal.build.event.types.DefaultTaskDescriptor::<init> (44 bytes)
Event: 638.290 Thread 0x0000020a64a9b800 nmethod 21275 0x0000020a4e298e10 code [0x0000020a4e298fe0, 0x0000020a4e299378]
Event: 638.290 Thread 0x0000020a64a9b800 21276       2       org.gradle.internal.resources.ExclusiveAccessResourceLock::acquireLock (8 bytes)
Event: 638.291 Thread 0x0000020a64a9b800 nmethod 21276 0x0000020a4e29cc10 code [0x0000020a4e29cdc0, 0x0000020a4e29cee8]
Event: 638.293 Thread 0x0000020a64a9b800 21277  s    2       com.android.build.gradle.internal.profile.AnalyticsResourceManager::allocateRecordId (45 bytes)

GC Heap History (20 events):
Event: 477.772 GC heap before
{Heap before GC invocations=68 (full 0):
 garbage-first heap   total 299008K, used 127175K [0x0000000080000000, 0x0000000100000000)
  region size 1024K, 14 young (14336K), 7 survivors (7168K)
 Metaspace       used 113700K, capacity 116548K, committed 117964K, reserved 1150976K
  class space    used 14090K, capacity 15099K, committed 15616K, reserved 1048576K
}
Event: 477.790 GC heap after
{Heap after GC invocations=69 (full 0):
 garbage-first heap   total 299008K, used 110316K [0x0000000080000000, 0x0000000100000000)
  region size 1024K, 2 young (2048K), 2 survivors (2048K)
 Metaspace       used 113700K, capacity 116548K, committed 117964K, reserved 1150976K
  class space    used 14090K, capacity 15099K, committed 15616K, reserved 1048576K
}
Event: 478.148 GC heap before
{Heap before GC invocations=69 (full 0):
 garbage-first heap   total 299008K, used 165612K [0x0000000080000000, 0x0000000100000000)
  region size 1024K, 58 young (59392K), 2 survivors (2048K)
 Metaspace       used 113749K, capacity 116654K, committed 117964K, reserved 1150976K
  class space    used 14098K, capacity 15113K, committed 15616K, reserved 1048576K
}
Event: 478.155 GC heap after
{Heap after GC invocations=70 (full 0):
 garbage-first heap   total 299008K, used 110302K [0x0000000080000000, 0x0000000100000000)
  region size 1024K, 2 young (2048K), 2 survivors (2048K)
 Metaspace       used 113749K, capacity 116654K, committed 117964K, reserved 1150976K
  class space    used 14098K, capacity 15113K, committed 15616K, reserved 1048576K
}
Event: 489.925 GC heap before
{Heap before GC invocations=71 (full 0):
 garbage-first heap   total 299008K, used 231134K [0x0000000080000000, 0x0000000100000000)
  region size 1024K, 95 young (97280K), 2 survivors (2048K)
 Metaspace       used 113942K, capacity 116853K, committed 118220K, reserved 1153024K
  class space    used 14098K, capacity 15113K, committed 15616K, reserved 1048576K
}
Event: 489.988 GC heap after
{Heap after GC invocations=72 (full 0):
 garbage-first heap   total 299008K, used 128862K [0x0000000080000000, 0x0000000100000000)
  region size 1024K, 12 young (12288K), 12 survivors (12288K)
 Metaspace       used 113942K, capacity 116853K, committed 118220K, reserved 1153024K
  class space    used 14098K, capacity 15113K, committed 15616K, reserved 1048576K
}
Event: 489.998 GC heap before
{Heap before GC invocations=72 (full 0):
 garbage-first heap   total 299008K, used 130910K [0x0000000080000000, 0x0000000100000000)
  region size 1024K, 14 young (14336K), 12 survivors (12288K)
 Metaspace       used 113945K, capacity 116853K, committed 118220K, reserved 1153024K
  class space    used 14098K, capacity 15113K, committed 15616K, reserved 1048576K
}
Event: 490.024 GC heap after
{Heap after GC invocations=73 (full 0):
 garbage-first heap   total 299008K, used 128996K [0x0000000080000000, 0x0000000100000000)
  region size 1024K, 2 young (2048K), 2 survivors (2048K)
 Metaspace       used 113945K, capacity 116853K, committed 118220K, reserved 1153024K
  class space    used 14098K, capacity 15113K, committed 15616K, reserved 1048576K
}
Event: 490.233 GC heap before
{Heap before GC invocations=73 (full 0):
 garbage-first heap   total 299008K, used 149476K [0x0000000080000000, 0x0000000100000000)
  region size 1024K, 23 young (23552K), 2 survivors (2048K)
 Metaspace       used 113956K, capacity 116853K, committed 118220K, reserved 1153024K
  class space    used 14098K, capacity 15113K, committed 15616K, reserved 1048576K
}
Event: 490.247 GC heap after
{Heap after GC invocations=74 (full 0):
 garbage-first heap   total 299008K, used 136024K [0x0000000080000000, 0x0000000100000000)
  region size 1024K, 9 young (9216K), 9 survivors (9216K)
 Metaspace       used 113956K, capacity 116853K, committed 118220K, reserved 1153024K
  class space    used 14098K, capacity 15113K, committed 15616K, reserved 1048576K
}
Event: 491.225 GC heap before
{Heap before GC invocations=75 (full 0):
 garbage-first heap   total 299008K, used 224088K [0x0000000080000000, 0x0000000100000000)
  region size 1024K, 79 young (80896K), 9 survivors (9216K)
 Metaspace       used 113981K, capacity 116856K, committed 118220K, reserved 1153024K
  class space    used 14099K, capacity 15113K, committed 15616K, reserved 1048576K
}
Event: 491.257 GC heap after
{Heap after GC invocations=76 (full 0):
 garbage-first heap   total 299008K, used 132990K [0x0000000080000000, 0x0000000100000000)
  region size 1024K, 4 young (4096K), 4 survivors (4096K)
 Metaspace       used 113981K, capacity 116856K, committed 118220K, reserved 1153024K
  class space    used 14099K, capacity 15113K, committed 15616K, reserved 1048576K
}
Event: 491.367 GC heap before
{Heap before GC invocations=76 (full 0):
 garbage-first heap   total 299008K, used 142206K [0x0000000080000000, 0x0000000100000000)
  region size 1024K, 14 young (14336K), 4 survivors (4096K)
 Metaspace       used 113981K, capacity 116856K, committed 118220K, reserved 1153024K
  class space    used 14099K, capacity 15113K, committed 15616K, reserved 1048576K
}
Event: 491.381 GC heap after
{Heap after GC invocations=77 (full 0):
 garbage-first heap   total 299008K, used 120290K [0x0000000080000000, 0x0000000100000000)
  region size 1024K, 1 young (1024K), 1 survivors (1024K)
 Metaspace       used 113981K, capacity 116856K, committed 118220K, reserved 1153024K
  class space    used 14099K, capacity 15113K, committed 15616K, reserved 1048576K
}
Event: 494.501 GC heap before
{Heap before GC invocations=77 (full 0):
 garbage-first heap   total 299008K, used 207330K [0x0000000080000000, 0x0000000100000000)
  region size 1024K, 87 young (89088K), 1 survivors (1024K)
 Metaspace       used 114023K, capacity 116856K, committed 118220K, reserved 1153024K
  class space    used 14099K, capacity 15113K, committed 15616K, reserved 1048576K
}
Event: 494.516 GC heap after
{Heap after GC invocations=78 (full 0):
 garbage-first heap   total 299008K, used 126979K [0x0000000080000000, 0x0000000100000000)
  region size 1024K, 8 young (8192K), 8 survivors (8192K)
 Metaspace       used 114023K, capacity 116856K, committed 118220K, reserved 1153024K
  class space    used 14099K, capacity 15113K, committed 15616K, reserved 1048576K
}
Event: 636.150 GC heap before
{Heap before GC invocations=79 (full 0):
 garbage-first heap   total 299008K, used 233475K [0x0000000080000000, 0x0000000100000000)
  region size 1024K, 95 young (97280K), 8 survivors (8192K)
 Metaspace       used 114127K, capacity 117047K, committed 118220K, reserved 1153024K
  class space    used 14107K, capacity 15128K, committed 15616K, reserved 1048576K
}
Event: 636.207 GC heap after
{Heap after GC invocations=80 (full 0):
 garbage-first heap   total 299008K, used 116055K [0x0000000080000000, 0x0000000100000000)
  region size 1024K, 2 young (2048K), 2 survivors (2048K)
 Metaspace       used 114127K, capacity 117047K, committed 118220K, reserved 1153024K
  class space    used 14107K, capacity 15128K, committed 15616K, reserved 1048576K
}
Event: 637.294 GC heap before
{Heap before GC invocations=80 (full 0):
 garbage-first heap   total 299008K, used 127319K [0x0000000080000000, 0x0000000100000000)
  region size 1024K, 14 young (14336K), 2 survivors (2048K)
 Metaspace       used 114232K, capacity 117192K, committed 118476K, reserved 1153024K
  class space    used 14114K, capacity 15142K, committed 15616K, reserved 1048576K
}
Event: 637.353 GC heap after
{Heap after GC invocations=81 (full 0):
 garbage-first heap   total 299008K, used 104976K [0x0000000080000000, 0x0000000100000000)
  region size 1024K, 2 young (2048K), 2 survivors (2048K)
 Metaspace       used 114232K, capacity 117192K, committed 118476K, reserved 1153024K
  class space    used 14114K, capacity 15142K, committed 15616K, reserved 1048576K
}

Deoptimization events (20 events):
Event: 636.146 Thread 0x0000020a6a612000 Uncommon trap: trap_request=0xffffff6e fr.pc=0x0000020a55fbd3d8 relative=0x0000000000002e38
Event: 636.146 Thread 0x0000020a6a612000 Uncommon trap: reason=speculate_class_check action=maybe_recompile pc=0x0000020a55fbd3d8 method=java.util.concurrent.locks.AbstractQueuedSynchronizer.doAcquireInterruptibly(I)V @ 23 c2
Event: 636.146 Thread 0x0000020a6a612000 DEOPT PACKING pc=0x0000020a55fbd3d8 sp=0x0000009e80dff3f0
Event: 636.147 Thread 0x0000020a6a612000 DEOPT UNPACKING pc=0x0000020a4d9778af sp=0x0000009e80dff240 mode 2
Event: 636.147 Thread 0x0000020a6a615800 Uncommon trap: trap_request=0xffffff6e fr.pc=0x0000020a55fbd3d8 relative=0x0000000000002e38
Event: 636.147 Thread 0x0000020a6a615800 Uncommon trap: reason=speculate_class_check action=maybe_recompile pc=0x0000020a55fbd3d8 method=java.util.concurrent.locks.AbstractQueuedSynchronizer.doAcquireInterruptibly(I)V @ 23 c2
Event: 636.147 Thread 0x0000020a6a615800 DEOPT PACKING pc=0x0000020a55fbd3d8 sp=0x0000009e811feb90
Event: 636.147 Thread 0x0000020a6a615800 DEOPT UNPACKING pc=0x0000020a4d9778af sp=0x0000009e811fe9e0 mode 2
Event: 636.852 Thread 0x0000020a6a607800 Uncommon trap: trap_request=0xffffffcc fr.pc=0x0000020a55feb650 relative=0x0000000000004710
Event: 636.852 Thread 0x0000020a6a607800 Uncommon trap: reason=intrinsic_or_type_checked_inlining action=make_not_entrant pc=0x0000020a55feb650 method=com.google.common.collect.RegularImmutableList.copyIntoArray([Ljava/lang/Object;I)I @ 11 c2
Event: 636.852 Thread 0x0000020a6a607800 DEOPT PACKING pc=0x0000020a55feb650 sp=0x0000009e803f9a40
Event: 636.852 Thread 0x0000020a6a607800 DEOPT UNPACKING pc=0x0000020a4d9778af sp=0x0000009e803f97f8 mode 2
Event: 637.729 Thread 0x0000020a6e52b000 Uncommon trap: trap_request=0xfffffff4 fr.pc=0x0000020a55fd8ed8 relative=0x00000000000023d8
Event: 637.729 Thread 0x0000020a6e52b000 Uncommon trap: reason=null_check action=make_not_entrant pc=0x0000020a55fd8ed8 method=org.gradle.api.internal.artifacts.transform.ConsumerProvidedVariantFinder.getCache(Lorg/gradle/api/attributes/AttributeContainer;)Lorg/gradle/api/internal/artifacts/tran
Event: 637.729 Thread 0x0000020a6e52b000 DEOPT PACKING pc=0x0000020a55fd8ed8 sp=0x0000009e881fc5c0
Event: 637.729 Thread 0x0000020a6e52b000 DEOPT UNPACKING pc=0x0000020a4d9778af sp=0x0000009e881fc4c8 mode 2
Event: 638.244 Thread 0x0000020a6a617000 Uncommon trap: trap_request=0xffffff6e fr.pc=0x0000020a55fbd3d8 relative=0x0000000000002e38
Event: 638.244 Thread 0x0000020a6a617000 Uncommon trap: reason=speculate_class_check action=maybe_recompile pc=0x0000020a55fbd3d8 method=java.util.concurrent.locks.AbstractQueuedSynchronizer.doAcquireInterruptibly(I)V @ 23 c2
Event: 638.244 Thread 0x0000020a6a617000 DEOPT PACKING pc=0x0000020a55fbd3d8 sp=0x0000009e813febc0
Event: 638.245 Thread 0x0000020a6a617000 DEOPT UNPACKING pc=0x0000020a4d9778af sp=0x0000009e813fea10 mode 2

Classes redefined (0 events):
No events

Internal exceptions (20 events):
Event: 477.994 Thread 0x0000020a6a606000 Exception <a 'sun/nio/fs/WindowsException'{0x000000008f036c58}> (0x000000008f036c58) thrown at [./src/hotspot/share/prims/jni.cpp, line 615]
Event: 477.994 Thread 0x0000020a6a606000 Exception <a 'sun/nio/fs/WindowsException'{0x000000008f038eb8}> (0x000000008f038eb8) thrown at [./src/hotspot/share/prims/jni.cpp, line 615]
Event: 477.994 Thread 0x0000020a6a606000 Exception <a 'sun/nio/fs/WindowsException'{0x000000008f039dd8}> (0x000000008f039dd8) thrown at [./src/hotspot/share/prims/jni.cpp, line 615]
Event: 478.381 Thread 0x0000020a6a608000 Implicit null exception at 0x0000020a559a23f4 to 0x0000020a559a2870
Event: 488.664 Thread 0x0000020a6a608000 Implicit null exception at 0x0000020a55c4c02d to 0x0000020a55c4c634
Event: 488.882 Thread 0x0000020a6a608000 Exception <a 'sun/nio/fs/WindowsException'{0x0000000090b19948}> (0x0000000090b19948) thrown at [./src/hotspot/share/prims/jni.cpp, line 615]
Event: 490.698 Thread 0x0000020a67977000 Implicit null exception at 0x0000020a55f6025f to 0x0000020a55f614f4
Event: 491.276 Thread 0x0000020a6797c800 Exception <a 'sun/nio/fs/WindowsException'{0x0000000092220dd8}> (0x0000000092220dd8) thrown at [./src/hotspot/share/prims/jni.cpp, line 615]
Event: 491.277 Thread 0x0000020a6797c800 Exception <a 'sun/nio/fs/WindowsException'{0x0000000092221cb0}> (0x0000000092221cb0) thrown at [./src/hotspot/share/prims/jni.cpp, line 615]
Event: 494.572 Thread 0x0000020a6797d800 Exception <a 'sun/nio/fs/WindowsException'{0x0000000091a3fc88}> (0x0000000091a3fc88) thrown at [./src/hotspot/share/prims/jni.cpp, line 615]
Event: 494.573 Thread 0x0000020a6797d800 Exception <a 'sun/nio/fs/WindowsException'{0x0000000091a3fd70}> (0x0000000091a3fd70) thrown at [./src/hotspot/share/prims/jni.cpp, line 615]
Event: 494.578 Thread 0x0000020a6797d800 Implicit null exception at 0x0000020a55f4ce6e to 0x0000020a55f55110
Event: 494.866 Thread 0x0000020a67978000 Exception <a 'sun/nio/fs/WindowsException'{0x000000008e258c90}> (0x000000008e258c90) thrown at [./src/hotspot/share/prims/jni.cpp, line 615]
Event: 494.866 Thread 0x0000020a67978000 Exception <a 'sun/nio/fs/WindowsException'{0x000000008e259b60}> (0x000000008e259b60) thrown at [./src/hotspot/share/prims/jni.cpp, line 615]
Event: 494.867 Thread 0x0000020a67978000 Exception <a 'sun/nio/fs/WindowsException'{0x000000008e25dc20}> (0x000000008e25dc20) thrown at [./src/hotspot/share/prims/jni.cpp, line 615]
Event: 494.867 Thread 0x0000020a67978000 Exception <a 'sun/nio/fs/WindowsException'{0x000000008e25eb30}> (0x000000008e25eb30) thrown at [./src/hotspot/share/prims/jni.cpp, line 615]
Event: 494.867 Thread 0x0000020a67978000 Exception <a 'sun/nio/fs/WindowsException'{0x000000008e260d90}> (0x000000008e260d90) thrown at [./src/hotspot/share/prims/jni.cpp, line 615]
Event: 494.867 Thread 0x0000020a67978000 Exception <a 'sun/nio/fs/WindowsException'{0x000000008e261ef0}> (0x000000008e261ef0) thrown at [./src/hotspot/share/prims/jni.cpp, line 615]
Event: 637.228 Thread 0x0000020a6a607800 Exception <a 'sun/nio/fs/WindowsException'{0x000000009181c9b0}> (0x000000009181c9b0) thrown at [./src/hotspot/share/prims/jni.cpp, line 615]
Event: 637.729 Thread 0x0000020a6e52b000 Implicit null exception at 0x0000020a55fd707f to 0x0000020a55fd8e7c

Events (20 events):
Event: 637.494 Executing VM operation: RevokeBias
Event: 637.495 Executing VM operation: RevokeBias done
Event: 637.544 Executing VM operation: RevokeBias
Event: 637.545 Executing VM operation: RevokeBias done
Event: 637.548 Executing VM operation: RevokeBias
Event: 637.548 Executing VM operation: RevokeBias done
Event: 637.556 Executing VM operation: RevokeBias
Event: 637.558 Executing VM operation: RevokeBias done
Event: 637.644 Executing VM operation: RevokeBias
Event: 637.644 Executing VM operation: RevokeBias done
Event: 637.704 Executing VM operation: RevokeBias
Event: 637.704 Executing VM operation: RevokeBias done
Event: 637.708 Executing VM operation: RevokeBias
Event: 637.709 Executing VM operation: RevokeBias done
Event: 637.709 Executing VM operation: RevokeBias
Event: 637.709 Executing VM operation: RevokeBias done
Event: 637.711 Executing VM operation: RevokeBias
Event: 637.711 Executing VM operation: RevokeBias done
Event: 637.711 Executing VM operation: BulkRevokeBias
Event: 637.713 Executing VM operation: BulkRevokeBias done


Dynamic libraries:
0x00007ff72f2a0000 - 0x00007ff72f2aa000 	C:\Program Files\Android\Android Studio\jre\bin\java.exe
0x00007fff64b30000 - 0x00007fff64d25000 	C:\WINDOWS\SYSTEM32\ntdll.dll
0x00007fff62c30000 - 0x00007fff62cee000 	C:\WINDOWS\System32\KERNEL32.DLL
0x00007fff62830000 - 0x00007fff62af9000 	C:\WINDOWS\System32\KERNELBASE.dll
0x00007fff62550000 - 0x00007fff62650000 	C:\WINDOWS\System32\ucrtbase.dll
0x00007fff49cc0000 - 0x00007fff49cd9000 	C:\Program Files\Android\Android Studio\jre\bin\jli.dll
0x00007fff49c60000 - 0x00007fff49c77000 	C:\Program Files\Android\Android Studio\jre\bin\VCRUNTIME140.dll
0x00007fff64690000 - 0x00007fff64831000 	C:\WINDOWS\System32\USER32.dll
0x00007fff62750000 - 0x00007fff62772000 	C:\WINDOWS\System32\win32u.dll
0x00007fff51780000 - 0x00007fff51a1a000 	C:\WINDOWS\WinSxS\amd64_microsoft.windows.common-controls_6595b64144ccf1df_6.0.19041.1110_none_60b5254171f9507e\COMCTL32.dll
0x00007fff64270000 - 0x00007fff6429b000 	C:\WINDOWS\System32\GDI32.dll
0x00007fff639f0000 - 0x00007fff63a8e000 	C:\WINDOWS\System32\msvcrt.dll
0x00007fff622e0000 - 0x00007fff623eb000 	C:\WINDOWS\System32\gdi32full.dll
0x00007fff626b0000 - 0x00007fff6274d000 	C:\WINDOWS\System32\msvcp_win.dll
0x00007fff63ee0000 - 0x00007fff63f10000 	C:\WINDOWS\System32\IMM32.DLL
0x00007fff2ff50000 - 0x00007fff2ffed000 	C:\Program Files\Android\Android Studio\jre\bin\msvcp140.dll
0x00007fff29ad0000 - 0x00007fff2a59f000 	C:\Program Files\Android\Android Studio\jre\bin\server\jvm.dll
0x00007fff62b80000 - 0x00007fff62c2c000 	C:\WINDOWS\System32\ADVAPI32.dll
0x00007fff642a0000 - 0x00007fff6433b000 	C:\WINDOWS\System32\sechost.dll
0x00007fff63f10000 - 0x00007fff6403a000 	C:\WINDOWS\System32\RPCRT4.dll
0x00007fff64680000 - 0x00007fff64688000 	C:\WINDOWS\System32\PSAPI.DLL
0x00007fff581a0000 - 0x00007fff581c7000 	C:\WINDOWS\SYSTEM32\WINMM.dll
0x00007fff5dff0000 - 0x00007fff5dff9000 	C:\WINDOWS\SYSTEM32\WSOCK32.dll
0x00007fff5c510000 - 0x00007fff5c51a000 	C:\WINDOWS\SYSTEM32\VERSION.dll
0x00007fff64a00000 - 0x00007fff64a6b000 	C:\WINDOWS\System32\WS2_32.dll
0x00007fff60150000 - 0x00007fff60162000 	C:\WINDOWS\SYSTEM32\kernel.appcore.dll
0x00007fff5d4a0000 - 0x00007fff5d4b1000 	C:\Program Files\Android\Android Studio\jre\bin\verify.dll
0x00007fff5a7a0000 - 0x00007fff5a984000 	C:\WINDOWS\SYSTEM32\DBGHELP.DLL
0x00007fff503a0000 - 0x00007fff503cc000 	C:\WINDOWS\SYSTEM32\dbgcore.DLL
0x00007fff62250000 - 0x00007fff622d3000 	C:\WINDOWS\System32\bcryptPrimitives.dll
0x00007fff564b0000 - 0x00007fff564d9000 	C:\Program Files\Android\Android Studio\jre\bin\java.dll
0x00007fff5df90000 - 0x00007fff5df9b000 	C:\Program Files\Android\Android Studio\jre\bin\jimage.dll
0x00007fff5d070000 - 0x00007fff5d088000 	C:\Program Files\Android\Android Studio\jre\bin\zip.dll
0x00007fff62dd0000 - 0x00007fff6350f000 	C:\WINDOWS\System32\SHELL32.dll
0x00007fff60350000 - 0x00007fff60ae0000 	C:\WINDOWS\SYSTEM32\windows.storage.dll
0x00007fff63b70000 - 0x00007fff63ec5000 	C:\WINDOWS\System32\combase.dll
0x00007fff61bd0000 - 0x00007fff61bfc000 	C:\WINDOWS\SYSTEM32\Wldp.dll
0x00007fff641c0000 - 0x00007fff6426e000 	C:\WINDOWS\System32\SHCORE.dll
0x00007fff64470000 - 0x00007fff644c5000 	C:\WINDOWS\System32\shlwapi.dll
0x00007fff62190000 - 0x00007fff621af000 	C:\WINDOWS\SYSTEM32\profapi.dll
0x00007fff5c5a0000 - 0x00007fff5c5ba000 	C:\Program Files\Android\Android Studio\jre\bin\net.dll
0x00007fff52980000 - 0x00007fff52a88000 	C:\WINDOWS\SYSTEM32\WINHTTP.dll
0x00007fff61930000 - 0x00007fff6199a000 	C:\WINDOWS\system32\mswsock.dll
0x00007fff513d0000 - 0x00007fff513e4000 	C:\Program Files\Android\Android Studio\jre\bin\nio.dll
0x00007fff4e2d0000 - 0x00007fff4e2f7000 	C:\Users\acer\.gradle\native\fdc75f09e3144964f2cf3f50f0aa648679c211496f362492102eb8c894070792\windows-amd64\native-platform.dll
0x00007fff34ef0000 - 0x00007fff35086000 	C:\Users\acer\.gradle\native\12488b8bf47d2d4c9fbf2f6322a914ad602e24e48041cd04a747c6da556b65c4\windows-amd64\native-platform-file-events.dll
0x00007fff5d240000 - 0x00007fff5d24a000 	C:\Program Files\Android\Android Studio\jre\bin\management.dll
0x00007fff5d210000 - 0x00007fff5d21c000 	C:\Program Files\Android\Android Studio\jre\bin\management_ext.dll
0x00007fff61b20000 - 0x00007fff61b38000 	C:\WINDOWS\SYSTEM32\CRYPTSP.dll
0x00007fff612b0000 - 0x00007fff612e4000 	C:\WINDOWS\system32\rsaenh.dll
0x00007fff62b50000 - 0x00007fff62b77000 	C:\WINDOWS\System32\bcrypt.dll
0x00007fff62150000 - 0x00007fff6217e000 	C:\WINDOWS\SYSTEM32\USERENV.dll
0x00007fff61b40000 - 0x00007fff61b4c000 	C:\WINDOWS\SYSTEM32\CRYPTBASE.dll
0x00007fff61620000 - 0x00007fff6165b000 	C:\WINDOWS\SYSTEM32\IPHLPAPI.DLL
0x00007fff63b60000 - 0x00007fff63b68000 	C:\WINDOWS\System32\NSI.dll
0x00007fff5a3b0000 - 0x00007fff5a3c7000 	C:\WINDOWS\SYSTEM32\dhcpcsvc6.DLL
0x00007fff5a990000 - 0x00007fff5a9ad000 	C:\WINDOWS\SYSTEM32\dhcpcsvc.DLL
0x00007fff61660000 - 0x00007fff6172c000 	C:\WINDOWS\SYSTEM32\DNSAPI.dll
0x00007fff5c520000 - 0x00007fff5c52b000 	C:\WINDOWS\SYSTEM32\WINNSI.DLL

dbghelp: loaded successfully - version: 4.0.5 - missing functions: none
symbol engine: initialized successfully - sym options: 0x614 - pdb path: .;C:\Program Files\Android\Android Studio\jre\bin;C:\WINDOWS\SYSTEM32;C:\WINDOWS\WinSxS\amd64_microsoft.windows.common-controls_6595b64144ccf1df_6.0.19041.1110_none_60b5254171f9507e;C:\Program Files\Android\Android Studio\jre\bin\server;C:\Users\acer\.gradle\native\fdc75f09e3144964f2cf3f50f0aa648679c211496f362492102eb8c894070792\windows-amd64;C:\Users\acer\.gradle\native\12488b8bf47d2d4c9fbf2f6322a914ad602e24e48041cd04a747c6da556b65c4\windows-amd64

VM Arguments:
jvm_args: --add-opens=java.base/java.util=ALL-UNNAMED --add-opens=java.base/java.lang=ALL-UNNAMED --add-opens=java.base/java.lang.invoke=ALL-UNNAMED --add-opens=java.prefs/java.util.prefs=ALL-UNNAMED -Xmx2048m -Dfile.encoding=UTF-8 -Duser.country=US -Duser.language=en -Duser.variant 
java_command: org.gradle.launcher.daemon.bootstrap.GradleDaemon 6.7.1
java_class_path (initial): C:\Users\acer\.gradle\wrapper\dists\gradle-6.7.1-bin\bwlcbys1h7rz3272sye1xwiv6\gradle-6.7.1\lib\gradle-launcher-6.7.1.jar
Launcher Type: SUN_STANDARD

[Global flags]
     intx CICompilerCount                          = 4                                         {product} {ergonomic}
     uint ConcGCThreads                            = 2                                         {product} {ergonomic}
     uint G1ConcRefinementThreads                  = 8                                         {product} {ergonomic}
   size_t G1HeapRegionSize                         = 1048576                                   {product} {ergonomic}
    uintx GCDrainStackTargetSize                   = 64                                        {product} {ergonomic}
   size_t InitialHeapSize                          = 100663296                                 {product} {ergonomic}
   size_t MarkStackSize                            = 4194304                                   {product} {ergonomic}
   size_t MaxHeapSize                              = 2147483648                                {product} {command line}
   size_t MaxNewSize                               = 1287651328                                {product} {ergonomic}
   size_t MinHeapDeltaBytes                        = 1048576                                   {product} {ergonomic}
    uintx NonNMethodCodeHeapSize                   = 5836300                                {pd product} {ergonomic}
    uintx NonProfiledCodeHeapSize                  = 122910970                              {pd product} {ergonomic}
    uintx ProfiledCodeHeapSize                     = 122910970                              {pd product} {ergonomic}
    uintx ReservedCodeCacheSize                    = 251658240                              {pd product} {ergonomic}
     bool SegmentedCodeCache                       = true                                      {product} {ergonomic}
     bool UseCompressedClassPointers               = true                                 {lp64_product} {ergonomic}
     bool UseCompressedOops                        = true                                 {lp64_product} {ergonomic}
     bool UseG1GC                                  = true                                      {product} {ergonomic}
     bool UseLargePagesIndividualAllocation        = false                                  {pd product} {ergonomic}

Logging:
Log output configuration:
 #0: stdout all=warning uptime,level,tags
 #1: stderr all=off uptime,level,tags

Environment Variables:
PATH=C:\Program Files (x86)\Common Files\Oracle\Java\javapath;C:\WINDOWS\system32;C:\WINDOWS;C:\WINDOWS\System32\Wbem;C:\WINDOWS\System32\WindowsPowerShell\v1.0\;C:\WINDOWS\System32\OpenSSH\;D:\Nodejs\;C:\Program Files\Git\cmd;D:\Xampp\php;C:\ProgramData\ComposerSetup\bin;C:\Users\acer\AppData\Local\Microsoft\WindowsApps;C:\Users\acer\AppData\Local\Programs\Microsoft VS Code\bin;C:\Users\acer\AppData\Roaming\npm;C:\Users\acer\AppData\Roaming\Composer\vendor\bin;C:\Users\acer\AppData\Local\GitHubDesktop\bin
USERNAME=acer
OS=Windows_NT
PROCESSOR_IDENTIFIER=AMD64 Family 23 Model 24 Stepping 1, AuthenticAMD



---------------  S Y S T E M  ---------------

OS: Windows 10 , 64 bit Build 19041 (10.0.19041.1200)
OS uptime: 0 days 19:11 hours

CPU:total 8 (initial active 8) (8 cores per cpu, 2 threads per core) family 23 model 24 stepping 1 microcode 0x0, cmov, cx8, fxsr, mmx, sse, sse2, sse3, ssse3, sse4.1, sse4.2, popcnt, avx, avx2, aes, clmul, mmxext, 3dnowpref, lzcnt, sse4a, ht, tsc, tscinvbit, tscinv, bmi1, bmi2, adx, s

Memory: 4k page, system-wide physical 6082M (199M free)
TotalPageFile size 14082M (AvailPageFile size 5M)
current process WorkingSet (physical memory assigned to process): 302M, peak: 472M
current process commit charge ("private bytes"): 656M, peak: 669M

vm_info: OpenJDK 64-Bit Server VM (11.0.10+0-b96-7249189) for windows-amd64 JRE (11.0.10+0-b96-7249189), built on Mar 31 2021 21:44:00 by "builder" with MS VC++ 14.0 (VS2015)

END.
