#
# There is insufficient memory for the Java Runtime Environment to continue.
# Native memory allocation (malloc) failed to allocate 134256 bytes for Chunk::new
# Possible reasons:
#   The system is out of physical RAM or swap space
#   The process is running with CompressedOops enabled, and the Java Heap may be blocking the growth of the native heap
# Possible solutions:
#   Reduce memory load on the system
#   Increase physical memory or swap space
#   Check if swap backing store is full
#   Decrease Java heap size (-Xmx/-Xms)
#   Decrease number of Java threads
#   Decrease Java thread stack sizes (-Xss)
#   Set larger code cache with -XX:ReservedCodeCacheSize=
#   JVM is running with Unscaled Compressed Oops mode in which the Java heap is
#     placed in the first 4GB address space. The Java Heap base address is the
#     maximum limit for the native heap growth. Please use -XX:HeapBaseMinAddress
#     to set the Java Heap base and to place the Java Heap above 4GB virtual address.
# This output file may be truncated or incomplete.
#
#  Out of Memory Error (./src/hotspot/share/memory/arena.cpp:197), pid=1852, tid=2616
#
# JRE version: OpenJDK Runtime Environment (11.0.8+10) (build 11.0.8+10-b944.6842174)
# Java VM: OpenJDK 64-Bit Server VM (11.0.8+10-b944.6842174, mixed mode, tiered, compressed oops, g1 gc, windows-amd64)
# No core dump will be written. Minidumps are not enabled by default on client versions of Windows
#

---------------  S U M M A R Y ------------

Command Line: --add-opens=java.base/java.util=ALL-UNNAMED --add-opens=java.base/java.lang=ALL-UNNAMED --add-opens=java.base/java.lang.invoke=ALL-UNNAMED --add-opens=java.prefs/java.util.prefs=ALL-UNNAMED -Xmx2048m -Dfile.encoding=UTF-8 -Duser.country=US -Duser.language=en -Duser.variant org.gradle.launcher.daemon.bootstrap.GradleDaemon 6.7.1

Host: AMD Ryzen 5 3550H with Radeon Vega Mobile Gfx  , 8 cores, 5G,  Windows 10 , 64 bit Build 19041 (10.0.19041.1200)
Time: Wed Sep 15 14:21:14 2021 SE Asia Standard Time elapsed time: 2046 seconds (0d 0h 34m 6s)

---------------  T H R E A D  ---------------

Current thread (0x00000236f5690000):  JavaThread "C2 CompilerThread0" daemon [_thread_in_native, id=2616, stack(0x0000003954800000,0x0000003954900000)]


Current CompileTask:
C2:2046434 20470       4       java.util.HashMap::putMapEntries (154 bytes)

Stack: [0x0000003954800000,0x0000003954900000]
Native frames: (J=compiled Java code, j=interpreted, Vv=VM code, C=native code)
V  [jvm.dll+0x5de50a]
V  [jvm.dll+0x7122f5]
V  [jvm.dll+0x71384d]
V  [jvm.dll+0x713f03]
V  [jvm.dll+0x23e728]
V  [jvm.dll+0xb899c]
V  [jvm.dll+0xb8e9c]
V  [jvm.dll+0x2b20e4]
V  [jvm.dll+0x502098]
V  [jvm.dll+0x1f8df6]
V  [jvm.dll+0x1f685f]
V  [jvm.dll+0x17f32c]
V  [jvm.dll+0x205047]
V  [jvm.dll+0x203891]
V  [jvm.dll+0x6dad3f]
V  [jvm.dll+0x6d3895]
V  [jvm.dll+0x5dd4a6]
C  [ucrtbase.dll+0x21bb2]
C  [KERNEL32.DLL+0x17034]
C  [ntdll.dll+0x52651]


---------------  P R O C E S S  ---------------

Threads class SMR info:
_java_thread_list=0x00000236f99b5a50, length=162, elements={
0x00000236d93eb000, 0x00000236f5673800, 0x00000236f567e800, 0x00000236f6043000,
0x00000236f568f800, 0x00000236f5690000, 0x00000236f5694800, 0x00000236f5696800,
0x00000236f6182000, 0x00000236f619c800, 0x00000236f7925800, 0x00000236f79ad000,
0x00000236f64de000, 0x00000236f7f04000, 0x00000236f7f05000, 0x00000236f7f03800,
0x00000236fa22c800, 0x00000236fa230000, 0x00000236fbadf800, 0x00000236fbadc800,
0x00000236fbada000, 0x00000236fbae0800, 0x00000236fbadb000, 0x00000236fbadb800,
0x00000236fbadd800, 0x00000236fbae1800, 0x00000236fbade000, 0x00000236fbae8000,
0x00000236fbae6800, 0x00000236fbae4000, 0x00000236fbae2000, 0x00000236fbae7000,
0x00000236fbae8800, 0x00000236fbae5800, 0x00000236fbae3000, 0x00000236fbae4800,
0x00000236fa230800, 0x00000236fa22b000, 0x00000236fa231800, 0x00000236fa22c000,
0x00000236fa232800, 0x00000236fa22f000, 0x00000236fa233000, 0x00000236fa22d800,
0x00000236fa234000, 0x00000236fa22e800, 0x00000236fa237000, 0x00000236fa238000,
0x00000236fa235800, 0x00000236fa239000, 0x00000236fa235000, 0x00000236fa236800,
0x00000236f7f06000, 0x00000236f6b48000, 0x00000236f6b4b000, 0x00000236f6b4c000,
0x00000236f6b46000, 0x00000236f6b47000, 0x00000236f6b49800, 0x00000236f6b4c800,
0x00000236f6b4d800, 0x00000236f6b4e800, 0x00000236f6b48800, 0x00000236f6b4f000,
0x00000236f6b50000, 0x00000236f6b4a000, 0x00000236f6b52800, 0x00000236f6b55000,
0x00000236f6b51000, 0x00000236f6b51800, 0x00000236f6b53000, 0x00000236f6b54000,
0x00000236806bc800, 0x00000236806bb800, 0x00000236806ba800, 0x00000236806b9000,
0x00000236806b7800, 0x00000236806bd000, 0x00000236806be000, 0x00000236806b8000,
0x00000236806ba000, 0x00000236f760f000, 0x00000236f760e800, 0x00000236f760c000,
0x00000236f760c800, 0x00000236f760b000, 0x00000236f760d800, 0x00000236f7609800,
0x00000236f7610000, 0x00000236f760a800, 0x00000236f8ba6800, 0x00000236f8ba4800,
0x00000236f8ba2000, 0x00000236f8ba3000, 0x00000236f8ba4000, 0x00000236f8ba5800,
0x00000236f8ba0800, 0x00000236f8ba7000, 0x00000236f8ba1800, 0x0000023680927800,
0x000002368092a800, 0x0000023680926800, 0x000002368092b800, 0x0000023680928000,
0x0000023680925800, 0x0000023680929000, 0x000002368092e800, 0x0000023680929800,
0x000002368092c000, 0x0000023680932800, 0x0000023680930000, 0x0000023680931000,
0x0000023680932000, 0x000002368092f800, 0x000002368092d000, 0x0000023680933800,
0x000002368092e000, 0x0000023680934800, 0x00000236fb845000, 0x00000236fb844000,
0x00000236fb847800, 0x00000236fb845800, 0x00000236fb849000, 0x00000236fb843800,
0x00000236fb84b800, 0x00000236fb84a000, 0x00000236fb846800, 0x00000236fb84d000,
0x00000236fb84a800, 0x00000236fb848000, 0x00000236fb852000, 0x00000236fb84c800,
0x00000236fb84e000, 0x00000236fb84e800, 0x00000236fb84f800, 0x00000236fb850800,
0x00000236fb851000, 0x00000236f85cf000, 0x00000236f85d1800, 0x00000236f85d0000,
0x00000236f85cd800, 0x00000236f85ce000, 0x00000236f85d0800, 0x00000236f85d2000,
0x00000236f85cc800, 0x00000236f85d3000, 0x00000236f85d9000, 0x00000236f85d5800,
0x00000236f85d6800, 0x00000236f85d4800, 0x00000236fce35000, 0x00000236f85d9800,
0x00000236f85d4000, 0x00000236f85d7000, 0x00000236f85d8000, 0x00000236f85da800,
0x0000023680700000, 0x0000023680701000, 0x0000023680701800, 0x00000236806ff800,
0x0000023680705000, 0x0000023680706000
}

Java Threads: ( => current thread )
  0x00000236d93eb000 JavaThread "main" [_thread_blocked, id=12616, stack(0x0000003953d00000,0x0000003953e00000)]
  0x00000236f5673800 JavaThread "Reference Handler" daemon [_thread_blocked, id=624, stack(0x0000003954400000,0x0000003954500000)]
  0x00000236f567e800 JavaThread "Finalizer" daemon [_thread_blocked, id=7620, stack(0x0000003954500000,0x0000003954600000)]
  0x00000236f6043000 JavaThread "Signal Dispatcher" daemon [_thread_blocked, id=12676, stack(0x0000003954600000,0x0000003954700000)]
  0x00000236f568f800 JavaThread "Attach Listener" daemon [_thread_blocked, id=7252, stack(0x0000003954700000,0x0000003954800000)]
=>0x00000236f5690000 JavaThread "C2 CompilerThread0" daemon [_thread_in_native, id=2616, stack(0x0000003954800000,0x0000003954900000)]
  0x00000236f5694800 JavaThread "C1 CompilerThread0" daemon [_thread_blocked, id=2300, stack(0x0000003954900000,0x0000003954a00000)]
  0x00000236f5696800 JavaThread "Sweeper thread" daemon [_thread_blocked, id=7352, stack(0x0000003954a00000,0x0000003954b00000)]
  0x00000236f6182000 JavaThread "Common-Cleaner" daemon [_thread_blocked, id=15624, stack(0x0000003954b00000,0x0000003954c00000)]
  0x00000236f619c800 JavaThread "Service Thread" daemon [_thread_blocked, id=7996, stack(0x0000003954c00000,0x0000003954d00000)]
  0x00000236f7925800 JavaThread "Daemon health stats" [_thread_blocked, id=6684, stack(0x0000003955100000,0x0000003955200000)]
  0x00000236f79ad000 JavaThread "Incoming local TCP Connector on port 63740" [_thread_in_native, id=2184, stack(0x0000003954e00000,0x0000003954f00000)]
  0x00000236f64de000 JavaThread "Daemon periodic checks" [_thread_blocked, id=12884, stack(0x0000003955300000,0x0000003955400000)]
  0x00000236f7f04000 JavaThread "Cache worker for file hash cache (C:\Users\acer\.gradle\caches\6.7.1\fileHashes)" [_thread_blocked, id=11384, stack(0x0000003956300000,0x0000003956400000)]
  0x00000236f7f05000 JavaThread "File lock request listener" [_thread_in_native, id=7304, stack(0x0000003956400000,0x0000003956500000)]
  0x00000236f7f03800 JavaThread "Cache worker for journal cache (C:\Users\acer\.gradle\caches\journal-1)" [_thread_blocked, id=7944, stack(0x0000003956600000,0x0000003956700000)]
  0x00000236fa22c800 JavaThread "Cache worker for execution history cache (C:\Users\acer\.gradle\caches\6.7.1\executionHistory)" [_thread_blocked, id=11128, stack(0x0000003958100000,0x0000003958200000)]
  0x00000236fa230000 JavaThread "Cache worker for file content cache (C:\Users\acer\.gradle\caches\6.7.1\fileContent)" [_thread_blocked, id=16484, stack(0x0000003958200000,0x0000003958300000)]
  0x00000236fbadf800 JavaThread "Memory manager" [_thread_blocked, id=13848, stack(0x000000395da00000,0x000000395db00000)]
  0x00000236fbadc800 JavaThread "Daemon Thread 3" [_thread_blocked, id=4584, stack(0x0000003953a00000,0x0000003953b00000)]
  0x00000236fbada000 JavaThread "Handler for socket connection from /127.0.0.1:63740 to /127.0.0.1:53181" [_thread_in_native, id=9856, stack(0x0000003953b00000,0x0000003953c00000)]
  0x00000236fbae0800 JavaThread "Cancel handler" [_thread_blocked, id=10060, stack(0x0000003953c00000,0x0000003953d00000)]
  0x00000236fbadb000 JavaThread "Daemon worker Thread 3" [_thread_blocked, id=6148, stack(0x0000003955000000,0x0000003955100000)]
  0x00000236fbadb800 JavaThread "Asynchronous log dispatcher for DefaultDaemonConnection: socket connection from /127.0.0.1:63740 to /127.0.0.1:53181" [_thread_blocked, id=9564, stack(0x0000003955200000,0x0000003955300000)]
  0x00000236fbadd800 JavaThread "Stdin handler" [_thread_blocked, id=4760, stack(0x0000003955400000,0x0000003955500000)]
  0x00000236fbae1800 JavaThread "Thread-309" [_thread_blocked, id=6672, stack(0x0000003955500000,0x0000003955600000)]
  0x00000236fbade000 JavaThread "Cache worker for file hash cache (D:\Du an truong\DuanPhonestore\.gradle\6.7.1\fileHashes)" [_thread_blocked, id=13576, stack(0x0000003955e00000,0x0000003955f00000)]
  0x00000236fbae8000 JavaThread "Cache worker for checksums cache (D:\Du an truong\DuanPhonestore\.gradle\checksums)" [_thread_blocked, id=4968, stack(0x0000003955f00000,0x0000003956000000)]
  0x00000236fbae6800 JavaThread "Cache worker for cache directory md-supplier (C:\Users\acer\.gradle\caches\6.7.1\md-supplier)" [_thread_blocked, id=7496, stack(0x0000003956000000,0x0000003956100000)]
  0x00000236fbae4000 JavaThread "Cache worker for cache directory md-rule (C:\Users\acer\.gradle\caches\6.7.1\md-rule)" [_thread_blocked, id=8436, stack(0x0000003956100000,0x0000003956200000)]
  0x00000236fbae2000 JavaThread "Cache worker for Build Output Cleanup Cache (D:\Du an truong\DuanPhonestore\.gradle\buildOutputCleanup)" [_thread_blocked, id=6108, stack(0x0000003956200000,0x0000003956300000)]
  0x00000236fbae7000 JavaThread "Build operations" [_thread_blocked, id=13496, stack(0x0000003956700000,0x0000003956800000)]
  0x00000236fbae8800 JavaThread "Build operations Thread 2" [_thread_blocked, id=1916, stack(0x0000003956800000,0x0000003956900000)]
  0x00000236fbae5800 JavaThread "Build operations Thread 3" [_thread_blocked, id=16504, stack(0x0000003956900000,0x0000003956a00000)]
  0x00000236fbae3000 JavaThread "Build operations Thread 4" [_thread_blocked, id=7296, stack(0x0000003956a00000,0x0000003956b00000)]
  0x00000236fbae4800 JavaThread "Build operations Thread 5" [_thread_in_vm, id=5708, stack(0x0000003956b00000,0x0000003956c00000)]
  0x00000236fa230800 JavaThread "Build operations Thread 6" [_thread_blocked, id=14252, stack(0x0000003956c00000,0x0000003956d00000)]
  0x00000236fa22b000 JavaThread "Build operations Thread 7" [_thread_blocked, id=11364, stack(0x0000003956d00000,0x0000003956e00000)]
  0x00000236fa231800 JavaThread "Build operations Thread 8" [_thread_in_native, id=17092, stack(0x0000003956e00000,0x0000003956f00000)]
  0x00000236fa22c000 JavaThread "jar transforms Thread 199" [_thread_blocked, id=13200, stack(0x0000003956f00000,0x0000003957000000)]
  0x00000236fa232800 JavaThread "jar transforms Thread 200" [_thread_blocked, id=10076, stack(0x0000003957000000,0x0000003957100000)]
  0x00000236fa22f000 JavaThread "jar transforms Thread 201" [_thread_blocked, id=7548, stack(0x0000003957100000,0x0000003957200000)]
  0x00000236fa233000 JavaThread "jar transforms Thread 202" [_thread_blocked, id=16028, stack(0x0000003957200000,0x0000003957300000)]
  0x00000236fa22d800 JavaThread "jar transforms Thread 203" [_thread_blocked, id=15200, stack(0x0000003957300000,0x0000003957400000)]
  0x00000236fa234000 JavaThread "jar transforms Thread 204" [_thread_blocked, id=260, stack(0x0000003957400000,0x0000003957500000)]
  0x00000236fa22e800 JavaThread "jar transforms Thread 205" [_thread_blocked, id=440, stack(0x0000003957500000,0x0000003957600000)]
  0x00000236fa237000 JavaThread "jar transforms Thread 206" [_thread_blocked, id=13532, stack(0x0000003957600000,0x0000003957700000)]
  0x00000236fa238000 JavaThread "jar transforms Thread 207" [_thread_blocked, id=6860, stack(0x0000003957700000,0x0000003957800000)]
  0x00000236fa235800 JavaThread "jar transforms Thread 208" [_thread_blocked, id=16816, stack(0x0000003957800000,0x0000003957900000)]
  0x00000236fa239000 JavaThread "jar transforms Thread 209" [_thread_blocked, id=3832, stack(0x0000003957900000,0x0000003957a00000)]
  0x00000236fa235000 JavaThread "jar transforms Thread 210" [_thread_blocked, id=11704, stack(0x0000003957a00000,0x0000003957b00000)]
  0x00000236fa236800 JavaThread "jar transforms Thread 211" [_thread_blocked, id=2852, stack(0x0000003957b00000,0x0000003957c00000)]
  0x00000236f7f06000 JavaThread "jar transforms Thread 212" [_thread_blocked, id=11292, stack(0x0000003957c00000,0x0000003957d00000)]
  0x00000236f6b48000 JavaThread "jar transforms Thread 213" [_thread_blocked, id=6028, stack(0x0000003957d00000,0x0000003957e00000)]
  0x00000236f6b4b000 JavaThread "jar transforms Thread 214" [_thread_blocked, id=11028, stack(0x0000003957e00000,0x0000003957f00000)]
  0x00000236f6b4c000 JavaThread "jar transforms Thread 215" [_thread_blocked, id=16256, stack(0x0000003957f00000,0x0000003958000000)]
  0x00000236f6b46000 JavaThread "jar transforms Thread 216" [_thread_blocked, id=16236, stack(0x0000003958000000,0x0000003958100000)]
  0x00000236f6b47000 JavaThread "jar transforms Thread 217" [_thread_blocked, id=14096, stack(0x0000003958300000,0x0000003958400000)]
  0x00000236f6b49800 JavaThread "jar transforms Thread 218" [_thread_blocked, id=4368, stack(0x0000003958400000,0x0000003958500000)]
  0x00000236f6b4c800 JavaThread "jar transforms Thread 219" [_thread_blocked, id=5436, stack(0x0000003958500000,0x0000003958600000)]
  0x00000236f6b4d800 JavaThread "jar transforms Thread 220" [_thread_blocked, id=16468, stack(0x0000003958600000,0x0000003958700000)]
  0x00000236f6b4e800 JavaThread "jar transforms Thread 221" [_thread_blocked, id=13272, stack(0x0000003958700000,0x0000003958800000)]
  0x00000236f6b48800 JavaThread "jar transforms Thread 222" [_thread_blocked, id=15136, stack(0x0000003958800000,0x0000003958900000)]
  0x00000236f6b4f000 JavaThread "jar transforms Thread 223" [_thread_blocked, id=13916, stack(0x0000003958900000,0x0000003958a00000)]
  0x00000236f6b50000 JavaThread "jar transforms Thread 224" [_thread_blocked, id=12808, stack(0x0000003958a00000,0x0000003958b00000)]
  0x00000236f6b4a000 JavaThread "jar transforms Thread 225" [_thread_blocked, id=8900, stack(0x0000003958b00000,0x0000003958c00000)]
  0x00000236f6b52800 JavaThread "jar transforms Thread 226" [_thread_blocked, id=1268, stack(0x0000003958c00000,0x0000003958d00000)]
  0x00000236f6b55000 JavaThread "jar transforms Thread 227" [_thread_blocked, id=6584, stack(0x0000003958d00000,0x0000003958e00000)]
  0x00000236f6b51000 JavaThread "jar transforms Thread 228" [_thread_blocked, id=7544, stack(0x0000003958e00000,0x0000003958f00000)]
  0x00000236f6b51800 JavaThread "jar transforms Thread 229" [_thread_blocked, id=14628, stack(0x0000003958f00000,0x0000003959000000)]
  0x00000236f6b53000 JavaThread "jar transforms Thread 230" [_thread_blocked, id=1924, stack(0x0000003959000000,0x0000003959100000)]
  0x00000236f6b54000 JavaThread "jar transforms Thread 231" [_thread_blocked, id=9300, stack(0x0000003959100000,0x0000003959200000)]
  0x00000236806bc800 JavaThread "jar transforms Thread 232" [_thread_blocked, id=11924, stack(0x0000003959200000,0x0000003959300000)]
  0x00000236806bb800 JavaThread "jar transforms Thread 233" [_thread_blocked, id=14380, stack(0x0000003959300000,0x0000003959400000)]
  0x00000236806ba800 JavaThread "jar transforms Thread 234" [_thread_blocked, id=10036, stack(0x0000003959400000,0x0000003959500000)]
  0x00000236806b9000 JavaThread "jar transforms Thread 235" [_thread_blocked, id=6312, stack(0x0000003959500000,0x0000003959600000)]
  0x00000236806b7800 JavaThread "jar transforms Thread 236" [_thread_blocked, id=10016, stack(0x0000003959600000,0x0000003959700000)]
  0x00000236806bd000 JavaThread "jar transforms Thread 237" [_thread_blocked, id=7208, stack(0x0000003959700000,0x0000003959800000)]
  0x00000236806be000 JavaThread "jar transforms Thread 238" [_thread_blocked, id=10208, stack(0x0000003959800000,0x0000003959900000)]
  0x00000236806b8000 JavaThread "jar transforms Thread 239" [_thread_blocked, id=2780, stack(0x0000003959900000,0x0000003959a00000)]
  0x00000236806ba000 JavaThread "jar transforms Thread 240" [_thread_blocked, id=4516, stack(0x0000003959a00000,0x0000003959b00000)]
  0x00000236f760f000 JavaThread "jar transforms Thread 241" [_thread_blocked, id=6744, stack(0x0000003959b00000,0x0000003959c00000)]
  0x00000236f760e800 JavaThread "jar transforms Thread 242" [_thread_blocked, id=7528, stack(0x0000003959c00000,0x0000003959d00000)]
  0x00000236f760c000 JavaThread "jar transforms Thread 243" [_thread_blocked, id=16380, stack(0x0000003959d00000,0x0000003959e00000)]
  0x00000236f760c800 JavaThread "jar transforms Thread 244" [_thread_blocked, id=8984, stack(0x0000003959e00000,0x0000003959f00000)]
  0x00000236f760b000 JavaThread "jar transforms Thread 245" [_thread_blocked, id=88, stack(0x0000003959f00000,0x000000395a000000)]
  0x00000236f760d800 JavaThread "jar transforms Thread 246" [_thread_blocked, id=2776, stack(0x000000395a000000,0x000000395a100000)]
  0x00000236f7609800 JavaThread "jar transforms Thread 247" [_thread_blocked, id=8136, stack(0x000000395a100000,0x000000395a200000)]
  0x00000236f7610000 JavaThread "jar transforms Thread 248" [_thread_blocked, id=7588, stack(0x000000395a200000,0x000000395a300000)]
  0x00000236f760a800 JavaThread "jar transforms Thread 249" [_thread_blocked, id=16720, stack(0x000000395a300000,0x000000395a400000)]
  0x00000236f8ba6800 JavaThread "jar transforms Thread 250" [_thread_blocked, id=2932, stack(0x000000395a400000,0x000000395a500000)]
  0x00000236f8ba4800 JavaThread "jar transforms Thread 251" [_thread_blocked, id=8492, stack(0x000000395a500000,0x000000395a600000)]
  0x00000236f8ba2000 JavaThread "jar transforms Thread 252" [_thread_blocked, id=3892, stack(0x000000395a600000,0x000000395a700000)]
  0x00000236f8ba3000 JavaThread "jar transforms Thread 253" [_thread_blocked, id=5968, stack(0x000000395a700000,0x000000395a800000)]
  0x00000236f8ba4000 JavaThread "jar transforms Thread 254" [_thread_blocked, id=13308, stack(0x000000395a800000,0x000000395a900000)]
  0x00000236f8ba5800 JavaThread "jar transforms Thread 255" [_thread_blocked, id=14352, stack(0x000000395a900000,0x000000395aa00000)]
  0x00000236f8ba0800 JavaThread "jar transforms Thread 256" [_thread_blocked, id=16864, stack(0x000000395aa00000,0x000000395ab00000)]
  0x00000236f8ba7000 JavaThread "jar transforms Thread 257" [_thread_blocked, id=10296, stack(0x000000395ab00000,0x000000395ac00000)]
  0x00000236f8ba1800 JavaThread "jar transforms Thread 258" [_thread_blocked, id=1296, stack(0x000000395ac00000,0x000000395ad00000)]
  0x0000023680927800 JavaThread "jar transforms Thread 259" [_thread_blocked, id=15988, stack(0x000000395ad00000,0x000000395ae00000)]
  0x000002368092a800 JavaThread "jar transforms Thread 260" [_thread_blocked, id=2168, stack(0x000000395ae00000,0x000000395af00000)]
  0x0000023680926800 JavaThread "jar transforms Thread 261" [_thread_blocked, id=3272, stack(0x000000395af00000,0x000000395b000000)]
  0x000002368092b800 JavaThread "jar transforms Thread 262" [_thread_blocked, id=7440, stack(0x000000395b000000,0x000000395b100000)]
  0x0000023680928000 JavaThread "jar transforms Thread 263" [_thread_blocked, id=17284, stack(0x000000395b100000,0x000000395b200000)]
  0x0000023680925800 JavaThread "jar transforms Thread 264" [_thread_blocked, id=4212, stack(0x000000395b200000,0x000000395b300000)]
  0x0000023680929000 JavaThread "jar transforms Thread 265" [_thread_blocked, id=3816, stack(0x000000395b300000,0x000000395b400000)]
  0x000002368092e800 JavaThread "jar transforms Thread 266" [_thread_blocked, id=2436, stack(0x000000395b400000,0x000000395b500000)]
  0x0000023680929800 JavaThread "jar transforms Thread 267" [_thread_blocked, id=4004, stack(0x000000395b500000,0x000000395b600000)]
  0x000002368092c000 JavaThread "jar transforms Thread 268" [_thread_blocked, id=15248, stack(0x000000395b600000,0x000000395b700000)]
  0x0000023680932800 JavaThread "jar transforms Thread 269" [_thread_blocked, id=13712, stack(0x000000395b700000,0x000000395b800000)]
  0x0000023680930000 JavaThread "jar transforms Thread 270" [_thread_blocked, id=9840, stack(0x000000395b800000,0x000000395b900000)]
  0x0000023680931000 JavaThread "jar transforms Thread 271" [_thread_blocked, id=14144, stack(0x000000395b900000,0x000000395ba00000)]
  0x0000023680932000 JavaThread "jar transforms Thread 272" [_thread_blocked, id=12792, stack(0x000000395ba00000,0x000000395bb00000)]
  0x000002368092f800 JavaThread "jar transforms Thread 273" [_thread_blocked, id=16340, stack(0x000000395bb00000,0x000000395bc00000)]
  0x000002368092d000 JavaThread "jar transforms Thread 274" [_thread_blocked, id=6224, stack(0x000000395bc00000,0x000000395bd00000)]
  0x0000023680933800 JavaThread "jar transforms Thread 275" [_thread_blocked, id=10572, stack(0x000000395bd00000,0x000000395be00000)]
  0x000002368092e000 JavaThread "jar transforms Thread 276" [_thread_blocked, id=13216, stack(0x000000395be00000,0x000000395bf00000)]
  0x0000023680934800 JavaThread "jar transforms Thread 277" [_thread_blocked, id=5468, stack(0x000000395bf00000,0x000000395c000000)]
  0x00000236fb845000 JavaThread "jar transforms Thread 278" [_thread_blocked, id=13012, stack(0x000000395c000000,0x000000395c100000)]
  0x00000236fb844000 JavaThread "jar transforms Thread 279" [_thread_blocked, id=9196, stack(0x000000395c100000,0x000000395c200000)]
  0x00000236fb847800 JavaThread "jar transforms Thread 280" [_thread_blocked, id=13504, stack(0x000000395c200000,0x000000395c300000)]
  0x00000236fb845800 JavaThread "jar transforms Thread 281" [_thread_blocked, id=16704, stack(0x000000395c300000,0x000000395c400000)]
  0x00000236fb849000 JavaThread "jar transforms Thread 282" [_thread_blocked, id=14844, stack(0x000000395c400000,0x000000395c500000)]
  0x00000236fb843800 JavaThread "jar transforms Thread 283" [_thread_blocked, id=15864, stack(0x000000395c500000,0x000000395c600000)]
  0x00000236fb84b800 JavaThread "jar transforms Thread 284" [_thread_blocked, id=13244, stack(0x000000395c600000,0x000000395c700000)]
  0x00000236fb84a000 JavaThread "jar transforms Thread 285" [_thread_blocked, id=6656, stack(0x000000395c700000,0x000000395c800000)]
  0x00000236fb846800 JavaThread "jar transforms Thread 286" [_thread_blocked, id=16388, stack(0x000000395c800000,0x000000395c900000)]
  0x00000236fb84d000 JavaThread "jar transforms Thread 287" [_thread_blocked, id=10304, stack(0x000000395c900000,0x000000395ca00000)]
  0x00000236fb84a800 JavaThread "jar transforms Thread 288" [_thread_blocked, id=15712, stack(0x000000395ca00000,0x000000395cb00000)]
  0x00000236fb848000 JavaThread "jar transforms Thread 289" [_thread_blocked, id=17312, stack(0x000000395cb00000,0x000000395cc00000)]
  0x00000236fb852000 JavaThread "jar transforms Thread 290" [_thread_blocked, id=16904, stack(0x000000395cc00000,0x000000395cd00000)]
  0x00000236fb84c800 JavaThread "jar transforms Thread 291" [_thread_blocked, id=17348, stack(0x000000395cd00000,0x000000395ce00000)]
  0x00000236fb84e000 JavaThread "jar transforms Thread 292" [_thread_blocked, id=11784, stack(0x000000395ce00000,0x000000395cf00000)]
  0x00000236fb84e800 JavaThread "jar transforms Thread 293" [_thread_blocked, id=16644, stack(0x000000395cf00000,0x000000395d000000)]
  0x00000236fb84f800 JavaThread "jar transforms Thread 294" [_thread_blocked, id=17308, stack(0x000000395d000000,0x000000395d100000)]
  0x00000236fb850800 JavaThread "jar transforms Thread 295" [_thread_blocked, id=17388, stack(0x000000395d100000,0x000000395d200000)]
  0x00000236fb851000 JavaThread "jar transforms Thread 296" [_thread_blocked, id=16568, stack(0x000000395d200000,0x000000395d300000)]
  0x00000236f85cf000 JavaThread "jar transforms Thread 297" [_thread_blocked, id=15148, stack(0x000000395d300000,0x000000395d400000)]
  0x00000236f85d1800 JavaThread "build event listener" [_thread_blocked, id=6256, stack(0x000000395d400000,0x000000395d500000)]
  0x00000236f85d0000 JavaThread "build event listener" [_thread_blocked, id=15480, stack(0x000000395d500000,0x000000395d600000)]
  0x00000236f85cd800 JavaThread "Execution worker for ':'" [_thread_blocked, id=10756, stack(0x000000395d600000,0x000000395d700000)]
  0x00000236f85ce000 JavaThread "Execution worker for ':' Thread 2" [_thread_blocked, id=9816, stack(0x000000395d700000,0x000000395d800000)]
  0x00000236f85d0800 JavaThread "Execution worker for ':' Thread 3" [_thread_blocked, id=11788, stack(0x000000395d800000,0x000000395d900000)]
  0x00000236f85d2000 JavaThread "Execution worker for ':' Thread 4" [_thread_blocked, id=15900, stack(0x000000395d900000,0x000000395da00000)]
  0x00000236f85cc800 JavaThread "Execution worker for ':' Thread 5" [_thread_blocked, id=12016, stack(0x000000395db00000,0x000000395dc00000)]
  0x00000236f85d3000 JavaThread "Execution worker for ':' Thread 6" [_thread_blocked, id=2164, stack(0x000000395dc00000,0x000000395dd00000)]
  0x00000236f85d9000 JavaThread "Execution worker for ':' Thread 7" [_thread_blocked, id=6900, stack(0x000000395dd00000,0x000000395de00000)]
  0x00000236f85d5800 JavaThread "Cache worker for execution history cache (D:\Du an truong\DuanPhonestore\.gradle\6.7.1\executionHistory)" [_thread_blocked, id=16732, stack(0x000000395de00000,0x000000395df00000)]
  0x00000236f85d6800 JavaThread "WorkerExecutor Queue" [_thread_blocked, id=4576, stack(0x000000395df00000,0x000000395e000000)]
  0x00000236f85d4800 JavaThread "WorkerExecutor Queue Thread 2" [_thread_blocked, id=14692, stack(0x000000395e000000,0x000000395e100000)]
  0x00000236fce35000 JavaThread "C2 CompilerThread1" daemon [_thread_in_native, id=9640, stack(0x000000395e100000,0x000000395e200000)]
  0x00000236f85d9800 JavaThread "WorkerExecutor Queue Thread 3" [_thread_blocked, id=16880, stack(0x000000395e200000,0x000000395e300000)]
  0x00000236f85d4000 JavaThread "WorkerExecutor Queue Thread 4" [_thread_blocked, id=15552, stack(0x000000395e300000,0x000000395e400000)]
  0x00000236f85d7000 JavaThread "WorkerExecutor Queue Thread 5" [_thread_in_native, id=12896, stack(0x000000395e400000,0x000000395e500000)]
  0x00000236f85d8000 JavaThread "WorkerExecutor Queue Thread 6" [_thread_blocked, id=16308, stack(0x000000395e500000,0x000000395e600000)]
  0x00000236f85da800 JavaThread "WorkerExecutor Queue Thread 7" [_thread_blocked, id=8928, stack(0x000000395e600000,0x000000395e700000)]
  0x0000023680700000 JavaThread "pool-16-thread-1" [_thread_blocked, id=5252, stack(0x000000395e800000,0x000000395e900000)]
  0x0000023680701000 JavaThread "stderr" [_thread_in_native, id=1260, stack(0x000000395e900000,0x000000395ea00000)]
  0x0000023680701800 JavaThread "stdout" [_thread_in_native, id=3312, stack(0x000000395ea00000,0x000000395eb00000)]
  0x00000236806ff800 JavaThread "stderr" [_thread_in_native, id=14880, stack(0x000000395eb00000,0x000000395ec00000)]
  0x0000023680705000 JavaThread "stdout" [_thread_in_native, id=13880, stack(0x000000395ec00000,0x000000395ed00000)]
  0x0000023680706000 JavaThread "WorkerExecutor Queue Thread 9" [_thread_blocked, id=7600, stack(0x000000395e700000,0x000000395e800000)]

Other Threads:
  0x00000236f566f800 VMThread "VM Thread" [stack: 0x0000003954300000,0x0000003954400000] [id=16692]
  0x00000236f618b000 WatcherThread [stack: 0x0000003954d00000,0x0000003954e00000] [id=12008]
  0x00000236d9402000 GCTaskThread "GC Thread#0" [stack: 0x0000003953e00000,0x0000003953f00000] [id=9232]
  0x00000236f6b94000 GCTaskThread "GC Thread#1" [stack: 0x0000003954f00000,0x0000003955000000] [id=14484]
  0x00000236f73c1800 GCTaskThread "GC Thread#2" [stack: 0x0000003955600000,0x0000003955700000] [id=13924]
  0x00000236f6f22000 GCTaskThread "GC Thread#3" [stack: 0x0000003955700000,0x0000003955800000] [id=13268]
  0x00000236f6f23000 GCTaskThread "GC Thread#4" [stack: 0x0000003955800000,0x0000003955900000] [id=15860]
  0x00000236f8c6c800 GCTaskThread "GC Thread#5" [stack: 0x0000003955900000,0x0000003955a00000] [id=12308]
  0x00000236f8632800 GCTaskThread "GC Thread#6" [stack: 0x0000003955a00000,0x0000003955b00000] [id=4660]
  0x00000236f8633000 GCTaskThread "GC Thread#7" [stack: 0x0000003955b00000,0x0000003955c00000] [id=9436]
  0x00000236d9433800 ConcurrentGCThread "G1 Main Marker" [stack: 0x0000003953f00000,0x0000003954000000] [id=2668]
  0x00000236d9435000 ConcurrentGCThread "G1 Conc#0" [stack: 0x0000003954000000,0x0000003954100000] [id=9340]
  0x00000236f749c000 ConcurrentGCThread "G1 Conc#1" [stack: 0x0000003956500000,0x0000003956600000] [id=3428]
  0x00000236d94be000 ConcurrentGCThread "G1 Refine#0" [stack: 0x0000003954100000,0x0000003954200000] [id=7040]
  0x00000236f6b34800 ConcurrentGCThread "G1 Refine#1" [stack: 0x0000003955c00000,0x0000003955d00000] [id=6600]
  0x00000236f7a42000 ConcurrentGCThread "G1 Refine#2" [stack: 0x0000003955d00000,0x0000003955e00000] [id=10828]
  0x00000236d94c1000 ConcurrentGCThread "G1 Young RemSet Sampling" [stack: 0x0000003954200000,0x0000003954300000] [id=9096]

Threads with active compile tasks:
C2 CompilerThread02046486 20470       4       java.util.HashMap::putMapEntries (154 bytes)
C2 CompilerThread12046486 20464   !   4       java.io.ObjectOutputStream::defaultWriteFields (284 bytes)

VM state:not at safepoint (normal execution)

VM Mutex/Monitor currently owned by a thread: None

OutOfMemory and StackOverflow Exception counts:
OutOfMemoryError java_heap_errors=2
LinkageErrors=219

Heap address: 0x0000000080000000, size: 2048 MB, Compressed Oops mode: 32-bit
Narrow klass base: 0x0000000000000000, Narrow klass shift: 3
Compressed class space size: 1073741824 Address: 0x0000000100000000

Heap:
 garbage-first heap   total 248832K, used 159867K [0x0000000080000000, 0x0000000100000000)
  region size 1024K, 41 young (41984K), 8 survivors (8192K)
 Metaspace       used 122275K, capacity 125467K, committed 125516K, reserved 1159168K
  class space    used 14783K, capacity 15905K, committed 15948K, reserved 1048576K
Heap Regions: E=young(eden), S=young(survivor), O=old, HS=humongous(starts), HC=humongous(continues), CS=collection set, F=free, A=archive, TAMS=top-at-mark-start (previous, next)
|   0|0x0000000080000000, 0x0000000080100000, 0x0000000080100000|100%| O|  |TAMS 0x0000000080100000, 0x0000000080000000| Untracked 
|   1|0x0000000080100000, 0x0000000080200000, 0x0000000080200000|100%| O|  |TAMS 0x0000000080200000, 0x0000000080100000| Untracked 
|   2|0x0000000080200000, 0x0000000080300000, 0x0000000080300000|100%| O|  |TAMS 0x0000000080300000, 0x0000000080200000| Untracked 
|   3|0x0000000080300000, 0x0000000080400000, 0x0000000080400000|100%|HS|  |TAMS 0x0000000080400000, 0x0000000080300000| Complete 
|   4|0x0000000080400000, 0x0000000080500000, 0x0000000080500000|100%|HC|  |TAMS 0x0000000080500000, 0x0000000080400000| Complete 
|   5|0x0000000080500000, 0x0000000080600000, 0x0000000080600000|100%|HC|  |TAMS 0x0000000080600000, 0x0000000080500000| Complete 
|   6|0x0000000080600000, 0x0000000080700000, 0x0000000080700000|100%| O|  |TAMS 0x0000000080700000, 0x0000000080600000| Untracked 
|   7|0x0000000080700000, 0x0000000080800000, 0x0000000080800000|100%| O|  |TAMS 0x0000000080800000, 0x0000000080700000| Untracked 
|   8|0x0000000080800000, 0x0000000080900000, 0x0000000080900000|100%| O|  |TAMS 0x0000000080900000, 0x0000000080800000| Untracked 
|   9|0x0000000080900000, 0x0000000080a00000, 0x0000000080a00000|100%| O|  |TAMS 0x0000000080a00000, 0x0000000080900000| Untracked 
|  10|0x0000000080a00000, 0x0000000080b00000, 0x0000000080b00000|100%| O|  |TAMS 0x0000000080b00000, 0x0000000080a00000| Untracked 
|  11|0x0000000080b00000, 0x0000000080c00000, 0x0000000080c00000|100%| O|  |TAMS 0x0000000080c00000, 0x0000000080b00000| Untracked 
|  12|0x0000000080c00000, 0x0000000080d00000, 0x0000000080d00000|100%| O|  |TAMS 0x0000000080d00000, 0x0000000080c00000| Untracked 
|  13|0x0000000080d00000, 0x0000000080e00000, 0x0000000080e00000|100%| O|  |TAMS 0x0000000080e00000, 0x0000000080d00000| Untracked 
|  14|0x0000000080e00000, 0x0000000080f00000, 0x0000000080f00000|100%| O|  |TAMS 0x0000000080f00000, 0x0000000080e00000| Untracked 
|  15|0x0000000080f00000, 0x0000000081000000, 0x0000000081000000|100%|HS|  |TAMS 0x0000000081000000, 0x0000000080f00000| Complete 
|  16|0x0000000081000000, 0x0000000081100000, 0x0000000081100000|100%|HC|  |TAMS 0x0000000081100000, 0x0000000081000000| Complete 
|  17|0x0000000081100000, 0x0000000081200000, 0x0000000081200000|100%|HS|  |TAMS 0x0000000081200000, 0x0000000081100000| Complete 
|  18|0x0000000081200000, 0x0000000081300000, 0x0000000081300000|100%|HC|  |TAMS 0x0000000081300000, 0x0000000081200000| Complete 
|  19|0x0000000081300000, 0x0000000081400000, 0x0000000081400000|100%|HC|  |TAMS 0x0000000081400000, 0x0000000081300000| Complete 
|  20|0x0000000081400000, 0x0000000081500000, 0x0000000081500000|100%|HS|  |TAMS 0x0000000081500000, 0x0000000081400000| Complete 
|  21|0x0000000081500000, 0x0000000081600000, 0x0000000081600000|100%|HC|  |TAMS 0x0000000081600000, 0x0000000081500000| Complete 
|  22|0x0000000081600000, 0x0000000081700000, 0x0000000081700000|100%|HC|  |TAMS 0x0000000081700000, 0x0000000081600000| Complete 
|  23|0x0000000081700000, 0x0000000081800000, 0x0000000081800000|100%|HC|  |TAMS 0x0000000081800000, 0x0000000081700000| Complete 
|  24|0x0000000081800000, 0x0000000081900000, 0x0000000081900000|100%| O|  |TAMS 0x0000000081900000, 0x0000000081800000| Untracked 
|  25|0x0000000081900000, 0x0000000081a00000, 0x0000000081a00000|100%| O|  |TAMS 0x0000000081a00000, 0x0000000081900000| Untracked 
|  26|0x0000000081a00000, 0x0000000081b00000, 0x0000000081b00000|100%| O|  |TAMS 0x0000000081b00000, 0x0000000081a00000| Untracked 
|  27|0x0000000081b00000, 0x0000000081c00000, 0x0000000081c00000|100%| O|  |TAMS 0x0000000081c00000, 0x0000000081b00000| Untracked 
|  28|0x0000000081c00000, 0x0000000081d00000, 0x0000000081d00000|100%| O|  |TAMS 0x0000000081d00000, 0x0000000081c00000| Untracked 
|  29|0x0000000081d00000, 0x0000000081e00000, 0x0000000081e00000|100%| O|  |TAMS 0x0000000081e00000, 0x0000000081d00000| Untracked 
|  30|0x0000000081e00000, 0x0000000081f00000, 0x0000000081f00000|100%| O|  |TAMS 0x0000000081f00000, 0x0000000081e00000| Untracked 
|  31|0x0000000081f00000, 0x0000000082000000, 0x0000000082000000|100%|HS|  |TAMS 0x0000000082000000, 0x0000000081f00000| Complete 
|  32|0x0000000082000000, 0x0000000082100000, 0x0000000082100000|100%|HC|  |TAMS 0x0000000082100000, 0x0000000082000000| Complete 
|  33|0x0000000082100000, 0x0000000082200000, 0x0000000082200000|100%|HC|  |TAMS 0x0000000082200000, 0x0000000082100000| Complete 
|  34|0x0000000082200000, 0x0000000082300000, 0x0000000082300000|100%|HC|  |TAMS 0x0000000082300000, 0x0000000082200000| Complete 
|  35|0x0000000082300000, 0x0000000082400000, 0x0000000082400000|100%|HS|  |TAMS 0x0000000082400000, 0x0000000082300000| Complete 
|  36|0x0000000082400000, 0x0000000082500000, 0x0000000082500000|100%|HC|  |TAMS 0x0000000082500000, 0x0000000082400000| Complete 
|  37|0x0000000082500000, 0x0000000082600000, 0x0000000082600000|100%|HC|  |TAMS 0x0000000082600000, 0x0000000082500000| Complete 
|  38|0x0000000082600000, 0x0000000082700000, 0x0000000082700000|100%| O|  |TAMS 0x0000000082700000, 0x0000000082600000| Untracked 
|  39|0x0000000082700000, 0x0000000082800000, 0x0000000082800000|100%| O|  |TAMS 0x0000000082800000, 0x0000000082700000| Untracked 
|  40|0x0000000082800000, 0x0000000082900000, 0x0000000082900000|100%| O|  |TAMS 0x0000000082800000, 0x0000000082800000| Untracked 
|  41|0x0000000082900000, 0x0000000082a00000, 0x0000000082a00000|100%| O|  |TAMS 0x0000000082a00000, 0x0000000082900000| Untracked 
|  42|0x0000000082a00000, 0x0000000082b00000, 0x0000000082b00000|100%| O|  |TAMS 0x0000000082b00000, 0x0000000082a00000| Untracked 
|  43|0x0000000082b00000, 0x0000000082c00000, 0x0000000082c00000|100%| O|  |TAMS 0x0000000082c00000, 0x0000000082b00000| Untracked 
|  44|0x0000000082c00000, 0x0000000082d00000, 0x0000000082d00000|100%| O|  |TAMS 0x0000000082d00000, 0x0000000082c00000| Untracked 
|  45|0x0000000082d00000, 0x0000000082e00000, 0x0000000082e00000|100%| O|  |TAMS 0x0000000082e00000, 0x0000000082d00000| Untracked 
|  46|0x0000000082e00000, 0x0000000082f00000, 0x0000000082f00000|100%|HS|  |TAMS 0x0000000082f00000, 0x0000000082e00000| Complete 
|  47|0x0000000082f00000, 0x0000000083000000, 0x0000000083000000|100%|HS|  |TAMS 0x0000000083000000, 0x0000000082f00000| Complete 
|  48|0x0000000083000000, 0x0000000083100000, 0x0000000083100000|100%|HC|  |TAMS 0x0000000083100000, 0x0000000083000000| Complete 
|  49|0x0000000083100000, 0x0000000083200000, 0x0000000083200000|100%| O|  |TAMS 0x0000000083200000, 0x0000000083100000| Untracked 
|  50|0x0000000083200000, 0x0000000083300000, 0x0000000083300000|100%| O|  |TAMS 0x0000000083300000, 0x0000000083200000| Untracked 
|  51|0x0000000083300000, 0x0000000083400000, 0x0000000083400000|100%| O|  |TAMS 0x0000000083400000, 0x0000000083300000| Untracked 
|  52|0x0000000083400000, 0x0000000083500000, 0x0000000083500000|100%| O|  |TAMS 0x0000000083500000, 0x0000000083400000| Untracked 
|  53|0x0000000083500000, 0x0000000083600000, 0x0000000083600000|100%| O|  |TAMS 0x0000000083600000, 0x0000000083500000| Untracked 
|  54|0x0000000083600000, 0x0000000083700000, 0x0000000083700000|100%| O|  |TAMS 0x0000000083700000, 0x0000000083600000| Untracked 
|  55|0x0000000083700000, 0x0000000083800000, 0x0000000083800000|100%| O|  |TAMS 0x0000000083800000, 0x0000000083700000| Untracked 
|  56|0x0000000083800000, 0x0000000083900000, 0x0000000083900000|100%| O|  |TAMS 0x0000000083900000, 0x0000000083800000| Untracked 
|  57|0x0000000083900000, 0x0000000083a00000, 0x0000000083a00000|100%| O|  |TAMS 0x0000000083a00000, 0x0000000083900000| Untracked 
|  58|0x0000000083a00000, 0x0000000083b00000, 0x0000000083b00000|100%| O|  |TAMS 0x0000000083b00000, 0x0000000083a00000| Untracked 
|  59|0x0000000083b00000, 0x0000000083c00000, 0x0000000083c00000|100%| O|  |TAMS 0x0000000083c00000, 0x0000000083b00000| Untracked 
|  60|0x0000000083c00000, 0x0000000083d00000, 0x0000000083d00000|100%| O|  |TAMS 0x0000000083d00000, 0x0000000083c00000| Untracked 
|  61|0x0000000083d00000, 0x0000000083e00000, 0x0000000083e00000|100%| O|  |TAMS 0x0000000083e00000, 0x0000000083d00000| Untracked 
|  62|0x0000000083e00000, 0x0000000083f00000, 0x0000000083f00000|100%| O|  |TAMS 0x0000000083f00000, 0x0000000083e00000| Untracked 
|  63|0x0000000083f00000, 0x0000000084000000, 0x0000000084000000|100%| O|  |TAMS 0x0000000084000000, 0x0000000083f00000| Untracked 
|  64|0x0000000084000000, 0x0000000084100000, 0x0000000084100000|100%| O|  |TAMS 0x0000000084000000, 0x0000000084000000| Untracked 
|  65|0x0000000084100000, 0x0000000084200000, 0x0000000084200000|100%| O|  |TAMS 0x0000000084200000, 0x0000000084100000| Untracked 
|  66|0x0000000084200000, 0x0000000084300000, 0x0000000084300000|100%| O|  |TAMS 0x0000000084200000, 0x0000000084200000| Untracked 
|  67|0x0000000084300000, 0x0000000084384c00, 0x0000000084400000| 51%| O|  |TAMS 0x0000000084300000, 0x0000000084300000| Untracked 
|  68|0x0000000084400000, 0x0000000084500000, 0x0000000084500000|100%| O|  |TAMS 0x0000000084400000, 0x0000000084400000| Untracked 
|  69|0x0000000084500000, 0x0000000084600000, 0x0000000084600000|100%| O|  |TAMS 0x0000000084600000, 0x0000000084500000| Untracked 
|  70|0x0000000084600000, 0x0000000084600000, 0x0000000084700000|  0%| F|  |TAMS 0x0000000084600000, 0x0000000084600000| Untracked 
|  71|0x0000000084700000, 0x0000000084800000, 0x0000000084800000|100%| O|  |TAMS 0x0000000084800000, 0x0000000084700000| Untracked 
|  72|0x0000000084800000, 0x0000000084800000, 0x0000000084900000|  0%| F|  |TAMS 0x0000000084800000, 0x0000000084800000| Untracked 
|  73|0x0000000084900000, 0x0000000084a00000, 0x0000000084a00000|100%| O|  |TAMS 0x0000000084900000, 0x0000000084900000| Untracked 
|  74|0x0000000084a00000, 0x0000000084b00000, 0x0000000084b00000|100%| O|  |TAMS 0x0000000084b00000, 0x0000000084a00000| Untracked 
|  75|0x0000000084b00000, 0x0000000084c00000, 0x0000000084c00000|100%| O|  |TAMS 0x0000000084b00000, 0x0000000084b00000| Untracked 
|  76|0x0000000084c00000, 0x0000000084d00000, 0x0000000084d00000|100%| O|  |TAMS 0x0000000084c00000, 0x0000000084c00000| Untracked 
|  77|0x0000000084d00000, 0x0000000084e00000, 0x0000000084e00000|100%| O|  |TAMS 0x0000000084e00000, 0x0000000084d00000| Untracked 
|  78|0x0000000084e00000, 0x0000000084f00000, 0x0000000084f00000|100%| O|  |TAMS 0x0000000084f00000, 0x0000000084e00000| Untracked 
|  79|0x0000000084f00000, 0x0000000085000000, 0x0000000085000000|100%| O|  |TAMS 0x0000000084f00000, 0x0000000084f00000| Untracked 
|  80|0x0000000085000000, 0x0000000085100000, 0x0000000085100000|100%| O|  |TAMS 0x0000000085100000, 0x0000000085000000| Untracked 
|  81|0x0000000085100000, 0x0000000085200000, 0x0000000085200000|100%| O|  |TAMS 0x0000000085200000, 0x0000000085100000| Untracked 
|  82|0x0000000085200000, 0x0000000085200000, 0x0000000085300000|  0%| F|  |TAMS 0x0000000085200000, 0x0000000085200000| Untracked 
|  83|0x0000000085300000, 0x0000000085400000, 0x0000000085400000|100%| O|  |TAMS 0x0000000085400000, 0x0000000085300000| Untracked 
|  84|0x0000000085400000, 0x0000000085500000, 0x0000000085500000|100%| O|  |TAMS 0x0000000085400000, 0x0000000085400000| Untracked 
|  85|0x0000000085500000, 0x0000000085500000, 0x0000000085600000|  0%| F|  |TAMS 0x0000000085500000, 0x0000000085500000| Untracked 
|  86|0x0000000085600000, 0x0000000085700000, 0x0000000085700000|100%| O|  |TAMS 0x0000000085700000, 0x0000000085600000| Untracked 
|  87|0x0000000085700000, 0x0000000085700000, 0x0000000085800000|  0%| F|  |TAMS 0x0000000085700000, 0x0000000085700000| Untracked 
|  88|0x0000000085800000, 0x0000000085900000, 0x0000000085900000|100%| O|  |TAMS 0x0000000085900000, 0x0000000085800000| Untracked 
|  89|0x0000000085900000, 0x0000000085a00000, 0x0000000085a00000|100%| O|  |TAMS 0x0000000085a00000, 0x0000000085900000| Untracked 
|  90|0x0000000085a00000, 0x0000000085b00000, 0x0000000085b00000|100%| O|  |TAMS 0x0000000085b00000, 0x0000000085a00000| Untracked 
|  91|0x0000000085b00000, 0x0000000085c00000, 0x0000000085c00000|100%| O|  |TAMS 0x0000000085c00000, 0x0000000085b00000| Untracked 
|  92|0x0000000085c00000, 0x0000000085d00000, 0x0000000085d00000|100%| O|  |TAMS 0x0000000085d00000, 0x0000000085c00000| Untracked 
|  93|0x0000000085d00000, 0x0000000085d00000, 0x0000000085e00000|  0%| F|  |TAMS 0x0000000085d00000, 0x0000000085d00000| Untracked 
|  94|0x0000000085e00000, 0x0000000085f00000, 0x0000000085f00000|100%| O|  |TAMS 0x0000000085f00000, 0x0000000085e00000| Untracked 
|  95|0x0000000085f00000, 0x0000000085f00000, 0x0000000086000000|  0%| F|  |TAMS 0x0000000085f00000, 0x0000000085f00000| Untracked 
|  96|0x0000000086000000, 0x0000000086100000, 0x0000000086100000|100%| O|  |TAMS 0x0000000086100000, 0x0000000086000000| Untracked 
|  97|0x0000000086100000, 0x0000000086200000, 0x0000000086200000|100%| O|  |TAMS 0x0000000086200000, 0x0000000086100000| Untracked 
|  98|0x0000000086200000, 0x0000000086300000, 0x0000000086300000|100%| O|  |TAMS 0x0000000086300000, 0x0000000086200000| Untracked 
|  99|0x0000000086300000, 0x0000000086300000, 0x0000000086400000|  0%| F|  |TAMS 0x0000000086300000, 0x0000000086300000| Untracked 
| 100|0x0000000086400000, 0x0000000086400000, 0x0000000086500000|  0%| F|  |TAMS 0x0000000086400000, 0x0000000086400000| Untracked 
| 101|0x0000000086500000, 0x0000000086500000, 0x0000000086600000|  0%| F|  |TAMS 0x0000000086500000, 0x0000000086500000| Untracked 
| 102|0x0000000086600000, 0x0000000086600000, 0x0000000086700000|  0%| F|  |TAMS 0x0000000086600000, 0x0000000086600000| Untracked 
| 103|0x0000000086700000, 0x0000000086800000, 0x0000000086800000|100%| O|  |TAMS 0x0000000086800000, 0x0000000086700000| Untracked 
| 104|0x0000000086800000, 0x0000000086800000, 0x0000000086900000|  0%| F|  |TAMS 0x0000000086800000, 0x0000000086800000| Untracked 
| 105|0x0000000086900000, 0x0000000086900000, 0x0000000086a00000|  0%| F|  |TAMS 0x0000000086900000, 0x0000000086900000| Untracked 
| 106|0x0000000086a00000, 0x0000000086b00000, 0x0000000086b00000|100%| O|  |TAMS 0x0000000086b00000, 0x0000000086a00000| Untracked 
| 107|0x0000000086b00000, 0x0000000086b00000, 0x0000000086c00000|  0%| F|  |TAMS 0x0000000086b00000, 0x0000000086b00000| Untracked 
| 108|0x0000000086c00000, 0x0000000086d00000, 0x0000000086d00000|100%| O|  |TAMS 0x0000000086d00000, 0x0000000086c00000| Untracked 
| 109|0x0000000086d00000, 0x0000000086d00000, 0x0000000086e00000|  0%| F|  |TAMS 0x0000000086d00000, 0x0000000086d00000| Untracked 
| 110|0x0000000086e00000, 0x0000000086e00000, 0x0000000086f00000|  0%| F|  |TAMS 0x0000000086e00000, 0x0000000086e00000| Untracked 
| 111|0x0000000086f00000, 0x0000000086f00000, 0x0000000087000000|  0%| F|  |TAMS 0x0000000086f00000, 0x0000000086f00000| Untracked 
| 112|0x0000000087000000, 0x0000000087100000, 0x0000000087100000|100%| O|  |TAMS 0x0000000087100000, 0x0000000087000000| Untracked 
| 113|0x0000000087100000, 0x0000000087100000, 0x0000000087200000|  0%| F|  |TAMS 0x0000000087100000, 0x0000000087100000| Untracked 
| 114|0x0000000087200000, 0x0000000087200000, 0x0000000087300000|  0%| F|  |TAMS 0x0000000087200000, 0x0000000087200000| Untracked 
| 115|0x0000000087300000, 0x0000000087300000, 0x0000000087400000|  0%| F|  |TAMS 0x0000000087300000, 0x0000000087300000| Untracked 
| 116|0x0000000087400000, 0x0000000087500000, 0x0000000087500000|100%| O|  |TAMS 0x0000000087500000, 0x0000000087400000| Untracked 
| 117|0x0000000087500000, 0x0000000087600000, 0x0000000087600000|100%| O|  |TAMS 0x0000000087600000, 0x0000000087500000| Untracked 
| 118|0x0000000087600000, 0x0000000087700000, 0x0000000087700000|100%| O|  |TAMS 0x0000000087700000, 0x0000000087600000| Untracked 
| 119|0x0000000087700000, 0x0000000087800000, 0x0000000087800000|100%| O|  |TAMS 0x0000000087800000, 0x0000000087700000| Untracked 
| 120|0x0000000087800000, 0x0000000087900000, 0x0000000087900000|100%| O|  |TAMS 0x0000000087900000, 0x0000000087800000| Untracked 
| 121|0x0000000087900000, 0x0000000087a00000, 0x0000000087a00000|100%| O|  |TAMS 0x0000000087a00000, 0x0000000087900000| Untracked 
| 122|0x0000000087a00000, 0x0000000087b00000, 0x0000000087b00000|100%| O|  |TAMS 0x0000000087b00000, 0x0000000087a00000| Untracked 
| 123|0x0000000087b00000, 0x0000000087c00000, 0x0000000087c00000|100%| O|  |TAMS 0x0000000087c00000, 0x0000000087b00000| Untracked 
| 124|0x0000000087c00000, 0x0000000087c00000, 0x0000000087d00000|  0%| F|  |TAMS 0x0000000087c00000, 0x0000000087c00000| Untracked 
| 125|0x0000000087d00000, 0x0000000087e00000, 0x0000000087e00000|100%| O|  |TAMS 0x0000000087e00000, 0x0000000087d00000| Untracked 
| 126|0x0000000087e00000, 0x0000000087f00000, 0x0000000087f00000|100%| O|  |TAMS 0x0000000087f00000, 0x0000000087e00000| Untracked 
| 127|0x0000000087f00000, 0x0000000088000000, 0x0000000088000000|100%| O|  |TAMS 0x0000000088000000, 0x0000000087f00000| Untracked 
| 128|0x0000000088000000, 0x0000000088000000, 0x0000000088100000|  0%| F|  |TAMS 0x0000000088000000, 0x0000000088000000| Untracked 
| 129|0x0000000088100000, 0x0000000088200000, 0x0000000088200000|100%| O|  |TAMS 0x0000000088200000, 0x0000000088100000| Untracked 
| 130|0x0000000088200000, 0x0000000088300000, 0x0000000088300000|100%| O|  |TAMS 0x0000000088300000, 0x0000000088200000| Untracked 
| 131|0x0000000088300000, 0x0000000088400000, 0x0000000088400000|100%| O|  |TAMS 0x0000000088400000, 0x0000000088300000| Untracked 
| 132|0x0000000088400000, 0x0000000088500000, 0x0000000088500000|100%| O|  |TAMS 0x0000000088500000, 0x0000000088400000| Untracked 
| 133|0x0000000088500000, 0x0000000088600000, 0x0000000088600000|100%| O|  |TAMS 0x0000000088600000, 0x0000000088500000| Untracked 
| 134|0x0000000088600000, 0x0000000088700000, 0x0000000088700000|100%| O|  |TAMS 0x0000000088700000, 0x0000000088600000| Untracked 
| 135|0x0000000088700000, 0x0000000088800000, 0x0000000088800000|100%| O|  |TAMS 0x0000000088800000, 0x0000000088700000| Untracked 
| 136|0x0000000088800000, 0x0000000088900000, 0x0000000088900000|100%| O|  |TAMS 0x0000000088900000, 0x0000000088800000| Untracked 
| 137|0x0000000088900000, 0x0000000088a00000, 0x0000000088a00000|100%| O|  |TAMS 0x0000000088a00000, 0x0000000088900000| Untracked 
| 138|0x0000000088a00000, 0x0000000088b00000, 0x0000000088b00000|100%| O|  |TAMS 0x0000000088b00000, 0x0000000088a00000| Untracked 
| 139|0x0000000088b00000, 0x0000000088c00000, 0x0000000088c00000|100%| O|  |TAMS 0x0000000088b3a800, 0x0000000088b00000| Untracked 
| 140|0x0000000088c00000, 0x0000000088c00000, 0x0000000088d00000|  0%| F|  |TAMS 0x0000000088c00000, 0x0000000088c00000| Untracked 
| 141|0x0000000088d00000, 0x0000000088d00000, 0x0000000088e00000|  0%| F|  |TAMS 0x0000000088d00000, 0x0000000088d00000| Untracked 
| 142|0x0000000088e00000, 0x0000000088e00000, 0x0000000088f00000|  0%| F|  |TAMS 0x0000000088e00000, 0x0000000088e00000| Untracked 
| 143|0x0000000088f00000, 0x0000000088f00000, 0x0000000089000000|  0%| F|  |TAMS 0x0000000088f00000, 0x0000000088f00000| Untracked 
| 144|0x0000000089000000, 0x0000000089000000, 0x0000000089100000|  0%| F|  |TAMS 0x0000000089000000, 0x0000000089000000| Untracked 
| 145|0x0000000089100000, 0x0000000089100000, 0x0000000089200000|  0%| F|  |TAMS 0x0000000089100000, 0x0000000089100000| Untracked 
| 146|0x0000000089200000, 0x0000000089200000, 0x0000000089300000|  0%| F|  |TAMS 0x0000000089200000, 0x0000000089200000| Untracked 
| 147|0x0000000089300000, 0x0000000089300000, 0x0000000089400000|  0%| F|  |TAMS 0x0000000089300000, 0x0000000089300000| Untracked 
| 148|0x0000000089400000, 0x0000000089400000, 0x0000000089500000|  0%| F|  |TAMS 0x0000000089400000, 0x0000000089400000| Untracked 
| 149|0x0000000089500000, 0x0000000089500000, 0x0000000089600000|  0%| F|  |TAMS 0x0000000089500000, 0x0000000089500000| Untracked 
| 150|0x0000000089600000, 0x0000000089600000, 0x0000000089700000|  0%| F|  |TAMS 0x0000000089600000, 0x0000000089600000| Untracked 
| 151|0x0000000089700000, 0x0000000089700000, 0x0000000089800000|  0%| F|  |TAMS 0x0000000089700000, 0x0000000089700000| Untracked 
| 152|0x0000000089800000, 0x0000000089800000, 0x0000000089900000|  0%| F|  |TAMS 0x0000000089800000, 0x0000000089800000| Untracked 
| 153|0x0000000089900000, 0x0000000089900000, 0x0000000089a00000|  0%| F|  |TAMS 0x0000000089900000, 0x0000000089900000| Untracked 
| 154|0x0000000089a00000, 0x0000000089a00000, 0x0000000089b00000|  0%| F|  |TAMS 0x0000000089a00000, 0x0000000089a00000| Untracked 
| 155|0x0000000089b00000, 0x0000000089b00000, 0x0000000089c00000|  0%| F|  |TAMS 0x0000000089b00000, 0x0000000089b00000| Untracked 
| 156|0x0000000089c00000, 0x0000000089c00000, 0x0000000089d00000|  0%| F|  |TAMS 0x0000000089c00000, 0x0000000089c00000| Untracked 
| 157|0x0000000089d00000, 0x0000000089d00000, 0x0000000089e00000|  0%| F|  |TAMS 0x0000000089d00000, 0x0000000089d00000| Untracked 
| 158|0x0000000089e00000, 0x0000000089e00000, 0x0000000089f00000|  0%| F|  |TAMS 0x0000000089e00000, 0x0000000089e00000| Untracked 
| 159|0x0000000089f00000, 0x0000000089f00000, 0x000000008a000000|  0%| F|  |TAMS 0x0000000089f00000, 0x0000000089f00000| Untracked 
| 160|0x000000008a000000, 0x000000008a000000, 0x000000008a100000|  0%| F|  |TAMS 0x000000008a000000, 0x000000008a000000| Untracked 
| 161|0x000000008a100000, 0x000000008a19a170, 0x000000008a200000| 60%| S|CS|TAMS 0x000000008a100000, 0x000000008a100000| Complete 
| 162|0x000000008a200000, 0x000000008a300000, 0x000000008a300000|100%| S|CS|TAMS 0x000000008a200000, 0x000000008a200000| Complete 
| 163|0x000000008a300000, 0x000000008a400000, 0x000000008a400000|100%| S|CS|TAMS 0x000000008a300000, 0x000000008a300000| Complete 
| 164|0x000000008a400000, 0x000000008a500000, 0x000000008a500000|100%| S|CS|TAMS 0x000000008a400000, 0x000000008a400000| Complete 
| 165|0x000000008a500000, 0x000000008a600000, 0x000000008a600000|100%| S|CS|TAMS 0x000000008a500000, 0x000000008a500000| Complete 
| 166|0x000000008a600000, 0x000000008a700000, 0x000000008a700000|100%| S|CS|TAMS 0x000000008a600000, 0x000000008a600000| Complete 
| 167|0x000000008a700000, 0x000000008a800000, 0x000000008a800000|100%| S|CS|TAMS 0x000000008a700000, 0x000000008a700000| Complete 
| 168|0x000000008a800000, 0x000000008a900000, 0x000000008a900000|100%| S|CS|TAMS 0x000000008a800000, 0x000000008a800000| Complete 
| 169|0x000000008a900000, 0x000000008a900000, 0x000000008aa00000|  0%| F|  |TAMS 0x000000008a900000, 0x000000008a900000| Untracked 
| 170|0x000000008aa00000, 0x000000008aa00000, 0x000000008ab00000|  0%| F|  |TAMS 0x000000008aa00000, 0x000000008aa00000| Untracked 
| 171|0x000000008ab00000, 0x000000008ab00000, 0x000000008ac00000|  0%| F|  |TAMS 0x000000008ab00000, 0x000000008ab00000| Untracked 
| 172|0x000000008ac00000, 0x000000008ac00000, 0x000000008ad00000|  0%| F|  |TAMS 0x000000008ac00000, 0x000000008ac00000| Untracked 
| 173|0x000000008ad00000, 0x000000008ad00000, 0x000000008ae00000|  0%| F|  |TAMS 0x000000008ad00000, 0x000000008ad00000| Untracked 
| 174|0x000000008ae00000, 0x000000008ae00000, 0x000000008af00000|  0%| F|  |TAMS 0x000000008ae00000, 0x000000008ae00000| Untracked 
| 175|0x000000008af00000, 0x000000008af00000, 0x000000008b000000|  0%| F|  |TAMS 0x000000008af00000, 0x000000008af00000| Untracked 
| 176|0x000000008b000000, 0x000000008b000000, 0x000000008b100000|  0%| F|  |TAMS 0x000000008b000000, 0x000000008b000000| Untracked 
| 177|0x000000008b100000, 0x000000008b100000, 0x000000008b200000|  0%| F|  |TAMS 0x000000008b100000, 0x000000008b100000| Untracked 
| 178|0x000000008b200000, 0x000000008b200000, 0x000000008b300000|  0%| F|  |TAMS 0x000000008b200000, 0x000000008b200000| Untracked 
| 179|0x000000008b300000, 0x000000008b300000, 0x000000008b400000|  0%| F|  |TAMS 0x000000008b300000, 0x000000008b300000| Untracked 
| 180|0x000000008b400000, 0x000000008b400000, 0x000000008b500000|  0%| F|  |TAMS 0x000000008b400000, 0x000000008b400000| Untracked 
| 181|0x000000008b500000, 0x000000008b500000, 0x000000008b600000|  0%| F|  |TAMS 0x000000008b500000, 0x000000008b500000| Untracked 
| 182|0x000000008b600000, 0x000000008b600000, 0x000000008b700000|  0%| F|  |TAMS 0x000000008b600000, 0x000000008b600000| Untracked 
| 183|0x000000008b700000, 0x000000008b700000, 0x000000008b800000|  0%| F|  |TAMS 0x000000008b700000, 0x000000008b700000| Untracked 
| 184|0x000000008b800000, 0x000000008b800000, 0x000000008b900000|  0%| F|  |TAMS 0x000000008b800000, 0x000000008b800000| Untracked 
| 185|0x000000008b900000, 0x000000008b900000, 0x000000008ba00000|  0%| F|  |TAMS 0x000000008b900000, 0x000000008b900000| Untracked 
| 186|0x000000008ba00000, 0x000000008ba00000, 0x000000008bb00000|  0%| F|  |TAMS 0x000000008ba00000, 0x000000008ba00000| Untracked 
| 187|0x000000008bb00000, 0x000000008bb00000, 0x000000008bc00000|  0%| F|  |TAMS 0x000000008bb00000, 0x000000008bb00000| Untracked 
| 188|0x000000008bc00000, 0x000000008bc00000, 0x000000008bd00000|  0%| F|  |TAMS 0x000000008bc00000, 0x000000008bc00000| Untracked 
| 189|0x000000008bd00000, 0x000000008bd00000, 0x000000008be00000|  0%| F|  |TAMS 0x000000008bd00000, 0x000000008bd00000| Untracked 
| 190|0x000000008be00000, 0x000000008be00000, 0x000000008bf00000|  0%| F|  |TAMS 0x000000008be00000, 0x000000008be00000| Untracked 
| 191|0x000000008bf00000, 0x000000008bf00000, 0x000000008c000000|  0%| F|  |TAMS 0x000000008bf00000, 0x000000008bf00000| Untracked 
| 192|0x000000008c000000, 0x000000008c000000, 0x000000008c100000|  0%| F|  |TAMS 0x000000008c000000, 0x000000008c000000| Untracked 
| 193|0x000000008c100000, 0x000000008c100000, 0x000000008c200000|  0%| F|  |TAMS 0x000000008c100000, 0x000000008c100000| Untracked 
| 194|0x000000008c200000, 0x000000008c200000, 0x000000008c300000|  0%| F|  |TAMS 0x000000008c200000, 0x000000008c200000| Untracked 
| 195|0x000000008c300000, 0x000000008c300000, 0x000000008c400000|  0%| F|  |TAMS 0x000000008c300000, 0x000000008c300000| Untracked 
| 196|0x000000008c400000, 0x000000008c400000, 0x000000008c500000|  0%| F|  |TAMS 0x000000008c400000, 0x000000008c400000| Untracked 
| 197|0x000000008c500000, 0x000000008c500000, 0x000000008c600000|  0%| F|  |TAMS 0x000000008c500000, 0x000000008c500000| Untracked 
| 198|0x000000008c600000, 0x000000008c600000, 0x000000008c700000|  0%| F|  |TAMS 0x000000008c600000, 0x000000008c600000| Untracked 
| 199|0x000000008c700000, 0x000000008c700000, 0x000000008c800000|  0%| F|  |TAMS 0x000000008c700000, 0x000000008c700000| Untracked 
| 200|0x000000008c800000, 0x000000008c800000, 0x000000008c900000|  0%| F|  |TAMS 0x000000008c800000, 0x000000008c800000| Untracked 
| 201|0x000000008c900000, 0x000000008c900000, 0x000000008ca00000|  0%| F|  |TAMS 0x000000008c900000, 0x000000008c900000| Untracked 
| 202|0x000000008ca00000, 0x000000008ca00000, 0x000000008cb00000|  0%| F|  |TAMS 0x000000008ca00000, 0x000000008ca00000| Untracked 
| 203|0x000000008cb00000, 0x000000008cb00000, 0x000000008cc00000|  0%| F|  |TAMS 0x000000008cb00000, 0x000000008cb00000| Untracked 
| 204|0x000000008cc00000, 0x000000008cc00000, 0x000000008cd00000|  0%| F|  |TAMS 0x000000008cc00000, 0x000000008cc00000| Untracked 
| 205|0x000000008cd00000, 0x000000008cd00000, 0x000000008ce00000|  0%| F|  |TAMS 0x000000008cd00000, 0x000000008cd00000| Untracked 
| 206|0x000000008ce00000, 0x000000008ce00000, 0x000000008cf00000|  0%| F|  |TAMS 0x000000008ce00000, 0x000000008ce00000| Untracked 
| 207|0x000000008cf00000, 0x000000008cf00000, 0x000000008d000000|  0%| F|  |TAMS 0x000000008cf00000, 0x000000008cf00000| Untracked 
| 208|0x000000008d000000, 0x000000008d003e78, 0x000000008d100000|  1%| E|  |TAMS 0x000000008d000000, 0x000000008d000000| Complete 
| 209|0x000000008d100000, 0x000000008d200000, 0x000000008d200000|100%| E|CS|TAMS 0x000000008d100000, 0x000000008d100000| Complete 
| 210|0x000000008d200000, 0x000000008d300000, 0x000000008d300000|100%| E|CS|TAMS 0x000000008d200000, 0x000000008d200000| Complete 
| 211|0x000000008d300000, 0x000000008d400000, 0x000000008d400000|100%| E|CS|TAMS 0x000000008d300000, 0x000000008d300000| Complete 
| 212|0x000000008d400000, 0x000000008d500000, 0x000000008d500000|100%| E|CS|TAMS 0x000000008d400000, 0x000000008d400000| Complete 
| 213|0x000000008d500000, 0x000000008d600000, 0x000000008d600000|100%| E|CS|TAMS 0x000000008d500000, 0x000000008d500000| Complete 
| 214|0x000000008d600000, 0x000000008d700000, 0x000000008d700000|100%| E|CS|TAMS 0x000000008d600000, 0x000000008d600000| Complete 
| 215|0x000000008d700000, 0x000000008d800000, 0x000000008d800000|100%| E|CS|TAMS 0x000000008d700000, 0x000000008d700000| Complete 
| 216|0x000000008d800000, 0x000000008d900000, 0x000000008d900000|100%| E|CS|TAMS 0x000000008d800000, 0x000000008d800000| Complete 
| 217|0x000000008d900000, 0x000000008d9ffc60, 0x000000008da00000| 99%| E|  |TAMS 0x000000008d900000, 0x000000008d900000| Complete 
| 218|0x000000008da00000, 0x000000008db00000, 0x000000008db00000|100%| E|CS|TAMS 0x000000008da00000, 0x000000008da00000| Complete 
| 219|0x000000008db00000, 0x000000008dc00000, 0x000000008dc00000|100%| E|CS|TAMS 0x000000008db00000, 0x000000008db00000| Complete 
| 220|0x000000008dc00000, 0x000000008dd00000, 0x000000008dd00000|100%| E|CS|TAMS 0x000000008dc00000, 0x000000008dc00000| Complete 
| 221|0x000000008dd00000, 0x000000008de00000, 0x000000008de00000|100%| E|CS|TAMS 0x000000008dd00000, 0x000000008dd00000| Complete 
| 222|0x000000008de00000, 0x000000008df00000, 0x000000008df00000|100%| E|CS|TAMS 0x000000008de00000, 0x000000008de00000| Complete 
| 223|0x000000008df00000, 0x000000008e000000, 0x000000008e000000|100%| E|CS|TAMS 0x000000008df00000, 0x000000008df00000| Complete 
| 224|0x000000008e000000, 0x000000008e100000, 0x000000008e100000|100%| E|CS|TAMS 0x000000008e000000, 0x000000008e000000| Complete 
| 225|0x000000008e100000, 0x000000008e200000, 0x000000008e200000|100%| E|CS|TAMS 0x000000008e100000, 0x000000008e100000| Complete 
| 226|0x000000008e200000, 0x000000008e300000, 0x000000008e300000|100%| E|CS|TAMS 0x000000008e200000, 0x000000008e200000| Complete 
| 227|0x000000008e300000, 0x000000008e400000, 0x000000008e400000|100%| E|CS|TAMS 0x000000008e300000, 0x000000008e300000| Complete 
| 228|0x000000008e400000, 0x000000008e500000, 0x000000008e500000|100%| E|CS|TAMS 0x000000008e400000, 0x000000008e400000| Complete 
| 229|0x000000008e500000, 0x000000008e600000, 0x000000008e600000|100%| E|CS|TAMS 0x000000008e500000, 0x000000008e500000| Complete 
| 230|0x000000008e600000, 0x000000008e700000, 0x000000008e700000|100%| E|CS|TAMS 0x000000008e600000, 0x000000008e600000| Complete 
| 231|0x000000008e700000, 0x000000008e800000, 0x000000008e800000|100%| E|CS|TAMS 0x000000008e700000, 0x000000008e700000| Complete 
| 232|0x000000008e800000, 0x000000008e900000, 0x000000008e900000|100%| E|CS|TAMS 0x000000008e800000, 0x000000008e800000| Complete 
| 233|0x000000008e900000, 0x000000008ea00000, 0x000000008ea00000|100%| E|CS|TAMS 0x000000008e900000, 0x000000008e900000| Complete 
| 234|0x000000008ea00000, 0x000000008eb00000, 0x000000008eb00000|100%| E|CS|TAMS 0x000000008ea00000, 0x000000008ea00000| Complete 
| 235|0x000000008eb00000, 0x000000008ec00000, 0x000000008ec00000|100%| E|CS|TAMS 0x000000008eb00000, 0x000000008eb00000| Complete 
| 236|0x000000008ec00000, 0x000000008ed00000, 0x000000008ed00000|100%| E|CS|TAMS 0x000000008ec00000, 0x000000008ec00000| Complete 
| 237|0x000000008ed00000, 0x000000008ee00000, 0x000000008ee00000|100%| E|CS|TAMS 0x000000008ed00000, 0x000000008ed00000| Complete 
| 238|0x000000008ee00000, 0x000000008ef00000, 0x000000008ef00000|100%| E|CS|TAMS 0x000000008ee00000, 0x000000008ee00000| Complete 
| 239|0x000000008ef00000, 0x000000008f000000, 0x000000008f000000|100%| E|CS|TAMS 0x000000008ef00000, 0x000000008ef00000| Complete 
| 240|0x000000008f000000, 0x000000008f100000, 0x000000008f100000|100%| E|CS|TAMS 0x000000008f000000, 0x000000008f000000| Complete 
| 241|0x000000008f100000, 0x000000008f200000, 0x000000008f200000|100%| E|CS|TAMS 0x000000008f100000, 0x000000008f100000| Complete 
| 242|0x000000008f200000, 0x000000008f300000, 0x000000008f300000|100%| E|CS|TAMS 0x000000008f200000, 0x000000008f200000| Complete 

Card table byte_map: [0x00000236ee3c0000,0x00000236ee7c0000] _byte_map_base: 0x00000236edfc0000

Marking Bits (Prev, Next): (CMBitMap*) 0x00000236d942a9f0, (CMBitMap*) 0x00000236d942a9b8
 Prev Bits: [0x00000236f0bc0000, 0x00000236f2bc0000)
 Next Bits: [0x00000236eebc0000, 0x00000236f0bc0000)

Polling page: 0x00000236d94d0000

Metaspace:

Usage:
  Non-class:    107.08 MB capacity,   105.06 MB ( 98%) used,     1.70 MB (  2%) free+waste,   330.56 KB ( <1%) overhead. 
      Class:     15.55 MB capacity,    14.46 MB ( 93%) used,   965.73 KB (  6%) free+waste,   146.19 KB ( <1%) overhead. 
       Both:    122.63 MB capacity,   119.52 MB ( 97%) used,     2.64 MB (  2%) free+waste,   476.75 KB ( <1%) overhead. 

Virtual space:
  Non-class space:      108.00 MB reserved,     107.25 MB (>99%) committed 
      Class space:        1.00 GB reserved,      15.57 MB (  2%) committed 
             Both:        1.11 GB reserved,     122.82 MB ( 11%) committed 

Chunk freelists:
   Non-Class:  43.00 KB
       Class:  0 bytes
        Both:  43.00 KB

MaxMetaspaceSize: 17179869184.00 GB
CompressedClassSpaceSize: 1.00 GB

CodeHeap 'non-profiled nmethods': size=120000Kb used=12992Kb max_used=12992Kb free=107007Kb
 bounds [0x00000236e6010000, 0x00000236e6cd0000, 0x00000236ed540000]
CodeHeap 'profiled nmethods': size=120000Kb used=38330Kb max_used=38877Kb free=81669Kb
 bounds [0x00000236deae0000, 0x00000236e1110000, 0x00000236e6010000]
CodeHeap 'non-nmethods': size=5760Kb used=2362Kb max_used=2415Kb free=3397Kb
 bounds [0x00000236de540000, 0x00000236de7b0000, 0x00000236deae0000]
 total_blobs=18846 nmethods=17862 adapters=894
 compilation: enabled
              stopped_count=0, restarted_count=0
 full_count=0

Compilation events (20 events):
Event: 2046.415 Thread 0x00000236f5694800 nmethod 20514 0x00000236df2bf090 code [0x00000236df2bf240, 0x00000236df2bf418]
Event: 2046.417 Thread 0x00000236f5694800 20522       2       org.gradle.internal.snapshot.AbstractIncompleteSnapshotWithChildren$1$$Lambda$936/0x0000000100cd0040::get$Lambda (11 bytes)
Event: 2046.418 Thread 0x00000236f5694800 nmethod 20522 0x00000236df2c1090 code [0x00000236df2c1240, 0x00000236df2c1438]
Event: 2046.418 Thread 0x00000236f5694800 20523       2       org.gradle.internal.snapshot.AbstractIncompleteSnapshotWithChildren$1$$Lambda$936/0x0000000100cd0040::<init> (20 bytes)
Event: 2046.418 Thread 0x00000236f5694800 nmethod 20523 0x00000236df2cdf10 code [0x00000236df2ce0c0, 0x00000236df2ce278]
Event: 2046.418 Thread 0x00000236f5694800 20524       2       org.gradle.internal.snapshot.AbstractIncompleteSnapshotWithChildren$1$$Lambda$938/0x0000000100cd1040::get$Lambda (10 bytes)
Event: 2046.418 Thread 0x00000236f5694800 nmethod 20524 0x00000236df2dd590 code [0x00000236df2dd740, 0x00000236df2dd8b8]
Event: 2046.418 Thread 0x00000236f5694800 20525       2       org.gradle.internal.snapshot.AbstractIncompleteSnapshotWithChildren$1$$Lambda$938/0x0000000100cd1040::<init> (15 bytes)
Event: 2046.418 Thread 0x00000236f5694800 nmethod 20525 0x00000236df2e9190 code [0x00000236df2e9340, 0x00000236df2e9498]
Event: 2046.423 Thread 0x00000236f5694800 20526       2       com.android.tools.r8.s.a.a.b.k::<init> (5 bytes)
Event: 2046.423 Thread 0x00000236f5694800 nmethod 20526 0x00000236df2f1110 code [0x00000236df2f12c0, 0x00000236df2f13b8]
Event: 2046.423 Thread 0x00000236f5690000 nmethod 20473 0x00000236e6721d90 code [0x00000236e6721f60, 0x00000236e6722318]
Event: 2046.423 Thread 0x00000236f5690000 20470       4       java.util.HashMap::putMapEntries (154 bytes)
Event: 2046.424 Thread 0x00000236f5694800 20528       2       com.android.tools.r8.s.a.a.b.v0$a::a (6 bytes)
Event: 2046.424 Thread 0x00000236f5694800 nmethod 20528 0x00000236df2f4510 code [0x00000236df2f46c0, 0x00000236df2f47e8]
Event: 2046.424 Thread 0x00000236f5694800 20529       2       com.android.tools.r8.s.a.a.b.v0$a::c (8 bytes)
Event: 2046.425 Thread 0x00000236f5694800 nmethod 20529 0x00000236df2f9610 code [0x00000236df2f97e0, 0x00000236df2f9ad8]
Event: 2046.425 Thread 0x00000236f5694800 20530       2       java.lang.Integer::toString (8 bytes)
Event: 2046.425 Thread 0x00000236f5694800 nmethod 20530 0x00000236df30a910 code [0x00000236df30aac0, 0x00000236df30abc8]
Event: 2046.429 Thread 0x00000236f5694800 20531       2       com.android.tools.r8.s.a.a.b.K$b::hasNext (35 bytes)

GC Heap History (20 events):
Event: 2040.135 GC heap before
{Heap before GC invocations=90 (full 0):
 garbage-first heap   total 206848K, used 170443K [0x0000000080000000, 0x0000000100000000)
  region size 1024K, 36 young (36864K), 1 survivors (1024K)
 Metaspace       used 118777K, capacity 121762K, committed 122316K, reserved 1157120K
  class space    used 14395K, capacity 15386K, committed 15564K, reserved 1048576K
}
Event: 2040.141 GC heap after
{Heap after GC invocations=91 (full 0):
 garbage-first heap   total 206848K, used 137951K [0x0000000080000000, 0x0000000100000000)
  region size 1024K, 4 young (4096K), 4 survivors (4096K)
 Metaspace       used 118777K, capacity 121762K, committed 122316K, reserved 1157120K
  class space    used 14395K, capacity 15386K, committed 15564K, reserved 1048576K
}
Event: 2040.827 GC heap before
{Heap before GC invocations=91 (full 0):
 garbage-first heap   total 206848K, used 171743K [0x0000000080000000, 0x0000000100000000)
  region size 1024K, 38 young (38912K), 4 survivors (4096K)
 Metaspace       used 119886K, capacity 122932K, committed 123212K, reserved 1157120K
  class space    used 14525K, capacity 15550K, committed 15692K, reserved 1048576K
}
Event: 2040.833 GC heap after
{Heap after GC invocations=92 (full 0):
 garbage-first heap   total 206848K, used 139996K [0x0000000080000000, 0x0000000100000000)
  region size 1024K, 5 young (5120K), 5 survivors (5120K)
 Metaspace       used 119886K, capacity 122932K, committed 123212K, reserved 1157120K
  class space    used 14525K, capacity 15550K, committed 15692K, reserved 1048576K
}
Event: 2041.382 GC heap before
{Heap before GC invocations=92 (full 0):
 garbage-first heap   total 206848K, used 173788K [0x0000000080000000, 0x0000000100000000)
  region size 1024K, 39 young (39936K), 5 survivors (5120K)
 Metaspace       used 120274K, capacity 123302K, committed 123468K, reserved 1157120K
  class space    used 14540K, capacity 15586K, committed 15692K, reserved 1048576K
}
Event: 2041.390 GC heap after
{Heap after GC invocations=93 (full 0):
 garbage-first heap   total 206848K, used 142832K [0x0000000080000000, 0x0000000100000000)
  region size 1024K, 5 young (5120K), 5 survivors (5120K)
 Metaspace       used 120274K, capacity 123302K, committed 123468K, reserved 1157120K
  class space    used 14540K, capacity 15586K, committed 15692K, reserved 1048576K
}
Event: 2041.996 GC heap before
{Heap before GC invocations=93 (full 0):
 garbage-first heap   total 206848K, used 174576K [0x0000000080000000, 0x0000000100000000)
  region size 1024K, 37 young (37888K), 5 survivors (5120K)
 Metaspace       used 120424K, capacity 123521K, committed 123724K, reserved 1157120K
  class space    used 14555K, capacity 15598K, committed 15692K, reserved 1048576K
}
Event: 2042.019 GC heap after
{Heap after GC invocations=94 (full 0):
 garbage-first heap   total 206848K, used 146219K [0x0000000080000000, 0x0000000100000000)
  region size 1024K, 4 young (4096K), 4 survivors (4096K)
 Metaspace       used 120424K, capacity 123521K, committed 123724K, reserved 1157120K
  class space    used 14555K, capacity 15598K, committed 15692K, reserved 1048576K
}
Event: 2042.618 GC heap before
{Heap before GC invocations=95 (full 0):
 garbage-first heap   total 206848K, used 163627K [0x0000000080000000, 0x0000000100000000)
  region size 1024K, 33 young (33792K), 4 survivors (4096K)
 Metaspace       used 120479K, capacity 123527K, committed 123724K, reserved 1157120K
  class space    used 14555K, capacity 15599K, committed 15692K, reserved 1048576K
}
Event: 2042.627 GC heap after
{Heap after GC invocations=96 (full 0):
 garbage-first heap   total 248832K, used 138061K [0x0000000080000000, 0x0000000100000000)
  region size 1024K, 4 young (4096K), 4 survivors (4096K)
 Metaspace       used 120479K, capacity 123527K, committed 123724K, reserved 1157120K
  class space    used 14555K, capacity 15599K, committed 15692K, reserved 1048576K
}
Event: 2042.728 GC heap before
{Heap before GC invocations=96 (full 0):
 garbage-first heap   total 248832K, used 145229K [0x0000000080000000, 0x0000000100000000)
  region size 1024K, 12 young (12288K), 4 survivors (4096K)
 Metaspace       used 120483K, capacity 123527K, committed 123724K, reserved 1157120K
  class space    used 14555K, capacity 15599K, committed 15692K, reserved 1048576K
}
Event: 2042.735 GC heap after
{Heap after GC invocations=97 (full 0):
 garbage-first heap   total 248832K, used 118571K [0x0000000080000000, 0x0000000100000000)
  region size 1024K, 1 young (1024K), 1 survivors (1024K)
 Metaspace       used 120483K, capacity 123527K, committed 123724K, reserved 1157120K
  class space    used 14555K, capacity 15599K, committed 15692K, reserved 1048576K
}
Event: 2043.910 GC heap before
{Heap before GC invocations=97 (full 0):
 garbage-first heap   total 248832K, used 175915K [0x0000000080000000, 0x0000000100000000)
  region size 1024K, 58 young (59392K), 1 survivors (1024K)
 Metaspace       used 120832K, capacity 123886K, committed 123980K, reserved 1157120K
  class space    used 14607K, capacity 15653K, committed 15692K, reserved 1048576K
}
Event: 2043.923 GC heap after
{Heap after GC invocations=98 (full 0):
 garbage-first heap   total 248832K, used 122253K [0x0000000080000000, 0x0000000100000000)
  region size 1024K, 5 young (5120K), 5 survivors (5120K)
 Metaspace       used 120832K, capacity 123886K, committed 123980K, reserved 1157120K
  class space    used 14607K, capacity 15653K, committed 15692K, reserved 1048576K
}
Event: 2044.274 GC heap before
{Heap before GC invocations=98 (full 0):
 garbage-first heap   total 248832K, used 180621K [0x0000000080000000, 0x0000000100000000)
  region size 1024K, 63 young (64512K), 5 survivors (5120K)
 Metaspace       used 120943K, capacity 123972K, committed 124236K, reserved 1157120K
  class space    used 14610K, capacity 15659K, committed 15692K, reserved 1048576K
}
Event: 2044.281 GC heap after
{Heap after GC invocations=99 (full 0):
 garbage-first heap   total 248832K, used 124250K [0x0000000080000000, 0x0000000100000000)
  region size 1024K, 6 young (6144K), 6 survivors (6144K)
 Metaspace       used 120943K, capacity 123972K, committed 124236K, reserved 1157120K
  class space    used 14610K, capacity 15659K, committed 15692K, reserved 1048576K
}
Event: 2045.748 GC heap before
{Heap before GC invocations=99 (full 0):
 garbage-first heap   total 248832K, used 186714K [0x0000000080000000, 0x0000000100000000)
  region size 1024K, 67 young (68608K), 6 survivors (6144K)
 Metaspace       used 121544K, capacity 124698K, committed 124876K, reserved 1159168K
  class space    used 14678K, capacity 15758K, committed 15820K, reserved 1048576K
}
Event: 2045.756 GC heap after
{Heap after GC invocations=100 (full 0):
 garbage-first heap   total 248832K, used 123537K [0x0000000080000000, 0x0000000100000000)
  region size 1024K, 4 young (4096K), 4 survivors (4096K)
 Metaspace       used 121544K, capacity 124698K, committed 124876K, reserved 1159168K
  class space    used 14678K, capacity 15758K, committed 15820K, reserved 1048576K
}
Event: 2046.380 GC heap before
{Heap before GC invocations=100 (full 0):
 garbage-first heap   total 248832K, used 193169K [0x0000000080000000, 0x0000000100000000)
  region size 1024K, 74 young (75776K), 4 survivors (4096K)
 Metaspace       used 121997K, capacity 125177K, committed 125516K, reserved 1159168K
  class space    used 14743K, capacity 15849K, committed 15948K, reserved 1048576K
}
Event: 2046.385 GC heap after
{Heap after GC invocations=101 (full 0):
 garbage-first heap   total 248832K, used 128123K [0x0000000080000000, 0x0000000100000000)
  region size 1024K, 8 young (8192K), 8 survivors (8192K)
 Metaspace       used 121997K, capacity 125177K, committed 125516K, reserved 1159168K
  class space    used 14743K, capacity 15849K, committed 15948K, reserved 1048576K
}

Deoptimization events (20 events):
Event: 2045.893 Thread 0x00000236f85d0800 DEOPT PACKING pc=0x00000236e641f49c sp=0x000000395d8f81b0
Event: 2045.893 Thread 0x00000236f85d0800 DEOPT UNPACKING pc=0x00000236de5674af sp=0x000000395d8f8108 mode 2
Event: 2045.893 Thread 0x00000236f85d0800 Uncommon trap: trap_request=0xffffffde fr.pc=0x00000236e641f49c relative=0x00000000000018bc
Event: 2045.893 Thread 0x00000236f85d0800 Uncommon trap: reason=class_check action=maybe_recompile pc=0x00000236e641f49c method=java.io.BufferedOutputStream.write([BII)V @ 20 c2
Event: 2045.893 Thread 0x00000236f85d0800 DEOPT PACKING pc=0x00000236e641f49c sp=0x000000395d8f81b0
Event: 2045.893 Thread 0x00000236f85d0800 DEOPT UNPACKING pc=0x00000236de5674af sp=0x000000395d8f8108 mode 2
Event: 2045.893 Thread 0x00000236f85d0800 Uncommon trap: trap_request=0xffffffde fr.pc=0x00000236e641f49c relative=0x00000000000018bc
Event: 2045.893 Thread 0x00000236f85d0800 Uncommon trap: reason=class_check action=maybe_recompile pc=0x00000236e641f49c method=java.io.BufferedOutputStream.write([BII)V @ 20 c2
Event: 2045.893 Thread 0x00000236f85d0800 DEOPT PACKING pc=0x00000236e641f49c sp=0x000000395d8f81b0
Event: 2045.893 Thread 0x00000236f85d0800 DEOPT UNPACKING pc=0x00000236de5674af sp=0x000000395d8f8108 mode 2
Event: 2045.894 Thread 0x00000236f85d0800 Uncommon trap: trap_request=0xffffffde fr.pc=0x00000236e641f49c relative=0x00000000000018bc
Event: 2045.894 Thread 0x00000236f85d0800 Uncommon trap: reason=class_check action=maybe_recompile pc=0x00000236e641f49c method=java.io.BufferedOutputStream.write([BII)V @ 20 c2
Event: 2045.894 Thread 0x00000236f85d0800 DEOPT PACKING pc=0x00000236e641f49c sp=0x000000395d8f81b0
Event: 2045.894 Thread 0x00000236f85d0800 DEOPT UNPACKING pc=0x00000236de5674af sp=0x000000395d8f8108 mode 2
Event: 2046.005 Thread 0x00000236f85cc800 Uncommon trap: trap_request=0xffffffde fr.pc=0x00000236e6ba21a8 relative=0x0000000000002148
Event: 2046.005 Thread 0x00000236f85cc800 Uncommon trap: reason=class_check action=maybe_recompile pc=0x00000236e6ba21a8 method=org.gradle.internal.snapshot.SnapshotUtil$2.handleDescendant()Lorg/gradle/internal/snapshot/FileSystemNode; @ 12 c2
Event: 2046.005 Thread 0x00000236f85cc800 DEOPT PACKING pc=0x00000236e6ba21a8 sp=0x000000395dbfbbb0
Event: 2046.005 Thread 0x00000236f85cc800 DEOPT UNPACKING pc=0x00000236de5674af sp=0x000000395dbfb7a0 mode 2
Event: 2046.258 Thread 0x00000236f7f03800 DEOPT PACKING pc=0x00000236e0e20201 sp=0x00000039566fe9e0
Event: 2046.258 Thread 0x00000236f7f03800 DEOPT UNPACKING pc=0x00000236de5672ce sp=0x00000039566fde98 mode 0

Classes redefined (0 events):
No events

Internal exceptions (20 events):
Event: 2045.836 Thread 0x00000236fa22b000 Exception <a 'sun/nio/fs/WindowsException'{0x000000008ec15d20}> (0x000000008ec15d20) thrown at [./src/hotspot/share/prims/jni.cpp, line 615]
Event: 2045.837 Thread 0x00000236fbae3000 Exception <a 'sun/nio/fs/WindowsException'{0x000000008ec41b60}> (0x000000008ec41b60) thrown at [./src/hotspot/share/prims/jni.cpp, line 615]
Event: 2045.839 Thread 0x00000236fbae8800 Exception <a 'sun/nio/fs/WindowsException'{0x000000008eaaccd0}> (0x000000008eaaccd0) thrown at [./src/hotspot/share/prims/jni.cpp, line 615]
Event: 2045.839 Thread 0x00000236fbae7000 Exception <a 'sun/nio/fs/WindowsException'{0x000000008ec30798}> (0x000000008ec30798) thrown at [./src/hotspot/share/prims/jni.cpp, line 615]
Event: 2045.840 Thread 0x00000236fbae4800 Exception <a 'sun/nio/fs/WindowsException'{0x000000008ed56068}> (0x000000008ed56068) thrown at [./src/hotspot/share/prims/jni.cpp, line 615]
Event: 2045.848 Thread 0x00000236fbae3000 Exception <a 'sun/nio/fs/WindowsException'{0x000000008e811360}> (0x000000008e811360) thrown at [./src/hotspot/share/prims/jni.cpp, line 615]
Event: 2045.866 Thread 0x00000236fa231800 Exception <a 'sun/nio/fs/WindowsException'{0x000000008e723368}> (0x000000008e723368) thrown at [./src/hotspot/share/prims/jni.cpp, line 615]
Event: 2045.874 Thread 0x00000236fa22b000 Exception <a 'sun/nio/fs/WindowsException'{0x000000008e8b7df0}> (0x000000008e8b7df0) thrown at [./src/hotspot/share/prims/jni.cpp, line 615]
Event: 2045.878 Thread 0x00000236fbae4800 Exception <a 'sun/nio/fs/WindowsException'{0x000000008e4d22e8}> (0x000000008e4d22e8) thrown at [./src/hotspot/share/prims/jni.cpp, line 615]
Event: 2045.880 Thread 0x00000236fa230800 Exception <a 'sun/nio/fs/WindowsException'{0x000000008e4d1d98}> (0x000000008e4d1d98) thrown at [./src/hotspot/share/prims/jni.cpp, line 615]
Event: 2045.881 Thread 0x00000236fbae5800 Exception <a 'sun/nio/fs/WindowsException'{0x000000008e4b0de0}> (0x000000008e4b0de0) thrown at [./src/hotspot/share/prims/jni.cpp, line 615]
Event: 2045.884 Thread 0x00000236f85d0800 Exception <a 'sun/nio/fs/WindowsException'{0x000000008e4f3530}> (0x000000008e4f3530) thrown at [./src/hotspot/share/prims/jni.cpp, line 615]
Event: 2045.914 Thread 0x00000236fa230800 Exception <a 'sun/nio/fs/WindowsException'{0x000000008e2aab60}> (0x000000008e2aab60) thrown at [./src/hotspot/share/prims/jni.cpp, line 615]
Event: 2045.970 Thread 0x00000236f85d0800 Exception <a 'sun/nio/fs/WindowsException'{0x000000008da4c3f8}> (0x000000008da4c3f8) thrown at [./src/hotspot/share/prims/jni.cpp, line 615]
Event: 2046.203 Thread 0x00000236f85cc800 Exception <a 'java/lang/NoSuchMethodError'{0x000000008c1430d8}: 'int java.lang.invoke.DirectMethodHandle$Holder.invokeSpecial(java.lang.Object, java.lang.Object, java.lang.Object, java.lang.Object, java.lang.Object)'> (0x000000008c1430d8) thrown at [./src/hotspot/share/interpreter/linkResolver.cpp, line 773]
Event: 2046.401 Thread 0x00000236fbae7000 Exception <a 'sun/nio/fs/WindowsException'{0x000000008ebec1e0}> (0x000000008ebec1e0) thrown at [./src/hotspot/share/prims/jni.cpp, line 615]
Event: 2046.402 Thread 0x00000236fbae3000 Exception <a 'sun/nio/fs/WindowsException'{0x000000008f20b380}> (0x000000008f20b380) thrown at [./src/hotspot/share/prims/jni.cpp, line 615]
Event: 2046.403 Thread 0x00000236fa22b000 Exception <a 'sun/nio/fs/WindowsException'{0x000000008e689c98}> (0x000000008e689c98) thrown at [./src/hotspot/share/prims/jni.cpp, line 615]
Event: 2046.409 Thread 0x00000236fbae4800 Exception <a 'java/lang/OutOfMemoryError'{0x000000008e22a1b0}> (0x000000008e22a1b0) thrown at [./src/hotspot/share/prims/jni.cpp, line 636]
Event: 2046.427 Thread 0x00000236fbae4800 Exception <a 'sun/nio/fs/WindowsException'{0x000000008da1b8e0}> (0x000000008da1b8e0) thrown at [./src/hotspot/share/prims/jni.cpp, line 615]

Events (20 events):
Event: 2046.411 loading class org/gradle/internal/Try
Event: 2046.411 loading class org/gradle/internal/Try done
Event: 2046.411 loading class org/gradle/internal/execution/Result
Event: 2046.411 loading class org/gradle/internal/execution/Result done
Event: 2046.413 loading class com/android/tools/r8/utils/e$b$a
Event: 2046.413 loading class com/android/tools/r8/utils/e$b$a done
Event: 2046.413 loading class com/android/tools/r8/DataResourceProvider
Event: 2046.413 loading class com/android/tools/r8/DataResourceProvider done
Event: 2046.414 loading class com/google/common/util/concurrent/MoreExecutors$DirectExecutorService
Event: 2046.414 loading class com/google/common/util/concurrent/MoreExecutors$DirectExecutorService done
Event: 2046.417 loading class com/google/common/util/concurrent/AbstractListeningExecutorService
Event: 2046.417 loading class com/google/common/util/concurrent/AbstractListeningExecutorService done
Event: 2046.419 loading class java/util/concurrent/RejectedExecutionException
Event: 2046.420 loading class java/util/concurrent/RejectedExecutionException done
Event: 2046.420 loading class com/android/tools/r8/D8
Event: 2046.420 loading class com/android/tools/r8/D8 done
Event: 2046.423 loading class com/android/tools/r8/origin/a
Event: 2046.423 loading class com/android/tools/r8/origin/a done
Event: 2046.424 loading class com/android/tools/r8/utils/t
Event: 2046.424 loading class com/android/tools/r8/utils/t done


Dynamic libraries:
0x00007ff6936c0000 - 0x00007ff6936ca000 	C:\Program Files\Android\Android Studio\jre\bin\java.exe
0x00007ffbc3fd0000 - 0x00007ffbc41c5000 	C:\WINDOWS\SYSTEM32\ntdll.dll
0x00007ffbc3dd0000 - 0x00007ffbc3e8e000 	C:\WINDOWS\System32\KERNEL32.DLL
0x00007ffbc18f0000 - 0x00007ffbc1bb9000 	C:\WINDOWS\System32\KERNELBASE.dll
0x00007ffbc1c70000 - 0x00007ffbc1d70000 	C:\WINDOWS\System32\ucrtbase.dll
0x00007ffbb0970000 - 0x00007ffbb0987000 	C:\Program Files\Android\Android Studio\jre\bin\VCRUNTIME140.dll
0x00007ffbbc430000 - 0x00007ffbbc449000 	C:\Program Files\Android\Android Studio\jre\bin\jli.dll
0x00007ffbc2d80000 - 0x00007ffbc2f21000 	C:\WINDOWS\System32\USER32.dll
0x00007ffbb35d0000 - 0x00007ffbb386a000 	C:\WINDOWS\WinSxS\amd64_microsoft.windows.common-controls_6595b64144ccf1df_6.0.19041.1110_none_60b5254171f9507e\COMCTL32.dll
0x00007ffbc1bc0000 - 0x00007ffbc1be2000 	C:\WINDOWS\System32\win32u.dll
0x00007ffbc3e90000 - 0x00007ffbc3f2e000 	C:\WINDOWS\System32\msvcrt.dll
0x00007ffbc20d0000 - 0x00007ffbc20fb000 	C:\WINDOWS\System32\GDI32.dll
0x00007ffbc1eb0000 - 0x00007ffbc1fbb000 	C:\WINDOWS\System32\gdi32full.dll
0x00007ffbc1850000 - 0x00007ffbc18ed000 	C:\WINDOWS\System32\msvcp_win.dll
0x00007ffbc2990000 - 0x00007ffbc29c0000 	C:\WINDOWS\System32\IMM32.DLL
0x00007ffba8d10000 - 0x00007ffba8dad000 	C:\Program Files\Android\Android Studio\jre\bin\msvcp140.dll
0x00007ffb80290000 - 0x00007ffb80d4c000 	C:\Program Files\Android\Android Studio\jre\bin\server\jvm.dll
0x00007ffbc2ca0000 - 0x00007ffbc2d4c000 	C:\WINDOWS\System32\ADVAPI32.dll
0x00007ffbc3bc0000 - 0x00007ffbc3c5b000 	C:\WINDOWS\System32\sechost.dll
0x00007ffbc29c0000 - 0x00007ffbc2aea000 	C:\WINDOWS\System32\RPCRT4.dll
0x00007ffbc2d60000 - 0x00007ffbc2d68000 	C:\WINDOWS\System32\PSAPI.DLL
0x00007ffbbd1c0000 - 0x00007ffbbd1c9000 	C:\WINDOWS\SYSTEM32\WSOCK32.dll
0x00007ffbb6b50000 - 0x00007ffbb6b77000 	C:\WINDOWS\SYSTEM32\WINMM.dll
0x00007ffbb6bd0000 - 0x00007ffbb6bda000 	C:\WINDOWS\SYSTEM32\VERSION.dll
0x00007ffbc2560000 - 0x00007ffbc25cb000 	C:\WINDOWS\System32\WS2_32.dll
0x00007ffbbf5f0000 - 0x00007ffbbf602000 	C:\WINDOWS\SYSTEM32\kernel.appcore.dll
0x00007ffbbd1a0000 - 0x00007ffbbd1b1000 	C:\Program Files\Android\Android Studio\jre\bin\verify.dll
0x00007ffbbb600000 - 0x00007ffbbb7e4000 	C:\WINDOWS\SYSTEM32\DBGHELP.DLL
0x00007ffbb9d50000 - 0x00007ffbb9d7c000 	C:\WINDOWS\SYSTEM32\dbgcore.DLL
0x00007ffbc1d70000 - 0x00007ffbc1df3000 	C:\WINDOWS\System32\bcryptPrimitives.dll
0x00007ffbb15c0000 - 0x00007ffbb15e9000 	C:\Program Files\Android\Android Studio\jre\bin\java.dll
0x00007ffbbcb90000 - 0x00007ffbbcb9b000 	C:\Program Files\Android\Android Studio\jre\bin\jimage.dll
0x00007ffbb1f90000 - 0x00007ffbb1fa8000 	C:\Program Files\Android\Android Studio\jre\bin\zip.dll
0x00007ffbc2f30000 - 0x00007ffbc366f000 	C:\WINDOWS\System32\SHELL32.dll
0x00007ffbbf7f0000 - 0x00007ffbbff80000 	C:\WINDOWS\SYSTEM32\windows.storage.dll
0x00007ffbc2630000 - 0x00007ffbc2985000 	C:\WINDOWS\System32\combase.dll
0x00007ffbc1070000 - 0x00007ffbc109c000 	C:\WINDOWS\SYSTEM32\Wldp.dll
0x00007ffbc2020000 - 0x00007ffbc20ce000 	C:\WINDOWS\System32\SHCORE.dll
0x00007ffbc25d0000 - 0x00007ffbc2625000 	C:\WINDOWS\System32\shlwapi.dll
0x00007ffbc1630000 - 0x00007ffbc164f000 	C:\WINDOWS\SYSTEM32\profapi.dll
0x00007ffbb1c20000 - 0x00007ffbb1c3a000 	C:\Program Files\Android\Android Studio\jre\bin\net.dll
0x00007ffbb7f30000 - 0x00007ffbb8038000 	C:\WINDOWS\SYSTEM32\WINHTTP.dll
0x00007ffbc0dd0000 - 0x00007ffbc0e3a000 	C:\WINDOWS\system32\mswsock.dll
0x00007ffbb0fc0000 - 0x00007ffbb0fd4000 	C:\Program Files\Android\Android Studio\jre\bin\nio.dll
0x00007ffbaa360000 - 0x00007ffbaa387000 	C:\Users\acer\.gradle\native\fdc75f09e3144964f2cf3f50f0aa648679c211496f362492102eb8c894070792\windows-amd64\native-platform.dll
0x00007ffb92b30000 - 0x00007ffb92cc6000 	C:\Users\acer\.gradle\native\12488b8bf47d2d4c9fbf2f6322a914ad602e24e48041cd04a747c6da556b65c4\windows-amd64\native-platform-file-events.dll
0x00007ffbbcb80000 - 0x00007ffbbcb8a000 	C:\Program Files\Android\Android Studio\jre\bin\management.dll
0x00007ffbbb9c0000 - 0x00007ffbbb9cc000 	C:\Program Files\Android\Android Studio\jre\bin\management_ext.dll
0x00007ffbc0fc0000 - 0x00007ffbc0fd8000 	C:\WINDOWS\SYSTEM32\CRYPTSP.dll
0x00007ffbc0750000 - 0x00007ffbc0784000 	C:\WINDOWS\system32\rsaenh.dll
0x00007ffbc1bf0000 - 0x00007ffbc1c17000 	C:\WINDOWS\System32\bcrypt.dll
0x00007ffbc15f0000 - 0x00007ffbc161e000 	C:\WINDOWS\SYSTEM32\USERENV.dll
0x00007ffbc0fe0000 - 0x00007ffbc0fec000 	C:\WINDOWS\SYSTEM32\CRYPTBASE.dll
0x00007ffbc0ac0000 - 0x00007ffbc0afb000 	C:\WINDOWS\SYSTEM32\IPHLPAPI.DLL
0x00007ffbc2d70000 - 0x00007ffbc2d78000 	C:\WINDOWS\System32\NSI.dll
0x00007ffbba530000 - 0x00007ffbba547000 	C:\WINDOWS\SYSTEM32\dhcpcsvc6.DLL
0x00007ffbba950000 - 0x00007ffbba96d000 	C:\WINDOWS\SYSTEM32\dhcpcsvc.DLL
0x00007ffbc0b00000 - 0x00007ffbc0bcc000 	C:\WINDOWS\SYSTEM32\DNSAPI.dll
0x00007ffbbae30000 - 0x00007ffbbae3b000 	C:\WINDOWS\SYSTEM32\WINNSI.DLL
0x00007ffbb0f90000 - 0x00007ffbb0fb7000 	C:\Program Files\Android\Android Studio\jre\bin\sunec.dll
0x00007ffbb7e70000 - 0x00007ffbb7e7a000 	C:\Windows\System32\rasadhlp.dll
0x00007ffbb7eb0000 - 0x00007ffbb7f2f000 	C:\WINDOWS\System32\fwpuclnt.dll
0x00007ffbbf030000 - 0x00007ffbbf0c0000 	C:\WINDOWS\system32\apphelp.dll

dbghelp: loaded successfully - version: 4.0.5 - missing functions: none
symbol engine: initialized successfully - sym options: 0x614 - pdb path: .;C:\Program Files\Android\Android Studio\jre\bin;C:\WINDOWS\SYSTEM32;C:\WINDOWS\WinSxS\amd64_microsoft.windows.common-controls_6595b64144ccf1df_6.0.19041.1110_none_60b5254171f9507e;C:\Program Files\Android\Android Studio\jre\bin\server;C:\Users\acer\.gradle\native\fdc75f09e3144964f2cf3f50f0aa648679c211496f362492102eb8c894070792\windows-amd64;C:\Users\acer\.gradle\native\12488b8bf47d2d4c9fbf2f6322a914ad602e24e48041cd04a747c6da556b65c4\windows-amd64

VM Arguments:
jvm_args: --add-opens=java.base/java.util=ALL-UNNAMED --add-opens=java.base/java.lang=ALL-UNNAMED --add-opens=java.base/java.lang.invoke=ALL-UNNAMED --add-opens=java.prefs/java.util.prefs=ALL-UNNAMED -Xmx2048m -Dfile.encoding=UTF-8 -Duser.country=US -Duser.language=en -Duser.variant 
java_command: org.gradle.launcher.daemon.bootstrap.GradleDaemon 6.7.1
java_class_path (initial): C:\Users\acer\.gradle\wrapper\dists\gradle-6.7.1-bin\bwlcbys1h7rz3272sye1xwiv6\gradle-6.7.1\lib\gradle-launcher-6.7.1.jar
Launcher Type: SUN_STANDARD

[Global flags]
     intx CICompilerCount                          = 4                                         {product} {ergonomic}
     uint ConcGCThreads                            = 2                                         {product} {ergonomic}
     uint G1ConcRefinementThreads                  = 8                                         {product} {ergonomic}
   size_t G1HeapRegionSize                         = 1048576                                   {product} {ergonomic}
    uintx GCDrainStackTargetSize                   = 64                                        {product} {ergonomic}
   size_t InitialHeapSize                          = 100663296                                 {product} {ergonomic}
   size_t MarkStackSize                            = 4194304                                   {product} {ergonomic}
   size_t MaxHeapSize                              = 2147483648                                {product} {command line}
   size_t MaxNewSize                               = 1287651328                                {product} {ergonomic}
   size_t MinHeapDeltaBytes                        = 1048576                                   {product} {ergonomic}
    uintx NonNMethodCodeHeapSize                   = 5836300                                {pd product} {ergonomic}
    uintx NonProfiledCodeHeapSize                  = 122910970                              {pd product} {ergonomic}
    uintx ProfiledCodeHeapSize                     = 122910970                              {pd product} {ergonomic}
    uintx ReservedCodeCacheSize                    = 251658240                              {pd product} {ergonomic}
     bool SegmentedCodeCache                       = true                                      {product} {ergonomic}
     bool UseCompressedClassPointers               = true                                 {lp64_product} {ergonomic}
     bool UseCompressedOops                        = true                                 {lp64_product} {ergonomic}
     bool UseG1GC                                  = true                                      {product} {ergonomic}
     bool UseLargePagesIndividualAllocation        = false                                  {pd product} {ergonomic}

Logging:
Log output configuration:
 #0: stdout all=warning uptime,level,tags
 #1: stderr all=off uptime,level,tags

Environment Variables:
PATH=C:\Program Files (x86)\Common Files\Oracle\Java\javapath;C:\WINDOWS\system32;C:\WINDOWS;C:\WINDOWS\System32\Wbem;C:\WINDOWS\System32\WindowsPowerShell\v1.0\;C:\WINDOWS\System32\OpenSSH\;D:\Nodejs\;C:\Program Files\Git\cmd;D:\Xampp\php;C:\ProgramData\ComposerSetup\bin;C:\Users\acer\AppData\Local\Microsoft\WindowsApps;C:\Users\acer\AppData\Local\Programs\Microsoft VS Code\bin;C:\Users\acer\AppData\Roaming\npm;C:\Users\acer\AppData\Roaming\Composer\vendor\bin;C:\Users\acer\AppData\Local\GitHubDesktop\bin
USERNAME=acer
OS=Windows_NT
PROCESSOR_IDENTIFIER=AMD64 Family 23 Model 24 Stepping 1, AuthenticAMD



---------------  S Y S T E M  ---------------

OS: Windows 10 , 64 bit Build 19041 (10.0.19041.1200)
OS uptime: 20 days 17:06 hours

CPU:total 8 (initial active 8) (8 cores per cpu, 2 threads per core) family 23 model 24 stepping 1, cmov, cx8, fxsr, mmx, sse, sse2, sse3, ssse3, sse4.1, sse4.2, popcnt, avx, avx2, aes, clmul, mmxext, 3dnowpref, lzcnt, sse4a, ht, tsc, tscinvbit, tscinv, bmi1, bmi2, adx, sha, fma

Memory: 4k page, system-wide physical 6082M (316M free)
TotalPageFile size 14082M (AvailPageFile size 0M)
current process WorkingSet (physical memory assigned to process): 444M, peak: 470M
current process commit charge ("private bytes"): 643M, peak: 643M

vm_info: OpenJDK 64-Bit Server VM (11.0.8+10-b944.6842174) for windows-amd64 JRE (11.0.8+10-b944.6842174), built on Sep 19 2020 01:11:42 by "builder" with MS VC++ 14.0 (VS2015)

END.
