#
# There is insufficient memory for the Java Runtime Environment to continue.
# Native memory allocation (mmap) failed to map 89128960 bytes for Failed to commit area from 0x000000008ca00000 to 0x0000000091f00000 of length 89128960.
# Possible reasons:
#   The system is out of physical RAM or swap space
#   The process is running with CompressedOops enabled, and the Java Heap may be blocking the growth of the native heap
# Possible solutions:
#   Reduce memory load on the system
#   Increase physical memory or swap space
#   Check if swap backing store is full
#   Decrease Java heap size (-Xmx/-Xms)
#   Decrease number of Java threads
#   Decrease Java thread stack sizes (-Xss)
#   Set larger code cache with -XX:ReservedCodeCacheSize=
#   JVM is running with Unscaled Compressed Oops mode in which the Java heap is
#     placed in the first 4GB address space. The Java Heap base address is the
#     maximum limit for the native heap growth. Please use -XX:HeapBaseMinAddress
#     to set the Java Heap base and to place the Java Heap above 4GB virtual address.
# This output file may be truncated or incomplete.
#
#  Out of Memory Error (./src/hotspot/os/windows/os_windows.cpp:3303), pid=9296, tid=7812
#
# JRE version: OpenJDK Runtime Environment (11.0.8+10) (build 11.0.8+10-b944.6842174)
# Java VM: OpenJDK 64-Bit Server VM (11.0.8+10-b944.6842174, mixed mode, tiered, compressed oops, g1 gc, windows-amd64)
# No core dump will be written. Minidumps are not enabled by default on client versions of Windows
#

---------------  S U M M A R Y ------------

Command Line: --add-opens=java.base/java.util=ALL-UNNAMED --add-opens=java.base/java.lang=ALL-UNNAMED --add-opens=java.base/java.lang.invoke=ALL-UNNAMED --add-opens=java.prefs/java.util.prefs=ALL-UNNAMED -Xmx2048m -Dfile.encoding=UTF-8 -Duser.country=US -Duser.language=en -Duser.variant org.gradle.launcher.daemon.bootstrap.GradleDaemon 6.7.1

Host: AMD Ryzen 5 3550H with Radeon Vega Mobile Gfx  , 8 cores, 5G,  Windows 10 , 64 bit Build 19041 (10.0.19041.1200)
Time: Wed Sep 15 14:29:17 2021 SE Asia Standard Time elapsed time: 12 seconds (0d 0h 0m 12s)

---------------  T H R E A D  ---------------

Current thread (0x0000015d40b3d000):  VMThread "VM Thread" [stack: 0x000000402ac00000,0x000000402ad00000] [id=7812]

Stack: [0x000000402ac00000,0x000000402ad00000]
[error occurred during error reporting (printing stack bounds), id 0xc0000005, EXCEPTION_ACCESS_VIOLATION (0xc0000005) at pc=0x0000015d29a30dad]

Native frames: (J=compiled Java code, j=interpreted, Vv=VM code, C=native code)
V  [jvm.dll+0x5de50a]
V  [jvm.dll+0x7122f5]
V  [jvm.dll+0x71384d]
V  [jvm.dll+0x713e65]
V  [jvm.dll+0x713e1b]
V  [jvm.dll+0x5dd958]
V  [jvm.dll+0x5de0f8]
C  [ntdll.dll+0xa20cf]
C  [ntdll.dll+0x51454]
C  [ntdll.dll+0xa0bfe]
C  0x0000015d29a30dad

VM_Operation (0x000000402d9fa340): G1CollectForAllocation, mode: safepoint, requested by thread 0x0000015d45d48000


---------------  P R O C E S S  ---------------

Threads class SMR info:
_java_thread_list=0x0000015d4837ab10, length=150, elements={
0x0000015d260ad000, 0x0000015d40b43800, 0x0000015d40b45000, 0x0000015d414e3000,
0x0000015d40b60000, 0x0000015d40b61800, 0x0000015d40b67800, 0x0000015d40b6c800,
0x0000015d4160d000, 0x0000015d41632000, 0x0000015d4240f000, 0x0000015d416fc800,
0x0000015d4303a800, 0x0000015d43035800, 0x0000015d4205d800, 0x0000015d434da800,
0x0000015d42b44800, 0x0000015d42f4b800, 0x0000015d43493000, 0x0000015d42d7d000,
0x0000015d43402800, 0x0000015d42b89000, 0x0000015d42b8a000, 0x0000015d42b87800,
0x0000015d42b8a800, 0x0000015d42b8e000, 0x0000015d42b8b800, 0x0000015d42b8c800,
0x0000015d42b88000, 0x0000015d42b8d000, 0x0000015d45d48800, 0x0000015d45d47000,
0x0000015d45d48000, 0x0000015d45d49800, 0x0000015d45d43800, 0x0000015d45d4e800,
0x0000015d45d4d800, 0x0000015d45d4f000, 0x0000015d45d50000, 0x0000015d45d4a000,
0x0000015d45d50800, 0x0000015d45d4b000, 0x0000015d45d51800, 0x0000015d45d4c000,
0x0000015d45d4c800, 0x0000015d45d52800, 0x0000015d45956000, 0x0000015d45952000,
0x0000015d45957000, 0x0000015d45954800, 0x0000015d45951000, 0x0000015d45953000,
0x0000015d45953800, 0x0000015d45958000, 0x0000015d45958800, 0x0000015d45959800,
0x0000015d4595a000, 0x0000015d4595b000, 0x0000015d45955800, 0x0000015d4595c800,
0x0000015d4595e800, 0x0000015d4595d800, 0x0000015d4595c000, 0x0000015d4595f000,
0x0000015d45960000, 0x0000015d45d66000, 0x0000015d45d68800, 0x0000015d45d65800,
0x0000015d45d6c000, 0x0000015d45d67800, 0x0000015d45d67000, 0x0000015d45d6f000,
0x0000015d45d69800, 0x0000015d45d6d800, 0x0000015d45d6c800, 0x0000015d45d6e800,
0x0000015d45d70000, 0x0000015d45d6a000, 0x0000015d45d70800, 0x0000015d45d6b000,
0x0000015d45d73000, 0x0000015d45d71800, 0x0000015d45d72800, 0x0000015d45d74000,
0x0000015d47746000, 0x0000015d47748000, 0x0000015d47747800, 0x0000015d4774a000,
0x0000015d4774b800, 0x0000015d4774a800, 0x0000015d47749000, 0x0000015d4774c800,
0x0000015d47746800, 0x0000015d4774e000, 0x0000015d4774f800, 0x0000015d47750800,
0x0000015d47752000, 0x0000015d47751000, 0x0000015d47753000, 0x0000015d4774e800,
0x0000015d4774d000, 0x0000015d47753800, 0x0000015d47754800, 0x0000015d45e08800,
0x0000015d45e03000, 0x0000015d45e03800, 0x0000015d45e09800, 0x0000015d45e07800,
0x0000015d45e0a000, 0x0000015d45e04800, 0x0000015d45e0b000, 0x0000015d45e05000,
0x0000015d45e0c000, 0x0000015d45e06000, 0x0000015d45e0c800, 0x0000015d45e07000,
0x0000015d45e0d800, 0x0000015d45e0e000, 0x0000015d45e0f000, 0x0000015d45e11800,
0x0000015d45e10000, 0x0000015d45e10800, 0x0000015d45ccd000, 0x0000015d45cd1000,
0x0000015d45cd0800, 0x0000015d45cd2000, 0x0000015d45cce000, 0x0000015d45ccc000,
0x0000015d45cd4800, 0x0000015d45cd3000, 0x0000015d45ccf800, 0x0000015d45cd3800,
0x0000015d45cce800, 0x0000015d45cd8800, 0x0000015d45cd7800, 0x0000015d45cd9800,
0x0000015d45cda000, 0x0000015d45cd5000, 0x0000015d45cdb000, 0x0000015d45cd6000,
0x0000015d45cd7000, 0x0000015d48c03000, 0x0000015d48bff000, 0x0000015d48bff800,
0x0000015d48bfe000, 0x0000015d48c00800, 0x0000015d48bfd000, 0x0000015d48c04000,
0x0000015d48c07000, 0x0000015d48c05800
}

Java Threads: ( => current thread )
  0x0000015d260ad000 JavaThread "main" [_thread_blocked, id=10344, stack(0x000000402a600000,0x000000402a700000)]
  0x0000015d40b43800 JavaThread "Reference Handler" daemon [_thread_blocked, id=2724, stack(0x000000402ad00000,0x000000402ae00000)]
  0x0000015d40b45000 JavaThread "Finalizer" daemon [_thread_blocked, id=8740, stack(0x000000402ae00000,0x000000402af00000)]
  0x0000015d414e3000 JavaThread "Signal Dispatcher" daemon [_thread_blocked, id=3720, stack(0x000000402af00000,0x000000402b000000)]
  0x0000015d40b60000 JavaThread "Attach Listener" daemon [_thread_blocked, id=7856, stack(0x000000402b000000,0x000000402b100000)]
  0x0000015d40b61800 JavaThread "C2 CompilerThread0" daemon [_thread_in_native, id=2792, stack(0x000000402b100000,0x000000402b200000)]
  0x0000015d40b67800 JavaThread "C1 CompilerThread0" daemon [_thread_blocked, id=6272, stack(0x000000402b200000,0x000000402b300000)]
  0x0000015d40b6c800 JavaThread "Sweeper thread" daemon [_thread_blocked, id=6384, stack(0x000000402b300000,0x000000402b400000)]
  0x0000015d4160d000 JavaThread "Common-Cleaner" daemon [_thread_blocked, id=9480, stack(0x000000402b400000,0x000000402b500000)]
  0x0000015d41632000 JavaThread "Service Thread" daemon [_thread_blocked, id=14872, stack(0x000000402b500000,0x000000402b600000)]
  0x0000015d4240f000 JavaThread "Daemon health stats" [_thread_blocked, id=12200, stack(0x000000402b900000,0x000000402ba00000)]
  0x0000015d416fc800 JavaThread "Incoming local TCP Connector on port 51112" [_thread_in_native, id=5868, stack(0x000000402bb00000,0x000000402bc00000)]
  0x0000015d4303a800 JavaThread "Daemon periodic checks" [_thread_blocked, id=9976, stack(0x000000402bc00000,0x000000402bd00000)]
  0x0000015d43035800 JavaThread "Daemon" [_thread_blocked, id=14228, stack(0x000000402bd00000,0x000000402be00000)]
  0x0000015d4205d800 JavaThread "Handler for socket connection from /127.0.0.1:51112 to /127.0.0.1:51113" [_thread_in_native, id=16548, stack(0x000000402be00000,0x000000402bf00000)]
  0x0000015d434da800 JavaThread "C2 CompilerThread1" daemon [_thread_blocked, id=13028, stack(0x000000402bf00000,0x000000402c000000)]
  0x0000015d42b44800 JavaThread "Cancel handler" [_thread_blocked, id=14192, stack(0x000000402c800000,0x000000402c900000)]
  0x0000015d42f4b800 JavaThread "Daemon worker" [_thread_blocked, id=15656, stack(0x000000402c900000,0x000000402ca00000)]
  0x0000015d43493000 JavaThread "Asynchronous log dispatcher for DefaultDaemonConnection: socket connection from /127.0.0.1:51112 to /127.0.0.1:51113" [_thread_blocked, id=12756, stack(0x000000402ca00000,0x000000402cb00000)]
  0x0000015d42d7d000 JavaThread "Stdin handler" [_thread_blocked, id=17068, stack(0x000000402cb00000,0x000000402cc00000)]
  0x0000015d43402800 JavaThread "Thread-8" [_thread_blocked, id=7788, stack(0x000000402cc00000,0x000000402cd00000)]
  0x0000015d42b89000 JavaThread "Cache worker for file hash cache (C:\Users\acer\.gradle\caches\6.7.1\fileHashes)" [_thread_blocked, id=248, stack(0x000000402cd00000,0x000000402ce00000)]
  0x0000015d42b8a000 JavaThread "File lock request listener" [_thread_in_native, id=1332, stack(0x000000402ce00000,0x000000402cf00000)]
  0x0000015d42b87800 JavaThread "Cache worker for journal cache (C:\Users\acer\.gradle\caches\journal-1)" [_thread_blocked, id=2636, stack(0x000000402d000000,0x000000402d100000)]
  0x0000015d42b8a800 JavaThread "Cache worker for file hash cache (D:\Du an truong\DuanPhonestore\.gradle\6.7.1\fileHashes)" [_thread_blocked, id=8272, stack(0x000000402d100000,0x000000402d200000)]
  0x0000015d42b8e000 JavaThread "Cache worker for checksums cache (D:\Du an truong\DuanPhonestore\.gradle\checksums)" [_thread_blocked, id=7144, stack(0x000000402d200000,0x000000402d300000)]
  0x0000015d42b8b800 JavaThread "Cache worker for cache directory md-supplier (C:\Users\acer\.gradle\caches\6.7.1\md-supplier)" [_thread_blocked, id=8916, stack(0x000000402d300000,0x000000402d400000)]
  0x0000015d42b8c800 JavaThread "Cache worker for cache directory md-rule (C:\Users\acer\.gradle\caches\6.7.1\md-rule)" [_thread_blocked, id=13056, stack(0x000000402d400000,0x000000402d500000)]
  0x0000015d42b88000 JavaThread "Cache worker for execution history cache (C:\Users\acer\.gradle\caches\6.7.1\executionHistory)" [_thread_blocked, id=11336, stack(0x000000402d500000,0x000000402d600000)]
  0x0000015d42b8d000 JavaThread "jar transforms" [_thread_blocked, id=11648, stack(0x000000402d600000,0x000000402d700000)]
  0x0000015d45d48800 JavaThread "Cache worker for file content cache (C:\Users\acer\.gradle\caches\6.7.1\fileContent)" [_thread_blocked, id=12228, stack(0x000000402d700000,0x000000402d800000)]
  0x0000015d45d47000 JavaThread "Cache worker for Build Output Cleanup Cache (D:\Du an truong\DuanPhonestore\.gradle\buildOutputCleanup)" [_thread_blocked, id=11584, stack(0x000000402d800000,0x000000402d900000)]
  0x0000015d45d48000 JavaThread "Build operations" [_thread_blocked, id=308, stack(0x000000402d900000,0x000000402da00000)]
  0x0000015d45d49800 JavaThread "Build operations Thread 2" [_thread_blocked, id=4820, stack(0x000000402da00000,0x000000402db00000)]
  0x0000015d45d43800 JavaThread "Build operations Thread 3" [_thread_blocked, id=8348, stack(0x000000402db00000,0x000000402dc00000)]
  0x0000015d45d4e800 JavaThread "Build operations Thread 4" [_thread_blocked, id=6560, stack(0x000000402dc00000,0x000000402dd00000)]
  0x0000015d45d4d800 JavaThread "Build operations Thread 5" [_thread_blocked, id=332, stack(0x000000402dd00000,0x000000402de00000)]
  0x0000015d45d4f000 JavaThread "Build operations Thread 6" [_thread_blocked, id=3932, stack(0x000000402de00000,0x000000402df00000)]
  0x0000015d45d50000 JavaThread "Build operations Thread 7" [_thread_blocked, id=17256, stack(0x000000402df00000,0x000000402e000000)]
  0x0000015d45d4a000 JavaThread "Build operations Thread 8" [_thread_blocked, id=5076, stack(0x000000402e000000,0x000000402e100000)]
  0x0000015d45d50800 JavaThread "jar transforms Thread 2" [_thread_blocked, id=13884, stack(0x000000402e100000,0x000000402e200000)]
  0x0000015d45d4b000 JavaThread "jar transforms Thread 3" [_thread_blocked, id=13912, stack(0x000000402e200000,0x000000402e300000)]
  0x0000015d45d51800 JavaThread "jar transforms Thread 4" [_thread_blocked, id=2404, stack(0x000000402e300000,0x000000402e400000)]
  0x0000015d45d4c000 JavaThread "jar transforms Thread 5" [_thread_blocked, id=16296, stack(0x000000402e400000,0x000000402e500000)]
  0x0000015d45d4c800 JavaThread "jar transforms Thread 6" [_thread_blocked, id=14948, stack(0x000000402e500000,0x000000402e600000)]
  0x0000015d45d52800 JavaThread "jar transforms Thread 7" [_thread_blocked, id=6432, stack(0x000000402e600000,0x000000402e700000)]
  0x0000015d45956000 JavaThread "jar transforms Thread 8" [_thread_blocked, id=3660, stack(0x000000402e700000,0x000000402e800000)]
  0x0000015d45952000 JavaThread "jar transforms Thread 9" [_thread_blocked, id=12180, stack(0x000000402e800000,0x000000402e900000)]
  0x0000015d45957000 JavaThread "jar transforms Thread 10" [_thread_blocked, id=7068, stack(0x000000402e900000,0x000000402ea00000)]
  0x0000015d45954800 JavaThread "jar transforms Thread 11" [_thread_blocked, id=5940, stack(0x000000402ea00000,0x000000402eb00000)]
  0x0000015d45951000 JavaThread "jar transforms Thread 12" [_thread_blocked, id=15428, stack(0x000000402eb00000,0x000000402ec00000)]
  0x0000015d45953000 JavaThread "jar transforms Thread 13" [_thread_blocked, id=15812, stack(0x000000402ec00000,0x000000402ed00000)]
  0x0000015d45953800 JavaThread "jar transforms Thread 14" [_thread_blocked, id=8644, stack(0x000000402ed00000,0x000000402ee00000)]
  0x0000015d45958000 JavaThread "jar transforms Thread 15" [_thread_blocked, id=6396, stack(0x000000402ee00000,0x000000402ef00000)]
  0x0000015d45958800 JavaThread "jar transforms Thread 16" [_thread_blocked, id=15676, stack(0x000000402ef00000,0x000000402f000000)]
  0x0000015d45959800 JavaThread "jar transforms Thread 17" [_thread_blocked, id=6980, stack(0x000000402f000000,0x000000402f100000)]
  0x0000015d4595a000 JavaThread "jar transforms Thread 18" [_thread_blocked, id=12764, stack(0x000000402f100000,0x000000402f200000)]
  0x0000015d4595b000 JavaThread "jar transforms Thread 19" [_thread_blocked, id=2496, stack(0x000000402f200000,0x000000402f300000)]
  0x0000015d45955800 JavaThread "jar transforms Thread 20" [_thread_blocked, id=15856, stack(0x000000402f300000,0x000000402f400000)]
  0x0000015d4595c800 JavaThread "jar transforms Thread 21" [_thread_blocked, id=8452, stack(0x000000402f400000,0x000000402f500000)]
  0x0000015d4595e800 JavaThread "jar transforms Thread 22" [_thread_blocked, id=6044, stack(0x000000402f500000,0x000000402f600000)]
  0x0000015d4595d800 JavaThread "jar transforms Thread 23" [_thread_blocked, id=13220, stack(0x000000402f600000,0x000000402f700000)]
  0x0000015d4595c000 JavaThread "jar transforms Thread 24" [_thread_blocked, id=5424, stack(0x000000402f700000,0x000000402f800000)]
  0x0000015d4595f000 JavaThread "jar transforms Thread 25" [_thread_blocked, id=7272, stack(0x000000402f800000,0x000000402f900000)]
  0x0000015d45960000 JavaThread "jar transforms Thread 26" [_thread_blocked, id=392, stack(0x000000402f900000,0x000000402fa00000)]
  0x0000015d45d66000 JavaThread "jar transforms Thread 27" [_thread_blocked, id=10560, stack(0x000000402fa00000,0x000000402fb00000)]
  0x0000015d45d68800 JavaThread "jar transforms Thread 28" [_thread_blocked, id=15608, stack(0x000000402fb00000,0x000000402fc00000)]
  0x0000015d45d65800 JavaThread "jar transforms Thread 29" [_thread_blocked, id=12512, stack(0x000000402fc00000,0x000000402fd00000)]
  0x0000015d45d6c000 JavaThread "jar transforms Thread 30" [_thread_blocked, id=14824, stack(0x000000402fd00000,0x000000402fe00000)]
  0x0000015d45d67800 JavaThread "jar transforms Thread 31" [_thread_blocked, id=10428, stack(0x000000402fe00000,0x000000402ff00000)]
  0x0000015d45d67000 JavaThread "jar transforms Thread 32" [_thread_blocked, id=17060, stack(0x000000402ff00000,0x0000004030000000)]
  0x0000015d45d6f000 JavaThread "jar transforms Thread 33" [_thread_blocked, id=3360, stack(0x0000004030000000,0x0000004030100000)]
  0x0000015d45d69800 JavaThread "jar transforms Thread 34" [_thread_blocked, id=16532, stack(0x0000004030100000,0x0000004030200000)]
  0x0000015d45d6d800 JavaThread "jar transforms Thread 35" [_thread_blocked, id=12928, stack(0x0000004030200000,0x0000004030300000)]
  0x0000015d45d6c800 JavaThread "jar transforms Thread 36" [_thread_blocked, id=11140, stack(0x0000004030300000,0x0000004030400000)]
  0x0000015d45d6e800 JavaThread "jar transforms Thread 37" [_thread_blocked, id=6484, stack(0x0000004030400000,0x0000004030500000)]
  0x0000015d45d70000 JavaThread "jar transforms Thread 38" [_thread_blocked, id=10808, stack(0x0000004030500000,0x0000004030600000)]
  0x0000015d45d6a000 JavaThread "jar transforms Thread 39" [_thread_blocked, id=12736, stack(0x0000004030600000,0x0000004030700000)]
  0x0000015d45d70800 JavaThread "jar transforms Thread 40" [_thread_blocked, id=12004, stack(0x0000004030700000,0x0000004030800000)]
  0x0000015d45d6b000 JavaThread "jar transforms Thread 41" [_thread_blocked, id=15596, stack(0x0000004030800000,0x0000004030900000)]
  0x0000015d45d73000 JavaThread "jar transforms Thread 42" [_thread_blocked, id=16416, stack(0x0000004030900000,0x0000004030a00000)]
  0x0000015d45d71800 JavaThread "jar transforms Thread 43" [_thread_blocked, id=4280, stack(0x0000004030a00000,0x0000004030b00000)]
  0x0000015d45d72800 JavaThread "jar transforms Thread 44" [_thread_blocked, id=17332, stack(0x0000004030b00000,0x0000004030c00000)]
  0x0000015d45d74000 JavaThread "jar transforms Thread 45" [_thread_blocked, id=11876, stack(0x0000004030c00000,0x0000004030d00000)]
  0x0000015d47746000 JavaThread "jar transforms Thread 46" [_thread_blocked, id=16860, stack(0x0000004030d00000,0x0000004030e00000)]
  0x0000015d47748000 JavaThread "jar transforms Thread 47" [_thread_blocked, id=1592, stack(0x0000004030e00000,0x0000004030f00000)]
  0x0000015d47747800 JavaThread "jar transforms Thread 48" [_thread_blocked, id=5608, stack(0x0000004030f00000,0x0000004031000000)]
  0x0000015d4774a000 JavaThread "jar transforms Thread 49" [_thread_blocked, id=10336, stack(0x0000004031000000,0x0000004031100000)]
  0x0000015d4774b800 JavaThread "jar transforms Thread 50" [_thread_blocked, id=3304, stack(0x0000004031100000,0x0000004031200000)]
  0x0000015d4774a800 JavaThread "jar transforms Thread 51" [_thread_blocked, id=7720, stack(0x0000004031200000,0x0000004031300000)]
  0x0000015d47749000 JavaThread "jar transforms Thread 52" [_thread_blocked, id=14772, stack(0x0000004031300000,0x0000004031400000)]
  0x0000015d4774c800 JavaThread "jar transforms Thread 53" [_thread_blocked, id=4108, stack(0x0000004031400000,0x0000004031500000)]
  0x0000015d47746800 JavaThread "jar transforms Thread 54" [_thread_blocked, id=2644, stack(0x0000004031500000,0x0000004031600000)]
  0x0000015d4774e000 JavaThread "jar transforms Thread 55" [_thread_blocked, id=11468, stack(0x0000004031600000,0x0000004031700000)]
  0x0000015d4774f800 JavaThread "jar transforms Thread 56" [_thread_blocked, id=7036, stack(0x0000004031700000,0x0000004031800000)]
  0x0000015d47750800 JavaThread "jar transforms Thread 57" [_thread_blocked, id=13704, stack(0x0000004031800000,0x0000004031900000)]
  0x0000015d47752000 JavaThread "jar transforms Thread 58" [_thread_blocked, id=12336, stack(0x0000004031900000,0x0000004031a00000)]
  0x0000015d47751000 JavaThread "jar transforms Thread 59" [_thread_blocked, id=4844, stack(0x0000004031a00000,0x0000004031b00000)]
  0x0000015d47753000 JavaThread "jar transforms Thread 60" [_thread_blocked, id=10704, stack(0x0000004031b00000,0x0000004031c00000)]
  0x0000015d4774e800 JavaThread "jar transforms Thread 61" [_thread_blocked, id=13544, stack(0x0000004031c00000,0x0000004031d00000)]
  0x0000015d4774d000 JavaThread "jar transforms Thread 62" [_thread_blocked, id=12932, stack(0x0000004031d00000,0x0000004031e00000)]
  0x0000015d47753800 JavaThread "jar transforms Thread 63" [_thread_blocked, id=10632, stack(0x0000004031e00000,0x0000004031f00000)]
  0x0000015d47754800 JavaThread "jar transforms Thread 64" [_thread_blocked, id=15308, stack(0x0000004031f00000,0x0000004032000000)]
  0x0000015d45e08800 JavaThread "jar transforms Thread 65" [_thread_blocked, id=5488, stack(0x0000004032000000,0x0000004032100000)]
  0x0000015d45e03000 JavaThread "jar transforms Thread 66" [_thread_blocked, id=492, stack(0x0000004032100000,0x0000004032200000)]
  0x0000015d45e03800 JavaThread "jar transforms Thread 67" [_thread_blocked, id=10464, stack(0x0000004032200000,0x0000004032300000)]
  0x0000015d45e09800 JavaThread "jar transforms Thread 68" [_thread_blocked, id=8624, stack(0x0000004032300000,0x0000004032400000)]
  0x0000015d45e07800 JavaThread "jar transforms Thread 69" [_thread_blocked, id=12848, stack(0x0000004032400000,0x0000004032500000)]
  0x0000015d45e0a000 JavaThread "jar transforms Thread 70" [_thread_blocked, id=1012, stack(0x0000004032500000,0x0000004032600000)]
  0x0000015d45e04800 JavaThread "jar transforms Thread 71" [_thread_blocked, id=4916, stack(0x0000004032600000,0x0000004032700000)]
  0x0000015d45e0b000 JavaThread "jar transforms Thread 72" [_thread_blocked, id=6084, stack(0x0000004032700000,0x0000004032800000)]
  0x0000015d45e05000 JavaThread "jar transforms Thread 73" [_thread_blocked, id=1932, stack(0x0000004032800000,0x0000004032900000)]
  0x0000015d45e0c000 JavaThread "jar transforms Thread 74" [_thread_blocked, id=9612, stack(0x0000004032900000,0x0000004032a00000)]
  0x0000015d45e06000 JavaThread "jar transforms Thread 75" [_thread_blocked, id=8744, stack(0x0000004032a00000,0x0000004032b00000)]
  0x0000015d45e0c800 JavaThread "jar transforms Thread 76" [_thread_blocked, id=2784, stack(0x0000004032b00000,0x0000004032c00000)]
  0x0000015d45e07000 JavaThread "jar transforms Thread 77" [_thread_blocked, id=6880, stack(0x0000004032c00000,0x0000004032d00000)]
  0x0000015d45e0d800 JavaThread "jar transforms Thread 78" [_thread_blocked, id=13688, stack(0x0000004032d00000,0x0000004032e00000)]
  0x0000015d45e0e000 JavaThread "jar transforms Thread 79" [_thread_blocked, id=12816, stack(0x0000004032e00000,0x0000004032f00000)]
  0x0000015d45e0f000 JavaThread "jar transforms Thread 80" [_thread_blocked, id=10576, stack(0x0000004032f00000,0x0000004033000000)]
  0x0000015d45e11800 JavaThread "jar transforms Thread 81" [_thread_blocked, id=16684, stack(0x0000004033000000,0x0000004033100000)]
  0x0000015d45e10000 JavaThread "jar transforms Thread 82" [_thread_blocked, id=14784, stack(0x0000004033100000,0x0000004033200000)]
  0x0000015d45e10800 JavaThread "jar transforms Thread 83" [_thread_blocked, id=3924, stack(0x0000004033200000,0x0000004033300000)]
  0x0000015d45ccd000 JavaThread "jar transforms Thread 84" [_thread_blocked, id=16376, stack(0x0000004033300000,0x0000004033400000)]
  0x0000015d45cd1000 JavaThread "jar transforms Thread 85" [_thread_blocked, id=8064, stack(0x0000004033400000,0x0000004033500000)]
  0x0000015d45cd0800 JavaThread "jar transforms Thread 86" [_thread_blocked, id=10996, stack(0x0000004033500000,0x0000004033600000)]
  0x0000015d45cd2000 JavaThread "jar transforms Thread 87" [_thread_blocked, id=11160, stack(0x0000004033600000,0x0000004033700000)]
  0x0000015d45cce000 JavaThread "jar transforms Thread 88" [_thread_blocked, id=17252, stack(0x0000004033700000,0x0000004033800000)]
  0x0000015d45ccc000 JavaThread "jar transforms Thread 89" [_thread_blocked, id=11548, stack(0x0000004033800000,0x0000004033900000)]
  0x0000015d45cd4800 JavaThread "jar transforms Thread 90" [_thread_blocked, id=8264, stack(0x0000004033900000,0x0000004033a00000)]
  0x0000015d45cd3000 JavaThread "jar transforms Thread 91" [_thread_blocked, id=5900, stack(0x0000004033a00000,0x0000004033b00000)]
  0x0000015d45ccf800 JavaThread "jar transforms Thread 92" [_thread_blocked, id=15208, stack(0x0000004033b00000,0x0000004033c00000)]
  0x0000015d45cd3800 JavaThread "jar transforms Thread 93" [_thread_blocked, id=15436, stack(0x0000004033c00000,0x0000004033d00000)]
  0x0000015d45cce800 JavaThread "jar transforms Thread 94" [_thread_blocked, id=14988, stack(0x0000004033d00000,0x0000004033e00000)]
  0x0000015d45cd8800 JavaThread "jar transforms Thread 95" [_thread_blocked, id=2716, stack(0x0000004033e00000,0x0000004033f00000)]
  0x0000015d45cd7800 JavaThread "jar transforms Thread 96" [_thread_blocked, id=13212, stack(0x0000004033f00000,0x0000004034000000)]
  0x0000015d45cd9800 JavaThread "jar transforms Thread 97" [_thread_blocked, id=9276, stack(0x0000004034000000,0x0000004034100000)]
  0x0000015d45cda000 JavaThread "jar transforms Thread 98" [_thread_blocked, id=5788, stack(0x0000004034100000,0x0000004034200000)]
  0x0000015d45cd5000 JavaThread "jar transforms Thread 99" [_thread_blocked, id=13344, stack(0x0000004034200000,0x0000004034300000)]
  0x0000015d45cdb000 JavaThread "Memory manager" [_thread_blocked, id=17160, stack(0x0000004034300000,0x0000004034400000)]
  0x0000015d45cd6000 JavaThread "build event listener" [_thread_blocked, id=12840, stack(0x0000004034400000,0x0000004034500000)]
  0x0000015d45cd7000 JavaThread "build event listener" [_thread_blocked, id=11352, stack(0x0000004034500000,0x0000004034600000)]
  0x0000015d48c03000 JavaThread "Execution worker for ':'" [_thread_blocked, id=11472, stack(0x0000004034600000,0x0000004034700000)]
  0x0000015d48bff000 JavaThread "Execution worker for ':' Thread 2" [_thread_blocked, id=12592, stack(0x0000004034700000,0x0000004034800000)]
  0x0000015d48bff800 JavaThread "Execution worker for ':' Thread 3" [_thread_blocked, id=2492, stack(0x0000004034800000,0x0000004034900000)]
  0x0000015d48bfe000 JavaThread "Execution worker for ':' Thread 4" [_thread_blocked, id=3148, stack(0x0000004034900000,0x0000004034a00000)]
  0x0000015d48c00800 JavaThread "Execution worker for ':' Thread 5" [_thread_blocked, id=16332, stack(0x0000004034a00000,0x0000004034b00000)]
  0x0000015d48bfd000 JavaThread "Execution worker for ':' Thread 6" [_thread_blocked, id=14888, stack(0x0000004034b00000,0x0000004034c00000)]
  0x0000015d48c04000 JavaThread "Execution worker for ':' Thread 7" [_thread_blocked, id=12424, stack(0x0000004034c00000,0x0000004034d00000)]
  0x0000015d48c07000 JavaThread "Cache worker for execution history cache (D:\Du an truong\DuanPhonestore\.gradle\6.7.1\executionHistory)" [_thread_blocked, id=2760, stack(0x0000004034d00000,0x0000004034e00000)]
  0x0000015d48c05800 JavaThread "WorkerExecutor Queue" [_thread_blocked, id=6316, stack(0x0000004034e00000,0x0000004034f00000)]

Other Threads:
=>0x0000015d40b3d000 VMThread "VM Thread" [stack: 0x000000402ac00000,0x000000402ad00000] [id=7812]
  0x0000015d41633800 WatcherThread [stack: 0x000000402b600000,0x000000402b700000] [id=12624]
  0x0000015d260c5000 GCTaskThread "GC Thread#0" [stack: 0x000000402a700000,0x000000402a800000] [id=7872]
  0x0000015d42426800 GCTaskThread "GC Thread#1" [stack: 0x000000402b800000,0x000000402b900000] [id=14668]
  0x0000015d42b2c800 GCTaskThread "GC Thread#2" [stack: 0x000000402c000000,0x000000402c100000] [id=732]
  0x0000015d42b6b800 GCTaskThread "GC Thread#3" [stack: 0x000000402c100000,0x000000402c200000] [id=1432]
  0x0000015d42b6c800 GCTaskThread "GC Thread#4" [stack: 0x000000402c200000,0x000000402c300000] [id=12936]
  0x0000015d42b6d000 GCTaskThread "GC Thread#5" [stack: 0x000000402c300000,0x000000402c400000] [id=12528]
  0x0000015d42b6e000 GCTaskThread "GC Thread#6" [stack: 0x000000402c400000,0x000000402c500000] [id=8012]
  0x0000015d42bfe000 GCTaskThread "GC Thread#7" [stack: 0x000000402c500000,0x000000402c600000] [id=3124]
  0x0000015d260f6000 ConcurrentGCThread "G1 Main Marker" [stack: 0x000000402a800000,0x000000402a900000] [id=7576]
  0x0000015d260f9800 ConcurrentGCThread "G1 Conc#0" [stack: 0x000000402a900000,0x000000402aa00000] [id=13476]
  0x0000015d436dd800 ConcurrentGCThread "G1 Conc#1" [stack: 0x000000402cf00000,0x000000402d000000] [id=13756]
  0x0000015d2617b800 ConcurrentGCThread "G1 Refine#0" [stack: 0x000000402aa00000,0x000000402ab00000] [id=10612]
  0x0000015d420ad800 ConcurrentGCThread "G1 Refine#1" [stack: 0x000000402c600000,0x000000402c700000] [id=16968]
  0x0000015d42b49000 ConcurrentGCThread "G1 Refine#2" [stack: 0x000000402c700000,0x000000402c800000] [id=16264]
  0x0000015d2617e800 ConcurrentGCThread "G1 Young RemSet Sampling" [stack: 0x000000402ab00000,0x000000402ac00000] [id=9092]

Threads with active compile tasks:
C2 CompilerThread0  12459 9845       4       com.android.tools.r8.C.a.a.f::a (6058 bytes)
C1 CompilerThread0  12459 10464       2       com.android.tools.r8.v.b.u::c (23 bytes)
C2 CompilerThread1  12459 10153       4       java.util.AbstractCollection::addAll (42 bytes)

VM state:at safepoint (normal execution)

VM Mutex/Monitor currently owned by a thread:  ([mutex/lock_event])
[0x0000015d260a8ee0] Threads_lock - owner thread: 0x0000015d40b3d000
[0x0000015d260a9000] Heap_lock - owner thread: 0x0000015d45d48000

Heap address: 0x0000000080000000, size: 2048 MB, Compressed Oops mode: 32-bit
Narrow klass base: 0x0000000000000000, Narrow klass shift: 3
Compressed class space size: 1073741824 Address: 0x0000000100000000

Heap:
 garbage-first heap   total 293888K, used 134069K [0x0000000080000000, 0x0000000100000000)
  region size 1024K, 2 young (2048K), 2 survivors (2048K)
 Metaspace       used 89038K, capacity 91269K, committed 91520K, reserved 1128448K
  class space    used 11727K, capacity 12594K, committed 12672K, reserved 1048576K
Heap Regions: E=young(eden), S=young(survivor), O=old, HS=humongous(starts), HC=humongous(continues), CS=collection set, F=free, A=archive, TAMS=top-at-mark-start (previous, next)
|   0|0x0000000080000000, 0x0000000080100000, 0x0000000080100000|100%| O|  |TAMS 0x0000000080100000, 0x0000000080100000| Untracked 
|   1|0x0000000080100000, 0x0000000080200000, 0x0000000080200000|100%| O|  |TAMS 0x0000000080200000, 0x0000000080200000| Untracked 
|   2|0x0000000080200000, 0x0000000080300000, 0x0000000080300000|100%| O|  |TAMS 0x0000000080300000, 0x0000000080300000| Untracked 
|   3|0x0000000080300000, 0x0000000080400000, 0x0000000080400000|100%|HS|  |TAMS 0x0000000080400000, 0x0000000080400000| Complete 
|   4|0x0000000080400000, 0x0000000080500000, 0x0000000080500000|100%|HC|  |TAMS 0x0000000080500000, 0x0000000080500000| Complete 
|   5|0x0000000080500000, 0x0000000080600000, 0x0000000080600000|100%|HC|  |TAMS 0x0000000080600000, 0x0000000080600000| Complete 
|   6|0x0000000080600000, 0x0000000080700000, 0x0000000080700000|100%| O|  |TAMS 0x0000000080700000, 0x0000000080700000| Untracked 
|   7|0x0000000080700000, 0x0000000080800000, 0x0000000080800000|100%| O|  |TAMS 0x0000000080800000, 0x0000000080800000| Untracked 
|   8|0x0000000080800000, 0x0000000080900000, 0x0000000080900000|100%| O|  |TAMS 0x0000000080900000, 0x0000000080900000| Untracked 
|   9|0x0000000080900000, 0x0000000080a00000, 0x0000000080a00000|100%| O|  |TAMS 0x0000000080a00000, 0x0000000080a00000| Untracked 
|  10|0x0000000080a00000, 0x0000000080b00000, 0x0000000080b00000|100%| O|  |TAMS 0x0000000080b00000, 0x0000000080b00000| Untracked 
|  11|0x0000000080b00000, 0x0000000080c00000, 0x0000000080c00000|100%| O|  |TAMS 0x0000000080c00000, 0x0000000080c00000| Untracked 
|  12|0x0000000080c00000, 0x0000000080d00000, 0x0000000080d00000|100%| O|  |TAMS 0x0000000080d00000, 0x0000000080d00000| Untracked 
|  13|0x0000000080d00000, 0x0000000080e00000, 0x0000000080e00000|100%| O|  |TAMS 0x0000000080e00000, 0x0000000080e00000| Untracked 
|  14|0x0000000080e00000, 0x0000000080f00000, 0x0000000080f00000|100%| O|  |TAMS 0x0000000080f00000, 0x0000000080f00000| Untracked 
|  15|0x0000000080f00000, 0x0000000081000000, 0x0000000081000000|100%| O|  |TAMS 0x0000000081000000, 0x0000000081000000| Untracked 
|  16|0x0000000081000000, 0x0000000081100000, 0x0000000081100000|100%| O|  |TAMS 0x0000000081100000, 0x0000000081100000| Untracked 
|  17|0x0000000081100000, 0x0000000081200000, 0x0000000081200000|100%| O|  |TAMS 0x0000000081200000, 0x0000000081200000| Untracked 
|  18|0x0000000081200000, 0x0000000081300000, 0x0000000081300000|100%| O|  |TAMS 0x0000000081300000, 0x0000000081300000| Untracked 
|  19|0x0000000081300000, 0x0000000081400000, 0x0000000081400000|100%| O|  |TAMS 0x0000000081400000, 0x0000000081400000| Untracked 
|  20|0x0000000081400000, 0x0000000081500000, 0x0000000081500000|100%|HS|  |TAMS 0x0000000081500000, 0x0000000081500000| Complete 
|  21|0x0000000081500000, 0x0000000081600000, 0x0000000081600000|100%| O|  |TAMS 0x0000000081600000, 0x0000000081600000| Untracked 
|  22|0x0000000081600000, 0x0000000081700000, 0x0000000081700000|100%| O|  |TAMS 0x0000000081700000, 0x0000000081700000| Untracked 
|  23|0x0000000081700000, 0x0000000081800000, 0x0000000081800000|100%| O|  |TAMS 0x0000000081800000, 0x0000000081800000| Untracked 
|  24|0x0000000081800000, 0x0000000081900000, 0x0000000081900000|100%| O|  |TAMS 0x0000000081900000, 0x0000000081900000| Untracked 
|  25|0x0000000081900000, 0x0000000081a00000, 0x0000000081a00000|100%| O|  |TAMS 0x0000000081a00000, 0x0000000081a00000| Untracked 
|  26|0x0000000081a00000, 0x0000000081b00000, 0x0000000081b00000|100%|HS|  |TAMS 0x0000000081b00000, 0x0000000081b00000| Complete 
|  27|0x0000000081b00000, 0x0000000081c00000, 0x0000000081c00000|100%|HC|  |TAMS 0x0000000081c00000, 0x0000000081c00000| Complete 
|  28|0x0000000081c00000, 0x0000000081d00000, 0x0000000081d00000|100%| O|  |TAMS 0x0000000081d00000, 0x0000000081d00000| Untracked 
|  29|0x0000000081d00000, 0x0000000081e00000, 0x0000000081e00000|100%| O|  |TAMS 0x0000000081e00000, 0x0000000081e00000| Untracked 
|  30|0x0000000081e00000, 0x0000000081f00000, 0x0000000081f00000|100%| O|  |TAMS 0x0000000081f00000, 0x0000000081f00000| Untracked 
|  31|0x0000000081f00000, 0x0000000082000000, 0x0000000082000000|100%| O|  |TAMS 0x0000000082000000, 0x0000000082000000| Untracked 
|  32|0x0000000082000000, 0x0000000082100000, 0x0000000082100000|100%| O|  |TAMS 0x0000000082100000, 0x0000000082100000| Untracked 
|  33|0x0000000082100000, 0x0000000082200000, 0x0000000082200000|100%| O|  |TAMS 0x0000000082200000, 0x0000000082200000| Untracked 
|  34|0x0000000082200000, 0x0000000082300000, 0x0000000082300000|100%| O|  |TAMS 0x0000000082300000, 0x0000000082300000| Untracked 
|  35|0x0000000082300000, 0x0000000082400000, 0x0000000082400000|100%| O|  |TAMS 0x0000000082400000, 0x0000000082400000| Untracked 
|  36|0x0000000082400000, 0x0000000082500000, 0x0000000082500000|100%| O|  |TAMS 0x0000000082500000, 0x0000000082500000| Untracked 
|  37|0x0000000082500000, 0x0000000082600000, 0x0000000082600000|100%| O|  |TAMS 0x0000000082600000, 0x0000000082600000| Untracked 
|  38|0x0000000082600000, 0x0000000082700000, 0x0000000082700000|100%| O|  |TAMS 0x0000000082700000, 0x0000000082700000| Untracked 
|  39|0x0000000082700000, 0x0000000082800000, 0x0000000082800000|100%| O|  |TAMS 0x0000000082800000, 0x0000000082800000| Untracked 
|  40|0x0000000082800000, 0x0000000082900000, 0x0000000082900000|100%| O|  |TAMS 0x0000000082900000, 0x0000000082900000| Untracked 
|  41|0x0000000082900000, 0x0000000082a00000, 0x0000000082a00000|100%| O|  |TAMS 0x0000000082a00000, 0x0000000082a00000| Untracked 
|  42|0x0000000082a00000, 0x0000000082b00000, 0x0000000082b00000|100%| O|  |TAMS 0x0000000082b00000, 0x0000000082b00000| Untracked 
|  43|0x0000000082b00000, 0x0000000082c00000, 0x0000000082c00000|100%| O|  |TAMS 0x0000000082c00000, 0x0000000082c00000| Untracked 
|  44|0x0000000082c00000, 0x0000000082d00000, 0x0000000082d00000|100%| O|  |TAMS 0x0000000082d00000, 0x0000000082d00000| Untracked 
|  45|0x0000000082d00000, 0x0000000082e00000, 0x0000000082e00000|100%| O|  |TAMS 0x0000000082e00000, 0x0000000082e00000| Untracked 
|  46|0x0000000082e00000, 0x0000000082f00000, 0x0000000082f00000|100%| O|  |TAMS 0x0000000082f00000, 0x0000000082f00000| Untracked 
|  47|0x0000000082f00000, 0x0000000083000000, 0x0000000083000000|100%| O|  |TAMS 0x0000000083000000, 0x0000000083000000| Untracked 
|  48|0x0000000083000000, 0x0000000083100000, 0x0000000083100000|100%| O|  |TAMS 0x0000000083100000, 0x0000000083100000| Untracked 
|  49|0x0000000083100000, 0x0000000083200000, 0x0000000083200000|100%| O|  |TAMS 0x0000000083200000, 0x0000000083200000| Untracked 
|  50|0x0000000083200000, 0x0000000083300000, 0x0000000083300000|100%| O|  |TAMS 0x0000000083300000, 0x0000000083300000| Untracked 
|  51|0x0000000083300000, 0x0000000083400000, 0x0000000083400000|100%| O|  |TAMS 0x0000000083400000, 0x0000000083400000| Untracked 
|  52|0x0000000083400000, 0x0000000083500000, 0x0000000083500000|100%| O|  |TAMS 0x0000000083500000, 0x0000000083500000| Untracked 
|  53|0x0000000083500000, 0x0000000083600000, 0x0000000083600000|100%| O|  |TAMS 0x0000000083600000, 0x0000000083600000| Untracked 
|  54|0x0000000083600000, 0x0000000083700000, 0x0000000083700000|100%| O|  |TAMS 0x0000000083700000, 0x0000000083700000| Untracked 
|  55|0x0000000083700000, 0x0000000083800000, 0x0000000083800000|100%| O|  |TAMS 0x0000000083800000, 0x0000000083800000| Untracked 
|  56|0x0000000083800000, 0x0000000083900000, 0x0000000083900000|100%| O|  |TAMS 0x0000000083900000, 0x0000000083900000| Untracked 
|  57|0x0000000083900000, 0x0000000083a00000, 0x0000000083a00000|100%| O|  |TAMS 0x0000000083a00000, 0x0000000083a00000| Untracked 
|  58|0x0000000083a00000, 0x0000000083b00000, 0x0000000083b00000|100%| O|  |TAMS 0x0000000083b00000, 0x0000000083b00000| Untracked 
|  59|0x0000000083b00000, 0x0000000083c00000, 0x0000000083c00000|100%| O|  |TAMS 0x0000000083c00000, 0x0000000083c00000| Untracked 
|  60|0x0000000083c00000, 0x0000000083d00000, 0x0000000083d00000|100%| O|  |TAMS 0x0000000083d00000, 0x0000000083d00000| Untracked 
|  61|0x0000000083d00000, 0x0000000083e00000, 0x0000000083e00000|100%| O|  |TAMS 0x0000000083e00000, 0x0000000083e00000| Untracked 
|  62|0x0000000083e00000, 0x0000000083f00000, 0x0000000083f00000|100%| O|  |TAMS 0x0000000083f00000, 0x0000000083f00000| Untracked 
|  63|0x0000000083f00000, 0x0000000084000000, 0x0000000084000000|100%| O|  |TAMS 0x0000000084000000, 0x0000000084000000| Untracked 
|  64|0x0000000084000000, 0x0000000084100000, 0x0000000084100000|100%| O|  |TAMS 0x0000000084100000, 0x0000000084100000| Untracked 
|  65|0x0000000084100000, 0x0000000084200000, 0x0000000084200000|100%| O|  |TAMS 0x0000000084200000, 0x0000000084200000| Untracked 
|  66|0x0000000084200000, 0x0000000084300000, 0x0000000084300000|100%| O|  |TAMS 0x0000000084300000, 0x0000000084300000| Untracked 
|  67|0x0000000084300000, 0x0000000084400000, 0x0000000084400000|100%| O|  |TAMS 0x0000000084400000, 0x0000000084400000| Untracked 
|  68|0x0000000084400000, 0x0000000084500000, 0x0000000084500000|100%| O|  |TAMS 0x0000000084500000, 0x0000000084500000| Untracked 
|  69|0x0000000084500000, 0x0000000084600000, 0x0000000084600000|100%| O|  |TAMS 0x0000000084600000, 0x0000000084600000| Untracked 
|  70|0x0000000084600000, 0x0000000084700000, 0x0000000084700000|100%| O|  |TAMS 0x0000000084700000, 0x0000000084700000| Untracked 
|  71|0x0000000084700000, 0x0000000084800000, 0x0000000084800000|100%|HS|  |TAMS 0x0000000084800000, 0x0000000084800000| Complete 
|  72|0x0000000084800000, 0x0000000084900000, 0x0000000084900000|100%| O|  |TAMS 0x0000000084900000, 0x0000000084900000| Untracked 
|  73|0x0000000084900000, 0x0000000084a00000, 0x0000000084a00000|100%| O|  |TAMS 0x0000000084a00000, 0x0000000084a00000| Untracked 
|  74|0x0000000084a00000, 0x0000000084b00000, 0x0000000084b00000|100%| O|  |TAMS 0x0000000084b00000, 0x0000000084b00000| Untracked 
|  75|0x0000000084b00000, 0x0000000084c00000, 0x0000000084c00000|100%| O|  |TAMS 0x0000000084c00000, 0x0000000084c00000| Untracked 
|  76|0x0000000084c00000, 0x0000000084d00000, 0x0000000084d00000|100%| O|  |TAMS 0x0000000084d00000, 0x0000000084d00000| Untracked 
|  77|0x0000000084d00000, 0x0000000084e00000, 0x0000000084e00000|100%| O|  |TAMS 0x0000000084e00000, 0x0000000084e00000| Untracked 
|  78|0x0000000084e00000, 0x0000000084f00000, 0x0000000084f00000|100%| O|  |TAMS 0x0000000084f00000, 0x0000000084f00000| Untracked 
|  79|0x0000000084f00000, 0x0000000085000000, 0x0000000085000000|100%| O|  |TAMS 0x0000000085000000, 0x0000000085000000| Untracked 
|  80|0x0000000085000000, 0x0000000085100000, 0x0000000085100000|100%| O|  |TAMS 0x0000000085100000, 0x0000000085100000| Untracked 
|  81|0x0000000085100000, 0x0000000085200000, 0x0000000085200000|100%| O|  |TAMS 0x0000000085200000, 0x0000000085200000| Untracked 
|  82|0x0000000085200000, 0x0000000085300000, 0x0000000085300000|100%| O|  |TAMS 0x0000000085300000, 0x0000000085300000| Untracked 
|  83|0x0000000085300000, 0x0000000085400000, 0x0000000085400000|100%| O|  |TAMS 0x0000000085400000, 0x0000000085400000| Untracked 
|  84|0x0000000085400000, 0x0000000085500000, 0x0000000085500000|100%| O|  |TAMS 0x0000000085500000, 0x0000000085500000| Untracked 
|  85|0x0000000085500000, 0x0000000085600000, 0x0000000085600000|100%| O|  |TAMS 0x0000000085600000, 0x0000000085600000| Untracked 
|  86|0x0000000085600000, 0x0000000085700000, 0x0000000085700000|100%| O|  |TAMS 0x0000000085700000, 0x0000000085700000| Untracked 
|  87|0x0000000085700000, 0x0000000085800000, 0x0000000085800000|100%| O|  |TAMS 0x0000000085800000, 0x0000000085800000| Untracked 
|  88|0x0000000085800000, 0x0000000085900000, 0x0000000085900000|100%| O|  |TAMS 0x0000000085900000, 0x0000000085900000| Untracked 
|  89|0x0000000085900000, 0x0000000085a00000, 0x0000000085a00000|100%| O|  |TAMS 0x0000000085a00000, 0x0000000085a00000| Untracked 
|  90|0x0000000085a00000, 0x0000000085b00000, 0x0000000085b00000|100%| O|  |TAMS 0x0000000085b00000, 0x0000000085b00000| Untracked 
|  91|0x0000000085b00000, 0x0000000085c00000, 0x0000000085c00000|100%| O|  |TAMS 0x0000000085c00000, 0x0000000085c00000| Untracked 
|  92|0x0000000085c00000, 0x0000000085d00000, 0x0000000085d00000|100%| O|  |TAMS 0x0000000085d00000, 0x0000000085d00000| Untracked 
|  93|0x0000000085d00000, 0x0000000085e00000, 0x0000000085e00000|100%| O|  |TAMS 0x0000000085e00000, 0x0000000085e00000| Untracked 
|  94|0x0000000085e00000, 0x0000000085f00000, 0x0000000085f00000|100%| O|  |TAMS 0x0000000085f00000, 0x0000000085f00000| Untracked 
|  95|0x0000000085f00000, 0x0000000086000000, 0x0000000086000000|100%| O|  |TAMS 0x0000000086000000, 0x0000000086000000| Untracked 
|  96|0x0000000086000000, 0x0000000086100000, 0x0000000086100000|100%| O|  |TAMS 0x0000000086100000, 0x0000000086100000| Untracked 
|  97|0x0000000086100000, 0x0000000086200000, 0x0000000086200000|100%| O|  |TAMS 0x0000000086200000, 0x0000000086200000| Untracked 
|  98|0x0000000086200000, 0x0000000086300000, 0x0000000086300000|100%| O|  |TAMS 0x0000000086300000, 0x0000000086300000| Untracked 
|  99|0x0000000086300000, 0x0000000086400000, 0x0000000086400000|100%| O|  |TAMS 0x0000000086400000, 0x0000000086400000| Untracked 
| 100|0x0000000086400000, 0x0000000086500000, 0x0000000086500000|100%| O|  |TAMS 0x0000000086500000, 0x0000000086500000| Untracked 
| 101|0x0000000086500000, 0x0000000086600000, 0x0000000086600000|100%| O|  |TAMS 0x0000000086600000, 0x0000000086600000| Untracked 
| 102|0x0000000086600000, 0x0000000086700000, 0x0000000086700000|100%| O|  |TAMS 0x0000000086700000, 0x0000000086700000| Untracked 
| 103|0x0000000086700000, 0x0000000086800000, 0x0000000086800000|100%| O|  |TAMS 0x0000000086800000, 0x0000000086800000| Untracked 
| 104|0x0000000086800000, 0x0000000086900000, 0x0000000086900000|100%| O|  |TAMS 0x0000000086900000, 0x0000000086900000| Untracked 
| 105|0x0000000086900000, 0x0000000086a00000, 0x0000000086a00000|100%| O|  |TAMS 0x00000000869dac00, 0x0000000086a00000| Untracked 
| 106|0x0000000086a00000, 0x0000000086b00000, 0x0000000086b00000|100%| O|  |TAMS 0x0000000086a00000, 0x0000000086b00000| Untracked 
| 107|0x0000000086b00000, 0x0000000086c00000, 0x0000000086c00000|100%| O|  |TAMS 0x0000000086b00000, 0x0000000086c00000| Untracked 
| 108|0x0000000086c00000, 0x0000000086d00000, 0x0000000086d00000|100%| O|  |TAMS 0x0000000086c00000, 0x0000000086d00000| Untracked 
| 109|0x0000000086d00000, 0x0000000086e00000, 0x0000000086e00000|100%| O|  |TAMS 0x0000000086d00000, 0x0000000086e00000| Untracked 
| 110|0x0000000086e00000, 0x0000000086f00000, 0x0000000086f00000|100%| O|  |TAMS 0x0000000086e00000, 0x0000000086f00000| Untracked 
| 111|0x0000000086f00000, 0x0000000087000000, 0x0000000087000000|100%| O|  |TAMS 0x0000000086f00000, 0x0000000087000000| Untracked 
| 112|0x0000000087000000, 0x0000000087100000, 0x0000000087100000|100%| O|  |TAMS 0x0000000087000000, 0x0000000087100000| Untracked 
| 113|0x0000000087100000, 0x0000000087200000, 0x0000000087200000|100%| O|  |TAMS 0x0000000087100000, 0x0000000087200000| Untracked 
| 114|0x0000000087200000, 0x0000000087300000, 0x0000000087300000|100%| O|  |TAMS 0x0000000087200000, 0x0000000087300000| Untracked 
| 115|0x0000000087300000, 0x0000000087400000, 0x0000000087400000|100%| O|  |TAMS 0x0000000087300000, 0x0000000087400000| Untracked 
| 116|0x0000000087400000, 0x0000000087500000, 0x0000000087500000|100%| O|  |TAMS 0x0000000087400000, 0x0000000087500000| Untracked 
| 117|0x0000000087500000, 0x0000000087600000, 0x0000000087600000|100%| O|  |TAMS 0x0000000087500000, 0x0000000087600000| Untracked 
| 118|0x0000000087600000, 0x0000000087700000, 0x0000000087700000|100%| O|  |TAMS 0x0000000087600000, 0x0000000087700000| Untracked 
| 119|0x0000000087700000, 0x0000000087800000, 0x0000000087800000|100%| O|  |TAMS 0x0000000087700000, 0x0000000087800000| Untracked 
| 120|0x0000000087800000, 0x0000000087900000, 0x0000000087900000|100%| O|  |TAMS 0x0000000087800000, 0x0000000087900000| Untracked 
| 121|0x0000000087900000, 0x0000000087a00000, 0x0000000087a00000|100%| O|  |TAMS 0x0000000087900000, 0x0000000087a00000| Untracked 
| 122|0x0000000087a00000, 0x0000000087b00000, 0x0000000087b00000|100%| O|  |TAMS 0x0000000087a00000, 0x0000000087b00000| Untracked 
| 123|0x0000000087b00000, 0x0000000087c00000, 0x0000000087c00000|100%| O|  |TAMS 0x0000000087b00000, 0x0000000087c00000| Untracked 
| 124|0x0000000087c00000, 0x0000000087d00000, 0x0000000087d00000|100%| O|  |TAMS 0x0000000087c00000, 0x0000000087d00000| Untracked 
| 125|0x0000000087d00000, 0x0000000087e00000, 0x0000000087e00000|100%| O|  |TAMS 0x0000000087d00000, 0x0000000087e00000| Untracked 
| 126|0x0000000087e00000, 0x0000000087f00000, 0x0000000087f00000|100%| O|  |TAMS 0x0000000087e00000, 0x0000000087f00000| Untracked 
| 127|0x0000000087f00000, 0x0000000088000000, 0x0000000088000000|100%| O|  |TAMS 0x0000000087f00000, 0x0000000088000000| Untracked 
| 128|0x0000000088000000, 0x0000000088100000, 0x0000000088100000|100%| O|  |TAMS 0x0000000088000000, 0x0000000088100000| Untracked 
| 129|0x0000000088100000, 0x000000008812fc00, 0x0000000088200000| 18%| O|  |TAMS 0x0000000088100000, 0x000000008812fc00| Untracked 
| 130|0x0000000088200000, 0x0000000088200000, 0x0000000088300000|  0%| F|  |TAMS 0x0000000088200000, 0x0000000088200000| Untracked 
| 131|0x0000000088300000, 0x0000000088300000, 0x0000000088400000|  0%| F|  |TAMS 0x0000000088300000, 0x0000000088300000| Untracked 
| 132|0x0000000088400000, 0x0000000088400000, 0x0000000088500000|  0%| F|  |TAMS 0x0000000088400000, 0x0000000088400000| Untracked 
| 133|0x0000000088500000, 0x0000000088500000, 0x0000000088600000|  0%| F|  |TAMS 0x0000000088500000, 0x0000000088500000| Untracked 
| 134|0x0000000088600000, 0x0000000088600000, 0x0000000088700000|  0%| F|  |TAMS 0x0000000088600000, 0x0000000088600000| Untracked 
| 135|0x0000000088700000, 0x0000000088700000, 0x0000000088800000|  0%| F|  |TAMS 0x0000000088700000, 0x0000000088700000| Untracked 
| 136|0x0000000088800000, 0x0000000088800000, 0x0000000088900000|  0%| F|  |TAMS 0x0000000088800000, 0x0000000088800000| Untracked 
| 137|0x0000000088900000, 0x0000000088900000, 0x0000000088a00000|  0%| F|  |TAMS 0x0000000088900000, 0x0000000088900000| Untracked 
| 138|0x0000000088a00000, 0x0000000088a00000, 0x0000000088b00000|  0%| F|  |TAMS 0x0000000088a00000, 0x0000000088a00000| Untracked 
| 139|0x0000000088b00000, 0x0000000088b00000, 0x0000000088c00000|  0%| F|  |TAMS 0x0000000088b00000, 0x0000000088b00000| Untracked 
| 140|0x0000000088c00000, 0x0000000088c00000, 0x0000000088d00000|  0%| F|  |TAMS 0x0000000088c00000, 0x0000000088c00000| Untracked 
| 141|0x0000000088d00000, 0x0000000088d00000, 0x0000000088e00000|  0%| F|  |TAMS 0x0000000088d00000, 0x0000000088d00000| Untracked 
| 142|0x0000000088e00000, 0x0000000088e00000, 0x0000000088f00000|  0%| F|  |TAMS 0x0000000088e00000, 0x0000000088e00000| Untracked 
| 143|0x0000000088f00000, 0x0000000088f00000, 0x0000000089000000|  0%| F|  |TAMS 0x0000000088f00000, 0x0000000088f00000| Untracked 
| 144|0x0000000089000000, 0x0000000089000000, 0x0000000089100000|  0%| F|  |TAMS 0x0000000089000000, 0x0000000089000000| Untracked 
| 145|0x0000000089100000, 0x0000000089100000, 0x0000000089200000|  0%| F|  |TAMS 0x0000000089100000, 0x0000000089100000| Untracked 
| 146|0x0000000089200000, 0x0000000089200000, 0x0000000089300000|  0%| F|  |TAMS 0x0000000089200000, 0x0000000089200000| Untracked 
| 147|0x0000000089300000, 0x0000000089300000, 0x0000000089400000|  0%| F|  |TAMS 0x0000000089300000, 0x0000000089300000| Untracked 
| 148|0x0000000089400000, 0x0000000089400000, 0x0000000089500000|  0%| F|  |TAMS 0x0000000089400000, 0x0000000089400000| Untracked 
| 149|0x0000000089500000, 0x0000000089500000, 0x0000000089600000|  0%| F|  |TAMS 0x0000000089500000, 0x0000000089500000| Untracked 
| 150|0x0000000089600000, 0x0000000089600000, 0x0000000089700000|  0%| F|  |TAMS 0x0000000089600000, 0x0000000089600000| Untracked 
| 151|0x0000000089700000, 0x0000000089700000, 0x0000000089800000|  0%| F|  |TAMS 0x0000000089700000, 0x0000000089700000| Untracked 
| 152|0x0000000089800000, 0x0000000089800000, 0x0000000089900000|  0%| F|  |TAMS 0x0000000089800000, 0x0000000089800000| Untracked 
| 153|0x0000000089900000, 0x0000000089900000, 0x0000000089a00000|  0%| F|  |TAMS 0x0000000089900000, 0x0000000089900000| Untracked 
| 154|0x0000000089a00000, 0x0000000089a00000, 0x0000000089b00000|  0%| F|  |TAMS 0x0000000089a00000, 0x0000000089a00000| Untracked 
| 155|0x0000000089b00000, 0x0000000089b00000, 0x0000000089c00000|  0%| F|  |TAMS 0x0000000089b00000, 0x0000000089b00000| Untracked 
| 156|0x0000000089c00000, 0x0000000089c00000, 0x0000000089d00000|  0%| F|  |TAMS 0x0000000089c00000, 0x0000000089c00000| Untracked 
| 157|0x0000000089d00000, 0x0000000089d00000, 0x0000000089e00000|  0%| F|  |TAMS 0x0000000089d00000, 0x0000000089d00000| Untracked 
| 158|0x0000000089e00000, 0x0000000089e00000, 0x0000000089f00000|  0%| F|  |TAMS 0x0000000089e00000, 0x0000000089e00000| Untracked 
| 159|0x0000000089f00000, 0x0000000089f00000, 0x000000008a000000|  0%| F|  |TAMS 0x0000000089f00000, 0x0000000089f00000| Untracked 
| 160|0x000000008a000000, 0x000000008a000000, 0x000000008a100000|  0%| F|  |TAMS 0x000000008a000000, 0x000000008a000000| Untracked 
| 161|0x000000008a100000, 0x000000008a100000, 0x000000008a200000|  0%| F|  |TAMS 0x000000008a100000, 0x000000008a100000| Untracked 
| 162|0x000000008a200000, 0x000000008a200000, 0x000000008a300000|  0%| F|  |TAMS 0x000000008a200000, 0x000000008a200000| Untracked 
| 163|0x000000008a300000, 0x000000008a300000, 0x000000008a400000|  0%| F|  |TAMS 0x000000008a300000, 0x000000008a300000| Untracked 
| 164|0x000000008a400000, 0x000000008a400000, 0x000000008a500000|  0%| F|  |TAMS 0x000000008a400000, 0x000000008a400000| Untracked 
| 165|0x000000008a500000, 0x000000008a5bdb78, 0x000000008a600000| 74%| S|CS|TAMS 0x000000008a500000, 0x000000008a500000| Complete 
| 166|0x000000008a600000, 0x000000008a700000, 0x000000008a700000|100%| S|CS|TAMS 0x000000008a600000, 0x000000008a600000| Complete 
| 167|0x000000008a700000, 0x000000008a700000, 0x000000008a800000|  0%| F|  |TAMS 0x000000008a700000, 0x000000008a700000| Untracked 
| 168|0x000000008a800000, 0x000000008a800000, 0x000000008a900000|  0%| F|  |TAMS 0x000000008a800000, 0x000000008a800000| Untracked 
| 169|0x000000008a900000, 0x000000008a900000, 0x000000008aa00000|  0%| F|  |TAMS 0x000000008a900000, 0x000000008a900000| Untracked 
| 170|0x000000008aa00000, 0x000000008aa00000, 0x000000008ab00000|  0%| F|  |TAMS 0x000000008aa00000, 0x000000008aa00000| Untracked 
| 171|0x000000008ab00000, 0x000000008ab00000, 0x000000008ac00000|  0%| F|  |TAMS 0x000000008ab00000, 0x000000008ab00000| Untracked 
| 172|0x000000008ac00000, 0x000000008ac00000, 0x000000008ad00000|  0%| F|  |TAMS 0x000000008ac00000, 0x000000008ac00000| Untracked 
| 173|0x000000008ad00000, 0x000000008ad00000, 0x000000008ae00000|  0%| F|  |TAMS 0x000000008ad00000, 0x000000008ad00000| Untracked 
| 174|0x000000008ae00000, 0x000000008ae00000, 0x000000008af00000|  0%| F|  |TAMS 0x000000008ae00000, 0x000000008ae00000| Untracked 
| 175|0x000000008af00000, 0x000000008af00000, 0x000000008b000000|  0%| F|  |TAMS 0x000000008af00000, 0x000000008af00000| Untracked 
| 176|0x000000008b000000, 0x000000008b000000, 0x000000008b100000|  0%| F|  |TAMS 0x000000008b000000, 0x000000008b000000| Untracked 
| 177|0x000000008b100000, 0x000000008b100000, 0x000000008b200000|  0%| F|  |TAMS 0x000000008b100000, 0x000000008b100000| Untracked 
| 178|0x000000008b200000, 0x000000008b200000, 0x000000008b300000|  0%| F|  |TAMS 0x000000008b200000, 0x000000008b200000| Untracked 
| 179|0x000000008b300000, 0x000000008b300000, 0x000000008b400000|  0%| F|  |TAMS 0x000000008b300000, 0x000000008b300000| Untracked 
| 180|0x000000008b400000, 0x000000008b400000, 0x000000008b500000|  0%| F|  |TAMS 0x000000008b400000, 0x000000008b400000| Untracked 
| 181|0x000000008b500000, 0x000000008b500000, 0x000000008b600000|  0%| F|  |TAMS 0x000000008b500000, 0x000000008b500000| Untracked 
| 182|0x000000008b600000, 0x000000008b600000, 0x000000008b700000|  0%| F|  |TAMS 0x000000008b600000, 0x000000008b600000| Untracked 
| 183|0x000000008b700000, 0x000000008b700000, 0x000000008b800000|  0%| F|  |TAMS 0x000000008b700000, 0x000000008b700000| Untracked 
| 184|0x000000008b800000, 0x000000008b800000, 0x000000008b900000|  0%| F|  |TAMS 0x000000008b800000, 0x000000008b800000| Untracked 
| 185|0x000000008b900000, 0x000000008b900000, 0x000000008ba00000|  0%| F|  |TAMS 0x000000008b900000, 0x000000008b900000| Untracked 
| 186|0x000000008ba00000, 0x000000008ba00000, 0x000000008bb00000|  0%| F|  |TAMS 0x000000008ba00000, 0x000000008ba00000| Untracked 
| 187|0x000000008bb00000, 0x000000008bb00000, 0x000000008bc00000|  0%| F|  |TAMS 0x000000008bb00000, 0x000000008bb00000| Untracked 
| 188|0x000000008bc00000, 0x000000008bc00000, 0x000000008bd00000|  0%| F|  |TAMS 0x000000008bc00000, 0x000000008bc00000| Untracked 
| 189|0x000000008bd00000, 0x000000008bd00000, 0x000000008be00000|  0%| F|  |TAMS 0x000000008bd00000, 0x000000008bd00000| Untracked 
| 190|0x000000008be00000, 0x000000008be00000, 0x000000008bf00000|  0%| F|  |TAMS 0x000000008be00000, 0x000000008be00000| Untracked 
| 191|0x000000008bf00000, 0x000000008bf00000, 0x000000008c000000|  0%| F|  |TAMS 0x000000008bf00000, 0x000000008bf00000| Untracked 
| 192|0x000000008c000000, 0x000000008c000000, 0x000000008c100000|  0%| F|  |TAMS 0x000000008c000000, 0x000000008c000000| Untracked 
| 193|0x000000008c100000, 0x000000008c100000, 0x000000008c200000|  0%| F|  |TAMS 0x000000008c100000, 0x000000008c100000| Untracked 
| 194|0x000000008c200000, 0x000000008c200000, 0x000000008c300000|  0%| F|  |TAMS 0x000000008c200000, 0x000000008c200000| Untracked 
| 195|0x000000008c300000, 0x000000008c300000, 0x000000008c400000|  0%| F|  |TAMS 0x000000008c300000, 0x000000008c300000| Untracked 
| 196|0x000000008c400000, 0x000000008c400000, 0x000000008c500000|  0%| F|  |TAMS 0x000000008c400000, 0x000000008c400000| Untracked 
| 197|0x000000008c500000, 0x000000008c500000, 0x000000008c600000|  0%| F|  |TAMS 0x000000008c500000, 0x000000008c500000| Untracked 
| 198|0x000000008c600000, 0x000000008c600000, 0x000000008c700000|  0%| F|  |TAMS 0x000000008c600000, 0x000000008c600000| Untracked 
| 199|0x000000008c700000, 0x000000008c700000, 0x000000008c800000|  0%| F|  |TAMS 0x000000008c700000, 0x000000008c700000| Untracked 
| 200|0x000000008c800000, 0x000000008c800000, 0x000000008c900000|  0%| F|  |TAMS 0x000000008c800000, 0x000000008c800000| Untracked 
| 201|0x000000008c900000, 0x000000008c900000, 0x000000008ca00000|  0%| F|  |TAMS 0x000000008c900000, 0x000000008c900000| Untracked 

Card table byte_map: [0x0000015d39890000,0x0000015d39c90000] _byte_map_base: 0x0000015d39490000

Marking Bits (Prev, Next): (CMBitMap*) 0x0000015d260ed4b0, (CMBitMap*) 0x0000015d260ed478
 Prev Bits: [0x0000015d3c090000, 0x0000015d3e090000)
 Next Bits: [0x0000015d3a090000, 0x0000015d3c090000)

Polling page: 0x0000015d24850000

Metaspace:

Usage:
  Non-class:     76.83 MB capacity,    75.50 MB ( 98%) used,     1.10 MB (  1%) free+waste,   240.75 KB ( <1%) overhead. 
      Class:     12.30 MB capacity,    11.45 MB ( 93%) used,   754.55 KB (  6%) free+waste,   112.13 KB ( <1%) overhead. 
       Both:     89.13 MB capacity,    86.95 MB ( 98%) used,     1.83 MB (  2%) free+waste,   352.88 KB ( <1%) overhead. 

Virtual space:
  Non-class space:       78.00 MB reserved,      77.00 MB ( 99%) committed 
      Class space:        1.00 GB reserved,      12.38 MB (  1%) committed 
             Both:        1.08 GB reserved,      89.38 MB (  8%) committed 

Chunk freelists:
   Non-Class:  173.00 KB
       Class:  46.00 KB
        Both:  219.00 KB

MaxMetaspaceSize: 17179869184.00 GB
CompressedClassSpaceSize: 1.00 GB

CodeHeap 'non-profiled nmethods': size=120000Kb used=5166Kb max_used=5166Kb free=114833Kb
 bounds [0x0000015d31500000, 0x0000015d31a10000, 0x0000015d38a30000]
CodeHeap 'profiled nmethods': size=120000Kb used=21881Kb max_used=21881Kb free=98118Kb
 bounds [0x0000015d29fd0000, 0x0000015d2b540000, 0x0000015d31500000]
CodeHeap 'non-nmethods': size=5760Kb used=2267Kb max_used=2304Kb free=3492Kb
 bounds [0x0000015d29a30000, 0x0000015d29ca0000, 0x0000015d29fd0000]
 total_blobs=10899 nmethods=10034 adapters=776
 compilation: enabled
              stopped_count=0, restarted_count=0
 full_count=0

Compilation events (20 events):
Event: 12.417 Thread 0x0000015d40b67800 nmethod 10448 0x0000015d2b52d390 code [0x0000015d2b52d580, 0x0000015d2b52d788]
Event: 12.417 Thread 0x0000015d40b67800 10456 %     3       com.android.tools.r8.graph.q0::a @ 8 (258 bytes)
Event: 12.418 Thread 0x0000015d434da800 nmethod 10142 0x0000015d31a07710 code [0x0000015d31a07a40, 0x0000015d31a0a5a8]
Event: 12.418 Thread 0x0000015d40b67800 nmethod 10456% 0x0000015d2b52d990 code [0x0000015d2b52dbe0, 0x0000015d2b52e588]
Event: 12.418 Thread 0x0000015d40b67800 10452       2       com.android.tools.r8.v.b.q::<init> (32 bytes)
Event: 12.418 Thread 0x0000015d434da800 10153       4       java.util.AbstractCollection::addAll (42 bytes)
Event: 12.418 Thread 0x0000015d40b67800 nmethod 10452 0x0000015d2b52e910 code [0x0000015d2b52eb00, 0x0000015d2b52ef28]
Event: 12.418 Thread 0x0000015d40b67800 10457       2       com.android.tools.r8.ir.optimize.f::a (64 bytes)
Event: 12.419 Thread 0x0000015d40b67800 nmethod 10457 0x0000015d2b52f110 code [0x0000015d2b52f2e0, 0x0000015d2b52f4c8]
Event: 12.419 Thread 0x0000015d40b67800 10461       2       java.util.ArrayDeque$$Lambda$494/0x00000001008d8840::<init> (10 bytes)
Event: 12.419 Thread 0x0000015d40b67800 nmethod 10461 0x0000015d2b52f690 code [0x0000015d2b52f840, 0x0000015d2b52f978]
Event: 12.419 Thread 0x0000015d40b67800 10455       2       com.android.tools.r8.v.b.o0$$Lambda$1221/0x0000000100b6cc40::accept (8 bytes)
Event: 12.419 Thread 0x0000015d40b67800 nmethod 10455 0x0000015d2b52fa10 code [0x0000015d2b52fbc0, 0x0000015d2b52fdf8]
Event: 12.419 Thread 0x0000015d40b67800 10454       2       com.android.tools.r8.graph.L::c (8 bytes)
Event: 12.419 Thread 0x0000015d40b67800 nmethod 10454 0x0000015d2b52ff10 code [0x0000015d2b5300c0, 0x0000015d2b5301b8]
Event: 12.419 Thread 0x0000015d40b67800 10458       2       com.android.tools.r8.w.a.a.a.f.X::putAll (99 bytes)
Event: 12.420 Thread 0x0000015d40b67800 nmethod 10458 0x0000015d2b530290 code [0x0000015d2b5304a0, 0x0000015d2b530708]
Event: 12.420 Thread 0x0000015d40b67800 10451       2       com.android.tools.r8.w.a.a.a.f.X::<init> (17 bytes)
Event: 12.420 Thread 0x0000015d40b67800 nmethod 10451 0x0000015d2b530890 code [0x0000015d2b530a60, 0x0000015d2b530bc8]
Event: 12.420 Thread 0x0000015d40b67800 10464       2       com.android.tools.r8.v.b.u::c (23 bytes)

GC Heap History (20 events):
Event: 9.577 GC heap after
{Heap after GC invocations=22 (full 0):
 garbage-first heap   total 143360K, used 63763K [0x0000000080000000, 0x0000000100000000)
  region size 1024K, 7 young (7168K), 7 survivors (7168K)
 Metaspace       used 76044K, capacity 77998K, committed 78336K, reserved 1116160K
  class space    used 9944K, capacity 10663K, committed 10752K, reserved 1048576K
}
Event: 10.060 GC heap before
{Heap before GC invocations=22 (full 0):
 garbage-first heap   total 143360K, used 111891K [0x0000000080000000, 0x0000000100000000)
  region size 1024K, 55 young (56320K), 7 survivors (7168K)
 Metaspace       used 79321K, capacity 81363K, committed 81536K, reserved 1120256K
  class space    used 10374K, capacity 11076K, committed 11136K, reserved 1048576K
}
Event: 10.067 GC heap after
{Heap after GC invocations=23 (full 0):
 garbage-first heap   total 143360K, used 65463K [0x0000000080000000, 0x0000000100000000)
  region size 1024K, 5 young (5120K), 5 survivors (5120K)
 Metaspace       used 79321K, capacity 81363K, committed 81536K, reserved 1120256K
  class space    used 10374K, capacity 11076K, committed 11136K, reserved 1048576K
}
Event: 10.443 GC heap before
{Heap before GC invocations=23 (full 0):
 garbage-first heap   total 143360K, used 113591K [0x0000000080000000, 0x0000000100000000)
  region size 1024K, 53 young (54272K), 5 survivors (5120K)
 Metaspace       used 80311K, capacity 82299K, committed 82432K, reserved 1120256K
  class space    used 10468K, capacity 11161K, committed 11264K, reserved 1048576K
}
Event: 10.451 GC heap after
{Heap after GC invocations=24 (full 0):
 garbage-first heap   total 172032K, used 68853K [0x0000000080000000, 0x0000000100000000)
  region size 1024K, 6 young (6144K), 6 survivors (6144K)
 Metaspace       used 80311K, capacity 82299K, committed 82432K, reserved 1120256K
  class space    used 10468K, capacity 11161K, committed 11264K, reserved 1048576K
}
Event: 10.716 GC heap before
{Heap before GC invocations=24 (full 0):
 garbage-first heap   total 172032K, used 128245K [0x0000000080000000, 0x0000000100000000)
  region size 1024K, 65 young (66560K), 6 survivors (6144K)
 Metaspace       used 81463K, capacity 83685K, committed 83968K, reserved 1122304K
  class space    used 10641K, capacity 11468K, committed 11520K, reserved 1048576K
}
Event: 10.725 GC heap after
{Heap after GC invocations=25 (full 0):
 garbage-first heap   total 172032K, used 80033K [0x0000000080000000, 0x0000000100000000)
  region size 1024K, 9 young (9216K), 9 survivors (9216K)
 Metaspace       used 81463K, capacity 83685K, committed 83968K, reserved 1122304K
  class space    used 10641K, capacity 11468K, committed 11520K, reserved 1048576K
}
Event: 10.873 GC heap before
{Heap before GC invocations=25 (full 0):
 garbage-first heap   total 172032K, used 133281K [0x0000000080000000, 0x0000000100000000)
  region size 1024K, 60 young (61440K), 9 survivors (9216K)
 Metaspace       used 82397K, capacity 84598K, committed 84864K, reserved 1122304K
  class space    used 10785K, capacity 11606K, committed 11648K, reserved 1048576K
}
Event: 10.883 GC heap after
{Heap after GC invocations=26 (full 0):
 garbage-first heap   total 172032K, used 89622K [0x0000000080000000, 0x0000000100000000)
  region size 1024K, 8 young (8192K), 8 survivors (8192K)
 Metaspace       used 82397K, capacity 84598K, committed 84864K, reserved 1122304K
  class space    used 10785K, capacity 11606K, committed 11648K, reserved 1048576K
}
Event: 11.453 GC heap before
{Heap before GC invocations=26 (full 0):
 garbage-first heap   total 172032K, used 134678K [0x0000000080000000, 0x0000000100000000)
  region size 1024K, 52 young (53248K), 8 survivors (8192K)
 Metaspace       used 84381K, capacity 86693K, committed 86784K, reserved 1124352K
  class space    used 11073K, capacity 11946K, committed 12032K, reserved 1048576K
}
Event: 11.471 GC heap after
{Heap after GC invocations=27 (full 0):
 garbage-first heap   total 172032K, used 95419K [0x0000000080000000, 0x0000000100000000)
  region size 1024K, 7 young (7168K), 7 survivors (7168K)
 Metaspace       used 84381K, capacity 86693K, committed 86784K, reserved 1124352K
  class space    used 11073K, capacity 11946K, committed 12032K, reserved 1048576K
}
Event: 11.737 GC heap before
{Heap before GC invocations=28 (full 0):
 garbage-first heap   total 172032K, used 134331K [0x0000000080000000, 0x0000000100000000)
  region size 1024K, 46 young (47104K), 7 survivors (7168K)
 Metaspace       used 84682K, capacity 86818K, committed 87552K, reserved 1124352K
  class space    used 11055K, capacity 11855K, committed 12032K, reserved 1048576K
}
Event: 11.757 GC heap after
{Heap after GC invocations=29 (full 0):
 garbage-first heap   total 206848K, used 104753K [0x0000000080000000, 0x0000000100000000)
  region size 1024K, 6 young (6144K), 6 survivors (6144K)
 Metaspace       used 84682K, capacity 86818K, committed 87552K, reserved 1124352K
  class space    used 11055K, capacity 11855K, committed 12032K, reserved 1048576K
}
Event: 11.923 GC heap before
{Heap before GC invocations=29 (full 0):
 garbage-first heap   total 206848K, used 154929K [0x0000000080000000, 0x0000000100000000)
  region size 1024K, 55 young (56320K), 6 survivors (6144K)
 Metaspace       used 85921K, capacity 88168K, committed 88704K, reserved 1126400K
  class space    used 11224K, capacity 12074K, committed 12160K, reserved 1048576K
}
Event: 11.943 GC heap after
{Heap after GC invocations=30 (full 0):
 garbage-first heap   total 206848K, used 115563K [0x0000000080000000, 0x0000000100000000)
  region size 1024K, 7 young (7168K), 7 survivors (7168K)
 Metaspace       used 85921K, capacity 88168K, committed 88704K, reserved 1126400K
  class space    used 11224K, capacity 12074K, committed 12160K, reserved 1048576K
}
Event: 12.041 GC heap before
{Heap before GC invocations=30 (full 0):
 garbage-first heap   total 206848K, used 160619K [0x0000000080000000, 0x0000000100000000)
  region size 1024K, 51 young (52224K), 7 survivors (7168K)
 Metaspace       used 86602K, capacity 88861K, committed 89344K, reserved 1126400K
  class space    used 11358K, capacity 12219K, committed 12288K, reserved 1048576K
}
Event: 12.056 GC heap after
{Heap after GC invocations=31 (full 0):
 garbage-first heap   total 206848K, used 125376K [0x0000000080000000, 0x0000000100000000)
  region size 1024K, 7 young (7168K), 7 survivors (7168K)
 Metaspace       used 86602K, capacity 88861K, committed 89344K, reserved 1126400K
  class space    used 11358K, capacity 12219K, committed 12288K, reserved 1048576K
}
Event: 12.215 GC heap before
{Heap before GC invocations=32 (full 0):
 garbage-first heap   total 206848K, used 164288K [0x0000000080000000, 0x0000000100000000)
  region size 1024K, 45 young (46080K), 7 survivors (7168K)
 Metaspace       used 87805K, capacity 89934K, committed 90368K, reserved 1126400K
  class space    used 11528K, capacity 12362K, committed 12544K, reserved 1048576K
}
Event: 12.232 GC heap after
{Heap after GC invocations=33 (full 0):
 garbage-first heap   total 206848K, used 131957K [0x0000000080000000, 0x0000000100000000)
  region size 1024K, 6 young (6144K), 6 survivors (6144K)
 Metaspace       used 87805K, capacity 89934K, committed 90368K, reserved 1126400K
  class space    used 11528K, capacity 12362K, committed 12544K, reserved 1048576K
}
Event: 12.421 GC heap before
{Heap before GC invocations=33 (full 0):
 garbage-first heap   total 206848K, used 167797K [0x0000000080000000, 0x0000000100000000)
  region size 1024K, 41 young (41984K), 6 survivors (6144K)
 Metaspace       used 89038K, capacity 91269K, committed 91520K, reserved 1128448K
  class space    used 11727K, capacity 12594K, committed 12672K, reserved 1048576K
}

Deoptimization events (20 events):
Event: 12.335 Thread 0x0000015d45d50000 DEOPT PACKING pc=0x0000015d2b3b2190 sp=0x000000402dff9a70
Event: 12.335 Thread 0x0000015d45d50000 DEOPT UNPACKING pc=0x0000015d29a572ce sp=0x000000402dff8f70 mode 0
Event: 12.369 Thread 0x0000015d45d4f000 Uncommon trap: trap_request=0xffffff4d fr.pc=0x0000015d319b2550 relative=0x0000000000000230
Event: 12.369 Thread 0x0000015d45d4f000 Uncommon trap: reason=unstable_if action=reinterpret pc=0x0000015d319b2550 method=com.android.tools.r8.graph.q0.a([C)I @ 44 c2
Event: 12.369 Thread 0x0000015d45d4f000 DEOPT PACKING pc=0x0000015d319b2550 sp=0x000000402def9e20
Event: 12.369 Thread 0x0000015d45d4f000 DEOPT UNPACKING pc=0x0000015d29a574af sp=0x000000402def9d98 mode 2
Event: 12.369 Thread 0x0000015d45d4f000 Uncommon trap: trap_request=0xffffff4d fr.pc=0x0000015d315106c8 relative=0x00000000000002a8
Event: 12.369 Thread 0x0000015d45d4f000 Uncommon trap: reason=unstable_if action=reinterpret pc=0x0000015d315106c8 method=java.lang.StringUTF16.compress([CI[BII)I @ 20 c2
Event: 12.369 Thread 0x0000015d45d4f000 DEOPT PACKING pc=0x0000015d315106c8 sp=0x000000402def9d90
Event: 12.369 Thread 0x0000015d45d4f000 DEOPT UNPACKING pc=0x0000015d29a574af sp=0x000000402def9d10 mode 2
Event: 12.371 Thread 0x0000015d45d4f000 Uncommon trap: trap_request=0xffffff4d fr.pc=0x0000015d31848be0 relative=0x0000000000000340
Event: 12.371 Thread 0x0000015d45d4f000 Uncommon trap: reason=unstable_if action=reinterpret pc=0x0000015d31848be0 method=java.util.HashMap$HashIterator.<init>(Ljava/util/HashMap;)V @ 45 c2
Event: 12.371 Thread 0x0000015d45d4f000 DEOPT PACKING pc=0x0000015d31848be0 sp=0x000000402def9bb0
Event: 12.371 Thread 0x0000015d45d4f000 DEOPT UNPACKING pc=0x0000015d29a574af sp=0x000000402def9b68 mode 2
Event: 12.381 Thread 0x0000015d45d4f000 Uncommon trap: trap_request=0xffffff4d fr.pc=0x0000015d317bfc68 relative=0x00000000000027c8
Event: 12.381 Thread 0x0000015d45d4f000 Uncommon trap: reason=unstable_if action=reinterpret pc=0x0000015d317bfc68 method=java.util.TreeMap.put(Ljava/lang/Object;Ljava/lang/Object;)Ljava/lang/Object; @ 163 c2
Event: 12.381 Thread 0x0000015d45d4f000 DEOPT PACKING pc=0x0000015d317bfc68 sp=0x000000402def9cc0
Event: 12.381 Thread 0x0000015d45d4f000 DEOPT UNPACKING pc=0x0000015d29a574af sp=0x000000402def9c80 mode 2
Event: 12.399 Thread 0x0000015d45d50000 DEOPT PACKING pc=0x0000015d2b518aea sp=0x000000402dffa180
Event: 12.399 Thread 0x0000015d45d50000 DEOPT UNPACKING pc=0x0000015d29a572ce sp=0x000000402dff95f0 mode 0

Classes redefined (0 events):
No events

Internal exceptions (20 events):
Event: 11.886 Thread 0x0000015d45d48000 Exception <a 'java/lang/NoSuchMethodError'{0x000000008aa124f8}: 'java.lang.Object java.lang.invoke.DirectMethodHandle$Holder.invokeStatic(java.lang.Object, int, java.lang.Object, java.lang.Object)'> (0x000000008aa124f8) thrown at [./src/hotspot/share/interpreter/linkResolver.cpp, line 773]
Event: 11.886 Thread 0x0000015d45d4a000 Exception <a 'java/lang/NoSuchMethodError'{0x000000008aa052d0}: 'java.lang.Object java.lang.invoke.DirectMethodHandle$Holder.invokeStatic(java.lang.Object, int, java.lang.Object, java.lang.Object)'> (0x000000008aa052d0) thrown at [./src/hotspot/share/interpreter/linkResolver.cpp, line 773]
Event: 11.908 Thread 0x0000015d45d4a000 Exception <a 'java/lang/NoSuchMethodError'{0x000000008a3c90a0}: 'long java.lang.invoke.DirectMethodHandle$Holder.invokeStatic(java.lang.Object, java.lang.Object)'> (0x000000008a3c90a0) thrown at [./src/hotspot/share/interpreter/linkResolver.cpp, line 773]
Event: 11.908 Thread 0x0000015d45d48000 Exception <a 'java/lang/NoSuchMethodError'{0x000000008a7f0b08}: 'long java.lang.invoke.DirectMethodHandle$Holder.invokeStatic(java.lang.Object, java.lang.Object)'> (0x000000008a7f0b08) thrown at [./src/hotspot/share/interpreter/linkResolver.cpp, line 773]
Event: 11.944 Thread 0x0000015d45d48000 Exception <a 'java/lang/NoSuchMethodError'{0x000000008c92a4f0}: 'void java.lang.invoke.DirectMethodHandle$Holder.invokeSpecial(java.lang.Object, java.lang.Object, int, java.lang.Object)'> (0x000000008c92a4f0) thrown at [./src/hotspot/share/interpreter/linkResolver.cpp, line 773]
Event: 11.999 Thread 0x0000015d45d4d800 Exception <a 'java/lang/NoSuchMethodError'{0x000000008b5a8c38}: 'int java.lang.invoke.DirectMethodHandle$Holder.invokeSpecial(java.lang.Object, java.lang.Object, java.lang.Object, java.lang.Object, java.lang.Object)'> (0x000000008b5a8c38) thrown at [./src/hotspot/share/interpreter/linkResolver.cpp, line 773]
Event: 12.077 Thread 0x0000015d45d4f000 Exception <a 'java/lang/NoSuchMethodError'{0x000000008c054510}: 'java.lang.Object java.lang.invoke.DirectMethodHandle$Holder.invokeVirtual(java.lang.Object, java.lang.Object, int, java.lang.Object)'> (0x000000008c054510) thrown at [./src/hotspot/share/interpreter/linkResolver.cpp, line 773]
Event: 12.077 Thread 0x0000015d45d43800 Exception <a 'java/lang/NoSuchMethodError'{0x000000008bfdfd30}: 'java.lang.Object java.lang.invoke.DirectMethodHandle$Holder.invokeVirtual(java.lang.Object, java.lang.Object, int, java.lang.Object)'> (0x000000008bfdfd30) thrown at [./src/hotspot/share/interpreter/linkResolver.cpp, line 773]
Event: 12.079 Thread 0x0000015d45d4a000 Exception <a 'java/lang/NoSuchMethodError'{0x000000008bff55a0}: 'java.lang.Object java.lang.invoke.DirectMethodHandle$Holder.invokeVirtual(java.lang.Object, java.lang.Object, int, java.lang.Object)'> (0x000000008bff55a0) thrown at [./src/hotspot/share/interpreter/linkResolver.cpp, line 773]
Event: 12.127 Thread 0x0000015d45d49800 Exception <a 'java/lang/NoSuchMethodError'{0x000000008b8e9f68}: 'void java.lang.invoke.DirectMethodHandle$Holder.invokeVirtual(java.lang.Object, java.lang.Object, int, java.lang.Object)'> (0x000000008b8e9f68) thrown at [./src/hotspot/share/interpreter/linkResolver.cpp, line 773]
Event: 12.127 Thread 0x0000015d45d48000 Exception <a 'java/lang/NoSuchMethodError'{0x000000008b88d118}: 'void java.lang.invoke.DirectMethodHandle$Holder.invokeVirtual(java.lang.Object, java.lang.Object, int, java.lang.Object)'> (0x000000008b88d118) thrown at [./src/hotspot/share/interpreter/linkResolver.cpp, line 773]
Event: 12.205 Thread 0x0000015d45d4e800 Exception <a 'java/lang/NoSuchMethodError'{0x000000008a789da0}: 'int java.lang.invoke.DirectMethodHandle$Holder.invokeSpecial(java.lang.Object, java.lang.Object, java.lang.Object, int, java.lang.Object)'> (0x000000008a789da0) thrown at [./src/hotspot/share/interpreter/linkResolver.cpp, line 773]
Event: 12.205 Thread 0x0000015d45d4f000 Exception <a 'java/lang/NoSuchMethodError'{0x000000008a6f18b0}: 'int java.lang.invoke.DirectMethodHandle$Holder.invokeSpecial(java.lang.Object, java.lang.Object, java.lang.Object, int, java.lang.Object)'> (0x000000008a6f18b0) thrown at [./src/hotspot/share/interpreter/linkResolver.cpp, line 773]
Event: 12.206 Thread 0x0000015d45d4d800 Exception <a 'java/lang/NoSuchMethodError'{0x000000008aa30368}: 'int java.lang.invoke.DirectMethodHandle$Holder.invokeSpecial(java.lang.Object, java.lang.Object, java.lang.Object, int, java.lang.Object)'> (0x000000008aa30368) thrown at [./src/hotspot/share/interpreter/linkResolver.cpp, line 773]
Event: 12.236 Thread 0x0000015d45d4d800 Exception <a 'java/lang/NoSuchMethodError'{0x000000008c987780}: 'java.lang.Object java.lang.invoke.DirectMethodHandle$Holder.newInvokeSpecial(java.lang.Object, int)'> (0x000000008c987780) thrown at [./src/hotspot/share/interpreter/linkResolver.cpp, line 773]
Event: 12.236 Thread 0x0000015d45d49800 Exception <a 'java/lang/NoSuchMethodError'{0x000000008c9c8538}: 'java.lang.Object java.lang.invoke.DirectMethodHandle$Holder.newInvokeSpecial(java.lang.Object, int)'> (0x000000008c9c8538) thrown at [./src/hotspot/share/interpreter/linkResolver.cpp, line 773]
Event: 12.237 Thread 0x0000015d45d48000 Exception <a 'java/lang/NoSuchMethodError'{0x000000008c87b9a8}: 'java.lang.Object java.lang.invoke.DirectMethodHandle$Holder.newInvokeSpecial(java.lang.Object, int)'> (0x000000008c87b9a8) thrown at [./src/hotspot/share/interpreter/linkResolver.cpp, line 773]
Event: 12.236 Thread 0x0000015d45d4a000 Exception <a 'java/lang/NoSuchMethodError'{0x000000008c83da80}: 'java.lang.Object java.lang.invoke.DirectMethodHandle$Holder.newInvokeSpecial(java.lang.Object, int)'> (0x000000008c83da80) thrown at [./src/hotspot/share/interpreter/linkResolver.cpp, line 773]
Event: 12.236 Thread 0x0000015d45d43800 Exception <a 'java/lang/NoSuchMethodError'{0x000000008c9dcf50}: 'java.lang.Object java.lang.invoke.DirectMethodHandle$Holder.newInvokeSpecial(java.lang.Object, int)'> (0x000000008c9dcf50) thrown at [./src/hotspot/share/interpreter/linkResolver.cpp, line 773]
Event: 12.313 Thread 0x0000015d45d43800 Exception <a 'java/lang/NoSuchMethodError'{0x000000008bc52110}: 'java.lang.Object java.lang.invoke.DirectMethodHandle$Holder.invokeInterface(java.lang.Object, java.lang.Object, int)'> (0x000000008bc52110) thrown at [./src/hotspot/share/interpreter/linkResolver.cpp, line 773]

Events (20 events):
Event: 12.407 loading class com/android/tools/r8/code/m0 done
Event: 12.408 loading class com/android/tools/r8/code/j0
Event: 12.408 loading class com/android/tools/r8/code/j0 done
Event: 12.408 loading class com/android/tools/r8/code/l0
Event: 12.408 loading class com/android/tools/r8/code/l0 done
Event: 12.409 loading class com/android/tools/r8/code/o0
Event: 12.409 loading class com/android/tools/r8/code/o0 done
Event: 12.409 loading class com/android/tools/r8/code/s0
Event: 12.409 loading class com/android/tools/r8/code/s0 done
Event: 12.410 loading class com/android/tools/r8/code/n0
Event: 12.410 loading class com/android/tools/r8/code/n0 done
Event: 12.411 loading class com/android/tools/r8/code/p0
Event: 12.411 loading class com/android/tools/r8/code/p0 done
Event: 12.412 loading class com/android/tools/r8/code/k0
Event: 12.412 loading class com/android/tools/r8/code/k0 done
Event: 12.413 loading class com/android/tools/r8/code/r0
Event: 12.413 loading class com/android/tools/r8/code/r0 done
Event: 12.413 loading class com/android/tools/r8/code/q0
Event: 12.414 loading class com/android/tools/r8/code/q0 done
Event: 12.420 Executing VM operation: G1CollectForAllocation


Dynamic libraries:
0x00007ff68cc90000 - 0x00007ff68cc9a000 	C:\Program Files\Android\Android Studio\jre\bin\java.exe
0x00007ffbc3fd0000 - 0x00007ffbc41c5000 	C:\WINDOWS\SYSTEM32\ntdll.dll
0x00007ffbc3dd0000 - 0x00007ffbc3e8e000 	C:\WINDOWS\System32\KERNEL32.DLL
0x00007ffbc18f0000 - 0x00007ffbc1bb9000 	C:\WINDOWS\System32\KERNELBASE.dll
0x00007ffbc1c70000 - 0x00007ffbc1d70000 	C:\WINDOWS\System32\ucrtbase.dll
0x00007ffbbba00000 - 0x00007ffbbba19000 	C:\Program Files\Android\Android Studio\jre\bin\jli.dll
0x00007ffbb2500000 - 0x00007ffbb2517000 	C:\Program Files\Android\Android Studio\jre\bin\VCRUNTIME140.dll
0x00007ffbc2d80000 - 0x00007ffbc2f21000 	C:\WINDOWS\System32\USER32.dll
0x00007ffbc1bc0000 - 0x00007ffbc1be2000 	C:\WINDOWS\System32\win32u.dll
0x00007ffbb35d0000 - 0x00007ffbb386a000 	C:\WINDOWS\WinSxS\amd64_microsoft.windows.common-controls_6595b64144ccf1df_6.0.19041.1110_none_60b5254171f9507e\COMCTL32.dll
0x00007ffbc3e90000 - 0x00007ffbc3f2e000 	C:\WINDOWS\System32\msvcrt.dll
0x00007ffbc20d0000 - 0x00007ffbc20fb000 	C:\WINDOWS\System32\GDI32.dll
0x00007ffbc1eb0000 - 0x00007ffbc1fbb000 	C:\WINDOWS\System32\gdi32full.dll
0x00007ffbc1850000 - 0x00007ffbc18ed000 	C:\WINDOWS\System32\msvcp_win.dll
0x00007ffbc2990000 - 0x00007ffbc29c0000 	C:\WINDOWS\System32\IMM32.DLL
0x00007ffbb13f0000 - 0x00007ffbb148d000 	C:\Program Files\Android\Android Studio\jre\bin\msvcp140.dll
0x00007ffb80290000 - 0x00007ffb80d4c000 	C:\Program Files\Android\Android Studio\jre\bin\server\jvm.dll
0x00007ffbc2ca0000 - 0x00007ffbc2d4c000 	C:\WINDOWS\System32\ADVAPI32.dll
0x00007ffbc3bc0000 - 0x00007ffbc3c5b000 	C:\WINDOWS\System32\sechost.dll
0x00007ffbc29c0000 - 0x00007ffbc2aea000 	C:\WINDOWS\System32\RPCRT4.dll
0x00007ffbc2d60000 - 0x00007ffbc2d68000 	C:\WINDOWS\System32\PSAPI.DLL
0x00007ffbb6bd0000 - 0x00007ffbb6bda000 	C:\WINDOWS\SYSTEM32\VERSION.dll
0x00007ffbbd1c0000 - 0x00007ffbbd1c9000 	C:\WINDOWS\SYSTEM32\WSOCK32.dll
0x00007ffbb6b50000 - 0x00007ffbb6b77000 	C:\WINDOWS\SYSTEM32\WINMM.dll
0x00007ffbc2560000 - 0x00007ffbc25cb000 	C:\WINDOWS\System32\WS2_32.dll
0x00007ffbbf5f0000 - 0x00007ffbbf602000 	C:\WINDOWS\SYSTEM32\kernel.appcore.dll
0x00007ffbbd1a0000 - 0x00007ffbbd1b1000 	C:\Program Files\Android\Android Studio\jre\bin\verify.dll
0x00007ffbbb600000 - 0x00007ffbbb7e4000 	C:\WINDOWS\SYSTEM32\DBGHELP.DLL
0x00007ffbb9d50000 - 0x00007ffbb9d7c000 	C:\WINDOWS\SYSTEM32\dbgcore.DLL
0x00007ffbc1d70000 - 0x00007ffbc1df3000 	C:\WINDOWS\System32\bcryptPrimitives.dll
0x00007ffbb15c0000 - 0x00007ffbb15e9000 	C:\Program Files\Android\Android Studio\jre\bin\java.dll
0x00007ffbbcb90000 - 0x00007ffbbcb9b000 	C:\Program Files\Android\Android Studio\jre\bin\jimage.dll
0x00007ffbb1f90000 - 0x00007ffbb1fa8000 	C:\Program Files\Android\Android Studio\jre\bin\zip.dll
0x00007ffbc2f30000 - 0x00007ffbc366f000 	C:\WINDOWS\System32\SHELL32.dll
0x00007ffbbf7f0000 - 0x00007ffbbff80000 	C:\WINDOWS\SYSTEM32\windows.storage.dll
0x00007ffbc2630000 - 0x00007ffbc2985000 	C:\WINDOWS\System32\combase.dll
0x00007ffbc1070000 - 0x00007ffbc109c000 	C:\WINDOWS\SYSTEM32\Wldp.dll
0x00007ffbc2020000 - 0x00007ffbc20ce000 	C:\WINDOWS\System32\SHCORE.dll
0x00007ffbc25d0000 - 0x00007ffbc2625000 	C:\WINDOWS\System32\shlwapi.dll
0x00007ffbc1630000 - 0x00007ffbc164f000 	C:\WINDOWS\SYSTEM32\profapi.dll
0x00007ffbb1c20000 - 0x00007ffbb1c3a000 	C:\Program Files\Android\Android Studio\jre\bin\net.dll
0x00007ffbb7f30000 - 0x00007ffbb8038000 	C:\WINDOWS\SYSTEM32\WINHTTP.dll
0x00007ffbc0dd0000 - 0x00007ffbc0e3a000 	C:\WINDOWS\system32\mswsock.dll
0x00007ffbb0fc0000 - 0x00007ffbb0fd4000 	C:\Program Files\Android\Android Studio\jre\bin\nio.dll
0x00007ffbaa360000 - 0x00007ffbaa387000 	C:\Users\acer\.gradle\native\fdc75f09e3144964f2cf3f50f0aa648679c211496f362492102eb8c894070792\windows-amd64\native-platform.dll
0x00007ffb92b30000 - 0x00007ffb92cc6000 	C:\Users\acer\.gradle\native\12488b8bf47d2d4c9fbf2f6322a914ad602e24e48041cd04a747c6da556b65c4\windows-amd64\native-platform-file-events.dll
0x00007ffbbcb80000 - 0x00007ffbbcb8a000 	C:\Program Files\Android\Android Studio\jre\bin\management.dll
0x00007ffbbb9c0000 - 0x00007ffbbb9cc000 	C:\Program Files\Android\Android Studio\jre\bin\management_ext.dll
0x00007ffbc0fc0000 - 0x00007ffbc0fd8000 	C:\WINDOWS\SYSTEM32\CRYPTSP.dll
0x00007ffbc0750000 - 0x00007ffbc0784000 	C:\WINDOWS\system32\rsaenh.dll
0x00007ffbc1bf0000 - 0x00007ffbc1c17000 	C:\WINDOWS\System32\bcrypt.dll
0x00007ffbc15f0000 - 0x00007ffbc161e000 	C:\WINDOWS\SYSTEM32\USERENV.dll
0x00007ffbc0fe0000 - 0x00007ffbc0fec000 	C:\WINDOWS\SYSTEM32\CRYPTBASE.dll
0x00007ffbc0ac0000 - 0x00007ffbc0afb000 	C:\WINDOWS\SYSTEM32\IPHLPAPI.DLL
0x00007ffbc2d70000 - 0x00007ffbc2d78000 	C:\WINDOWS\System32\NSI.dll
0x00007ffbba530000 - 0x00007ffbba547000 	C:\WINDOWS\SYSTEM32\dhcpcsvc6.DLL
0x00007ffbba950000 - 0x00007ffbba96d000 	C:\WINDOWS\SYSTEM32\dhcpcsvc.DLL
0x00007ffbc0b00000 - 0x00007ffbc0bcc000 	C:\WINDOWS\SYSTEM32\DNSAPI.dll
0x00007ffbbae30000 - 0x00007ffbbae3b000 	C:\WINDOWS\SYSTEM32\WINNSI.DLL

dbghelp: loaded successfully - version: 4.0.5 - missing functions: none
symbol engine: initialized successfully - sym options: 0x614 - pdb path: .;C:\Program Files\Android\Android Studio\jre\bin;C:\WINDOWS\SYSTEM32;C:\WINDOWS\WinSxS\amd64_microsoft.windows.common-controls_6595b64144ccf1df_6.0.19041.1110_none_60b5254171f9507e;C:\Program Files\Android\Android Studio\jre\bin\server;C:\Users\acer\.gradle\native\fdc75f09e3144964f2cf3f50f0aa648679c211496f362492102eb8c894070792\windows-amd64;C:\Users\acer\.gradle\native\12488b8bf47d2d4c9fbf2f6322a914ad602e24e48041cd04a747c6da556b65c4\windows-amd64

VM Arguments:
jvm_args: --add-opens=java.base/java.util=ALL-UNNAMED --add-opens=java.base/java.lang=ALL-UNNAMED --add-opens=java.base/java.lang.invoke=ALL-UNNAMED --add-opens=java.prefs/java.util.prefs=ALL-UNNAMED -Xmx2048m -Dfile.encoding=UTF-8 -Duser.country=US -Duser.language=en -Duser.variant 
java_command: org.gradle.launcher.daemon.bootstrap.GradleDaemon 6.7.1
java_class_path (initial): C:\Users\acer\.gradle\wrapper\dists\gradle-6.7.1-bin\bwlcbys1h7rz3272sye1xwiv6\gradle-6.7.1\lib\gradle-launcher-6.7.1.jar
Launcher Type: SUN_STANDARD

[Global flags]
     intx CICompilerCount                          = 4                                         {product} {ergonomic}
     uint ConcGCThreads                            = 2                                         {product} {ergonomic}
     uint G1ConcRefinementThreads                  = 8                                         {product} {ergonomic}
   size_t G1HeapRegionSize                         = 1048576                                   {product} {ergonomic}
    uintx GCDrainStackTargetSize                   = 64                                        {product} {ergonomic}
   size_t InitialHeapSize                          = 100663296                                 {product} {ergonomic}
   size_t MarkStackSize                            = 4194304                                   {product} {ergonomic}
   size_t MaxHeapSize                              = 2147483648                                {product} {command line}
   size_t MaxNewSize                               = 1287651328                                {product} {ergonomic}
   size_t MinHeapDeltaBytes                        = 1048576                                   {product} {ergonomic}
    uintx NonNMethodCodeHeapSize                   = 5836300                                {pd product} {ergonomic}
    uintx NonProfiledCodeHeapSize                  = 122910970                              {pd product} {ergonomic}
    uintx ProfiledCodeHeapSize                     = 122910970                              {pd product} {ergonomic}
    uintx ReservedCodeCacheSize                    = 251658240                              {pd product} {ergonomic}
     bool SegmentedCodeCache                       = true                                      {product} {ergonomic}
     bool UseCompressedClassPointers               = true                                 {lp64_product} {ergonomic}
     bool UseCompressedOops                        = true                                 {lp64_product} {ergonomic}
     bool UseG1GC                                  = true                                      {product} {ergonomic}
     bool UseLargePagesIndividualAllocation        = false                                  {pd product} {ergonomic}

Logging:
Log output configuration:
 #0: stdout all=warning uptime,level,tags
 #1: stderr all=off uptime,level,tags

Environment Variables:
PATH=C:\Program Files (x86)\Common Files\Oracle\Java\javapath;C:\WINDOWS\system32;C:\WINDOWS;C:\WINDOWS\System32\Wbem;C:\WINDOWS\System32\WindowsPowerShell\v1.0\;C:\WINDOWS\System32\OpenSSH\;D:\Nodejs\;C:\Program Files\Git\cmd;D:\Xampp\php;C:\ProgramData\ComposerSetup\bin;C:\Users\acer\AppData\Local\Microsoft\WindowsApps;C:\Users\acer\AppData\Local\Programs\Microsoft VS Code\bin;C:\Users\acer\AppData\Roaming\npm;C:\Users\acer\AppData\Roaming\Composer\vendor\bin;C:\Users\acer\AppData\Local\GitHubDesktop\bin
USERNAME=acer
OS=Windows_NT
PROCESSOR_IDENTIFIER=AMD64 Family 23 Model 24 Stepping 1, AuthenticAMD



---------------  S Y S T E M  ---------------

OS: Windows 10 , 64 bit Build 19041 (10.0.19041.1200)
OS uptime: 20 days 17:14 hours

CPU:total 8 (initial active 8) (8 cores per cpu, 2 threads per core) family 23 model 24 stepping 1, cmov, cx8, fxsr, mmx, sse, sse2, sse3, ssse3, sse4.1, sse4.2, popcnt, avx, avx2, aes, clmul, mmxext, 3dnowpref, lzcnt, sse4a, ht, tsc, tscinvbit, tscinv, bmi1, bmi2, adx, sha, fma

Memory: 4k page, system-wide physical 6082M (304M free)
TotalPageFile size 14082M (AvailPageFile size 78M)
current process WorkingSet (physical memory assigned to process): 439M, peak: 442M
current process commit charge ("private bytes"): 581M, peak: 670M

vm_info: OpenJDK 64-Bit Server VM (11.0.8+10-b944.6842174) for windows-amd64 JRE (11.0.8+10-b944.6842174), built on Sep 19 2020 01:11:42 by "builder" with MS VC++ 14.0 (VS2015)

END.
