#
# There is insufficient memory for the Java Runtime Environment to continue.
# Native memory allocation (mmap) failed to map 53477376 bytes for Failed to commit area from 0x000000008ca00000 to 0x000000008fd00000 of length 53477376.
# Possible reasons:
#   The system is out of physical RAM or swap space
#   The process is running with CompressedOops enabled, and the Java Heap may be blocking the growth of the native heap
# Possible solutions:
#   Reduce memory load on the system
#   Increase physical memory or swap space
#   Check if swap backing store is full
#   Decrease Java heap size (-Xmx/-Xms)
#   Decrease number of Java threads
#   Decrease Java thread stack sizes (-Xss)
#   Set larger code cache with -XX:ReservedCodeCacheSize=
#   JVM is running with Unscaled Compressed Oops mode in which the Java heap is
#     placed in the first 4GB address space. The Java Heap base address is the
#     maximum limit for the native heap growth. Please use -XX:HeapBaseMinAddress
#     to set the Java Heap base and to place the Java Heap above 4GB virtual address.
# This output file may be truncated or incomplete.
#
#  Out of Memory Error (./src/hotspot/os/windows/os_windows.cpp:3301), pid=12000, tid=2460
#
# JRE version: OpenJDK Runtime Environment (11.0.10) (build 11.0.10+0-b96-7249189)
# Java VM: OpenJDK 64-Bit Server VM (11.0.10+0-b96-7249189, mixed mode, tiered, compressed oops, g1 gc, windows-amd64)
# No core dump will be written. Minidumps are not enabled by default on client versions of Windows
#

---------------  S U M M A R Y ------------

Command Line: --add-opens=java.base/java.util=ALL-UNNAMED --add-opens=java.base/java.lang=ALL-UNNAMED --add-opens=java.base/java.lang.invoke=ALL-UNNAMED --add-opens=java.prefs/java.util.prefs=ALL-UNNAMED -Xmx2048m -Dfile.encoding=UTF-8 -Duser.country=US -Duser.language=en -Duser.variant org.gradle.launcher.daemon.bootstrap.GradleDaemon 6.7.1

Host: AMD Ryzen 5 3550H with Radeon Vega Mobile Gfx  , 8 cores, 5G,  Windows 10 , 64 bit Build 22000 (10.0.22000.120)
Time: Fri Oct 15 19:56:31 2021 SE Asia Standard Time elapsed time: 1858.977583 seconds (0d 0h 30m 58s)

---------------  T H R E A D  ---------------

Current thread (0x000002c4f1f04800):  VMThread "VM Thread" [stack: 0x000000e583e00000,0x000000e583f00000] [id=2460]

Stack: [0x000000e583e00000,0x000000e583f00000]
[error occurred during error reporting (printing stack bounds), id 0xc0000005, EXCEPTION_ACCESS_VIOLATION (0xc0000005) at pc=0x000002c4db5b0f2d]

Native frames: (J=compiled Java code, j=interpreted, Vv=VM code, C=native code)
V  [jvm.dll+0x5ecfaa]
V  [jvm.dll+0x722bd5]
V  [jvm.dll+0x72412d]
V  [jvm.dll+0x724745]
V  [jvm.dll+0x7246fb]
V  [jvm.dll+0x5ec348]
V  [jvm.dll+0x5ecad8]
C  [ntdll.dll+0xa826f]
C  [ntdll.dll+0x359ca]
C  [ntdll.dll+0xa727e]
C  0x000002c4db5b0f2d

VM_Operation (0x000000e58e2f6a60): G1CollectForAllocation, mode: safepoint, requested by thread 0x000002c4f89fb800


---------------  P R O C E S S  ---------------

Threads class SMR info:
_java_thread_list=0x000002c4f4b91e10, length=162, elements={
0x000002c4d7abc000, 0x000002c4f1f08000, 0x000002c4f1f0a000, 0x000002c4f28f2800,
0x000002c4f1f24000, 0x000002c4f1f25000, 0x000002c4f1f27000, 0x000002c4f1f37800,
0x000002c4f1f3a000, 0x000002c4f2a3e800, 0x000002c4f40ef800, 0x000002c4f2b18800,
0x000002c4f3cdb000, 0x000002c4f37a8800, 0x000002c4f37ad800, 0x000002c4f37ad000,
0x000002c4f67f0000, 0x000002c4f67f4000, 0x000002c4fa166800, 0x000002c4f87d9800,
0x000002c4f87db800, 0x000002c4f87d6000, 0x000002c4f87dc800, 0x000002c4f87d7000,
0x000002c4f87d7800, 0x000002c4f87dd800, 0x000002c4f87de000, 0x000002c4f87d8800,
0x000002c4f87db000, 0x000002c4f87df000, 0x000002c4f87da000, 0x000002c4f87e2000,
0x000002c4f87e0800, 0x000002c4f87e1800, 0x000002c4f87e3000, 0x000002c4fa161000,
0x000002c4fa15d800, 0x000002c4fa15b800, 0x000002c4fa15c000, 0x000002c4fa15e800,
0x000002c4fa162800, 0x000002c4fa15f800, 0x000002c4fa15d000, 0x000002c4fa162000,
0x000002c4fa163800, 0x000002c4fa165000, 0x000002c4fa166000, 0x000002c4fa160000,
0x000002c4fa169000, 0x000002c4fa168800, 0x000002c4fa16a000, 0x000002c4f67f6800,
0x000002c4f67f1800, 0x000002c4f67f0800, 0x000002c4f67f7800, 0x000002c4f67f3000,
0x000002c4f67f8000, 0x000002c4f67f2800, 0x000002c4f67f9000, 0x000002c4f67fe000,
0x000002c4f67f9800, 0x000002c4f67fe800, 0x000002c4f67fa800, 0x000002c4f67fb800,
0x000002c4f67fc000, 0x000002c4f67fd000, 0x000002c4f37aa800, 0x000002c4f37a7000,
0x000002c4f37a8000, 0x000002c4f37ac000, 0x000002c4f37a9800, 0x000002c4f37ab000,
0x000002c4f2b3e800, 0x000002c4f2b42000, 0x000002c4f2b41000, 0x000002c4f2b40000,
0x000002c4f2b3c000, 0x000002c4f2b42800, 0x000002c4f2b3f800, 0x000002c4f2b3d000,
0x000002c4f2b3e000, 0x000002c4fd019000, 0x000002c4fd01b800, 0x000002c4fd01a000,
0x000002c4fd01e000, 0x000002c4fd01c800, 0x000002c4fd018800, 0x000002c4fd01d000,
0x000002c4fd020800, 0x000002c4fd01a800, 0x000002c4fd023800, 0x000002c4fd024800,
0x000002c4fd023000, 0x000002c4fd01f000, 0x000002c4fd021800, 0x000002c4fd022000,
0x000002c4fd025800, 0x000002c4fd01f800, 0x000002c4fd026000, 0x000002c4fd027000,
0x000002c4f5d92000, 0x000002c4f5d95800, 0x000002c4f5d93000, 0x000002c4f5d97000,
0x000002c4f5d96800, 0x000002c4f5d98000, 0x000002c4f5d99000, 0x000002c4f5d99800,
0x000002c4f5d94000, 0x000002c4f5d9a800, 0x000002c4f5d94800, 0x000002c4f5d9e800,
0x000002c4f5d9b000, 0x000002c4f5da0000, 0x000002c4f5d9d800, 0x000002c4f5d9f800,
0x000002c4f5da1000, 0x000002c4f5d9c000, 0x000002c4f5d9d000, 0x000002c4f4a29800,
0x000002c4f4a2a000, 0x000002c4f4a2b000, 0x000002c4f4a2b800, 0x000002c4f4a26000,
0x000002c4f4a27800, 0x000002c4f4a27000, 0x000002c4f4a2c800, 0x000002c4f4a2e000,
0x000002c4f4a2d800, 0x000002c4f4a28800, 0x000002c4f4a30800, 0x000002c4f4a30000,
0x000002c4f4a2f000, 0x000002c4f4a31800, 0x000002c4f4a32800, 0x000002c4f4a33000,
0x000002c4f4a34000, 0x000002c4f4a34800, 0x000002c4fd576000, 0x000002c4fd579000,
0x000002c4fd577000, 0x000002c4fd575000, 0x000002c4fd577800, 0x000002c4fd578800,
0x000002c4fd574800, 0x000002c4fd57b000, 0x000002c4fd580000, 0x000002c4fd57b800,
0x000002c4fd57d800, 0x000002c4fd57c800, 0x000002c4fd57e000, 0x000002c4fd57f000,
0x000002c4fd57a000, 0x000002c4fd580800, 0x000002c4fd581800, 0x000002c4fd583000,
0x000002c4f89f9000, 0x000002c4f89f5000, 0x000002c4f89f9800, 0x000002c4f89f4000,
0x000002c4f89f8000, 0x000002c4f89fb800
}

Java Threads: ( => current thread )
  0x000002c4d7abc000 JavaThread "main" [_thread_blocked, id=13668, stack(0x000000e583800000,0x000000e583900000)]
  0x000002c4f1f08000 JavaThread "Reference Handler" daemon [_thread_blocked, id=5632, stack(0x000000e583f00000,0x000000e584000000)]
  0x000002c4f1f0a000 JavaThread "Finalizer" daemon [_thread_blocked, id=12684, stack(0x000000e584000000,0x000000e584100000)]
  0x000002c4f28f2800 JavaThread "Signal Dispatcher" daemon [_thread_blocked, id=3884, stack(0x000000e584100000,0x000000e584200000)]
  0x000002c4f1f24000 JavaThread "Attach Listener" daemon [_thread_blocked, id=8836, stack(0x000000e584200000,0x000000e584300000)]
  0x000002c4f1f25000 JavaThread "Service Thread" daemon [_thread_blocked, id=14900, stack(0x000000e584300000,0x000000e584400000)]
  0x000002c4f1f27000 JavaThread "C2 CompilerThread0" daemon [_thread_blocked, id=11092, stack(0x000000e584400000,0x000000e584500000)]
  0x000002c4f1f37800 JavaThread "C1 CompilerThread0" daemon [_thread_blocked, id=2392, stack(0x000000e584500000,0x000000e584600000)]
  0x000002c4f1f3a000 JavaThread "Sweeper thread" daemon [_thread_blocked, id=2756, stack(0x000000e584600000,0x000000e584700000)]
  0x000002c4f2a3e800 JavaThread "Common-Cleaner" daemon [_thread_blocked, id=6696, stack(0x000000e584700000,0x000000e584800000)]
  0x000002c4f40ef800 JavaThread "Daemon health stats" [_thread_blocked, id=416, stack(0x000000e584c00000,0x000000e584d00000)]
  0x000002c4f2b18800 JavaThread "Incoming local TCP Connector on port 59128" [_thread_in_native, id=14876, stack(0x000000e584d00000,0x000000e584e00000)]
  0x000002c4f3cdb000 JavaThread "Daemon periodic checks" [_thread_blocked, id=6496, stack(0x000000e584e00000,0x000000e584f00000)]
  0x000002c4f37a8800 JavaThread "Cache worker for file hash cache (C:\Users\acer\.gradle\caches\6.7.1\fileHashes)" [_thread_blocked, id=7996, stack(0x000000e585e00000,0x000000e585f00000)]
  0x000002c4f37ad800 JavaThread "File lock request listener" [_thread_in_native, id=14224, stack(0x000000e585f00000,0x000000e586000000)]
  0x000002c4f37ad000 JavaThread "Cache worker for journal cache (C:\Users\acer\.gradle\caches\journal-1)" [_thread_blocked, id=9520, stack(0x000000e586100000,0x000000e586200000)]
  0x000002c4f67f0000 JavaThread "Cache worker for execution history cache (C:\Users\acer\.gradle\caches\6.7.1\executionHistory)" [_thread_blocked, id=5696, stack(0x000000e587a00000,0x000000e587b00000)]
  0x000002c4f67f4000 JavaThread "Cache worker for file content cache (C:\Users\acer\.gradle\caches\6.7.1\fileContent)" [_thread_blocked, id=4052, stack(0x000000e587b00000,0x000000e587c00000)]
  0x000002c4fa166800 JavaThread "Memory manager" [_thread_blocked, id=15112, stack(0x000000e58d500000,0x000000e58d600000)]
  0x000002c4f87d9800 JavaThread "Daemon Thread 2" [_thread_blocked, id=13468, stack(0x000000e583500000,0x000000e583600000)]
  0x000002c4f87db800 JavaThread "Handler for socket connection from /127.0.0.1:59128 to /127.0.0.1:63548" [_thread_in_native, id=11900, stack(0x000000e583600000,0x000000e583700000)]
  0x000002c4f87d6000 JavaThread "Cancel handler" [_thread_blocked, id=13756, stack(0x000000e583700000,0x000000e583800000)]
  0x000002c4f87dc800 JavaThread "Daemon worker Thread 2" [_thread_blocked, id=12676, stack(0x000000e584900000,0x000000e584a00000)]
  0x000002c4f87d7000 JavaThread "Asynchronous log dispatcher for DefaultDaemonConnection: socket connection from /127.0.0.1:59128 to /127.0.0.1:63548" [_thread_blocked, id=12880, stack(0x000000e584b00000,0x000000e584c00000)]
  0x000002c4f87d7800 JavaThread "Stdin handler" [_thread_blocked, id=2932, stack(0x000000e584f00000,0x000000e585000000)]
  0x000002c4f87dd800 JavaThread "Thread-139" [_thread_blocked, id=8340, stack(0x000000e585000000,0x000000e585100000)]
  0x000002c4f87de000 JavaThread "Cache worker for file hash cache (D:\Du an truong\DuanPhonestore\.gradle\6.7.1\fileHashes)" [_thread_blocked, id=7076, stack(0x000000e585800000,0x000000e585900000)]
  0x000002c4f87d8800 JavaThread "Cache worker for checksums cache (D:\Du an truong\DuanPhonestore\.gradle\checksums)" [_thread_blocked, id=13636, stack(0x000000e585900000,0x000000e585a00000)]
  0x000002c4f87db000 JavaThread "Cache worker for cache directory md-supplier (C:\Users\acer\.gradle\caches\6.7.1\md-supplier)" [_thread_blocked, id=11976, stack(0x000000e585a00000,0x000000e585b00000)]
  0x000002c4f87df000 JavaThread "Cache worker for cache directory md-rule (C:\Users\acer\.gradle\caches\6.7.1\md-rule)" [_thread_blocked, id=12192, stack(0x000000e585b00000,0x000000e585c00000)]
  0x000002c4f87da000 JavaThread "Cache worker for Build Output Cleanup Cache (D:\Du an truong\DuanPhonestore\.gradle\buildOutputCleanup)" [_thread_blocked, id=1840, stack(0x000000e585d00000,0x000000e585e00000)]
  0x000002c4f87e2000 JavaThread "Build operations" [_thread_blocked, id=15272, stack(0x000000e586300000,0x000000e586400000)]
  0x000002c4f87e0800 JavaThread "Build operations Thread 2" [_thread_blocked, id=7892, stack(0x000000e586400000,0x000000e586500000)]
  0x000002c4f87e1800 JavaThread "Build operations Thread 3" [_thread_blocked, id=7776, stack(0x000000e586500000,0x000000e586600000)]
  0x000002c4f87e3000 JavaThread "Build operations Thread 4" [_thread_blocked, id=3356, stack(0x000000e586600000,0x000000e586700000)]
  0x000002c4fa161000 JavaThread "Build operations Thread 5" [_thread_blocked, id=12584, stack(0x000000e586700000,0x000000e586800000)]
  0x000002c4fa15d800 JavaThread "Build operations Thread 6" [_thread_blocked, id=6380, stack(0x000000e586800000,0x000000e586900000)]
  0x000002c4fa15b800 JavaThread "Build operations Thread 7" [_thread_blocked, id=14012, stack(0x000000e586900000,0x000000e586a00000)]
  0x000002c4fa15c000 JavaThread "Build operations Thread 8" [_thread_blocked, id=11784, stack(0x000000e586a00000,0x000000e586b00000)]
  0x000002c4fa15e800 JavaThread "jar transforms Thread 100" [_thread_blocked, id=10712, stack(0x000000e586b00000,0x000000e586c00000)]
  0x000002c4fa162800 JavaThread "jar transforms Thread 101" [_thread_blocked, id=11356, stack(0x000000e586c00000,0x000000e586d00000)]
  0x000002c4fa15f800 JavaThread "jar transforms Thread 102" [_thread_blocked, id=4868, stack(0x000000e586d00000,0x000000e586e00000)]
  0x000002c4fa15d000 JavaThread "jar transforms Thread 103" [_thread_blocked, id=12180, stack(0x000000e586e00000,0x000000e586f00000)]
  0x000002c4fa162000 JavaThread "jar transforms Thread 104" [_thread_blocked, id=10504, stack(0x000000e586f00000,0x000000e587000000)]
  0x000002c4fa163800 JavaThread "jar transforms Thread 105" [_thread_blocked, id=9180, stack(0x000000e587000000,0x000000e587100000)]
  0x000002c4fa165000 JavaThread "jar transforms Thread 106" [_thread_blocked, id=14380, stack(0x000000e587100000,0x000000e587200000)]
  0x000002c4fa166000 JavaThread "jar transforms Thread 107" [_thread_blocked, id=11160, stack(0x000000e587200000,0x000000e587300000)]
  0x000002c4fa160000 JavaThread "jar transforms Thread 108" [_thread_blocked, id=13524, stack(0x000000e587300000,0x000000e587400000)]
  0x000002c4fa169000 JavaThread "jar transforms Thread 109" [_thread_blocked, id=11068, stack(0x000000e587400000,0x000000e587500000)]
  0x000002c4fa168800 JavaThread "jar transforms Thread 110" [_thread_blocked, id=2280, stack(0x000000e587500000,0x000000e587600000)]
  0x000002c4fa16a000 JavaThread "jar transforms Thread 111" [_thread_blocked, id=12400, stack(0x000000e587600000,0x000000e587700000)]
  0x000002c4f67f6800 JavaThread "jar transforms Thread 112" [_thread_blocked, id=11848, stack(0x000000e587700000,0x000000e587800000)]
  0x000002c4f67f1800 JavaThread "jar transforms Thread 113" [_thread_blocked, id=14648, stack(0x000000e587800000,0x000000e587900000)]
  0x000002c4f67f0800 JavaThread "jar transforms Thread 114" [_thread_blocked, id=13964, stack(0x000000e587900000,0x000000e587a00000)]
  0x000002c4f67f7800 JavaThread "jar transforms Thread 115" [_thread_blocked, id=13852, stack(0x000000e587c00000,0x000000e587d00000)]
  0x000002c4f67f3000 JavaThread "jar transforms Thread 116" [_thread_blocked, id=13220, stack(0x000000e587d00000,0x000000e587e00000)]
  0x000002c4f67f8000 JavaThread "jar transforms Thread 117" [_thread_blocked, id=5964, stack(0x000000e587e00000,0x000000e587f00000)]
  0x000002c4f67f2800 JavaThread "jar transforms Thread 118" [_thread_blocked, id=13736, stack(0x000000e587f00000,0x000000e588000000)]
  0x000002c4f67f9000 JavaThread "jar transforms Thread 119" [_thread_blocked, id=11788, stack(0x000000e588000000,0x000000e588100000)]
  0x000002c4f67fe000 JavaThread "jar transforms Thread 120" [_thread_blocked, id=9936, stack(0x000000e588100000,0x000000e588200000)]
  0x000002c4f67f9800 JavaThread "jar transforms Thread 121" [_thread_blocked, id=3056, stack(0x000000e588200000,0x000000e588300000)]
  0x000002c4f67fe800 JavaThread "jar transforms Thread 122" [_thread_blocked, id=12852, stack(0x000000e588300000,0x000000e588400000)]
  0x000002c4f67fa800 JavaThread "jar transforms Thread 123" [_thread_blocked, id=11200, stack(0x000000e588400000,0x000000e588500000)]
  0x000002c4f67fb800 JavaThread "jar transforms Thread 124" [_thread_blocked, id=14088, stack(0x000000e588500000,0x000000e588600000)]
  0x000002c4f67fc000 JavaThread "jar transforms Thread 125" [_thread_blocked, id=8152, stack(0x000000e588600000,0x000000e588700000)]
  0x000002c4f67fd000 JavaThread "jar transforms Thread 126" [_thread_blocked, id=3836, stack(0x000000e588700000,0x000000e588800000)]
  0x000002c4f37aa800 JavaThread "jar transforms Thread 127" [_thread_blocked, id=5916, stack(0x000000e588800000,0x000000e588900000)]
  0x000002c4f37a7000 JavaThread "jar transforms Thread 128" [_thread_blocked, id=13744, stack(0x000000e588900000,0x000000e588a00000)]
  0x000002c4f37a8000 JavaThread "jar transforms Thread 129" [_thread_blocked, id=11992, stack(0x000000e588a00000,0x000000e588b00000)]
  0x000002c4f37ac000 JavaThread "jar transforms Thread 130" [_thread_blocked, id=7328, stack(0x000000e588b00000,0x000000e588c00000)]
  0x000002c4f37a9800 JavaThread "jar transforms Thread 131" [_thread_blocked, id=14368, stack(0x000000e588c00000,0x000000e588d00000)]
  0x000002c4f37ab000 JavaThread "jar transforms Thread 132" [_thread_blocked, id=11768, stack(0x000000e588d00000,0x000000e588e00000)]
  0x000002c4f2b3e800 JavaThread "jar transforms Thread 133" [_thread_blocked, id=11492, stack(0x000000e588e00000,0x000000e588f00000)]
  0x000002c4f2b42000 JavaThread "jar transforms Thread 134" [_thread_blocked, id=11120, stack(0x000000e588f00000,0x000000e589000000)]
  0x000002c4f2b41000 JavaThread "jar transforms Thread 135" [_thread_blocked, id=3052, stack(0x000000e589000000,0x000000e589100000)]
  0x000002c4f2b40000 JavaThread "jar transforms Thread 136" [_thread_blocked, id=14668, stack(0x000000e589100000,0x000000e589200000)]
  0x000002c4f2b3c000 JavaThread "jar transforms Thread 137" [_thread_blocked, id=6316, stack(0x000000e589200000,0x000000e589300000)]
  0x000002c4f2b42800 JavaThread "jar transforms Thread 138" [_thread_blocked, id=13752, stack(0x000000e589300000,0x000000e589400000)]
  0x000002c4f2b3f800 JavaThread "jar transforms Thread 139" [_thread_blocked, id=10808, stack(0x000000e589400000,0x000000e589500000)]
  0x000002c4f2b3d000 JavaThread "jar transforms Thread 140" [_thread_blocked, id=5676, stack(0x000000e589500000,0x000000e589600000)]
  0x000002c4f2b3e000 JavaThread "jar transforms Thread 141" [_thread_blocked, id=14512, stack(0x000000e589600000,0x000000e589700000)]
  0x000002c4fd019000 JavaThread "jar transforms Thread 142" [_thread_blocked, id=8036, stack(0x000000e589700000,0x000000e589800000)]
  0x000002c4fd01b800 JavaThread "jar transforms Thread 143" [_thread_blocked, id=13896, stack(0x000000e589800000,0x000000e589900000)]
  0x000002c4fd01a000 JavaThread "jar transforms Thread 144" [_thread_blocked, id=3244, stack(0x000000e589900000,0x000000e589a00000)]
  0x000002c4fd01e000 JavaThread "jar transforms Thread 145" [_thread_blocked, id=7692, stack(0x000000e589a00000,0x000000e589b00000)]
  0x000002c4fd01c800 JavaThread "jar transforms Thread 146" [_thread_blocked, id=14996, stack(0x000000e589b00000,0x000000e589c00000)]
  0x000002c4fd018800 JavaThread "jar transforms Thread 147" [_thread_blocked, id=14232, stack(0x000000e589c00000,0x000000e589d00000)]
  0x000002c4fd01d000 JavaThread "jar transforms Thread 148" [_thread_blocked, id=3676, stack(0x000000e589d00000,0x000000e589e00000)]
  0x000002c4fd020800 JavaThread "jar transforms Thread 149" [_thread_blocked, id=13956, stack(0x000000e589e00000,0x000000e589f00000)]
  0x000002c4fd01a800 JavaThread "jar transforms Thread 150" [_thread_blocked, id=2772, stack(0x000000e589f00000,0x000000e58a000000)]
  0x000002c4fd023800 JavaThread "jar transforms Thread 151" [_thread_blocked, id=804, stack(0x000000e58a000000,0x000000e58a100000)]
  0x000002c4fd024800 JavaThread "jar transforms Thread 152" [_thread_blocked, id=14328, stack(0x000000e58a100000,0x000000e58a200000)]
  0x000002c4fd023000 JavaThread "jar transforms Thread 153" [_thread_blocked, id=7640, stack(0x000000e58a200000,0x000000e58a300000)]
  0x000002c4fd01f000 JavaThread "jar transforms Thread 154" [_thread_blocked, id=6608, stack(0x000000e58a300000,0x000000e58a400000)]
  0x000002c4fd021800 JavaThread "jar transforms Thread 155" [_thread_blocked, id=3844, stack(0x000000e58a400000,0x000000e58a500000)]
  0x000002c4fd022000 JavaThread "jar transforms Thread 156" [_thread_blocked, id=11308, stack(0x000000e58a500000,0x000000e58a600000)]
  0x000002c4fd025800 JavaThread "jar transforms Thread 157" [_thread_blocked, id=476, stack(0x000000e58a600000,0x000000e58a700000)]
  0x000002c4fd01f800 JavaThread "jar transforms Thread 158" [_thread_blocked, id=13428, stack(0x000000e58a700000,0x000000e58a800000)]
  0x000002c4fd026000 JavaThread "jar transforms Thread 159" [_thread_blocked, id=6888, stack(0x000000e58a800000,0x000000e58a900000)]
  0x000002c4fd027000 JavaThread "jar transforms Thread 160" [_thread_blocked, id=6692, stack(0x000000e58a900000,0x000000e58aa00000)]
  0x000002c4f5d92000 JavaThread "jar transforms Thread 161" [_thread_blocked, id=1928, stack(0x000000e58aa00000,0x000000e58ab00000)]
  0x000002c4f5d95800 JavaThread "jar transforms Thread 162" [_thread_blocked, id=12524, stack(0x000000e58ab00000,0x000000e58ac00000)]
  0x000002c4f5d93000 JavaThread "jar transforms Thread 163" [_thread_blocked, id=8656, stack(0x000000e58ac00000,0x000000e58ad00000)]
  0x000002c4f5d97000 JavaThread "jar transforms Thread 164" [_thread_blocked, id=5944, stack(0x000000e58ad00000,0x000000e58ae00000)]
  0x000002c4f5d96800 JavaThread "jar transforms Thread 165" [_thread_blocked, id=6272, stack(0x000000e58ae00000,0x000000e58af00000)]
  0x000002c4f5d98000 JavaThread "jar transforms Thread 166" [_thread_blocked, id=5364, stack(0x000000e58af00000,0x000000e58b000000)]
  0x000002c4f5d99000 JavaThread "jar transforms Thread 167" [_thread_blocked, id=11576, stack(0x000000e58b000000,0x000000e58b100000)]
  0x000002c4f5d99800 JavaThread "jar transforms Thread 168" [_thread_blocked, id=4964, stack(0x000000e58b100000,0x000000e58b200000)]
  0x000002c4f5d94000 JavaThread "jar transforms Thread 169" [_thread_blocked, id=8796, stack(0x000000e58b200000,0x000000e58b300000)]
  0x000002c4f5d9a800 JavaThread "jar transforms Thread 170" [_thread_blocked, id=5912, stack(0x000000e58b300000,0x000000e58b400000)]
  0x000002c4f5d94800 JavaThread "jar transforms Thread 171" [_thread_blocked, id=9352, stack(0x000000e58b400000,0x000000e58b500000)]
  0x000002c4f5d9e800 JavaThread "jar transforms Thread 172" [_thread_blocked, id=7612, stack(0x000000e58b500000,0x000000e58b600000)]
  0x000002c4f5d9b000 JavaThread "jar transforms Thread 173" [_thread_blocked, id=10460, stack(0x000000e58b600000,0x000000e58b700000)]
  0x000002c4f5da0000 JavaThread "jar transforms Thread 174" [_thread_blocked, id=184, stack(0x000000e58b700000,0x000000e58b800000)]
  0x000002c4f5d9d800 JavaThread "jar transforms Thread 175" [_thread_blocked, id=13548, stack(0x000000e58b800000,0x000000e58b900000)]
  0x000002c4f5d9f800 JavaThread "jar transforms Thread 176" [_thread_blocked, id=11660, stack(0x000000e58b900000,0x000000e58ba00000)]
  0x000002c4f5da1000 JavaThread "jar transforms Thread 177" [_thread_blocked, id=956, stack(0x000000e58ba00000,0x000000e58bb00000)]
  0x000002c4f5d9c000 JavaThread "jar transforms Thread 178" [_thread_blocked, id=5300, stack(0x000000e58bb00000,0x000000e58bc00000)]
  0x000002c4f5d9d000 JavaThread "jar transforms Thread 179" [_thread_blocked, id=12716, stack(0x000000e58bc00000,0x000000e58bd00000)]
  0x000002c4f4a29800 JavaThread "jar transforms Thread 180" [_thread_blocked, id=7124, stack(0x000000e58bd00000,0x000000e58be00000)]
  0x000002c4f4a2a000 JavaThread "jar transforms Thread 181" [_thread_blocked, id=11596, stack(0x000000e58be00000,0x000000e58bf00000)]
  0x000002c4f4a2b000 JavaThread "jar transforms Thread 182" [_thread_blocked, id=5028, stack(0x000000e58bf00000,0x000000e58c000000)]
  0x000002c4f4a2b800 JavaThread "jar transforms Thread 183" [_thread_blocked, id=1452, stack(0x000000e58c000000,0x000000e58c100000)]
  0x000002c4f4a26000 JavaThread "jar transforms Thread 184" [_thread_blocked, id=628, stack(0x000000e58c100000,0x000000e58c200000)]
  0x000002c4f4a27800 JavaThread "jar transforms Thread 185" [_thread_blocked, id=2668, stack(0x000000e58c200000,0x000000e58c300000)]
  0x000002c4f4a27000 JavaThread "jar transforms Thread 186" [_thread_blocked, id=8780, stack(0x000000e58c300000,0x000000e58c400000)]
  0x000002c4f4a2c800 JavaThread "jar transforms Thread 187" [_thread_blocked, id=12884, stack(0x000000e58c400000,0x000000e58c500000)]
  0x000002c4f4a2e000 JavaThread "jar transforms Thread 188" [_thread_blocked, id=7584, stack(0x000000e58c500000,0x000000e58c600000)]
  0x000002c4f4a2d800 JavaThread "jar transforms Thread 189" [_thread_blocked, id=9668, stack(0x000000e58c600000,0x000000e58c700000)]
  0x000002c4f4a28800 JavaThread "jar transforms Thread 190" [_thread_blocked, id=14372, stack(0x000000e58c700000,0x000000e58c800000)]
  0x000002c4f4a30800 JavaThread "jar transforms Thread 191" [_thread_blocked, id=11820, stack(0x000000e58c800000,0x000000e58c900000)]
  0x000002c4f4a30000 JavaThread "jar transforms Thread 192" [_thread_blocked, id=14992, stack(0x000000e58c900000,0x000000e58ca00000)]
  0x000002c4f4a2f000 JavaThread "jar transforms Thread 193" [_thread_blocked, id=13508, stack(0x000000e58ca00000,0x000000e58cb00000)]
  0x000002c4f4a31800 JavaThread "jar transforms Thread 194" [_thread_blocked, id=11656, stack(0x000000e58cb00000,0x000000e58cc00000)]
  0x000002c4f4a32800 JavaThread "jar transforms Thread 195" [_thread_blocked, id=13700, stack(0x000000e58cc00000,0x000000e58cd00000)]
  0x000002c4f4a33000 JavaThread "jar transforms Thread 196" [_thread_blocked, id=13692, stack(0x000000e58cd00000,0x000000e58ce00000)]
  0x000002c4f4a34000 JavaThread "jar transforms Thread 197" [_thread_blocked, id=6796, stack(0x000000e58ce00000,0x000000e58cf00000)]
  0x000002c4f4a34800 JavaThread "jar transforms Thread 198" [_thread_blocked, id=3632, stack(0x000000e58cf00000,0x000000e58d000000)]
  0x000002c4fd576000 JavaThread "build event listener" [_thread_blocked, id=2552, stack(0x000000e58d000000,0x000000e58d100000)]
  0x000002c4fd579000 JavaThread "build event listener" [_thread_blocked, id=14632, stack(0x000000e58d100000,0x000000e58d200000)]
  0x000002c4fd577000 JavaThread "Execution worker for ':'" [_thread_blocked, id=1148, stack(0x000000e58d200000,0x000000e58d300000)]
  0x000002c4fd575000 JavaThread "Execution worker for ':' Thread 2" [_thread_blocked, id=2508, stack(0x000000e58d300000,0x000000e58d400000)]
  0x000002c4fd577800 JavaThread "Execution worker for ':' Thread 3" [_thread_blocked, id=6820, stack(0x000000e58d400000,0x000000e58d500000)]
  0x000002c4fd578800 JavaThread "Execution worker for ':' Thread 4" [_thread_blocked, id=10820, stack(0x000000e58d600000,0x000000e58d700000)]
  0x000002c4fd574800 JavaThread "Execution worker for ':' Thread 5" [_thread_blocked, id=11748, stack(0x000000e58d700000,0x000000e58d800000)]
  0x000002c4fd57b000 JavaThread "Execution worker for ':' Thread 6" [_thread_blocked, id=9512, stack(0x000000e58d800000,0x000000e58d900000)]
  0x000002c4fd580000 JavaThread "Execution worker for ':' Thread 7" [_thread_blocked, id=10556, stack(0x000000e58d900000,0x000000e58da00000)]
  0x000002c4fd57b800 JavaThread "Cache worker for execution history cache (D:\Du an truong\DuanPhonestore\.gradle\6.7.1\executionHistory)" [_thread_blocked, id=11860, stack(0x000000e58da00000,0x000000e58db00000)]
  0x000002c4fd57d800 JavaThread "WorkerExecutor Queue" [_thread_blocked, id=4716, stack(0x000000e585c00000,0x000000e585d00000)]
  0x000002c4fd57c800 JavaThread "WorkerExecutor Queue Thread 2" [_thread_blocked, id=11408, stack(0x000000e586200000,0x000000e586300000)]
  0x000002c4fd57e000 JavaThread "WorkerExecutor Queue Thread 3" [_thread_blocked, id=6584, stack(0x000000e58dc00000,0x000000e58dd00000)]
  0x000002c4fd57f000 JavaThread "WorkerExecutor Queue Thread 4" [_thread_blocked, id=13576, stack(0x000000e58dd00000,0x000000e58de00000)]
  0x000002c4fd57a000 JavaThread "WorkerExecutor Queue Thread 5" [_thread_blocked, id=2188, stack(0x000000e58de00000,0x000000e58df00000)]
  0x000002c4fd580800 JavaThread "WorkerExecutor Queue Thread 6" [_thread_blocked, id=6756, stack(0x000000e58df00000,0x000000e58e000000)]
  0x000002c4fd581800 JavaThread "WorkerExecutor Queue Thread 7" [_thread_blocked, id=7924, stack(0x000000e58e000000,0x000000e58e100000)]
  0x000002c4fd583000 JavaThread "WorkerExecutor Queue Thread 8" [_thread_blocked, id=3736, stack(0x000000e58e100000,0x000000e58e200000)]
  0x000002c4f89f9000 JavaThread "pool-7-thread-1" [_thread_blocked, id=6528, stack(0x000000e58e400000,0x000000e58e500000)]
  0x000002c4f89f5000 JavaThread "stderr" [_thread_in_native, id=8788, stack(0x000000e58e300000,0x000000e58e400000)]
  0x000002c4f89f9800 JavaThread "stdout" [_thread_in_native, id=11984, stack(0x000000e58e500000,0x000000e58e600000)]
  0x000002c4f89f4000 JavaThread "Cache worker for Java compile cache (C:\Users\acer\.gradle\caches\6.7.1\javaCompile)" [_thread_blocked, id=5684, stack(0x000000e58e700000,0x000000e58e800000)]
  0x000002c4f89f8000 JavaThread "Cache worker for Java compile cache (D:\Du an truong\DuanPhonestore\.gradle\6.7.1\javaCompile)" [_thread_blocked, id=8892, stack(0x000000e58e800000,0x000000e58e900000)]
  0x000002c4f89fb800 JavaThread "WorkerExecutor Queue Thread 9" [_thread_blocked, id=15212, stack(0x000000e58e200000,0x000000e58e300000)]

Other Threads:
=>0x000002c4f1f04800 VMThread "VM Thread" [stack: 0x000000e583e00000,0x000000e583f00000] [id=2460]
  0x000002c4f2a8f800 WatcherThread [stack: 0x000000e584800000,0x000000e584900000] [id=15036]
  0x000002c4d7ad5800 GCTaskThread "GC Thread#0" [stack: 0x000000e583900000,0x000000e583a00000] [id=10520]
  0x000002c4f3766800 GCTaskThread "GC Thread#1" [stack: 0x000000e584a00000,0x000000e584b00000] [id=9380]
  0x000002c4f42d2800 GCTaskThread "GC Thread#2" [stack: 0x000000e585100000,0x000000e585200000] [id=3080]
  0x000002c4f4eb3000 GCTaskThread "GC Thread#3" [stack: 0x000000e585200000,0x000000e585300000] [id=11368]
  0x000002c4f46cc800 GCTaskThread "GC Thread#4" [stack: 0x000000e585300000,0x000000e585400000] [id=11884]
  0x000002c4f4885000 GCTaskThread "GC Thread#5" [stack: 0x000000e585400000,0x000000e585500000] [id=13424]
  0x000002c4f5257800 GCTaskThread "GC Thread#6" [stack: 0x000000e585500000,0x000000e585600000] [id=8244]
  0x000002c4f4fbf800 GCTaskThread "GC Thread#7" [stack: 0x000000e585600000,0x000000e585700000] [id=8012]
  0x000002c4d7b05000 ConcurrentGCThread "G1 Main Marker" [stack: 0x000000e583a00000,0x000000e583b00000] [id=11892]
  0x000002c4d7b06800 ConcurrentGCThread "G1 Conc#0" [stack: 0x000000e583b00000,0x000000e583c00000] [id=10096]
  0x000002c4f3f73800 ConcurrentGCThread "G1 Conc#1" [stack: 0x000000e586000000,0x000000e586100000] [id=6252]
  0x000002c4d7b92000 ConcurrentGCThread "G1 Refine#0" [stack: 0x000000e583c00000,0x000000e583d00000] [id=3732]
  0x000002c4f4da5800 ConcurrentGCThread "G1 Refine#1" [stack: 0x000000e585700000,0x000000e585800000] [id=2720]
  0x000002c4d7b93000 ConcurrentGCThread "G1 Young RemSet Sampling" [stack: 0x000000e583d00000,0x000000e583e00000] [id=11888]

Threads with active compile tasks:
C2 CompilerThread01859008 17910       4       java.io.WinNTFileSystem::normalize (143 bytes)

VM state:at safepoint (normal execution)

VM Mutex/Monitor currently owned by a thread:  ([mutex/lock_event])
[0x000002c4d7ab9400] Threads_lock - owner thread: 0x000002c4f1f04800
[0x000002c4d7ab8d40] Heap_lock - owner thread: 0x000002c4f89fb800

Heap address: 0x0000000080000000, size: 2048 MB, Compressed Oops mode: 32-bit
Narrow klass base: 0x0000000000000000, Narrow klass shift: 3
Compressed class space size: 1073741824 Address: 0x0000000100000000

Heap:
 garbage-first heap   total 259072K, used 166657K [0x0000000080000000, 0x0000000100000000)
  region size 1024K, 2 young (2048K), 2 survivors (2048K)
 Metaspace       used 126018K, capacity 129280K, committed 129352K, reserved 1161216K
  class space    used 15677K, capacity 16847K, committed 16896K, reserved 1048576K
Heap Regions: E=young(eden), S=young(survivor), O=old, HS=humongous(starts), HC=humongous(continues), CS=collection set, F=free, A=archive, TAMS=top-at-mark-start (previous, next)
|   0|0x0000000080000000, 0x0000000080100000, 0x0000000080100000|100%| O|  |TAMS 0x0000000080100000, 0x0000000080100000| Untracked 
|   1|0x0000000080100000, 0x0000000080200000, 0x0000000080200000|100%| O|  |TAMS 0x0000000080200000, 0x0000000080200000| Untracked 
|   2|0x0000000080200000, 0x0000000080300000, 0x0000000080300000|100%| O|  |TAMS 0x0000000080300000, 0x0000000080300000| Untracked 
|   3|0x0000000080300000, 0x0000000080400000, 0x0000000080400000|100%|HS|  |TAMS 0x0000000080400000, 0x0000000080400000| Complete 
|   4|0x0000000080400000, 0x0000000080500000, 0x0000000080500000|100%|HC|  |TAMS 0x0000000080500000, 0x0000000080500000| Complete 
|   5|0x0000000080500000, 0x0000000080600000, 0x0000000080600000|100%|HC|  |TAMS 0x0000000080600000, 0x0000000080600000| Complete 
|   6|0x0000000080600000, 0x0000000080700000, 0x0000000080700000|100%| O|  |TAMS 0x0000000080700000, 0x0000000080700000| Untracked 
|   7|0x0000000080700000, 0x0000000080800000, 0x0000000080800000|100%| O|  |TAMS 0x0000000080800000, 0x0000000080800000| Untracked 
|   8|0x0000000080800000, 0x0000000080900000, 0x0000000080900000|100%| O|  |TAMS 0x0000000080900000, 0x0000000080900000| Untracked 
|   9|0x0000000080900000, 0x0000000080a00000, 0x0000000080a00000|100%| O|  |TAMS 0x0000000080a00000, 0x0000000080a00000| Untracked 
|  10|0x0000000080a00000, 0x0000000080b00000, 0x0000000080b00000|100%| O|  |TAMS 0x0000000080b00000, 0x0000000080b00000| Untracked 
|  11|0x0000000080b00000, 0x0000000080c00000, 0x0000000080c00000|100%| O|  |TAMS 0x0000000080b00000, 0x0000000080c00000| Untracked 
|  12|0x0000000080c00000, 0x0000000080d00000, 0x0000000080d00000|100%| O|  |TAMS 0x0000000080d00000, 0x0000000080d00000| Untracked 
|  13|0x0000000080d00000, 0x0000000080e00000, 0x0000000080e00000|100%| O|  |TAMS 0x0000000080e00000, 0x0000000080e00000| Untracked 
|  14|0x0000000080e00000, 0x0000000080f00000, 0x0000000080f00000|100%| O|  |TAMS 0x0000000080f00000, 0x0000000080f00000| Untracked 
|  15|0x0000000080f00000, 0x0000000081000000, 0x0000000081000000|100%|HS|  |TAMS 0x0000000081000000, 0x0000000081000000| Complete 
|  16|0x0000000081000000, 0x0000000081100000, 0x0000000081100000|100%|HC|  |TAMS 0x0000000081100000, 0x0000000081100000| Complete 
|  17|0x0000000081100000, 0x0000000081200000, 0x0000000081200000|100%|HS|  |TAMS 0x0000000081200000, 0x0000000081200000| Complete 
|  18|0x0000000081200000, 0x0000000081300000, 0x0000000081300000|100%|HC|  |TAMS 0x0000000081300000, 0x0000000081300000| Complete 
|  19|0x0000000081300000, 0x0000000081400000, 0x0000000081400000|100%|HC|  |TAMS 0x0000000081400000, 0x0000000081400000| Complete 
|  20|0x0000000081400000, 0x0000000081500000, 0x0000000081500000|100%|HS|  |TAMS 0x0000000081500000, 0x0000000081500000| Complete 
|  21|0x0000000081500000, 0x0000000081600000, 0x0000000081600000|100%|HC|  |TAMS 0x0000000081600000, 0x0000000081600000| Complete 
|  22|0x0000000081600000, 0x0000000081700000, 0x0000000081700000|100%|HC|  |TAMS 0x0000000081700000, 0x0000000081700000| Complete 
|  23|0x0000000081700000, 0x0000000081800000, 0x0000000081800000|100%|HC|  |TAMS 0x0000000081800000, 0x0000000081800000| Complete 
|  24|0x0000000081800000, 0x0000000081900000, 0x0000000081900000|100%|HC|  |TAMS 0x0000000081900000, 0x0000000081900000| Complete 
|  25|0x0000000081900000, 0x0000000081a00000, 0x0000000081a00000|100%| O|  |TAMS 0x0000000081a00000, 0x0000000081a00000| Untracked 
|  26|0x0000000081a00000, 0x0000000081b00000, 0x0000000081b00000|100%| O|  |TAMS 0x0000000081b00000, 0x0000000081b00000| Untracked 
|  27|0x0000000081b00000, 0x0000000081c00000, 0x0000000081c00000|100%| O|  |TAMS 0x0000000081c00000, 0x0000000081c00000| Untracked 
|  28|0x0000000081c00000, 0x0000000081d00000, 0x0000000081d00000|100%| O|  |TAMS 0x0000000081d00000, 0x0000000081d00000| Untracked 
|  29|0x0000000081d00000, 0x0000000081e00000, 0x0000000081e00000|100%| O|  |TAMS 0x0000000081e00000, 0x0000000081e00000| Untracked 
|  30|0x0000000081e00000, 0x0000000081f00000, 0x0000000081f00000|100%| O|  |TAMS 0x0000000081f00000, 0x0000000081f00000| Untracked 
|  31|0x0000000081f00000, 0x0000000082000000, 0x0000000082000000|100%| O|  |TAMS 0x0000000082000000, 0x0000000082000000| Untracked 
|  32|0x0000000082000000, 0x0000000082100000, 0x0000000082100000|100%|HS|  |TAMS 0x0000000082100000, 0x0000000082100000| Complete 
|  33|0x0000000082100000, 0x0000000082200000, 0x0000000082200000|100%|HC|  |TAMS 0x0000000082200000, 0x0000000082200000| Complete 
|  34|0x0000000082200000, 0x0000000082300000, 0x0000000082300000|100%|HC|  |TAMS 0x0000000082300000, 0x0000000082300000| Complete 
|  35|0x0000000082300000, 0x0000000082400000, 0x0000000082400000|100%|HC|  |TAMS 0x0000000082400000, 0x0000000082400000| Complete 
|  36|0x0000000082400000, 0x0000000082500000, 0x0000000082500000|100%|HC|  |TAMS 0x0000000082500000, 0x0000000082500000| Complete 
|  37|0x0000000082500000, 0x0000000082600000, 0x0000000082600000|100%|HS|  |TAMS 0x0000000082600000, 0x0000000082600000| Complete 
|  38|0x0000000082600000, 0x0000000082700000, 0x0000000082700000|100%|HC|  |TAMS 0x0000000082700000, 0x0000000082700000| Complete 
|  39|0x0000000082700000, 0x0000000082800000, 0x0000000082800000|100%|HC|  |TAMS 0x0000000082800000, 0x0000000082800000| Complete 
|  40|0x0000000082800000, 0x0000000082900000, 0x0000000082900000|100%| O|  |TAMS 0x0000000082900000, 0x0000000082900000| Untracked 
|  41|0x0000000082900000, 0x0000000082a00000, 0x0000000082a00000|100%| O|  |TAMS 0x0000000082a00000, 0x0000000082a00000| Untracked 
|  42|0x0000000082a00000, 0x0000000082b00000, 0x0000000082b00000|100%| O|  |TAMS 0x0000000082b00000, 0x0000000082b00000| Untracked 
|  43|0x0000000082b00000, 0x0000000082c00000, 0x0000000082c00000|100%| O|  |TAMS 0x0000000082c00000, 0x0000000082c00000| Untracked 
|  44|0x0000000082c00000, 0x0000000082d00000, 0x0000000082d00000|100%| O|  |TAMS 0x0000000082d00000, 0x0000000082d00000| Untracked 
|  45|0x0000000082d00000, 0x0000000082e00000, 0x0000000082e00000|100%| O|  |TAMS 0x0000000082e00000, 0x0000000082e00000| Untracked 
|  46|0x0000000082e00000, 0x0000000082f00000, 0x0000000082f00000|100%| O|  |TAMS 0x0000000082f00000, 0x0000000082f00000| Untracked 
|  47|0x0000000082f00000, 0x0000000083000000, 0x0000000083000000|100%| O|  |TAMS 0x0000000082f00000, 0x0000000083000000| Untracked 
|  48|0x0000000083000000, 0x0000000083100000, 0x0000000083100000|100%| O|  |TAMS 0x0000000083100000, 0x0000000083100000| Untracked 
|  49|0x0000000083100000, 0x0000000083200000, 0x0000000083200000|100%| O|  |TAMS 0x0000000083200000, 0x0000000083200000| Untracked 
|  50|0x0000000083200000, 0x0000000083300000, 0x0000000083300000|100%|HS|  |TAMS 0x0000000083300000, 0x0000000083300000| Complete 
|  51|0x0000000083300000, 0x0000000083400000, 0x0000000083400000|100%|HS|  |TAMS 0x0000000083400000, 0x0000000083400000| Complete 
|  52|0x0000000083400000, 0x0000000083500000, 0x0000000083500000|100%|HC|  |TAMS 0x0000000083500000, 0x0000000083500000| Complete 
|  53|0x0000000083500000, 0x0000000083600000, 0x0000000083600000|100%| O|  |TAMS 0x0000000083600000, 0x0000000083600000| Untracked 
|  54|0x0000000083600000, 0x0000000083700000, 0x0000000083700000|100%| O|  |TAMS 0x0000000083700000, 0x0000000083700000| Untracked 
|  55|0x0000000083700000, 0x0000000083800000, 0x0000000083800000|100%| O|  |TAMS 0x0000000083800000, 0x0000000083800000| Untracked 
|  56|0x0000000083800000, 0x0000000083900000, 0x0000000083900000|100%| O|  |TAMS 0x0000000083900000, 0x0000000083900000| Untracked 
|  57|0x0000000083900000, 0x0000000083a00000, 0x0000000083a00000|100%| O|  |TAMS 0x0000000083a00000, 0x0000000083a00000| Untracked 
|  58|0x0000000083a00000, 0x0000000083b00000, 0x0000000083b00000|100%| O|  |TAMS 0x0000000083b00000, 0x0000000083b00000| Untracked 
|  59|0x0000000083b00000, 0x0000000083c00000, 0x0000000083c00000|100%| O|  |TAMS 0x0000000083b00000, 0x0000000083c00000| Untracked 
|  60|0x0000000083c00000, 0x0000000083d00000, 0x0000000083d00000|100%| O|  |TAMS 0x0000000083d00000, 0x0000000083d00000| Untracked 
|  61|0x0000000083d00000, 0x0000000083e00000, 0x0000000083e00000|100%| O|  |TAMS 0x0000000083e00000, 0x0000000083e00000| Untracked 
|  62|0x0000000083e00000, 0x0000000083f00000, 0x0000000083f00000|100%| O|  |TAMS 0x0000000083f00000, 0x0000000083f00000| Untracked 
|  63|0x0000000083f00000, 0x0000000084000000, 0x0000000084000000|100%| O|  |TAMS 0x0000000084000000, 0x0000000084000000| Untracked 
|  64|0x0000000084000000, 0x0000000084100000, 0x0000000084100000|100%| O|  |TAMS 0x0000000084100000, 0x0000000084100000| Untracked 
|  65|0x0000000084100000, 0x0000000084200000, 0x0000000084200000|100%| O|  |TAMS 0x0000000084200000, 0x0000000084200000| Untracked 
|  66|0x0000000084200000, 0x0000000084300000, 0x0000000084300000|100%| O|  |TAMS 0x0000000084300000, 0x0000000084300000| Untracked 
|  67|0x0000000084300000, 0x0000000084400000, 0x0000000084400000|100%| O|  |TAMS 0x0000000084400000, 0x0000000084400000| Untracked 
|  68|0x0000000084400000, 0x0000000084500000, 0x0000000084500000|100%| O|  |TAMS 0x0000000084500000, 0x0000000084500000| Untracked 
|  69|0x0000000084500000, 0x0000000084600000, 0x0000000084600000|100%| O|  |TAMS 0x0000000084600000, 0x0000000084600000| Untracked 
|  70|0x0000000084600000, 0x0000000084700000, 0x0000000084700000|100%| O|  |TAMS 0x0000000084700000, 0x0000000084700000| Untracked 
|  71|0x0000000084700000, 0x0000000084800000, 0x0000000084800000|100%| O|  |TAMS 0x0000000084800000, 0x0000000084800000| Untracked 
|  72|0x0000000084800000, 0x0000000084900000, 0x0000000084900000|100%| O|  |TAMS 0x0000000084900000, 0x0000000084900000| Untracked 
|  73|0x0000000084900000, 0x0000000084a00000, 0x0000000084a00000|100%| O|  |TAMS 0x0000000084a00000, 0x0000000084a00000| Untracked 
|  74|0x0000000084a00000, 0x0000000084b00000, 0x0000000084b00000|100%| O|  |TAMS 0x0000000084b00000, 0x0000000084b00000| Untracked 
|  75|0x0000000084b00000, 0x0000000084c00000, 0x0000000084c00000|100%| O|  |TAMS 0x0000000084c00000, 0x0000000084c00000| Untracked 
|  76|0x0000000084c00000, 0x0000000084d00000, 0x0000000084d00000|100%| O|  |TAMS 0x0000000084d00000, 0x0000000084d00000| Untracked 
|  77|0x0000000084d00000, 0x0000000084e00000, 0x0000000084e00000|100%| O|  |TAMS 0x0000000084e00000, 0x0000000084e00000| Untracked 
|  78|0x0000000084e00000, 0x0000000084f00000, 0x0000000084f00000|100%| O|  |TAMS 0x0000000084f00000, 0x0000000084f00000| Untracked 
|  79|0x0000000084f00000, 0x0000000085000000, 0x0000000085000000|100%| O|  |TAMS 0x0000000085000000, 0x0000000085000000| Untracked 
|  80|0x0000000085000000, 0x0000000085100000, 0x0000000085100000|100%| O|  |TAMS 0x0000000085100000, 0x0000000085100000| Untracked 
|  81|0x0000000085100000, 0x0000000085200000, 0x0000000085200000|100%| O|  |TAMS 0x0000000085200000, 0x0000000085200000| Untracked 
|  82|0x0000000085200000, 0x0000000085300000, 0x0000000085300000|100%| O|  |TAMS 0x0000000085300000, 0x0000000085300000| Untracked 
|  83|0x0000000085300000, 0x0000000085400000, 0x0000000085400000|100%| O|  |TAMS 0x0000000085300000, 0x0000000085400000| Untracked 
|  84|0x0000000085400000, 0x0000000085500000, 0x0000000085500000|100%| O|  |TAMS 0x0000000085500000, 0x0000000085500000| Untracked 
|  85|0x0000000085500000, 0x0000000085600000, 0x0000000085600000|100%| O|  |TAMS 0x0000000085600000, 0x0000000085600000| Untracked 
|  86|0x0000000085600000, 0x0000000085700000, 0x0000000085700000|100%| O|  |TAMS 0x0000000085700000, 0x0000000085700000| Untracked 
|  87|0x0000000085700000, 0x0000000085800000, 0x0000000085800000|100%| O|  |TAMS 0x0000000085800000, 0x0000000085800000| Untracked 
|  88|0x0000000085800000, 0x0000000085900000, 0x0000000085900000|100%| O|  |TAMS 0x0000000085800000, 0x0000000085900000| Untracked 
|  89|0x0000000085900000, 0x0000000085a00000, 0x0000000085a00000|100%| O|  |TAMS 0x0000000085900000, 0x0000000085a00000| Untracked 
|  90|0x0000000085a00000, 0x0000000085b00000, 0x0000000085b00000|100%| O|  |TAMS 0x0000000085a00000, 0x0000000085b00000| Untracked 
|  91|0x0000000085b00000, 0x0000000085c00000, 0x0000000085c00000|100%| O|  |TAMS 0x0000000085c00000, 0x0000000085c00000| Untracked 
|  92|0x0000000085c00000, 0x0000000085d00000, 0x0000000085d00000|100%| O|  |TAMS 0x0000000085d00000, 0x0000000085d00000| Untracked 
|  93|0x0000000085d00000, 0x0000000085e00000, 0x0000000085e00000|100%| O|  |TAMS 0x0000000085d00000, 0x0000000085e00000| Untracked 
|  94|0x0000000085e00000, 0x0000000085f00000, 0x0000000085f00000|100%| O|  |TAMS 0x0000000085e00000, 0x0000000085f00000| Untracked 
|  95|0x0000000085f00000, 0x0000000086000000, 0x0000000086000000|100%| O|  |TAMS 0x0000000086000000, 0x0000000086000000| Untracked 
|  96|0x0000000086000000, 0x0000000086100000, 0x0000000086100000|100%| O|  |TAMS 0x0000000086000000, 0x0000000086100000| Untracked 
|  97|0x0000000086100000, 0x0000000086200000, 0x0000000086200000|100%| O|  |TAMS 0x0000000086100000, 0x0000000086200000| Untracked 
|  98|0x0000000086200000, 0x0000000086300000, 0x0000000086300000|100%| O|  |TAMS 0x0000000086300000, 0x0000000086300000| Untracked 
|  99|0x0000000086300000, 0x0000000086400000, 0x0000000086400000|100%| O|  |TAMS 0x0000000086400000, 0x0000000086400000| Untracked 
| 100|0x0000000086400000, 0x0000000086500000, 0x0000000086500000|100%| O|  |TAMS 0x0000000086500000, 0x0000000086500000| Untracked 
| 101|0x0000000086500000, 0x0000000086600000, 0x0000000086600000|100%| O|  |TAMS 0x0000000086600000, 0x0000000086600000| Untracked 
| 102|0x0000000086600000, 0x0000000086700000, 0x0000000086700000|100%| O|  |TAMS 0x0000000086700000, 0x0000000086700000| Untracked 
| 103|0x0000000086700000, 0x0000000086800000, 0x0000000086800000|100%| O|  |TAMS 0x0000000086700000, 0x0000000086800000| Untracked 
| 104|0x0000000086800000, 0x0000000086900000, 0x0000000086900000|100%| O|  |TAMS 0x0000000086900000, 0x0000000086900000| Untracked 
| 105|0x0000000086900000, 0x0000000086a00000, 0x0000000086a00000|100%| O|  |TAMS 0x0000000086a00000, 0x0000000086a00000| Untracked 
| 106|0x0000000086a00000, 0x0000000086b00000, 0x0000000086b00000|100%| O|  |TAMS 0x0000000086a00000, 0x0000000086b00000| Untracked 
| 107|0x0000000086b00000, 0x0000000086c00000, 0x0000000086c00000|100%| O|  |TAMS 0x0000000086c00000, 0x0000000086c00000| Untracked 
| 108|0x0000000086c00000, 0x0000000086d00000, 0x0000000086d00000|100%| O|  |TAMS 0x0000000086d00000, 0x0000000086d00000| Untracked 
| 109|0x0000000086d00000, 0x0000000086e00000, 0x0000000086e00000|100%| O|  |TAMS 0x0000000086e00000, 0x0000000086e00000| Untracked 
| 110|0x0000000086e00000, 0x0000000086f00000, 0x0000000086f00000|100%| O|  |TAMS 0x0000000086f00000, 0x0000000086f00000| Untracked 
| 111|0x0000000086f00000, 0x0000000087000000, 0x0000000087000000|100%| O|  |TAMS 0x0000000087000000, 0x0000000087000000| Untracked 
| 112|0x0000000087000000, 0x0000000087100000, 0x0000000087100000|100%| O|  |TAMS 0x0000000087100000, 0x0000000087100000| Untracked 
| 113|0x0000000087100000, 0x0000000087200000, 0x0000000087200000|100%| O|  |TAMS 0x0000000087200000, 0x0000000087200000| Untracked 
| 114|0x0000000087200000, 0x0000000087300000, 0x0000000087300000|100%| O|  |TAMS 0x0000000087300000, 0x0000000087300000| Untracked 
| 115|0x0000000087300000, 0x0000000087400000, 0x0000000087400000|100%| O|  |TAMS 0x0000000087400000, 0x0000000087400000| Untracked 
| 116|0x0000000087400000, 0x0000000087500000, 0x0000000087500000|100%| O|  |TAMS 0x0000000087400000, 0x0000000087500000| Untracked 
| 117|0x0000000087500000, 0x0000000087600000, 0x0000000087600000|100%| O|  |TAMS 0x0000000087500000, 0x0000000087600000| Untracked 
| 118|0x0000000087600000, 0x0000000087700000, 0x0000000087700000|100%| O|  |TAMS 0x0000000087600000, 0x0000000087700000| Untracked 
| 119|0x0000000087700000, 0x0000000087800000, 0x0000000087800000|100%| O|  |TAMS 0x0000000087700000, 0x0000000087800000| Untracked 
| 120|0x0000000087800000, 0x0000000087900000, 0x0000000087900000|100%| O|  |TAMS 0x0000000087900000, 0x0000000087900000| Untracked 
| 121|0x0000000087900000, 0x0000000087a00000, 0x0000000087a00000|100%| O|  |TAMS 0x0000000087a00000, 0x0000000087a00000| Untracked 
| 122|0x0000000087a00000, 0x0000000087b00000, 0x0000000087b00000|100%| O|  |TAMS 0x0000000087b00000, 0x0000000087b00000| Untracked 
| 123|0x0000000087b00000, 0x0000000087c00000, 0x0000000087c00000|100%| O|  |TAMS 0x0000000087c00000, 0x0000000087c00000| Untracked 
| 124|0x0000000087c00000, 0x0000000087d00000, 0x0000000087d00000|100%| O|  |TAMS 0x0000000087d00000, 0x0000000087d00000| Untracked 
| 125|0x0000000087d00000, 0x0000000087e00000, 0x0000000087e00000|100%| O|  |TAMS 0x0000000087e00000, 0x0000000087e00000| Untracked 
| 126|0x0000000087e00000, 0x0000000087f00000, 0x0000000087f00000|100%| O|  |TAMS 0x0000000087f00000, 0x0000000087f00000| Untracked 
| 127|0x0000000087f00000, 0x0000000088000000, 0x0000000088000000|100%| O|  |TAMS 0x0000000088000000, 0x0000000088000000| Untracked 
| 128|0x0000000088000000, 0x0000000088100000, 0x0000000088100000|100%| O|  |TAMS 0x0000000088100000, 0x0000000088100000| Untracked 
| 129|0x0000000088100000, 0x0000000088200000, 0x0000000088200000|100%| O|  |TAMS 0x0000000088200000, 0x0000000088200000| Untracked 
| 130|0x0000000088200000, 0x0000000088300000, 0x0000000088300000|100%| O|  |TAMS 0x0000000088300000, 0x0000000088300000| Untracked 
| 131|0x0000000088300000, 0x0000000088400000, 0x0000000088400000|100%| O|  |TAMS 0x0000000088400000, 0x0000000088400000| Untracked 
| 132|0x0000000088400000, 0x0000000088500000, 0x0000000088500000|100%| O|  |TAMS 0x0000000088500000, 0x0000000088500000| Untracked 
| 133|0x0000000088500000, 0x0000000088600000, 0x0000000088600000|100%| O|  |TAMS 0x0000000088600000, 0x0000000088600000| Untracked 
| 134|0x0000000088600000, 0x0000000088700000, 0x0000000088700000|100%| O|  |TAMS 0x0000000088700000, 0x0000000088700000| Untracked 
| 135|0x0000000088700000, 0x0000000088800000, 0x0000000088800000|100%| O|  |TAMS 0x0000000088700000, 0x0000000088800000| Untracked 
| 136|0x0000000088800000, 0x0000000088900000, 0x0000000088900000|100%|HS|  |TAMS 0x0000000088900000, 0x0000000088900000| Complete 
| 137|0x0000000088900000, 0x0000000088a00000, 0x0000000088a00000|100%|HC|  |TAMS 0x0000000088a00000, 0x0000000088a00000| Complete 
| 138|0x0000000088a00000, 0x0000000088ac0600, 0x0000000088b00000| 75%| O|  |TAMS 0x0000000088a00000, 0x0000000088ac0600| Untracked 
| 139|0x0000000088b00000, 0x0000000088b00000, 0x0000000088c00000|  0%| F|  |TAMS 0x0000000088b00000, 0x0000000088b00000| Untracked 
| 140|0x0000000088c00000, 0x0000000088d00000, 0x0000000088d00000|100%| O|  |TAMS 0x0000000088d00000, 0x0000000088d00000| Untracked 
| 141|0x0000000088d00000, 0x0000000088d00000, 0x0000000088e00000|  0%| F|  |TAMS 0x0000000088d00000, 0x0000000088d00000| Untracked 
| 142|0x0000000088e00000, 0x0000000088f00000, 0x0000000088f00000|100%| O|  |TAMS 0x0000000088f00000, 0x0000000088f00000| Untracked 
| 143|0x0000000088f00000, 0x0000000089000000, 0x0000000089000000|100%| O|  |TAMS 0x0000000089000000, 0x0000000089000000| Untracked 
| 144|0x0000000089000000, 0x0000000089000000, 0x0000000089100000|  0%| F|  |TAMS 0x0000000089000000, 0x0000000089000000| Untracked 
| 145|0x0000000089100000, 0x0000000089100000, 0x0000000089200000|  0%| F|  |TAMS 0x0000000089100000, 0x0000000089100000| Untracked 
| 146|0x0000000089200000, 0x0000000089200000, 0x0000000089300000|  0%| F|  |TAMS 0x0000000089200000, 0x0000000089200000| Untracked 
| 147|0x0000000089300000, 0x0000000089300000, 0x0000000089400000|  0%| F|  |TAMS 0x0000000089300000, 0x0000000089300000| Untracked 
| 148|0x0000000089400000, 0x0000000089400000, 0x0000000089500000|  0%| F|  |TAMS 0x0000000089400000, 0x0000000089400000| Untracked 
| 149|0x0000000089500000, 0x0000000089600000, 0x0000000089600000|100%| O|  |TAMS 0x0000000089600000, 0x0000000089600000| Untracked 
| 150|0x0000000089600000, 0x0000000089700000, 0x0000000089700000|100%| O|  |TAMS 0x0000000089700000, 0x0000000089700000| Untracked 
| 151|0x0000000089700000, 0x0000000089800000, 0x0000000089800000|100%| O|  |TAMS 0x0000000089800000, 0x0000000089800000| Untracked 
| 152|0x0000000089800000, 0x0000000089800000, 0x0000000089900000|  0%| F|  |TAMS 0x0000000089800000, 0x0000000089800000| Untracked 
| 153|0x0000000089900000, 0x0000000089900000, 0x0000000089a00000|  0%| F|  |TAMS 0x0000000089900000, 0x0000000089900000| Untracked 
| 154|0x0000000089a00000, 0x0000000089b00000, 0x0000000089b00000|100%| O|  |TAMS 0x0000000089b00000, 0x0000000089b00000| Untracked 
| 155|0x0000000089b00000, 0x0000000089c00000, 0x0000000089c00000|100%| O|  |TAMS 0x0000000089c00000, 0x0000000089c00000| Untracked 
| 156|0x0000000089c00000, 0x0000000089c00000, 0x0000000089d00000|  0%| F|  |TAMS 0x0000000089c00000, 0x0000000089c00000| Untracked 
| 157|0x0000000089d00000, 0x0000000089e00000, 0x0000000089e00000|100%| O|  |TAMS 0x0000000089d00000, 0x0000000089e00000| Untracked 
| 158|0x0000000089e00000, 0x0000000089f00000, 0x0000000089f00000|100%| O|  |TAMS 0x0000000089e00000, 0x0000000089f00000| Untracked 
| 159|0x0000000089f00000, 0x000000008a000000, 0x000000008a000000|100%| O|  |TAMS 0x0000000089f00000, 0x000000008a000000| Untracked 
| 160|0x000000008a000000, 0x000000008a100000, 0x000000008a100000|100%| O|  |TAMS 0x000000008a100000, 0x000000008a100000| Untracked 
| 161|0x000000008a100000, 0x000000008a200000, 0x000000008a200000|100%| O|  |TAMS 0x000000008a152e00, 0x000000008a200000| Untracked 
| 162|0x000000008a200000, 0x000000008a300000, 0x000000008a300000|100%| O|  |TAMS 0x000000008a200000, 0x000000008a300000| Untracked 
| 163|0x000000008a300000, 0x000000008a400000, 0x000000008a400000|100%| O|  |TAMS 0x000000008a300000, 0x000000008a400000| Untracked 
| 164|0x000000008a400000, 0x000000008a500000, 0x000000008a500000|100%| O|  |TAMS 0x000000008a400000, 0x000000008a500000| Untracked 
| 165|0x000000008a500000, 0x000000008a600000, 0x000000008a600000|100%| O|  |TAMS 0x000000008a500000, 0x000000008a600000| Untracked 
| 166|0x000000008a600000, 0x000000008a700000, 0x000000008a700000|100%| O|  |TAMS 0x000000008a600000, 0x000000008a700000| Untracked 
| 167|0x000000008a700000, 0x000000008a800000, 0x000000008a800000|100%| O|  |TAMS 0x000000008a700000, 0x000000008a800000| Untracked 
| 168|0x000000008a800000, 0x000000008a900000, 0x000000008a900000|100%| O|  |TAMS 0x000000008a800000, 0x000000008a900000| Untracked 
| 169|0x000000008a900000, 0x000000008aa00000, 0x000000008aa00000|100%| O|  |TAMS 0x000000008a900000, 0x000000008aa00000| Untracked 
| 170|0x000000008aa00000, 0x000000008ab00000, 0x000000008ab00000|100%| O|  |TAMS 0x000000008aa00000, 0x000000008ab00000| Untracked 
| 171|0x000000008ab00000, 0x000000008ab00000, 0x000000008ac00000|  0%| F|  |TAMS 0x000000008ab00000, 0x000000008ab00000| Untracked 
| 172|0x000000008ac00000, 0x000000008ac00000, 0x000000008ad00000|  0%| F|  |TAMS 0x000000008ac00000, 0x000000008ac00000| Untracked 
| 173|0x000000008ad00000, 0x000000008ad00000, 0x000000008ae00000|  0%| F|  |TAMS 0x000000008ad00000, 0x000000008ad00000| Untracked 
| 174|0x000000008ae00000, 0x000000008ae00000, 0x000000008af00000|  0%| F|  |TAMS 0x000000008ae00000, 0x000000008ae00000| Untracked 
| 175|0x000000008af00000, 0x000000008af00000, 0x000000008b000000|  0%| F|  |TAMS 0x000000008af00000, 0x000000008af00000| Untracked 
| 176|0x000000008b000000, 0x000000008b000000, 0x000000008b100000|  0%| F|  |TAMS 0x000000008b000000, 0x000000008b000000| Untracked 
| 177|0x000000008b100000, 0x000000008b100000, 0x000000008b200000|  0%| F|  |TAMS 0x000000008b100000, 0x000000008b100000| Untracked 
| 178|0x000000008b200000, 0x000000008b200000, 0x000000008b300000|  0%| F|  |TAMS 0x000000008b200000, 0x000000008b200000| Untracked 
| 179|0x000000008b300000, 0x000000008b300000, 0x000000008b400000|  0%| F|  |TAMS 0x000000008b300000, 0x000000008b300000| Untracked 
| 180|0x000000008b400000, 0x000000008b400000, 0x000000008b500000|  0%| F|  |TAMS 0x000000008b400000, 0x000000008b400000| Untracked 
| 181|0x000000008b500000, 0x000000008b500000, 0x000000008b600000|  0%| F|  |TAMS 0x000000008b500000, 0x000000008b500000| Untracked 
| 182|0x000000008b600000, 0x000000008b600000, 0x000000008b700000|  0%| F|  |TAMS 0x000000008b600000, 0x000000008b600000| Untracked 
| 183|0x000000008b700000, 0x000000008b700000, 0x000000008b800000|  0%| F|  |TAMS 0x000000008b700000, 0x000000008b700000| Untracked 
| 184|0x000000008b800000, 0x000000008b800000, 0x000000008b900000|  0%| F|  |TAMS 0x000000008b800000, 0x000000008b800000| Untracked 
| 185|0x000000008b900000, 0x000000008b900000, 0x000000008ba00000|  0%| F|  |TAMS 0x000000008b900000, 0x000000008b900000| Untracked 
| 186|0x000000008ba00000, 0x000000008ba00000, 0x000000008bb00000|  0%| F|  |TAMS 0x000000008ba00000, 0x000000008ba00000| Untracked 
| 187|0x000000008bb00000, 0x000000008bb00000, 0x000000008bc00000|  0%| F|  |TAMS 0x000000008bb00000, 0x000000008bb00000| Untracked 
| 188|0x000000008bc00000, 0x000000008bd00000, 0x000000008bd00000|100%| S|CS|TAMS 0x000000008bc00000, 0x000000008bc00000| Complete 
| 189|0x000000008bd00000, 0x000000008be00000, 0x000000008be00000|100%| S|CS|TAMS 0x000000008bd00000, 0x000000008bd00000| Complete 
| 190|0x000000008be00000, 0x000000008be00000, 0x000000008bf00000|  0%| F|  |TAMS 0x000000008be00000, 0x000000008be00000| Untracked 
| 191|0x000000008bf00000, 0x000000008bf00000, 0x000000008c000000|  0%| F|  |TAMS 0x000000008bf00000, 0x000000008bf00000| Untracked 
| 192|0x000000008c000000, 0x000000008c000000, 0x000000008c100000|  0%| F|  |TAMS 0x000000008c000000, 0x000000008c000000| Untracked 
| 193|0x000000008c100000, 0x000000008c100000, 0x000000008c200000|  0%| F|  |TAMS 0x000000008c100000, 0x000000008c100000| Untracked 
| 194|0x000000008c200000, 0x000000008c200000, 0x000000008c300000|  0%| F|  |TAMS 0x000000008c200000, 0x000000008c200000| Untracked 
| 195|0x000000008c300000, 0x000000008c300000, 0x000000008c400000|  0%| F|  |TAMS 0x000000008c300000, 0x000000008c300000| Untracked 
| 196|0x000000008c400000, 0x000000008c400000, 0x000000008c500000|  0%| F|  |TAMS 0x000000008c400000, 0x000000008c400000| Untracked 
| 197|0x000000008c500000, 0x000000008c500000, 0x000000008c600000|  0%| F|  |TAMS 0x000000008c500000, 0x000000008c500000| Untracked 
| 198|0x000000008c600000, 0x000000008c600000, 0x000000008c700000|  0%| F|  |TAMS 0x000000008c600000, 0x000000008c600000| Untracked 
| 199|0x000000008c700000, 0x000000008c700000, 0x000000008c800000|  0%| F|  |TAMS 0x000000008c700000, 0x000000008c700000| Untracked 
| 200|0x000000008c800000, 0x000000008c800000, 0x000000008c900000|  0%| F|  |TAMS 0x000000008c800000, 0x000000008c800000| Untracked 
| 201|0x000000008c900000, 0x000000008c900000, 0x000000008ca00000|  0%| F|  |TAMS 0x000000008c900000, 0x000000008c900000| Untracked 

Card table byte_map: [0x000002c4eace0000,0x000002c4eb0e0000] _byte_map_base: 0x000002c4ea8e0000

Marking Bits (Prev, Next): (CMBitMap*) 0x000002c4d7afc298, (CMBitMap*) 0x000002c4d7afc2d0
 Prev Bits: [0x000002c4eb4e0000, 0x000002c4ed4e0000)
 Next Bits: [0x000002c4ed4e0000, 0x000002c4ef4e0000)

Polling page: 0x000002c4d5aa0000

Metaspace:

Usage:
  Non-class:    109.80 MB capacity,   107.75 MB ( 98%) used,     1.70 MB (  2%) free+waste,   353.94 KB ( <1%) overhead. 
      Class:     16.45 MB capacity,    15.31 MB ( 93%) used,  1007.91 KB (  6%) free+waste,   162.00 KB ( <1%) overhead. 
       Both:    126.25 MB capacity,   123.06 MB ( 97%) used,     2.68 MB (  2%) free+waste,   515.94 KB ( <1%) overhead. 

Virtual space:
  Non-class space:      110.00 MB reserved,     109.82 MB (>99%) committed 
      Class space:        1.00 GB reserved,      16.50 MB (  2%) committed 
             Both:        1.11 GB reserved,     126.32 MB ( 11%) committed 

Chunk freelists:
   Non-Class:  23.00 KB
       Class:  17.00 KB
        Both:  40.00 KB

MaxMetaspaceSize: 17179869184.00 GB
CompressedClassSpaceSize: 1.00 GB

CodeHeap 'non-profiled nmethods': size=120000Kb used=12099Kb max_used=12210Kb free=107900Kb
 bounds [0x000002c4e3080000, 0x000002c4e3c90000, 0x000002c4ea5b0000]
CodeHeap 'profiled nmethods': size=120000Kb used=38506Kb max_used=38506Kb free=81493Kb
 bounds [0x000002c4dbb50000, 0x000002c4de100000, 0x000002c4e3080000]
CodeHeap 'non-nmethods': size=5760Kb used=2351Kb max_used=2436Kb free=3408Kb
 bounds [0x000002c4db5b0000, 0x000002c4db820000, 0x000002c4dbb50000]
 total_blobs=18102 nmethods=17128 adapters=885
 compilation: enabled
              stopped_count=0, restarted_count=0
 full_count=0

Compilation events (20 events):
Event: 1858.879 Thread 0x000002c4f1f37800 18206       2       com.android.tools.r8.graph.a1::a (37 bytes)
Event: 1858.879 Thread 0x000002c4f1f37800 nmethod 18206 0x000002c4de0f3b10 code [0x000002c4de0f3ce0, 0x000002c4de0f3ed8]
Event: 1858.879 Thread 0x000002c4f1f37800 18204       2       com.android.tools.r8.graph.f0::c (62 bytes)
Event: 1858.880 Thread 0x000002c4f1f37800 nmethod 18204 0x000002c4de0f4010 code [0x000002c4de0f4200, 0x000002c4de0f45e8]
Event: 1858.880 Thread 0x000002c4f1f37800 18205       2       com.android.tools.r8.graph.g1::a (42 bytes)
Event: 1858.881 Thread 0x000002c4f1f37800 nmethod 18205 0x000002c4de0f4890 code [0x000002c4de0f4a80, 0x000002c4de0f4f08]
Event: 1858.881 Thread 0x000002c4f1f37800 18210       2       com.android.tools.r8.graph.g1::a (44 bytes)
Event: 1858.881 Thread 0x000002c4f1f37800 nmethod 18210 0x000002c4de0f5190 code [0x000002c4de0f53e0, 0x000002c4de0f5b08]
Event: 1858.881 Thread 0x000002c4f1f37800 18211       2       com.android.tools.r8.r.o.n::<init> (48 bytes)
Event: 1858.882 Thread 0x000002c4f1f37800 nmethod 18211 0x000002c4de0f5f90 code [0x000002c4de0f6140, 0x000002c4de0f62d8]
Event: 1858.918 Thread 0x000002c4f1f37800 18223       2       java.util.ArrayDeque::add (7 bytes)
Event: 1858.919 Thread 0x000002c4f1f37800 nmethod 18223 0x000002c4de0f6390 code [0x000002c4de0f6540, 0x000002c4de0f6668]
Event: 1858.921 Thread 0x000002c4f1f37800 18224       2       java.util.ArrayDeque::removeLast (19 bytes)
Event: 1858.921 Thread 0x000002c4f1f37800 nmethod 18224 0x000002c4de0f6710 code [0x000002c4de0f68e0, 0x000002c4de0f6ab8]
Event: 1858.921 Thread 0x000002c4f1f37800 18225       1       com.android.tools.r8.r.o.p::u (5 bytes)
Event: 1858.921 Thread 0x000002c4f1f37800 nmethod 18225 0x000002c4e320f190 code [0x000002c4e320f340, 0x000002c4e320f3f8]
Event: 1858.922 Thread 0x000002c4f1f37800 18226       2       com.android.tools.r8.graph.j::u (8 bytes)
Event: 1858.922 Thread 0x000002c4f1f37800 nmethod 18226 0x000002c4de0f6c10 code [0x000002c4de0f6dc0, 0x000002c4de0f6ed8]
Event: 1858.922 Thread 0x000002c4f1f37800 18227       2       com.android.tools.r8.graph.g::l (8 bytes)
Event: 1858.923 Thread 0x000002c4f1f37800 nmethod 18227 0x000002c4de0f6f90 code [0x000002c4de0f7140, 0x000002c4de0f7238]

GC Heap History (20 events):
Event: 1856.804 GC heap after
{Heap after GC invocations=65 (full 0):
 garbage-first heap   total 206848K, used 160234K [0x0000000080000000, 0x0000000100000000)
  region size 1024K, 3 young (3072K), 3 survivors (3072K)
 Metaspace       used 120933K, capacity 124089K, committed 124232K, reserved 1157120K
  class space    used 15036K, capacity 16122K, committed 16128K, reserved 1048576K
}
Event: 1857.203 GC heap before
{Heap before GC invocations=65 (full 0):
 garbage-first heap   total 206848K, used 175594K [0x0000000080000000, 0x0000000100000000)
  region size 1024K, 18 young (18432K), 3 survivors (3072K)
 Metaspace       used 121776K, capacity 124892K, committed 125128K, reserved 1159168K
  class space    used 15091K, capacity 16195K, committed 16256K, reserved 1048576K
}
Event: 1857.209 GC heap after
{Heap after GC invocations=66 (full 0):
 garbage-first heap   total 206848K, used 161962K [0x0000000080000000, 0x0000000100000000)
  region size 1024K, 2 young (2048K), 2 survivors (2048K)
 Metaspace       used 121776K, capacity 124892K, committed 125128K, reserved 1159168K
  class space    used 15091K, capacity 16195K, committed 16256K, reserved 1048576K
}
Event: 1857.461 GC heap before
{Heap before GC invocations=66 (full 0):
 garbage-first heap   total 206848K, used 176298K [0x0000000080000000, 0x0000000100000000)
  region size 1024K, 16 young (16384K), 2 survivors (2048K)
 Metaspace       used 121888K, capacity 125027K, committed 125128K, reserved 1159168K
  class space    used 15093K, capacity 16196K, committed 16256K, reserved 1048576K
}
Event: 1857.465 GC heap after
{Heap after GC invocations=67 (full 0):
 garbage-first heap   total 206848K, used 162322K [0x0000000080000000, 0x0000000100000000)
  region size 1024K, 2 young (2048K), 2 survivors (2048K)
 Metaspace       used 121888K, capacity 125027K, committed 125128K, reserved 1159168K
  class space    used 15093K, capacity 16196K, committed 16256K, reserved 1048576K
}
Event: 1857.945 GC heap before
{Heap before GC invocations=67 (full 0):
 garbage-first heap   total 206848K, used 176658K [0x0000000080000000, 0x0000000100000000)
  region size 1024K, 17 young (17408K), 2 survivors (2048K)
 Metaspace       used 122100K, capacity 125187K, committed 125384K, reserved 1159168K
  class space    used 15109K, capacity 16205K, committed 16256K, reserved 1048576K
}
Event: 1857.951 GC heap after
{Heap after GC invocations=68 (full 0):
 garbage-first heap   total 206848K, used 163470K [0x0000000080000000, 0x0000000100000000)
  region size 1024K, 3 young (3072K), 3 survivors (3072K)
 Metaspace       used 122100K, capacity 125187K, committed 125384K, reserved 1159168K
  class space    used 15109K, capacity 16205K, committed 16256K, reserved 1048576K
}
Event: 1858.019 GC heap before
{Heap before GC invocations=68 (full 0):
 garbage-first heap   total 206848K, used 171662K [0x0000000080000000, 0x0000000100000000)
  region size 1024K, 9 young (9216K), 3 survivors (3072K)
 Metaspace       used 122207K, capacity 125251K, committed 125384K, reserved 1159168K
  class space    used 15119K, capacity 16205K, committed 16256K, reserved 1048576K
}
Event: 1858.026 GC heap after
{Heap after GC invocations=69 (full 0):
 garbage-first heap   total 206848K, used 166671K [0x0000000080000000, 0x0000000100000000)
  region size 1024K, 2 young (2048K), 2 survivors (2048K)
 Metaspace       used 122207K, capacity 125251K, committed 125384K, reserved 1159168K
  class space    used 15119K, capacity 16205K, committed 16256K, reserved 1048576K
}
Event: 1858.324 GC heap before
{Heap before GC invocations=70 (full 0):
 garbage-first heap   total 206848K, used 179983K [0x0000000080000000, 0x0000000100000000)
  region size 1024K, 13 young (13312K), 2 survivors (2048K)
 Metaspace       used 122793K, capacity 125874K, committed 126024K, reserved 1159168K
  class space    used 15196K, capacity 16292K, committed 16384K, reserved 1048576K
}
Event: 1858.331 GC heap after
{Heap after GC invocations=71 (full 0):
 garbage-first heap   total 206848K, used 164831K [0x0000000080000000, 0x0000000100000000)
  region size 1024K, 2 young (2048K), 2 survivors (2048K)
 Metaspace       used 122793K, capacity 125874K, committed 126024K, reserved 1159168K
  class space    used 15196K, capacity 16292K, committed 16384K, reserved 1048576K
}
Event: 1858.349 GC heap before
{Heap before GC invocations=71 (full 0):
 garbage-first heap   total 206848K, used 171999K [0x0000000080000000, 0x0000000100000000)
  region size 1024K, 10 young (10240K), 2 survivors (2048K)
 Metaspace       used 122862K, capacity 126005K, committed 126280K, reserved 1159168K
  class space    used 15208K, capacity 16335K, committed 16384K, reserved 1048576K
}
Event: 1858.364 GC heap after
{Heap after GC invocations=72 (full 0):
 garbage-first heap   total 206848K, used 154009K [0x0000000080000000, 0x0000000100000000)
  region size 1024K, 2 young (2048K), 2 survivors (2048K)
 Metaspace       used 122862K, capacity 126005K, committed 126280K, reserved 1159168K
  class space    used 15208K, capacity 16335K, committed 16384K, reserved 1048576K
}
Event: 1858.392 GC heap before
{Heap before GC invocations=72 (full 0):
 garbage-first heap   total 206848K, used 161177K [0x0000000080000000, 0x0000000100000000)
  region size 1024K, 10 young (10240K), 2 survivors (2048K)
 Metaspace       used 122957K, capacity 126087K, committed 126280K, reserved 1159168K
  class space    used 15218K, capacity 16340K, committed 16384K, reserved 1048576K
}
Event: 1858.408 GC heap after
{Heap after GC invocations=73 (full 0):
 garbage-first heap   total 206848K, used 153554K [0x0000000080000000, 0x0000000100000000)
  region size 1024K, 2 young (2048K), 2 survivors (2048K)
 Metaspace       used 122957K, capacity 126087K, committed 126280K, reserved 1159168K
  class space    used 15218K, capacity 16340K, committed 16384K, reserved 1048576K
}
Event: 1858.598 GC heap before
{Heap before GC invocations=73 (full 0):
 garbage-first heap   total 206848K, used 170962K [0x0000000080000000, 0x0000000100000000)
  region size 1024K, 20 young (20480K), 2 survivors (2048K)
 Metaspace       used 124055K, capacity 127192K, committed 127432K, reserved 1161216K
  class space    used 15368K, capacity 16496K, committed 16512K, reserved 1048576K
}
Event: 1858.608 GC heap after
{Heap after GC invocations=74 (full 0):
 garbage-first heap   total 206848K, used 160034K [0x0000000080000000, 0x0000000100000000)
  region size 1024K, 3 young (3072K), 3 survivors (3072K)
 Metaspace       used 124055K, capacity 127192K, committed 127432K, reserved 1161216K
  class space    used 15368K, capacity 16496K, committed 16512K, reserved 1048576K
}
Event: 1858.715 GC heap before
{Heap before GC invocations=74 (full 0):
 garbage-first heap   total 206848K, used 173346K [0x0000000080000000, 0x0000000100000000)
  region size 1024K, 17 young (17408K), 3 survivors (3072K)
 Metaspace       used 124849K, capacity 128027K, committed 128072K, reserved 1161216K
  class space    used 15466K, capacity 16625K, committed 16640K, reserved 1048576K
}
Event: 1858.725 GC heap after
{Heap after GC invocations=75 (full 0):
 garbage-first heap   total 206848K, used 164181K [0x0000000080000000, 0x0000000100000000)
  region size 1024K, 3 young (3072K), 3 survivors (3072K)
 Metaspace       used 124849K, capacity 128027K, committed 128072K, reserved 1161216K
  class space    used 15466K, capacity 16625K, committed 16640K, reserved 1048576K
}
Event: 1858.959 GC heap before
{Heap before GC invocations=75 (full 0):
 garbage-first heap   total 206848K, used 176469K [0x0000000080000000, 0x0000000100000000)
  region size 1024K, 15 young (15360K), 3 survivors (3072K)
 Metaspace       used 126018K, capacity 129280K, committed 129352K, reserved 1161216K
  class space    used 15677K, capacity 16847K, committed 16896K, reserved 1048576K
}

Deoptimization events (20 events):
Event: 1858.309 Thread 0x000002c4fd57a000 DEOPT UNPACKING pc=0x000002c4db5d78af sp=0x000000e58defd760 mode 2
Event: 1858.309 Thread 0x000002c4fd57e000 Uncommon trap: reason=class_check action=maybe_recompile pc=0x000002c4e3149ec4 method=sun.nio.fs.WindowsPath.compareTo(Ljava/nio/file/Path;)I @ 18 c2
Event: 1858.309 Thread 0x000002c4fd57e000 DEOPT PACKING pc=0x000002c4e3149ec4 sp=0x000000e58dcfda80
Event: 1858.309 Thread 0x000002c4fd57a000 Uncommon trap: trap_request=0xffffffde fr.pc=0x000002c4e3149ec4 relative=0x0000000000000964
Event: 1858.309 Thread 0x000002c4fd57a000 Uncommon trap: reason=class_check action=maybe_recompile pc=0x000002c4e3149ec4 method=sun.nio.fs.WindowsPath.compareTo(Ljava/nio/file/Path;)I @ 18 c2
Event: 1858.309 Thread 0x000002c4fd57a000 DEOPT PACKING pc=0x000002c4e3149ec4 sp=0x000000e58defd7f0
Event: 1858.309 Thread 0x000002c4fd57e000 DEOPT UNPACKING pc=0x000002c4db5d78af sp=0x000000e58dcfd9f0 mode 2
Event: 1858.309 Thread 0x000002c4fd57a000 DEOPT UNPACKING pc=0x000002c4db5d78af sp=0x000000e58defd760 mode 2
Event: 1858.508 Thread 0x000002c4fd580800 DEOPT PACKING pc=0x000002c4ddff30c0 sp=0x000000e58dffd2f0
Event: 1858.508 Thread 0x000002c4fd580800 DEOPT UNPACKING pc=0x000002c4db5d76ce sp=0x000000e58dffc7f8 mode 0
Event: 1858.511 Thread 0x000002c4f89fb800 DEOPT PACKING pc=0x000002c4ddfee178 sp=0x000000e58e2fcf40
Event: 1858.511 Thread 0x000002c4f89fb800 DEOPT UNPACKING pc=0x000002c4db5d76ce sp=0x000000e58e2fc498 mode 0
Event: 1858.513 Thread 0x000002c4f89fb800 DEOPT PACKING pc=0x000002c4ddff5b3f sp=0x000000e58e2fd1a0
Event: 1858.513 Thread 0x000002c4f89fb800 DEOPT UNPACKING pc=0x000002c4db5d76ce sp=0x000000e58e2fc670 mode 0
Event: 1858.623 Thread 0x000002c4fd581800 DEOPT PACKING pc=0x000002c4de0195e2 sp=0x000000e58e0fd200
Event: 1858.623 Thread 0x000002c4fd581800 DEOPT UNPACKING pc=0x000002c4db5d76ce sp=0x000000e58e0fc740 mode 0
Event: 1858.713 Thread 0x000002c4f89fb800 DEOPT PACKING pc=0x000002c4de026d16 sp=0x000000e58e2fce80
Event: 1858.713 Thread 0x000002c4f89fb800 DEOPT UNPACKING pc=0x000002c4db5d76ce sp=0x000000e58e2fc7c8 mode 0
Event: 1858.790 Thread 0x000002c4f89fb800 DEOPT PACKING pc=0x000002c4de01a464 sp=0x000000e58e2fcb20
Event: 1858.791 Thread 0x000002c4f89fb800 DEOPT UNPACKING pc=0x000002c4db5d76ce sp=0x000000e58e2fbff0 mode 0

Classes redefined (0 events):
No events

Internal exceptions (20 events):
Event: 1857.649 Thread 0x000002c4fd577800 Exception <a 'sun/nio/fs/WindowsException'{0x000000008c3a9340}> (0x000000008c3a9340) thrown at [./src/hotspot/share/prims/jni.cpp, line 615]
Event: 1857.651 Thread 0x000002c4fd577800 Exception <a 'sun/nio/fs/WindowsException'{0x000000008c3b2dc0}> (0x000000008c3b2dc0) thrown at [./src/hotspot/share/prims/jni.cpp, line 615]
Event: 1857.654 Thread 0x000002c4fd577800 Exception <a 'sun/nio/fs/WindowsException'{0x000000008c3c3a90}> (0x000000008c3c3a90) thrown at [./src/hotspot/share/prims/jni.cpp, line 615]
Event: 1857.664 Thread 0x000002c4fd577800 Exception <a 'sun/nio/fs/WindowsException'{0x000000008c26e9d0}> (0x000000008c26e9d0) thrown at [./src/hotspot/share/prims/jni.cpp, line 615]
Event: 1857.664 Thread 0x000002c4fd577800 Exception <a 'sun/nio/fs/WindowsException'{0x000000008c26eb20}> (0x000000008c26eb20) thrown at [./src/hotspot/share/prims/jni.cpp, line 615]
Event: 1857.675 Thread 0x000002c4fd577800 Exception <a 'sun/nio/fs/WindowsException'{0x000000008c1f28f0}> (0x000000008c1f28f0) thrown at [./src/hotspot/share/prims/jni.cpp, line 615]
Event: 1857.678 Thread 0x000002c4fd577800 Exception <a 'sun/nio/fs/WindowsException'{0x000000008c1fc408}> (0x000000008c1fc408) thrown at [./src/hotspot/share/prims/jni.cpp, line 615]
Event: 1857.886 Thread 0x000002c4f87dd800 Exception <a 'java/lang/NoSuchMethodError'{0x000000008bdb9eb0}: <clinit>> (0x000000008bdb9eb0) thrown at [./src/hotspot/share/prims/jni.cpp, line 1362]
Event: 1858.116 Thread 0x000002c4fd577800 Exception <a 'sun/nio/fs/WindowsException'{0x000000008c8325f8}> (0x000000008c8325f8) thrown at [./src/hotspot/share/prims/jni.cpp, line 615]
Event: 1858.167 Thread 0x000002c4fd577800 Exception <a 'java/lang/NoSuchMethodError'{0x000000008c8d6ea8}: <clinit>> (0x000000008c8d6ea8) thrown at [./src/hotspot/share/prims/jni.cpp, line 1362]
Event: 1858.346 Thread 0x000002c4fd57e000 Exception <a 'sun/nio/fs/WindowsException'{0x000000008c33d7e8}> (0x000000008c33d7e8) thrown at [./src/hotspot/share/prims/jni.cpp, line 615]
Event: 1858.346 Thread 0x000002c4fd583000 Exception <a 'sun/nio/fs/WindowsException'{0x000000008c44e7b8}> (0x000000008c44e7b8) thrown at [./src/hotspot/share/prims/jni.cpp, line 615]
Event: 1858.348 Thread 0x000002c4fd57d800 Exception <a 'sun/nio/fs/WindowsException'{0x000000008c36e6a8}> (0x000000008c36e6a8) thrown at [./src/hotspot/share/prims/jni.cpp, line 615]
Event: 1858.348 Thread 0x000002c4fd57a000 Exception <a 'sun/nio/fs/WindowsException'{0x000000008c362498}> (0x000000008c362498) thrown at [./src/hotspot/share/prims/jni.cpp, line 615]
Event: 1858.555 Thread 0x000002c4fd57e000 Exception <a 'java/lang/NoSuchMethodError'{0x000000008bdd24b8}: 'void java.lang.invoke.DirectMethodHandle$Holder.invokeStatic(java.lang.Object, java.lang.Object, java.lang.Object, int)'> (0x000000008bdd24b8) thrown at [./src/hotspot/share/interpreter/linkResolver.cpp, line 773]
Event: 1858.555 Thread 0x000002c4fd57d800 Exception <a 'java/lang/NoSuchMethodError'{0x000000008bdd57b0}: 'void java.lang.invoke.DirectMethodHandle$Holder.invokeStatic(java.lang.Object, java.lang.Object, java.lang.Object, int)'> (0x000000008bdd57b0) thrown at [./src/hotspot/share/interpreter/linkResolver.cpp, line 773]
Event: 1858.556 Thread 0x000002c4fd57a000 Exception <a 'java/lang/NoSuchMethodError'{0x000000008bdd7460}: 'void java.lang.invoke.DirectMethodHandle$Holder.invokeStatic(java.lang.Object, java.lang.Object, java.lang.Object, int)'> (0x000000008bdd7460) thrown at [./src/hotspot/share/interpreter/linkResolver.cpp, line 773]
Event: 1858.561 Thread 0x000002c4fd583000 Exception <a 'java/lang/IncompatibleClassChangeError'{0x000000008c1b5960}: Found class java.lang.Object, but interface was expected> (0x000000008c1b5960) thrown at [./src/hotspot/share/interpreter/linkResolver.cpp, line 839]
Event: 1858.817 Thread 0x000002c4fd57d800 Exception <a 'java/lang/NoSuchMethodError'{0x000000008c3dd790}: 'long java.lang.invoke.DirectMethodHandle$Holder.invokeStatic(java.lang.Object, java.lang.Object)'> (0x000000008c3dd790) thrown at [./src/hotspot/share/interpreter/linkResolver.cpp, line 773]
Event: 1858.843 Thread 0x000002c4fd581800 Exception <a 'java/lang/NoSuchMethodError'{0x000000008c1e1fb8}: 'void java.lang.invoke.DirectMethodHandle$Holder.invokeSpecial(java.lang.Object, java.lang.Object, int, java.lang.Object)'> (0x000000008c1e1fb8) thrown at [./src/hotspot/share/interpreter/linkResolver.cpp, line 773]

Events (20 events):
Event: 1858.948 loading class com/android/tools/r8/ir/conversion/S$b done
Event: 1858.949 loading class com/android/tools/r8/v/b/o
Event: 1858.949 loading class com/android/tools/r8/v/b/o done
Event: 1858.952 loading class com/android/tools/r8/v/b/o$d
Event: 1858.952 loading class com/android/tools/r8/v/b/o$d done
Event: 1858.952 loading class com/android/tools/r8/v/b/a1
Event: 1858.952 loading class com/android/tools/r8/v/b/a1 done
Event: 1858.954 loading class com/android/tools/r8/v/b/u
Event: 1858.954 loading class com/android/tools/r8/v/b/u done
Event: 1858.955 loading class com/android/tools/r8/w/a/a/a/f/n0
Event: 1858.955 loading class com/android/tools/r8/w/a/a/a/f/n0 done
Event: 1858.956 loading class com/android/tools/r8/r/o/X
Event: 1858.956 loading class com/android/tools/r8/r/o/X done
Event: 1858.956 loading class com/android/tools/r8/ir/conversion/n
Event: 1858.956 loading class com/android/tools/r8/ir/conversion/n done
Event: 1858.958 loading class com/android/tools/r8/w/a/a/a/h/q1
Event: 1858.958 loading class com/android/tools/r8/w/a/a/a/h/q1 done
Event: 1858.959 loading class com/android/tools/r8/w/a/a/a/h/C
Event: 1858.959 loading class com/android/tools/r8/w/a/a/a/h/C done
Event: 1858.959 Executing VM operation: G1CollectForAllocation


Dynamic libraries:
0x00007ff7ce150000 - 0x00007ff7ce15a000 	C:\Program Files\Android\Android Studio\jre\bin\java.exe
0x00007ffbe1020000 - 0x00007ffbe1227000 	C:\WINDOWS\SYSTEM32\ntdll.dll
0x00007ffbe0870000 - 0x00007ffbe092d000 	C:\WINDOWS\System32\KERNEL32.DLL
0x00007ffbde710000 - 0x00007ffbdea84000 	C:\WINDOWS\System32\KERNELBASE.dll
0x00007ffbde5f0000 - 0x00007ffbde701000 	C:\WINDOWS\System32\ucrtbase.dll
0x00007ffbce4e0000 - 0x00007ffbce4f9000 	C:\Program Files\Android\Android Studio\jre\bin\jli.dll
0x00007ffbce4c0000 - 0x00007ffbce4d7000 	C:\Program Files\Android\Android Studio\jre\bin\VCRUNTIME140.dll
0x00007ffbe0cd0000 - 0x00007ffbe0e7c000 	C:\WINDOWS\System32\USER32.dll
0x00007ffbd1ca0000 - 0x00007ffbd1f45000 	C:\WINDOWS\WinSxS\amd64_microsoft.windows.common-controls_6595b64144ccf1df_6.0.22000.120_none_9d947278b86cc467\COMCTL32.dll
0x00007ffbde500000 - 0x00007ffbde526000 	C:\WINDOWS\System32\win32u.dll
0x00007ffbe09b0000 - 0x00007ffbe0a53000 	C:\WINDOWS\System32\msvcrt.dll
0x00007ffbe0490000 - 0x00007ffbe04b9000 	C:\WINDOWS\System32\GDI32.dll
0x00007ffbdeb30000 - 0x00007ffbdec42000 	C:\WINDOWS\System32\gdi32full.dll
0x00007ffbdea90000 - 0x00007ffbdeb2d000 	C:\WINDOWS\System32\msvcp_win.dll
0x00007ffbe0450000 - 0x00007ffbe0481000 	C:\WINDOWS\System32\IMM32.DLL
0x00007ffbcdc80000 - 0x00007ffbcdd1d000 	C:\Program Files\Android\Android Studio\jre\bin\msvcp140.dll
0x00007ffb84550000 - 0x00007ffb8501f000 	C:\Program Files\Android\Android Studio\jre\bin\server\jvm.dll
0x00007ffbdf7f0000 - 0x00007ffbdf89c000 	C:\WINDOWS\System32\ADVAPI32.dll
0x00007ffbe0ee0000 - 0x00007ffbe0f7d000 	C:\WINDOWS\System32\sechost.dll
0x00007ffbdfeb0000 - 0x00007ffbdffd1000 	C:\WINDOWS\System32\RPCRT4.dll
0x00007ffbe0860000 - 0x00007ffbe0868000 	C:\WINDOWS\System32\PSAPI.DLL
0x00007ffbac370000 - 0x00007ffbac379000 	C:\WINDOWS\SYSTEM32\WSOCK32.dll
0x00007ffbd7090000 - 0x00007ffbd709a000 	C:\WINDOWS\SYSTEM32\VERSION.dll
0x00007ffbda4e0000 - 0x00007ffbda513000 	C:\WINDOWS\SYSTEM32\WINMM.dll
0x00007ffbe0930000 - 0x00007ffbe099f000 	C:\WINDOWS\System32\WS2_32.dll
0x00007ffbdd630000 - 0x00007ffbdd648000 	C:\WINDOWS\SYSTEM32\kernel.appcore.dll
0x00007ffbda4c0000 - 0x00007ffbda4d1000 	C:\Program Files\Android\Android Studio\jre\bin\verify.dll
0x00007ffbd9300000 - 0x00007ffbd9521000 	C:\WINDOWS\SYSTEM32\DBGHELP.DLL
0x00007ffbd87b0000 - 0x00007ffbd87e1000 	C:\WINDOWS\SYSTEM32\dbgcore.DLL
0x00007ffbdee30000 - 0x00007ffbdeeb0000 	C:\WINDOWS\System32\bcryptPrimitives.dll
0x00007ffbd7b40000 - 0x00007ffbd7b69000 	C:\Program Files\Android\Android Studio\jre\bin\java.dll
0x00007ffbd8c10000 - 0x00007ffbd8c1b000 	C:\Program Files\Android\Android Studio\jre\bin\jimage.dll
0x00007ffbd7fb0000 - 0x00007ffbd7fc8000 	C:\Program Files\Android\Android Studio\jre\bin\zip.dll
0x00007ffbdeeb0000 - 0x00007ffbdf659000 	C:\WINDOWS\System32\SHELL32.dll
0x00007ffbdc6b0000 - 0x00007ffbdcf12000 	C:\WINDOWS\SYSTEM32\windows.storage.dll
0x00007ffbe04c0000 - 0x00007ffbe0838000 	C:\WINDOWS\System32\combase.dll
0x00007ffbdc540000 - 0x00007ffbdc6a6000 	C:\WINDOWS\SYSTEM32\wintypes.dll
0x00007ffbdfdb0000 - 0x00007ffbdfe9a000 	C:\WINDOWS\System32\SHCORE.dll
0x00007ffbe0f80000 - 0x00007ffbe0fdd000 	C:\WINDOWS\System32\shlwapi.dll
0x00007ffbde430000 - 0x00007ffbde451000 	C:\WINDOWS\SYSTEM32\profapi.dll
0x00007ffbd7a10000 - 0x00007ffbd7a2a000 	C:\Program Files\Android\Android Studio\jre\bin\net.dll
0x00007ffbd9ec0000 - 0x00007ffbd9fcc000 	C:\WINDOWS\SYSTEM32\WINHTTP.dll
0x00007ffbdda40000 - 0x00007ffbddaa7000 	C:\WINDOWS\system32\mswsock.dll
0x00007ffbd7690000 - 0x00007ffbd76a4000 	C:\Program Files\Android\Android Studio\jre\bin\nio.dll
0x00007ffbd7a60000 - 0x00007ffbd7a87000 	C:\Users\acer\.gradle\native\fdc75f09e3144964f2cf3f50f0aa648679c211496f362492102eb8c894070792\windows-amd64\native-platform.dll
0x00007ffbc85d0000 - 0x00007ffbc8766000 	C:\Users\acer\.gradle\native\12488b8bf47d2d4c9fbf2f6322a914ad602e24e48041cd04a747c6da556b65c4\windows-amd64\native-platform-file-events.dll
0x00007ffbd7680000 - 0x00007ffbd768a000 	C:\Program Files\Android\Android Studio\jre\bin\management.dll
0x00007ffbd7670000 - 0x00007ffbd767c000 	C:\Program Files\Android\Android Studio\jre\bin\management_ext.dll
0x00007ffbddc80000 - 0x00007ffbddc98000 	C:\WINDOWS\SYSTEM32\CRYPTSP.dll
0x00007ffbdd590000 - 0x00007ffbdd5c5000 	C:\WINDOWS\system32\rsaenh.dll
0x00007ffbddb30000 - 0x00007ffbddb59000 	C:\WINDOWS\SYSTEM32\USERENV.dll
0x00007ffbdde00000 - 0x00007ffbdde27000 	C:\WINDOWS\SYSTEM32\bcrypt.dll
0x00007ffbddca0000 - 0x00007ffbddcac000 	C:\WINDOWS\SYSTEM32\CRYPTBASE.dll
0x00007ffbdd160000 - 0x00007ffbdd18d000 	C:\WINDOWS\SYSTEM32\IPHLPAPI.DLL
0x00007ffbdfea0000 - 0x00007ffbdfea9000 	C:\WINDOWS\System32\NSI.dll
0x00007ffbd9ea0000 - 0x00007ffbd9eb9000 	C:\WINDOWS\SYSTEM32\dhcpcsvc6.DLL
0x00007ffbda730000 - 0x00007ffbda74e000 	C:\WINDOWS\SYSTEM32\dhcpcsvc.DLL
0x00007ffbdd190000 - 0x00007ffbdd277000 	C:\WINDOWS\SYSTEM32\DNSAPI.dll
0x00007ffbda150000 - 0x00007ffbda15c000 	C:\WINDOWS\SYSTEM32\WINNSI.DLL
0x00007ffbd7640000 - 0x00007ffbd7667000 	C:\Program Files\Android\Android Studio\jre\bin\sunec.dll
0x00007ffbd7080000 - 0x00007ffbd708a000 	C:\Windows\System32\rasadhlp.dll
0x00007ffbd8d10000 - 0x00007ffbd8d91000 	C:\WINDOWS\System32\fwpuclnt.dll

dbghelp: loaded successfully - version: 4.0.5 - missing functions: none
symbol engine: initialized successfully - sym options: 0x614 - pdb path: .;C:\Program Files\Android\Android Studio\jre\bin;C:\WINDOWS\SYSTEM32;C:\WINDOWS\WinSxS\amd64_microsoft.windows.common-controls_6595b64144ccf1df_6.0.22000.120_none_9d947278b86cc467;C:\Program Files\Android\Android Studio\jre\bin\server;C:\Users\acer\.gradle\native\fdc75f09e3144964f2cf3f50f0aa648679c211496f362492102eb8c894070792\windows-amd64;C:\Users\acer\.gradle\native\12488b8bf47d2d4c9fbf2f6322a914ad602e24e48041cd04a747c6da556b65c4\windows-amd64

VM Arguments:
jvm_args: --add-opens=java.base/java.util=ALL-UNNAMED --add-opens=java.base/java.lang=ALL-UNNAMED --add-opens=java.base/java.lang.invoke=ALL-UNNAMED --add-opens=java.prefs/java.util.prefs=ALL-UNNAMED -Xmx2048m -Dfile.encoding=UTF-8 -Duser.country=US -Duser.language=en -Duser.variant 
java_command: org.gradle.launcher.daemon.bootstrap.GradleDaemon 6.7.1
java_class_path (initial): C:\Users\acer\.gradle\wrapper\dists\gradle-6.7.1-bin\bwlcbys1h7rz3272sye1xwiv6\gradle-6.7.1\lib\gradle-launcher-6.7.1.jar
Launcher Type: SUN_STANDARD

[Global flags]
     intx CICompilerCount                          = 4                                         {product} {ergonomic}
     uint ConcGCThreads                            = 2                                         {product} {ergonomic}
     uint G1ConcRefinementThreads                  = 8                                         {product} {ergonomic}
   size_t G1HeapRegionSize                         = 1048576                                   {product} {ergonomic}
    uintx GCDrainStackTargetSize                   = 64                                        {product} {ergonomic}
   size_t InitialHeapSize                          = 100663296                                 {product} {ergonomic}
   size_t MarkStackSize                            = 4194304                                   {product} {ergonomic}
   size_t MaxHeapSize                              = 2147483648                                {product} {command line}
   size_t MaxNewSize                               = 1287651328                                {product} {ergonomic}
   size_t MinHeapDeltaBytes                        = 1048576                                   {product} {ergonomic}
    uintx NonNMethodCodeHeapSize                   = 5836300                                {pd product} {ergonomic}
    uintx NonProfiledCodeHeapSize                  = 122910970                              {pd product} {ergonomic}
    uintx ProfiledCodeHeapSize                     = 122910970                              {pd product} {ergonomic}
    uintx ReservedCodeCacheSize                    = 251658240                              {pd product} {ergonomic}
     bool SegmentedCodeCache                       = true                                      {product} {ergonomic}
     bool UseCompressedClassPointers               = true                                 {lp64_product} {ergonomic}
     bool UseCompressedOops                        = true                                 {lp64_product} {ergonomic}
     bool UseG1GC                                  = true                                      {product} {ergonomic}
     bool UseLargePagesIndividualAllocation        = false                                  {pd product} {ergonomic}

Logging:
Log output configuration:
 #0: stdout all=warning uptime,level,tags
 #1: stderr all=off uptime,level,tags

Environment Variables:
PATH=C:\Program Files (x86)\Common Files\Oracle\Java\javapath;C:\WINDOWS\system32;C:\WINDOWS;C:\WINDOWS\System32\Wbem;C:\WINDOWS\System32\WindowsPowerShell\v1.0\;C:\WINDOWS\System32\OpenSSH\;D:\Nodejs\;C:\Program Files\Git\cmd;D:\Xampp\php;C:\ProgramData\ComposerSetup\bin;C:\Users\acer\AppData\Local\Microsoft\WindowsApps;C:\Users\acer\AppData\Local\Programs\Microsoft VS Code\bin;C:\Users\acer\AppData\Roaming\npm;C:\Users\acer\AppData\Roaming\Composer\vendor\bin;C:\Users\acer\AppData\Local\GitHubDesktop\bin;C:\Users\acer\AppData\Local\gitkraken\bin;%USERPROFILE%\AppData\Local\Microsoft\WindowsApps;
USERNAME=acer
OS=Windows_NT
PROCESSOR_IDENTIFIER=AMD64 Family 23 Model 24 Stepping 1, AuthenticAMD



---------------  S Y S T E M  ---------------

OS: Windows 10 , 64 bit Build 22000 (10.0.22000.120)
OS uptime: 0 days 5:35 hours

CPU:total 8 (initial active 8) (8 cores per cpu, 2 threads per core) family 23 model 24 stepping 1 microcode 0x0, cmov, cx8, fxsr, mmx, sse, sse2, sse3, ssse3, sse4.1, sse4.2, popcnt, avx, avx2, aes, clmul, mmxext, 3dnowpref, lzcnt, sse4a, ht, tsc, tscinvbit, tscinv, bmi1, bmi2, adx, s

Memory: 4k page, system-wide physical 6082M (301M free)
TotalPageFile size 14082M (AvailPageFile size 38M)
current process WorkingSet (physical memory assigned to process): 456M, peak: 555M
current process commit charge ("private bytes"): 575M, peak: 626M

vm_info: OpenJDK 64-Bit Server VM (11.0.10+0-b96-7249189) for windows-amd64 JRE (11.0.10+0-b96-7249189), built on Mar 31 2021 21:44:00 by "builder" with MS VC++ 14.0 (VS2015)

END.
