#
# There is insufficient memory for the Java Runtime Environment to continue.
# Native memory allocation (malloc) failed to allocate 1754256 bytes for Chunk::new
# Possible reasons:
#   The system is out of physical RAM or swap space
#   The process is running with CompressedOops enabled, and the Java Heap may be blocking the growth of the native heap
# Possible solutions:
#   Reduce memory load on the system
#   Increase physical memory or swap space
#   Check if swap backing store is full
#   Decrease Java heap size (-Xmx/-Xms)
#   Decrease number of Java threads
#   Decrease Java thread stack sizes (-Xss)
#   Set larger code cache with -XX:ReservedCodeCacheSize=
#   JVM is running with Unscaled Compressed Oops mode in which the Java heap is
#     placed in the first 4GB address space. The Java Heap base address is the
#     maximum limit for the native heap growth. Please use -XX:HeapBaseMinAddress
#     to set the Java Heap base and to place the Java Heap above 4GB virtual address.
# This output file may be truncated or incomplete.
#
#  Out of Memory Error (./src/hotspot/share/memory/arena.cpp:197), pid=12884, tid=13780
#
# JRE version: OpenJDK Runtime Environment (11.0.10) (build 11.0.10+0-b96-7249189)
# Java VM: OpenJDK 64-Bit Server VM (11.0.10+0-b96-7249189, mixed mode, tiered, compressed oops, g1 gc, windows-amd64)
# No core dump will be written. Minidumps are not enabled by default on client versions of Windows
#

---------------  S U M M A R Y ------------

Command Line: --add-opens=java.base/java.util=ALL-UNNAMED --add-opens=java.base/java.lang=ALL-UNNAMED --add-opens=java.base/java.lang.invoke=ALL-UNNAMED --add-opens=java.prefs/java.util.prefs=ALL-UNNAMED -Xmx2048m -Dfile.encoding=UTF-8 -Duser.country=US -Duser.language=en -Duser.variant org.gradle.launcher.daemon.bootstrap.GradleDaemon 6.7.1

Host: AMD Ryzen 5 3550H with Radeon Vega Mobile Gfx  , 8 cores, 5G,  Windows 10 , 64 bit Build 22000 (10.0.22000.120)
Time: Wed Oct 20 13:52:16 2021 SE Asia Standard Time elapsed time: 56.760403 seconds (0d 0h 0m 56s)

---------------  T H R E A D  ---------------

Current thread (0x000001f06eebc800):  JavaThread "C2 CompilerThread2" daemon [_thread_in_native, id=13780, stack(0x000000a35a000000,0x000000a35a100000)]


Current CompileTask:
C2:  56760 13954       4       org.gradle.internal.fingerprint.classpath.impl.ClasspathFingerprintingStrategy$ClasspathContentFingerprintingVisitor::visitFile (69 bytes)

Stack: [0x000000a35a000000,0x000000a35a100000]
Native frames: (J=compiled Java code, j=interpreted, Vv=VM code, C=native code)
V  [jvm.dll+0x5ecfaa]
V  [jvm.dll+0x722bd5]
V  [jvm.dll+0x72412d]
V  [jvm.dll+0x7247e3]
V  [jvm.dll+0x242928]
V  [jvm.dll+0xbc4fc]
V  [jvm.dll+0xbca0c]
V  [jvm.dll+0x352d3b]
V  [jvm.dll+0x320ad3]
V  [jvm.dll+0x31ffca]
V  [jvm.dll+0x1fb602]
V  [jvm.dll+0x1fa7f4]
V  [jvm.dll+0x18354c]
V  [jvm.dll+0x208ee7]
V  [jvm.dll+0x207731]
V  [jvm.dll+0x6eb1cf]
V  [jvm.dll+0x6e3d45]
V  [jvm.dll+0x5ebe96]
C  [ucrtbase.dll+0x26c0c]
C  [KERNEL32.DLL+0x154e0]
C  [ntdll.dll+0x485b]


---------------  P R O C E S S  ---------------

Threads class SMR info:
_java_thread_list=0x000001f06e589be0, length=164, elements={
0x000001f05347f000, 0x000001f06d8da800, 0x000001f06d8dc800, 0x000001f06e2c2800,
0x000001f06d8f6800, 0x000001f06d8f7000, 0x000001f06d8f9000, 0x000001f06d906000,
0x000001f06d90b000, 0x000001f06e401800, 0x000001f06e403000, 0x000001f06e400800,
0x000001f06e405800, 0x000001f06e400000, 0x000001f06e402800, 0x000001f06e404000,
0x000001f06e404800, 0x000001f06e406800, 0x000001f07013e000, 0x000001f070144800,
0x000001f07013f800, 0x000001f070142800, 0x000001f070141000, 0x000001f070143800,
0x000001f070140000, 0x000001f070142000, 0x000001f07013e800, 0x000001f070147800,
0x000001f07014b000, 0x000001f070145000, 0x000001f07014a000, 0x000001f070146000,
0x000001f070148800, 0x000001f07014c800, 0x000001f070147000, 0x000001f070745000,
0x000001f070742800, 0x000001f070743800, 0x000001f070744000, 0x000001f07073f800,
0x000001f070746000, 0x000001f070740000, 0x000001f070741000, 0x000001f070741800,
0x000001f06e657000, 0x000001f06e658800, 0x000001f06e653000, 0x000001f06e655800,
0x000001f06e659800, 0x000001f06e658000, 0x000001f06e654000, 0x000001f06e65a800,
0x000001f06e656000, 0x000001f06e654800, 0x000001f06e660000, 0x000001f06e65b000,
0x000001f06e65d000, 0x000001f06e65c000, 0x000001f06e65d800, 0x000001f06e661800,
0x000001f06e65e800, 0x000001f06e661000, 0x000001f06e65f000, 0x000001f070886000,
0x000001f070885000, 0x000001f070887800, 0x000001f070886800, 0x000001f070888800,
0x000001f070884000, 0x000001f070883800, 0x000001f070882800, 0x000001f07088e000,
0x000001f07088a800, 0x000001f07088a000, 0x000001f07088b800, 0x000001f07088f000,
0x000001f07088c800, 0x000001f070889000, 0x000001f07088d000, 0x000001f07088f800,
0x000001f070890800, 0x000001f070891000, 0x000001f06e7ee800, 0x000001f06e7ed800,
0x000001f06e7f0000, 0x000001f06e7ef000, 0x000001f06e7f1000, 0x000001f06e7f1800,
0x000001f06e7ec000, 0x000001f06e7f2800, 0x000001f06e7ec800, 0x000001f06e7f5000,
0x000001f06e7f9000, 0x000001f06e7f6800, 0x000001f06e7f5800, 0x000001f06e7f3800,
0x000001f06e7f7800, 0x000001f06e7fa000, 0x000001f06e7f4000, 0x000001f06e7f8000,
0x000001f06e7fa800, 0x000001f070e11800, 0x000001f070e13000, 0x000001f070e12800,
0x000001f070e0f000, 0x000001f070e0d800, 0x000001f070e14000, 0x000001f070e10000,
0x000001f070e10800, 0x000001f070e0e000, 0x000001f070e19000, 0x000001f070e19800,
0x000001f070e18000, 0x000001f070e16800, 0x000001f070e1a800, 0x000001f070e15000,
0x000001f070e17000, 0x000001f070e15800, 0x000001f070e1c000, 0x000001f070e1b800,
0x000001f06fd18000, 0x000001f06fd14000, 0x000001f06fd19000, 0x000001f06fd16800,
0x000001f06fd1a000, 0x000001f06fd1a800, 0x000001f06fd15000, 0x000001f06fd17800,
0x000001f06fd1b800, 0x000001f06fd15800, 0x000001f06fd1c000, 0x000001f06fd1f800,
0x000001f06fd1e800, 0x000001f06fd23000, 0x000001f06fd1d000, 0x000001f06fd20800,
0x000001f06fd21000, 0x000001f06fd1e000, 0x000001f07435d000, 0x000001f07435f800,
0x000001f074361000, 0x000001f07435d800, 0x000001f07435e800, 0x000001f074362800,
0x000001f074363800, 0x000001f074360000, 0x000001f074362000, 0x000001f074688800,
0x000001f07468c000, 0x000001f07468c800, 0x000001f074688000, 0x000001f074689800,
0x000001f07468a800, 0x000001f076b91800, 0x000001f06eebc800, 0x000001f07468b000,
0x000001f074687000, 0x000001f074693000, 0x000001f074691000, 0x000001f074690000,
0x000001f074691800, 0x000001f07468f000, 0x000001f074692800, 0x000001f07468d800
}

Java Threads: ( => current thread )
  0x000001f05347f000 JavaThread "main" [_thread_blocked, id=6732, stack(0x000000a34f200000,0x000000a34f300000)]
  0x000001f06d8da800 JavaThread "Reference Handler" daemon [_thread_blocked, id=13156, stack(0x000000a34f900000,0x000000a34fa00000)]
  0x000001f06d8dc800 JavaThread "Finalizer" daemon [_thread_blocked, id=14624, stack(0x000000a34fa00000,0x000000a34fb00000)]
  0x000001f06e2c2800 JavaThread "Signal Dispatcher" daemon [_thread_blocked, id=10496, stack(0x000000a34fb00000,0x000000a34fc00000)]
  0x000001f06d8f6800 JavaThread "Attach Listener" daemon [_thread_blocked, id=9760, stack(0x000000a34fc00000,0x000000a34fd00000)]
  0x000001f06d8f7000 JavaThread "Service Thread" daemon [_thread_blocked, id=12196, stack(0x000000a34fd00000,0x000000a34fe00000)]
  0x000001f06d8f9000 JavaThread "C2 CompilerThread0" daemon [_thread_in_native, id=10948, stack(0x000000a34fe00000,0x000000a34ff00000)]
  0x000001f06d906000 JavaThread "C1 CompilerThread0" daemon [_thread_blocked, id=2520, stack(0x000000a34ff00000,0x000000a350000000)]
  0x000001f06d90b000 JavaThread "Sweeper thread" daemon [_thread_blocked, id=6956, stack(0x000000a350000000,0x000000a350100000)]
  0x000001f06e401800 JavaThread "Common-Cleaner" daemon [_thread_blocked, id=6744, stack(0x000000a350100000,0x000000a350200000)]
  0x000001f06e403000 JavaThread "Daemon health stats" [_thread_blocked, id=12532, stack(0x000000a350400000,0x000000a350500000)]
  0x000001f06e400800 JavaThread "Incoming local TCP Connector on port 63843" [_thread_in_native, id=11464, stack(0x000000a350700000,0x000000a350800000)]
  0x000001f06e405800 JavaThread "Daemon periodic checks" [_thread_blocked, id=12004, stack(0x000000a350800000,0x000000a350900000)]
  0x000001f06e400000 JavaThread "Daemon" [_thread_blocked, id=9636, stack(0x000000a350900000,0x000000a350a00000)]
  0x000001f06e402800 JavaThread "Handler for socket connection from /127.0.0.1:63843 to /127.0.0.1:63844" [_thread_in_native, id=4128, stack(0x000000a350a00000,0x000000a350b00000)]
  0x000001f06e404000 JavaThread "Cancel handler" [_thread_blocked, id=6300, stack(0x000000a351400000,0x000000a351500000)]
  0x000001f06e404800 JavaThread "Daemon worker" [_thread_blocked, id=5212, stack(0x000000a351500000,0x000000a351600000)]
  0x000001f06e406800 JavaThread "Asynchronous log dispatcher for DefaultDaemonConnection: socket connection from /127.0.0.1:63843 to /127.0.0.1:63844" [_thread_blocked, id=1816, stack(0x000000a351600000,0x000000a351700000)]
  0x000001f07013e000 JavaThread "Stdin handler" [_thread_blocked, id=2536, stack(0x000000a351700000,0x000000a351800000)]
  0x000001f070144800 JavaThread "Thread-8" [_thread_blocked, id=10144, stack(0x000000a351800000,0x000000a351900000)]
  0x000001f07013f800 JavaThread "Cache worker for file hash cache (C:\Users\acer\.gradle\caches\6.7.1\fileHashes)" [_thread_blocked, id=6372, stack(0x000000a351900000,0x000000a351a00000)]
  0x000001f070142800 JavaThread "File lock request listener" [_thread_in_native, id=12584, stack(0x000000a351a00000,0x000000a351b00000)]
  0x000001f070141000 JavaThread "Cache worker for journal cache (C:\Users\acer\.gradle\caches\journal-1)" [_thread_blocked, id=6736, stack(0x000000a351c00000,0x000000a351d00000)]
  0x000001f070143800 JavaThread "Cache worker for file hash cache (D:\Du an truong\DuanPhonestore\.gradle\6.7.1\fileHashes)" [_thread_blocked, id=11176, stack(0x000000a351d00000,0x000000a351e00000)]
  0x000001f070140000 JavaThread "Cache worker for checksums cache (D:\Du an truong\DuanPhonestore\.gradle\checksums)" [_thread_blocked, id=7536, stack(0x000000a351e00000,0x000000a351f00000)]
  0x000001f070142000 JavaThread "Cache worker for cache directory md-supplier (C:\Users\acer\.gradle\caches\6.7.1\md-supplier)" [_thread_blocked, id=13544, stack(0x000000a351f00000,0x000000a352000000)]
  0x000001f07013e800 JavaThread "Cache worker for cache directory md-rule (C:\Users\acer\.gradle\caches\6.7.1\md-rule)" [_thread_blocked, id=10484, stack(0x000000a352000000,0x000000a352100000)]
  0x000001f070147800 JavaThread "Cache worker for execution history cache (C:\Users\acer\.gradle\caches\6.7.1\executionHistory)" [_thread_blocked, id=3624, stack(0x000000a352100000,0x000000a352200000)]
  0x000001f07014b000 JavaThread "jar transforms" [_thread_blocked, id=15320, stack(0x000000a352200000,0x000000a352300000)]
  0x000001f070145000 JavaThread "Cache worker for file content cache (C:\Users\acer\.gradle\caches\6.7.1\fileContent)" [_thread_blocked, id=10164, stack(0x000000a352300000,0x000000a352400000)]
  0x000001f07014a000 JavaThread "Cache worker for Build Output Cleanup Cache (D:\Du an truong\DuanPhonestore\.gradle\buildOutputCleanup)" [_thread_blocked, id=6852, stack(0x000000a352400000,0x000000a352500000)]
  0x000001f070146000 JavaThread "Build operations" [_thread_blocked, id=13592, stack(0x000000a352500000,0x000000a352600000)]
  0x000001f070148800 JavaThread "Build operations Thread 2" [_thread_blocked, id=9872, stack(0x000000a352600000,0x000000a352700000)]
  0x000001f07014c800 JavaThread "Build operations Thread 3" [_thread_blocked, id=14828, stack(0x000000a352700000,0x000000a352800000)]
  0x000001f070147000 JavaThread "Build operations Thread 4" [_thread_blocked, id=7396, stack(0x000000a352800000,0x000000a352900000)]
  0x000001f070745000 JavaThread "Build operations Thread 5" [_thread_blocked, id=2148, stack(0x000000a352900000,0x000000a352a00000)]
  0x000001f070742800 JavaThread "Build operations Thread 6" [_thread_blocked, id=7680, stack(0x000000a352a00000,0x000000a352b00000)]
  0x000001f070743800 JavaThread "Build operations Thread 7" [_thread_blocked, id=10976, stack(0x000000a352b00000,0x000000a352c00000)]
  0x000001f070744000 JavaThread "Build operations Thread 8" [_thread_blocked, id=14272, stack(0x000000a352c00000,0x000000a352d00000)]
  0x000001f07073f800 JavaThread "jar transforms Thread 2" [_thread_blocked, id=6652, stack(0x000000a352d00000,0x000000a352e00000)]
  0x000001f070746000 JavaThread "jar transforms Thread 3" [_thread_blocked, id=15184, stack(0x000000a352e00000,0x000000a352f00000)]
  0x000001f070740000 JavaThread "jar transforms Thread 4" [_thread_blocked, id=10544, stack(0x000000a352f00000,0x000000a353000000)]
  0x000001f070741000 JavaThread "jar transforms Thread 5" [_thread_blocked, id=9712, stack(0x000000a353000000,0x000000a353100000)]
  0x000001f070741800 JavaThread "jar transforms Thread 6" [_thread_blocked, id=6424, stack(0x000000a353100000,0x000000a353200000)]
  0x000001f06e657000 JavaThread "jar transforms Thread 7" [_thread_blocked, id=10276, stack(0x000000a353200000,0x000000a353300000)]
  0x000001f06e658800 JavaThread "jar transforms Thread 8" [_thread_blocked, id=176, stack(0x000000a353300000,0x000000a353400000)]
  0x000001f06e653000 JavaThread "jar transforms Thread 9" [_thread_blocked, id=7404, stack(0x000000a353400000,0x000000a353500000)]
  0x000001f06e655800 JavaThread "jar transforms Thread 10" [_thread_blocked, id=12400, stack(0x000000a353500000,0x000000a353600000)]
  0x000001f06e659800 JavaThread "jar transforms Thread 11" [_thread_blocked, id=1592, stack(0x000000a353600000,0x000000a353700000)]
  0x000001f06e658000 JavaThread "jar transforms Thread 12" [_thread_blocked, id=11496, stack(0x000000a353700000,0x000000a353800000)]
  0x000001f06e654000 JavaThread "jar transforms Thread 13" [_thread_blocked, id=11760, stack(0x000000a353800000,0x000000a353900000)]
  0x000001f06e65a800 JavaThread "jar transforms Thread 14" [_thread_blocked, id=11132, stack(0x000000a353900000,0x000000a353a00000)]
  0x000001f06e656000 JavaThread "jar transforms Thread 15" [_thread_blocked, id=5672, stack(0x000000a353a00000,0x000000a353b00000)]
  0x000001f06e654800 JavaThread "jar transforms Thread 16" [_thread_blocked, id=4424, stack(0x000000a353b00000,0x000000a353c00000)]
  0x000001f06e660000 JavaThread "jar transforms Thread 17" [_thread_blocked, id=10472, stack(0x000000a353c00000,0x000000a353d00000)]
  0x000001f06e65b000 JavaThread "jar transforms Thread 18" [_thread_blocked, id=12188, stack(0x000000a353d00000,0x000000a353e00000)]
  0x000001f06e65d000 JavaThread "jar transforms Thread 19" [_thread_blocked, id=9876, stack(0x000000a353e00000,0x000000a353f00000)]
  0x000001f06e65c000 JavaThread "jar transforms Thread 20" [_thread_blocked, id=11076, stack(0x000000a353f00000,0x000000a354000000)]
  0x000001f06e65d800 JavaThread "jar transforms Thread 21" [_thread_blocked, id=12016, stack(0x000000a354000000,0x000000a354100000)]
  0x000001f06e661800 JavaThread "jar transforms Thread 22" [_thread_blocked, id=15312, stack(0x000000a354100000,0x000000a354200000)]
  0x000001f06e65e800 JavaThread "jar transforms Thread 23" [_thread_blocked, id=11128, stack(0x000000a354200000,0x000000a354300000)]
  0x000001f06e661000 JavaThread "jar transforms Thread 24" [_thread_blocked, id=14340, stack(0x000000a354300000,0x000000a354400000)]
  0x000001f06e65f000 JavaThread "jar transforms Thread 25" [_thread_blocked, id=2828, stack(0x000000a354400000,0x000000a354500000)]
  0x000001f070886000 JavaThread "jar transforms Thread 26" [_thread_blocked, id=4164, stack(0x000000a354500000,0x000000a354600000)]
  0x000001f070885000 JavaThread "jar transforms Thread 27" [_thread_blocked, id=1392, stack(0x000000a354600000,0x000000a354700000)]
  0x000001f070887800 JavaThread "jar transforms Thread 28" [_thread_blocked, id=9460, stack(0x000000a354700000,0x000000a354800000)]
  0x000001f070886800 JavaThread "jar transforms Thread 29" [_thread_blocked, id=8820, stack(0x000000a354800000,0x000000a354900000)]
  0x000001f070888800 JavaThread "jar transforms Thread 30" [_thread_blocked, id=6276, stack(0x000000a354900000,0x000000a354a00000)]
  0x000001f070884000 JavaThread "jar transforms Thread 31" [_thread_blocked, id=12116, stack(0x000000a354a00000,0x000000a354b00000)]
  0x000001f070883800 JavaThread "jar transforms Thread 32" [_thread_blocked, id=568, stack(0x000000a354b00000,0x000000a354c00000)]
  0x000001f070882800 JavaThread "jar transforms Thread 33" [_thread_blocked, id=13648, stack(0x000000a354c00000,0x000000a354d00000)]
  0x000001f07088e000 JavaThread "jar transforms Thread 34" [_thread_blocked, id=5404, stack(0x000000a354d00000,0x000000a354e00000)]
  0x000001f07088a800 JavaThread "jar transforms Thread 35" [_thread_blocked, id=10668, stack(0x000000a354e00000,0x000000a354f00000)]
  0x000001f07088a000 JavaThread "jar transforms Thread 36" [_thread_blocked, id=13848, stack(0x000000a354f00000,0x000000a355000000)]
  0x000001f07088b800 JavaThread "jar transforms Thread 37" [_thread_blocked, id=9612, stack(0x000000a355000000,0x000000a355100000)]
  0x000001f07088f000 JavaThread "jar transforms Thread 38" [_thread_blocked, id=4824, stack(0x000000a355100000,0x000000a355200000)]
  0x000001f07088c800 JavaThread "jar transforms Thread 39" [_thread_blocked, id=1476, stack(0x000000a355200000,0x000000a355300000)]
  0x000001f070889000 JavaThread "jar transforms Thread 40" [_thread_blocked, id=7296, stack(0x000000a355300000,0x000000a355400000)]
  0x000001f07088d000 JavaThread "jar transforms Thread 41" [_thread_blocked, id=5204, stack(0x000000a355400000,0x000000a355500000)]
  0x000001f07088f800 JavaThread "jar transforms Thread 42" [_thread_blocked, id=14112, stack(0x000000a355500000,0x000000a355600000)]
  0x000001f070890800 JavaThread "jar transforms Thread 43" [_thread_blocked, id=1432, stack(0x000000a355600000,0x000000a355700000)]
  0x000001f070891000 JavaThread "jar transforms Thread 44" [_thread_blocked, id=5028, stack(0x000000a355700000,0x000000a355800000)]
  0x000001f06e7ee800 JavaThread "jar transforms Thread 45" [_thread_blocked, id=14804, stack(0x000000a355800000,0x000000a355900000)]
  0x000001f06e7ed800 JavaThread "jar transforms Thread 46" [_thread_blocked, id=5928, stack(0x000000a355900000,0x000000a355a00000)]
  0x000001f06e7f0000 JavaThread "jar transforms Thread 47" [_thread_blocked, id=8632, stack(0x000000a355a00000,0x000000a355b00000)]
  0x000001f06e7ef000 JavaThread "jar transforms Thread 48" [_thread_blocked, id=3536, stack(0x000000a355b00000,0x000000a355c00000)]
  0x000001f06e7f1000 JavaThread "jar transforms Thread 49" [_thread_blocked, id=14620, stack(0x000000a355c00000,0x000000a355d00000)]
  0x000001f06e7f1800 JavaThread "jar transforms Thread 50" [_thread_blocked, id=13892, stack(0x000000a355d00000,0x000000a355e00000)]
  0x000001f06e7ec000 JavaThread "jar transforms Thread 51" [_thread_blocked, id=8576, stack(0x000000a355e00000,0x000000a355f00000)]
  0x000001f06e7f2800 JavaThread "jar transforms Thread 52" [_thread_blocked, id=6024, stack(0x000000a355f00000,0x000000a356000000)]
  0x000001f06e7ec800 JavaThread "jar transforms Thread 53" [_thread_blocked, id=10424, stack(0x000000a356000000,0x000000a356100000)]
  0x000001f06e7f5000 JavaThread "jar transforms Thread 54" [_thread_blocked, id=9620, stack(0x000000a356100000,0x000000a356200000)]
  0x000001f06e7f9000 JavaThread "jar transforms Thread 55" [_thread_blocked, id=4100, stack(0x000000a356200000,0x000000a356300000)]
  0x000001f06e7f6800 JavaThread "jar transforms Thread 56" [_thread_blocked, id=14636, stack(0x000000a356300000,0x000000a356400000)]
  0x000001f06e7f5800 JavaThread "jar transforms Thread 57" [_thread_blocked, id=11452, stack(0x000000a356400000,0x000000a356500000)]
  0x000001f06e7f3800 JavaThread "jar transforms Thread 58" [_thread_blocked, id=2000, stack(0x000000a356500000,0x000000a356600000)]
  0x000001f06e7f7800 JavaThread "jar transforms Thread 59" [_thread_blocked, id=2128, stack(0x000000a356600000,0x000000a356700000)]
  0x000001f06e7fa000 JavaThread "jar transforms Thread 60" [_thread_blocked, id=15100, stack(0x000000a356700000,0x000000a356800000)]
  0x000001f06e7f4000 JavaThread "jar transforms Thread 61" [_thread_blocked, id=14868, stack(0x000000a356800000,0x000000a356900000)]
  0x000001f06e7f8000 JavaThread "jar transforms Thread 62" [_thread_blocked, id=12804, stack(0x000000a356900000,0x000000a356a00000)]
  0x000001f06e7fa800 JavaThread "jar transforms Thread 63" [_thread_blocked, id=5260, stack(0x000000a356a00000,0x000000a356b00000)]
  0x000001f070e11800 JavaThread "jar transforms Thread 64" [_thread_blocked, id=10012, stack(0x000000a356b00000,0x000000a356c00000)]
  0x000001f070e13000 JavaThread "jar transforms Thread 65" [_thread_blocked, id=11268, stack(0x000000a356c00000,0x000000a356d00000)]
  0x000001f070e12800 JavaThread "jar transforms Thread 66" [_thread_blocked, id=8392, stack(0x000000a356d00000,0x000000a356e00000)]
  0x000001f070e0f000 JavaThread "jar transforms Thread 67" [_thread_blocked, id=11156, stack(0x000000a356e00000,0x000000a356f00000)]
  0x000001f070e0d800 JavaThread "jar transforms Thread 68" [_thread_blocked, id=13292, stack(0x000000a356f00000,0x000000a357000000)]
  0x000001f070e14000 JavaThread "jar transforms Thread 69" [_thread_blocked, id=9728, stack(0x000000a357000000,0x000000a357100000)]
  0x000001f070e10000 JavaThread "jar transforms Thread 70" [_thread_blocked, id=3124, stack(0x000000a357100000,0x000000a357200000)]
  0x000001f070e10800 JavaThread "jar transforms Thread 71" [_thread_blocked, id=6368, stack(0x000000a357200000,0x000000a357300000)]
  0x000001f070e0e000 JavaThread "jar transforms Thread 72" [_thread_blocked, id=7268, stack(0x000000a357300000,0x000000a357400000)]
  0x000001f070e19000 JavaThread "jar transforms Thread 73" [_thread_blocked, id=13864, stack(0x000000a357400000,0x000000a357500000)]
  0x000001f070e19800 JavaThread "jar transforms Thread 74" [_thread_blocked, id=2692, stack(0x000000a357500000,0x000000a357600000)]
  0x000001f070e18000 JavaThread "jar transforms Thread 75" [_thread_blocked, id=12216, stack(0x000000a357600000,0x000000a357700000)]
  0x000001f070e16800 JavaThread "jar transforms Thread 76" [_thread_blocked, id=8068, stack(0x000000a357700000,0x000000a357800000)]
  0x000001f070e1a800 JavaThread "jar transforms Thread 77" [_thread_blocked, id=1668, stack(0x000000a357800000,0x000000a357900000)]
  0x000001f070e15000 JavaThread "jar transforms Thread 78" [_thread_blocked, id=12292, stack(0x000000a357900000,0x000000a357a00000)]
  0x000001f070e17000 JavaThread "jar transforms Thread 79" [_thread_blocked, id=14908, stack(0x000000a357a00000,0x000000a357b00000)]
  0x000001f070e15800 JavaThread "jar transforms Thread 80" [_thread_blocked, id=13880, stack(0x000000a357b00000,0x000000a357c00000)]
  0x000001f070e1c000 JavaThread "jar transforms Thread 81" [_thread_blocked, id=8060, stack(0x000000a357c00000,0x000000a357d00000)]
  0x000001f070e1b800 JavaThread "jar transforms Thread 82" [_thread_blocked, id=6952, stack(0x000000a357d00000,0x000000a357e00000)]
  0x000001f06fd18000 JavaThread "jar transforms Thread 83" [_thread_blocked, id=10776, stack(0x000000a357e00000,0x000000a357f00000)]
  0x000001f06fd14000 JavaThread "jar transforms Thread 84" [_thread_blocked, id=7620, stack(0x000000a357f00000,0x000000a358000000)]
  0x000001f06fd19000 JavaThread "jar transforms Thread 85" [_thread_blocked, id=14288, stack(0x000000a358000000,0x000000a358100000)]
  0x000001f06fd16800 JavaThread "jar transforms Thread 86" [_thread_blocked, id=1512, stack(0x000000a358100000,0x000000a358200000)]
  0x000001f06fd1a000 JavaThread "jar transforms Thread 87" [_thread_blocked, id=9936, stack(0x000000a358200000,0x000000a358300000)]
  0x000001f06fd1a800 JavaThread "jar transforms Thread 88" [_thread_blocked, id=11372, stack(0x000000a358300000,0x000000a358400000)]
  0x000001f06fd15000 JavaThread "jar transforms Thread 89" [_thread_blocked, id=3076, stack(0x000000a358400000,0x000000a358500000)]
  0x000001f06fd17800 JavaThread "jar transforms Thread 90" [_thread_blocked, id=13252, stack(0x000000a358500000,0x000000a358600000)]
  0x000001f06fd1b800 JavaThread "jar transforms Thread 91" [_thread_blocked, id=14936, stack(0x000000a358600000,0x000000a358700000)]
  0x000001f06fd15800 JavaThread "jar transforms Thread 92" [_thread_blocked, id=4728, stack(0x000000a358700000,0x000000a358800000)]
  0x000001f06fd1c000 JavaThread "jar transforms Thread 93" [_thread_blocked, id=14680, stack(0x000000a358800000,0x000000a358900000)]
  0x000001f06fd1f800 JavaThread "jar transforms Thread 94" [_thread_blocked, id=11240, stack(0x000000a358900000,0x000000a358a00000)]
  0x000001f06fd1e800 JavaThread "jar transforms Thread 95" [_thread_blocked, id=5536, stack(0x000000a358a00000,0x000000a358b00000)]
  0x000001f06fd23000 JavaThread "jar transforms Thread 96" [_thread_blocked, id=9748, stack(0x000000a358b00000,0x000000a358c00000)]
  0x000001f06fd1d000 JavaThread "jar transforms Thread 97" [_thread_blocked, id=6228, stack(0x000000a358c00000,0x000000a358d00000)]
  0x000001f06fd20800 JavaThread "jar transforms Thread 98" [_thread_blocked, id=7380, stack(0x000000a358d00000,0x000000a358e00000)]
  0x000001f06fd21000 JavaThread "jar transforms Thread 99" [_thread_blocked, id=10360, stack(0x000000a358e00000,0x000000a358f00000)]
  0x000001f06fd1e000 JavaThread "Memory manager" [_thread_blocked, id=10628, stack(0x000000a358f00000,0x000000a359000000)]
  0x000001f07435d000 JavaThread "build event listener" [_thread_blocked, id=11400, stack(0x000000a359000000,0x000000a359100000)]
  0x000001f07435f800 JavaThread "build event listener" [_thread_blocked, id=13260, stack(0x000000a359100000,0x000000a359200000)]
  0x000001f074361000 JavaThread "Execution worker for ':'" [_thread_blocked, id=14744, stack(0x000000a359200000,0x000000a359300000)]
  0x000001f07435d800 JavaThread "Execution worker for ':' Thread 2" [_thread_blocked, id=4312, stack(0x000000a359300000,0x000000a359400000)]
  0x000001f07435e800 JavaThread "Execution worker for ':' Thread 3" [_thread_blocked, id=13620, stack(0x000000a359400000,0x000000a359500000)]
  0x000001f074362800 JavaThread "Execution worker for ':' Thread 4" [_thread_blocked, id=10036, stack(0x000000a359500000,0x000000a359600000)]
  0x000001f074363800 JavaThread "Execution worker for ':' Thread 5" [_thread_blocked, id=11064, stack(0x000000a359600000,0x000000a359700000)]
  0x000001f074360000 JavaThread "Execution worker for ':' Thread 6" [_thread_blocked, id=11092, stack(0x000000a359700000,0x000000a359800000)]
  0x000001f074362000 JavaThread "Execution worker for ':' Thread 7" [_thread_blocked, id=12872, stack(0x000000a359800000,0x000000a359900000)]
  0x000001f074688800 JavaThread "Cache worker for execution history cache (D:\Du an truong\DuanPhonestore\.gradle\6.7.1\executionHistory)" [_thread_blocked, id=10384, stack(0x000000a359900000,0x000000a359a00000)]
  0x000001f07468c000 JavaThread "WorkerExecutor Queue Thread 2" [_thread_in_native, id=2564, stack(0x000000a359b00000,0x000000a359c00000)]
  0x000001f07468c800 JavaThread "WorkerExecutor Queue Thread 6" [_thread_blocked, id=14724, stack(0x000000a359f00000,0x000000a35a000000)]
  0x000001f074688000 JavaThread "pool-4-thread-1" [_thread_blocked, id=11952, stack(0x000000a359a00000,0x000000a359b00000)]
  0x000001f074689800 JavaThread "stderr" [_thread_in_native, id=984, stack(0x000000a359c00000,0x000000a359d00000)]
  0x000001f07468a800 JavaThread "stdout" [_thread_in_native, id=9896, stack(0x000000a359d00000,0x000000a359e00000)]
  0x000001f076b91800 JavaThread "C2 CompilerThread1" daemon [_thread_in_native, id=9308, stack(0x000000a359e00000,0x000000a359f00000)]
=>0x000001f06eebc800 JavaThread "C2 CompilerThread2" daemon [_thread_in_native, id=13780, stack(0x000000a35a000000,0x000000a35a100000)]
  0x000001f07468b000 JavaThread "Cache worker for Java compile cache (C:\Users\acer\.gradle\caches\6.7.1\javaCompile)" [_thread_blocked, id=4400, stack(0x000000a35a100000,0x000000a35a200000)]
  0x000001f074687000 JavaThread "Cache worker for Java compile cache (D:\Du an truong\DuanPhonestore\.gradle\6.7.1\javaCompile)" [_thread_blocked, id=3532, stack(0x000000a35a200000,0x000000a35a300000)]
  0x000001f074693000 JavaThread "WorkerExecutor Queue Thread 7" [_thread_blocked, id=14924, stack(0x000000a35a300000,0x000000a35a400000)]
  0x000001f074691000 JavaThread "WorkerExecutor Queue Thread 8" [_thread_blocked, id=6808, stack(0x000000a35a400000,0x000000a35a500000)]
  0x000001f074690000 JavaThread "WorkerExecutor Queue Thread 9" [_thread_blocked, id=10196, stack(0x000000a35a500000,0x000000a35a600000)]
  0x000001f074691800 JavaThread "WorkerExecutor Queue Thread 10" [_thread_blocked, id=12780, stack(0x000000a35a600000,0x000000a35a700000)]
  0x000001f07468f000 JavaThread "WorkerExecutor Queue Thread 11" [_thread_blocked, id=6544, stack(0x000000a35a700000,0x000000a35a800000)]
  0x000001f074692800 JavaThread "WorkerExecutor Queue Thread 12" [_thread_blocked, id=8352, stack(0x000000a35a800000,0x000000a35a900000)]
  0x000001f07468d800 JavaThread "WorkerExecutor Queue Thread 13" [_thread_blocked, id=3988, stack(0x000000a35a900000,0x000000a35aa00000)]

Other Threads:
  0x000001f06d8d6800 VMThread "VM Thread" [stack: 0x000000a34f800000,0x000000a34f900000] [id=7720]
  0x000001f06e414000 WatcherThread [stack: 0x000000a350200000,0x000000a350300000] [id=10404]
  0x000001f053496000 GCTaskThread "GC Thread#0" [stack: 0x000000a34f300000,0x000000a34f400000] [id=6044]
  0x000001f06ef23800 GCTaskThread "GC Thread#1" [stack: 0x000000a350300000,0x000000a350400000] [id=14640]
  0x000001f0701da000 GCTaskThread "GC Thread#2" [stack: 0x000000a350b00000,0x000000a350c00000] [id=2140]
  0x000001f06effd800 GCTaskThread "GC Thread#3" [stack: 0x000000a350c00000,0x000000a350d00000] [id=12528]
  0x000001f070108000 GCTaskThread "GC Thread#4" [stack: 0x000000a350d00000,0x000000a350e00000] [id=6752]
  0x000001f06f979000 GCTaskThread "GC Thread#5" [stack: 0x000000a350e00000,0x000000a350f00000] [id=3356]
  0x000001f06f967000 GCTaskThread "GC Thread#6" [stack: 0x000000a350f00000,0x000000a351000000] [id=11272]
  0x000001f06f600800 GCTaskThread "GC Thread#7" [stack: 0x000000a351000000,0x000000a351100000] [id=10020]
  0x000001f0534c7000 ConcurrentGCThread "G1 Main Marker" [stack: 0x000000a34f400000,0x000000a34f500000] [id=3888]
  0x000001f0534c8800 ConcurrentGCThread "G1 Conc#0" [stack: 0x000000a34f500000,0x000000a34f600000] [id=12036]
  0x000001f06e4ce800 ConcurrentGCThread "G1 Conc#1" [stack: 0x000000a351b00000,0x000000a351c00000] [id=4792]
  0x000001f053554800 ConcurrentGCThread "G1 Refine#0" [stack: 0x000000a34f600000,0x000000a34f700000] [id=10944]
  0x000001f06fc74800 ConcurrentGCThread "G1 Refine#1" [stack: 0x000000a351100000,0x000000a351200000] [id=2708]
  0x000001f07006e000 ConcurrentGCThread "G1 Refine#2" [stack: 0x000000a351200000,0x000000a351300000] [id=2796]
  0x000001f07006e800 ConcurrentGCThread "G1 Refine#3" [stack: 0x000000a351300000,0x000000a351400000] [id=9940]
  0x000001f053555800 ConcurrentGCThread "G1 Young RemSet Sampling" [stack: 0x000000a34f700000,0x000000a34f800000] [id=508]

Threads with active compile tasks:
C2 CompilerThread0  56830 13976       4       org.gradle.internal.instantiation.generator.AbstractClassGenerator$InjectionAnnotationValidator::validateMethod (502 bytes)
C2 CompilerThread1  56830 13968       4       java.net.URLClassLoader$1::run (5 bytes)
C2 CompilerThread2  56830 13954       4       org.gradle.internal.fingerprint.classpath.impl.ClasspathFingerprintingStrategy$ClasspathContentFingerprintingVisitor::visitFile (69 bytes)

VM state:not at safepoint (normal execution)

VM Mutex/Monitor currently owned by a thread: None

Heap address: 0x0000000080000000, size: 2048 MB, Compressed Oops mode: 32-bit
Narrow klass base: 0x0000000000000000, Narrow klass shift: 3
Compressed class space size: 1073741824 Address: 0x0000000100000000

Heap:
 garbage-first heap   total 206848K, used 134193K [0x0000000080000000, 0x0000000100000000)
  region size 1024K, 13 young (13312K), 4 survivors (4096K)
 Metaspace       used 99604K, capacity 102053K, committed 102144K, reserved 1138688K
  class space    used 12590K, capacity 13497K, committed 13568K, reserved 1048576K
Heap Regions: E=young(eden), S=young(survivor), O=old, HS=humongous(starts), HC=humongous(continues), CS=collection set, F=free, A=archive, TAMS=top-at-mark-start (previous, next)
|   0|0x0000000080000000, 0x0000000080100000, 0x0000000080100000|100%| O|  |TAMS 0x0000000080100000, 0x0000000080000000| Untracked 
|   1|0x0000000080100000, 0x0000000080200000, 0x0000000080200000|100%| O|  |TAMS 0x0000000080200000, 0x0000000080100000| Untracked 
|   2|0x0000000080200000, 0x0000000080300000, 0x0000000080300000|100%| O|  |TAMS 0x0000000080300000, 0x0000000080200000| Untracked 
|   3|0x0000000080300000, 0x0000000080400000, 0x0000000080400000|100%|HS|  |TAMS 0x0000000080400000, 0x0000000080300000| Complete 
|   4|0x0000000080400000, 0x0000000080500000, 0x0000000080500000|100%|HC|  |TAMS 0x0000000080500000, 0x0000000080400000| Complete 
|   5|0x0000000080500000, 0x0000000080600000, 0x0000000080600000|100%|HC|  |TAMS 0x0000000080600000, 0x0000000080500000| Complete 
|   6|0x0000000080600000, 0x0000000080700000, 0x0000000080700000|100%| O|  |TAMS 0x0000000080700000, 0x0000000080600000| Untracked 
|   7|0x0000000080700000, 0x0000000080800000, 0x0000000080800000|100%| O|  |TAMS 0x0000000080800000, 0x0000000080700000| Untracked 
|   8|0x0000000080800000, 0x0000000080900000, 0x0000000080900000|100%| O|  |TAMS 0x0000000080900000, 0x0000000080800000| Untracked 
|   9|0x0000000080900000, 0x0000000080a00000, 0x0000000080a00000|100%| O|  |TAMS 0x0000000080a00000, 0x0000000080900000| Untracked 
|  10|0x0000000080a00000, 0x0000000080b00000, 0x0000000080b00000|100%| O|  |TAMS 0x0000000080b00000, 0x0000000080a00000| Untracked 
|  11|0x0000000080b00000, 0x0000000080c00000, 0x0000000080c00000|100%| O|  |TAMS 0x0000000080c00000, 0x0000000080b00000| Untracked 
|  12|0x0000000080c00000, 0x0000000080d00000, 0x0000000080d00000|100%| O|  |TAMS 0x0000000080d00000, 0x0000000080c00000| Untracked 
|  13|0x0000000080d00000, 0x0000000080e00000, 0x0000000080e00000|100%| O|  |TAMS 0x0000000080e00000, 0x0000000080d00000| Untracked 
|  14|0x0000000080e00000, 0x0000000080f00000, 0x0000000080f00000|100%| O|  |TAMS 0x0000000080f00000, 0x0000000080e00000| Untracked 
|  15|0x0000000080f00000, 0x0000000081000000, 0x0000000081000000|100%| O|  |TAMS 0x0000000081000000, 0x0000000080f00000| Untracked 
|  16|0x0000000081000000, 0x0000000081100000, 0x0000000081100000|100%| O|  |TAMS 0x0000000081100000, 0x0000000081000000| Untracked 
|  17|0x0000000081100000, 0x0000000081200000, 0x0000000081200000|100%| O|  |TAMS 0x0000000081200000, 0x0000000081100000| Untracked 
|  18|0x0000000081200000, 0x0000000081300000, 0x0000000081300000|100%| O|  |TAMS 0x0000000081300000, 0x0000000081200000| Untracked 
|  19|0x0000000081300000, 0x0000000081400000, 0x0000000081400000|100%| O|  |TAMS 0x0000000081400000, 0x0000000081300000| Untracked 
|  20|0x0000000081400000, 0x0000000081500000, 0x0000000081500000|100%| O|  |TAMS 0x0000000081500000, 0x0000000081400000| Untracked 
|  21|0x0000000081500000, 0x0000000081600000, 0x0000000081600000|100%| O|  |TAMS 0x0000000081600000, 0x0000000081500000| Untracked 
|  22|0x0000000081600000, 0x0000000081700000, 0x0000000081700000|100%| O|  |TAMS 0x0000000081700000, 0x0000000081600000| Untracked 
|  23|0x0000000081700000, 0x0000000081800000, 0x0000000081800000|100%| O|  |TAMS 0x0000000081800000, 0x0000000081700000| Untracked 
|  24|0x0000000081800000, 0x0000000081900000, 0x0000000081900000|100%|HS|  |TAMS 0x0000000081900000, 0x0000000081800000| Complete 
|  25|0x0000000081900000, 0x0000000081a00000, 0x0000000081a00000|100%|HS|  |TAMS 0x0000000081a00000, 0x0000000081900000| Complete 
|  26|0x0000000081a00000, 0x0000000081b00000, 0x0000000081b00000|100%|HC|  |TAMS 0x0000000081b00000, 0x0000000081a00000| Complete 
|  27|0x0000000081b00000, 0x0000000081c00000, 0x0000000081c00000|100%| O|  |TAMS 0x0000000081c00000, 0x0000000081b00000| Untracked 
|  28|0x0000000081c00000, 0x0000000081d00000, 0x0000000081d00000|100%| O|  |TAMS 0x0000000081d00000, 0x0000000081c00000| Untracked 
|  29|0x0000000081d00000, 0x0000000081e00000, 0x0000000081e00000|100%| O|  |TAMS 0x0000000081e00000, 0x0000000081d00000| Untracked 
|  30|0x0000000081e00000, 0x0000000081f00000, 0x0000000081f00000|100%| O|  |TAMS 0x0000000081f00000, 0x0000000081e00000| Untracked 
|  31|0x0000000081f00000, 0x0000000082000000, 0x0000000082000000|100%| O|  |TAMS 0x0000000082000000, 0x0000000081f00000| Untracked 
|  32|0x0000000082000000, 0x0000000082100000, 0x0000000082100000|100%| O|  |TAMS 0x0000000082100000, 0x0000000082000000| Untracked 
|  33|0x0000000082100000, 0x0000000082200000, 0x0000000082200000|100%| O|  |TAMS 0x0000000082200000, 0x0000000082100000| Untracked 
|  34|0x0000000082200000, 0x0000000082300000, 0x0000000082300000|100%| O|  |TAMS 0x0000000082300000, 0x0000000082200000| Untracked 
|  35|0x0000000082300000, 0x0000000082400000, 0x0000000082400000|100%| O|  |TAMS 0x0000000082400000, 0x0000000082300000| Untracked 
|  36|0x0000000082400000, 0x0000000082500000, 0x0000000082500000|100%| O|  |TAMS 0x0000000082500000, 0x0000000082400000| Untracked 
|  37|0x0000000082500000, 0x0000000082600000, 0x0000000082600000|100%| O|  |TAMS 0x0000000082600000, 0x0000000082500000| Untracked 
|  38|0x0000000082600000, 0x0000000082700000, 0x0000000082700000|100%| O|  |TAMS 0x0000000082700000, 0x0000000082600000| Untracked 
|  39|0x0000000082700000, 0x0000000082800000, 0x0000000082800000|100%| O|  |TAMS 0x0000000082800000, 0x0000000082700000| Untracked 
|  40|0x0000000082800000, 0x0000000082900000, 0x0000000082900000|100%| O|  |TAMS 0x0000000082900000, 0x0000000082800000| Untracked 
|  41|0x0000000082900000, 0x0000000082a00000, 0x0000000082a00000|100%| O|  |TAMS 0x0000000082a00000, 0x0000000082900000| Untracked 
|  42|0x0000000082a00000, 0x0000000082b00000, 0x0000000082b00000|100%| O|  |TAMS 0x0000000082b00000, 0x0000000082a00000| Untracked 
|  43|0x0000000082b00000, 0x0000000082c00000, 0x0000000082c00000|100%| O|  |TAMS 0x0000000082c00000, 0x0000000082b00000| Untracked 
|  44|0x0000000082c00000, 0x0000000082d00000, 0x0000000082d00000|100%| O|  |TAMS 0x0000000082d00000, 0x0000000082c00000| Untracked 
|  45|0x0000000082d00000, 0x0000000082e00000, 0x0000000082e00000|100%| O|  |TAMS 0x0000000082e00000, 0x0000000082d00000| Untracked 
|  46|0x0000000082e00000, 0x0000000082f00000, 0x0000000082f00000|100%| O|  |TAMS 0x0000000082f00000, 0x0000000082e00000| Untracked 
|  47|0x0000000082f00000, 0x0000000083000000, 0x0000000083000000|100%| O|  |TAMS 0x0000000083000000, 0x0000000082f00000| Untracked 
|  48|0x0000000083000000, 0x0000000083100000, 0x0000000083100000|100%| O|  |TAMS 0x0000000083100000, 0x0000000083000000| Untracked 
|  49|0x0000000083100000, 0x0000000083200000, 0x0000000083200000|100%| O|  |TAMS 0x0000000083200000, 0x0000000083100000| Untracked 
|  50|0x0000000083200000, 0x0000000083300000, 0x0000000083300000|100%| O|  |TAMS 0x0000000083300000, 0x0000000083200000| Untracked 
|  51|0x0000000083300000, 0x0000000083400000, 0x0000000083400000|100%| O|  |TAMS 0x0000000083400000, 0x0000000083300000| Untracked 
|  52|0x0000000083400000, 0x0000000083500000, 0x0000000083500000|100%| O|  |TAMS 0x0000000083500000, 0x0000000083400000| Untracked 
|  53|0x0000000083500000, 0x0000000083600000, 0x0000000083600000|100%| O|  |TAMS 0x0000000083600000, 0x0000000083500000| Untracked 
|  54|0x0000000083600000, 0x0000000083700000, 0x0000000083700000|100%| O|  |TAMS 0x0000000083700000, 0x0000000083600000| Untracked 
|  55|0x0000000083700000, 0x0000000083800000, 0x0000000083800000|100%| O|  |TAMS 0x0000000083800000, 0x0000000083700000| Untracked 
|  56|0x0000000083800000, 0x0000000083900000, 0x0000000083900000|100%| O|  |TAMS 0x0000000083900000, 0x0000000083800000| Untracked 
|  57|0x0000000083900000, 0x0000000083a00000, 0x0000000083a00000|100%| O|  |TAMS 0x0000000083a00000, 0x0000000083900000| Untracked 
|  58|0x0000000083a00000, 0x0000000083b00000, 0x0000000083b00000|100%| O|  |TAMS 0x0000000083b00000, 0x0000000083a00000| Untracked 
|  59|0x0000000083b00000, 0x0000000083c00000, 0x0000000083c00000|100%| O|  |TAMS 0x0000000083c00000, 0x0000000083b00000| Untracked 
|  60|0x0000000083c00000, 0x0000000083d00000, 0x0000000083d00000|100%| O|  |TAMS 0x0000000083d00000, 0x0000000083c00000| Untracked 
|  61|0x0000000083d00000, 0x0000000083e00000, 0x0000000083e00000|100%| O|  |TAMS 0x0000000083e00000, 0x0000000083d00000| Untracked 
|  62|0x0000000083e00000, 0x0000000083effff8, 0x0000000083f00000| 99%| O|  |TAMS 0x0000000083effff8, 0x0000000083e00000| Untracked 
|  63|0x0000000083f00000, 0x0000000084000000, 0x0000000084000000|100%| O|  |TAMS 0x0000000084000000, 0x0000000083f00000| Untracked 
|  64|0x0000000084000000, 0x0000000084100000, 0x0000000084100000|100%| O|  |TAMS 0x0000000084100000, 0x0000000084000000| Untracked 
|  65|0x0000000084100000, 0x0000000084200000, 0x0000000084200000|100%| O|  |TAMS 0x0000000084200000, 0x0000000084100000| Untracked 
|  66|0x0000000084200000, 0x0000000084300000, 0x0000000084300000|100%| O|  |TAMS 0x00000000842c8c00, 0x0000000084200000| Untracked 
|  67|0x0000000084300000, 0x0000000084400000, 0x0000000084400000|100%| O|  |TAMS 0x0000000084300000, 0x0000000084300000| Untracked 
|  68|0x0000000084400000, 0x0000000084500000, 0x0000000084500000|100%| O|  |TAMS 0x0000000084400000, 0x0000000084400000| Untracked 
|  69|0x0000000084500000, 0x0000000084600000, 0x0000000084600000|100%| O|  |TAMS 0x0000000084500000, 0x0000000084500000| Untracked 
|  70|0x0000000084600000, 0x0000000084700000, 0x0000000084700000|100%| O|  |TAMS 0x0000000084600000, 0x0000000084600000| Untracked 
|  71|0x0000000084700000, 0x0000000084800000, 0x0000000084800000|100%| O|  |TAMS 0x0000000084700000, 0x0000000084700000| Untracked 
|  72|0x0000000084800000, 0x0000000084900000, 0x0000000084900000|100%| O|  |TAMS 0x0000000084800000, 0x0000000084800000| Untracked 
|  73|0x0000000084900000, 0x0000000084a00000, 0x0000000084a00000|100%| O|  |TAMS 0x0000000084900000, 0x0000000084900000| Untracked 
|  74|0x0000000084a00000, 0x0000000084b00000, 0x0000000084b00000|100%| O|  |TAMS 0x0000000084a00000, 0x0000000084a00000| Untracked 
|  75|0x0000000084b00000, 0x0000000084c00000, 0x0000000084c00000|100%| O|  |TAMS 0x0000000084b00000, 0x0000000084b00000| Untracked 
|  76|0x0000000084c00000, 0x0000000084d00000, 0x0000000084d00000|100%| O|  |TAMS 0x0000000084d00000, 0x0000000084c00000| Untracked 
|  77|0x0000000084d00000, 0x0000000084e00000, 0x0000000084e00000|100%| O|  |TAMS 0x0000000084e00000, 0x0000000084d00000| Untracked 
|  78|0x0000000084e00000, 0x0000000084f00000, 0x0000000084f00000|100%| O|  |TAMS 0x0000000084f00000, 0x0000000084e00000| Untracked 
|  79|0x0000000084f00000, 0x0000000085000000, 0x0000000085000000|100%| O|  |TAMS 0x0000000084f00000, 0x0000000084f00000| Untracked 
|  80|0x0000000085000000, 0x0000000085100000, 0x0000000085100000|100%| O|  |TAMS 0x0000000085000000, 0x0000000085000000| Untracked 
|  81|0x0000000085100000, 0x0000000085200000, 0x0000000085200000|100%| O|  |TAMS 0x0000000085100000, 0x0000000085100000| Untracked 
|  82|0x0000000085200000, 0x0000000085300000, 0x0000000085300000|100%| O|  |TAMS 0x0000000085200000, 0x0000000085200000| Untracked 
|  83|0x0000000085300000, 0x0000000085400000, 0x0000000085400000|100%| O|  |TAMS 0x0000000085300000, 0x0000000085300000| Untracked 
|  84|0x0000000085400000, 0x0000000085500000, 0x0000000085500000|100%| O|  |TAMS 0x0000000085400000, 0x0000000085400000| Untracked 
|  85|0x0000000085500000, 0x0000000085600000, 0x0000000085600000|100%| O|  |TAMS 0x0000000085600000, 0x0000000085500000| Untracked 
|  86|0x0000000085600000, 0x0000000085700000, 0x0000000085700000|100%| O|  |TAMS 0x0000000085700000, 0x0000000085600000| Untracked 
|  87|0x0000000085700000, 0x0000000085800000, 0x0000000085800000|100%| O|  |TAMS 0x0000000085800000, 0x0000000085700000| Untracked 
|  88|0x0000000085800000, 0x0000000085900000, 0x0000000085900000|100%| O|  |TAMS 0x0000000085900000, 0x0000000085800000| Untracked 
|  89|0x0000000085900000, 0x0000000085a00000, 0x0000000085a00000|100%| O|  |TAMS 0x0000000085900000, 0x0000000085900000| Untracked 
|  90|0x0000000085a00000, 0x0000000085b00000, 0x0000000085b00000|100%| O|  |TAMS 0x0000000085b00000, 0x0000000085a00000| Untracked 
|  91|0x0000000085b00000, 0x0000000085c00000, 0x0000000085c00000|100%|HS|  |TAMS 0x0000000085b00000, 0x0000000085b00000| Complete 
|  92|0x0000000085c00000, 0x0000000085d00000, 0x0000000085d00000|100%|HC|  |TAMS 0x0000000085c00000, 0x0000000085c00000| Complete 
|  93|0x0000000085d00000, 0x0000000085e00000, 0x0000000085e00000|100%| O|  |TAMS 0x0000000085d00000, 0x0000000085d00000| Untracked 
|  94|0x0000000085e00000, 0x0000000085f00000, 0x0000000085f00000|100%| O|  |TAMS 0x0000000085e00000, 0x0000000085e00000| Untracked 
|  95|0x0000000085f00000, 0x0000000086000000, 0x0000000086000000|100%| O|  |TAMS 0x0000000085f00000, 0x0000000085f00000| Untracked 
|  96|0x0000000086000000, 0x0000000086100000, 0x0000000086100000|100%| O|  |TAMS 0x0000000086000000, 0x0000000086000000| Untracked 
|  97|0x0000000086100000, 0x0000000086200000, 0x0000000086200000|100%| O|  |TAMS 0x0000000086100000, 0x0000000086100000| Untracked 
|  98|0x0000000086200000, 0x0000000086300000, 0x0000000086300000|100%| O|  |TAMS 0x0000000086200000, 0x0000000086200000| Untracked 
|  99|0x0000000086300000, 0x0000000086400000, 0x0000000086400000|100%| O|  |TAMS 0x0000000086300000, 0x0000000086300000| Untracked 
| 100|0x0000000086400000, 0x0000000086500000, 0x0000000086500000|100%| O|  |TAMS 0x0000000086400000, 0x0000000086400000| Untracked 
| 101|0x0000000086500000, 0x0000000086600000, 0x0000000086600000|100%| O|  |TAMS 0x0000000086500000, 0x0000000086500000| Untracked 
| 102|0x0000000086600000, 0x0000000086700000, 0x0000000086700000|100%| O|  |TAMS 0x0000000086600000, 0x0000000086600000| Untracked 
| 103|0x0000000086700000, 0x0000000086800000, 0x0000000086800000|100%| O|  |TAMS 0x0000000086700000, 0x0000000086700000| Untracked 
| 104|0x0000000086800000, 0x0000000086900000, 0x0000000086900000|100%| O|  |TAMS 0x0000000086800000, 0x0000000086800000| Untracked 
| 105|0x0000000086900000, 0x0000000086a00000, 0x0000000086a00000|100%| O|  |TAMS 0x0000000086a00000, 0x0000000086900000| Untracked 
| 106|0x0000000086a00000, 0x0000000086b00000, 0x0000000086b00000|100%| O|  |TAMS 0x0000000086a00000, 0x0000000086a00000| Untracked 
| 107|0x0000000086b00000, 0x0000000086c00000, 0x0000000086c00000|100%| O|  |TAMS 0x0000000086b00000, 0x0000000086b00000| Untracked 
| 108|0x0000000086c00000, 0x0000000086d00000, 0x0000000086d00000|100%| O|  |TAMS 0x0000000086c00000, 0x0000000086c00000| Untracked 
| 109|0x0000000086d00000, 0x0000000086e00000, 0x0000000086e00000|100%| O|  |TAMS 0x0000000086d00000, 0x0000000086d00000| Untracked 
| 110|0x0000000086e00000, 0x0000000086f00000, 0x0000000086f00000|100%| O|  |TAMS 0x0000000086e00000, 0x0000000086e00000| Untracked 
| 111|0x0000000086f00000, 0x0000000087000000, 0x0000000087000000|100%| O|  |TAMS 0x0000000086f00000, 0x0000000086f00000| Untracked 
| 112|0x0000000087000000, 0x0000000087100000, 0x0000000087100000|100%| O|  |TAMS 0x0000000087000000, 0x0000000087000000| Untracked 
| 113|0x0000000087100000, 0x0000000087200000, 0x0000000087200000|100%| O|  |TAMS 0x0000000087100000, 0x0000000087100000| Untracked 
| 114|0x0000000087200000, 0x0000000087300000, 0x0000000087300000|100%| O|  |TAMS 0x0000000087200000, 0x0000000087200000| Untracked 
| 115|0x0000000087300000, 0x0000000087400000, 0x0000000087400000|100%| O|  |TAMS 0x0000000087300000, 0x0000000087300000| Untracked 
| 116|0x0000000087400000, 0x0000000087400000, 0x0000000087500000|  0%| F|  |TAMS 0x0000000087400000, 0x0000000087400000| Untracked 
| 117|0x0000000087500000, 0x0000000087500000, 0x0000000087600000|  0%| F|  |TAMS 0x0000000087500000, 0x0000000087500000| Untracked 
| 118|0x0000000087600000, 0x0000000087600000, 0x0000000087700000|  0%| F|  |TAMS 0x0000000087600000, 0x0000000087600000| Untracked 
| 119|0x0000000087700000, 0x0000000087700000, 0x0000000087800000|  0%| F|  |TAMS 0x0000000087700000, 0x0000000087700000| Untracked 
| 120|0x0000000087800000, 0x0000000087800000, 0x0000000087900000|  0%| F|  |TAMS 0x0000000087800000, 0x0000000087800000| Untracked 
| 121|0x0000000087900000, 0x0000000087900000, 0x0000000087a00000|  0%| F|  |TAMS 0x0000000087900000, 0x0000000087900000| Untracked 
| 122|0x0000000087a00000, 0x0000000087b00000, 0x0000000087b00000|100%| O|  |TAMS 0x0000000087a00000, 0x0000000087a00000| Untracked 
| 123|0x0000000087b00000, 0x0000000087c00000, 0x0000000087c00000|100%| O|  |TAMS 0x0000000087b00000, 0x0000000087b00000| Untracked 
| 124|0x0000000087c00000, 0x0000000087d00000, 0x0000000087d00000|100%| O|  |TAMS 0x0000000087c00000, 0x0000000087c00000| Untracked 
| 125|0x0000000087d00000, 0x0000000087e00000, 0x0000000087e00000|100%| O|  |TAMS 0x0000000087d00000, 0x0000000087d00000| Untracked 
| 126|0x0000000087e00000, 0x0000000087e35c00, 0x0000000087f00000| 20%| O|  |TAMS 0x0000000087e00000, 0x0000000087e00000| Untracked 
| 127|0x0000000087f00000, 0x0000000087f00000, 0x0000000088000000|  0%| F|  |TAMS 0x0000000087f00000, 0x0000000087f00000| Untracked 
| 128|0x0000000088000000, 0x0000000088000000, 0x0000000088100000|  0%| F|  |TAMS 0x0000000088000000, 0x0000000088000000| Untracked 
| 129|0x0000000088100000, 0x0000000088100000, 0x0000000088200000|  0%| F|  |TAMS 0x0000000088100000, 0x0000000088100000| Untracked 
| 130|0x0000000088200000, 0x0000000088200000, 0x0000000088300000|  0%| F|  |TAMS 0x0000000088200000, 0x0000000088200000| Untracked 
| 131|0x0000000088300000, 0x0000000088300000, 0x0000000088400000|  0%| F|  |TAMS 0x0000000088300000, 0x0000000088300000| Untracked 
| 132|0x0000000088400000, 0x0000000088400000, 0x0000000088500000|  0%| F|  |TAMS 0x0000000088400000, 0x0000000088400000| Untracked 
| 133|0x0000000088500000, 0x0000000088500000, 0x0000000088600000|  0%| F|  |TAMS 0x0000000088500000, 0x0000000088500000| Untracked 
| 134|0x0000000088600000, 0x0000000088600000, 0x0000000088700000|  0%| F|  |TAMS 0x0000000088600000, 0x0000000088600000| Untracked 
| 135|0x0000000088700000, 0x0000000088700000, 0x0000000088800000|  0%| F|  |TAMS 0x0000000088700000, 0x0000000088700000| Untracked 
| 136|0x0000000088800000, 0x0000000088800000, 0x0000000088900000|  0%| F|  |TAMS 0x0000000088800000, 0x0000000088800000| Untracked 
| 137|0x0000000088900000, 0x0000000088900000, 0x0000000088a00000|  0%| F|  |TAMS 0x0000000088900000, 0x0000000088900000| Untracked 
| 138|0x0000000088a00000, 0x0000000088a00000, 0x0000000088b00000|  0%| F|  |TAMS 0x0000000088a00000, 0x0000000088a00000| Untracked 
| 139|0x0000000088b00000, 0x0000000088b00000, 0x0000000088c00000|  0%| F|  |TAMS 0x0000000088b00000, 0x0000000088b00000| Untracked 
| 140|0x0000000088c00000, 0x0000000088c00000, 0x0000000088d00000|  0%| F|  |TAMS 0x0000000088c00000, 0x0000000088c00000| Untracked 
| 141|0x0000000088d00000, 0x0000000088d00000, 0x0000000088e00000|  0%| F|  |TAMS 0x0000000088d00000, 0x0000000088d00000| Untracked 
| 142|0x0000000088e00000, 0x0000000088e00000, 0x0000000088f00000|  0%| F|  |TAMS 0x0000000088e00000, 0x0000000088e00000| Untracked 
| 143|0x0000000088f00000, 0x0000000088f00000, 0x0000000089000000|  0%| F|  |TAMS 0x0000000088f00000, 0x0000000088f00000| Untracked 
| 144|0x0000000089000000, 0x0000000089000000, 0x0000000089100000|  0%| F|  |TAMS 0x0000000089000000, 0x0000000089000000| Untracked 
| 145|0x0000000089100000, 0x0000000089100000, 0x0000000089200000|  0%| F|  |TAMS 0x0000000089100000, 0x0000000089100000| Untracked 
| 146|0x0000000089200000, 0x0000000089200000, 0x0000000089300000|  0%| F|  |TAMS 0x0000000089200000, 0x0000000089200000| Untracked 
| 147|0x0000000089300000, 0x0000000089300000, 0x0000000089400000|  0%| F|  |TAMS 0x0000000089300000, 0x0000000089300000| Untracked 
| 148|0x0000000089400000, 0x0000000089400000, 0x0000000089500000|  0%| F|  |TAMS 0x0000000089400000, 0x0000000089400000| Untracked 
| 149|0x0000000089500000, 0x0000000089500000, 0x0000000089600000|  0%| F|  |TAMS 0x0000000089500000, 0x0000000089500000| Untracked 
| 150|0x0000000089600000, 0x00000000896d6ad0, 0x0000000089700000| 83%| S|CS|TAMS 0x0000000089600000, 0x0000000089600000| Complete 
| 151|0x0000000089700000, 0x0000000089800000, 0x0000000089800000|100%| S|CS|TAMS 0x0000000089700000, 0x0000000089700000| Complete 
| 152|0x0000000089800000, 0x0000000089900000, 0x0000000089900000|100%| S|CS|TAMS 0x0000000089800000, 0x0000000089800000| Complete 
| 153|0x0000000089900000, 0x0000000089900000, 0x0000000089a00000|  0%| F|  |TAMS 0x0000000089900000, 0x0000000089900000| Untracked 
| 154|0x0000000089a00000, 0x0000000089a00000, 0x0000000089b00000|  0%| F|  |TAMS 0x0000000089a00000, 0x0000000089a00000| Untracked 
| 155|0x0000000089b00000, 0x0000000089b00000, 0x0000000089c00000|  0%| F|  |TAMS 0x0000000089b00000, 0x0000000089b00000| Untracked 
| 156|0x0000000089c00000, 0x0000000089c00000, 0x0000000089d00000|  0%| F|  |TAMS 0x0000000089c00000, 0x0000000089c00000| Untracked 
| 157|0x0000000089d00000, 0x0000000089d00000, 0x0000000089e00000|  0%| F|  |TAMS 0x0000000089d00000, 0x0000000089d00000| Untracked 
| 158|0x0000000089e00000, 0x0000000089f00000, 0x0000000089f00000|100%| S|CS|TAMS 0x0000000089e00000, 0x0000000089e00000| Complete 
| 159|0x0000000089f00000, 0x0000000089f00000, 0x000000008a000000|  0%| F|  |TAMS 0x0000000089f00000, 0x0000000089f00000| Untracked 
| 160|0x000000008a000000, 0x000000008a000000, 0x000000008a100000|  0%| F|  |TAMS 0x000000008a000000, 0x000000008a000000| Untracked 
| 161|0x000000008a100000, 0x000000008a100000, 0x000000008a200000|  0%| F|  |TAMS 0x000000008a100000, 0x000000008a100000| Untracked 
| 162|0x000000008a200000, 0x000000008a200000, 0x000000008a300000|  0%| F|  |TAMS 0x000000008a200000, 0x000000008a200000| Untracked 
| 163|0x000000008a300000, 0x000000008a300000, 0x000000008a400000|  0%| F|  |TAMS 0x000000008a300000, 0x000000008a300000| Untracked 
| 164|0x000000008a400000, 0x000000008a400000, 0x000000008a500000|  0%| F|  |TAMS 0x000000008a400000, 0x000000008a400000| Untracked 
| 165|0x000000008a500000, 0x000000008a500000, 0x000000008a600000|  0%| F|  |TAMS 0x000000008a500000, 0x000000008a500000| Untracked 
| 166|0x000000008a600000, 0x000000008a600000, 0x000000008a700000|  0%| F|  |TAMS 0x000000008a600000, 0x000000008a600000| Untracked 
| 167|0x000000008a700000, 0x000000008a700000, 0x000000008a800000|  0%| F|  |TAMS 0x000000008a700000, 0x000000008a700000| Untracked 
| 168|0x000000008a800000, 0x000000008a800000, 0x000000008a900000|  0%| F|  |TAMS 0x000000008a800000, 0x000000008a800000| Untracked 
| 169|0x000000008a900000, 0x000000008a900000, 0x000000008aa00000|  0%| F|  |TAMS 0x000000008a900000, 0x000000008a900000| Untracked 
| 170|0x000000008aa00000, 0x000000008aa00000, 0x000000008ab00000|  0%| F|  |TAMS 0x000000008aa00000, 0x000000008aa00000| Untracked 
| 171|0x000000008ab00000, 0x000000008ab00000, 0x000000008ac00000|  0%| F|  |TAMS 0x000000008ab00000, 0x000000008ab00000| Untracked 
| 172|0x000000008ac00000, 0x000000008ac00000, 0x000000008ad00000|  0%| F|  |TAMS 0x000000008ac00000, 0x000000008ac00000| Untracked 
| 173|0x000000008ad00000, 0x000000008ad00000, 0x000000008ae00000|  0%| F|  |TAMS 0x000000008ad00000, 0x000000008ad00000| Untracked 
| 174|0x000000008ae00000, 0x000000008ae00000, 0x000000008af00000|  0%| F|  |TAMS 0x000000008ae00000, 0x000000008ae00000| Untracked 
| 175|0x000000008af00000, 0x000000008af00000, 0x000000008b000000|  0%| F|  |TAMS 0x000000008af00000, 0x000000008af00000| Untracked 
| 176|0x000000008b000000, 0x000000008b000000, 0x000000008b100000|  0%| F|  |TAMS 0x000000008b000000, 0x000000008b000000| Untracked 
| 177|0x000000008b100000, 0x000000008b100000, 0x000000008b200000|  0%| F|  |TAMS 0x000000008b100000, 0x000000008b100000| Untracked 
| 178|0x000000008b200000, 0x000000008b200000, 0x000000008b300000|  0%| F|  |TAMS 0x000000008b200000, 0x000000008b200000| Untracked 
| 179|0x000000008b300000, 0x000000008b300000, 0x000000008b400000|  0%| F|  |TAMS 0x000000008b300000, 0x000000008b300000| Untracked 
| 180|0x000000008b400000, 0x000000008b400000, 0x000000008b500000|  0%| F|  |TAMS 0x000000008b400000, 0x000000008b400000| Untracked 
| 181|0x000000008b500000, 0x000000008b500000, 0x000000008b600000|  0%| F|  |TAMS 0x000000008b500000, 0x000000008b500000| Untracked 
| 182|0x000000008b600000, 0x000000008b600000, 0x000000008b700000|  0%| F|  |TAMS 0x000000008b600000, 0x000000008b600000| Untracked 
| 183|0x000000008b700000, 0x000000008b700000, 0x000000008b800000|  0%| F|  |TAMS 0x000000008b700000, 0x000000008b700000| Untracked 
| 184|0x000000008b800000, 0x000000008b800000, 0x000000008b900000|  0%| F|  |TAMS 0x000000008b800000, 0x000000008b800000| Untracked 
| 185|0x000000008b900000, 0x000000008b900000, 0x000000008ba00000|  0%| F|  |TAMS 0x000000008b900000, 0x000000008b900000| Untracked 
| 186|0x000000008ba00000, 0x000000008ba00000, 0x000000008bb00000|  0%| F|  |TAMS 0x000000008ba00000, 0x000000008ba00000| Untracked 
| 187|0x000000008bb00000, 0x000000008bb00000, 0x000000008bc00000|  0%| F|  |TAMS 0x000000008bb00000, 0x000000008bb00000| Untracked 
| 188|0x000000008bc00000, 0x000000008bc00000, 0x000000008bd00000|  0%| F|  |TAMS 0x000000008bc00000, 0x000000008bc00000| Untracked 
| 189|0x000000008bd00000, 0x000000008bd00000, 0x000000008be00000|  0%| F|  |TAMS 0x000000008bd00000, 0x000000008bd00000| Untracked 
| 190|0x000000008be00000, 0x000000008be00000, 0x000000008bf00000|  0%| F|  |TAMS 0x000000008be00000, 0x000000008be00000| Untracked 
| 191|0x000000008bf00000, 0x000000008bf00000, 0x000000008c000000|  0%| F|  |TAMS 0x000000008bf00000, 0x000000008bf00000| Untracked 
| 192|0x000000008c000000, 0x000000008c000000, 0x000000008c100000|  0%| F|  |TAMS 0x000000008c000000, 0x000000008c000000| Untracked 
| 193|0x000000008c100000, 0x000000008c1beef8, 0x000000008c200000| 74%| E|  |TAMS 0x000000008c100000, 0x000000008c100000| Complete 
| 194|0x000000008c200000, 0x000000008c300000, 0x000000008c300000|100%| E|CS|TAMS 0x000000008c200000, 0x000000008c200000| Complete 
| 195|0x000000008c300000, 0x000000008c400000, 0x000000008c400000|100%| E|CS|TAMS 0x000000008c300000, 0x000000008c300000| Complete 
| 196|0x000000008c400000, 0x000000008c500000, 0x000000008c500000|100%| E|CS|TAMS 0x000000008c400000, 0x000000008c400000| Complete 
| 197|0x000000008c500000, 0x000000008c600000, 0x000000008c600000|100%| E|CS|TAMS 0x000000008c500000, 0x000000008c500000| Complete 
| 198|0x000000008c600000, 0x000000008c700000, 0x000000008c700000|100%| E|CS|TAMS 0x000000008c600000, 0x000000008c600000| Complete 
| 199|0x000000008c700000, 0x000000008c800000, 0x000000008c800000|100%| E|CS|TAMS 0x000000008c700000, 0x000000008c700000| Complete 
| 200|0x000000008c800000, 0x000000008c900000, 0x000000008c900000|100%| E|  |TAMS 0x000000008c800000, 0x000000008c800000| Complete 
| 201|0x000000008c900000, 0x000000008ca00000, 0x000000008ca00000|100%| E|CS|TAMS 0x000000008c900000, 0x000000008c900000| Complete 

Card table byte_map: [0x000001f0666b0000,0x000001f066ab0000] _byte_map_base: 0x000001f0662b0000

Marking Bits (Prev, Next): (CMBitMap*) 0x000001f0534be510, (CMBitMap*) 0x000001f0534be4d8
 Prev Bits: [0x000001f068eb0000, 0x000001f06aeb0000)
 Next Bits: [0x000001f066eb0000, 0x000001f068eb0000)

Polling page: 0x000001f052c60000

Metaspace:

Usage:
  Non-class:     86.54 MB capacity,    85.03 MB ( 98%) used,     1.25 MB (  1%) free+waste,   275.81 KB ( <1%) overhead. 
      Class:     13.18 MB capacity,    12.30 MB ( 93%) used,   776.71 KB (  6%) free+waste,   123.94 KB ( <1%) overhead. 
       Both:     99.72 MB capacity,    97.33 MB ( 98%) used,     2.01 MB (  2%) free+waste,   399.75 KB ( <1%) overhead. 

Virtual space:
  Non-class space:       88.00 MB reserved,      86.75 MB ( 99%) committed 
      Class space:        1.00 GB reserved,      13.25 MB (  1%) committed 
             Both:        1.09 GB reserved,     100.00 MB (  9%) committed 

Chunk freelists:
   Non-Class:  20.00 KB
       Class:  7.00 KB
        Both:  27.00 KB

MaxMetaspaceSize: 17179869184.00 GB
CompressedClassSpaceSize: 1.00 GB

CodeHeap 'non-profiled nmethods': size=120000Kb used=7279Kb max_used=7279Kb free=112720Kb
 bounds [0x000001f05ea40000, 0x000001f05f160000, 0x000001f065f70000]
CodeHeap 'profiled nmethods': size=120000Kb used=28322Kb max_used=28322Kb free=91677Kb
 bounds [0x000001f057510000, 0x000001f0590c0000, 0x000001f05ea40000]
CodeHeap 'non-nmethods': size=5760Kb used=2301Kb max_used=2358Kb free=3458Kb
 bounds [0x000001f056f70000, 0x000001f0571e0000, 0x000001f057510000]
 total_blobs=14689 nmethods=13784 adapters=813
 compilation: enabled
              stopped_count=0, restarted_count=0
 full_count=0

Compilation events (20 events):
Event: 56.581 Thread 0x000001f06d906000 14146       2       java.util.stream.Collectors$$Lambda$424/0x0000000100721040::accept (17 bytes)
Event: 56.581 Thread 0x000001f06d906000 nmethod 14146 0x000001f0590b1310 code [0x000001f0590b14c0, 0x000001f0590b1648]
Event: 56.582 Thread 0x000001f06d906000 14147       2       java.util.stream.Collectors::lambda$uniqKeysMapAccumulator$1 (49 bytes)
Event: 56.583 Thread 0x000001f06d906000 nmethod 14147 0x000001f0590b1710 code [0x000001f0590b19a0, 0x000001f0590b2288]
Event: 56.583 Thread 0x000001f06d906000 14148       2       java.util.Arrays::equals (43 bytes)
Event: 56.583 Thread 0x000001f06d906000 nmethod 14148 0x000001f0590b2710 code [0x000001f0590b28c0, 0x000001f0590b2a48]
Event: 56.583 Thread 0x000001f06d906000 14151       3       com.android.tools.r8.graph.q0::a (89 bytes)
Event: 56.585 Thread 0x000001f06d906000 nmethod 14151 0x000001f0590b2b10 code [0x000001f0590b2de0, 0x000001f0590b3e68]
Event: 56.585 Thread 0x000001f06d906000 14150       2       com.android.tools.r8.w.a.a.a.h.K::c (45 bytes)
Event: 56.587 Thread 0x000001f06d906000 nmethod 14150 0x000001f0590b4490 code [0x000001f0590b4660, 0x000001f0590b4908]
Event: 56.587 Thread 0x000001f06d906000 14149       2       com.android.tools.r8.graph.r0::c (24 bytes)
Event: 56.587 Thread 0x000001f06d906000 nmethod 14149 0x000001f0590b4a90 code [0x000001f0590b4c60, 0x000001f0590b4e28]
Event: 56.633 Thread 0x000001f06d906000 14153       2       java.lang.invoke.SimpleMethodHandle::speciesData (4 bytes)
Event: 56.633 Thread 0x000001f06d906000 nmethod 14153 0x000001f0590b4f90 code [0x000001f0590b5140, 0x000001f0590b5238]
Event: 56.633 Thread 0x000001f06d906000 14154       2       java.lang.invoke.SimpleMethodHandle::copyWithExtendL (7 bytes)
Event: 56.634 Thread 0x000001f06d906000 nmethod 14154 0x000001f0590b5310 code [0x000001f0590b54c0, 0x000001f0590b56a8]
Event: 56.688 Thread 0x000001f06d906000 14155       1       com.android.tools.r8.ProgramResource$ByteResource::getKind (5 bytes)
Event: 56.689 Thread 0x000001f06d906000 nmethod 14155 0x000001f05f152090 code [0x000001f05f152240, 0x000001f05f1522f8]
Event: 56.713 Thread 0x000001f06d906000 14158       2       java.lang.invoke.InvokerBytecodeGenerator::constantPlaceholder (97 bytes)
Event: 56.714 Thread 0x000001f06d906000 nmethod 14158 0x000001f0590b5790 code [0x000001f0590b59e0, 0x000001f0590b6098]

GC Heap History (20 events):
Event: 33.255 GC heap before
{Heap before GC invocations=48 (full 0):
 garbage-first heap   total 172032K, used 122290K [0x0000000080000000, 0x0000000100000000)
  region size 1024K, 44 young (45056K), 1 survivors (1024K)
 Metaspace       used 83603K, capacity 85655K, committed 85760K, reserved 1124352K
  class space    used 10734K, capacity 11476K, committed 11520K, reserved 1048576K
}
Event: 33.266 GC heap after
{Heap after GC invocations=49 (full 0):
 garbage-first heap   total 172032K, used 80536K [0x0000000080000000, 0x0000000100000000)
  region size 1024K, 2 young (2048K), 2 survivors (2048K)
 Metaspace       used 83603K, capacity 85655K, committed 85760K, reserved 1124352K
  class space    used 10734K, capacity 11476K, committed 11520K, reserved 1048576K
}
Event: 33.877 GC heap before
{Heap before GC invocations=50 (full 0):
 garbage-first heap   total 172032K, used 125592K [0x0000000080000000, 0x0000000100000000)
  region size 1024K, 47 young (48128K), 2 survivors (2048K)
 Metaspace       used 84086K, capacity 86234K, committed 86400K, reserved 1124352K
  class space    used 10777K, capacity 11540K, committed 11648K, reserved 1048576K
}
Event: 33.885 GC heap after
{Heap after GC invocations=51 (full 0):
 garbage-first heap   total 172032K, used 83310K [0x0000000080000000, 0x0000000100000000)
  region size 1024K, 5 young (5120K), 5 survivors (5120K)
 Metaspace       used 84086K, capacity 86234K, committed 86400K, reserved 1124352K
  class space    used 10777K, capacity 11540K, committed 11648K, reserved 1048576K
}
Event: 33.931 GC heap before
{Heap before GC invocations=51 (full 0):
 garbage-first heap   total 172032K, used 85358K [0x0000000080000000, 0x0000000100000000)
  region size 1024K, 8 young (8192K), 5 survivors (5120K)
 Metaspace       used 84123K, capacity 86234K, committed 86400K, reserved 1124352K
  class space    used 10778K, capacity 11540K, committed 11648K, reserved 1048576K
}
Event: 33.938 GC heap after
{Heap after GC invocations=52 (full 0):
 garbage-first heap   total 206848K, used 82795K [0x0000000080000000, 0x0000000100000000)
  region size 1024K, 1 young (1024K), 1 survivors (1024K)
 Metaspace       used 84123K, capacity 86234K, committed 86400K, reserved 1124352K
  class space    used 10778K, capacity 11540K, committed 11648K, reserved 1048576K
}
Event: 48.000 GC heap before
{Heap before GC invocations=52 (full 0):
 garbage-first heap   total 206848K, used 141163K [0x0000000080000000, 0x0000000100000000)
  region size 1024K, 59 young (60416K), 1 survivors (1024K)
 Metaspace       used 85172K, capacity 87350K, committed 87552K, reserved 1124352K
  class space    used 10897K, capacity 11659K, committed 11776K, reserved 1048576K
}
Event: 48.012 GC heap after
{Heap after GC invocations=53 (full 0):
 garbage-first heap   total 206848K, used 87185K [0x0000000080000000, 0x0000000100000000)
  region size 1024K, 5 young (5120K), 5 survivors (5120K)
 Metaspace       used 85172K, capacity 87350K, committed 87552K, reserved 1124352K
  class space    used 10897K, capacity 11659K, committed 11776K, reserved 1048576K
}
Event: 48.807 GC heap before
{Heap before GC invocations=53 (full 0):
 garbage-first heap   total 206848K, used 147601K [0x0000000080000000, 0x0000000100000000)
  region size 1024K, 65 young (66560K), 5 survivors (5120K)
 Metaspace       used 85752K, capacity 87897K, committed 88064K, reserved 1126400K
  class space    used 10940K, capacity 11692K, committed 11776K, reserved 1048576K
}
Event: 48.819 GC heap after
{Heap after GC invocations=54 (full 0):
 garbage-first heap   total 206848K, used 92491K [0x0000000080000000, 0x0000000100000000)
  region size 1024K, 6 young (6144K), 6 survivors (6144K)
 Metaspace       used 85752K, capacity 87897K, committed 88064K, reserved 1126400K
  class space    used 10940K, capacity 11692K, committed 11776K, reserved 1048576K
}
Event: 49.641 GC heap before
{Heap before GC invocations=54 (full 0):
 garbage-first heap   total 206848K, used 151883K [0x0000000080000000, 0x0000000100000000)
  region size 1024K, 65 young (66560K), 6 survivors (6144K)
 Metaspace       used 86082K, capacity 88175K, committed 88320K, reserved 1126400K
  class space    used 10968K, capacity 11698K, committed 11776K, reserved 1048576K
}
Event: 49.649 GC heap after
{Heap after GC invocations=55 (full 0):
 garbage-first heap   total 206848K, used 90960K [0x0000000080000000, 0x0000000100000000)
  region size 1024K, 2 young (2048K), 2 survivors (2048K)
 Metaspace       used 86082K, capacity 88175K, committed 88320K, reserved 1126400K
  class space    used 10968K, capacity 11698K, committed 11776K, reserved 1048576K
}
Event: 51.259 GC heap before
{Heap before GC invocations=55 (full 0):
 garbage-first heap   total 206848K, used 153424K [0x0000000080000000, 0x0000000100000000)
  region size 1024K, 64 young (65536K), 2 survivors (2048K)
 Metaspace       used 90850K, capacity 92939K, committed 93056K, reserved 1130496K
  class space    used 11593K, capacity 12348K, committed 12416K, reserved 1048576K
}
Event: 51.279 GC heap after
{Heap after GC invocations=56 (full 0):
 garbage-first heap   total 206848K, used 101787K [0x0000000080000000, 0x0000000100000000)
  region size 1024K, 8 young (8192K), 8 survivors (8192K)
 Metaspace       used 90850K, capacity 92939K, committed 93056K, reserved 1130496K
  class space    used 11593K, capacity 12348K, committed 12416K, reserved 1048576K
}
Event: 54.452 GC heap before
{Heap before GC invocations=56 (full 0):
 garbage-first heap   total 206848K, used 161179K [0x0000000080000000, 0x0000000100000000)
  region size 1024K, 65 young (66560K), 8 survivors (8192K)
 Metaspace       used 94373K, capacity 96438K, committed 96768K, reserved 1132544K
  class space    used 11941K, capacity 12704K, committed 12800K, reserved 1048576K
}
Event: 54.488 GC heap after
{Heap after GC invocations=57 (full 0):
 garbage-first heap   total 206848K, used 117759K [0x0000000080000000, 0x0000000100000000)
  region size 1024K, 9 young (9216K), 9 survivors (9216K)
 Metaspace       used 94373K, capacity 96438K, committed 96768K, reserved 1132544K
  class space    used 11941K, capacity 12704K, committed 12800K, reserved 1048576K
}
Event: 55.614 GC heap before
{Heap before GC invocations=57 (full 0):
 garbage-first heap   total 206848K, used 161791K [0x0000000080000000, 0x0000000100000000)
  region size 1024K, 53 young (54272K), 9 survivors (9216K)
 Metaspace       used 96296K, capacity 98533K, committed 98688K, reserved 1134592K
  class space    used 12098K, capacity 12882K, committed 12928K, reserved 1048576K
}
Event: 55.629 GC heap after
{Heap after GC invocations=58 (full 0):
 garbage-first heap   total 206848K, used 123452K [0x0000000080000000, 0x0000000100000000)
  region size 1024K, 5 young (5120K), 5 survivors (5120K)
 Metaspace       used 96296K, capacity 98533K, committed 98688K, reserved 1134592K
  class space    used 12098K, capacity 12882K, committed 12928K, reserved 1048576K
}
Event: 56.411 GC heap before
{Heap before GC invocations=58 (full 0):
 garbage-first heap   total 206848K, used 172604K [0x0000000080000000, 0x0000000100000000)
  region size 1024K, 48 young (49152K), 5 survivors (5120K)
 Metaspace       used 97787K, capacity 100121K, committed 100224K, reserved 1136640K
  class space    used 12298K, capacity 13141K, committed 13184K, reserved 1048576K
}
Event: 56.424 GC heap after
{Heap after GC invocations=59 (full 0):
 garbage-first heap   total 206848K, used 127025K [0x0000000080000000, 0x0000000100000000)
  region size 1024K, 4 young (4096K), 4 survivors (4096K)
 Metaspace       used 97787K, capacity 100121K, committed 100224K, reserved 1136640K
  class space    used 12298K, capacity 13141K, committed 13184K, reserved 1048576K
}

Deoptimization events (20 events):
Event: 56.577 Thread 0x000001f07468c000 DEOPT PACKING pc=0x000001f05f144248 sp=0x000000a359bfd380
Event: 56.578 Thread 0x000001f07468c000 DEOPT UNPACKING pc=0x000001f056f978af sp=0x000000a359bfd318 mode 2
Event: 56.579 Thread 0x000001f074691800 Uncommon trap: trap_request=0xffffff4d fr.pc=0x000001f05f0c9b48 relative=0x0000000000000328
Event: 56.579 Thread 0x000001f074691000 Uncommon trap: trap_request=0xffffff4d fr.pc=0x000001f05f0c9b48 relative=0x0000000000000328
Event: 56.579 Thread 0x000001f074691800 Uncommon trap: reason=unstable_if action=reinterpret pc=0x000001f05f0c9b48 method=java.util.stream.StreamOpFlag.getMask(I)I @ 1 c2
Event: 56.579 Thread 0x000001f074691000 Uncommon trap: reason=unstable_if action=reinterpret pc=0x000001f05f0c9b48 method=java.util.stream.StreamOpFlag.getMask(I)I @ 1 c2
Event: 56.579 Thread 0x000001f074691000 DEOPT PACKING pc=0x000001f05f0c9b48 sp=0x000000a35a4fd9e0
Event: 56.579 Thread 0x000001f07468d800 Uncommon trap: trap_request=0xffffff4d fr.pc=0x000001f05f0c9b48 relative=0x0000000000000328
Event: 56.579 Thread 0x000001f07468d800 Uncommon trap: reason=unstable_if action=reinterpret pc=0x000001f05f0c9b48 method=java.util.stream.StreamOpFlag.getMask(I)I @ 1 c2
Event: 56.579 Thread 0x000001f07468d800 DEOPT PACKING pc=0x000001f05f0c9b48 sp=0x000000a35a9fd780
Event: 56.579 Thread 0x000001f074691000 DEOPT UNPACKING pc=0x000001f056f978af sp=0x000000a35a4fd818 mode 2
Event: 56.579 Thread 0x000001f07468d800 DEOPT UNPACKING pc=0x000001f056f978af sp=0x000000a35a9fd5b8 mode 2
Event: 56.579 Thread 0x000001f074691800 DEOPT PACKING pc=0x000001f05f0c9b48 sp=0x000000a35a6fd6b0
Event: 56.579 Thread 0x000001f074691800 DEOPT UNPACKING pc=0x000001f056f978af sp=0x000000a35a6fd4e8 mode 2
Event: 56.580 Thread 0x000001f07468c000 Uncommon trap: trap_request=0xffffff4d fr.pc=0x000001f05eeadc2c relative=0x000000000000038c
Event: 56.580 Thread 0x000001f07468c000 Uncommon trap: reason=unstable_if action=reinterpret pc=0x000001f05eeadc2c method=java.util.stream.StreamOpFlag.getMask(I)I @ 1 c2
Event: 56.580 Thread 0x000001f07468c000 DEOPT PACKING pc=0x000001f05eeadc2c sp=0x000000a359bfd200
Event: 56.580 Thread 0x000001f07468c000 DEOPT UNPACKING pc=0x000001f056f978af sp=0x000000a359bfd0f0 mode 2
Event: 56.583 Thread 0x000001f07468c000 DEOPT PACKING pc=0x000001f05909ac68 sp=0x000000a359bfd320
Event: 56.583 Thread 0x000001f07468c000 DEOPT UNPACKING pc=0x000001f056f976ce sp=0x000000a359bfc848 mode 0

Classes redefined (0 events):
No events

Internal exceptions (20 events):
Event: 55.719 Thread 0x000001f074360000 Exception <a 'sun/nio/fs/WindowsException'{0x000000008c67d610}> (0x000000008c67d610) thrown at [./src/hotspot/share/prims/jni.cpp, line 615]
Event: 55.721 Thread 0x000001f074360000 Exception <a 'sun/nio/fs/WindowsException'{0x000000008c6870c0}> (0x000000008c6870c0) thrown at [./src/hotspot/share/prims/jni.cpp, line 615]
Event: 55.724 Thread 0x000001f074360000 Exception <a 'sun/nio/fs/WindowsException'{0x000000008c68dd58}> (0x000000008c68dd58) thrown at [./src/hotspot/share/prims/jni.cpp, line 615]
Event: 55.726 Thread 0x000001f074360000 Exception <a 'sun/nio/fs/WindowsException'{0x000000008c694850}> (0x000000008c694850) thrown at [./src/hotspot/share/prims/jni.cpp, line 615]
Event: 55.729 Thread 0x000001f074360000 Exception <a 'sun/nio/fs/WindowsException'{0x000000008c69d5b8}> (0x000000008c69d5b8) thrown at [./src/hotspot/share/prims/jni.cpp, line 615]
Event: 55.731 Thread 0x000001f074360000 Exception <a 'sun/nio/fs/WindowsException'{0x000000008c6a3610}> (0x000000008c6a3610) thrown at [./src/hotspot/share/prims/jni.cpp, line 615]
Event: 55.733 Thread 0x000001f074360000 Exception <a 'sun/nio/fs/WindowsException'{0x000000008c6a97a0}> (0x000000008c6a97a0) thrown at [./src/hotspot/share/prims/jni.cpp, line 615]
Event: 55.735 Thread 0x000001f074360000 Exception <a 'sun/nio/fs/WindowsException'{0x000000008c6b3220}> (0x000000008c6b3220) thrown at [./src/hotspot/share/prims/jni.cpp, line 615]
Event: 55.739 Thread 0x000001f074360000 Exception <a 'sun/nio/fs/WindowsException'{0x000000008c6c3f58}> (0x000000008c6c3f58) thrown at [./src/hotspot/share/prims/jni.cpp, line 615]
Event: 55.762 Thread 0x000001f074360000 Exception <a 'sun/nio/fs/WindowsException'{0x000000008c4edf20}> (0x000000008c4edf20) thrown at [./src/hotspot/share/prims/jni.cpp, line 615]
Event: 55.765 Thread 0x000001f074360000 Exception <a 'sun/nio/fs/WindowsException'{0x000000008c4f7aa8}> (0x000000008c4f7aa8) thrown at [./src/hotspot/share/prims/jni.cpp, line 615]
Event: 55.772 Thread 0x000001f074360000 Exception <a 'sun/nio/fs/WindowsException'{0x000000008c32f448}> (0x000000008c32f448) thrown at [./src/hotspot/share/prims/jni.cpp, line 615]
Event: 55.776 Thread 0x000001f074360000 Exception <a 'sun/nio/fs/WindowsException'{0x000000008c33c6a8}> (0x000000008c33c6a8) thrown at [./src/hotspot/share/prims/jni.cpp, line 615]
Event: 55.908 Thread 0x000001f070144800 Exception <a 'java/lang/NoSuchMethodError'{0x000000008c093a30}: <clinit>> (0x000000008c093a30) thrown at [./src/hotspot/share/prims/jni.cpp, line 1362]
Event: 56.170 Thread 0x000001f074360000 Exception <a 'sun/nio/fs/WindowsException'{0x000000008b68dc60}> (0x000000008b68dc60) thrown at [./src/hotspot/share/prims/jni.cpp, line 615]
Event: 56.205 Thread 0x000001f074360000 Exception <a 'java/lang/NoSuchMethodError'{0x000000008b52e300}: <clinit>> (0x000000008b52e300) thrown at [./src/hotspot/share/prims/jni.cpp, line 1362]
Event: 56.399 Thread 0x000001f074693000 Exception <a 'sun/nio/fs/WindowsException'{0x000000008a143828}> (0x000000008a143828) thrown at [./src/hotspot/share/prims/jni.cpp, line 615]
Event: 56.400 Thread 0x000001f07468c000 Exception <a 'sun/nio/fs/WindowsException'{0x000000008a5b2880}> (0x000000008a5b2880) thrown at [./src/hotspot/share/prims/jni.cpp, line 615]
Event: 56.712 Thread 0x000001f074693000 Exception <a 'java/lang/NoSuchMethodError'{0x000000008c305fe8}: 'java.lang.Object java.lang.invoke.DirectMethodHandle$Holder.invokeStatic(java.lang.Object, java.lang.Object, java.lang.Object, java.lang.Object, java.lang.Object, java.lang.Object, java.lang.Object, java.lang.Object, java.lang.Object, java.lang.Object, java.lang.Object, java.lang.Object, java.lang.Object, java.lang.Object, java.lang.Object, java.lang.Object, java.lang.Object, int, java.lang.Object)'> (0x000000008c305fe8) thrown at [./src/hots
Event: 56.713 Thread 0x000001f074693000 Exception <a 'java/lang/NoSuchMethodError'{0x000000008c30b638}: 'java.lang.Object java.lang.invoke.DirectMethodHandle$Holder.invokeStaticInit(java.lang.Object, java.lang.Object, java.lang.Object, java.lang.Object, java.lang.Object, java.lang.Object, java.lang.Object, java.lang.Object, java.lang.Object, java.lang.Object, java.lang.Object, java.lang.Object, java.lang.Object, java.lang.Object, java.lang.Object, java.lang.Object, java.lang.Object, int, java.lang.Object)'> (0x000000008c30b638) thrown at [./src/

Events (20 events):
Event: 56.746 loading class com/android/tools/r8/origin/Origin
Event: 56.746 loading class com/android/tools/r8/origin/Origin done
Event: 56.746 loading class com/android/tools/r8/origin/Origin
Event: 56.746 loading class com/android/tools/r8/origin/Origin done
Event: 56.746 loading class com/android/tools/r8/graph/a1
Event: 56.746 loading class com/android/tools/r8/graph/a1 done
Event: 56.746 loading class com/android/tools/r8/graph/a1
Event: 56.746 loading class com/android/tools/r8/graph/a1 done
Event: 56.746 loading class com/android/tools/r8/graph/a1
Event: 56.746 loading class com/android/tools/r8/graph/a1 done
Event: 56.746 loading class com/android/tools/r8/origin/Origin
Event: 56.746 loading class com/android/tools/r8/origin/Origin done
Event: 56.747 loading class com/android/tools/r8/position/Position
Event: 56.747 loading class com/android/tools/r8/position/Position done
Event: 56.748 loading class com/android/tools/r8/position/Position$a
Event: 56.748 loading class com/android/tools/r8/position/Position$a done
Event: 56.750 loading class com/android/tools/r8/C/a/a/f
Event: 56.750 loading class com/android/tools/r8/C/a/a/f done
Event: 56.752 loading class com/android/tools/r8/C/a/a/s
Event: 56.752 loading class com/android/tools/r8/C/a/a/s done


Dynamic libraries:
0x00007ff7553d0000 - 0x00007ff7553da000 	C:\Program Files\Android\Android Studio\jre\bin\java.exe
0x00007ffced940000 - 0x00007ffcedb47000 	C:\WINDOWS\SYSTEM32\ntdll.dll
0x00007ffced3c0000 - 0x00007ffced47d000 	C:\WINDOWS\System32\KERNEL32.DLL
0x00007ffceb1a0000 - 0x00007ffceb514000 	C:\WINDOWS\System32\KERNELBASE.dll
0x00007ffceb520000 - 0x00007ffceb631000 	C:\WINDOWS\System32\ucrtbase.dll
0x00007ffcd6060000 - 0x00007ffcd6079000 	C:\Program Files\Android\Android Studio\jre\bin\jli.dll
0x00007ffcd6040000 - 0x00007ffcd6057000 	C:\Program Files\Android\Android Studio\jre\bin\VCRUNTIME140.dll
0x00007ffcec4e0000 - 0x00007ffcec68c000 	C:\WINDOWS\System32\USER32.dll
0x00007ffcd8590000 - 0x00007ffcd8835000 	C:\WINDOWS\WinSxS\amd64_microsoft.windows.common-controls_6595b64144ccf1df_6.0.22000.120_none_9d947278b86cc467\COMCTL32.dll
0x00007ffceaf40000 - 0x00007ffceaf66000 	C:\WINDOWS\System32\win32u.dll
0x00007ffceb7d0000 - 0x00007ffceb873000 	C:\WINDOWS\System32\msvcrt.dll
0x00007ffcebd00000 - 0x00007ffcebd29000 	C:\WINDOWS\System32\GDI32.dll
0x00007ffceb640000 - 0x00007ffceb752000 	C:\WINDOWS\System32\gdi32full.dll
0x00007ffceae20000 - 0x00007ffceaebd000 	C:\WINDOWS\System32\msvcp_win.dll
0x00007ffcec740000 - 0x00007ffcec771000 	C:\WINDOWS\System32\IMM32.DLL
0x00007ffccef10000 - 0x00007ffccefad000 	C:\Program Files\Android\Android Studio\jre\bin\msvcp140.dll
0x00007ffc9fdf0000 - 0x00007ffca08bf000 	C:\Program Files\Android\Android Studio\jre\bin\server\jvm.dll
0x00007ffcec270000 - 0x00007ffcec31c000 	C:\WINDOWS\System32\ADVAPI32.dll
0x00007ffced7a0000 - 0x00007ffced83d000 	C:\WINDOWS\System32\sechost.dll
0x00007ffcebbd0000 - 0x00007ffcebcf1000 	C:\WINDOWS\System32\RPCRT4.dll
0x00007ffced840000 - 0x00007ffced848000 	C:\WINDOWS\System32\PSAPI.DLL
0x00007ffce5e20000 - 0x00007ffce5e53000 	C:\WINDOWS\SYSTEM32\WINMM.dll
0x00007ffcd5f90000 - 0x00007ffcd5f99000 	C:\WINDOWS\SYSTEM32\WSOCK32.dll
0x00007ffce29a0000 - 0x00007ffce29aa000 	C:\WINDOWS\SYSTEM32\VERSION.dll
0x00007ffcebb00000 - 0x00007ffcebb6f000 	C:\WINDOWS\System32\WS2_32.dll
0x00007ffce9f50000 - 0x00007ffce9f68000 	C:\WINDOWS\SYSTEM32\kernel.appcore.dll
0x00007ffce6690000 - 0x00007ffce66a1000 	C:\Program Files\Android\Android Studio\jre\bin\verify.dll
0x00007ffce3e10000 - 0x00007ffce4031000 	C:\WINDOWS\SYSTEM32\DBGHELP.DLL
0x00007ffcdb360000 - 0x00007ffcdb391000 	C:\WINDOWS\SYSTEM32\dbgcore.DLL
0x00007ffceaec0000 - 0x00007ffceaf40000 	C:\WINDOWS\System32\bcryptPrimitives.dll
0x00007ffce6360000 - 0x00007ffce6389000 	C:\Program Files\Android\Android Studio\jre\bin\java.dll
0x00007ffce6680000 - 0x00007ffce668b000 	C:\Program Files\Android\Android Studio\jre\bin\jimage.dll
0x00007ffcdd8d0000 - 0x00007ffcdd8e8000 	C:\Program Files\Android\Android Studio\jre\bin\zip.dll
0x00007ffcecc00000 - 0x00007ffced3a9000 	C:\WINDOWS\System32\SHELL32.dll
0x00007ffce8fd0000 - 0x00007ffce9832000 	C:\WINDOWS\SYSTEM32\windows.storage.dll
0x00007ffcebef0000 - 0x00007ffcec268000 	C:\WINDOWS\System32\combase.dll
0x00007ffce8e60000 - 0x00007ffce8fc6000 	C:\WINDOWS\SYSTEM32\wintypes.dll
0x00007ffced6b0000 - 0x00007ffced79a000 	C:\WINDOWS\System32\SHCORE.dll
0x00007ffcebaa0000 - 0x00007ffcebafd000 	C:\WINDOWS\System32\shlwapi.dll
0x00007ffcead50000 - 0x00007ffcead71000 	C:\WINDOWS\SYSTEM32\profapi.dll
0x00007ffcdd8b0000 - 0x00007ffcdd8ca000 	C:\Program Files\Android\Android Studio\jre\bin\net.dll
0x00007ffce5190000 - 0x00007ffce529c000 	C:\WINDOWS\SYSTEM32\WINHTTP.dll
0x00007ffcea360000 - 0x00007ffcea3c7000 	C:\WINDOWS\system32\mswsock.dll
0x00007ffcdd890000 - 0x00007ffcdd8a4000 	C:\Program Files\Android\Android Studio\jre\bin\nio.dll
0x00007ffcd68a0000 - 0x00007ffcd68c7000 	C:\Users\acer\.gradle\native\fdc75f09e3144964f2cf3f50f0aa648679c211496f362492102eb8c894070792\windows-amd64\native-platform.dll
0x00007ffcbc240000 - 0x00007ffcbc3d6000 	C:\Users\acer\.gradle\native\12488b8bf47d2d4c9fbf2f6322a914ad602e24e48041cd04a747c6da556b65c4\windows-amd64\native-platform-file-events.dll
0x00007ffce63b0000 - 0x00007ffce63ba000 	C:\Program Files\Android\Android Studio\jre\bin\management.dll
0x00007ffce5e90000 - 0x00007ffce5e9c000 	C:\Program Files\Android\Android Studio\jre\bin\management_ext.dll
0x00007ffcea5a0000 - 0x00007ffcea5b8000 	C:\WINDOWS\SYSTEM32\CRYPTSP.dll
0x00007ffce9eb0000 - 0x00007ffce9ee5000 	C:\WINDOWS\system32\rsaenh.dll
0x00007ffcea450000 - 0x00007ffcea479000 	C:\WINDOWS\SYSTEM32\USERENV.dll
0x00007ffcea720000 - 0x00007ffcea747000 	C:\WINDOWS\SYSTEM32\bcrypt.dll
0x00007ffcea5c0000 - 0x00007ffcea5cc000 	C:\WINDOWS\SYSTEM32\CRYPTBASE.dll
0x00007ffce9a90000 - 0x00007ffce9abd000 	C:\WINDOWS\SYSTEM32\IPHLPAPI.DLL
0x00007ffced3b0000 - 0x00007ffced3b9000 	C:\WINDOWS\System32\NSI.dll
0x00007ffce5660000 - 0x00007ffce5679000 	C:\WINDOWS\SYSTEM32\dhcpcsvc6.DLL
0x00007ffce5aa0000 - 0x00007ffce5abe000 	C:\WINDOWS\SYSTEM32\dhcpcsvc.DLL
0x00007ffce9ac0000 - 0x00007ffce9ba7000 	C:\WINDOWS\SYSTEM32\DNSAPI.dll
0x00007ffce3b20000 - 0x00007ffce3b2c000 	C:\WINDOWS\SYSTEM32\WINNSI.DLL

dbghelp: loaded successfully - version: 4.0.5 - missing functions: none
symbol engine: initialized successfully - sym options: 0x614 - pdb path: .;C:\Program Files\Android\Android Studio\jre\bin;C:\WINDOWS\SYSTEM32;C:\WINDOWS\WinSxS\amd64_microsoft.windows.common-controls_6595b64144ccf1df_6.0.22000.120_none_9d947278b86cc467;C:\Program Files\Android\Android Studio\jre\bin\server;C:\Users\acer\.gradle\native\fdc75f09e3144964f2cf3f50f0aa648679c211496f362492102eb8c894070792\windows-amd64;C:\Users\acer\.gradle\native\12488b8bf47d2d4c9fbf2f6322a914ad602e24e48041cd04a747c6da556b65c4\windows-amd64

VM Arguments:
jvm_args: --add-opens=java.base/java.util=ALL-UNNAMED --add-opens=java.base/java.lang=ALL-UNNAMED --add-opens=java.base/java.lang.invoke=ALL-UNNAMED --add-opens=java.prefs/java.util.prefs=ALL-UNNAMED -Xmx2048m -Dfile.encoding=UTF-8 -Duser.country=US -Duser.language=en -Duser.variant 
java_command: org.gradle.launcher.daemon.bootstrap.GradleDaemon 6.7.1
java_class_path (initial): C:\Users\acer\.gradle\wrapper\dists\gradle-6.7.1-bin\bwlcbys1h7rz3272sye1xwiv6\gradle-6.7.1\lib\gradle-launcher-6.7.1.jar
Launcher Type: SUN_STANDARD

[Global flags]
     intx CICompilerCount                          = 4                                         {product} {ergonomic}
     uint ConcGCThreads                            = 2                                         {product} {ergonomic}
     uint G1ConcRefinementThreads                  = 8                                         {product} {ergonomic}
   size_t G1HeapRegionSize                         = 1048576                                   {product} {ergonomic}
    uintx GCDrainStackTargetSize                   = 64                                        {product} {ergonomic}
   size_t InitialHeapSize                          = 100663296                                 {product} {ergonomic}
   size_t MarkStackSize                            = 4194304                                   {product} {ergonomic}
   size_t MaxHeapSize                              = 2147483648                                {product} {command line}
   size_t MaxNewSize                               = 1287651328                                {product} {ergonomic}
   size_t MinHeapDeltaBytes                        = 1048576                                   {product} {ergonomic}
    uintx NonNMethodCodeHeapSize                   = 5836300                                {pd product} {ergonomic}
    uintx NonProfiledCodeHeapSize                  = 122910970                              {pd product} {ergonomic}
    uintx ProfiledCodeHeapSize                     = 122910970                              {pd product} {ergonomic}
    uintx ReservedCodeCacheSize                    = 251658240                              {pd product} {ergonomic}
     bool SegmentedCodeCache                       = true                                      {product} {ergonomic}
     bool UseCompressedClassPointers               = true                                 {lp64_product} {ergonomic}
     bool UseCompressedOops                        = true                                 {lp64_product} {ergonomic}
     bool UseG1GC                                  = true                                      {product} {ergonomic}
     bool UseLargePagesIndividualAllocation        = false                                  {pd product} {ergonomic}

Logging:
Log output configuration:
 #0: stdout all=warning uptime,level,tags
 #1: stderr all=off uptime,level,tags

Environment Variables:
PATH=C:\Program Files (x86)\Common Files\Oracle\Java\javapath;C:\WINDOWS\system32;C:\WINDOWS;C:\WINDOWS\System32\Wbem;C:\WINDOWS\System32\WindowsPowerShell\v1.0\;C:\WINDOWS\System32\OpenSSH\;D:\Nodejs\;C:\Program Files\Git\cmd;D:\Xampp\php;C:\ProgramData\ComposerSetup\bin;C:\Users\acer\AppData\Local\Microsoft\WindowsApps;C:\Users\acer\AppData\Local\Programs\Microsoft VS Code\bin;C:\Users\acer\AppData\Roaming\npm;C:\Users\acer\AppData\Roaming\Composer\vendor\bin;C:\Users\acer\AppData\Local\GitHubDesktop\bin;C:\Users\acer\AppData\Local\gitkraken\bin;C:\Users\acer\AppData\Local\Microsoft\WindowsApps;C:\ProgramData\acer\gitkraken\bin
USERNAME=acer
OS=Windows_NT
PROCESSOR_IDENTIFIER=AMD64 Family 23 Model 24 Stepping 1, AuthenticAMD



---------------  S Y S T E M  ---------------

OS: Windows 10 , 64 bit Build 22000 (10.0.22000.120)
OS uptime: 0 days 18:52 hours

CPU:total 8 (initial active 8) (8 cores per cpu, 2 threads per core) family 23 model 24 stepping 1 microcode 0x0, cmov, cx8, fxsr, mmx, sse, sse2, sse3, ssse3, sse4.1, sse4.2, popcnt, avx, avx2, aes, clmul, mmxext, 3dnowpref, lzcnt, sse4a, ht, tsc, tscinvbit, tscinv, bmi1, bmi2, adx, s

Memory: 4k page, system-wide physical 6082M (414M free)
TotalPageFile size 14082M (AvailPageFile size 9M)
current process WorkingSet (physical memory assigned to process): 487M, peak: 489M
current process commit charge ("private bytes"): 547M, peak: 552M

vm_info: OpenJDK 64-Bit Server VM (11.0.10+0-b96-7249189) for windows-amd64 JRE (11.0.10+0-b96-7249189), built on Mar 31 2021 21:44:00 by "builder" with MS VC++ 14.0 (VS2015)

END.
