#
# There is insufficient memory for the Java Runtime Environment to continue.
# Native memory allocation (mmap) failed to map 25165824 bytes for Failed to commit area from 0x0000000087400000 to 0x0000000088c00000 of length 25165824.
# Possible reasons:
#   The system is out of physical RAM or swap space
#   The process is running with CompressedOops enabled, and the Java Heap may be blocking the growth of the native heap
# Possible solutions:
#   Reduce memory load on the system
#   Increase physical memory or swap space
#   Check if swap backing store is full
#   Decrease Java heap size (-Xmx/-Xms)
#   Decrease number of Java threads
#   Decrease Java thread stack sizes (-Xss)
#   Set larger code cache with -XX:ReservedCodeCacheSize=
#   JVM is running with Unscaled Compressed Oops mode in which the Java heap is
#     placed in the first 4GB address space. The Java Heap base address is the
#     maximum limit for the native heap growth. Please use -XX:HeapBaseMinAddress
#     to set the Java Heap base and to place the Java Heap above 4GB virtual address.
# This output file may be truncated or incomplete.
#
#  Out of Memory Error (./src/hotspot/os/windows/os_windows.cpp:3301), pid=14040, tid=12260
#
# JRE version: OpenJDK Runtime Environment (11.0.10) (build 11.0.10+0-b96-7249189)
# Java VM: OpenJDK 64-Bit Server VM (11.0.10+0-b96-7249189, mixed mode, tiered, compressed oops, g1 gc, windows-amd64)
# No core dump will be written. Minidumps are not enabled by default on client versions of Windows
#

---------------  S U M M A R Y ------------

Command Line: --add-opens=java.base/java.util=ALL-UNNAMED --add-opens=java.base/java.lang=ALL-UNNAMED --add-opens=java.base/java.lang.invoke=ALL-UNNAMED --add-opens=java.prefs/java.util.prefs=ALL-UNNAMED -Xmx2048m -Dfile.encoding=UTF-8 -Duser.country=US -Duser.language=en -Duser.variant org.gradle.launcher.daemon.bootstrap.GradleDaemon 6.7.1

Host: AMD Ryzen 5 3550H with Radeon Vega Mobile Gfx  , 8 cores, 5G,  Windows 10 , 64 bit Build 19041 (10.0.19041.1200)
Time: Fri Oct  1 15:10:14 2021 SE Asia Standard Time elapsed time: 10.827109 seconds (0d 0h 0m 10s)

---------------  T H R E A D  ---------------

Current thread (0x000001cae492e800):  VMThread "VM Thread" [stack: 0x0000000ff1700000,0x0000000ff1800000] [id=12260]

Stack: [0x0000000ff1700000,0x0000000ff1800000]
[error occurred during error reporting (printing stack bounds), id 0xc0000005, EXCEPTION_ACCESS_VIOLATION (0xc0000005) at pc=0x000001cacd8a0f2d]

Native frames: (J=compiled Java code, j=interpreted, Vv=VM code, C=native code)
V  [jvm.dll+0x5ecfaa]
V  [jvm.dll+0x722bd5]
V  [jvm.dll+0x72412d]
V  [jvm.dll+0x724745]
V  [jvm.dll+0x7246fb]
V  [jvm.dll+0x5ec348]
V  [jvm.dll+0x5ecad8]
C  [ntdll.dll+0xa20cf]
C  [ntdll.dll+0x51454]
C  [ntdll.dll+0xa0bfe]
C  0x000001cacd8a0f2d

VM_Operation (0x0000000ff33fa770): G1CollectForAllocation, mode: safepoint, requested by thread 0x000001cae6812800


---------------  P R O C E S S  ---------------

Threads class SMR info:
_java_thread_list=0x000001caeb4305b0, length=139, elements={
0x000001cac9dab800, 0x000001cae4932800, 0x000001cae4936000, 0x000001cae52d2800,
0x000001cae494c000, 0x000001cae494f000, 0x000001cae4953000, 0x000001cae4960800,
0x000001cae496a000, 0x000001cae5439800, 0x000001cae6aae800, 0x000001cae550c800,
0x000001cae691a800, 0x000001cae74a3000, 0x000001cae74a4000, 0x000001cae6811800,
0x000001cae6812800, 0x000001cae6bf7800, 0x000001cae6bfb000, 0x000001cae6bfb800,
0x000001cae6bf6000, 0x000001cae6bf7000, 0x000001cae6bf8800, 0x000001cae6bfc800,
0x000001cae6bfa000, 0x000001cae6bf9000, 0x000001caeacc9800, 0x000001caeacca800,
0x000001caeaccb000, 0x000001caeaccc000, 0x000001caeacd4000, 0x000001caeacd0000,
0x000001caeacce800, 0x000001caeacd2800, 0x000001caeacd1800, 0x000001caeaccf800,
0x000001caeacd5000, 0x000001caeacd1000, 0x000001caeacd7800, 0x000001caeacd6000,
0x000001caeacd3800, 0x000001caeacd6800, 0x000001cae9b88800, 0x000001cae9b89800,
0x000001cae9b8b000, 0x000001cae9b90000, 0x000001cae9b8a800, 0x000001cae9b8d000,
0x000001cae9b8e800, 0x000001cae9b8d800, 0x000001cae9b8f000, 0x000001cae9b91000,
0x000001cae9b91800, 0x000001cae9b8c000, 0x000001cae9b97800, 0x000001cae9b96800,
0x000001cae9b92800, 0x000001cae9b96000, 0x000001cae9b93800, 0x000001cae9b94000,
0x000001cae9b95000, 0x000001cae964b000, 0x000001cae964e800, 0x000001cae964c000,
0x000001cae964f800, 0x000001cae9649800, 0x000001cae964a800, 0x000001cae964d800,
0x000001cae9650000, 0x000001cae9651000, 0x000001cae9652800, 0x000001cae9652000,
0x000001cae964d000, 0x000001cae9653800, 0x000001cae9656000, 0x000001cae9654000,
0x000001cae9657800, 0x000001cae9655000, 0x000001cae9656800, 0x000001cae9658800,
0x000001cae9a8f000, 0x000001cae9a89800, 0x000001cae9a8d800, 0x000001cae9a8c800,
0x000001cae9a8e800, 0x000001cae9a90000, 0x000001cae9a8a800, 0x000001cae9a91000,
0x000001cae9a8b000, 0x000001cae9a91800, 0x000001cae9a8c000, 0x000001cae9a97800,
0x000001cae9a92800, 0x000001cae9a98000, 0x000001cae9a93800, 0x000001cae9a94000,
0x000001cae9a96800, 0x000001cae9a95000, 0x000001cae9a95800, 0x000001cae94a1000,
0x000001cae94a5000, 0x000001cae94a5800, 0x000001cae94a6800, 0x000001cae94a7800,
0x000001cae94a1800, 0x000001cae94a4000, 0x000001cae94a8000, 0x000001cae94a2800,
0x000001cae94a9000, 0x000001cae94a3800, 0x000001cae94ac800, 0x000001cae94ae800,
0x000001cae94ad000, 0x000001cae94aa800, 0x000001cae94aa000, 0x000001cae94ae000,
0x000001cae94ab800, 0x000001cae94af800, 0x000001cae9587000, 0x000001cae9583000,
0x000001cae9585800, 0x000001cae9581800, 0x000001cae9584000, 0x000001cae9582000,
0x000001cae958a800, 0x000001cae9586800, 0x000001cae9584800, 0x000001cae958c000,
0x000001cae9589800, 0x000001cae958b000, 0x000001cae9588800, 0x000001cae958d000,
0x000001cae958d800, 0x000001cae9588000, 0x000001cae958e800, 0x000001cae958f800,
0x000001cae9590000, 0x000001caeb0fc000, 0x000001caeb0ab000
}

Java Threads: ( => current thread )
  0x000001cac9dab800 JavaThread "main" [_thread_blocked, id=7472, stack(0x0000000ff1100000,0x0000000ff1200000)]
  0x000001cae4932800 JavaThread "Reference Handler" daemon [_thread_blocked, id=12028, stack(0x0000000ff1800000,0x0000000ff1900000)]
  0x000001cae4936000 JavaThread "Finalizer" daemon [_thread_blocked, id=9156, stack(0x0000000ff1900000,0x0000000ff1a00000)]
  0x000001cae52d2800 JavaThread "Signal Dispatcher" daemon [_thread_blocked, id=6020, stack(0x0000000ff1a00000,0x0000000ff1b00000)]
  0x000001cae494c000 JavaThread "Attach Listener" daemon [_thread_blocked, id=3192, stack(0x0000000ff1b00000,0x0000000ff1c00000)]
  0x000001cae494f000 JavaThread "Service Thread" daemon [_thread_blocked, id=5080, stack(0x0000000ff1c00000,0x0000000ff1d00000)]
  0x000001cae4953000 JavaThread "C2 CompilerThread0" daemon [_thread_blocked, id=1156, stack(0x0000000ff1d00000,0x0000000ff1e00000)]
  0x000001cae4960800 JavaThread "C1 CompilerThread0" daemon [_thread_blocked, id=9272, stack(0x0000000ff1e00000,0x0000000ff1f00000)]
  0x000001cae496a000 JavaThread "Sweeper thread" daemon [_thread_blocked, id=13904, stack(0x0000000ff1f00000,0x0000000ff2000000)]
  0x000001cae5439800 JavaThread "Common-Cleaner" daemon [_thread_blocked, id=12632, stack(0x0000000ff2000000,0x0000000ff2100000)]
  0x000001cae6aae800 JavaThread "Daemon health stats" [_thread_blocked, id=9108, stack(0x0000000ff2400000,0x0000000ff2500000)]
  0x000001cae550c800 JavaThread "Incoming local TCP Connector on port 64588" [_thread_in_native, id=408, stack(0x0000000ff2600000,0x0000000ff2700000)]
  0x000001cae691a800 JavaThread "Daemon periodic checks" [_thread_blocked, id=6896, stack(0x0000000ff2700000,0x0000000ff2800000)]
  0x000001cae74a3000 JavaThread "Daemon" [_thread_blocked, id=12188, stack(0x0000000ff2800000,0x0000000ff2900000)]
  0x000001cae74a4000 JavaThread "Handler for socket connection from /127.0.0.1:64588 to /127.0.0.1:64589" [_thread_in_native, id=9224, stack(0x0000000ff2900000,0x0000000ff2a00000)]
  0x000001cae6811800 JavaThread "Cancel handler" [_thread_blocked, id=7708, stack(0x0000000ff3200000,0x0000000ff3300000)]
  0x000001cae6812800 JavaThread "Daemon worker" [_thread_blocked, id=4600, stack(0x0000000ff3300000,0x0000000ff3400000)]
  0x000001cae6bf7800 JavaThread "Asynchronous log dispatcher for DefaultDaemonConnection: socket connection from /127.0.0.1:64588 to /127.0.0.1:64589" [_thread_blocked, id=10384, stack(0x0000000ff3400000,0x0000000ff3500000)]
  0x000001cae6bfb000 JavaThread "Stdin handler" [_thread_blocked, id=9812, stack(0x0000000ff3500000,0x0000000ff3600000)]
  0x000001cae6bfb800 JavaThread "Thread-8" [_thread_blocked, id=2132, stack(0x0000000ff3600000,0x0000000ff3700000)]
  0x000001cae6bf6000 JavaThread "Cache worker for file hash cache (C:\Users\acer\.gradle\caches\6.7.1\fileHashes)" [_thread_blocked, id=14020, stack(0x0000000ff3700000,0x0000000ff3800000)]
  0x000001cae6bf7000 JavaThread "File lock request listener" [_thread_in_native, id=6248, stack(0x0000000ff3800000,0x0000000ff3900000)]
  0x000001cae6bf8800 JavaThread "Cache worker for journal cache (C:\Users\acer\.gradle\caches\journal-1)" [_thread_blocked, id=10820, stack(0x0000000ff3a00000,0x0000000ff3b00000)]
  0x000001cae6bfc800 JavaThread "Cache worker for file hash cache (D:\Du an truong\DuanPhonestore\.gradle\6.7.1\fileHashes)" [_thread_blocked, id=10176, stack(0x0000000ff3c00000,0x0000000ff3d00000)]
  0x000001cae6bfa000 JavaThread "Cache worker for checksums cache (D:\Du an truong\DuanPhonestore\.gradle\checksums)" [_thread_blocked, id=4384, stack(0x0000000ff3d00000,0x0000000ff3e00000)]
  0x000001cae6bf9000 JavaThread "Cache worker for cache directory md-supplier (C:\Users\acer\.gradle\caches\6.7.1\md-supplier)" [_thread_blocked, id=7904, stack(0x0000000ff3e00000,0x0000000ff3f00000)]
  0x000001caeacc9800 JavaThread "Cache worker for cache directory md-rule (C:\Users\acer\.gradle\caches\6.7.1\md-rule)" [_thread_blocked, id=6508, stack(0x0000000ff3f00000,0x0000000ff4000000)]
  0x000001caeacca800 JavaThread "Cache worker for execution history cache (C:\Users\acer\.gradle\caches\6.7.1\executionHistory)" [_thread_blocked, id=10660, stack(0x0000000ff4000000,0x0000000ff4100000)]
  0x000001caeaccb000 JavaThread "jar transforms" [_thread_blocked, id=13156, stack(0x0000000ff4100000,0x0000000ff4200000)]
  0x000001caeaccc000 JavaThread "Cache worker for file content cache (C:\Users\acer\.gradle\caches\6.7.1\fileContent)" [_thread_blocked, id=2276, stack(0x0000000ff4200000,0x0000000ff4300000)]
  0x000001caeacd4000 JavaThread "Cache worker for Build Output Cleanup Cache (D:\Du an truong\DuanPhonestore\.gradle\buildOutputCleanup)" [_thread_blocked, id=13028, stack(0x0000000ff4300000,0x0000000ff4400000)]
  0x000001caeacd0000 JavaThread "Build operations" [_thread_blocked, id=8528, stack(0x0000000ff4400000,0x0000000ff4500000)]
  0x000001caeacce800 JavaThread "Build operations Thread 2" [_thread_blocked, id=6284, stack(0x0000000ff4500000,0x0000000ff4600000)]
  0x000001caeacd2800 JavaThread "Build operations Thread 3" [_thread_blocked, id=8692, stack(0x0000000ff4600000,0x0000000ff4700000)]
  0x000001caeacd1800 JavaThread "Build operations Thread 4" [_thread_blocked, id=9248, stack(0x0000000ff4700000,0x0000000ff4800000)]
  0x000001caeaccf800 JavaThread "Build operations Thread 5" [_thread_blocked, id=11192, stack(0x0000000ff4800000,0x0000000ff4900000)]
  0x000001caeacd5000 JavaThread "Build operations Thread 6" [_thread_blocked, id=2944, stack(0x0000000ff4900000,0x0000000ff4a00000)]
  0x000001caeacd1000 JavaThread "Build operations Thread 7" [_thread_blocked, id=9080, stack(0x0000000ff4a00000,0x0000000ff4b00000)]
  0x000001caeacd7800 JavaThread "Build operations Thread 8" [_thread_blocked, id=9324, stack(0x0000000ff4b00000,0x0000000ff4c00000)]
  0x000001caeacd6000 JavaThread "jar transforms Thread 2" [_thread_blocked, id=13920, stack(0x0000000ff4c00000,0x0000000ff4d00000)]
  0x000001caeacd3800 JavaThread "jar transforms Thread 3" [_thread_blocked, id=10356, stack(0x0000000ff4d00000,0x0000000ff4e00000)]
  0x000001caeacd6800 JavaThread "jar transforms Thread 4" [_thread_blocked, id=1388, stack(0x0000000ff4e00000,0x0000000ff4f00000)]
  0x000001cae9b88800 JavaThread "jar transforms Thread 5" [_thread_blocked, id=6168, stack(0x0000000ff4f00000,0x0000000ff5000000)]
  0x000001cae9b89800 JavaThread "jar transforms Thread 6" [_thread_blocked, id=6236, stack(0x0000000ff5000000,0x0000000ff5100000)]
  0x000001cae9b8b000 JavaThread "jar transforms Thread 7" [_thread_blocked, id=13948, stack(0x0000000ff5100000,0x0000000ff5200000)]
  0x000001cae9b90000 JavaThread "jar transforms Thread 8" [_thread_blocked, id=7916, stack(0x0000000ff5200000,0x0000000ff5300000)]
  0x000001cae9b8a800 JavaThread "jar transforms Thread 9" [_thread_blocked, id=13924, stack(0x0000000ff5300000,0x0000000ff5400000)]
  0x000001cae9b8d000 JavaThread "jar transforms Thread 10" [_thread_blocked, id=4340, stack(0x0000000ff5400000,0x0000000ff5500000)]
  0x000001cae9b8e800 JavaThread "jar transforms Thread 11" [_thread_blocked, id=11796, stack(0x0000000ff5500000,0x0000000ff5600000)]
  0x000001cae9b8d800 JavaThread "jar transforms Thread 12" [_thread_blocked, id=6060, stack(0x0000000ff5600000,0x0000000ff5700000)]
  0x000001cae9b8f000 JavaThread "jar transforms Thread 13" [_thread_blocked, id=7396, stack(0x0000000ff5700000,0x0000000ff5800000)]
  0x000001cae9b91000 JavaThread "jar transforms Thread 14" [_thread_blocked, id=3940, stack(0x0000000ff5800000,0x0000000ff5900000)]
  0x000001cae9b91800 JavaThread "jar transforms Thread 15" [_thread_blocked, id=13812, stack(0x0000000ff5900000,0x0000000ff5a00000)]
  0x000001cae9b8c000 JavaThread "jar transforms Thread 16" [_thread_blocked, id=13848, stack(0x0000000ff5a00000,0x0000000ff5b00000)]
  0x000001cae9b97800 JavaThread "jar transforms Thread 17" [_thread_blocked, id=3988, stack(0x0000000ff5b00000,0x0000000ff5c00000)]
  0x000001cae9b96800 JavaThread "jar transforms Thread 18" [_thread_blocked, id=4596, stack(0x0000000ff5c00000,0x0000000ff5d00000)]
  0x000001cae9b92800 JavaThread "jar transforms Thread 19" [_thread_blocked, id=7908, stack(0x0000000ff5d00000,0x0000000ff5e00000)]
  0x000001cae9b96000 JavaThread "jar transforms Thread 20" [_thread_blocked, id=1648, stack(0x0000000ff5e00000,0x0000000ff5f00000)]
  0x000001cae9b93800 JavaThread "jar transforms Thread 21" [_thread_blocked, id=12152, stack(0x0000000ff5f00000,0x0000000ff6000000)]
  0x000001cae9b94000 JavaThread "jar transforms Thread 22" [_thread_blocked, id=7500, stack(0x0000000ff6000000,0x0000000ff6100000)]
  0x000001cae9b95000 JavaThread "jar transforms Thread 23" [_thread_blocked, id=6588, stack(0x0000000ff6100000,0x0000000ff6200000)]
  0x000001cae964b000 JavaThread "jar transforms Thread 24" [_thread_blocked, id=10452, stack(0x0000000ff6200000,0x0000000ff6300000)]
  0x000001cae964e800 JavaThread "jar transforms Thread 25" [_thread_blocked, id=7392, stack(0x0000000ff6300000,0x0000000ff6400000)]
  0x000001cae964c000 JavaThread "jar transforms Thread 26" [_thread_blocked, id=7136, stack(0x0000000ff6400000,0x0000000ff6500000)]
  0x000001cae964f800 JavaThread "jar transforms Thread 27" [_thread_blocked, id=1308, stack(0x0000000ff6500000,0x0000000ff6600000)]
  0x000001cae9649800 JavaThread "jar transforms Thread 28" [_thread_blocked, id=11044, stack(0x0000000ff6600000,0x0000000ff6700000)]
  0x000001cae964a800 JavaThread "jar transforms Thread 29" [_thread_blocked, id=10900, stack(0x0000000ff6700000,0x0000000ff6800000)]
  0x000001cae964d800 JavaThread "jar transforms Thread 30" [_thread_blocked, id=5436, stack(0x0000000ff6800000,0x0000000ff6900000)]
  0x000001cae9650000 JavaThread "jar transforms Thread 31" [_thread_blocked, id=4796, stack(0x0000000ff6900000,0x0000000ff6a00000)]
  0x000001cae9651000 JavaThread "jar transforms Thread 32" [_thread_blocked, id=5320, stack(0x0000000ff6a00000,0x0000000ff6b00000)]
  0x000001cae9652800 JavaThread "jar transforms Thread 33" [_thread_blocked, id=5832, stack(0x0000000ff6b00000,0x0000000ff6c00000)]
  0x000001cae9652000 JavaThread "jar transforms Thread 34" [_thread_blocked, id=13772, stack(0x0000000ff6c00000,0x0000000ff6d00000)]
  0x000001cae964d000 JavaThread "jar transforms Thread 35" [_thread_blocked, id=11956, stack(0x0000000ff6d00000,0x0000000ff6e00000)]
  0x000001cae9653800 JavaThread "jar transforms Thread 36" [_thread_blocked, id=6968, stack(0x0000000ff6e00000,0x0000000ff6f00000)]
  0x000001cae9656000 JavaThread "jar transforms Thread 37" [_thread_blocked, id=10696, stack(0x0000000ff6f00000,0x0000000ff7000000)]
  0x000001cae9654000 JavaThread "jar transforms Thread 38" [_thread_blocked, id=4244, stack(0x0000000ff7000000,0x0000000ff7100000)]
  0x000001cae9657800 JavaThread "jar transforms Thread 39" [_thread_blocked, id=1016, stack(0x0000000ff7100000,0x0000000ff7200000)]
  0x000001cae9655000 JavaThread "jar transforms Thread 40" [_thread_blocked, id=5672, stack(0x0000000ff7200000,0x0000000ff7300000)]
  0x000001cae9656800 JavaThread "jar transforms Thread 41" [_thread_blocked, id=2908, stack(0x0000000ff7300000,0x0000000ff7400000)]
  0x000001cae9658800 JavaThread "jar transforms Thread 42" [_thread_blocked, id=6084, stack(0x0000000ff7400000,0x0000000ff7500000)]
  0x000001cae9a8f000 JavaThread "jar transforms Thread 43" [_thread_blocked, id=3224, stack(0x0000000ff7500000,0x0000000ff7600000)]
  0x000001cae9a89800 JavaThread "jar transforms Thread 44" [_thread_blocked, id=6388, stack(0x0000000ff7600000,0x0000000ff7700000)]
  0x000001cae9a8d800 JavaThread "jar transforms Thread 45" [_thread_blocked, id=7936, stack(0x0000000ff7700000,0x0000000ff7800000)]
  0x000001cae9a8c800 JavaThread "jar transforms Thread 46" [_thread_blocked, id=6824, stack(0x0000000ff7800000,0x0000000ff7900000)]
  0x000001cae9a8e800 JavaThread "jar transforms Thread 47" [_thread_blocked, id=10308, stack(0x0000000ff7900000,0x0000000ff7a00000)]
  0x000001cae9a90000 JavaThread "jar transforms Thread 48" [_thread_blocked, id=4176, stack(0x0000000ff7a00000,0x0000000ff7b00000)]
  0x000001cae9a8a800 JavaThread "jar transforms Thread 49" [_thread_blocked, id=5284, stack(0x0000000ff7b00000,0x0000000ff7c00000)]
  0x000001cae9a91000 JavaThread "jar transforms Thread 50" [_thread_blocked, id=5092, stack(0x0000000ff7c00000,0x0000000ff7d00000)]
  0x000001cae9a8b000 JavaThread "jar transforms Thread 51" [_thread_blocked, id=13240, stack(0x0000000ff7d00000,0x0000000ff7e00000)]
  0x000001cae9a91800 JavaThread "jar transforms Thread 52" [_thread_blocked, id=12032, stack(0x0000000ff7e00000,0x0000000ff7f00000)]
  0x000001cae9a8c000 JavaThread "jar transforms Thread 53" [_thread_blocked, id=3272, stack(0x0000000ff7f00000,0x0000000ff8000000)]
  0x000001cae9a97800 JavaThread "jar transforms Thread 54" [_thread_blocked, id=7796, stack(0x0000000ff8000000,0x0000000ff8100000)]
  0x000001cae9a92800 JavaThread "jar transforms Thread 55" [_thread_blocked, id=588, stack(0x0000000ff8100000,0x0000000ff8200000)]
  0x000001cae9a98000 JavaThread "jar transforms Thread 56" [_thread_blocked, id=4140, stack(0x0000000ff8200000,0x0000000ff8300000)]
  0x000001cae9a93800 JavaThread "jar transforms Thread 57" [_thread_blocked, id=10420, stack(0x0000000ff8300000,0x0000000ff8400000)]
  0x000001cae9a94000 JavaThread "jar transforms Thread 58" [_thread_blocked, id=8372, stack(0x0000000ff8400000,0x0000000ff8500000)]
  0x000001cae9a96800 JavaThread "jar transforms Thread 59" [_thread_blocked, id=7972, stack(0x0000000ff8500000,0x0000000ff8600000)]
  0x000001cae9a95000 JavaThread "jar transforms Thread 60" [_thread_blocked, id=12308, stack(0x0000000ff8600000,0x0000000ff8700000)]
  0x000001cae9a95800 JavaThread "jar transforms Thread 61" [_thread_blocked, id=9724, stack(0x0000000ff8700000,0x0000000ff8800000)]
  0x000001cae94a1000 JavaThread "jar transforms Thread 62" [_thread_blocked, id=12132, stack(0x0000000ff8800000,0x0000000ff8900000)]
  0x000001cae94a5000 JavaThread "jar transforms Thread 63" [_thread_blocked, id=9996, stack(0x0000000ff8900000,0x0000000ff8a00000)]
  0x000001cae94a5800 JavaThread "jar transforms Thread 64" [_thread_blocked, id=12192, stack(0x0000000ff8a00000,0x0000000ff8b00000)]
  0x000001cae94a6800 JavaThread "jar transforms Thread 65" [_thread_blocked, id=6816, stack(0x0000000ff8b00000,0x0000000ff8c00000)]
  0x000001cae94a7800 JavaThread "jar transforms Thread 66" [_thread_blocked, id=14188, stack(0x0000000ff8c00000,0x0000000ff8d00000)]
  0x000001cae94a1800 JavaThread "jar transforms Thread 67" [_thread_blocked, id=8904, stack(0x0000000ff8d00000,0x0000000ff8e00000)]
  0x000001cae94a4000 JavaThread "jar transforms Thread 68" [_thread_blocked, id=7400, stack(0x0000000ff8e00000,0x0000000ff8f00000)]
  0x000001cae94a8000 JavaThread "jar transforms Thread 69" [_thread_blocked, id=8252, stack(0x0000000ff8f00000,0x0000000ff9000000)]
  0x000001cae94a2800 JavaThread "jar transforms Thread 70" [_thread_blocked, id=12776, stack(0x0000000ff9000000,0x0000000ff9100000)]
  0x000001cae94a9000 JavaThread "jar transforms Thread 71" [_thread_blocked, id=7220, stack(0x0000000ff9100000,0x0000000ff9200000)]
  0x000001cae94a3800 JavaThread "jar transforms Thread 72" [_thread_blocked, id=13184, stack(0x0000000ff9200000,0x0000000ff9300000)]
  0x000001cae94ac800 JavaThread "jar transforms Thread 73" [_thread_blocked, id=11316, stack(0x0000000ff9300000,0x0000000ff9400000)]
  0x000001cae94ae800 JavaThread "jar transforms Thread 74" [_thread_blocked, id=1428, stack(0x0000000ff9400000,0x0000000ff9500000)]
  0x000001cae94ad000 JavaThread "jar transforms Thread 75" [_thread_blocked, id=4760, stack(0x0000000ff9500000,0x0000000ff9600000)]
  0x000001cae94aa800 JavaThread "jar transforms Thread 76" [_thread_blocked, id=11760, stack(0x0000000ff9600000,0x0000000ff9700000)]
  0x000001cae94aa000 JavaThread "jar transforms Thread 77" [_thread_blocked, id=12676, stack(0x0000000ff9700000,0x0000000ff9800000)]
  0x000001cae94ae000 JavaThread "jar transforms Thread 78" [_thread_blocked, id=2588, stack(0x0000000ff9800000,0x0000000ff9900000)]
  0x000001cae94ab800 JavaThread "jar transforms Thread 79" [_thread_blocked, id=11036, stack(0x0000000ff9900000,0x0000000ff9a00000)]
  0x000001cae94af800 JavaThread "jar transforms Thread 80" [_thread_blocked, id=10348, stack(0x0000000ff9a00000,0x0000000ff9b00000)]
  0x000001cae9587000 JavaThread "jar transforms Thread 81" [_thread_blocked, id=6172, stack(0x0000000ff9b00000,0x0000000ff9c00000)]
  0x000001cae9583000 JavaThread "jar transforms Thread 82" [_thread_blocked, id=8844, stack(0x0000000ff9c00000,0x0000000ff9d00000)]
  0x000001cae9585800 JavaThread "jar transforms Thread 83" [_thread_blocked, id=2924, stack(0x0000000ff9d00000,0x0000000ff9e00000)]
  0x000001cae9581800 JavaThread "jar transforms Thread 84" [_thread_blocked, id=8580, stack(0x0000000ff9e00000,0x0000000ff9f00000)]
  0x000001cae9584000 JavaThread "jar transforms Thread 85" [_thread_blocked, id=10044, stack(0x0000000ff9f00000,0x0000000ffa000000)]
  0x000001cae9582000 JavaThread "jar transforms Thread 86" [_thread_blocked, id=8520, stack(0x0000000ffa000000,0x0000000ffa100000)]
  0x000001cae958a800 JavaThread "jar transforms Thread 87" [_thread_blocked, id=7580, stack(0x0000000ffa100000,0x0000000ffa200000)]
  0x000001cae9586800 JavaThread "jar transforms Thread 88" [_thread_blocked, id=7620, stack(0x0000000ffa200000,0x0000000ffa300000)]
  0x000001cae9584800 JavaThread "jar transforms Thread 89" [_thread_blocked, id=3692, stack(0x0000000ffa300000,0x0000000ffa400000)]
  0x000001cae958c000 JavaThread "jar transforms Thread 90" [_thread_blocked, id=12460, stack(0x0000000ffa400000,0x0000000ffa500000)]
  0x000001cae9589800 JavaThread "jar transforms Thread 91" [_thread_blocked, id=9440, stack(0x0000000ffa500000,0x0000000ffa600000)]
  0x000001cae958b000 JavaThread "jar transforms Thread 92" [_thread_blocked, id=3520, stack(0x0000000ffa600000,0x0000000ffa700000)]
  0x000001cae9588800 JavaThread "jar transforms Thread 93" [_thread_blocked, id=904, stack(0x0000000ffa700000,0x0000000ffa800000)]
  0x000001cae958d000 JavaThread "jar transforms Thread 94" [_thread_blocked, id=2528, stack(0x0000000ffa800000,0x0000000ffa900000)]
  0x000001cae958d800 JavaThread "jar transforms Thread 95" [_thread_blocked, id=8896, stack(0x0000000ffa900000,0x0000000ffaa00000)]
  0x000001cae9588000 JavaThread "jar transforms Thread 96" [_thread_blocked, id=404, stack(0x0000000ffaa00000,0x0000000ffab00000)]
  0x000001cae958e800 JavaThread "jar transforms Thread 97" [_thread_blocked, id=7496, stack(0x0000000ffab00000,0x0000000ffac00000)]
  0x000001cae958f800 JavaThread "jar transforms Thread 98" [_thread_blocked, id=6832, stack(0x0000000ffac00000,0x0000000ffad00000)]
  0x000001cae9590000 JavaThread "jar transforms Thread 99" [_thread_blocked, id=9088, stack(0x0000000ffad00000,0x0000000ffae00000)]
  0x000001caeb0fc000 JavaThread "Memory manager" [_thread_blocked, id=11132, stack(0x0000000ff3b00000,0x0000000ff3c00000)]
  0x000001caeb0ab000 JavaThread "C2 CompilerThread1" daemon [_thread_in_native, id=11052, stack(0x0000000ffae00000,0x0000000ffaf00000)]

Other Threads:
=>0x000001cae492e800 VMThread "VM Thread" [stack: 0x0000000ff1700000,0x0000000ff1800000] [id=12260]
  0x000001cae546e800 WatcherThread [stack: 0x0000000ff2100000,0x0000000ff2200000] [id=14284]
  0x000001cac9dc3000 GCTaskThread "GC Thread#0" [stack: 0x0000000ff1200000,0x0000000ff1300000] [id=9972]
  0x000001cae5f07000 GCTaskThread "GC Thread#1" [stack: 0x0000000ff2300000,0x0000000ff2400000] [id=6800]
  0x000001cae781d000 GCTaskThread "GC Thread#2" [stack: 0x0000000ff2a00000,0x0000000ff2b00000] [id=3512]
  0x000001cae6633800 GCTaskThread "GC Thread#3" [stack: 0x0000000ff2b00000,0x0000000ff2c00000] [id=12848]
  0x000001cae77c8800 GCTaskThread "GC Thread#4" [stack: 0x0000000ff2c00000,0x0000000ff2d00000] [id=3100]
  0x000001cae6cb8800 GCTaskThread "GC Thread#5" [stack: 0x0000000ff2d00000,0x0000000ff2e00000] [id=12276]
  0x000001cae6cb9000 GCTaskThread "GC Thread#6" [stack: 0x0000000ff2e00000,0x0000000ff2f00000] [id=1700]
  0x000001cae6443800 GCTaskThread "GC Thread#7" [stack: 0x0000000ff2f00000,0x0000000ff3000000] [id=1176]
  0x000001cac9df7000 ConcurrentGCThread "G1 Main Marker" [stack: 0x0000000ff1300000,0x0000000ff1400000] [id=2192]
  0x000001cac9df9800 ConcurrentGCThread "G1 Conc#0" [stack: 0x0000000ff1400000,0x0000000ff1500000] [id=2104]
  0x000001cae72f2800 ConcurrentGCThread "G1 Conc#1" [stack: 0x0000000ff3900000,0x0000000ff3a00000] [id=3348]
  0x000001cac9e80000 ConcurrentGCThread "G1 Refine#0" [stack: 0x0000000ff1500000,0x0000000ff1600000] [id=8588]
  0x000001cae5e88000 ConcurrentGCThread "G1 Refine#1" [stack: 0x0000000ff3000000,0x0000000ff3100000] [id=6232]
  0x000001cae6444800 ConcurrentGCThread "G1 Refine#2" [stack: 0x0000000ff3100000,0x0000000ff3200000] [id=11116]
  0x000001cac9e83000 ConcurrentGCThread "G1 Young RemSet Sampling" [stack: 0x0000000ff1600000,0x0000000ff1700000] [id=13064]

Threads with active compile tasks:
C2 CompilerThread0  10851 6126       4       org.gradle.internal.instantiation.generator.AbstractClassGenerator::inspectType (560 bytes)
C1 CompilerThread0  10851 6235       3       org.gradle.internal.typeconversion.JustReturningParser::<init> (15 bytes)
C2 CompilerThread1  10851 6128       4       sun.reflect.generics.parser.SignatureParser::parsePackageNameAndSimpleClassTypeSignature (119 bytes)

VM state:at safepoint (normal execution)

VM Mutex/Monitor currently owned by a thread:  ([mutex/lock_event])
[0x000001cac9da9040] Threads_lock - owner thread: 0x000001cae492e800
[0x000001cac9da7d20] Heap_lock - owner thread: 0x000001cae6812800

Heap address: 0x0000000080000000, size: 2048 MB, Compressed Oops mode: 32-bit
Narrow klass base: 0x0000000000000000, Narrow klass shift: 3
Compressed class space size: 1073741824 Address: 0x0000000100000000

Heap:
 garbage-first heap   total 143360K, used 54199K [0x0000000080000000, 0x0000000100000000)
  region size 1024K, 6 young (6144K), 6 survivors (6144K)
 Metaspace       used 67156K, capacity 68785K, committed 69068K, reserved 1110016K
  class space    used 8791K, capacity 9367K, committed 9472K, reserved 1048576K
Heap Regions: E=young(eden), S=young(survivor), O=old, HS=humongous(starts), HC=humongous(continues), CS=collection set, F=free, A=archive, TAMS=top-at-mark-start (previous, next)
|   0|0x0000000080000000, 0x0000000080100000, 0x0000000080100000|100%| O|  |TAMS 0x0000000080100000, 0x0000000080000000| Untracked 
|   1|0x0000000080100000, 0x0000000080200000, 0x0000000080200000|100%| O|  |TAMS 0x0000000080200000, 0x0000000080100000| Untracked 
|   2|0x0000000080200000, 0x0000000080300000, 0x0000000080300000|100%| O|  |TAMS 0x0000000080300000, 0x0000000080200000| Untracked 
|   3|0x0000000080300000, 0x0000000080400000, 0x0000000080400000|100%|HS|  |TAMS 0x0000000080400000, 0x0000000080300000| Complete 
|   4|0x0000000080400000, 0x0000000080500000, 0x0000000080500000|100%|HC|  |TAMS 0x0000000080500000, 0x0000000080400000| Complete 
|   5|0x0000000080500000, 0x0000000080600000, 0x0000000080600000|100%|HC|  |TAMS 0x0000000080600000, 0x0000000080500000| Complete 
|   6|0x0000000080600000, 0x0000000080700000, 0x0000000080700000|100%| O|  |TAMS 0x0000000080700000, 0x0000000080600000| Untracked 
|   7|0x0000000080700000, 0x0000000080800000, 0x0000000080800000|100%| O|  |TAMS 0x0000000080800000, 0x0000000080700000| Untracked 
|   8|0x0000000080800000, 0x0000000080900000, 0x0000000080900000|100%| O|  |TAMS 0x0000000080900000, 0x0000000080800000| Untracked 
|   9|0x0000000080900000, 0x0000000080a00000, 0x0000000080a00000|100%| O|  |TAMS 0x0000000080a00000, 0x0000000080900000| Untracked 
|  10|0x0000000080a00000, 0x0000000080b00000, 0x0000000080b00000|100%| O|  |TAMS 0x0000000080b00000, 0x0000000080a00000| Untracked 
|  11|0x0000000080b00000, 0x0000000080c00000, 0x0000000080c00000|100%| O|  |TAMS 0x0000000080c00000, 0x0000000080b00000| Untracked 
|  12|0x0000000080c00000, 0x0000000080d00000, 0x0000000080d00000|100%| O|  |TAMS 0x0000000080d00000, 0x0000000080c00000| Untracked 
|  13|0x0000000080d00000, 0x0000000080e00000, 0x0000000080e00000|100%| O|  |TAMS 0x0000000080e00000, 0x0000000080d00000| Untracked 
|  14|0x0000000080e00000, 0x0000000080f00000, 0x0000000080f00000|100%| O|  |TAMS 0x0000000080f00000, 0x0000000080e00000| Untracked 
|  15|0x0000000080f00000, 0x0000000081000000, 0x0000000081000000|100%| O|  |TAMS 0x0000000081000000, 0x0000000080f00000| Untracked 
|  16|0x0000000081000000, 0x0000000081100000, 0x0000000081100000|100%| O|  |TAMS 0x0000000081100000, 0x0000000081000000| Untracked 
|  17|0x0000000081100000, 0x0000000081200000, 0x0000000081200000|100%| O|  |TAMS 0x0000000081200000, 0x0000000081100000| Untracked 
|  18|0x0000000081200000, 0x0000000081300000, 0x0000000081300000|100%| O|  |TAMS 0x0000000081300000, 0x0000000081200000| Untracked 
|  19|0x0000000081300000, 0x0000000081400000, 0x0000000081400000|100%|HS|  |TAMS 0x0000000081400000, 0x0000000081300000| Complete 
|  20|0x0000000081400000, 0x0000000081500000, 0x0000000081500000|100%| O|  |TAMS 0x0000000081500000, 0x0000000081400000| Untracked 
|  21|0x0000000081500000, 0x0000000081600000, 0x0000000081600000|100%| O|  |TAMS 0x0000000081600000, 0x0000000081500000| Untracked 
|  22|0x0000000081600000, 0x0000000081700000, 0x0000000081700000|100%| O|  |TAMS 0x0000000081700000, 0x0000000081600000| Untracked 
|  23|0x0000000081700000, 0x0000000081800000, 0x0000000081800000|100%|HS|  |TAMS 0x0000000081800000, 0x0000000081700000| Complete 
|  24|0x0000000081800000, 0x0000000081900000, 0x0000000081900000|100%|HC|  |TAMS 0x0000000081900000, 0x0000000081800000| Complete 
|  25|0x0000000081900000, 0x0000000081a00000, 0x0000000081a00000|100%| O|  |TAMS 0x0000000081a00000, 0x0000000081900000| Untracked 
|  26|0x0000000081a00000, 0x0000000081b00000, 0x0000000081b00000|100%| O|  |TAMS 0x0000000081b00000, 0x0000000081a00000| Untracked 
|  27|0x0000000081b00000, 0x0000000081c00000, 0x0000000081c00000|100%| O|  |TAMS 0x0000000081c00000, 0x0000000081b00000| Untracked 
|  28|0x0000000081c00000, 0x0000000081d00000, 0x0000000081d00000|100%| O|  |TAMS 0x0000000081d00000, 0x0000000081c00000| Untracked 
|  29|0x0000000081d00000, 0x0000000081e00000, 0x0000000081e00000|100%| O|  |TAMS 0x0000000081e00000, 0x0000000081d00000| Untracked 
|  30|0x0000000081e00000, 0x0000000081f00000, 0x0000000081f00000|100%| O|  |TAMS 0x0000000081f00000, 0x0000000081e00000| Untracked 
|  31|0x0000000081f00000, 0x0000000082000000, 0x0000000082000000|100%| O|  |TAMS 0x0000000082000000, 0x0000000081f00000| Untracked 
|  32|0x0000000082000000, 0x0000000082100000, 0x0000000082100000|100%| O|  |TAMS 0x0000000082100000, 0x0000000082000000| Untracked 
|  33|0x0000000082100000, 0x0000000082200000, 0x0000000082200000|100%| O|  |TAMS 0x0000000082200000, 0x0000000082100000| Untracked 
|  34|0x0000000082200000, 0x0000000082300000, 0x0000000082300000|100%| O|  |TAMS 0x0000000082300000, 0x0000000082200000| Untracked 
|  35|0x0000000082300000, 0x0000000082400000, 0x0000000082400000|100%| O|  |TAMS 0x0000000082400000, 0x0000000082300000| Untracked 
|  36|0x0000000082400000, 0x0000000082500000, 0x0000000082500000|100%| O|  |TAMS 0x0000000082500000, 0x0000000082400000| Untracked 
|  37|0x0000000082500000, 0x0000000082600000, 0x0000000082600000|100%| O|  |TAMS 0x0000000082500000, 0x0000000082500000| Untracked 
|  38|0x0000000082600000, 0x0000000082700000, 0x0000000082700000|100%| O|  |TAMS 0x0000000082700000, 0x0000000082600000| Untracked 
|  39|0x0000000082700000, 0x0000000082800000, 0x0000000082800000|100%| O|  |TAMS 0x0000000082767000, 0x0000000082700000| Untracked 
|  40|0x0000000082800000, 0x0000000082900000, 0x0000000082900000|100%| O|  |TAMS 0x0000000082800000, 0x0000000082800000| Untracked 
|  41|0x0000000082900000, 0x0000000082a00000, 0x0000000082a00000|100%| O|  |TAMS 0x0000000082900000, 0x0000000082900000| Untracked 
|  42|0x0000000082a00000, 0x0000000082b00000, 0x0000000082b00000|100%| O|  |TAMS 0x0000000082a00000, 0x0000000082a00000| Untracked 
|  43|0x0000000082b00000, 0x0000000082c00000, 0x0000000082c00000|100%| O|  |TAMS 0x0000000082b00000, 0x0000000082b00000| Untracked 
|  44|0x0000000082c00000, 0x0000000082d00000, 0x0000000082d00000|100%| O|  |TAMS 0x0000000082c00000, 0x0000000082c00000| Untracked 
|  45|0x0000000082d00000, 0x0000000082e00000, 0x0000000082e00000|100%| O|  |TAMS 0x0000000082d00000, 0x0000000082d00000| Untracked 
|  46|0x0000000082e00000, 0x0000000082eede00, 0x0000000082f00000| 92%| O|  |TAMS 0x0000000082e00000, 0x0000000082e00000| Untracked 
|  47|0x0000000082f00000, 0x0000000082f00000, 0x0000000083000000|  0%| F|  |TAMS 0x0000000082f00000, 0x0000000082f00000| Untracked 
|  48|0x0000000083000000, 0x0000000083000000, 0x0000000083100000|  0%| F|  |TAMS 0x0000000083000000, 0x0000000083000000| Untracked 
|  49|0x0000000083100000, 0x0000000083100000, 0x0000000083200000|  0%| F|  |TAMS 0x0000000083100000, 0x0000000083100000| Untracked 
|  50|0x0000000083200000, 0x0000000083200000, 0x0000000083300000|  0%| F|  |TAMS 0x0000000083200000, 0x0000000083200000| Untracked 
|  51|0x0000000083300000, 0x0000000083300000, 0x0000000083400000|  0%| F|  |TAMS 0x0000000083300000, 0x0000000083300000| Untracked 
|  52|0x0000000083400000, 0x0000000083400000, 0x0000000083500000|  0%| F|  |TAMS 0x0000000083400000, 0x0000000083400000| Untracked 
|  53|0x0000000083500000, 0x0000000083500000, 0x0000000083600000|  0%| F|  |TAMS 0x0000000083500000, 0x0000000083500000| Untracked 
|  54|0x0000000083600000, 0x0000000083600000, 0x0000000083700000|  0%| F|  |TAMS 0x0000000083600000, 0x0000000083600000| Untracked 
|  55|0x0000000083700000, 0x0000000083700000, 0x0000000083800000|  0%| F|  |TAMS 0x0000000083700000, 0x0000000083700000| Untracked 
|  56|0x0000000083800000, 0x0000000083800000, 0x0000000083900000|  0%| F|  |TAMS 0x0000000083800000, 0x0000000083800000| Untracked 
|  57|0x0000000083900000, 0x0000000083900000, 0x0000000083a00000|  0%| F|  |TAMS 0x0000000083900000, 0x0000000083900000| Untracked 
|  58|0x0000000083a00000, 0x0000000083a00000, 0x0000000083b00000|  0%| F|  |TAMS 0x0000000083a00000, 0x0000000083a00000| Untracked 
|  59|0x0000000083b00000, 0x0000000083b00000, 0x0000000083c00000|  0%| F|  |TAMS 0x0000000083b00000, 0x0000000083b00000| Untracked 
|  60|0x0000000083c00000, 0x0000000083c00000, 0x0000000083d00000|  0%| F|  |TAMS 0x0000000083c00000, 0x0000000083c00000| Untracked 
|  61|0x0000000083d00000, 0x0000000083d00000, 0x0000000083e00000|  0%| F|  |TAMS 0x0000000083d00000, 0x0000000083d00000| Untracked 
|  62|0x0000000083e00000, 0x0000000083e00000, 0x0000000083f00000|  0%| F|  |TAMS 0x0000000083e00000, 0x0000000083e00000| Untracked 
|  63|0x0000000083f00000, 0x0000000083f00000, 0x0000000084000000|  0%| F|  |TAMS 0x0000000083f00000, 0x0000000083f00000| Untracked 
|  64|0x0000000084000000, 0x0000000084000000, 0x0000000084100000|  0%| F|  |TAMS 0x0000000084000000, 0x0000000084000000| Untracked 
|  65|0x0000000084100000, 0x0000000084200000, 0x0000000084200000|100%| S|CS|TAMS 0x0000000084100000, 0x0000000084100000| Complete 
|  66|0x0000000084200000, 0x0000000084300000, 0x0000000084300000|100%| S|CS|TAMS 0x0000000084200000, 0x0000000084200000| Complete 
|  67|0x0000000084300000, 0x0000000084400000, 0x0000000084400000|100%| S|CS|TAMS 0x0000000084300000, 0x0000000084300000| Complete 
|  68|0x0000000084400000, 0x0000000084500000, 0x0000000084500000|100%| S|CS|TAMS 0x0000000084400000, 0x0000000084400000| Complete 
|  69|0x0000000084500000, 0x0000000084600000, 0x0000000084600000|100%| S|CS|TAMS 0x0000000084500000, 0x0000000084500000| Complete 
|  70|0x0000000084600000, 0x0000000084600000, 0x0000000084700000|  0%| F|  |TAMS 0x0000000084600000, 0x0000000084600000| Untracked 
|  71|0x0000000084700000, 0x0000000084700000, 0x0000000084800000|  0%| F|  |TAMS 0x0000000084700000, 0x0000000084700000| Untracked 
|  72|0x0000000084800000, 0x0000000084800000, 0x0000000084900000|  0%| F|  |TAMS 0x0000000084800000, 0x0000000084800000| Untracked 
|  73|0x0000000084900000, 0x0000000084900000, 0x0000000084a00000|  0%| F|  |TAMS 0x0000000084900000, 0x0000000084900000| Untracked 
|  74|0x0000000084a00000, 0x0000000084b00000, 0x0000000084b00000|100%| S|CS|TAMS 0x0000000084a00000, 0x0000000084a00000| Complete 
|  75|0x0000000084b00000, 0x0000000084b00000, 0x0000000084c00000|  0%| F|  |TAMS 0x0000000084b00000, 0x0000000084b00000| Untracked 
|  76|0x0000000084c00000, 0x0000000084c00000, 0x0000000084d00000|  0%| F|  |TAMS 0x0000000084c00000, 0x0000000084c00000| Untracked 
|  77|0x0000000084d00000, 0x0000000084d00000, 0x0000000084e00000|  0%| F|  |TAMS 0x0000000084d00000, 0x0000000084d00000| Untracked 
|  78|0x0000000084e00000, 0x0000000084e00000, 0x0000000084f00000|  0%| F|  |TAMS 0x0000000084e00000, 0x0000000084e00000| Untracked 
|  79|0x0000000084f00000, 0x0000000084f00000, 0x0000000085000000|  0%| F|  |TAMS 0x0000000084f00000, 0x0000000084f00000| Untracked 
|  80|0x0000000085000000, 0x0000000085000000, 0x0000000085100000|  0%| F|  |TAMS 0x0000000085000000, 0x0000000085000000| Untracked 
|  81|0x0000000085100000, 0x0000000085100000, 0x0000000085200000|  0%| F|  |TAMS 0x0000000085100000, 0x0000000085100000| Untracked 
|  82|0x0000000085200000, 0x0000000085200000, 0x0000000085300000|  0%| F|  |TAMS 0x0000000085200000, 0x0000000085200000| Untracked 
|  83|0x0000000085300000, 0x0000000085300000, 0x0000000085400000|  0%| F|  |TAMS 0x0000000085300000, 0x0000000085300000| Untracked 
|  84|0x0000000085400000, 0x0000000085400000, 0x0000000085500000|  0%| F|  |TAMS 0x0000000085400000, 0x0000000085400000| Untracked 
|  85|0x0000000085500000, 0x0000000085500000, 0x0000000085600000|  0%| F|  |TAMS 0x0000000085500000, 0x0000000085500000| Untracked 
|  86|0x0000000085600000, 0x0000000085600000, 0x0000000085700000|  0%| F|  |TAMS 0x0000000085600000, 0x0000000085600000| Untracked 
|  87|0x0000000085700000, 0x0000000085700000, 0x0000000085800000|  0%| F|  |TAMS 0x0000000085700000, 0x0000000085700000| Untracked 
|  88|0x0000000085800000, 0x0000000085800000, 0x0000000085900000|  0%| F|  |TAMS 0x0000000085800000, 0x0000000085800000| Untracked 
|  89|0x0000000085900000, 0x0000000085900000, 0x0000000085a00000|  0%| F|  |TAMS 0x0000000085900000, 0x0000000085900000| Untracked 
|  90|0x0000000085a00000, 0x0000000085a00000, 0x0000000085b00000|  0%| F|  |TAMS 0x0000000085a00000, 0x0000000085a00000| Untracked 
|  91|0x0000000085b00000, 0x0000000085b00000, 0x0000000085c00000|  0%| F|  |TAMS 0x0000000085b00000, 0x0000000085b00000| Untracked 
|  92|0x0000000085c00000, 0x0000000085c00000, 0x0000000085d00000|  0%| F|  |TAMS 0x0000000085c00000, 0x0000000085c00000| Untracked 
|  93|0x0000000085d00000, 0x0000000085d00000, 0x0000000085e00000|  0%| F|  |TAMS 0x0000000085d00000, 0x0000000085d00000| Untracked 
|  94|0x0000000085e00000, 0x0000000085e00000, 0x0000000085f00000|  0%| F|  |TAMS 0x0000000085e00000, 0x0000000085e00000| Untracked 
|  95|0x0000000085f00000, 0x0000000085f00000, 0x0000000086000000|  0%| F|  |TAMS 0x0000000085f00000, 0x0000000085f00000| Untracked 
|  96|0x0000000086000000, 0x0000000086000000, 0x0000000086100000|  0%| F|  |TAMS 0x0000000086000000, 0x0000000086000000| Untracked 
|  97|0x0000000086100000, 0x0000000086100000, 0x0000000086200000|  0%| F|  |TAMS 0x0000000086100000, 0x0000000086100000| Untracked 
|  98|0x0000000086200000, 0x0000000086200000, 0x0000000086300000|  0%| F|  |TAMS 0x0000000086200000, 0x0000000086200000| Untracked 
|  99|0x0000000086300000, 0x0000000086300000, 0x0000000086400000|  0%| F|  |TAMS 0x0000000086300000, 0x0000000086300000| Untracked 
| 100|0x0000000086400000, 0x0000000086400000, 0x0000000086500000|  0%| F|  |TAMS 0x0000000086400000, 0x0000000086400000| Untracked 
| 101|0x0000000086500000, 0x0000000086500000, 0x0000000086600000|  0%| F|  |TAMS 0x0000000086500000, 0x0000000086500000| Untracked 
| 102|0x0000000086600000, 0x0000000086600000, 0x0000000086700000|  0%| F|  |TAMS 0x0000000086600000, 0x0000000086600000| Untracked 
| 103|0x0000000086700000, 0x0000000086700000, 0x0000000086800000|  0%| F|  |TAMS 0x0000000086700000, 0x0000000086700000| Untracked 
| 104|0x0000000086800000, 0x0000000086800000, 0x0000000086900000|  0%| F|  |TAMS 0x0000000086800000, 0x0000000086800000| Untracked 
| 105|0x0000000086900000, 0x0000000086900000, 0x0000000086a00000|  0%| F|  |TAMS 0x0000000086900000, 0x0000000086900000| Untracked 
| 106|0x0000000086a00000, 0x0000000086a00000, 0x0000000086b00000|  0%| F|  |TAMS 0x0000000086a00000, 0x0000000086a00000| Untracked 
| 107|0x0000000086b00000, 0x0000000086b00000, 0x0000000086c00000|  0%| F|  |TAMS 0x0000000086b00000, 0x0000000086b00000| Untracked 
| 108|0x0000000086c00000, 0x0000000086c00000, 0x0000000086d00000|  0%| F|  |TAMS 0x0000000086c00000, 0x0000000086c00000| Untracked 
| 109|0x0000000086d00000, 0x0000000086d00000, 0x0000000086e00000|  0%| F|  |TAMS 0x0000000086d00000, 0x0000000086d00000| Untracked 
| 110|0x0000000086e00000, 0x0000000086e00000, 0x0000000086f00000|  0%| F|  |TAMS 0x0000000086e00000, 0x0000000086e00000| Untracked 
| 111|0x0000000086f00000, 0x0000000086f00000, 0x0000000087000000|  0%| F|  |TAMS 0x0000000086f00000, 0x0000000086f00000| Untracked 
| 112|0x0000000087000000, 0x0000000087000000, 0x0000000087100000|  0%| F|  |TAMS 0x0000000087000000, 0x0000000087000000| Untracked 
| 113|0x0000000087100000, 0x0000000087100000, 0x0000000087200000|  0%| F|  |TAMS 0x0000000087100000, 0x0000000087100000| Untracked 
| 114|0x0000000087200000, 0x0000000087200000, 0x0000000087300000|  0%| F|  |TAMS 0x0000000087200000, 0x0000000087200000| Untracked 
| 115|0x0000000087300000, 0x0000000087300000, 0x0000000087400000|  0%| F|  |TAMS 0x0000000087300000, 0x0000000087300000| Untracked 

Card table byte_map: [0x000001cadd710000,0x000001caddb10000] _byte_map_base: 0x000001cadd310000

Marking Bits (Prev, Next): (CMBitMap*) 0x000001cac9dee3e0, (CMBitMap*) 0x000001cac9dee3a8
 Prev Bits: [0x000001cadff10000, 0x000001cae1f10000)
 Next Bits: [0x000001caddf10000, 0x000001cadff10000)

Polling page: 0x000001cac84f0000

Metaspace:

Usage:
  Non-class:     58.03 MB capacity,    57.00 MB ( 98%) used,   901.73 KB (  2%) free+waste,   151.50 KB ( <1%) overhead. 
      Class:      9.15 MB capacity,     8.59 MB ( 94%) used,   503.80 KB (  5%) free+waste,    71.56 KB ( <1%) overhead. 
       Both:     67.17 MB capacity,    65.58 MB ( 98%) used,     1.37 MB (  2%) free+waste,   223.06 KB ( <1%) overhead. 

Virtual space:
  Non-class space:       60.00 MB reserved,      58.20 MB ( 97%) committed 
      Class space:        1.00 GB reserved,       9.25 MB ( <1%) committed 
             Both:        1.06 GB reserved,      67.45 MB (  6%) committed 

Chunk freelists:
   Non-Class:  50.00 KB
       Class:  9.00 KB
        Both:  59.00 KB

MaxMetaspaceSize: 17179869184.00 GB
CompressedClassSpaceSize: 1.00 GB

CodeHeap 'non-profiled nmethods': size=120000Kb used=3246Kb max_used=3246Kb free=116753Kb
 bounds [0x000001cad5370000, 0x000001cad56a0000, 0x000001cadc8a0000]
CodeHeap 'profiled nmethods': size=120000Kb used=13125Kb max_used=13125Kb free=106874Kb
 bounds [0x000001cacde40000, 0x000001caceb20000, 0x000001cad5370000]
CodeHeap 'non-nmethods': size=5760Kb used=2237Kb max_used=2286Kb free=3522Kb
 bounds [0x000001cacd8a0000, 0x000001cacdb10000, 0x000001cacde40000]
 total_blobs=6991 nmethods=6174 adapters=728
 compilation: enabled
              stopped_count=0, restarted_count=0
 full_count=0

Compilation events (20 events):
Event: 10.792 Thread 0x000001cae4960800 nmethod 6224 0x000001caceb0e690 code [0x000001caceb0e8a0, 0x000001caceb0ed68]
Event: 10.792 Thread 0x000001cae4960800 6225       3       com.google.common.primitives.Ints::saturatedCast (25 bytes)
Event: 10.792 Thread 0x000001cae4960800 nmethod 6225 0x000001caceb0ef10 code [0x000001caceb0f0c0, 0x000001caceb0f258]
Event: 10.792 Thread 0x000001cae4960800 6226       1       java.util.Collections$SingletonSet::size (2 bytes)
Event: 10.792 Thread 0x000001cae4960800 nmethod 6226 0x000001cad569b310 code [0x000001cad569b4c0, 0x000001cad569b578]
Event: 10.815 Thread 0x000001cae4960800 6228       1       org.gradle.api.services.internal.BuildServiceProvider::getType (5 bytes)
Event: 10.815 Thread 0x000001cae4960800 nmethod 6228 0x000001cad569b610 code [0x000001cad569b7c0, 0x000001cad569b878]
Event: 10.816 Thread 0x000001cae4960800 6229       3       com.google.common.collect.Lists::newArrayListWithExpectedSize (12 bytes)
Event: 10.816 Thread 0x000001cae4960800 nmethod 6229 0x000001caceb0f310 code [0x000001caceb0f500, 0x000001caceb0f878]
Event: 10.816 Thread 0x000001cae4960800 6230       3       com.google.common.collect.Lists::computeArrayListCapacity (23 bytes)
Event: 10.816 Thread 0x000001cae4960800 nmethod 6230 0x000001caceb0fa10 code [0x000001caceb0fbe0, 0x000001caceb0fe48]
Event: 10.816 Thread 0x000001cae4960800 6231       3       java.util.HashSet::remove (20 bytes)
Event: 10.817 Thread 0x000001cae4960800 nmethod 6231 0x000001caceb0ff90 code [0x000001caceb10160, 0x000001caceb10388]
Event: 10.817 Thread 0x000001cae4960800 6233       3       com.google.common.collect.CompactHashMap::getHash (6 bytes)
Event: 10.817 Thread 0x000001cae4960800 nmethod 6233 0x000001caceb10490 code [0x000001caceb10640, 0x000001caceb10738]
Event: 10.817 Thread 0x000001cae4960800 6232       3       org.gradle.api.internal.DefaultDomainObjectCollection::isEmpty (10 bytes)
Event: 10.817 Thread 0x000001cae4960800 nmethod 6232 0x000001caceb10810 code [0x000001caceb109e0, 0x000001caceb10c58]
Event: 10.817 Thread 0x000001cae4960800 6234       3       java.util.LinkedHashMap::afterNodeRemoval (65 bytes)
Event: 10.818 Thread 0x000001cae4960800 nmethod 6234 0x000001caceb10d10 code [0x000001caceb10ee0, 0x000001caceb11358]
Event: 10.818 Thread 0x000001cae4960800 6235       3       org.gradle.internal.typeconversion.JustReturningParser::<init> (15 bytes)

GC Heap History (20 events):
Event: 4.283 GC heap after
{Heap after GC invocations=7 (full 0):
 garbage-first heap   total 98304K, used 19009K [0x0000000080000000, 0x0000000100000000)
  region size 1024K, 4 young (4096K), 4 survivors (4096K)
 Metaspace       used 28513K, capacity 29152K, committed 29440K, reserved 1075200K
  class space    used 3799K, capacity 4060K, committed 4096K, reserved 1048576K
}
Event: 4.823 GC heap before
{Heap before GC invocations=7 (full 0):
 garbage-first heap   total 98304K, used 47681K [0x0000000080000000, 0x0000000100000000)
  region size 1024K, 33 young (33792K), 4 survivors (4096K)
 Metaspace       used 35158K, capacity 35793K, committed 35840K, reserved 1081344K
  class space    used 4571K, capacity 4826K, committed 4864K, reserved 1048576K
}
Event: 4.830 GC heap after
{Heap after GC invocations=8 (full 0):
 garbage-first heap   total 98304K, used 21917K [0x0000000080000000, 0x0000000100000000)
  region size 1024K, 6 young (6144K), 6 survivors (6144K)
 Metaspace       used 35158K, capacity 35793K, committed 35840K, reserved 1081344K
  class space    used 4571K, capacity 4826K, committed 4864K, reserved 1048576K
}
Event: 5.436 GC heap before
{Heap before GC invocations=9 (full 0):
 garbage-first heap   total 98304K, used 63901K [0x0000000080000000, 0x0000000100000000)
  region size 1024K, 44 young (45056K), 6 survivors (6144K)
 Metaspace       used 39705K, capacity 40564K, committed 40704K, reserved 1085440K
  class space    used 5044K, capacity 5362K, committed 5376K, reserved 1048576K
}
Event: 5.443 GC heap after
{Heap after GC invocations=10 (full 0):
 garbage-first heap   total 98304K, used 24077K [0x0000000080000000, 0x0000000100000000)
  region size 1024K, 6 young (6144K), 6 survivors (6144K)
 Metaspace       used 39705K, capacity 40564K, committed 40704K, reserved 1085440K
  class space    used 5044K, capacity 5362K, committed 5376K, reserved 1048576K
}
Event: 5.958 GC heap before
{Heap before GC invocations=10 (full 0):
 garbage-first heap   total 98304K, used 62989K [0x0000000080000000, 0x0000000100000000)
  region size 1024K, 44 young (45056K), 6 survivors (6144K)
 Metaspace       used 42886K, capacity 43832K, committed 44032K, reserved 1087488K
  class space    used 5522K, capacity 5863K, committed 5888K, reserved 1048576K
}
Event: 5.967 GC heap after
{Heap after GC invocations=11 (full 0):
 garbage-first heap   total 118784K, used 25794K [0x0000000080000000, 0x0000000100000000)
  region size 1024K, 4 young (4096K), 4 survivors (4096K)
 Metaspace       used 42886K, capacity 43832K, committed 44032K, reserved 1087488K
  class space    used 5522K, capacity 5863K, committed 5888K, reserved 1048576K
}
Event: 7.099 GC heap before
{Heap before GC invocations=11 (full 0):
 garbage-first heap   total 118784K, used 78018K [0x0000000080000000, 0x0000000100000000)
  region size 1024K, 53 young (54272K), 4 survivors (4096K)
 Metaspace       used 44681K, capacity 45807K, committed 46080K, reserved 1089536K
  class space    used 5729K, capacity 6090K, committed 6144K, reserved 1048576K
}
Event: 7.106 GC heap after
{Heap after GC invocations=12 (full 0):
 garbage-first heap   total 118784K, used 37376K [0x0000000080000000, 0x0000000100000000)
  region size 1024K, 7 young (7168K), 7 survivors (7168K)
 Metaspace       used 44681K, capacity 45807K, committed 46080K, reserved 1089536K
  class space    used 5729K, capacity 6090K, committed 6144K, reserved 1048576K
}
Event: 7.999 GC heap before
{Heap before GC invocations=12 (full 0):
 garbage-first heap   total 118784K, used 81408K [0x0000000080000000, 0x0000000100000000)
  region size 1024K, 50 young (51200K), 7 survivors (7168K)
 Metaspace       used 50851K, capacity 52103K, committed 52352K, reserved 1095680K
  class space    used 6498K, capacity 6920K, committed 7040K, reserved 1048576K
}
Event: 8.004 GC heap after
{Heap after GC invocations=13 (full 0):
 garbage-first heap   total 118784K, used 39755K [0x0000000080000000, 0x0000000100000000)
  region size 1024K, 2 young (2048K), 2 survivors (2048K)
 Metaspace       used 50851K, capacity 52103K, committed 52352K, reserved 1095680K
  class space    used 6498K, capacity 6920K, committed 7040K, reserved 1048576K
}
Event: 8.723 GC heap before
{Heap before GC invocations=13 (full 0):
 garbage-first heap   total 118784K, used 83787K [0x0000000080000000, 0x0000000100000000)
  region size 1024K, 46 young (47104K), 2 survivors (2048K)
 Metaspace       used 56829K, capacity 58157K, committed 58240K, reserved 1099776K
  class space    used 7238K, capacity 7732K, committed 7808K, reserved 1048576K
}
Event: 8.728 GC heap after
{Heap after GC invocations=14 (full 0):
 garbage-first heap   total 118784K, used 42921K [0x0000000080000000, 0x0000000100000000)
  region size 1024K, 6 young (6144K), 6 survivors (6144K)
 Metaspace       used 56829K, capacity 58157K, committed 58240K, reserved 1099776K
  class space    used 7238K, capacity 7732K, committed 7808K, reserved 1048576K
}
Event: 8.974 GC heap before
{Heap before GC invocations=14 (full 0):
 garbage-first heap   total 118784K, used 60329K [0x0000000080000000, 0x0000000100000000)
  region size 1024K, 24 young (24576K), 6 survivors (6144K)
 Metaspace       used 58691K, capacity 60054K, committed 60160K, reserved 1101824K
  class space    used 7431K, capacity 7909K, committed 7936K, reserved 1048576K
}
Event: 8.982 GC heap after
{Heap after GC invocations=15 (full 0):
 garbage-first heap   total 118784K, used 45077K [0x0000000080000000, 0x0000000100000000)
  region size 1024K, 6 young (6144K), 6 survivors (6144K)
 Metaspace       used 58691K, capacity 60054K, committed 60160K, reserved 1101824K
  class space    used 7431K, capacity 7909K, committed 7936K, reserved 1048576K
}
Event: 9.498 GC heap before
{Heap before GC invocations=16 (full 0):
 garbage-first heap   total 118784K, used 89109K [0x0000000080000000, 0x0000000100000000)
  region size 1024K, 49 young (50176K), 6 survivors (6144K)
 Metaspace       used 60643K, capacity 62140K, committed 62284K, reserved 1103872K
  class space    used 7712K, capacity 8238K, committed 8320K, reserved 1048576K
}
Event: 9.508 GC heap after
{Heap after GC invocations=17 (full 0):
 garbage-first heap   total 118784K, used 48173K [0x0000000080000000, 0x0000000100000000)
  region size 1024K, 6 young (6144K), 6 survivors (6144K)
 Metaspace       used 60643K, capacity 62140K, committed 62284K, reserved 1103872K
  class space    used 7712K, capacity 8238K, committed 8320K, reserved 1048576K
}
Event: 10.234 GC heap before
{Heap before GC invocations=17 (full 0):
 garbage-first heap   total 118784K, used 91181K [0x0000000080000000, 0x0000000100000000)
  region size 1024K, 48 young (49152K), 6 survivors (6144K)
 Metaspace       used 64657K, capacity 66173K, committed 66252K, reserved 1105920K
  class space    used 8395K, capacity 8936K, committed 8960K, reserved 1048576K
}
Event: 10.242 GC heap after
{Heap after GC invocations=18 (full 0):
 garbage-first heap   total 118784K, used 51142K [0x0000000080000000, 0x0000000100000000)
  region size 1024K, 4 young (4096K), 4 survivors (4096K)
 Metaspace       used 64657K, capacity 66173K, committed 66252K, reserved 1105920K
  class space    used 8395K, capacity 8936K, committed 8960K, reserved 1048576K
}
Event: 10.818 GC heap before
{Heap before GC invocations=18 (full 0):
 garbage-first heap   total 118784K, used 93126K [0x0000000080000000, 0x0000000100000000)
  region size 1024K, 45 young (46080K), 4 survivors (4096K)
 Metaspace       used 67156K, capacity 68785K, committed 69068K, reserved 1110016K
  class space    used 8791K, capacity 9367K, committed 9472K, reserved 1048576K
}

Deoptimization events (20 events):
Event: 10.584 Thread 0x000001cae6812800 Uncommon trap: trap_request=0xffffff4d fr.pc=0x000001cad5660b14 relative=0x0000000000002a94
Event: 10.584 Thread 0x000001cae6812800 Uncommon trap: reason=unstable_if action=reinterpret pc=0x000001cad5660b14 method=java.util.HashMap.getNode(ILjava/lang/Object;)Ljava/util/HashMap$Node; @ 84 c2
Event: 10.584 Thread 0x000001cae6812800 DEOPT PACKING pc=0x000001cad5660b14 sp=0x0000000ff33fa280
Event: 10.584 Thread 0x000001cae6812800 DEOPT UNPACKING pc=0x000001cacd8c78af sp=0x0000000ff33fa168 mode 2
Event: 10.584 Thread 0x000001cae6812800 Uncommon trap: trap_request=0xffffff4d fr.pc=0x000001cad551a160 relative=0x00000000000001a0
Event: 10.584 Thread 0x000001cae6812800 Uncommon trap: reason=unstable_if action=reinterpret pc=0x000001cad551a160 method=java.util.HashMap.getNode(ILjava/lang/Object;)Ljava/util/HashMap$Node; @ 84 c2
Event: 10.584 Thread 0x000001cae6812800 DEOPT PACKING pc=0x000001cad551a160 sp=0x0000000ff33fa1d0
Event: 10.584 Thread 0x000001cae6812800 DEOPT UNPACKING pc=0x000001cacd8c78af sp=0x0000000ff33fa140 mode 2
Event: 10.672 Thread 0x000001cae6812800 DEOPT PACKING pc=0x000001cace8c7c6c sp=0x0000000ff33fa160
Event: 10.672 Thread 0x000001cae6812800 DEOPT UNPACKING pc=0x000001cacd8c76ce sp=0x0000000ff33f9700 mode 0
Event: 10.758 Thread 0x000001cae6812800 Uncommon trap: trap_request=0xffffff4d fr.pc=0x000001cad556b7fc relative=0x00000000000006fc
Event: 10.758 Thread 0x000001cae6812800 Uncommon trap: reason=unstable_if action=reinterpret pc=0x000001cad556b7fc method=java.util.HashMap.putVal(ILjava/lang/Object;Ljava/lang/Object;ZZ)Ljava/lang/Object; @ 109 c2
Event: 10.758 Thread 0x000001cae6812800 DEOPT PACKING pc=0x000001cad556b7fc sp=0x0000000ff33f89e0
Event: 10.758 Thread 0x000001cae6812800 DEOPT UNPACKING pc=0x000001cacd8c78af sp=0x0000000ff33f88f8 mode 2
Event: 10.759 Thread 0x000001cae6812800 Uncommon trap: trap_request=0xffffff4d fr.pc=0x000001cad5502c80 relative=0x0000000000000680
Event: 10.759 Thread 0x000001cae6812800 Uncommon trap: reason=unstable_if action=reinterpret pc=0x000001cad5502c80 method=java.util.HashMap.putVal(ILjava/lang/Object;Ljava/lang/Object;ZZ)Ljava/lang/Object; @ 109 c2
Event: 10.759 Thread 0x000001cae6812800 DEOPT PACKING pc=0x000001cad5502c80 sp=0x0000000ff33f8930
Event: 10.759 Thread 0x000001cae6812800 DEOPT UNPACKING pc=0x000001cacd8c78af sp=0x0000000ff33f88e8 mode 2
Event: 10.761 Thread 0x000001cae6812800 DEOPT PACKING pc=0x000001cace8c7c6c sp=0x0000000ff33f8c60
Event: 10.762 Thread 0x000001cae6812800 DEOPT UNPACKING pc=0x000001cacd8c76ce sp=0x0000000ff33f8200 mode 0

Classes redefined (0 events):
No events

Internal exceptions (20 events):
Event: 10.343 Thread 0x000001cae6812800 Exception <a 'java/lang/ClassNotFoundException'{0x0000000086a12498}: org/gradle/api/internal/artifacts/configurations/DefaultConfigurationContainer_DecoratedBeanInfo> (0x0000000086a12498) thrown at [./src/hotspot/share/classfile/systemDictionary.cpp, line 231]
Event: 10.344 Thread 0x000001cae6812800 Exception <a 'java/lang/ClassNotFoundException'{0x0000000086a34928}: org/gradle/api/internal/artifacts/configurations/DefaultConfigurationContainerBeanInfo> (0x0000000086a34928) thrown at [./src/hotspot/share/classfile/systemDictionary.cpp, line 231]
Event: 10.345 Thread 0x000001cae6812800 Exception <a 'java/lang/ClassNotFoundException'{0x0000000086a48c48}: org/gradle/api/internal/AbstractValidatingNamedDomainObjectContainerBeanInfo> (0x0000000086a48c48) thrown at [./src/hotspot/share/classfile/systemDictionary.cpp, line 231]
Event: 10.345 Thread 0x000001cae6812800 Exception <a 'java/lang/ClassNotFoundException'{0x0000000086a5cf48}: org/gradle/api/internal/AbstractValidatingNamedDomainObjectContainerCustomizer> (0x0000000086a5cf48) thrown at [./src/hotspot/share/classfile/systemDictionary.cpp, line 231]
Event: 10.346 Thread 0x000001cae6812800 Exception <a 'java/lang/ClassNotFoundException'{0x0000000086a8a390}: org/gradle/api/internal/artifacts/configurations/DefaultConfigurationContainerCustomizer> (0x0000000086a8a390) thrown at [./src/hotspot/share/classfile/systemDictionary.cpp, line 231]
Event: 10.347 Thread 0x000001cae6812800 Exception <a 'java/lang/ClassNotFoundException'{0x0000000086ac2170}: org/gradle/api/internal/artifacts/configurations/DefaultConfigurationContainer_DecoratedCustomizer> (0x0000000086ac2170) thrown at [./src/hotspot/share/classfile/systemDictionary.cpp, line 231]
Event: 10.359 Thread 0x000001cae6812800 Exception <a 'java/lang/ClassNotFoundException'{0x0000000086727340}: org/gradle/api/internal/artifacts/configurations/DefaultConfiguration_DecoratedBeanInfo> (0x0000000086727340) thrown at [./src/hotspot/share/classfile/systemDictionary.cpp, line 231]
Event: 10.359 Thread 0x000001cae6812800 Exception <a 'java/lang/ClassNotFoundException'{0x0000000086749300}: org/gradle/api/internal/artifacts/configurations/DefaultConfigurationBeanInfo> (0x0000000086749300) thrown at [./src/hotspot/share/classfile/systemDictionary.cpp, line 231]
Event: 10.360 Thread 0x000001cae6812800 Exception <a 'java/lang/ClassNotFoundException'{0x000000008675ced0}: org/gradle/api/internal/file/AbstractFileCollectionBeanInfo> (0x000000008675ced0) thrown at [./src/hotspot/share/classfile/systemDictionary.cpp, line 231]
Event: 10.360 Thread 0x000001cae6812800 Exception <a 'java/lang/ClassNotFoundException'{0x0000000086770a70}: org/gradle/api/internal/file/AbstractFileCollectionCustomizer> (0x0000000086770a70) thrown at [./src/hotspot/share/classfile/systemDictionary.cpp, line 231]
Event: 10.363 Thread 0x000001cae6812800 Exception <a 'java/lang/ClassNotFoundException'{0x00000000867a4a10}: org/gradle/api/internal/artifacts/configurations/DefaultConfigurationCustomizer> (0x00000000867a4a10) thrown at [./src/hotspot/share/classfile/systemDictionary.cpp, line 231]
Event: 10.367 Thread 0x000001cae6812800 Exception <a 'java/lang/ClassNotFoundException'{0x00000000866134d8}: org/gradle/api/internal/artifacts/configurations/DefaultConfiguration_DecoratedCustomizer> (0x00000000866134d8) thrown at [./src/hotspot/share/classfile/systemDictionary.cpp, line 231]
Event: 10.377 Thread 0x000001cae6812800 Exception <a 'java/lang/ClassNotFoundException'{0x00000000866cfb80}: org/codehaus/groovy/runtime/MethodClosureBeanInfo> (0x00000000866cfb80) thrown at [./src/hotspot/share/classfile/systemDictionary.cpp, line 231]
Event: 10.378 Thread 0x000001cae6812800 Exception <a 'java/lang/ClassNotFoundException'{0x00000000866e29f8}: org/codehaus/groovy/runtime/MethodClosureCustomizer> (0x00000000866e29f8) thrown at [./src/hotspot/share/classfile/systemDictionary.cpp, line 231]
Event: 10.382 Thread 0x000001cae6812800 Exception <a 'java/lang/ClassNotFoundException'{0x000000008653db90}: org/gradle/api/internal/artifacts/configurations/DefaultConfiguration$ConfigurationResolvableDependencies_DecoratedBeanInfo> (0x000000008653db90) thrown at [./src/hotspot/share/classfile/systemDictionary.cpp, line 231]
Event: 10.383 Thread 0x000001cae6812800 Exception <a 'java/lang/ClassNotFoundException'{0x00000000865661e8}: org/gradle/api/internal/artifacts/configurations/DefaultConfiguration$ConfigurationResolvableDependenciesBeanInfo> (0x00000000865661e8) thrown at [./src/hotspot/share/classfile/systemDictionary.cpp, line 231]
Event: 10.383 Thread 0x000001cae6812800 Exception <a 'java/lang/ClassNotFoundException'{0x00000000865901f0}: org/gradle/api/internal/artifacts/configurations/DefaultConfiguration$ConfigurationResolvableDependenciesCustomizer> (0x00000000865901f0) thrown at [./src/hotspot/share/classfile/systemDictionary.cpp, line 231]
Event: 10.385 Thread 0x000001cae6812800 Exception <a 'java/lang/ClassNotFoundException'{0x00000000865cad58}: org/gradle/api/internal/artifacts/configurations/DefaultConfiguration$ConfigurationResolvableDependencies_DecoratedCustomizer> (0x00000000865cad58) thrown at [./src/hotspot/share/classfile/systemDictionary.cpp, line 231]
Event: 10.538 Thread 0x000001cae6812800 Exception <a 'java/lang/NoSuchMethodError'{0x0000000085e1e2e8}: 'void java.lang.invoke.DirectMethodHandle$Holder.invokeStatic(java.lang.Object, java.lang.Object, java.lang.Object, java.lang.Object, java.lang.Object, java.lang.Object, java.lang.Object)'> (0x0000000085e1e2e8) thrown at [./src/hotspot/share/interpreter/linkResolver.cpp, line 773]
Event: 10.779 Thread 0x000001cae6812800 Exception <a 'java/lang/NoSuchMethodError'{0x0000000084d5a7c0}: 'java.lang.Object java.lang.invoke.Invokers$Holder.linkToTargetMethod(java.lang.Object, int, java.lang.Object)'> (0x0000000084d5a7c0) thrown at [./src/hotspot/share/interpreter/linkResolver.cpp, line 773]

Events (20 events):
Event: 10.801 loading class com/android/ide/common/rendering/api/ResourceNamespace$AaptNamespace done
Event: 10.802 loading class com/google/common/collect/LinkedListMultimap
Event: 10.802 loading class com/google/common/collect/LinkedListMultimap done
Event: 10.803 loading class com/android/ide/common/resources/PatternBasedFileFilter
Event: 10.803 loading class com/android/ide/common/resources/PatternBasedFileFilter done
Event: 10.804 loading class com/android/ide/common/resources/AndroidAaptIgnore
Event: 10.804 loading class com/android/ide/common/resources/AndroidAaptIgnore done
Event: 10.804 loading class com/android/ide/common/resources/NoOpResourcePreprocessor
Event: 10.804 loading class com/android/ide/common/resources/NoOpResourcePreprocessor done
Event: 10.805 loading class com/android/build/gradle/tasks/ExtractDeepLinksTask$CreationAction$configure$1
Event: 10.805 loading class com/android/build/gradle/tasks/ExtractDeepLinksTask$CreationAction$configure$1 done
Event: 10.805 loading class com/android/build/gradle/tasks/ExtractDeepLinksTask$CreationAction$configure$1$1
Event: 10.805 loading class com/android/build/gradle/tasks/ExtractDeepLinksTask$CreationAction$configure$1$1 done
Event: 10.809 loading class com/android/build/gradle/internal/tasks/featuresplit/PackagedDependenciesWriterTask$CreationAction$configure$1
Event: 10.809 loading class com/android/build/gradle/internal/tasks/featuresplit/PackagedDependenciesWriterTask$CreationAction$configure$1 done
Event: 10.809 loading class com/android/build/gradle/internal/tasks/featuresplit/PackagedDependenciesWriterTaskKt
Event: 10.809 loading class com/android/build/gradle/internal/tasks/featuresplit/PackagedDependenciesWriterTaskKt done
Event: 10.810 loading class com/android/build/gradle/internal/tasks/featuresplit/PackagedDependenciesWriterTaskKt$aarOrJarType$1
Event: 10.810 loading class com/android/build/gradle/internal/tasks/featuresplit/PackagedDependenciesWriterTaskKt$aarOrJarType$1 done
Event: 10.818 Executing VM operation: G1CollectForAllocation


Dynamic libraries:
0x00007ff6ad120000 - 0x00007ff6ad12a000 	C:\Program Files\Android\Android Studio\jre\bin\java.exe
0x00007ffc03ef0000 - 0x00007ffc040e5000 	C:\WINDOWS\SYSTEM32\ntdll.dll
0x00007ffc02910000 - 0x00007ffc029ce000 	C:\WINDOWS\System32\KERNEL32.DLL
0x00007ffc01b40000 - 0x00007ffc01e09000 	C:\WINDOWS\System32\KERNELBASE.dll
0x00007ffc01e40000 - 0x00007ffc01f40000 	C:\WINDOWS\System32\ucrtbase.dll
0x00007ffbfd480000 - 0x00007ffbfd499000 	C:\Program Files\Android\Android Studio\jre\bin\jli.dll
0x00007ffbfd460000 - 0x00007ffbfd477000 	C:\Program Files\Android\Android Studio\jre\bin\VCRUNTIME140.dll
0x00007ffc03c60000 - 0x00007ffc03e01000 	C:\WINDOWS\System32\USER32.dll
0x00007ffbf0ba0000 - 0x00007ffbf0e3a000 	C:\WINDOWS\WinSxS\amd64_microsoft.windows.common-controls_6595b64144ccf1df_6.0.19041.1110_none_60b5254171f9507e\COMCTL32.dll
0x00007ffc01a60000 - 0x00007ffc01a82000 	C:\WINDOWS\System32\win32u.dll
0x00007ffc03e10000 - 0x00007ffc03eae000 	C:\WINDOWS\System32\msvcrt.dll
0x00007ffc01f40000 - 0x00007ffc01f6b000 	C:\WINDOWS\System32\GDI32.dll
0x00007ffc01700000 - 0x00007ffc0180b000 	C:\WINDOWS\System32\gdi32full.dll
0x00007ffc019c0000 - 0x00007ffc01a5d000 	C:\WINDOWS\System32\msvcp_win.dll
0x00007ffc023b0000 - 0x00007ffc023e0000 	C:\WINDOWS\System32\IMM32.DLL
0x00007ffbfc470000 - 0x00007ffbfc50d000 	C:\Program Files\Android\Android Studio\jre\bin\msvcp140.dll
0x00007ffbc4ed0000 - 0x00007ffbc599f000 	C:\Program Files\Android\Android Studio\jre\bin\server\jvm.dll
0x00007ffc027a0000 - 0x00007ffc0284c000 	C:\WINDOWS\System32\ADVAPI32.dll
0x00007ffc01f70000 - 0x00007ffc0200b000 	C:\WINDOWS\System32\sechost.dll
0x00007ffc02fe0000 - 0x00007ffc0310a000 	C:\WINDOWS\System32\RPCRT4.dll
0x00007ffc02850000 - 0x00007ffc02858000 	C:\WINDOWS\System32\PSAPI.DLL
0x00007ffbf08d0000 - 0x00007ffbf08d9000 	C:\WINDOWS\SYSTEM32\WSOCK32.dll
0x00007ffbf7380000 - 0x00007ffbf73a7000 	C:\WINDOWS\SYSTEM32\WINMM.dll
0x00007ffbfae10000 - 0x00007ffbfae1a000 	C:\WINDOWS\SYSTEM32\VERSION.dll
0x00007ffc021a0000 - 0x00007ffc0220b000 	C:\WINDOWS\System32\WS2_32.dll
0x00007ffbff510000 - 0x00007ffbff522000 	C:\WINDOWS\SYSTEM32\kernel.appcore.dll
0x00007ffbeeb50000 - 0x00007ffbeeb61000 	C:\Program Files\Android\Android Studio\jre\bin\verify.dll
0x00007ffbf9970000 - 0x00007ffbf9b54000 	C:\WINDOWS\SYSTEM32\DBGHELP.DLL
0x00007ffbf0090000 - 0x00007ffbf00bc000 	C:\WINDOWS\SYSTEM32\dbgcore.DLL
0x00007ffc01610000 - 0x00007ffc01693000 	C:\WINDOWS\System32\bcryptPrimitives.dll
0x00007ffbd9b10000 - 0x00007ffbd9b39000 	C:\Program Files\Android\Android Studio\jre\bin\java.dll
0x00007ffbef610000 - 0x00007ffbef61b000 	C:\Program Files\Android\Android Studio\jre\bin\jimage.dll
0x00007ffbe49d0000 - 0x00007ffbe49e8000 	C:\Program Files\Android\Android Studio\jre\bin\zip.dll
0x00007ffc032c0000 - 0x00007ffc039ff000 	C:\WINDOWS\System32\SHELL32.dll
0x00007ffbff710000 - 0x00007ffbffea0000 	C:\WINDOWS\SYSTEM32\windows.storage.dll
0x00007ffc023e0000 - 0x00007ffc02735000 	C:\WINDOWS\System32\combase.dll
0x00007ffc00f90000 - 0x00007ffc00fbc000 	C:\WINDOWS\SYSTEM32\Wldp.dll
0x00007ffc02e60000 - 0x00007ffc02f0e000 	C:\WINDOWS\System32\SHCORE.dll
0x00007ffc02740000 - 0x00007ffc02795000 	C:\WINDOWS\System32\shlwapi.dll
0x00007ffc01550000 - 0x00007ffc0156f000 	C:\WINDOWS\SYSTEM32\profapi.dll
0x00007ffbd9bb0000 - 0x00007ffbd9bca000 	C:\Program Files\Android\Android Studio\jre\bin\net.dll
0x00007ffbfaea0000 - 0x00007ffbfafa8000 	C:\WINDOWS\SYSTEM32\WINHTTP.dll
0x00007ffc00cf0000 - 0x00007ffc00d5a000 	C:\WINDOWS\system32\mswsock.dll
0x00007ffbd9b90000 - 0x00007ffbd9ba4000 	C:\Program Files\Android\Android Studio\jre\bin\nio.dll
0x00007ffbf7280000 - 0x00007ffbf72a7000 	C:\Users\acer\.gradle\native\fdc75f09e3144964f2cf3f50f0aa648679c211496f362492102eb8c894070792\windows-amd64\native-platform.dll
0x00007ffbc96c0000 - 0x00007ffbc9856000 	C:\Users\acer\.gradle\native\12488b8bf47d2d4c9fbf2f6322a914ad602e24e48041cd04a747c6da556b65c4\windows-amd64\native-platform-file-events.dll
0x00007ffbea940000 - 0x00007ffbea94a000 	C:\Program Files\Android\Android Studio\jre\bin\management.dll
0x00007ffbe9c00000 - 0x00007ffbe9c0c000 	C:\Program Files\Android\Android Studio\jre\bin\management_ext.dll
0x00007ffc00ee0000 - 0x00007ffc00ef8000 	C:\WINDOWS\SYSTEM32\CRYPTSP.dll
0x00007ffc00670000 - 0x00007ffc006a4000 	C:\WINDOWS\system32\rsaenh.dll
0x00007ffc01e10000 - 0x00007ffc01e37000 	C:\WINDOWS\System32\bcrypt.dll
0x00007ffc01510000 - 0x00007ffc0153e000 	C:\WINDOWS\SYSTEM32\USERENV.dll
0x00007ffc00f00000 - 0x00007ffc00f0c000 	C:\WINDOWS\SYSTEM32\CRYPTBASE.dll
0x00007ffc009e0000 - 0x00007ffc00a1b000 	C:\WINDOWS\SYSTEM32\IPHLPAPI.DLL
0x00007ffc02270000 - 0x00007ffc02278000 	C:\WINDOWS\System32\NSI.dll
0x00007ffbf9540000 - 0x00007ffbf9557000 	C:\WINDOWS\SYSTEM32\dhcpcsvc6.DLL
0x00007ffbf9780000 - 0x00007ffbf979d000 	C:\WINDOWS\SYSTEM32\dhcpcsvc.DLL
0x00007ffc00a20000 - 0x00007ffc00aec000 	C:\WINDOWS\SYSTEM32\DNSAPI.dll
0x00007ffbfae30000 - 0x00007ffbfae3b000 	C:\WINDOWS\SYSTEM32\WINNSI.DLL

dbghelp: loaded successfully - version: 4.0.5 - missing functions: none
symbol engine: initialized successfully - sym options: 0x614 - pdb path: .;C:\Program Files\Android\Android Studio\jre\bin;C:\WINDOWS\SYSTEM32;C:\WINDOWS\WinSxS\amd64_microsoft.windows.common-controls_6595b64144ccf1df_6.0.19041.1110_none_60b5254171f9507e;C:\Program Files\Android\Android Studio\jre\bin\server;C:\Users\acer\.gradle\native\fdc75f09e3144964f2cf3f50f0aa648679c211496f362492102eb8c894070792\windows-amd64;C:\Users\acer\.gradle\native\12488b8bf47d2d4c9fbf2f6322a914ad602e24e48041cd04a747c6da556b65c4\windows-amd64

VM Arguments:
jvm_args: --add-opens=java.base/java.util=ALL-UNNAMED --add-opens=java.base/java.lang=ALL-UNNAMED --add-opens=java.base/java.lang.invoke=ALL-UNNAMED --add-opens=java.prefs/java.util.prefs=ALL-UNNAMED -Xmx2048m -Dfile.encoding=UTF-8 -Duser.country=US -Duser.language=en -Duser.variant 
java_command: org.gradle.launcher.daemon.bootstrap.GradleDaemon 6.7.1
java_class_path (initial): C:\Users\acer\.gradle\wrapper\dists\gradle-6.7.1-bin\bwlcbys1h7rz3272sye1xwiv6\gradle-6.7.1\lib\gradle-launcher-6.7.1.jar
Launcher Type: SUN_STANDARD

[Global flags]
     intx CICompilerCount                          = 4                                         {product} {ergonomic}
     uint ConcGCThreads                            = 2                                         {product} {ergonomic}
     uint G1ConcRefinementThreads                  = 8                                         {product} {ergonomic}
   size_t G1HeapRegionSize                         = 1048576                                   {product} {ergonomic}
    uintx GCDrainStackTargetSize                   = 64                                        {product} {ergonomic}
   size_t InitialHeapSize                          = 100663296                                 {product} {ergonomic}
   size_t MarkStackSize                            = 4194304                                   {product} {ergonomic}
   size_t MaxHeapSize                              = 2147483648                                {product} {command line}
   size_t MaxNewSize                               = 1287651328                                {product} {ergonomic}
   size_t MinHeapDeltaBytes                        = 1048576                                   {product} {ergonomic}
    uintx NonNMethodCodeHeapSize                   = 5836300                                {pd product} {ergonomic}
    uintx NonProfiledCodeHeapSize                  = 122910970                              {pd product} {ergonomic}
    uintx ProfiledCodeHeapSize                     = 122910970                              {pd product} {ergonomic}
    uintx ReservedCodeCacheSize                    = 251658240                              {pd product} {ergonomic}
     bool SegmentedCodeCache                       = true                                      {product} {ergonomic}
     bool UseCompressedClassPointers               = true                                 {lp64_product} {ergonomic}
     bool UseCompressedOops                        = true                                 {lp64_product} {ergonomic}
     bool UseG1GC                                  = true                                      {product} {ergonomic}
     bool UseLargePagesIndividualAllocation        = false                                  {pd product} {ergonomic}

Logging:
Log output configuration:
 #0: stdout all=warning uptime,level,tags
 #1: stderr all=off uptime,level,tags

Environment Variables:
PATH=C:\Program Files (x86)\Common Files\Oracle\Java\javapath;C:\WINDOWS\system32;C:\WINDOWS;C:\WINDOWS\System32\Wbem;C:\WINDOWS\System32\WindowsPowerShell\v1.0\;C:\WINDOWS\System32\OpenSSH\;D:\Nodejs\;C:\Program Files\Git\cmd;D:\Xampp\php;C:\ProgramData\ComposerSetup\bin;C:\Users\acer\AppData\Local\Microsoft\WindowsApps;C:\Users\acer\AppData\Local\Programs\Microsoft VS Code\bin;C:\Users\acer\AppData\Roaming\npm;C:\Users\acer\AppData\Roaming\Composer\vendor\bin;C:\Users\acer\AppData\Local\GitHubDesktop\bin;C:\Users\acer\AppData\Local\gitkraken\bin
USERNAME=acer
OS=Windows_NT
PROCESSOR_IDENTIFIER=AMD64 Family 23 Model 24 Stepping 1, AuthenticAMD



---------------  S Y S T E M  ---------------

OS: Windows 10 , 64 bit Build 19041 (10.0.19041.1200)
OS uptime: 0 days 1:12 hours

CPU:total 8 (initial active 8) (8 cores per cpu, 2 threads per core) family 23 model 24 stepping 1 microcode 0x0, cmov, cx8, fxsr, mmx, sse, sse2, sse3, ssse3, sse4.1, sse4.2, popcnt, avx, avx2, aes, clmul, mmxext, 3dnowpref, lzcnt, sse4a, ht, tsc, tscinvbit, tscinv, bmi1, bmi2, adx, s

Memory: 4k page, system-wide physical 6082M (385M free)
TotalPageFile size 14082M (AvailPageFile size 20M)
current process WorkingSet (physical memory assigned to process): 289M, peak: 301M
current process commit charge ("private bytes"): 352M, peak: 375M

vm_info: OpenJDK 64-Bit Server VM (11.0.10+0-b96-7249189) for windows-amd64 JRE (11.0.10+0-b96-7249189), built on Mar 31 2021 21:44:00 by "builder" with MS VC++ 14.0 (VS2015)

END.
