#
# There is insufficient memory for the Java Runtime Environment to continue.
# Native memory allocation (mmap) failed to map 256901120 bytes for Failed to commit area from 0x000000008e500000 to 0x000000009da00000 of length 256901120.
# Possible reasons:
#   The system is out of physical RAM or swap space
#   The process is running with CompressedOops enabled, and the Java Heap may be blocking the growth of the native heap
# Possible solutions:
#   Reduce memory load on the system
#   Increase physical memory or swap space
#   Check if swap backing store is full
#   Decrease Java heap size (-Xmx/-Xms)
#   Decrease number of Java threads
#   Decrease Java thread stack sizes (-Xss)
#   Set larger code cache with -XX:ReservedCodeCacheSize=
#   JVM is running with Unscaled Compressed Oops mode in which the Java heap is
#     placed in the first 4GB address space. The Java Heap base address is the
#     maximum limit for the native heap growth. Please use -XX:HeapBaseMinAddress
#     to set the Java Heap base and to place the Java Heap above 4GB virtual address.
# This output file may be truncated or incomplete.
#
#  Out of Memory Error (./src/hotspot/os/windows/os_windows.cpp:3303), pid=11180, tid=1384
#
# JRE version: OpenJDK Runtime Environment (11.0.8+10) (build 11.0.8+10-b944.6842174)
# Java VM: OpenJDK 64-Bit Server VM (11.0.8+10-b944.6842174, mixed mode, tiered, compressed oops, g1 gc, windows-amd64)
# No core dump will be written. Minidumps are not enabled by default on client versions of Windows
#

---------------  S U M M A R Y ------------

Command Line: --add-opens=java.base/java.util=ALL-UNNAMED --add-opens=java.base/java.lang=ALL-UNNAMED --add-opens=java.base/java.lang.invoke=ALL-UNNAMED --add-opens=java.prefs/java.util.prefs=ALL-UNNAMED -Xmx2048m -Dfile.encoding=UTF-8 -Duser.country=US -Duser.language=en -Duser.variant org.gradle.launcher.daemon.bootstrap.GradleDaemon 6.7.1

Host: AMD Ryzen 5 3550H with Radeon Vega Mobile Gfx  , 8 cores, 5G,  Windows 10 , 64 bit Build 19041 (10.0.19041.1200)
Time: Wed Sep 15 14:29:50 2021 SE Asia Standard Time elapsed time: 12 seconds (0d 0h 0m 12s)

---------------  T H R E A D  ---------------

Current thread (0x00000267cd00f800):  VMThread "VM Thread" [stack: 0x000000eb75700000,0x000000eb75800000] [id=1384]

Stack: [0x000000eb75700000,0x000000eb75800000]
[error occurred during error reporting (printing stack bounds), id 0xc0000005, EXCEPTION_ACCESS_VIOLATION (0xc0000005) at pc=0x00000267b5f80dad]

Native frames: (J=compiled Java code, j=interpreted, Vv=VM code, C=native code)
V  [jvm.dll+0x5de50a]
V  [jvm.dll+0x7122f5]
V  [jvm.dll+0x71384d]
V  [jvm.dll+0x713e65]
V  [jvm.dll+0x713e1b]
V  [jvm.dll+0x5dd958]
V  [jvm.dll+0x5de0f8]
C  [ntdll.dll+0xa20cf]
C  [ntdll.dll+0x51454]
C  [ntdll.dll+0xa0bfe]
C  0x00000267b5f80dad

VM_Operation (0x000000eb785f9750): G1CollectForAllocation, mode: safepoint, requested by thread 0x00000267d0079800


---------------  P R O C E S S  ---------------

Threads class SMR info:
_java_thread_list=0x00000267d8de8a90, length=150, elements={
0x00000267b25fa800, 0x00000267cd016000, 0x00000267cd01f800, 0x00000267cd9d2800,
0x00000267cd030000, 0x00000267cd031000, 0x00000267cd03e000, 0x00000267cd044000,
0x00000267cdb0a800, 0x00000267cdb2d800, 0x00000267ceb18000, 0x00000267cf26d800,
0x00000267cf24e800, 0x00000267d02a7800, 0x00000267d02a8000, 0x00000267ceb43800,
0x00000267cffec000, 0x00000267cffed000, 0x00000267cefc6000, 0x00000267d001a000,
0x00000267cfdfd000, 0x00000267d000f800, 0x00000267d000c000, 0x00000267d0010800,
0x00000267d000d000, 0x00000267d0012800, 0x00000267d0011000, 0x00000267d0012000,
0x00000267d000e000, 0x00000267d000e800, 0x00000267d007c000, 0x00000267d007b000,
0x00000267d0076000, 0x00000267d0079800, 0x00000267d007d000, 0x00000267d0078800,
0x00000267d0077000, 0x00000267d007d800, 0x00000267d007f000, 0x00000267d007e800,
0x00000267d0080000, 0x00000267d007a800, 0x00000267d0085000, 0x00000267d0084000,
0x00000267d0081000, 0x00000267d0081800, 0x00000267d0082800, 0x00000267d0083800,
0x00000267d2ca0000, 0x00000267d2ca4800, 0x00000267d2ca1000, 0x00000267d2c9e800,
0x00000267d2ca2000, 0x00000267d2ca5000, 0x00000267d2c9f800, 0x00000267d2ca2800,
0x00000267d2ca3800, 0x00000267d372c000, 0x00000267d372d000, 0x00000267d3733800,
0x00000267d3733000, 0x00000267d3731000, 0x00000267d3732000, 0x00000267d372f800,
0x00000267d372e000, 0x00000267d372e800, 0x00000267d3736000, 0x00000267d3735000,
0x00000267d3734800, 0x00000267d3730800, 0x00000267d3738800, 0x00000267d3737000,
0x00000267d373b000, 0x00000267d3737800, 0x00000267d3739800, 0x00000267d373a000,
0x00000267d2ec4800, 0x00000267d2ec4000, 0x00000267d2ec3000, 0x00000267d2ec0800,
0x00000267d2ec5800, 0x00000267d2ec1800, 0x00000267d2ebf800, 0x00000267d2ec6000,
0x00000267d2ec2000, 0x00000267d2eca800, 0x00000267d2ec7000, 0x00000267d2ec8000,
0x00000267d2ece800, 0x00000267d2ec8800, 0x00000267d2ecb000, 0x00000267d2ecc000,
0x00000267d2ec9800, 0x00000267d2ecd800, 0x00000267d2ecd000, 0x00000267d2e02800,
0x00000267d2e06000, 0x00000267d2e04000, 0x00000267d2e05000, 0x00000267d2e01000,
0x00000267d2e01800, 0x00000267d2e00000, 0x00000267d2e06800, 0x00000267d2e09000,
0x00000267d2e07800, 0x00000267d2e03800, 0x00000267d2e0a800, 0x00000267d2e08000,
0x00000267d2e0b800, 0x00000267d2e0a000, 0x00000267d2e0e000, 0x00000267d2e0e800,
0x00000267d2e0c800, 0x00000267d2e0d000, 0x00000267d1ba0000, 0x00000267d1ba5000,
0x00000267d1b9f800, 0x00000267d1ba6800, 0x00000267d1ba1800, 0x00000267d1ba4000,
0x00000267d1ba6000, 0x00000267d1ba2800, 0x00000267d1ba1000, 0x00000267d1ba7800,
0x00000267d1ba8800, 0x00000267d1ba9000, 0x00000267d1ba3800, 0x00000267d1bad000,
0x00000267d1bac800, 0x00000267d1bae000, 0x00000267d1baa000, 0x00000267d1baa800,
0x00000267d1bab800, 0x00000267d2e11000, 0x00000267d2e16000, 0x00000267d2e13800,
0x00000267d2e11800, 0x00000267d2e10000, 0x00000267d2e14000, 0x00000267d2e15000,
0x00000267d2e12800, 0x00000267d2e1c800, 0x00000267d2e1a000, 0x00000267d2e16800,
0x00000267d2e1d000, 0x00000267d2e17800, 0x00000267d2e19000, 0x00000267d2e1e000,
0x00000267d2e1b800, 0x00000267d2e1a800
}

Java Threads: ( => current thread )
  0x00000267b25fa800 JavaThread "main" [_thread_blocked, id=8856, stack(0x000000eb75100000,0x000000eb75200000)]
  0x00000267cd016000 JavaThread "Reference Handler" daemon [_thread_blocked, id=15544, stack(0x000000eb75800000,0x000000eb75900000)]
  0x00000267cd01f800 JavaThread "Finalizer" daemon [_thread_blocked, id=8112, stack(0x000000eb75900000,0x000000eb75a00000)]
  0x00000267cd9d2800 JavaThread "Signal Dispatcher" daemon [_thread_blocked, id=11880, stack(0x000000eb75a00000,0x000000eb75b00000)]
  0x00000267cd030000 JavaThread "Attach Listener" daemon [_thread_blocked, id=13080, stack(0x000000eb75b00000,0x000000eb75c00000)]
  0x00000267cd031000 JavaThread "C2 CompilerThread0" daemon [_thread_blocked, id=13168, stack(0x000000eb75c00000,0x000000eb75d00000)]
  0x00000267cd03e000 JavaThread "C1 CompilerThread0" daemon [_thread_blocked, id=15708, stack(0x000000eb75d00000,0x000000eb75e00000)]
  0x00000267cd044000 JavaThread "Sweeper thread" daemon [_thread_blocked, id=1692, stack(0x000000eb75e00000,0x000000eb75f00000)]
  0x00000267cdb0a800 JavaThread "Common-Cleaner" daemon [_thread_blocked, id=3748, stack(0x000000eb75f00000,0x000000eb76000000)]
  0x00000267cdb2d800 JavaThread "Service Thread" daemon [_thread_blocked, id=4288, stack(0x000000eb76000000,0x000000eb76100000)]
  0x00000267ceb18000 JavaThread "Daemon health stats" [_thread_blocked, id=12360, stack(0x000000eb76400000,0x000000eb76500000)]
  0x00000267cf26d800 JavaThread "Incoming local TCP Connector on port 51124" [_thread_in_native, id=11572, stack(0x000000eb76600000,0x000000eb76700000)]
  0x00000267cf24e800 JavaThread "Daemon periodic checks" [_thread_blocked, id=11732, stack(0x000000eb76700000,0x000000eb76800000)]
  0x00000267d02a7800 JavaThread "Daemon" [_thread_blocked, id=15764, stack(0x000000eb76800000,0x000000eb76900000)]
  0x00000267d02a8000 JavaThread "Handler for socket connection from /127.0.0.1:51124 to /127.0.0.1:51125" [_thread_in_native, id=5924, stack(0x000000eb76900000,0x000000eb76a00000)]
  0x00000267ceb43800 JavaThread "Cancel handler" [_thread_blocked, id=13836, stack(0x000000eb77200000,0x000000eb77300000)]
  0x00000267cffec000 JavaThread "Daemon worker" [_thread_blocked, id=16616, stack(0x000000eb77300000,0x000000eb77400000)]
  0x00000267cffed000 JavaThread "C2 CompilerThread1" daemon [_thread_in_native, id=15056, stack(0x000000eb77400000,0x000000eb77500000)]
  0x00000267cefc6000 JavaThread "Asynchronous log dispatcher for DefaultDaemonConnection: socket connection from /127.0.0.1:51124 to /127.0.0.1:51125" [_thread_blocked, id=3136, stack(0x000000eb77500000,0x000000eb77600000)]
  0x00000267d001a000 JavaThread "Stdin handler" [_thread_blocked, id=15548, stack(0x000000eb77600000,0x000000eb77700000)]
  0x00000267cfdfd000 JavaThread "Thread-8" [_thread_blocked, id=9288, stack(0x000000eb77700000,0x000000eb77800000)]
  0x00000267d000f800 JavaThread "Cache worker for file hash cache (C:\Users\acer\.gradle\caches\6.7.1\fileHashes)" [_thread_blocked, id=16724, stack(0x000000eb77800000,0x000000eb77900000)]
  0x00000267d000c000 JavaThread "File lock request listener" [_thread_in_native, id=15448, stack(0x000000eb77900000,0x000000eb77a00000)]
  0x00000267d0010800 JavaThread "Cache worker for journal cache (C:\Users\acer\.gradle\caches\journal-1)" [_thread_blocked, id=5744, stack(0x000000eb77b00000,0x000000eb77c00000)]
  0x00000267d000d000 JavaThread "Cache worker for file hash cache (D:\Du an truong\DuanPhonestore\.gradle\6.7.1\fileHashes)" [_thread_blocked, id=5392, stack(0x000000eb77c00000,0x000000eb77d00000)]
  0x00000267d0012800 JavaThread "Cache worker for checksums cache (D:\Du an truong\DuanPhonestore\.gradle\checksums)" [_thread_blocked, id=3296, stack(0x000000eb77d00000,0x000000eb77e00000)]
  0x00000267d0011000 JavaThread "Cache worker for cache directory md-supplier (C:\Users\acer\.gradle\caches\6.7.1\md-supplier)" [_thread_blocked, id=1676, stack(0x000000eb77e00000,0x000000eb77f00000)]
  0x00000267d0012000 JavaThread "Cache worker for cache directory md-rule (C:\Users\acer\.gradle\caches\6.7.1\md-rule)" [_thread_blocked, id=11236, stack(0x000000eb77f00000,0x000000eb78000000)]
  0x00000267d000e000 JavaThread "Cache worker for execution history cache (C:\Users\acer\.gradle\caches\6.7.1\executionHistory)" [_thread_blocked, id=14952, stack(0x000000eb78000000,0x000000eb78100000)]
  0x00000267d000e800 JavaThread "jar transforms" [_thread_blocked, id=15832, stack(0x000000eb78100000,0x000000eb78200000)]
  0x00000267d007c000 JavaThread "Cache worker for file content cache (C:\Users\acer\.gradle\caches\6.7.1\fileContent)" [_thread_blocked, id=16572, stack(0x000000eb78200000,0x000000eb78300000)]
  0x00000267d007b000 JavaThread "Cache worker for Build Output Cleanup Cache (D:\Du an truong\DuanPhonestore\.gradle\buildOutputCleanup)" [_thread_blocked, id=11120, stack(0x000000eb78300000,0x000000eb78400000)]
  0x00000267d0076000 JavaThread "Build operations" [_thread_blocked, id=9400, stack(0x000000eb78400000,0x000000eb78500000)]
  0x00000267d0079800 JavaThread "Build operations Thread 2" [_thread_blocked, id=15052, stack(0x000000eb78500000,0x000000eb78600000)]
  0x00000267d007d000 JavaThread "Build operations Thread 3" [_thread_blocked, id=13632, stack(0x000000eb78600000,0x000000eb78700000)]
  0x00000267d0078800 JavaThread "Build operations Thread 4" [_thread_blocked, id=3372, stack(0x000000eb78700000,0x000000eb78800000)]
  0x00000267d0077000 JavaThread "Build operations Thread 5" [_thread_blocked, id=9220, stack(0x000000eb78800000,0x000000eb78900000)]
  0x00000267d007d800 JavaThread "Build operations Thread 6" [_thread_blocked, id=14268, stack(0x000000eb78900000,0x000000eb78a00000)]
  0x00000267d007f000 JavaThread "Build operations Thread 7" [_thread_blocked, id=6512, stack(0x000000eb78a00000,0x000000eb78b00000)]
  0x00000267d007e800 JavaThread "Build operations Thread 8" [_thread_blocked, id=10620, stack(0x000000eb78b00000,0x000000eb78c00000)]
  0x00000267d0080000 JavaThread "jar transforms Thread 2" [_thread_blocked, id=6952, stack(0x000000eb78c00000,0x000000eb78d00000)]
  0x00000267d007a800 JavaThread "jar transforms Thread 3" [_thread_blocked, id=4260, stack(0x000000eb78d00000,0x000000eb78e00000)]
  0x00000267d0085000 JavaThread "jar transforms Thread 4" [_thread_blocked, id=7456, stack(0x000000eb78e00000,0x000000eb78f00000)]
  0x00000267d0084000 JavaThread "jar transforms Thread 5" [_thread_blocked, id=14052, stack(0x000000eb78f00000,0x000000eb79000000)]
  0x00000267d0081000 JavaThread "jar transforms Thread 6" [_thread_blocked, id=10952, stack(0x000000eb79000000,0x000000eb79100000)]
  0x00000267d0081800 JavaThread "jar transforms Thread 7" [_thread_blocked, id=10960, stack(0x000000eb79100000,0x000000eb79200000)]
  0x00000267d0082800 JavaThread "jar transforms Thread 8" [_thread_blocked, id=5264, stack(0x000000eb79200000,0x000000eb79300000)]
  0x00000267d0083800 JavaThread "jar transforms Thread 9" [_thread_blocked, id=6772, stack(0x000000eb79300000,0x000000eb79400000)]
  0x00000267d2ca0000 JavaThread "jar transforms Thread 10" [_thread_blocked, id=10780, stack(0x000000eb79400000,0x000000eb79500000)]
  0x00000267d2ca4800 JavaThread "jar transforms Thread 11" [_thread_blocked, id=13284, stack(0x000000eb79500000,0x000000eb79600000)]
  0x00000267d2ca1000 JavaThread "jar transforms Thread 12" [_thread_blocked, id=4732, stack(0x000000eb79600000,0x000000eb79700000)]
  0x00000267d2c9e800 JavaThread "jar transforms Thread 13" [_thread_blocked, id=5640, stack(0x000000eb79700000,0x000000eb79800000)]
  0x00000267d2ca2000 JavaThread "jar transforms Thread 14" [_thread_blocked, id=2708, stack(0x000000eb79800000,0x000000eb79900000)]
  0x00000267d2ca5000 JavaThread "jar transforms Thread 15" [_thread_blocked, id=5524, stack(0x000000eb79900000,0x000000eb79a00000)]
  0x00000267d2c9f800 JavaThread "jar transforms Thread 16" [_thread_blocked, id=3056, stack(0x000000eb79a00000,0x000000eb79b00000)]
  0x00000267d2ca2800 JavaThread "jar transforms Thread 17" [_thread_blocked, id=900, stack(0x000000eb79b00000,0x000000eb79c00000)]
  0x00000267d2ca3800 JavaThread "jar transforms Thread 18" [_thread_blocked, id=13048, stack(0x000000eb79c00000,0x000000eb79d00000)]
  0x00000267d372c000 JavaThread "jar transforms Thread 19" [_thread_blocked, id=2512, stack(0x000000eb79d00000,0x000000eb79e00000)]
  0x00000267d372d000 JavaThread "jar transforms Thread 20" [_thread_blocked, id=15080, stack(0x000000eb79e00000,0x000000eb79f00000)]
  0x00000267d3733800 JavaThread "jar transforms Thread 21" [_thread_blocked, id=12596, stack(0x000000eb79f00000,0x000000eb7a000000)]
  0x00000267d3733000 JavaThread "jar transforms Thread 22" [_thread_blocked, id=17380, stack(0x000000eb7a000000,0x000000eb7a100000)]
  0x00000267d3731000 JavaThread "jar transforms Thread 23" [_thread_blocked, id=3828, stack(0x000000eb7a100000,0x000000eb7a200000)]
  0x00000267d3732000 JavaThread "jar transforms Thread 24" [_thread_blocked, id=6392, stack(0x000000eb7a200000,0x000000eb7a300000)]
  0x00000267d372f800 JavaThread "jar transforms Thread 25" [_thread_blocked, id=5796, stack(0x000000eb7a300000,0x000000eb7a400000)]
  0x00000267d372e000 JavaThread "jar transforms Thread 26" [_thread_blocked, id=6040, stack(0x000000eb7a400000,0x000000eb7a500000)]
  0x00000267d372e800 JavaThread "jar transforms Thread 27" [_thread_blocked, id=12472, stack(0x000000eb7a500000,0x000000eb7a600000)]
  0x00000267d3736000 JavaThread "jar transforms Thread 28" [_thread_blocked, id=5296, stack(0x000000eb7a600000,0x000000eb7a700000)]
  0x00000267d3735000 JavaThread "jar transforms Thread 29" [_thread_blocked, id=15888, stack(0x000000eb7a700000,0x000000eb7a800000)]
  0x00000267d3734800 JavaThread "jar transforms Thread 30" [_thread_blocked, id=6376, stack(0x000000eb7a800000,0x000000eb7a900000)]
  0x00000267d3730800 JavaThread "jar transforms Thread 31" [_thread_blocked, id=14508, stack(0x000000eb7a900000,0x000000eb7aa00000)]
  0x00000267d3738800 JavaThread "jar transforms Thread 32" [_thread_blocked, id=6036, stack(0x000000eb7aa00000,0x000000eb7ab00000)]
  0x00000267d3737000 JavaThread "jar transforms Thread 33" [_thread_blocked, id=12924, stack(0x000000eb7ab00000,0x000000eb7ac00000)]
  0x00000267d373b000 JavaThread "jar transforms Thread 34" [_thread_blocked, id=16940, stack(0x000000eb7ac00000,0x000000eb7ad00000)]
  0x00000267d3737800 JavaThread "jar transforms Thread 35" [_thread_blocked, id=3028, stack(0x000000eb7ad00000,0x000000eb7ae00000)]
  0x00000267d3739800 JavaThread "jar transforms Thread 36" [_thread_blocked, id=220, stack(0x000000eb7ae00000,0x000000eb7af00000)]
  0x00000267d373a000 JavaThread "jar transforms Thread 37" [_thread_blocked, id=11840, stack(0x000000eb7af00000,0x000000eb7b000000)]
  0x00000267d2ec4800 JavaThread "jar transforms Thread 38" [_thread_blocked, id=3464, stack(0x000000eb7b000000,0x000000eb7b100000)]
  0x00000267d2ec4000 JavaThread "jar transforms Thread 39" [_thread_blocked, id=12072, stack(0x000000eb7b100000,0x000000eb7b200000)]
  0x00000267d2ec3000 JavaThread "jar transforms Thread 40" [_thread_blocked, id=5808, stack(0x000000eb7b200000,0x000000eb7b300000)]
  0x00000267d2ec0800 JavaThread "jar transforms Thread 41" [_thread_blocked, id=14432, stack(0x000000eb7b300000,0x000000eb7b400000)]
  0x00000267d2ec5800 JavaThread "jar transforms Thread 42" [_thread_blocked, id=16224, stack(0x000000eb7b400000,0x000000eb7b500000)]
  0x00000267d2ec1800 JavaThread "jar transforms Thread 43" [_thread_blocked, id=5572, stack(0x000000eb7b500000,0x000000eb7b600000)]
  0x00000267d2ebf800 JavaThread "jar transforms Thread 44" [_thread_blocked, id=7500, stack(0x000000eb7b600000,0x000000eb7b700000)]
  0x00000267d2ec6000 JavaThread "jar transforms Thread 45" [_thread_blocked, id=2976, stack(0x000000eb7b700000,0x000000eb7b800000)]
  0x00000267d2ec2000 JavaThread "jar transforms Thread 46" [_thread_blocked, id=9464, stack(0x000000eb7b800000,0x000000eb7b900000)]
  0x00000267d2eca800 JavaThread "jar transforms Thread 47" [_thread_blocked, id=8640, stack(0x000000eb7b900000,0x000000eb7ba00000)]
  0x00000267d2ec7000 JavaThread "jar transforms Thread 48" [_thread_blocked, id=7664, stack(0x000000eb7ba00000,0x000000eb7bb00000)]
  0x00000267d2ec8000 JavaThread "jar transforms Thread 49" [_thread_blocked, id=2516, stack(0x000000eb7bb00000,0x000000eb7bc00000)]
  0x00000267d2ece800 JavaThread "jar transforms Thread 50" [_thread_blocked, id=9104, stack(0x000000eb7bc00000,0x000000eb7bd00000)]
  0x00000267d2ec8800 JavaThread "jar transforms Thread 51" [_thread_blocked, id=9952, stack(0x000000eb7bd00000,0x000000eb7be00000)]
  0x00000267d2ecb000 JavaThread "jar transforms Thread 52" [_thread_blocked, id=1500, stack(0x000000eb7be00000,0x000000eb7bf00000)]
  0x00000267d2ecc000 JavaThread "jar transforms Thread 53" [_thread_blocked, id=13624, stack(0x000000eb7bf00000,0x000000eb7c000000)]
  0x00000267d2ec9800 JavaThread "jar transforms Thread 54" [_thread_blocked, id=9776, stack(0x000000eb7c000000,0x000000eb7c100000)]
  0x00000267d2ecd800 JavaThread "jar transforms Thread 55" [_thread_blocked, id=10684, stack(0x000000eb7c100000,0x000000eb7c200000)]
  0x00000267d2ecd000 JavaThread "jar transforms Thread 56" [_thread_blocked, id=6252, stack(0x000000eb7c200000,0x000000eb7c300000)]
  0x00000267d2e02800 JavaThread "jar transforms Thread 57" [_thread_blocked, id=8904, stack(0x000000eb7c300000,0x000000eb7c400000)]
  0x00000267d2e06000 JavaThread "jar transforms Thread 58" [_thread_blocked, id=6000, stack(0x000000eb7c400000,0x000000eb7c500000)]
  0x00000267d2e04000 JavaThread "jar transforms Thread 59" [_thread_blocked, id=7744, stack(0x000000eb7c500000,0x000000eb7c600000)]
  0x00000267d2e05000 JavaThread "jar transforms Thread 60" [_thread_blocked, id=15636, stack(0x000000eb7c600000,0x000000eb7c700000)]
  0x00000267d2e01000 JavaThread "jar transforms Thread 61" [_thread_blocked, id=16980, stack(0x000000eb7c700000,0x000000eb7c800000)]
  0x00000267d2e01800 JavaThread "jar transforms Thread 62" [_thread_blocked, id=9100, stack(0x000000eb7c800000,0x000000eb7c900000)]
  0x00000267d2e00000 JavaThread "jar transforms Thread 63" [_thread_blocked, id=3140, stack(0x000000eb7c900000,0x000000eb7ca00000)]
  0x00000267d2e06800 JavaThread "jar transforms Thread 64" [_thread_blocked, id=15540, stack(0x000000eb7ca00000,0x000000eb7cb00000)]
  0x00000267d2e09000 JavaThread "jar transforms Thread 65" [_thread_blocked, id=5016, stack(0x000000eb7cb00000,0x000000eb7cc00000)]
  0x00000267d2e07800 JavaThread "jar transforms Thread 66" [_thread_blocked, id=9792, stack(0x000000eb7cc00000,0x000000eb7cd00000)]
  0x00000267d2e03800 JavaThread "jar transforms Thread 67" [_thread_blocked, id=13104, stack(0x000000eb7cd00000,0x000000eb7ce00000)]
  0x00000267d2e0a800 JavaThread "jar transforms Thread 68" [_thread_blocked, id=17120, stack(0x000000eb7ce00000,0x000000eb7cf00000)]
  0x00000267d2e08000 JavaThread "jar transforms Thread 69" [_thread_blocked, id=10820, stack(0x000000eb7cf00000,0x000000eb7d000000)]
  0x00000267d2e0b800 JavaThread "jar transforms Thread 70" [_thread_blocked, id=2460, stack(0x000000eb7d000000,0x000000eb7d100000)]
  0x00000267d2e0a000 JavaThread "jar transforms Thread 71" [_thread_blocked, id=15916, stack(0x000000eb7d100000,0x000000eb7d200000)]
  0x00000267d2e0e000 JavaThread "jar transforms Thread 72" [_thread_blocked, id=3440, stack(0x000000eb7d200000,0x000000eb7d300000)]
  0x00000267d2e0e800 JavaThread "jar transforms Thread 73" [_thread_blocked, id=17164, stack(0x000000eb7d300000,0x000000eb7d400000)]
  0x00000267d2e0c800 JavaThread "jar transforms Thread 74" [_thread_blocked, id=16284, stack(0x000000eb7d400000,0x000000eb7d500000)]
  0x00000267d2e0d000 JavaThread "jar transforms Thread 75" [_thread_blocked, id=6264, stack(0x000000eb7d500000,0x000000eb7d600000)]
  0x00000267d1ba0000 JavaThread "jar transforms Thread 76" [_thread_blocked, id=12264, stack(0x000000eb7d600000,0x000000eb7d700000)]
  0x00000267d1ba5000 JavaThread "jar transforms Thread 77" [_thread_blocked, id=1876, stack(0x000000eb7d700000,0x000000eb7d800000)]
  0x00000267d1b9f800 JavaThread "jar transforms Thread 78" [_thread_blocked, id=15672, stack(0x000000eb7d800000,0x000000eb7d900000)]
  0x00000267d1ba6800 JavaThread "jar transforms Thread 79" [_thread_blocked, id=15668, stack(0x000000eb7d900000,0x000000eb7da00000)]
  0x00000267d1ba1800 JavaThread "jar transforms Thread 80" [_thread_blocked, id=11724, stack(0x000000eb7da00000,0x000000eb7db00000)]
  0x00000267d1ba4000 JavaThread "jar transforms Thread 81" [_thread_blocked, id=14456, stack(0x000000eb7db00000,0x000000eb7dc00000)]
  0x00000267d1ba6000 JavaThread "jar transforms Thread 82" [_thread_blocked, id=5304, stack(0x000000eb7dc00000,0x000000eb7dd00000)]
  0x00000267d1ba2800 JavaThread "jar transforms Thread 83" [_thread_blocked, id=9108, stack(0x000000eb7dd00000,0x000000eb7de00000)]
  0x00000267d1ba1000 JavaThread "jar transforms Thread 84" [_thread_blocked, id=13600, stack(0x000000eb7de00000,0x000000eb7df00000)]
  0x00000267d1ba7800 JavaThread "jar transforms Thread 85" [_thread_blocked, id=324, stack(0x000000eb7df00000,0x000000eb7e000000)]
  0x00000267d1ba8800 JavaThread "jar transforms Thread 86" [_thread_blocked, id=14020, stack(0x000000eb7e000000,0x000000eb7e100000)]
  0x00000267d1ba9000 JavaThread "jar transforms Thread 87" [_thread_blocked, id=1092, stack(0x000000eb7e100000,0x000000eb7e200000)]
  0x00000267d1ba3800 JavaThread "jar transforms Thread 88" [_thread_blocked, id=1740, stack(0x000000eb7e200000,0x000000eb7e300000)]
  0x00000267d1bad000 JavaThread "jar transforms Thread 89" [_thread_blocked, id=2212, stack(0x000000eb7e300000,0x000000eb7e400000)]
  0x00000267d1bac800 JavaThread "jar transforms Thread 90" [_thread_blocked, id=7396, stack(0x000000eb7e400000,0x000000eb7e500000)]
  0x00000267d1bae000 JavaThread "jar transforms Thread 91" [_thread_blocked, id=11816, stack(0x000000eb7e500000,0x000000eb7e600000)]
  0x00000267d1baa000 JavaThread "jar transforms Thread 92" [_thread_blocked, id=1100, stack(0x000000eb7e600000,0x000000eb7e700000)]
  0x00000267d1baa800 JavaThread "jar transforms Thread 93" [_thread_blocked, id=4744, stack(0x000000eb7e700000,0x000000eb7e800000)]
  0x00000267d1bab800 JavaThread "jar transforms Thread 94" [_thread_blocked, id=15476, stack(0x000000eb7e800000,0x000000eb7e900000)]
  0x00000267d2e11000 JavaThread "jar transforms Thread 95" [_thread_blocked, id=13508, stack(0x000000eb7e900000,0x000000eb7ea00000)]
  0x00000267d2e16000 JavaThread "jar transforms Thread 96" [_thread_blocked, id=9756, stack(0x000000eb7ea00000,0x000000eb7eb00000)]
  0x00000267d2e13800 JavaThread "jar transforms Thread 97" [_thread_blocked, id=8604, stack(0x000000eb7eb00000,0x000000eb7ec00000)]
  0x00000267d2e11800 JavaThread "jar transforms Thread 98" [_thread_blocked, id=9892, stack(0x000000eb7ec00000,0x000000eb7ed00000)]
  0x00000267d2e10000 JavaThread "jar transforms Thread 99" [_thread_blocked, id=17320, stack(0x000000eb7ed00000,0x000000eb7ee00000)]
  0x00000267d2e14000 JavaThread "Memory manager" [_thread_blocked, id=12300, stack(0x000000eb7ee00000,0x000000eb7ef00000)]
  0x00000267d2e15000 JavaThread "build event listener" [_thread_blocked, id=14424, stack(0x000000eb7ef00000,0x000000eb7f000000)]
  0x00000267d2e12800 JavaThread "build event listener" [_thread_blocked, id=4228, stack(0x000000eb7f000000,0x000000eb7f100000)]
  0x00000267d2e1c800 JavaThread "Execution worker for ':'" [_thread_blocked, id=5116, stack(0x000000eb7f100000,0x000000eb7f200000)]
  0x00000267d2e1a000 JavaThread "Execution worker for ':' Thread 2" [_thread_blocked, id=268, stack(0x000000eb7f200000,0x000000eb7f300000)]
  0x00000267d2e16800 JavaThread "Execution worker for ':' Thread 3" [_thread_blocked, id=10088, stack(0x000000eb7f300000,0x000000eb7f400000)]
  0x00000267d2e1d000 JavaThread "Execution worker for ':' Thread 4" [_thread_blocked, id=16336, stack(0x000000eb7f400000,0x000000eb7f500000)]
  0x00000267d2e17800 JavaThread "Execution worker for ':' Thread 5" [_thread_blocked, id=920, stack(0x000000eb7f500000,0x000000eb7f600000)]
  0x00000267d2e19000 JavaThread "Execution worker for ':' Thread 6" [_thread_blocked, id=4808, stack(0x000000eb7f600000,0x000000eb7f700000)]
  0x00000267d2e1e000 JavaThread "Execution worker for ':' Thread 7" [_thread_blocked, id=428, stack(0x000000eb7f700000,0x000000eb7f800000)]
  0x00000267d2e1b800 JavaThread "Cache worker for execution history cache (D:\Du an truong\DuanPhonestore\.gradle\6.7.1\executionHistory)" [_thread_blocked, id=8952, stack(0x000000eb7f800000,0x000000eb7f900000)]
  0x00000267d2e1a800 JavaThread "WorkerExecutor Queue" [_thread_blocked, id=16112, stack(0x000000eb7f900000,0x000000eb7fa00000)]

Other Threads:
=>0x00000267cd00f800 VMThread "VM Thread" [stack: 0x000000eb75700000,0x000000eb75800000] [id=1384]
  0x00000267cdb3e800 WatcherThread [stack: 0x000000eb76100000,0x000000eb76200000] [id=16148]
  0x00000267b2612800 GCTaskThread "GC Thread#0" [stack: 0x000000eb75200000,0x000000eb75300000] [id=9328]
  0x00000267ce6f2800 GCTaskThread "GC Thread#1" [stack: 0x000000eb76300000,0x000000eb76400000] [id=15364]
  0x00000267ceca9800 GCTaskThread "GC Thread#2" [stack: 0x000000eb76a00000,0x000000eb76b00000] [id=12048]
  0x00000267cec7f000 GCTaskThread "GC Thread#3" [stack: 0x000000eb76b00000,0x000000eb76c00000] [id=8408]
  0x00000267cf28e000 GCTaskThread "GC Thread#4" [stack: 0x000000eb76c00000,0x000000eb76d00000] [id=14800]
  0x00000267cf26a800 GCTaskThread "GC Thread#5" [stack: 0x000000eb76d00000,0x000000eb76e00000] [id=7320]
  0x00000267cfff1000 GCTaskThread "GC Thread#6" [stack: 0x000000eb76e00000,0x000000eb76f00000] [id=7012]
  0x00000267cf556800 GCTaskThread "GC Thread#7" [stack: 0x000000eb76f00000,0x000000eb77000000] [id=11008]
  0x00000267b2642800 ConcurrentGCThread "G1 Main Marker" [stack: 0x000000eb75300000,0x000000eb75400000] [id=13748]
  0x00000267b2644000 ConcurrentGCThread "G1 Conc#0" [stack: 0x000000eb75400000,0x000000eb75500000] [id=10236]
  0x00000267cf13d800 ConcurrentGCThread "G1 Conc#1" [stack: 0x000000eb77a00000,0x000000eb77b00000] [id=15120]
  0x00000267b26cc800 ConcurrentGCThread "G1 Refine#0" [stack: 0x000000eb75500000,0x000000eb75600000] [id=4124]
  0x00000267cfcbd000 ConcurrentGCThread "G1 Refine#1" [stack: 0x000000eb77000000,0x000000eb77100000] [id=7484]
  0x00000267cfcbd800 ConcurrentGCThread "G1 Refine#2" [stack: 0x000000eb77100000,0x000000eb77200000] [id=6336]
  0x00000267b26cd800 ConcurrentGCThread "G1 Young RemSet Sampling" [stack: 0x000000eb75600000,0x000000eb75700000] [id=13580]

Threads with active compile tasks:
C2 CompilerThread0  12487 10736       4       com.android.tools.r8.graph.g1::a (138 bytes)
C1 CompilerThread0  12487 10752       2       com.android.tools.r8.v.a.j.e::a (45 bytes)
C2 CompilerThread1  12487 9483 %     4       com.android.tools.r8.C.a.a.f::a @ 66 (6058 bytes)

VM state:at safepoint (normal execution)

VM Mutex/Monitor currently owned by a thread:  ([mutex/lock_event])
[0x00000267b25f6bf0] Threads_lock - owner thread: 0x00000267cd00f800
[0x00000267b25f6260] Heap_lock - owner thread: 0x00000267d0079800

Heap address: 0x0000000080000000, size: 2048 MB, Compressed Oops mode: 32-bit
Narrow klass base: 0x0000000000000000, Narrow klass shift: 3
Compressed class space size: 1073741824 Address: 0x0000000100000000

Heap:
 garbage-first heap   total 485376K, used 134340K [0x0000000080000000, 0x0000000100000000)
  region size 1024K, 3 young (3072K), 3 survivors (3072K)
 Metaspace       used 89733K, capacity 92133K, committed 92288K, reserved 1128448K
  class space    used 11875K, capacity 12828K, committed 12928K, reserved 1048576K
Heap Regions: E=young(eden), S=young(survivor), O=old, HS=humongous(starts), HC=humongous(continues), CS=collection set, F=free, A=archive, TAMS=top-at-mark-start (previous, next)
|   0|0x0000000080000000, 0x0000000080100000, 0x0000000080100000|100%| O|  |TAMS 0x0000000080100000, 0x0000000080100000| Untracked 
|   1|0x0000000080100000, 0x0000000080200000, 0x0000000080200000|100%| O|  |TAMS 0x0000000080200000, 0x0000000080200000| Untracked 
|   2|0x0000000080200000, 0x0000000080300000, 0x0000000080300000|100%| O|  |TAMS 0x0000000080300000, 0x0000000080300000| Untracked 
|   3|0x0000000080300000, 0x0000000080400000, 0x0000000080400000|100%|HS|  |TAMS 0x0000000080400000, 0x0000000080400000| Complete 
|   4|0x0000000080400000, 0x0000000080500000, 0x0000000080500000|100%|HC|  |TAMS 0x0000000080500000, 0x0000000080500000| Complete 
|   5|0x0000000080500000, 0x0000000080600000, 0x0000000080600000|100%|HC|  |TAMS 0x0000000080600000, 0x0000000080600000| Complete 
|   6|0x0000000080600000, 0x0000000080700000, 0x0000000080700000|100%| O|  |TAMS 0x0000000080700000, 0x0000000080700000| Untracked 
|   7|0x0000000080700000, 0x0000000080800000, 0x0000000080800000|100%| O|  |TAMS 0x0000000080800000, 0x0000000080800000| Untracked 
|   8|0x0000000080800000, 0x0000000080900000, 0x0000000080900000|100%| O|  |TAMS 0x0000000080900000, 0x0000000080900000| Untracked 
|   9|0x0000000080900000, 0x0000000080a00000, 0x0000000080a00000|100%| O|  |TAMS 0x0000000080a00000, 0x0000000080a00000| Untracked 
|  10|0x0000000080a00000, 0x0000000080b00000, 0x0000000080b00000|100%| O|  |TAMS 0x0000000080b00000, 0x0000000080b00000| Untracked 
|  11|0x0000000080b00000, 0x0000000080c00000, 0x0000000080c00000|100%| O|  |TAMS 0x0000000080c00000, 0x0000000080c00000| Untracked 
|  12|0x0000000080c00000, 0x0000000080d00000, 0x0000000080d00000|100%| O|  |TAMS 0x0000000080d00000, 0x0000000080d00000| Untracked 
|  13|0x0000000080d00000, 0x0000000080e00000, 0x0000000080e00000|100%| O|  |TAMS 0x0000000080e00000, 0x0000000080e00000| Untracked 
|  14|0x0000000080e00000, 0x0000000080f00000, 0x0000000080f00000|100%| O|  |TAMS 0x0000000080f00000, 0x0000000080f00000| Untracked 
|  15|0x0000000080f00000, 0x0000000081000000, 0x0000000081000000|100%| O|  |TAMS 0x0000000081000000, 0x0000000081000000| Untracked 
|  16|0x0000000081000000, 0x0000000081100000, 0x0000000081100000|100%| O|  |TAMS 0x0000000081100000, 0x0000000081100000| Untracked 
|  17|0x0000000081100000, 0x0000000081200000, 0x0000000081200000|100%| O|  |TAMS 0x0000000081200000, 0x0000000081200000| Untracked 
|  18|0x0000000081200000, 0x0000000081300000, 0x0000000081300000|100%| O|  |TAMS 0x0000000081300000, 0x0000000081300000| Untracked 
|  19|0x0000000081300000, 0x0000000081400000, 0x0000000081400000|100%| O|  |TAMS 0x0000000081400000, 0x0000000081400000| Untracked 
|  20|0x0000000081400000, 0x0000000081500000, 0x0000000081500000|100%| O|  |TAMS 0x0000000081500000, 0x0000000081500000| Untracked 
|  21|0x0000000081500000, 0x0000000081600000, 0x0000000081600000|100%|HS|  |TAMS 0x0000000081600000, 0x0000000081600000| Complete 
|  22|0x0000000081600000, 0x0000000081700000, 0x0000000081700000|100%| O|  |TAMS 0x0000000081700000, 0x0000000081700000| Untracked 
|  23|0x0000000081700000, 0x0000000081800000, 0x0000000081800000|100%| O|  |TAMS 0x0000000081800000, 0x0000000081800000| Untracked 
|  24|0x0000000081800000, 0x0000000081900000, 0x0000000081900000|100%|HS|  |TAMS 0x0000000081900000, 0x0000000081900000| Complete 
|  25|0x0000000081900000, 0x0000000081a00000, 0x0000000081a00000|100%|HC|  |TAMS 0x0000000081a00000, 0x0000000081a00000| Complete 
|  26|0x0000000081a00000, 0x0000000081b00000, 0x0000000081b00000|100%| O|  |TAMS 0x0000000081b00000, 0x0000000081b00000| Untracked 
|  27|0x0000000081b00000, 0x0000000081c00000, 0x0000000081c00000|100%| O|  |TAMS 0x0000000081c00000, 0x0000000081c00000| Untracked 
|  28|0x0000000081c00000, 0x0000000081d00000, 0x0000000081d00000|100%| O|  |TAMS 0x0000000081d00000, 0x0000000081d00000| Untracked 
|  29|0x0000000081d00000, 0x0000000081e00000, 0x0000000081e00000|100%| O|  |TAMS 0x0000000081e00000, 0x0000000081e00000| Untracked 
|  30|0x0000000081e00000, 0x0000000081f00000, 0x0000000081f00000|100%| O|  |TAMS 0x0000000081f00000, 0x0000000081f00000| Untracked 
|  31|0x0000000081f00000, 0x0000000082000000, 0x0000000082000000|100%| O|  |TAMS 0x0000000082000000, 0x0000000082000000| Untracked 
|  32|0x0000000082000000, 0x0000000082100000, 0x0000000082100000|100%| O|  |TAMS 0x0000000082100000, 0x0000000082100000| Untracked 
|  33|0x0000000082100000, 0x0000000082200000, 0x0000000082200000|100%| O|  |TAMS 0x0000000082200000, 0x0000000082200000| Untracked 
|  34|0x0000000082200000, 0x0000000082300000, 0x0000000082300000|100%| O|  |TAMS 0x0000000082300000, 0x0000000082300000| Untracked 
|  35|0x0000000082300000, 0x0000000082400000, 0x0000000082400000|100%| O|  |TAMS 0x0000000082400000, 0x0000000082400000| Untracked 
|  36|0x0000000082400000, 0x0000000082500000, 0x0000000082500000|100%| O|  |TAMS 0x0000000082500000, 0x0000000082500000| Untracked 
|  37|0x0000000082500000, 0x0000000082600000, 0x0000000082600000|100%| O|  |TAMS 0x0000000082600000, 0x0000000082600000| Untracked 
|  38|0x0000000082600000, 0x0000000082700000, 0x0000000082700000|100%| O|  |TAMS 0x0000000082700000, 0x0000000082700000| Untracked 
|  39|0x0000000082700000, 0x0000000082800000, 0x0000000082800000|100%| O|  |TAMS 0x0000000082800000, 0x0000000082800000| Untracked 
|  40|0x0000000082800000, 0x0000000082900000, 0x0000000082900000|100%| O|  |TAMS 0x0000000082900000, 0x0000000082900000| Untracked 
|  41|0x0000000082900000, 0x0000000082a00000, 0x0000000082a00000|100%| O|  |TAMS 0x0000000082a00000, 0x0000000082a00000| Untracked 
|  42|0x0000000082a00000, 0x0000000082b00000, 0x0000000082b00000|100%| O|  |TAMS 0x0000000082b00000, 0x0000000082b00000| Untracked 
|  43|0x0000000082b00000, 0x0000000082c00000, 0x0000000082c00000|100%| O|  |TAMS 0x0000000082c00000, 0x0000000082c00000| Untracked 
|  44|0x0000000082c00000, 0x0000000082d00000, 0x0000000082d00000|100%| O|  |TAMS 0x0000000082d00000, 0x0000000082d00000| Untracked 
|  45|0x0000000082d00000, 0x0000000082e00000, 0x0000000082e00000|100%| O|  |TAMS 0x0000000082e00000, 0x0000000082e00000| Untracked 
|  46|0x0000000082e00000, 0x0000000082f00000, 0x0000000082f00000|100%| O|  |TAMS 0x0000000082f00000, 0x0000000082f00000| Untracked 
|  47|0x0000000082f00000, 0x0000000083000000, 0x0000000083000000|100%| O|  |TAMS 0x0000000083000000, 0x0000000083000000| Untracked 
|  48|0x0000000083000000, 0x0000000083100000, 0x0000000083100000|100%| O|  |TAMS 0x0000000083100000, 0x0000000083100000| Untracked 
|  49|0x0000000083100000, 0x0000000083200000, 0x0000000083200000|100%| O|  |TAMS 0x0000000083200000, 0x0000000083200000| Untracked 
|  50|0x0000000083200000, 0x0000000083300000, 0x0000000083300000|100%| O|  |TAMS 0x0000000083300000, 0x0000000083300000| Untracked 
|  51|0x0000000083300000, 0x0000000083400000, 0x0000000083400000|100%| O|  |TAMS 0x0000000083400000, 0x0000000083400000| Untracked 
|  52|0x0000000083400000, 0x0000000083500000, 0x0000000083500000|100%| O|  |TAMS 0x0000000083500000, 0x0000000083500000| Untracked 
|  53|0x0000000083500000, 0x0000000083600000, 0x0000000083600000|100%| O|  |TAMS 0x0000000083600000, 0x0000000083600000| Untracked 
|  54|0x0000000083600000, 0x0000000083700000, 0x0000000083700000|100%| O|  |TAMS 0x0000000083700000, 0x0000000083700000| Untracked 
|  55|0x0000000083700000, 0x0000000083800000, 0x0000000083800000|100%| O|  |TAMS 0x0000000083800000, 0x0000000083800000| Untracked 
|  56|0x0000000083800000, 0x0000000083900000, 0x0000000083900000|100%| O|  |TAMS 0x0000000083900000, 0x0000000083900000| Untracked 
|  57|0x0000000083900000, 0x0000000083a00000, 0x0000000083a00000|100%| O|  |TAMS 0x0000000083a00000, 0x0000000083a00000| Untracked 
|  58|0x0000000083a00000, 0x0000000083b00000, 0x0000000083b00000|100%| O|  |TAMS 0x0000000083b00000, 0x0000000083b00000| Untracked 
|  59|0x0000000083b00000, 0x0000000083c00000, 0x0000000083c00000|100%| O|  |TAMS 0x0000000083c00000, 0x0000000083c00000| Untracked 
|  60|0x0000000083c00000, 0x0000000083d00000, 0x0000000083d00000|100%| O|  |TAMS 0x0000000083d00000, 0x0000000083d00000| Untracked 
|  61|0x0000000083d00000, 0x0000000083e00000, 0x0000000083e00000|100%| O|  |TAMS 0x0000000083e00000, 0x0000000083e00000| Untracked 
|  62|0x0000000083e00000, 0x0000000083f00000, 0x0000000083f00000|100%| O|  |TAMS 0x0000000083f00000, 0x0000000083f00000| Untracked 
|  63|0x0000000083f00000, 0x0000000084000000, 0x0000000084000000|100%| O|  |TAMS 0x0000000084000000, 0x0000000084000000| Untracked 
|  64|0x0000000084000000, 0x0000000084100000, 0x0000000084100000|100%| O|  |TAMS 0x0000000084100000, 0x0000000084100000| Untracked 
|  65|0x0000000084100000, 0x0000000084200000, 0x0000000084200000|100%| O|  |TAMS 0x0000000084200000, 0x0000000084200000| Untracked 
|  66|0x0000000084200000, 0x0000000084300000, 0x0000000084300000|100%| O|  |TAMS 0x0000000084300000, 0x0000000084300000| Untracked 
|  67|0x0000000084300000, 0x0000000084400000, 0x0000000084400000|100%| O|  |TAMS 0x0000000084400000, 0x0000000084400000| Untracked 
|  68|0x0000000084400000, 0x0000000084500000, 0x0000000084500000|100%| O|  |TAMS 0x0000000084500000, 0x0000000084500000| Untracked 
|  69|0x0000000084500000, 0x0000000084600000, 0x0000000084600000|100%| O|  |TAMS 0x0000000084600000, 0x0000000084600000| Untracked 
|  70|0x0000000084600000, 0x0000000084700000, 0x0000000084700000|100%| O|  |TAMS 0x0000000084700000, 0x0000000084700000| Untracked 
|  71|0x0000000084700000, 0x0000000084800000, 0x0000000084800000|100%| O|  |TAMS 0x0000000084800000, 0x0000000084800000| Untracked 
|  72|0x0000000084800000, 0x0000000084900000, 0x0000000084900000|100%|HS|  |TAMS 0x0000000084900000, 0x0000000084900000| Complete 
|  73|0x0000000084900000, 0x0000000084a00000, 0x0000000084a00000|100%| O|  |TAMS 0x0000000084a00000, 0x0000000084a00000| Untracked 
|  74|0x0000000084a00000, 0x0000000084b00000, 0x0000000084b00000|100%| O|  |TAMS 0x0000000084b00000, 0x0000000084b00000| Untracked 
|  75|0x0000000084b00000, 0x0000000084c00000, 0x0000000084c00000|100%| O|  |TAMS 0x0000000084c00000, 0x0000000084c00000| Untracked 
|  76|0x0000000084c00000, 0x0000000084d00000, 0x0000000084d00000|100%| O|  |TAMS 0x0000000084d00000, 0x0000000084d00000| Untracked 
|  77|0x0000000084d00000, 0x0000000084e00000, 0x0000000084e00000|100%| O|  |TAMS 0x0000000084e00000, 0x0000000084e00000| Untracked 
|  78|0x0000000084e00000, 0x0000000084f00000, 0x0000000084f00000|100%| O|  |TAMS 0x0000000084f00000, 0x0000000084f00000| Untracked 
|  79|0x0000000084f00000, 0x0000000085000000, 0x0000000085000000|100%| O|  |TAMS 0x0000000085000000, 0x0000000085000000| Untracked 
|  80|0x0000000085000000, 0x0000000085100000, 0x0000000085100000|100%| O|  |TAMS 0x0000000085100000, 0x0000000085100000| Untracked 
|  81|0x0000000085100000, 0x0000000085200000, 0x0000000085200000|100%| O|  |TAMS 0x0000000085200000, 0x0000000085200000| Untracked 
|  82|0x0000000085200000, 0x0000000085300000, 0x0000000085300000|100%| O|  |TAMS 0x0000000085300000, 0x0000000085300000| Untracked 
|  83|0x0000000085300000, 0x0000000085400000, 0x0000000085400000|100%| O|  |TAMS 0x0000000085400000, 0x0000000085400000| Untracked 
|  84|0x0000000085400000, 0x0000000085500000, 0x0000000085500000|100%| O|  |TAMS 0x0000000085500000, 0x0000000085500000| Untracked 
|  85|0x0000000085500000, 0x0000000085600000, 0x0000000085600000|100%| O|  |TAMS 0x0000000085600000, 0x0000000085600000| Untracked 
|  86|0x0000000085600000, 0x0000000085700000, 0x0000000085700000|100%| O|  |TAMS 0x0000000085700000, 0x0000000085700000| Untracked 
|  87|0x0000000085700000, 0x0000000085800000, 0x0000000085800000|100%| O|  |TAMS 0x0000000085800000, 0x0000000085800000| Untracked 
|  88|0x0000000085800000, 0x0000000085900000, 0x0000000085900000|100%| O|  |TAMS 0x0000000085900000, 0x0000000085900000| Untracked 
|  89|0x0000000085900000, 0x0000000085a00000, 0x0000000085a00000|100%| O|  |TAMS 0x0000000085a00000, 0x0000000085a00000| Untracked 
|  90|0x0000000085a00000, 0x0000000085b00000, 0x0000000085b00000|100%| O|  |TAMS 0x0000000085b00000, 0x0000000085b00000| Untracked 
|  91|0x0000000085b00000, 0x0000000085c00000, 0x0000000085c00000|100%| O|  |TAMS 0x0000000085c00000, 0x0000000085c00000| Untracked 
|  92|0x0000000085c00000, 0x0000000085d00000, 0x0000000085d00000|100%| O|  |TAMS 0x0000000085d00000, 0x0000000085d00000| Untracked 
|  93|0x0000000085d00000, 0x0000000085e00000, 0x0000000085e00000|100%| O|  |TAMS 0x0000000085e00000, 0x0000000085e00000| Untracked 
|  94|0x0000000085e00000, 0x0000000085f00000, 0x0000000085f00000|100%| O|  |TAMS 0x0000000085f00000, 0x0000000085f00000| Untracked 
|  95|0x0000000085f00000, 0x0000000086000000, 0x0000000086000000|100%| O|  |TAMS 0x0000000086000000, 0x0000000086000000| Untracked 
|  96|0x0000000086000000, 0x0000000086100000, 0x0000000086100000|100%| O|  |TAMS 0x0000000086100000, 0x0000000086100000| Untracked 
|  97|0x0000000086100000, 0x0000000086200000, 0x0000000086200000|100%| O|  |TAMS 0x0000000086200000, 0x0000000086200000| Untracked 
|  98|0x0000000086200000, 0x0000000086300000, 0x0000000086300000|100%| O|  |TAMS 0x0000000086300000, 0x0000000086300000| Untracked 
|  99|0x0000000086300000, 0x0000000086400000, 0x0000000086400000|100%| O|  |TAMS 0x0000000086400000, 0x0000000086400000| Untracked 
| 100|0x0000000086400000, 0x0000000086500000, 0x0000000086500000|100%| O|  |TAMS 0x0000000086500000, 0x0000000086500000| Untracked 
| 101|0x0000000086500000, 0x0000000086600000, 0x0000000086600000|100%| O|  |TAMS 0x0000000086600000, 0x0000000086600000| Untracked 
| 102|0x0000000086600000, 0x0000000086700000, 0x0000000086700000|100%| O|  |TAMS 0x0000000086700000, 0x0000000086700000| Untracked 
| 103|0x0000000086700000, 0x0000000086800000, 0x0000000086800000|100%| O|  |TAMS 0x0000000086800000, 0x0000000086800000| Untracked 
| 104|0x0000000086800000, 0x0000000086900000, 0x0000000086900000|100%| O|  |TAMS 0x0000000086900000, 0x0000000086900000| Untracked 
| 105|0x0000000086900000, 0x0000000086a00000, 0x0000000086a00000|100%| O|  |TAMS 0x0000000086a00000, 0x0000000086a00000| Untracked 
| 106|0x0000000086a00000, 0x0000000086b00000, 0x0000000086b00000|100%| O|  |TAMS 0x0000000086b00000, 0x0000000086b00000| Untracked 
| 107|0x0000000086b00000, 0x0000000086c00000, 0x0000000086c00000|100%| O|  |TAMS 0x0000000086c00000, 0x0000000086c00000| Untracked 
| 108|0x0000000086c00000, 0x0000000086d00000, 0x0000000086d00000|100%| O|  |TAMS 0x0000000086d00000, 0x0000000086d00000| Untracked 
| 109|0x0000000086d00000, 0x0000000086e00000, 0x0000000086e00000|100%| O|  |TAMS 0x0000000086e00000, 0x0000000086e00000| Untracked 
| 110|0x0000000086e00000, 0x0000000086f00000, 0x0000000086f00000|100%| O|  |TAMS 0x0000000086f00000, 0x0000000086f00000| Untracked 
| 111|0x0000000086f00000, 0x0000000087000000, 0x0000000087000000|100%| O|  |TAMS 0x0000000087000000, 0x0000000087000000| Untracked 
| 112|0x0000000087000000, 0x0000000087100000, 0x0000000087100000|100%| O|  |TAMS 0x0000000087100000, 0x0000000087100000| Untracked 
| 113|0x0000000087100000, 0x0000000087200000, 0x0000000087200000|100%| O|  |TAMS 0x0000000087200000, 0x0000000087200000| Untracked 
| 114|0x0000000087200000, 0x0000000087300000, 0x0000000087300000|100%| O|  |TAMS 0x0000000087300000, 0x0000000087300000| Untracked 
| 115|0x0000000087300000, 0x0000000087400000, 0x0000000087400000|100%| O|  |TAMS 0x0000000087400000, 0x0000000087400000| Untracked 
| 116|0x0000000087400000, 0x0000000087500000, 0x0000000087500000|100%| O|  |TAMS 0x0000000087500000, 0x0000000087500000| Untracked 
| 117|0x0000000087500000, 0x0000000087600000, 0x0000000087600000|100%| O|  |TAMS 0x0000000087600000, 0x0000000087600000| Untracked 
| 118|0x0000000087600000, 0x0000000087700000, 0x0000000087700000|100%| O|  |TAMS 0x0000000087700000, 0x0000000087700000| Untracked 
| 119|0x0000000087700000, 0x0000000087800000, 0x0000000087800000|100%| O|  |TAMS 0x00000000877fe800, 0x0000000087800000| Untracked 
| 120|0x0000000087800000, 0x0000000087900000, 0x0000000087900000|100%| O|  |TAMS 0x0000000087800000, 0x0000000087900000| Untracked 
| 121|0x0000000087900000, 0x0000000087a00000, 0x0000000087a00000|100%| O|  |TAMS 0x0000000087900000, 0x0000000087a00000| Untracked 
| 122|0x0000000087a00000, 0x0000000087b00000, 0x0000000087b00000|100%| O|  |TAMS 0x0000000087a00000, 0x0000000087b00000| Untracked 
| 123|0x0000000087b00000, 0x0000000087c00000, 0x0000000087c00000|100%| O|  |TAMS 0x0000000087b00000, 0x0000000087c00000| Untracked 
| 124|0x0000000087c00000, 0x0000000087d00000, 0x0000000087d00000|100%| O|  |TAMS 0x0000000087c00000, 0x0000000087d00000| Untracked 
| 125|0x0000000087d00000, 0x0000000087e00000, 0x0000000087e00000|100%| O|  |TAMS 0x0000000087d00000, 0x0000000087e00000| Untracked 
| 126|0x0000000087e00000, 0x0000000087f00000, 0x0000000087f00000|100%| O|  |TAMS 0x0000000087e00000, 0x0000000087f00000| Untracked 
| 127|0x0000000087f00000, 0x0000000088000000, 0x0000000088000000|100%| O|  |TAMS 0x0000000087f00000, 0x0000000088000000| Untracked 
| 128|0x0000000088000000, 0x0000000088032e00, 0x0000000088100000| 19%| O|  |TAMS 0x0000000088000000, 0x0000000088032e00| Untracked 
| 129|0x0000000088100000, 0x0000000088100000, 0x0000000088200000|  0%| F|  |TAMS 0x0000000088100000, 0x0000000088100000| Untracked 
| 130|0x0000000088200000, 0x0000000088200000, 0x0000000088300000|  0%| F|  |TAMS 0x0000000088200000, 0x0000000088200000| Untracked 
| 131|0x0000000088300000, 0x0000000088300000, 0x0000000088400000|  0%| F|  |TAMS 0x0000000088300000, 0x0000000088300000| Untracked 
| 132|0x0000000088400000, 0x0000000088400000, 0x0000000088500000|  0%| F|  |TAMS 0x0000000088400000, 0x0000000088400000| Untracked 
| 133|0x0000000088500000, 0x0000000088500000, 0x0000000088600000|  0%| F|  |TAMS 0x0000000088500000, 0x0000000088500000| Untracked 
| 134|0x0000000088600000, 0x0000000088600000, 0x0000000088700000|  0%| F|  |TAMS 0x0000000088600000, 0x0000000088600000| Untracked 
| 135|0x0000000088700000, 0x0000000088700000, 0x0000000088800000|  0%| F|  |TAMS 0x0000000088700000, 0x0000000088700000| Untracked 
| 136|0x0000000088800000, 0x0000000088800000, 0x0000000088900000|  0%| F|  |TAMS 0x0000000088800000, 0x0000000088800000| Untracked 
| 137|0x0000000088900000, 0x0000000088900000, 0x0000000088a00000|  0%| F|  |TAMS 0x0000000088900000, 0x0000000088900000| Untracked 
| 138|0x0000000088a00000, 0x0000000088a00000, 0x0000000088b00000|  0%| F|  |TAMS 0x0000000088a00000, 0x0000000088a00000| Untracked 
| 139|0x0000000088b00000, 0x0000000088b00000, 0x0000000088c00000|  0%| F|  |TAMS 0x0000000088b00000, 0x0000000088b00000| Untracked 
| 140|0x0000000088c00000, 0x0000000088c00000, 0x0000000088d00000|  0%| F|  |TAMS 0x0000000088c00000, 0x0000000088c00000| Untracked 
| 141|0x0000000088d00000, 0x0000000088d00000, 0x0000000088e00000|  0%| F|  |TAMS 0x0000000088d00000, 0x0000000088d00000| Untracked 
| 142|0x0000000088e00000, 0x0000000088e00000, 0x0000000088f00000|  0%| F|  |TAMS 0x0000000088e00000, 0x0000000088e00000| Untracked 
| 143|0x0000000088f00000, 0x0000000088f00000, 0x0000000089000000|  0%| F|  |TAMS 0x0000000088f00000, 0x0000000088f00000| Untracked 
| 144|0x0000000089000000, 0x0000000089000000, 0x0000000089100000|  0%| F|  |TAMS 0x0000000089000000, 0x0000000089000000| Untracked 
| 145|0x0000000089100000, 0x0000000089100000, 0x0000000089200000|  0%| F|  |TAMS 0x0000000089100000, 0x0000000089100000| Untracked 
| 146|0x0000000089200000, 0x0000000089200000, 0x0000000089300000|  0%| F|  |TAMS 0x0000000089200000, 0x0000000089200000| Untracked 
| 147|0x0000000089300000, 0x0000000089300000, 0x0000000089400000|  0%| F|  |TAMS 0x0000000089300000, 0x0000000089300000| Untracked 
| 148|0x0000000089400000, 0x0000000089400000, 0x0000000089500000|  0%| F|  |TAMS 0x0000000089400000, 0x0000000089400000| Untracked 
| 149|0x0000000089500000, 0x0000000089500000, 0x0000000089600000|  0%| F|  |TAMS 0x0000000089500000, 0x0000000089500000| Untracked 
| 150|0x0000000089600000, 0x0000000089600000, 0x0000000089700000|  0%| F|  |TAMS 0x0000000089600000, 0x0000000089600000| Untracked 
| 151|0x0000000089700000, 0x0000000089700000, 0x0000000089800000|  0%| F|  |TAMS 0x0000000089700000, 0x0000000089700000| Untracked 
| 152|0x0000000089800000, 0x0000000089800000, 0x0000000089900000|  0%| F|  |TAMS 0x0000000089800000, 0x0000000089800000| Untracked 
| 153|0x0000000089900000, 0x0000000089900000, 0x0000000089a00000|  0%| F|  |TAMS 0x0000000089900000, 0x0000000089900000| Untracked 
| 154|0x0000000089a00000, 0x0000000089a00000, 0x0000000089b00000|  0%| F|  |TAMS 0x0000000089a00000, 0x0000000089a00000| Untracked 
| 155|0x0000000089b00000, 0x0000000089b00000, 0x0000000089c00000|  0%| F|  |TAMS 0x0000000089b00000, 0x0000000089b00000| Untracked 
| 156|0x0000000089c00000, 0x0000000089c00000, 0x0000000089d00000|  0%| F|  |TAMS 0x0000000089c00000, 0x0000000089c00000| Untracked 
| 157|0x0000000089d00000, 0x0000000089d00000, 0x0000000089e00000|  0%| F|  |TAMS 0x0000000089d00000, 0x0000000089d00000| Untracked 
| 158|0x0000000089e00000, 0x0000000089e00000, 0x0000000089f00000|  0%| F|  |TAMS 0x0000000089e00000, 0x0000000089e00000| Untracked 
| 159|0x0000000089f00000, 0x0000000089f00000, 0x000000008a000000|  0%| F|  |TAMS 0x0000000089f00000, 0x0000000089f00000| Untracked 
| 160|0x000000008a000000, 0x000000008a000000, 0x000000008a100000|  0%| F|  |TAMS 0x000000008a000000, 0x000000008a000000| Untracked 
| 161|0x000000008a100000, 0x000000008a100000, 0x000000008a200000|  0%| F|  |TAMS 0x000000008a100000, 0x000000008a100000| Untracked 
| 162|0x000000008a200000, 0x000000008a200000, 0x000000008a300000|  0%| F|  |TAMS 0x000000008a200000, 0x000000008a200000| Untracked 
| 163|0x000000008a300000, 0x000000008a300000, 0x000000008a400000|  0%| F|  |TAMS 0x000000008a300000, 0x000000008a300000| Untracked 
| 164|0x000000008a400000, 0x000000008a400000, 0x000000008a500000|  0%| F|  |TAMS 0x000000008a400000, 0x000000008a400000| Untracked 
| 165|0x000000008a500000, 0x000000008a500000, 0x000000008a600000|  0%| F|  |TAMS 0x000000008a500000, 0x000000008a500000| Untracked 
| 166|0x000000008a600000, 0x000000008a600000, 0x000000008a700000|  0%| F|  |TAMS 0x000000008a600000, 0x000000008a600000| Untracked 
| 167|0x000000008a700000, 0x000000008a700000, 0x000000008a800000|  0%| F|  |TAMS 0x000000008a700000, 0x000000008a700000| Untracked 
| 168|0x000000008a800000, 0x000000008a800000, 0x000000008a900000|  0%| F|  |TAMS 0x000000008a800000, 0x000000008a800000| Untracked 
| 169|0x000000008a900000, 0x000000008a900000, 0x000000008aa00000|  0%| F|  |TAMS 0x000000008a900000, 0x000000008a900000| Untracked 
| 170|0x000000008aa00000, 0x000000008aa00000, 0x000000008ab00000|  0%| F|  |TAMS 0x000000008aa00000, 0x000000008aa00000| Untracked 
| 171|0x000000008ab00000, 0x000000008ab00000, 0x000000008ac00000|  0%| F|  |TAMS 0x000000008ab00000, 0x000000008ab00000| Untracked 
| 172|0x000000008ac00000, 0x000000008ac00000, 0x000000008ad00000|  0%| F|  |TAMS 0x000000008ac00000, 0x000000008ac00000| Untracked 
| 173|0x000000008ad00000, 0x000000008ad00000, 0x000000008ae00000|  0%| F|  |TAMS 0x000000008ad00000, 0x000000008ad00000| Untracked 
| 174|0x000000008ae00000, 0x000000008ae00000, 0x000000008af00000|  0%| F|  |TAMS 0x000000008ae00000, 0x000000008ae00000| Untracked 
| 175|0x000000008af00000, 0x000000008af00000, 0x000000008b000000|  0%| F|  |TAMS 0x000000008af00000, 0x000000008af00000| Untracked 
| 176|0x000000008b000000, 0x000000008b0fe400, 0x000000008b100000| 99%| S|CS|TAMS 0x000000008b000000, 0x000000008b000000| Complete 
| 177|0x000000008b100000, 0x000000008b200000, 0x000000008b200000|100%| S|CS|TAMS 0x000000008b100000, 0x000000008b100000| Complete 
| 178|0x000000008b200000, 0x000000008b300000, 0x000000008b300000|100%| S|CS|TAMS 0x000000008b200000, 0x000000008b200000| Complete 
| 179|0x000000008b300000, 0x000000008b300000, 0x000000008b400000|  0%| F|  |TAMS 0x000000008b300000, 0x000000008b300000| Untracked 
| 180|0x000000008b400000, 0x000000008b400000, 0x000000008b500000|  0%| F|  |TAMS 0x000000008b400000, 0x000000008b400000| Untracked 
| 181|0x000000008b500000, 0x000000008b500000, 0x000000008b600000|  0%| F|  |TAMS 0x000000008b500000, 0x000000008b500000| Untracked 
| 182|0x000000008b600000, 0x000000008b600000, 0x000000008b700000|  0%| F|  |TAMS 0x000000008b600000, 0x000000008b600000| Untracked 
| 183|0x000000008b700000, 0x000000008b700000, 0x000000008b800000|  0%| F|  |TAMS 0x000000008b700000, 0x000000008b700000| Untracked 
| 184|0x000000008b800000, 0x000000008b800000, 0x000000008b900000|  0%| F|  |TAMS 0x000000008b800000, 0x000000008b800000| Untracked 
| 185|0x000000008b900000, 0x000000008b900000, 0x000000008ba00000|  0%| F|  |TAMS 0x000000008b900000, 0x000000008b900000| Untracked 
| 186|0x000000008ba00000, 0x000000008ba00000, 0x000000008bb00000|  0%| F|  |TAMS 0x000000008ba00000, 0x000000008ba00000| Untracked 
| 187|0x000000008bb00000, 0x000000008bb00000, 0x000000008bc00000|  0%| F|  |TAMS 0x000000008bb00000, 0x000000008bb00000| Untracked 
| 188|0x000000008bc00000, 0x000000008bc00000, 0x000000008bd00000|  0%| F|  |TAMS 0x000000008bc00000, 0x000000008bc00000| Untracked 
| 189|0x000000008bd00000, 0x000000008bd00000, 0x000000008be00000|  0%| F|  |TAMS 0x000000008bd00000, 0x000000008bd00000| Untracked 
| 190|0x000000008be00000, 0x000000008be00000, 0x000000008bf00000|  0%| F|  |TAMS 0x000000008be00000, 0x000000008be00000| Untracked 
| 191|0x000000008bf00000, 0x000000008bf00000, 0x000000008c000000|  0%| F|  |TAMS 0x000000008bf00000, 0x000000008bf00000| Untracked 
| 192|0x000000008c000000, 0x000000008c000000, 0x000000008c100000|  0%| F|  |TAMS 0x000000008c000000, 0x000000008c000000| Untracked 
| 193|0x000000008c100000, 0x000000008c100000, 0x000000008c200000|  0%| F|  |TAMS 0x000000008c100000, 0x000000008c100000| Untracked 
| 194|0x000000008c200000, 0x000000008c200000, 0x000000008c300000|  0%| F|  |TAMS 0x000000008c200000, 0x000000008c200000| Untracked 
| 195|0x000000008c300000, 0x000000008c300000, 0x000000008c400000|  0%| F|  |TAMS 0x000000008c300000, 0x000000008c300000| Untracked 
| 196|0x000000008c400000, 0x000000008c400000, 0x000000008c500000|  0%| F|  |TAMS 0x000000008c400000, 0x000000008c400000| Untracked 
| 197|0x000000008c500000, 0x000000008c500000, 0x000000008c600000|  0%| F|  |TAMS 0x000000008c500000, 0x000000008c500000| Untracked 
| 198|0x000000008c600000, 0x000000008c600000, 0x000000008c700000|  0%| F|  |TAMS 0x000000008c600000, 0x000000008c600000| Untracked 
| 199|0x000000008c700000, 0x000000008c700000, 0x000000008c800000|  0%| F|  |TAMS 0x000000008c700000, 0x000000008c700000| Untracked 
| 200|0x000000008c800000, 0x000000008c800000, 0x000000008c900000|  0%| F|  |TAMS 0x000000008c800000, 0x000000008c800000| Untracked 
| 201|0x000000008c900000, 0x000000008c900000, 0x000000008ca00000|  0%| F|  |TAMS 0x000000008c900000, 0x000000008c900000| Untracked 
| 202|0x000000008ca00000, 0x000000008ca00000, 0x000000008cb00000|  0%| F|  |TAMS 0x000000008ca00000, 0x000000008ca00000| Untracked 
| 203|0x000000008cb00000, 0x000000008cb00000, 0x000000008cc00000|  0%| F|  |TAMS 0x000000008cb00000, 0x000000008cb00000| Untracked 
| 204|0x000000008cc00000, 0x000000008cc00000, 0x000000008cd00000|  0%| F|  |TAMS 0x000000008cc00000, 0x000000008cc00000| Untracked 
| 205|0x000000008cd00000, 0x000000008cd00000, 0x000000008ce00000|  0%| F|  |TAMS 0x000000008cd00000, 0x000000008cd00000| Untracked 
| 206|0x000000008ce00000, 0x000000008ce00000, 0x000000008cf00000|  0%| F|  |TAMS 0x000000008ce00000, 0x000000008ce00000| Untracked 
| 207|0x000000008cf00000, 0x000000008cf00000, 0x000000008d000000|  0%| F|  |TAMS 0x000000008cf00000, 0x000000008cf00000| Untracked 
| 208|0x000000008d000000, 0x000000008d000000, 0x000000008d100000|  0%| F|  |TAMS 0x000000008d000000, 0x000000008d000000| Untracked 
| 209|0x000000008d100000, 0x000000008d100000, 0x000000008d200000|  0%| F|  |TAMS 0x000000008d100000, 0x000000008d100000| Untracked 
| 210|0x000000008d200000, 0x000000008d200000, 0x000000008d300000|  0%| F|  |TAMS 0x000000008d200000, 0x000000008d200000| Untracked 
| 211|0x000000008d300000, 0x000000008d300000, 0x000000008d400000|  0%| F|  |TAMS 0x000000008d300000, 0x000000008d300000| Untracked 
| 212|0x000000008d400000, 0x000000008d400000, 0x000000008d500000|  0%| F|  |TAMS 0x000000008d400000, 0x000000008d400000| Untracked 
| 213|0x000000008d500000, 0x000000008d500000, 0x000000008d600000|  0%| F|  |TAMS 0x000000008d500000, 0x000000008d500000| Untracked 
| 214|0x000000008d600000, 0x000000008d600000, 0x000000008d700000|  0%| F|  |TAMS 0x000000008d600000, 0x000000008d600000| Untracked 
| 215|0x000000008d700000, 0x000000008d700000, 0x000000008d800000|  0%| F|  |TAMS 0x000000008d700000, 0x000000008d700000| Untracked 
| 216|0x000000008d800000, 0x000000008d800000, 0x000000008d900000|  0%| F|  |TAMS 0x000000008d800000, 0x000000008d800000| Untracked 
| 217|0x000000008d900000, 0x000000008d900000, 0x000000008da00000|  0%| F|  |TAMS 0x000000008d900000, 0x000000008d900000| Untracked 
| 218|0x000000008da00000, 0x000000008da00000, 0x000000008db00000|  0%| F|  |TAMS 0x000000008da00000, 0x000000008da00000| Untracked 
| 219|0x000000008db00000, 0x000000008db00000, 0x000000008dc00000|  0%| F|  |TAMS 0x000000008db00000, 0x000000008db00000| Untracked 
| 220|0x000000008dc00000, 0x000000008dc00000, 0x000000008dd00000|  0%| F|  |TAMS 0x000000008dc00000, 0x000000008dc00000| Untracked 
| 221|0x000000008dd00000, 0x000000008dd00000, 0x000000008de00000|  0%| F|  |TAMS 0x000000008dd00000, 0x000000008dd00000| Untracked 
| 222|0x000000008de00000, 0x000000008de00000, 0x000000008df00000|  0%| F|  |TAMS 0x000000008de00000, 0x000000008de00000| Untracked 
| 223|0x000000008df00000, 0x000000008df00000, 0x000000008e000000|  0%| F|  |TAMS 0x000000008df00000, 0x000000008df00000| Untracked 
| 224|0x000000008e000000, 0x000000008e000000, 0x000000008e100000|  0%| F|  |TAMS 0x000000008e000000, 0x000000008e000000| Untracked 
| 225|0x000000008e100000, 0x000000008e100000, 0x000000008e200000|  0%| F|  |TAMS 0x000000008e100000, 0x000000008e100000| Untracked 
| 226|0x000000008e200000, 0x000000008e200000, 0x000000008e300000|  0%| F|  |TAMS 0x000000008e200000, 0x000000008e200000| Untracked 
| 227|0x000000008e300000, 0x000000008e300000, 0x000000008e400000|  0%| F|  |TAMS 0x000000008e300000, 0x000000008e300000| Untracked 
| 228|0x000000008e400000, 0x000000008e400000, 0x000000008e500000|  0%| F|  |TAMS 0x000000008e400000, 0x000000008e400000| Untracked 

Card table byte_map: [0x00000267c5df0000,0x00000267c61f0000] _byte_map_base: 0x00000267c59f0000

Marking Bits (Prev, Next): (CMBitMap*) 0x00000267b2639e30, (CMBitMap*) 0x00000267b2639df8
 Prev Bits: [0x00000267c85f0000, 0x00000267ca5f0000)
 Next Bits: [0x00000267c65f0000, 0x00000267c85f0000)

Polling page: 0x00000267b0d60000

Metaspace:

Usage:
  Non-class:     77.45 MB capacity,    76.03 MB ( 98%) used,     1.16 MB (  1%) free+waste,   260.81 KB ( <1%) overhead. 
      Class:     12.53 MB capacity,    11.60 MB ( 93%) used,   825.47 KB (  6%) free+waste,   126.75 KB ( <1%) overhead. 
       Both:     89.97 MB capacity,    87.63 MB ( 97%) used,     1.97 MB (  2%) free+waste,   387.56 KB ( <1%) overhead. 

Virtual space:
  Non-class space:       78.00 MB reserved,      77.50 MB (>99%) committed 
      Class space:        1.00 GB reserved,      12.63 MB (  1%) committed 
             Both:        1.08 GB reserved,      90.13 MB (  8%) committed 

Chunk freelists:
   Non-Class:  55.00 KB
       Class:  36.00 KB
        Both:  91.00 KB

MaxMetaspaceSize: 17179869184.00 GB
CompressedClassSpaceSize: 1.00 GB

CodeHeap 'non-profiled nmethods': size=120000Kb used=5403Kb max_used=5403Kb free=114597Kb
 bounds [0x00000267bda50000, 0x00000267bdfa0000, 0x00000267c4f80000]
CodeHeap 'profiled nmethods': size=120000Kb used=20993Kb max_used=20993Kb free=99006Kb
 bounds [0x00000267b6520000, 0x00000267b79b0000, 0x00000267bda50000]
CodeHeap 'non-nmethods': size=5760Kb used=2268Kb max_used=2323Kb free=3491Kb
 bounds [0x00000267b5f80000, 0x00000267b61f0000, 0x00000267b6520000]
 total_blobs=11170 nmethods=10305 adapters=776
 compilation: enabled
              stopped_count=0, restarted_count=0
 full_count=0

Compilation events (20 events):
Event: 12.453 Thread 0x00000267cd03e000 nmethod 10367 0x00000267bdf94810 code [0x00000267bdf949c0, 0x00000267bdf94a78]
Event: 12.453 Thread 0x00000267cd03e000 10433       1       com.android.tools.r8.v.b.H::W1 (3 bytes)
Event: 12.454 Thread 0x00000267cd03e000 nmethod 10433 0x00000267bdf94b10 code [0x00000267bdf94cc0, 0x00000267bdf94d78]
Event: 12.454 Thread 0x00000267cd03e000 10384       1       com.android.tools.r8.v.b.j::T0 (2 bytes)
Event: 12.454 Thread 0x00000267cd03e000 nmethod 10384 0x00000267bdf94e10 code [0x00000267bdf94fc0, 0x00000267bdf95078]
Event: 12.454 Thread 0x00000267cd03e000 10738       2       com.android.tools.r8.r.o.H::g (2 bytes)
Event: 12.454 Thread 0x00000267cd03e000 nmethod 10738 0x00000267b799fe90 code [0x00000267b79a0040, 0x00000267b79a0138]
Event: 12.454 Thread 0x00000267cd03e000 10737       2       com.android.tools.r8.v.b.o::J (20 bytes)
Event: 12.454 Thread 0x00000267cd03e000 nmethod 10737 0x00000267b79a0210 code [0x00000267b79a03c0, 0x00000267b79a04d8]
Event: 12.454 Thread 0x00000267cd03e000 10741       2       com.android.tools.r8.ir.conversion.r::a (37 bytes)
Event: 12.455 Thread 0x00000267cd03e000 nmethod 10741 0x00000267b79a0590 code [0x00000267b79a07a0, 0x00000267b79a0d08]
Event: 12.455 Thread 0x00000267cd03e000 10745       2       com.android.tools.r8.ir.conversion.m::a (170 bytes)
Event: 12.455 Thread 0x00000267cd031000 nmethod 10670 0x00000267bdf95110 code [0x00000267bdf95340, 0x00000267bdf96438]
Event: 12.455 Thread 0x00000267cd031000 10736       4       com.android.tools.r8.graph.g1::a (138 bytes)
Event: 12.456 Thread 0x00000267cd03e000 nmethod 10745 0x00000267b79a1010 code [0x00000267b79a1260, 0x00000267b79a18c8]
Event: 12.456 Thread 0x00000267cd03e000 10746       2       com.android.tools.r8.v.b.o::a (360 bytes)
Event: 12.457 Thread 0x00000267cd03e000 nmethod 10746 0x00000267b79a1c90 code [0x00000267b79a1f00, 0x00000267b79a2448]
Event: 12.457 Thread 0x00000267cd03e000 10744       2       com.android.tools.r8.v.a.j.e::b (36 bytes)
Event: 12.457 Thread 0x00000267cd03e000 nmethod 10744 0x00000267b79a2790 code [0x00000267b79a2960, 0x00000267b79a2c38]
Event: 12.457 Thread 0x00000267cd03e000 10752       2       com.android.tools.r8.v.a.j.e::a (45 bytes)

GC Heap History (20 events):
Event: 10.214 GC heap after
{Heap after GC invocations=27 (full 0):
 garbage-first heap   total 143360K, used 66558K [0x0000000080000000, 0x0000000100000000)
  region size 1024K, 6 young (6144K), 6 survivors (6144K)
 Metaspace       used 80155K, capacity 82186K, committed 82432K, reserved 1120256K
  class space    used 10456K, capacity 11150K, committed 11264K, reserved 1048576K
}
Event: 10.457 GC heap before
{Heap before GC invocations=27 (full 0):
 garbage-first heap   total 143360K, used 113662K [0x0000000080000000, 0x0000000100000000)
  region size 1024K, 54 young (55296K), 6 survivors (6144K)
 Metaspace       used 81120K, capacity 83238K, committed 83456K, reserved 1122304K
  class space    used 10612K, capacity 11432K, committed 11520K, reserved 1048576K
}
Event: 10.464 GC heap after
{Heap after GC invocations=28 (full 0):
 garbage-first heap   total 143360K, used 70380K [0x0000000080000000, 0x0000000100000000)
  region size 1024K, 7 young (7168K), 7 survivors (7168K)
 Metaspace       used 81120K, capacity 83238K, committed 83456K, reserved 1122304K
  class space    used 10612K, capacity 11432K, committed 11520K, reserved 1048576K
}
Event: 10.499 GC heap before
{Heap before GC invocations=28 (full 0):
 garbage-first heap   total 143360K, used 102124K [0x0000000080000000, 0x0000000100000000)
  region size 1024K, 39 young (39936K), 7 survivors (7168K)
 Metaspace       used 81388K, capacity 83621K, committed 83712K, reserved 1122304K
  class space    used 10643K, capacity 11474K, committed 11520K, reserved 1048576K
}
Event: 10.508 GC heap after
{Heap after GC invocations=29 (full 0):
 garbage-first heap   total 172032K, used 80272K [0x0000000080000000, 0x0000000100000000)
  region size 1024K, 7 young (7168K), 7 survivors (7168K)
 Metaspace       used 81388K, capacity 83621K, committed 83712K, reserved 1122304K
  class space    used 10643K, capacity 11474K, committed 11520K, reserved 1048576K
}
Event: 10.605 GC heap before
{Heap before GC invocations=29 (full 0):
 garbage-first heap   total 172032K, used 126352K [0x0000000080000000, 0x0000000100000000)
  region size 1024K, 52 young (53248K), 7 survivors (7168K)
 Metaspace       used 82140K, capacity 84364K, committed 84608K, reserved 1122304K
  class space    used 10759K, capacity 11596K, committed 11648K, reserved 1048576K
}
Event: 10.610 GC heap after
{Heap after GC invocations=30 (full 0):
 garbage-first heap   total 172032K, used 86769K [0x0000000080000000, 0x0000000100000000)
  region size 1024K, 7 young (7168K), 7 survivors (7168K)
 Metaspace       used 82140K, capacity 84364K, committed 84608K, reserved 1122304K
  class space    used 10759K, capacity 11596K, committed 11648K, reserved 1048576K
}
Event: 10.872 GC heap before
{Heap before GC invocations=31 (full 0):
 garbage-first heap   total 172032K, used 128753K [0x0000000080000000, 0x0000000100000000)
  region size 1024K, 49 young (50176K), 7 survivors (7168K)
 Metaspace       used 84138K, capacity 86432K, committed 86656K, reserved 1124352K
  class space    used 11044K, capacity 11895K, committed 11904K, reserved 1048576K
}
Event: 10.883 GC heap after
{Heap after GC invocations=32 (full 0):
 garbage-first heap   total 172032K, used 93887K [0x0000000080000000, 0x0000000100000000)
  region size 1024K, 7 young (7168K), 7 survivors (7168K)
 Metaspace       used 84138K, capacity 86432K, committed 86656K, reserved 1124352K
  class space    used 11044K, capacity 11895K, committed 11904K, reserved 1048576K
}
Event: 10.981 GC heap before
{Heap before GC invocations=32 (full 0):
 garbage-first heap   total 172032K, used 131775K [0x0000000080000000, 0x0000000100000000)
  region size 1024K, 45 young (46080K), 7 survivors (7168K)
 Metaspace       used 84767K, capacity 87072K, committed 87296K, reserved 1124352K
  class space    used 11116K, capacity 11998K, committed 12032K, reserved 1048576K
}
Event: 11.005 GC heap after
{Heap after GC invocations=33 (full 0):
 garbage-first heap   total 172032K, used 102545K [0x0000000080000000, 0x0000000100000000)
  region size 1024K, 6 young (6144K), 6 survivors (6144K)
 Metaspace       used 84767K, capacity 87072K, committed 87296K, reserved 1124352K
  class space    used 11116K, capacity 11998K, committed 12032K, reserved 1048576K
}
Event: 11.076 GC heap before
{Heap before GC invocations=33 (full 0):
 garbage-first heap   total 172032K, used 135313K [0x0000000080000000, 0x0000000100000000)
  region size 1024K, 38 young (38912K), 6 survivors (6144K)
 Metaspace       used 84812K, capacity 87077K, committed 87296K, reserved 1124352K
  class space    used 11116K, capacity 11998K, committed 12032K, reserved 1048576K
}
Event: 11.090 GC heap after
{Heap after GC invocations=34 (full 0):
 garbage-first heap   total 234496K, used 110190K [0x0000000080000000, 0x0000000100000000)
  region size 1024K, 5 young (5120K), 5 survivors (5120K)
 Metaspace       used 84812K, capacity 87077K, committed 87296K, reserved 1124352K
  class space    used 11116K, capacity 11998K, committed 12032K, reserved 1048576K
}
Event: 11.454 GC heap before
{Heap before GC invocations=35 (full 0):
 garbage-first heap   total 234496K, used 164462K [0x0000000080000000, 0x0000000100000000)
  region size 1024K, 58 young (59392K), 5 survivors (5120K)
 Metaspace       used 85271K, capacity 87424K, committed 87936K, reserved 1124352K
  class space    used 11143K, capacity 11978K, committed 12160K, reserved 1048576K
}
Event: 11.553 GC heap after
{Heap after GC invocations=36 (full 0):
 garbage-first heap   total 234496K, used 122256K [0x0000000080000000, 0x0000000100000000)
  region size 1024K, 8 young (8192K), 8 survivors (8192K)
 Metaspace       used 85271K, capacity 87424K, committed 87936K, reserved 1124352K
  class space    used 11143K, capacity 11978K, committed 12160K, reserved 1048576K
}
Event: 11.740 GC heap before
{Heap before GC invocations=36 (full 0):
 garbage-first heap   total 234496K, used 173456K [0x0000000080000000, 0x0000000100000000)
  region size 1024K, 58 young (59392K), 8 survivors (8192K)
 Metaspace       used 87051K, capacity 89405K, committed 89600K, reserved 1126400K
  class space    used 11500K, capacity 12463K, committed 12544K, reserved 1048576K
}
Event: 11.760 GC heap after
{Heap after GC invocations=37 (full 0):
 garbage-first heap   total 234496K, used 131066K [0x0000000080000000, 0x0000000100000000)
  region size 1024K, 8 young (8192K), 8 survivors (8192K)
 Metaspace       used 87051K, capacity 89405K, committed 89600K, reserved 1126400K
  class space    used 11500K, capacity 12463K, committed 12544K, reserved 1048576K
}
Event: 12.283 GC heap before
{Heap before GC invocations=38 (full 0):
 garbage-first heap   total 234496K, used 180218K [0x0000000080000000, 0x0000000100000000)
  region size 1024K, 56 young (57344K), 8 survivors (8192K)
 Metaspace       used 89423K, capacity 91858K, committed 92032K, reserved 1128448K
  class space    used 11860K, capacity 12826K, committed 12928K, reserved 1048576K
}
Event: 12.294 GC heap after
{Heap after GC invocations=39 (full 0):
 garbage-first heap   total 234496K, used 134086K [0x0000000080000000, 0x0000000100000000)
  region size 1024K, 3 young (3072K), 3 survivors (3072K)
 Metaspace       used 89423K, capacity 91858K, committed 92032K, reserved 1128448K
  class space    used 11860K, capacity 12826K, committed 12928K, reserved 1048576K
}
Event: 12.458 GC heap before
{Heap before GC invocations=39 (full 0):
 garbage-first heap   total 234496K, used 182214K [0x0000000080000000, 0x0000000100000000)
  region size 1024K, 51 young (52224K), 3 survivors (3072K)
 Metaspace       used 89733K, capacity 92133K, committed 92288K, reserved 1128448K
  class space    used 11875K, capacity 12828K, committed 12928K, reserved 1048576K
}

Deoptimization events (20 events):
Event: 12.240 Thread 0x00000267d007d000 Uncommon trap: trap_request=0xffffff4d fr.pc=0x00000267bdf0d350 relative=0x0000000000000230
Event: 12.240 Thread 0x00000267d007d000 Uncommon trap: reason=unstable_if action=reinterpret pc=0x00000267bdf0d350 method=com.android.tools.r8.graph.q0.a([C)I @ 44 c2
Event: 12.240 Thread 0x00000267d007d000 DEOPT PACKING pc=0x00000267bdf0d350 sp=0x000000eb786f9f70
Event: 12.240 Thread 0x00000267d007d000 DEOPT UNPACKING pc=0x00000267b5fa74af sp=0x000000eb786f9ee8 mode 2
Event: 12.242 Thread 0x00000267d007d000 Uncommon trap: trap_request=0xffffff4d fr.pc=0x00000267bddc66f4 relative=0x0000000000000354
Event: 12.242 Thread 0x00000267d007d000 Uncommon trap: reason=unstable_if action=reinterpret pc=0x00000267bddc66f4 method=java.util.HashMap$HashIterator.<init>(Ljava/util/HashMap;)V @ 45 c2
Event: 12.242 Thread 0x00000267d007d000 DEOPT PACKING pc=0x00000267bddc66f4 sp=0x000000eb786f9d20
Event: 12.242 Thread 0x00000267d007d000 DEOPT UNPACKING pc=0x00000267b5fa74af sp=0x000000eb786f9cd8 mode 2
Event: 12.254 Thread 0x00000267d0079800 DEOPT PACKING pc=0x00000267b78c5363 sp=0x000000eb785f9d70
Event: 12.254 Thread 0x00000267d0079800 DEOPT UNPACKING pc=0x00000267b5fa72ce sp=0x000000eb785f9208 mode 0
Event: 12.270 Thread 0x00000267d0078800 Uncommon trap: trap_request=0xffffff4d fr.pc=0x00000267bdd26da8 relative=0x0000000000002788
Event: 12.270 Thread 0x00000267d0078800 Uncommon trap: reason=unstable_if action=reinterpret pc=0x00000267bdd26da8 method=java.util.TreeMap.put(Ljava/lang/Object;Ljava/lang/Object;)Ljava/lang/Object; @ 163 c2
Event: 12.270 Thread 0x00000267d0078800 DEOPT PACKING pc=0x00000267bdd26da8 sp=0x000000eb787f9f20
Event: 12.271 Thread 0x00000267d0078800 DEOPT UNPACKING pc=0x00000267b5fa74af sp=0x000000eb787f9ee0 mode 2
Event: 12.299 Thread 0x00000267d0079800 DEOPT PACKING pc=0x00000267b78e5346 sp=0x000000eb785fa1a0
Event: 12.299 Thread 0x00000267d0079800 DEOPT UNPACKING pc=0x00000267b5fa72ce sp=0x000000eb785f9618 mode 0
Event: 12.408 Thread 0x00000267d0079800 DEOPT PACKING pc=0x00000267b78e1970 sp=0x000000eb785f9b10
Event: 12.408 Thread 0x00000267d0079800 DEOPT UNPACKING pc=0x00000267b5fa72ce sp=0x000000eb785f9140 mode 0
Event: 12.420 Thread 0x00000267d0078800 DEOPT PACKING pc=0x00000267b78fcdc2 sp=0x000000eb787f9fc0
Event: 12.420 Thread 0x00000267d0078800 DEOPT UNPACKING pc=0x00000267b5fa72ce sp=0x000000eb787f94a0 mode 0

Classes redefined (0 events):
No events

Internal exceptions (20 events):
Event: 11.681 Thread 0x00000267d0076000 Exception <a 'java/lang/NoSuchMethodError'{0x000000008c752310}: 'void java.lang.invoke.DirectMethodHandle$Holder.invokeSpecial(java.lang.Object, java.lang.Object, int, java.lang.Object)'> (0x000000008c752310) thrown at [./src/hotspot/share/interpreter/linkResolver.cpp, line 773]
Event: 11.681 Thread 0x00000267d0079800 Exception <a 'java/lang/NoSuchMethodError'{0x000000008c6f7520}: 'void java.lang.invoke.DirectMethodHandle$Holder.invokeSpecial(java.lang.Object, java.lang.Object, int, java.lang.Object)'> (0x000000008c6f7520) thrown at [./src/hotspot/share/interpreter/linkResolver.cpp, line 773]
Event: 11.682 Thread 0x00000267d0078800 Exception <a 'java/lang/NoSuchMethodError'{0x000000008c8469f8}: 'void java.lang.invoke.DirectMethodHandle$Holder.invokeSpecial(java.lang.Object, java.lang.Object, int, java.lang.Object)'> (0x000000008c8469f8) thrown at [./src/hotspot/share/interpreter/linkResolver.cpp, line 773]
Event: 11.683 Thread 0x00000267d007f000 Exception <a 'java/lang/NoSuchMethodError'{0x000000008c86c340}: 'void java.lang.invoke.DirectMethodHandle$Holder.invokeSpecial(java.lang.Object, java.lang.Object, int, java.lang.Object)'> (0x000000008c86c340) thrown at [./src/hotspot/share/interpreter/linkResolver.cpp, line 773]
Event: 11.699 Thread 0x00000267d0078800 Exception <a 'java/lang/NoSuchMethodError'{0x000000008c3f8780}: 'int java.lang.invoke.DirectMethodHandle$Holder.invokeSpecial(java.lang.Object, java.lang.Object, java.lang.Object, java.lang.Object, java.lang.Object)'> (0x000000008c3f8780) thrown at [./src/hotspot/share/interpreter/linkResolver.cpp, line 773]
Event: 11.699 Thread 0x00000267d007d800 Exception <a 'java/lang/NoSuchMethodError'{0x000000008c027198}: 'int java.lang.invoke.DirectMethodHandle$Holder.invokeSpecial(java.lang.Object, java.lang.Object, java.lang.Object, java.lang.Object, java.lang.Object)'> (0x000000008c027198) thrown at [./src/hotspot/share/interpreter/linkResolver.cpp, line 773]
Event: 11.699 Thread 0x00000267d007f000 Exception <a 'java/lang/NoSuchMethodError'{0x000000008c0b3df0}: 'int java.lang.invoke.DirectMethodHandle$Holder.invokeSpecial(java.lang.Object, java.lang.Object, java.lang.Object, java.lang.Object, java.lang.Object)'> (0x000000008c0b3df0) thrown at [./src/hotspot/share/interpreter/linkResolver.cpp, line 773]
Event: 11.699 Thread 0x00000267d0079800 Exception <a 'java/lang/NoSuchMethodError'{0x000000008be8fa68}: 'int java.lang.invoke.DirectMethodHandle$Holder.invokeSpecial(java.lang.Object, java.lang.Object, java.lang.Object, java.lang.Object, java.lang.Object)'> (0x000000008be8fa68) thrown at [./src/hotspot/share/interpreter/linkResolver.cpp, line 773]
Event: 11.699 Thread 0x00000267d0077000 Exception <a 'java/lang/NoSuchMethodError'{0x000000008c0faa48}: 'int java.lang.invoke.DirectMethodHandle$Holder.invokeSpecial(java.lang.Object, java.lang.Object, java.lang.Object, java.lang.Object, java.lang.Object)'> (0x000000008c0faa48) thrown at [./src/hotspot/share/interpreter/linkResolver.cpp, line 773]
Event: 11.765 Thread 0x00000267d0078800 Exception <a 'java/lang/NoSuchMethodError'{0x000000008e4b0dc0}: 'java.lang.Object java.lang.invoke.DirectMethodHandle$Holder.invokeVirtual(java.lang.Object, java.lang.Object, int, java.lang.Object)'> (0x000000008e4b0dc0) thrown at [./src/hotspot/share/interpreter/linkResolver.cpp, line 773]
Event: 11.780 Thread 0x00000267d007f000 Exception <a 'java/lang/NoSuchMethodError'{0x000000008e406748}: 'java.lang.Object java.lang.invoke.DirectMethodHandle$Holder.invokeVirtual(java.lang.Object, java.lang.Object, int, java.lang.Object)'> (0x000000008e406748) thrown at [./src/hotspot/share/interpreter/linkResolver.cpp, line 773]
Event: 11.862 Thread 0x00000267d007d800 Exception <a 'java/lang/NoSuchMethodError'{0x000000008dd2f6e8}: 'void java.lang.invoke.DirectMethodHandle$Holder.invokeVirtual(java.lang.Object, java.lang.Object, int, java.lang.Object)'> (0x000000008dd2f6e8) thrown at [./src/hotspot/share/interpreter/linkResolver.cpp, line 773]
Event: 11.864 Thread 0x00000267d0079800 Exception <a 'java/lang/NoSuchMethodError'{0x000000008de03b50}: 'void java.lang.invoke.DirectMethodHandle$Holder.invokeVirtual(java.lang.Object, java.lang.Object, int, java.lang.Object)'> (0x000000008de03b50) thrown at [./src/hotspot/share/interpreter/linkResolver.cpp, line 773]
Event: 11.864 Thread 0x00000267d0077000 Exception <a 'java/lang/NoSuchMethodError'{0x000000008e46e1e0}: 'void java.lang.invoke.DirectMethodHandle$Holder.invokeVirtual(java.lang.Object, java.lang.Object, int, java.lang.Object)'> (0x000000008e46e1e0) thrown at [./src/hotspot/share/interpreter/linkResolver.cpp, line 773]
Event: 11.868 Thread 0x00000267d0078800 Exception <a 'java/lang/NoSuchMethodError'{0x000000008dd07998}: 'void java.lang.invoke.DirectMethodHandle$Holder.invokeVirtual(java.lang.Object, java.lang.Object, int, java.lang.Object)'> (0x000000008dd07998) thrown at [./src/hotspot/share/interpreter/linkResolver.cpp, line 773]
Event: 12.057 Thread 0x00000267d0077000 Exception <a 'java/lang/NoSuchMethodError'{0x000000008d9bb1a8}: 'java.lang.Object java.lang.invoke.DirectMethodHandle$Holder.newInvokeSpecial(java.lang.Object, int)'> (0x000000008d9bb1a8) thrown at [./src/hotspot/share/interpreter/linkResolver.cpp, line 773]
Event: 12.057 Thread 0x00000267d007e800 Exception <a 'java/lang/NoSuchMethodError'{0x000000008da54548}: 'java.lang.Object java.lang.invoke.DirectMethodHandle$Holder.newInvokeSpecial(java.lang.Object, int)'> (0x000000008da54548) thrown at [./src/hotspot/share/interpreter/linkResolver.cpp, line 773]
Event: 12.058 Thread 0x00000267d007f000 Exception <a 'java/lang/NoSuchMethodError'{0x000000008da260c0}: 'java.lang.Object java.lang.invoke.DirectMethodHandle$Holder.newInvokeSpecial(java.lang.Object, int)'> (0x000000008da260c0) thrown at [./src/hotspot/share/interpreter/linkResolver.cpp, line 773]
Event: 12.058 Thread 0x00000267d0078800 Exception <a 'java/lang/NoSuchMethodError'{0x000000008d9a03b8}: 'java.lang.Object java.lang.invoke.DirectMethodHandle$Holder.newInvokeSpecial(java.lang.Object, int)'> (0x000000008d9a03b8) thrown at [./src/hotspot/share/interpreter/linkResolver.cpp, line 773]
Event: 12.161 Thread 0x00000267d0077000 Exception <a 'java/lang/NoSuchMethodError'{0x000000008cd18790}: 'java.lang.Object java.lang.invoke.DirectMethodHandle$Holder.invokeInterface(java.lang.Object, java.lang.Object, int)'> (0x000000008cd18790) thrown at [./src/hotspot/share/interpreter/linkResolver.cpp, line 773]

Events (20 events):
Event: 12.425 loading class com/android/tools/r8/code/w2 done
Event: 12.425 loading class com/android/tools/r8/code/t2
Event: 12.425 loading class com/android/tools/r8/code/t2 done
Event: 12.426 loading class com/android/tools/r8/code/v2
Event: 12.426 loading class com/android/tools/r8/code/v2 done
Event: 12.426 loading class com/android/tools/r8/code/y2
Event: 12.426 loading class com/android/tools/r8/code/y2 done
Event: 12.427 loading class com/android/tools/r8/code/C2
Event: 12.427 loading class com/android/tools/r8/code/C2 done
Event: 12.427 loading class com/android/tools/r8/code/x2
Event: 12.427 loading class com/android/tools/r8/code/x2 done
Event: 12.427 loading class com/android/tools/r8/code/z2
Event: 12.427 loading class com/android/tools/r8/code/z2 done
Event: 12.428 loading class com/android/tools/r8/code/u2
Event: 12.428 loading class com/android/tools/r8/code/u2 done
Event: 12.428 loading class com/android/tools/r8/code/B2
Event: 12.428 loading class com/android/tools/r8/code/B2 done
Event: 12.429 loading class com/android/tools/r8/code/A2
Event: 12.429 loading class com/android/tools/r8/code/A2 done
Event: 12.458 Executing VM operation: G1CollectForAllocation


Dynamic libraries:
0x00007ff68cc90000 - 0x00007ff68cc9a000 	C:\Program Files\Android\Android Studio\jre\bin\java.exe
0x00007ffbc3fd0000 - 0x00007ffbc41c5000 	C:\WINDOWS\SYSTEM32\ntdll.dll
0x00007ffbc3dd0000 - 0x00007ffbc3e8e000 	C:\WINDOWS\System32\KERNEL32.DLL
0x00007ffbc18f0000 - 0x00007ffbc1bb9000 	C:\WINDOWS\System32\KERNELBASE.dll
0x00007ffbc1c70000 - 0x00007ffbc1d70000 	C:\WINDOWS\System32\ucrtbase.dll
0x00007ffbbba00000 - 0x00007ffbbba19000 	C:\Program Files\Android\Android Studio\jre\bin\jli.dll
0x00007ffbb2500000 - 0x00007ffbb2517000 	C:\Program Files\Android\Android Studio\jre\bin\VCRUNTIME140.dll
0x00007ffbc2d80000 - 0x00007ffbc2f21000 	C:\WINDOWS\System32\USER32.dll
0x00007ffbb35d0000 - 0x00007ffbb386a000 	C:\WINDOWS\WinSxS\amd64_microsoft.windows.common-controls_6595b64144ccf1df_6.0.19041.1110_none_60b5254171f9507e\COMCTL32.dll
0x00007ffbc1bc0000 - 0x00007ffbc1be2000 	C:\WINDOWS\System32\win32u.dll
0x00007ffbc3e90000 - 0x00007ffbc3f2e000 	C:\WINDOWS\System32\msvcrt.dll
0x00007ffbc20d0000 - 0x00007ffbc20fb000 	C:\WINDOWS\System32\GDI32.dll
0x00007ffbc1eb0000 - 0x00007ffbc1fbb000 	C:\WINDOWS\System32\gdi32full.dll
0x00007ffbc1850000 - 0x00007ffbc18ed000 	C:\WINDOWS\System32\msvcp_win.dll
0x00007ffbc2990000 - 0x00007ffbc29c0000 	C:\WINDOWS\System32\IMM32.DLL
0x00007ffbb13f0000 - 0x00007ffbb148d000 	C:\Program Files\Android\Android Studio\jre\bin\msvcp140.dll
0x00007ffb80290000 - 0x00007ffb80d4c000 	C:\Program Files\Android\Android Studio\jre\bin\server\jvm.dll
0x00007ffbc2ca0000 - 0x00007ffbc2d4c000 	C:\WINDOWS\System32\ADVAPI32.dll
0x00007ffbc3bc0000 - 0x00007ffbc3c5b000 	C:\WINDOWS\System32\sechost.dll
0x00007ffbc29c0000 - 0x00007ffbc2aea000 	C:\WINDOWS\System32\RPCRT4.dll
0x00007ffbc2d60000 - 0x00007ffbc2d68000 	C:\WINDOWS\System32\PSAPI.DLL
0x00007ffbbd1c0000 - 0x00007ffbbd1c9000 	C:\WINDOWS\SYSTEM32\WSOCK32.dll
0x00007ffbb6b50000 - 0x00007ffbb6b77000 	C:\WINDOWS\SYSTEM32\WINMM.dll
0x00007ffbb6bd0000 - 0x00007ffbb6bda000 	C:\WINDOWS\SYSTEM32\VERSION.dll
0x00007ffbc2560000 - 0x00007ffbc25cb000 	C:\WINDOWS\System32\WS2_32.dll
0x00007ffbbf5f0000 - 0x00007ffbbf602000 	C:\WINDOWS\SYSTEM32\kernel.appcore.dll
0x00007ffbbd1a0000 - 0x00007ffbbd1b1000 	C:\Program Files\Android\Android Studio\jre\bin\verify.dll
0x00007ffbbb600000 - 0x00007ffbbb7e4000 	C:\WINDOWS\SYSTEM32\DBGHELP.DLL
0x00007ffbb9d50000 - 0x00007ffbb9d7c000 	C:\WINDOWS\SYSTEM32\dbgcore.DLL
0x00007ffbc1d70000 - 0x00007ffbc1df3000 	C:\WINDOWS\System32\bcryptPrimitives.dll
0x00007ffbb15c0000 - 0x00007ffbb15e9000 	C:\Program Files\Android\Android Studio\jre\bin\java.dll
0x00007ffbbcb90000 - 0x00007ffbbcb9b000 	C:\Program Files\Android\Android Studio\jre\bin\jimage.dll
0x00007ffbb1f90000 - 0x00007ffbb1fa8000 	C:\Program Files\Android\Android Studio\jre\bin\zip.dll
0x00007ffbc2f30000 - 0x00007ffbc366f000 	C:\WINDOWS\System32\SHELL32.dll
0x00007ffbbf7f0000 - 0x00007ffbbff80000 	C:\WINDOWS\SYSTEM32\windows.storage.dll
0x00007ffbc2630000 - 0x00007ffbc2985000 	C:\WINDOWS\System32\combase.dll
0x00007ffbc1070000 - 0x00007ffbc109c000 	C:\WINDOWS\SYSTEM32\Wldp.dll
0x00007ffbc2020000 - 0x00007ffbc20ce000 	C:\WINDOWS\System32\SHCORE.dll
0x00007ffbc25d0000 - 0x00007ffbc2625000 	C:\WINDOWS\System32\shlwapi.dll
0x00007ffbc1630000 - 0x00007ffbc164f000 	C:\WINDOWS\SYSTEM32\profapi.dll
0x00007ffbb1c20000 - 0x00007ffbb1c3a000 	C:\Program Files\Android\Android Studio\jre\bin\net.dll
0x00007ffbb7f30000 - 0x00007ffbb8038000 	C:\WINDOWS\SYSTEM32\WINHTTP.dll
0x00007ffbc0dd0000 - 0x00007ffbc0e3a000 	C:\WINDOWS\system32\mswsock.dll
0x00007ffbb0fc0000 - 0x00007ffbb0fd4000 	C:\Program Files\Android\Android Studio\jre\bin\nio.dll
0x00007ffbaa360000 - 0x00007ffbaa387000 	C:\Users\acer\.gradle\native\fdc75f09e3144964f2cf3f50f0aa648679c211496f362492102eb8c894070792\windows-amd64\native-platform.dll
0x00007ffb92b30000 - 0x00007ffb92cc6000 	C:\Users\acer\.gradle\native\12488b8bf47d2d4c9fbf2f6322a914ad602e24e48041cd04a747c6da556b65c4\windows-amd64\native-platform-file-events.dll
0x00007ffbbcb80000 - 0x00007ffbbcb8a000 	C:\Program Files\Android\Android Studio\jre\bin\management.dll
0x00007ffbbb9c0000 - 0x00007ffbbb9cc000 	C:\Program Files\Android\Android Studio\jre\bin\management_ext.dll
0x00007ffbc0fc0000 - 0x00007ffbc0fd8000 	C:\WINDOWS\SYSTEM32\CRYPTSP.dll
0x00007ffbc0750000 - 0x00007ffbc0784000 	C:\WINDOWS\system32\rsaenh.dll
0x00007ffbc1bf0000 - 0x00007ffbc1c17000 	C:\WINDOWS\System32\bcrypt.dll
0x00007ffbc15f0000 - 0x00007ffbc161e000 	C:\WINDOWS\SYSTEM32\USERENV.dll
0x00007ffbc0fe0000 - 0x00007ffbc0fec000 	C:\WINDOWS\SYSTEM32\CRYPTBASE.dll
0x00007ffbc0ac0000 - 0x00007ffbc0afb000 	C:\WINDOWS\SYSTEM32\IPHLPAPI.DLL
0x00007ffbc2d70000 - 0x00007ffbc2d78000 	C:\WINDOWS\System32\NSI.dll
0x00007ffbba530000 - 0x00007ffbba547000 	C:\WINDOWS\SYSTEM32\dhcpcsvc6.DLL
0x00007ffbba950000 - 0x00007ffbba96d000 	C:\WINDOWS\SYSTEM32\dhcpcsvc.DLL
0x00007ffbc0b00000 - 0x00007ffbc0bcc000 	C:\WINDOWS\SYSTEM32\DNSAPI.dll
0x00007ffbbae30000 - 0x00007ffbbae3b000 	C:\WINDOWS\SYSTEM32\WINNSI.DLL

dbghelp: loaded successfully - version: 4.0.5 - missing functions: none
symbol engine: initialized successfully - sym options: 0x614 - pdb path: .;C:\Program Files\Android\Android Studio\jre\bin;C:\WINDOWS\SYSTEM32;C:\WINDOWS\WinSxS\amd64_microsoft.windows.common-controls_6595b64144ccf1df_6.0.19041.1110_none_60b5254171f9507e;C:\Program Files\Android\Android Studio\jre\bin\server;C:\Users\acer\.gradle\native\fdc75f09e3144964f2cf3f50f0aa648679c211496f362492102eb8c894070792\windows-amd64;C:\Users\acer\.gradle\native\12488b8bf47d2d4c9fbf2f6322a914ad602e24e48041cd04a747c6da556b65c4\windows-amd64

VM Arguments:
jvm_args: --add-opens=java.base/java.util=ALL-UNNAMED --add-opens=java.base/java.lang=ALL-UNNAMED --add-opens=java.base/java.lang.invoke=ALL-UNNAMED --add-opens=java.prefs/java.util.prefs=ALL-UNNAMED -Xmx2048m -Dfile.encoding=UTF-8 -Duser.country=US -Duser.language=en -Duser.variant 
java_command: org.gradle.launcher.daemon.bootstrap.GradleDaemon 6.7.1
java_class_path (initial): C:\Users\acer\.gradle\wrapper\dists\gradle-6.7.1-bin\bwlcbys1h7rz3272sye1xwiv6\gradle-6.7.1\lib\gradle-launcher-6.7.1.jar
Launcher Type: SUN_STANDARD

[Global flags]
     intx CICompilerCount                          = 4                                         {product} {ergonomic}
     uint ConcGCThreads                            = 2                                         {product} {ergonomic}
     uint G1ConcRefinementThreads                  = 8                                         {product} {ergonomic}
   size_t G1HeapRegionSize                         = 1048576                                   {product} {ergonomic}
    uintx GCDrainStackTargetSize                   = 64                                        {product} {ergonomic}
   size_t InitialHeapSize                          = 100663296                                 {product} {ergonomic}
   size_t MarkStackSize                            = 4194304                                   {product} {ergonomic}
   size_t MaxHeapSize                              = 2147483648                                {product} {command line}
   size_t MaxNewSize                               = 1287651328                                {product} {ergonomic}
   size_t MinHeapDeltaBytes                        = 1048576                                   {product} {ergonomic}
    uintx NonNMethodCodeHeapSize                   = 5836300                                {pd product} {ergonomic}
    uintx NonProfiledCodeHeapSize                  = 122910970                              {pd product} {ergonomic}
    uintx ProfiledCodeHeapSize                     = 122910970                              {pd product} {ergonomic}
    uintx ReservedCodeCacheSize                    = 251658240                              {pd product} {ergonomic}
     bool SegmentedCodeCache                       = true                                      {product} {ergonomic}
     bool UseCompressedClassPointers               = true                                 {lp64_product} {ergonomic}
     bool UseCompressedOops                        = true                                 {lp64_product} {ergonomic}
     bool UseG1GC                                  = true                                      {product} {ergonomic}
     bool UseLargePagesIndividualAllocation        = false                                  {pd product} {ergonomic}

Logging:
Log output configuration:
 #0: stdout all=warning uptime,level,tags
 #1: stderr all=off uptime,level,tags

Environment Variables:
PATH=C:\Program Files (x86)\Common Files\Oracle\Java\javapath;C:\WINDOWS\system32;C:\WINDOWS;C:\WINDOWS\System32\Wbem;C:\WINDOWS\System32\WindowsPowerShell\v1.0\;C:\WINDOWS\System32\OpenSSH\;D:\Nodejs\;C:\Program Files\Git\cmd;D:\Xampp\php;C:\ProgramData\ComposerSetup\bin;C:\Users\acer\AppData\Local\Microsoft\WindowsApps;C:\Users\acer\AppData\Local\Programs\Microsoft VS Code\bin;C:\Users\acer\AppData\Roaming\npm;C:\Users\acer\AppData\Roaming\Composer\vendor\bin;C:\Users\acer\AppData\Local\GitHubDesktop\bin
USERNAME=acer
OS=Windows_NT
PROCESSOR_IDENTIFIER=AMD64 Family 23 Model 24 Stepping 1, AuthenticAMD



---------------  S Y S T E M  ---------------

OS: Windows 10 , 64 bit Build 19041 (10.0.19041.1200)
OS uptime: 20 days 17:15 hours

CPU:total 8 (initial active 8) (8 cores per cpu, 2 threads per core) family 23 model 24 stepping 1, cmov, cx8, fxsr, mmx, sse, sse2, sse3, ssse3, sse4.1, sse4.2, popcnt, avx, avx2, aes, clmul, mmxext, 3dnowpref, lzcnt, sse4a, ht, tsc, tscinvbit, tscinv, bmi1, bmi2, adx, sha, fma

Memory: 4k page, system-wide physical 6082M (366M free)
TotalPageFile size 14082M (AvailPageFile size 52M)
current process WorkingSet (physical memory assigned to process): 441M, peak: 487M
current process commit charge ("private bytes"): 603M, peak: 848M

vm_info: OpenJDK 64-Bit Server VM (11.0.8+10-b944.6842174) for windows-amd64 JRE (11.0.8+10-b944.6842174), built on Sep 19 2020 01:11:42 by "builder" with MS VC++ 14.0 (VS2015)

END.
