#
# There is insufficient memory for the Java Runtime Environment to continue.
# Native memory allocation (malloc) failed to allocate 1911216 bytes for Chunk::new
# Possible reasons:
#   The system is out of physical RAM or swap space
#   The process is running with CompressedOops enabled, and the Java Heap may be blocking the growth of the native heap
# Possible solutions:
#   Reduce memory load on the system
#   Increase physical memory or swap space
#   Check if swap backing store is full
#   Decrease Java heap size (-Xmx/-Xms)
#   Decrease number of Java threads
#   Decrease Java thread stack sizes (-Xss)
#   Set larger code cache with -XX:ReservedCodeCacheSize=
#   JVM is running with Unscaled Compressed Oops mode in which the Java heap is
#     placed in the first 4GB address space. The Java Heap base address is the
#     maximum limit for the native heap growth. Please use -XX:HeapBaseMinAddress
#     to set the Java Heap base and to place the Java Heap above 4GB virtual address.
# This output file may be truncated or incomplete.
#
#  Out of Memory Error (./src/hotspot/share/memory/arena.cpp:197), pid=2948, tid=2648
#
# JRE version: OpenJDK Runtime Environment (11.0.10) (build 11.0.10+0-b96-7249189)
# Java VM: OpenJDK 64-Bit Server VM (11.0.10+0-b96-7249189, mixed mode, tiered, compressed oops, g1 gc, windows-amd64)
# No core dump will be written. Minidumps are not enabled by default on client versions of Windows
#

---------------  S U M M A R Y ------------

Command Line: --add-opens=java.base/java.util=ALL-UNNAMED --add-opens=java.base/java.lang=ALL-UNNAMED --add-opens=java.base/java.lang.invoke=ALL-UNNAMED --add-opens=java.prefs/java.util.prefs=ALL-UNNAMED -Xmx2048m -Dfile.encoding=UTF-8 -Duser.country=US -Duser.language=en -Duser.variant org.gradle.launcher.daemon.bootstrap.GradleDaemon 6.7.1

Host: AMD Ryzen 5 3550H with Radeon Vega Mobile Gfx  , 8 cores, 5G,  Windows 10 , 64 bit Build 22000 (10.0.22000.120)
Time: Mon Oct 11 13:46:45 2021 SE Asia Standard Time elapsed time: 1716.874856 seconds (0d 0h 28m 36s)

---------------  T H R E A D  ---------------

Current thread (0x0000011a04842000):  JavaThread "C2 CompilerThread0" daemon [_thread_in_native, id=2648, stack(0x000000186c900000,0x000000186ca00000)]


Current CompileTask:
C2:1716874 21643       4       org.gradle.api.internal.artifacts.transform.TransformingArtifactVisitor::lambda$visitArtifact$0 (73 bytes)

Stack: [0x000000186c900000,0x000000186ca00000]
Native frames: (J=compiled Java code, j=interpreted, Vv=VM code, C=native code)
V  [jvm.dll+0x5ecfaa]
V  [jvm.dll+0x722bd5]
V  [jvm.dll+0x72412d]
V  [jvm.dll+0x7247e3]
V  [jvm.dll+0x242928]
V  [jvm.dll+0xbc4fc]
V  [jvm.dll+0xbca0c]
V  [jvm.dll+0x352d3b]
V  [jvm.dll+0x320ad3]
V  [jvm.dll+0x31ffca]
V  [jvm.dll+0x1fb602]
V  [jvm.dll+0x1fa7f4]
V  [jvm.dll+0x18354c]
V  [jvm.dll+0x208ee7]
V  [jvm.dll+0x207731]
V  [jvm.dll+0x6eb1cf]
V  [jvm.dll+0x6e3d45]
V  [jvm.dll+0x5ebe96]
C  [ucrtbase.dll+0x26c0c]
C  [KERNEL32.DLL+0x154e0]
C  [ntdll.dll+0x485b]


---------------  P R O C E S S  ---------------

Threads class SMR info:
_java_thread_list=0x0000011a10bdff50, length=153, elements={
0x0000011a6a3bb800, 0x0000011a0481b000, 0x0000011a04825800, 0x0000011a051b2800,
0x0000011a04832000, 0x0000011a04832800, 0x0000011a04842000, 0x0000011a04845000,
0x0000011a04856800, 0x0000011a0530d800, 0x0000011a06619000, 0x0000011a06e53000,
0x0000011a067f0800, 0x0000011a06cbe800, 0x0000011a06cbc000, 0x0000011a06cc1000,
0x0000011a06cc2000, 0x0000011a0732e800, 0x0000011a05555800, 0x0000011a07623000,
0x0000011a0dad6800, 0x0000011a0d0e2800, 0x0000011a0d0dd000, 0x0000011a0761b000,
0x0000011a0761b800, 0x0000011a07617800, 0x0000011a07616000, 0x0000011a0761a000,
0x0000011a0761c800, 0x0000011a07619800, 0x0000011a07617000, 0x0000011a0761d800,
0x0000011a07618800, 0x0000011a07621800, 0x0000011a07622000, 0x0000011a0761f000,
0x0000011a07620000, 0x0000011a07624000, 0x0000011a07624800, 0x0000011a07620800,
0x0000011a0554a800, 0x0000011a05548000, 0x0000011a0554a000, 0x0000011a05549000,
0x0000011a05547800, 0x0000011a0554b800, 0x0000011a0554c800, 0x0000011a05546800,
0x0000011a0554d000, 0x0000011a05551000, 0x0000011a05552000, 0x0000011a0554e800,
0x0000011a0554f800, 0x0000011a05550800, 0x0000011a05553800, 0x0000011a0554e000,
0x0000011a05554800, 0x0000011a0bdf8000, 0x0000011a0bdf8800, 0x0000011a0bdf9800,
0x0000011a0bdfa800, 0x0000011a0bdfb000, 0x0000011a0bdfd000, 0x0000011a0bdf7000,
0x0000011a0bdff800, 0x0000011a0be00000, 0x0000011a0be01800, 0x0000011a0be02800,
0x0000011a0be03800, 0x0000011a0bdfd800, 0x0000011a0be04000, 0x0000011a0bdfe800,
0x0000011a0be05000, 0x0000011a0be06000, 0x0000011a0732f000, 0x0000011a07330800,
0x0000011a0732c800, 0x0000011a0732b000, 0x0000011a07331800, 0x0000011a0732d800,
0x0000011a0732c000, 0x0000011a07332800, 0x0000011a07334000, 0x0000011a07335000,
0x0000011a07333000, 0x0000011a07338000, 0x0000011a07335800, 0x0000011a07336800,
0x0000011a07337800, 0x0000011a07339000, 0x0000011a0dad8000, 0x0000011a0dad3000,
0x0000011a0dad2000, 0x0000011a0dad4000, 0x0000011a0dad4800, 0x0000011a0dad8800,
0x0000011a0dad5800, 0x0000011a0d0df800, 0x0000011a0d0e0000, 0x0000011a0d0e1000,
0x0000011a0d0e2000, 0x0000011a0d0e3800, 0x0000011a0d0dd800, 0x0000011a0d0de800,
0x0000011a06cbd000, 0x0000011a06cbf800, 0x0000011a06cbd800, 0x0000011a06cbb000,
0x0000011a06cc0000, 0x0000011a0bd79800, 0x0000011a0bd75800, 0x0000011a0bd76800,
0x0000011a0bd79000, 0x0000011a0bd74000, 0x0000011a0bd77000, 0x0000011a0bd7a800,
0x0000011a0bd78000, 0x0000011a0bd75000, 0x0000011a0bd7d800, 0x0000011a0bd7f800,
0x0000011a0bd7e800, 0x0000011a0bd80000, 0x0000011a0bd7c000, 0x0000011a0bd7d000,
0x0000011a0bd81000, 0x0000011a0bd7b800, 0x0000011a0bd82000, 0x0000011a0bd82800,
0x0000011a0b152000, 0x0000011a0b14c800, 0x0000011a0b14d000, 0x0000011a0b150800,
0x0000011a0b151000, 0x0000011a0b14e000, 0x0000011a0b14f000, 0x0000011a0b153800,
0x0000011a0b155800, 0x0000011a0b153000, 0x0000011a0b154800, 0x0000011a0b14f800,
0x0000011a0b158800, 0x0000011a0b159800, 0x0000011a0b15a000, 0x0000011a0b157000,
0x0000011a0b158000, 0x0000011a0b15b000, 0x0000011a0b156000, 0x0000011a076f1000,
0x0000011a076f2000, 0x0000011a076ec800, 0x0000011a076f3000, 0x0000011a076ed000,
0x0000011a076f3800
}

Java Threads: ( => current thread )
  0x0000011a6a3bb800 JavaThread "main" [_thread_blocked, id=688, stack(0x000000186bd00000,0x000000186be00000)]
  0x0000011a0481b000 JavaThread "Reference Handler" daemon [_thread_blocked, id=4356, stack(0x000000186c400000,0x000000186c500000)]
  0x0000011a04825800 JavaThread "Finalizer" daemon [_thread_blocked, id=7764, stack(0x000000186c500000,0x000000186c600000)]
  0x0000011a051b2800 JavaThread "Signal Dispatcher" daemon [_thread_blocked, id=12564, stack(0x000000186c600000,0x000000186c700000)]
  0x0000011a04832000 JavaThread "Attach Listener" daemon [_thread_blocked, id=10696, stack(0x000000186c700000,0x000000186c800000)]
  0x0000011a04832800 JavaThread "Service Thread" daemon [_thread_blocked, id=9824, stack(0x000000186c800000,0x000000186c900000)]
=>0x0000011a04842000 JavaThread "C2 CompilerThread0" daemon [_thread_in_native, id=2648, stack(0x000000186c900000,0x000000186ca00000)]
  0x0000011a04845000 JavaThread "C1 CompilerThread0" daemon [_thread_blocked, id=5080, stack(0x000000186ca00000,0x000000186cb00000)]
  0x0000011a04856800 JavaThread "Sweeper thread" daemon [_thread_blocked, id=5608, stack(0x000000186cb00000,0x000000186cc00000)]
  0x0000011a0530d800 JavaThread "Common-Cleaner" daemon [_thread_blocked, id=10084, stack(0x000000186cc00000,0x000000186cd00000)]
  0x0000011a06619000 JavaThread "Daemon health stats" [_thread_blocked, id=13468, stack(0x000000186cf00000,0x000000186d000000)]
  0x0000011a06e53000 JavaThread "Incoming local TCP Connector on port 54755" [_thread_in_native, id=13268, stack(0x000000186d200000,0x000000186d300000)]
  0x0000011a067f0800 JavaThread "Daemon periodic checks" [_thread_blocked, id=13016, stack(0x000000186d300000,0x000000186d400000)]
  0x0000011a06cbe800 JavaThread "Cache worker for file hash cache (C:\Users\acer\.gradle\caches\6.7.1\fileHashes)" [_thread_blocked, id=7656, stack(0x000000186e300000,0x000000186e400000)]
  0x0000011a06cbc000 JavaThread "File lock request listener" [_thread_in_native, id=13328, stack(0x000000186e400000,0x000000186e500000)]
  0x0000011a06cc1000 JavaThread "Cache worker for journal cache (C:\Users\acer\.gradle\caches\journal-1)" [_thread_blocked, id=13412, stack(0x000000186e600000,0x000000186e700000)]
  0x0000011a06cc2000 JavaThread "Cache worker for execution history cache (C:\Users\acer\.gradle\caches\6.7.1\executionHistory)" [_thread_blocked, id=9788, stack(0x000000186eb00000,0x000000186ec00000)]
  0x0000011a0732e800 JavaThread "Cache worker for file content cache (C:\Users\acer\.gradle\caches\6.7.1\fileContent)" [_thread_blocked, id=2680, stack(0x000000186ed00000,0x000000186ee00000)]
  0x0000011a05555800 JavaThread "Memory manager" [_thread_blocked, id=13800, stack(0x0000001875900000,0x0000001875a00000)]
  0x0000011a07623000 JavaThread "Cache worker for Java compile cache (C:\Users\acer\.gradle\caches\6.7.1\javaCompile)" [_thread_blocked, id=6552, stack(0x0000001876400000,0x0000001876500000)]
  0x0000011a0dad6800 JavaThread "ForkJoinPool.commonPool-worker-15" daemon [_thread_blocked, id=11636, stack(0x0000001876700000,0x0000001876800000)]
  0x0000011a0d0e2800 JavaThread "ForkJoinPool.commonPool-worker-5" daemon [_thread_blocked, id=6164, stack(0x0000001876900000,0x0000001876a00000)]
  0x0000011a0d0dd000 JavaThread "ForkJoinPool.commonPool-worker-7" daemon [_thread_blocked, id=13868, stack(0x0000001876a00000,0x0000001876b00000)]
  0x0000011a0761b000 JavaThread "Daemon Thread 5" [_thread_blocked, id=13940, stack(0x000000186ba00000,0x000000186bb00000)]
  0x0000011a0761b800 JavaThread "Handler for socket connection from /127.0.0.1:54755 to /127.0.0.1:63186" [_thread_in_native, id=9440, stack(0x000000186bb00000,0x000000186bc00000)]
  0x0000011a07617800 JavaThread "Cancel handler" [_thread_blocked, id=8768, stack(0x000000186bc00000,0x000000186bd00000)]
  0x0000011a07616000 JavaThread "Daemon worker Thread 5" [_thread_blocked, id=13496, stack(0x000000186d000000,0x000000186d100000)]
  0x0000011a0761a000 JavaThread "Asynchronous log dispatcher for DefaultDaemonConnection: socket connection from /127.0.0.1:54755 to /127.0.0.1:63186" [_thread_blocked, id=2540, stack(0x000000186d100000,0x000000186d200000)]
  0x0000011a0761c800 JavaThread "Stdin handler" [_thread_blocked, id=13564, stack(0x000000186d400000,0x000000186d500000)]
  0x0000011a07619800 JavaThread "Thread-630" [_thread_blocked, id=2952, stack(0x000000186d500000,0x000000186d600000)]
  0x0000011a07617000 JavaThread "Cache worker for file hash cache (D:\Du an truong\DuanPhonestore\.gradle\6.7.1\fileHashes)" [_thread_blocked, id=9708, stack(0x000000186de00000,0x000000186df00000)]
  0x0000011a0761d800 JavaThread "Cache worker for checksums cache (D:\Du an truong\DuanPhonestore\.gradle\checksums)" [_thread_blocked, id=2908, stack(0x000000186df00000,0x000000186e000000)]
  0x0000011a07618800 JavaThread "Cache worker for cache directory md-supplier (C:\Users\acer\.gradle\caches\6.7.1\md-supplier)" [_thread_blocked, id=13472, stack(0x000000186e000000,0x000000186e100000)]
  0x0000011a07621800 JavaThread "Cache worker for cache directory md-rule (C:\Users\acer\.gradle\caches\6.7.1\md-rule)" [_thread_blocked, id=5124, stack(0x000000186e100000,0x000000186e200000)]
  0x0000011a07622000 JavaThread "Cache worker for Build Output Cleanup Cache (D:\Du an truong\DuanPhonestore\.gradle\buildOutputCleanup)" [_thread_blocked, id=9152, stack(0x000000186e200000,0x000000186e300000)]
  0x0000011a0761f000 JavaThread "Build operations" [_thread_blocked, id=5364, stack(0x000000186e700000,0x000000186e800000)]
  0x0000011a07620000 JavaThread "Build operations Thread 2" [_thread_blocked, id=12128, stack(0x000000186e800000,0x000000186e900000)]
  0x0000011a07624000 JavaThread "Build operations Thread 3" [_thread_blocked, id=11284, stack(0x000000186e900000,0x000000186ea00000)]
  0x0000011a07624800 JavaThread "Build operations Thread 4" [_thread_blocked, id=6236, stack(0x000000186ea00000,0x000000186eb00000)]
  0x0000011a07620800 JavaThread "Build operations Thread 5" [_thread_in_native, id=9296, stack(0x000000186ec00000,0x000000186ed00000)]
  0x0000011a0554a800 JavaThread "Build operations Thread 6" [_thread_blocked, id=13064, stack(0x000000186ee00000,0x000000186ef00000)]
  0x0000011a05548000 JavaThread "Build operations Thread 7" [_thread_blocked, id=3204, stack(0x000000186ef00000,0x000000186f000000)]
  0x0000011a0554a000 JavaThread "Build operations Thread 8" [_thread_blocked, id=3884, stack(0x000000186f000000,0x000000186f100000)]
  0x0000011a05549000 JavaThread "jar transforms Thread 397" [_thread_blocked, id=8532, stack(0x000000186f100000,0x000000186f200000)]
  0x0000011a05547800 JavaThread "jar transforms Thread 398" [_thread_blocked, id=7804, stack(0x000000186f200000,0x000000186f300000)]
  0x0000011a0554b800 JavaThread "jar transforms Thread 399" [_thread_blocked, id=1388, stack(0x000000186f300000,0x000000186f400000)]
  0x0000011a0554c800 JavaThread "jar transforms Thread 400" [_thread_blocked, id=7148, stack(0x000000186f400000,0x000000186f500000)]
  0x0000011a05546800 JavaThread "jar transforms Thread 401" [_thread_blocked, id=6908, stack(0x000000186f500000,0x000000186f600000)]
  0x0000011a0554d000 JavaThread "jar transforms Thread 402" [_thread_blocked, id=8420, stack(0x000000186f600000,0x000000186f700000)]
  0x0000011a05551000 JavaThread "jar transforms Thread 403" [_thread_blocked, id=11340, stack(0x000000186f700000,0x000000186f800000)]
  0x0000011a05552000 JavaThread "jar transforms Thread 404" [_thread_blocked, id=11396, stack(0x000000186f800000,0x000000186f900000)]
  0x0000011a0554e800 JavaThread "jar transforms Thread 405" [_thread_blocked, id=8472, stack(0x000000186f900000,0x000000186fa00000)]
  0x0000011a0554f800 JavaThread "jar transforms Thread 406" [_thread_blocked, id=4988, stack(0x000000186fa00000,0x000000186fb00000)]
  0x0000011a05550800 JavaThread "jar transforms Thread 407" [_thread_blocked, id=12204, stack(0x000000186fb00000,0x000000186fc00000)]
  0x0000011a05553800 JavaThread "jar transforms Thread 408" [_thread_blocked, id=10700, stack(0x000000186fc00000,0x000000186fd00000)]
  0x0000011a0554e000 JavaThread "jar transforms Thread 409" [_thread_blocked, id=1384, stack(0x000000186fd00000,0x000000186fe00000)]
  0x0000011a05554800 JavaThread "jar transforms Thread 410" [_thread_blocked, id=13208, stack(0x000000186fe00000,0x000000186ff00000)]
  0x0000011a0bdf8000 JavaThread "jar transforms Thread 411" [_thread_blocked, id=4132, stack(0x000000186ff00000,0x0000001870000000)]
  0x0000011a0bdf8800 JavaThread "jar transforms Thread 412" [_thread_blocked, id=7172, stack(0x0000001870000000,0x0000001870100000)]
  0x0000011a0bdf9800 JavaThread "jar transforms Thread 413" [_thread_blocked, id=9060, stack(0x0000001870100000,0x0000001870200000)]
  0x0000011a0bdfa800 JavaThread "jar transforms Thread 414" [_thread_blocked, id=2500, stack(0x0000001870200000,0x0000001870300000)]
  0x0000011a0bdfb000 JavaThread "jar transforms Thread 415" [_thread_blocked, id=9356, stack(0x0000001870300000,0x0000001870400000)]
  0x0000011a0bdfd000 JavaThread "jar transforms Thread 416" [_thread_blocked, id=8680, stack(0x0000001870400000,0x0000001870500000)]
  0x0000011a0bdf7000 JavaThread "jar transforms Thread 417" [_thread_blocked, id=13236, stack(0x0000001870500000,0x0000001870600000)]
  0x0000011a0bdff800 JavaThread "jar transforms Thread 418" [_thread_blocked, id=5728, stack(0x0000001870600000,0x0000001870700000)]
  0x0000011a0be00000 JavaThread "jar transforms Thread 419" [_thread_blocked, id=6660, stack(0x0000001870700000,0x0000001870800000)]
  0x0000011a0be01800 JavaThread "jar transforms Thread 420" [_thread_blocked, id=7944, stack(0x0000001870800000,0x0000001870900000)]
  0x0000011a0be02800 JavaThread "jar transforms Thread 421" [_thread_blocked, id=4712, stack(0x0000001870900000,0x0000001870a00000)]
  0x0000011a0be03800 JavaThread "jar transforms Thread 422" [_thread_blocked, id=11612, stack(0x0000001870a00000,0x0000001870b00000)]
  0x0000011a0bdfd800 JavaThread "jar transforms Thread 423" [_thread_blocked, id=13212, stack(0x0000001870b00000,0x0000001870c00000)]
  0x0000011a0be04000 JavaThread "jar transforms Thread 424" [_thread_blocked, id=13132, stack(0x0000001870c00000,0x0000001870d00000)]
  0x0000011a0bdfe800 JavaThread "jar transforms Thread 425" [_thread_blocked, id=9856, stack(0x0000001870d00000,0x0000001870e00000)]
  0x0000011a0be05000 JavaThread "jar transforms Thread 426" [_thread_blocked, id=14220, stack(0x0000001870e00000,0x0000001870f00000)]
  0x0000011a0be06000 JavaThread "jar transforms Thread 427" [_thread_blocked, id=12676, stack(0x0000001870f00000,0x0000001871000000)]
  0x0000011a0732f000 JavaThread "jar transforms Thread 428" [_thread_blocked, id=14052, stack(0x0000001871000000,0x0000001871100000)]
  0x0000011a07330800 JavaThread "jar transforms Thread 429" [_thread_blocked, id=12008, stack(0x0000001871100000,0x0000001871200000)]
  0x0000011a0732c800 JavaThread "jar transforms Thread 430" [_thread_blocked, id=6520, stack(0x0000001871200000,0x0000001871300000)]
  0x0000011a0732b000 JavaThread "jar transforms Thread 431" [_thread_blocked, id=5964, stack(0x0000001871300000,0x0000001871400000)]
  0x0000011a07331800 JavaThread "jar transforms Thread 432" [_thread_blocked, id=13660, stack(0x0000001871400000,0x0000001871500000)]
  0x0000011a0732d800 JavaThread "jar transforms Thread 433" [_thread_blocked, id=13068, stack(0x0000001871500000,0x0000001871600000)]
  0x0000011a0732c000 JavaThread "jar transforms Thread 434" [_thread_blocked, id=184, stack(0x0000001871600000,0x0000001871700000)]
  0x0000011a07332800 JavaThread "jar transforms Thread 435" [_thread_blocked, id=7644, stack(0x0000001871700000,0x0000001871800000)]
  0x0000011a07334000 JavaThread "jar transforms Thread 436" [_thread_blocked, id=13128, stack(0x0000001871800000,0x0000001871900000)]
  0x0000011a07335000 JavaThread "jar transforms Thread 437" [_thread_blocked, id=12792, stack(0x0000001871900000,0x0000001871a00000)]
  0x0000011a07333000 JavaThread "jar transforms Thread 438" [_thread_blocked, id=10496, stack(0x0000001871a00000,0x0000001871b00000)]
  0x0000011a07338000 JavaThread "jar transforms Thread 439" [_thread_blocked, id=14060, stack(0x0000001871b00000,0x0000001871c00000)]
  0x0000011a07335800 JavaThread "jar transforms Thread 440" [_thread_blocked, id=12052, stack(0x0000001871c00000,0x0000001871d00000)]
  0x0000011a07336800 JavaThread "jar transforms Thread 441" [_thread_blocked, id=2848, stack(0x0000001871d00000,0x0000001871e00000)]
  0x0000011a07337800 JavaThread "jar transforms Thread 442" [_thread_blocked, id=5684, stack(0x0000001871e00000,0x0000001871f00000)]
  0x0000011a07339000 JavaThread "jar transforms Thread 443" [_thread_blocked, id=9360, stack(0x0000001871f00000,0x0000001872000000)]
  0x0000011a0dad8000 JavaThread "jar transforms Thread 444" [_thread_blocked, id=7556, stack(0x0000001872000000,0x0000001872100000)]
  0x0000011a0dad3000 JavaThread "jar transforms Thread 445" [_thread_blocked, id=7800, stack(0x0000001872100000,0x0000001872200000)]
  0x0000011a0dad2000 JavaThread "jar transforms Thread 446" [_thread_blocked, id=13304, stack(0x0000001872200000,0x0000001872300000)]
  0x0000011a0dad4000 JavaThread "jar transforms Thread 447" [_thread_blocked, id=7308, stack(0x0000001872300000,0x0000001872400000)]
  0x0000011a0dad4800 JavaThread "jar transforms Thread 448" [_thread_blocked, id=3296, stack(0x0000001872400000,0x0000001872500000)]
  0x0000011a0dad8800 JavaThread "jar transforms Thread 449" [_thread_blocked, id=7676, stack(0x0000001872500000,0x0000001872600000)]
  0x0000011a0dad5800 JavaThread "jar transforms Thread 450" [_thread_blocked, id=9288, stack(0x0000001872600000,0x0000001872700000)]
  0x0000011a0d0df800 JavaThread "jar transforms Thread 451" [_thread_blocked, id=13356, stack(0x0000001872700000,0x0000001872800000)]
  0x0000011a0d0e0000 JavaThread "jar transforms Thread 452" [_thread_blocked, id=9312, stack(0x0000001872800000,0x0000001872900000)]
  0x0000011a0d0e1000 JavaThread "jar transforms Thread 453" [_thread_blocked, id=14000, stack(0x0000001872900000,0x0000001872a00000)]
  0x0000011a0d0e2000 JavaThread "jar transforms Thread 454" [_thread_blocked, id=7796, stack(0x0000001872a00000,0x0000001872b00000)]
  0x0000011a0d0e3800 JavaThread "jar transforms Thread 455" [_thread_blocked, id=10212, stack(0x0000001872b00000,0x0000001872c00000)]
  0x0000011a0d0dd800 JavaThread "jar transforms Thread 456" [_thread_blocked, id=7136, stack(0x0000001872c00000,0x0000001872d00000)]
  0x0000011a0d0de800 JavaThread "jar transforms Thread 457" [_thread_blocked, id=13164, stack(0x0000001872d00000,0x0000001872e00000)]
  0x0000011a06cbd000 JavaThread "jar transforms Thread 458" [_thread_blocked, id=5232, stack(0x0000001872e00000,0x0000001872f00000)]
  0x0000011a06cbf800 JavaThread "jar transforms Thread 459" [_thread_blocked, id=6600, stack(0x0000001872f00000,0x0000001873000000)]
  0x0000011a06cbd800 JavaThread "jar transforms Thread 460" [_thread_blocked, id=6872, stack(0x0000001873000000,0x0000001873100000)]
  0x0000011a06cbb000 JavaThread "jar transforms Thread 461" [_thread_blocked, id=14216, stack(0x0000001873100000,0x0000001873200000)]
  0x0000011a06cc0000 JavaThread "jar transforms Thread 462" [_thread_blocked, id=4832, stack(0x0000001873200000,0x0000001873300000)]
  0x0000011a0bd79800 JavaThread "jar transforms Thread 463" [_thread_blocked, id=7488, stack(0x0000001873300000,0x0000001873400000)]
  0x0000011a0bd75800 JavaThread "jar transforms Thread 464" [_thread_blocked, id=4436, stack(0x0000001873400000,0x0000001873500000)]
  0x0000011a0bd76800 JavaThread "jar transforms Thread 465" [_thread_blocked, id=1144, stack(0x0000001873500000,0x0000001873600000)]
  0x0000011a0bd79000 JavaThread "jar transforms Thread 466" [_thread_blocked, id=10340, stack(0x0000001873600000,0x0000001873700000)]
  0x0000011a0bd74000 JavaThread "jar transforms Thread 467" [_thread_blocked, id=6632, stack(0x0000001873700000,0x0000001873800000)]
  0x0000011a0bd77000 JavaThread "jar transforms Thread 468" [_thread_blocked, id=3320, stack(0x0000001873800000,0x0000001873900000)]
  0x0000011a0bd7a800 JavaThread "jar transforms Thread 469" [_thread_blocked, id=11740, stack(0x0000001873900000,0x0000001873a00000)]
  0x0000011a0bd78000 JavaThread "jar transforms Thread 470" [_thread_blocked, id=14308, stack(0x0000001873a00000,0x0000001873b00000)]
  0x0000011a0bd75000 JavaThread "jar transforms Thread 471" [_thread_blocked, id=7284, stack(0x0000001873b00000,0x0000001873c00000)]
  0x0000011a0bd7d800 JavaThread "jar transforms Thread 472" [_thread_blocked, id=1640, stack(0x0000001873c00000,0x0000001873d00000)]
  0x0000011a0bd7f800 JavaThread "jar transforms Thread 473" [_thread_blocked, id=14116, stack(0x0000001873d00000,0x0000001873e00000)]
  0x0000011a0bd7e800 JavaThread "jar transforms Thread 474" [_thread_blocked, id=3520, stack(0x0000001873e00000,0x0000001873f00000)]
  0x0000011a0bd80000 JavaThread "jar transforms Thread 475" [_thread_blocked, id=5560, stack(0x0000001873f00000,0x0000001874000000)]
  0x0000011a0bd7c000 JavaThread "jar transforms Thread 476" [_thread_blocked, id=5660, stack(0x0000001874000000,0x0000001874100000)]
  0x0000011a0bd7d000 JavaThread "jar transforms Thread 477" [_thread_blocked, id=4816, stack(0x0000001874100000,0x0000001874200000)]
  0x0000011a0bd81000 JavaThread "jar transforms Thread 478" [_thread_blocked, id=5900, stack(0x0000001874200000,0x0000001874300000)]
  0x0000011a0bd7b800 JavaThread "jar transforms Thread 479" [_thread_blocked, id=11696, stack(0x0000001874300000,0x0000001874400000)]
  0x0000011a0bd82000 JavaThread "jar transforms Thread 480" [_thread_blocked, id=5588, stack(0x0000001874400000,0x0000001874500000)]
  0x0000011a0bd82800 JavaThread "jar transforms Thread 481" [_thread_blocked, id=3224, stack(0x0000001874500000,0x0000001874600000)]
  0x0000011a0b152000 JavaThread "jar transforms Thread 482" [_thread_blocked, id=10796, stack(0x0000001874600000,0x0000001874700000)]
  0x0000011a0b14c800 JavaThread "jar transforms Thread 483" [_thread_blocked, id=1052, stack(0x0000001874700000,0x0000001874800000)]
  0x0000011a0b14d000 JavaThread "jar transforms Thread 484" [_thread_blocked, id=11880, stack(0x0000001874800000,0x0000001874900000)]
  0x0000011a0b150800 JavaThread "jar transforms Thread 485" [_thread_blocked, id=8628, stack(0x0000001874900000,0x0000001874a00000)]
  0x0000011a0b151000 JavaThread "jar transforms Thread 486" [_thread_blocked, id=13844, stack(0x0000001874a00000,0x0000001874b00000)]
  0x0000011a0b14e000 JavaThread "jar transforms Thread 487" [_thread_blocked, id=7600, stack(0x0000001874b00000,0x0000001874c00000)]
  0x0000011a0b14f000 JavaThread "jar transforms Thread 488" [_thread_blocked, id=8944, stack(0x0000001874c00000,0x0000001874d00000)]
  0x0000011a0b153800 JavaThread "jar transforms Thread 489" [_thread_blocked, id=1636, stack(0x0000001874d00000,0x0000001874e00000)]
  0x0000011a0b155800 JavaThread "jar transforms Thread 490" [_thread_blocked, id=10236, stack(0x0000001874e00000,0x0000001874f00000)]
  0x0000011a0b153000 JavaThread "jar transforms Thread 491" [_thread_blocked, id=6944, stack(0x0000001874f00000,0x0000001875000000)]
  0x0000011a0b154800 JavaThread "jar transforms Thread 492" [_thread_blocked, id=12648, stack(0x0000001875000000,0x0000001875100000)]
  0x0000011a0b14f800 JavaThread "jar transforms Thread 493" [_thread_blocked, id=9392, stack(0x0000001875100000,0x0000001875200000)]
  0x0000011a0b158800 JavaThread "jar transforms Thread 494" [_thread_blocked, id=3036, stack(0x0000001875200000,0x0000001875300000)]
  0x0000011a0b159800 JavaThread "jar transforms Thread 495" [_thread_blocked, id=10324, stack(0x0000001875300000,0x0000001875400000)]
  0x0000011a0b15a000 JavaThread "build event listener" [_thread_blocked, id=12024, stack(0x0000001875400000,0x0000001875500000)]
  0x0000011a0b157000 JavaThread "build event listener" [_thread_blocked, id=10112, stack(0x0000001875500000,0x0000001875600000)]
  0x0000011a0b158000 JavaThread "Execution worker for ':'" [_thread_blocked, id=1832, stack(0x0000001875600000,0x0000001875700000)]
  0x0000011a0b15b000 JavaThread "Execution worker for ':' Thread 2" [_thread_blocked, id=5864, stack(0x0000001875700000,0x0000001875800000)]
  0x0000011a0b156000 JavaThread "Execution worker for ':' Thread 3" [_thread_blocked, id=13400, stack(0x0000001875800000,0x0000001875900000)]
  0x0000011a076f1000 JavaThread "Execution worker for ':' Thread 4" [_thread_blocked, id=4336, stack(0x0000001875a00000,0x0000001875b00000)]
  0x0000011a076f2000 JavaThread "Execution worker for ':' Thread 5" [_thread_blocked, id=2868, stack(0x0000001875b00000,0x0000001875c00000)]
  0x0000011a076ec800 JavaThread "Execution worker for ':' Thread 6" [_thread_blocked, id=11044, stack(0x0000001875c00000,0x0000001875d00000)]
  0x0000011a076f3000 JavaThread "Execution worker for ':' Thread 7" [_thread_blocked, id=13532, stack(0x0000001875d00000,0x0000001875e00000)]
  0x0000011a076ed000 JavaThread "Cache worker for execution history cache (D:\Du an truong\DuanPhonestore\.gradle\6.7.1\executionHistory)" [_thread_blocked, id=5184, stack(0x0000001875e00000,0x0000001875f00000)]
  0x0000011a076f3800 JavaThread "WorkerExecutor Queue" [_thread_blocked, id=6392, stack(0x0000001875f00000,0x0000001876000000)]

Other Threads:
  0x0000011a04817800 VMThread "VM Thread" [stack: 0x000000186c300000,0x000000186c400000] [id=7432]
  0x0000011a0533c000 WatcherThread [stack: 0x000000186cd00000,0x000000186ce00000] [id=3960]
  0x0000011a6a3d3800 GCTaskThread "GC Thread#0" [stack: 0x000000186be00000,0x000000186bf00000] [id=12580]
  0x0000011a06024000 GCTaskThread "GC Thread#1" [stack: 0x000000186ce00000,0x000000186cf00000] [id=5360]
  0x0000011a06313000 GCTaskThread "GC Thread#2" [stack: 0x000000186d600000,0x000000186d700000] [id=13736]
  0x0000011a06c4c000 GCTaskThread "GC Thread#3" [stack: 0x000000186d700000,0x000000186d800000] [id=3248]
  0x0000011a06c4d000 GCTaskThread "GC Thread#4" [stack: 0x000000186d800000,0x000000186d900000] [id=5328]
  0x0000011a069db000 GCTaskThread "GC Thread#5" [stack: 0x000000186d900000,0x000000186da00000] [id=2072]
  0x0000011a069dc800 GCTaskThread "GC Thread#6" [stack: 0x000000186da00000,0x000000186db00000] [id=3924]
  0x0000011a069dd000 GCTaskThread "GC Thread#7" [stack: 0x000000186db00000,0x000000186dc00000] [id=11444]
  0x0000011a6a404800 ConcurrentGCThread "G1 Main Marker" [stack: 0x000000186bf00000,0x000000186c000000] [id=12028]
  0x0000011a6a405800 ConcurrentGCThread "G1 Conc#0" [stack: 0x000000186c000000,0x000000186c100000] [id=9036]
  0x0000011a071e9800 ConcurrentGCThread "G1 Conc#1" [stack: 0x000000186e500000,0x000000186e600000] [id=8424]
  0x0000011a6a494000 ConcurrentGCThread "G1 Refine#0" [stack: 0x000000186c100000,0x000000186c200000] [id=11028]
  0x0000011a05c75800 ConcurrentGCThread "G1 Refine#1" [stack: 0x000000186dc00000,0x000000186dd00000] [id=3524]
  0x0000011a0680f800 ConcurrentGCThread "G1 Refine#2" [stack: 0x000000186dd00000,0x000000186de00000] [id=12260]
  0x0000011a6a495800 ConcurrentGCThread "G1 Young RemSet Sampling" [stack: 0x000000186c200000,0x000000186c300000] [id=9672]

Threads with active compile tasks:
C2 CompilerThread01716920 21643       4       org.gradle.api.internal.artifacts.transform.TransformingArtifactVisitor::lambda$visitArtifact$0 (73 bytes)

VM state:not at safepoint (normal execution)

VM Mutex/Monitor currently owned by a thread: None

Heap address: 0x0000000080000000, size: 2048 MB, Compressed Oops mode: 32-bit
Narrow klass base: 0x0000000000000000, Narrow klass shift: 3
Compressed class space size: 1073741824 Address: 0x0000000100000000

Heap:
 garbage-first heap   total 206848K, used 104735K [0x0000000080000000, 0x0000000100000000)
  region size 1024K, 11 young (11264K), 1 survivors (1024K)
 Metaspace       used 112715K, capacity 115686K, committed 116224K, reserved 1150976K
  class space    used 14001K, capacity 15142K, committed 15360K, reserved 1048576K
Heap Regions: E=young(eden), S=young(survivor), O=old, HS=humongous(starts), HC=humongous(continues), CS=collection set, F=free, A=archive, TAMS=top-at-mark-start (previous, next)
|   0|0x0000000080000000, 0x0000000080100000, 0x0000000080100000|100%| O|  |TAMS 0x0000000080100000, 0x0000000080000000| Untracked 
|   1|0x0000000080100000, 0x0000000080200000, 0x0000000080200000|100%| O|  |TAMS 0x0000000080200000, 0x0000000080100000| Untracked 
|   2|0x0000000080200000, 0x0000000080300000, 0x0000000080300000|100%| O|  |TAMS 0x0000000080300000, 0x0000000080200000| Untracked 
|   3|0x0000000080300000, 0x0000000080400000, 0x0000000080400000|100%|HS|  |TAMS 0x0000000080400000, 0x0000000080300000| Complete 
|   4|0x0000000080400000, 0x0000000080500000, 0x0000000080500000|100%|HC|  |TAMS 0x0000000080500000, 0x0000000080400000| Complete 
|   5|0x0000000080500000, 0x0000000080600000, 0x0000000080600000|100%|HC|  |TAMS 0x0000000080600000, 0x0000000080500000| Complete 
|   6|0x0000000080600000, 0x0000000080700000, 0x0000000080700000|100%| O|  |TAMS 0x0000000080700000, 0x0000000080600000| Untracked 
|   7|0x0000000080700000, 0x0000000080800000, 0x0000000080800000|100%| O|  |TAMS 0x0000000080800000, 0x0000000080700000| Untracked 
|   8|0x0000000080800000, 0x0000000080900000, 0x0000000080900000|100%| O|  |TAMS 0x0000000080900000, 0x0000000080800000| Untracked 
|   9|0x0000000080900000, 0x0000000080a00000, 0x0000000080a00000|100%| O|  |TAMS 0x0000000080a00000, 0x0000000080900000| Untracked 
|  10|0x0000000080a00000, 0x0000000080b00000, 0x0000000080b00000|100%| O|  |TAMS 0x0000000080b00000, 0x0000000080a00000| Untracked 
|  11|0x0000000080b00000, 0x0000000080b00000, 0x0000000080c00000|  0%| F|  |TAMS 0x0000000080b00000, 0x0000000080b00000| Untracked 
|  12|0x0000000080c00000, 0x0000000080d00000, 0x0000000080d00000|100%| O|  |TAMS 0x0000000080d00000, 0x0000000080c00000| Untracked 
|  13|0x0000000080d00000, 0x0000000080e00000, 0x0000000080e00000|100%| O|  |TAMS 0x0000000080e00000, 0x0000000080d00000| Untracked 
|  14|0x0000000080e00000, 0x0000000080f00000, 0x0000000080f00000|100%| O|  |TAMS 0x0000000080f00000, 0x0000000080e00000| Untracked 
|  15|0x0000000080f00000, 0x0000000081000000, 0x0000000081000000|100%| O|  |TAMS 0x0000000081000000, 0x0000000080f00000| Untracked 
|  16|0x0000000081000000, 0x0000000081100000, 0x0000000081100000|100%| O|  |TAMS 0x0000000081100000, 0x0000000081000000| Untracked 
|  17|0x0000000081100000, 0x0000000081200000, 0x0000000081200000|100%| O|  |TAMS 0x0000000081200000, 0x0000000081100000| Untracked 
|  18|0x0000000081200000, 0x0000000081300000, 0x0000000081300000|100%| O|  |TAMS 0x0000000081300000, 0x0000000081200000| Untracked 
|  19|0x0000000081300000, 0x0000000081400000, 0x0000000081400000|100%| O|  |TAMS 0x0000000081400000, 0x0000000081300000| Untracked 
|  20|0x0000000081400000, 0x0000000081500000, 0x0000000081500000|100%|HS|  |TAMS 0x0000000081500000, 0x0000000081400000| Complete 
|  21|0x0000000081500000, 0x0000000081600000, 0x0000000081600000|100%| O|  |TAMS 0x0000000081600000, 0x0000000081500000| Untracked 
|  22|0x0000000081600000, 0x0000000081700000, 0x0000000081700000|100%| O|  |TAMS 0x0000000081700000, 0x0000000081600000| Untracked 
|  23|0x0000000081700000, 0x0000000081800000, 0x0000000081800000|100%| O|  |TAMS 0x0000000081800000, 0x0000000081700000| Untracked 
|  24|0x0000000081800000, 0x0000000081900000, 0x0000000081900000|100%| O|  |TAMS 0x0000000081900000, 0x0000000081800000| Untracked 
|  25|0x0000000081900000, 0x0000000081a00000, 0x0000000081a00000|100%|HS|  |TAMS 0x0000000081a00000, 0x0000000081900000| Complete 
|  26|0x0000000081a00000, 0x0000000081b00000, 0x0000000081b00000|100%|HC|  |TAMS 0x0000000081b00000, 0x0000000081a00000| Complete 
|  27|0x0000000081b00000, 0x0000000081c00000, 0x0000000081c00000|100%| O|  |TAMS 0x0000000081c00000, 0x0000000081b00000| Untracked 
|  28|0x0000000081c00000, 0x0000000081d00000, 0x0000000081d00000|100%| O|  |TAMS 0x0000000081d00000, 0x0000000081c00000| Untracked 
|  29|0x0000000081d00000, 0x0000000081e00000, 0x0000000081e00000|100%| O|  |TAMS 0x0000000081e00000, 0x0000000081d00000| Untracked 
|  30|0x0000000081e00000, 0x0000000081f00000, 0x0000000081f00000|100%| O|  |TAMS 0x0000000081f00000, 0x0000000081e00000| Untracked 
|  31|0x0000000081f00000, 0x0000000081f00000, 0x0000000082000000|  0%| F|  |TAMS 0x0000000081f00000, 0x0000000081f00000| Untracked 
|  32|0x0000000082000000, 0x0000000082100000, 0x0000000082100000|100%| O|  |TAMS 0x0000000082100000, 0x0000000082000000| Untracked 
|  33|0x0000000082100000, 0x0000000082200000, 0x0000000082200000|100%| O|  |TAMS 0x0000000082200000, 0x0000000082100000| Untracked 
|  34|0x0000000082200000, 0x0000000082300000, 0x0000000082300000|100%| O|  |TAMS 0x0000000082300000, 0x0000000082200000| Untracked 
|  35|0x0000000082300000, 0x0000000082400000, 0x0000000082400000|100%| O|  |TAMS 0x0000000082400000, 0x0000000082300000| Untracked 
|  36|0x0000000082400000, 0x0000000082500000, 0x0000000082500000|100%| O|  |TAMS 0x0000000082500000, 0x0000000082400000| Untracked 
|  37|0x0000000082500000, 0x0000000082600000, 0x0000000082600000|100%| O|  |TAMS 0x0000000082600000, 0x0000000082500000| Untracked 
|  38|0x0000000082600000, 0x0000000082700000, 0x0000000082700000|100%| O|  |TAMS 0x0000000082700000, 0x0000000082600000| Untracked 
|  39|0x0000000082700000, 0x0000000082800000, 0x0000000082800000|100%| O|  |TAMS 0x0000000082800000, 0x0000000082700000| Untracked 
|  40|0x0000000082800000, 0x0000000082900000, 0x0000000082900000|100%| O|  |TAMS 0x0000000082900000, 0x0000000082800000| Untracked 
|  41|0x0000000082900000, 0x0000000082a00000, 0x0000000082a00000|100%| O|  |TAMS 0x0000000082a00000, 0x0000000082900000| Untracked 
|  42|0x0000000082a00000, 0x0000000082b00000, 0x0000000082b00000|100%| O|  |TAMS 0x0000000082b00000, 0x0000000082a00000| Untracked 
|  43|0x0000000082b00000, 0x0000000082c00000, 0x0000000082c00000|100%| O|  |TAMS 0x0000000082c00000, 0x0000000082b00000| Untracked 
|  44|0x0000000082c00000, 0x0000000082d00000, 0x0000000082d00000|100%| O|  |TAMS 0x0000000082d00000, 0x0000000082c00000| Untracked 
|  45|0x0000000082d00000, 0x0000000082e00000, 0x0000000082e00000|100%| O|  |TAMS 0x0000000082e00000, 0x0000000082d00000| Untracked 
|  46|0x0000000082e00000, 0x0000000082f00000, 0x0000000082f00000|100%| O|  |TAMS 0x0000000082f00000, 0x0000000082e00000| Untracked 
|  47|0x0000000082f00000, 0x0000000083000000, 0x0000000083000000|100%| O|  |TAMS 0x0000000083000000, 0x0000000082f00000| Untracked 
|  48|0x0000000083000000, 0x0000000083100000, 0x0000000083100000|100%| O|  |TAMS 0x0000000083100000, 0x0000000083000000| Untracked 
|  49|0x0000000083100000, 0x0000000083200000, 0x0000000083200000|100%| O|  |TAMS 0x0000000083200000, 0x0000000083100000| Untracked 
|  50|0x0000000083200000, 0x0000000083300000, 0x0000000083300000|100%| O|  |TAMS 0x0000000083300000, 0x0000000083200000| Untracked 
|  51|0x0000000083300000, 0x0000000083400000, 0x0000000083400000|100%| O|  |TAMS 0x0000000083400000, 0x0000000083300000| Untracked 
|  52|0x0000000083400000, 0x0000000083500000, 0x0000000083500000|100%| O|  |TAMS 0x0000000083500000, 0x0000000083400000| Untracked 
|  53|0x0000000083500000, 0x0000000083500000, 0x0000000083600000|  0%| F|  |TAMS 0x0000000083500000, 0x0000000083500000| Untracked 
|  54|0x0000000083600000, 0x0000000083700000, 0x0000000083700000|100%| O|  |TAMS 0x0000000083700000, 0x0000000083600000| Untracked 
|  55|0x0000000083700000, 0x0000000083800000, 0x0000000083800000|100%| O|  |TAMS 0x0000000083800000, 0x0000000083700000| Untracked 
|  56|0x0000000083800000, 0x0000000083800000, 0x0000000083900000|  0%| F|  |TAMS 0x0000000083800000, 0x0000000083800000| Untracked 
|  57|0x0000000083900000, 0x0000000083a00000, 0x0000000083a00000|100%| O|  |TAMS 0x0000000083a00000, 0x0000000083900000| Untracked 
|  58|0x0000000083a00000, 0x0000000083b00000, 0x0000000083b00000|100%| O|  |TAMS 0x0000000083b00000, 0x0000000083a00000| Untracked 
|  59|0x0000000083b00000, 0x0000000083b00000, 0x0000000083c00000|  0%| F|  |TAMS 0x0000000083b00000, 0x0000000083b00000| Untracked 
|  60|0x0000000083c00000, 0x0000000083c00000, 0x0000000083d00000|  0%| F|  |TAMS 0x0000000083c00000, 0x0000000083c00000| Untracked 
|  61|0x0000000083d00000, 0x0000000083d00000, 0x0000000083e00000|  0%| F|  |TAMS 0x0000000083d00000, 0x0000000083d00000| Untracked 
|  62|0x0000000083e00000, 0x0000000083f00000, 0x0000000083f00000|100%| O|  |TAMS 0x0000000083f00000, 0x0000000083e00000| Untracked 
|  63|0x0000000083f00000, 0x0000000084000000, 0x0000000084000000|100%| O|  |TAMS 0x0000000084000000, 0x0000000083f00000| Untracked 
|  64|0x0000000084000000, 0x0000000084100000, 0x0000000084100000|100%| O|  |TAMS 0x0000000084100000, 0x0000000084000000| Untracked 
|  65|0x0000000084100000, 0x0000000084200000, 0x0000000084200000|100%| O|  |TAMS 0x0000000084200000, 0x0000000084100000| Untracked 
|  66|0x0000000084200000, 0x0000000084300000, 0x0000000084300000|100%| O|  |TAMS 0x0000000084300000, 0x0000000084200000| Untracked 
|  67|0x0000000084300000, 0x0000000084400000, 0x0000000084400000|100%| O|  |TAMS 0x0000000084400000, 0x0000000084300000| Untracked 
|  68|0x0000000084400000, 0x0000000084500000, 0x0000000084500000|100%| O|  |TAMS 0x0000000084400000, 0x0000000084400000| Untracked 
|  69|0x0000000084500000, 0x0000000084600000, 0x0000000084600000|100%| O|  |TAMS 0x0000000084600000, 0x0000000084500000| Untracked 
|  70|0x0000000084600000, 0x0000000084600000, 0x0000000084700000|  0%| F|  |TAMS 0x0000000084600000, 0x0000000084600000| Untracked 
|  71|0x0000000084700000, 0x0000000084800000, 0x0000000084800000|100%| O|  |TAMS 0x0000000084800000, 0x0000000084700000| Untracked 
|  72|0x0000000084800000, 0x0000000084900000, 0x0000000084900000|100%| O|  |TAMS 0x0000000084900000, 0x0000000084800000| Untracked 
|  73|0x0000000084900000, 0x0000000084900000, 0x0000000084a00000|  0%| F|  |TAMS 0x0000000084900000, 0x0000000084900000| Untracked 
|  74|0x0000000084a00000, 0x0000000084a00000, 0x0000000084b00000|  0%| F|  |TAMS 0x0000000084a00000, 0x0000000084a00000| Untracked 
|  75|0x0000000084b00000, 0x0000000084b00000, 0x0000000084c00000|  0%| F|  |TAMS 0x0000000084b00000, 0x0000000084b00000| Untracked 
|  76|0x0000000084c00000, 0x0000000084d00000, 0x0000000084d00000|100%| O|  |TAMS 0x0000000084c00000, 0x0000000084c00000| Untracked 
|  77|0x0000000084d00000, 0x0000000084e00000, 0x0000000084e00000|100%| O|  |TAMS 0x0000000084d00000, 0x0000000084d00000| Untracked 
|  78|0x0000000084e00000, 0x0000000084e00000, 0x0000000084f00000|  0%| F|  |TAMS 0x0000000084e00000, 0x0000000084e00000| Untracked 
|  79|0x0000000084f00000, 0x0000000085000000, 0x0000000085000000|100%| O|  |TAMS 0x0000000084f00000, 0x0000000084f00000| Untracked 
|  80|0x0000000085000000, 0x0000000085100000, 0x0000000085100000|100%| O|  |TAMS 0x0000000085100000, 0x0000000085000000| Untracked 
|  81|0x0000000085100000, 0x0000000085200000, 0x0000000085200000|100%| O|  |TAMS 0x0000000085200000, 0x0000000085100000| Untracked 
|  82|0x0000000085200000, 0x0000000085300000, 0x0000000085300000|100%| O|  |TAMS 0x0000000085300000, 0x0000000085200000| Untracked 
|  83|0x0000000085300000, 0x0000000085400000, 0x0000000085400000|100%| O|  |TAMS 0x0000000085400000, 0x0000000085300000| Untracked 
|  84|0x0000000085400000, 0x0000000085500000, 0x0000000085500000|100%| O|  |TAMS 0x0000000085500000, 0x0000000085400000| Untracked 
|  85|0x0000000085500000, 0x0000000085600000, 0x0000000085600000|100%| O|  |TAMS 0x0000000085600000, 0x0000000085500000| Untracked 
|  86|0x0000000085600000, 0x0000000085700000, 0x0000000085700000|100%| O|  |TAMS 0x0000000085700000, 0x0000000085600000| Untracked 
|  87|0x0000000085700000, 0x0000000085800000, 0x0000000085800000|100%| O|  |TAMS 0x0000000085700000, 0x0000000085700000| Untracked 
|  88|0x0000000085800000, 0x0000000085900000, 0x0000000085900000|100%| O|  |TAMS 0x0000000085900000, 0x0000000085800000| Untracked 
|  89|0x0000000085900000, 0x0000000085a00000, 0x0000000085a00000|100%| O|  |TAMS 0x0000000085a00000, 0x0000000085900000| Untracked 
|  90|0x0000000085a00000, 0x0000000085b00000, 0x0000000085b00000|100%| O|  |TAMS 0x0000000085b00000, 0x0000000085a00000| Untracked 
|  91|0x0000000085b00000, 0x0000000085c00000, 0x0000000085c00000|100%| O|  |TAMS 0x0000000085c00000, 0x0000000085b00000| Untracked 
|  92|0x0000000085c00000, 0x0000000085d00000, 0x0000000085d00000|100%| O|  |TAMS 0x0000000085d00000, 0x0000000085c00000| Untracked 
|  93|0x0000000085d00000, 0x0000000085e00000, 0x0000000085e00000|100%| O|  |TAMS 0x0000000085e00000, 0x0000000085d00000| Untracked 
|  94|0x0000000085e00000, 0x0000000085f00000, 0x0000000085f00000|100%| O|  |TAMS 0x0000000085f00000, 0x0000000085e00000| Untracked 
|  95|0x0000000085f00000, 0x0000000085fd1c00, 0x0000000086000000| 81%| O|  |TAMS 0x0000000085f00000, 0x0000000085f00000| Untracked 
|  96|0x0000000086000000, 0x0000000086000000, 0x0000000086100000|  0%| F|  |TAMS 0x0000000086000000, 0x0000000086000000| Untracked 
|  97|0x0000000086100000, 0x0000000086200000, 0x0000000086200000|100%| O|  |TAMS 0x0000000086200000, 0x0000000086100000| Untracked 
|  98|0x0000000086200000, 0x0000000086300000, 0x0000000086300000|100%| O|  |TAMS 0x0000000086300000, 0x0000000086200000| Untracked 
|  99|0x0000000086300000, 0x0000000086400000, 0x0000000086400000|100%| O|  |TAMS 0x0000000086400000, 0x0000000086300000| Untracked 
| 100|0x0000000086400000, 0x0000000086500000, 0x0000000086500000|100%| O|  |TAMS 0x0000000086500000, 0x0000000086400000| Untracked 
| 101|0x0000000086500000, 0x0000000086600000, 0x0000000086600000|100%| O|  |TAMS 0x0000000086600000, 0x0000000086500000| Untracked 
| 102|0x0000000086600000, 0x0000000086700000, 0x0000000086700000|100%| O|  |TAMS 0x0000000086700000, 0x0000000086600000| Untracked 
| 103|0x0000000086700000, 0x0000000086800000, 0x0000000086800000|100%| O|  |TAMS 0x0000000086800000, 0x0000000086700000| Untracked 
| 104|0x0000000086800000, 0x0000000086800000, 0x0000000086900000|  0%| F|  |TAMS 0x0000000086800000, 0x0000000086800000| Untracked 
| 105|0x0000000086900000, 0x0000000086900000, 0x0000000086a00000|  0%| F|  |TAMS 0x0000000086900000, 0x0000000086900000| Untracked 
| 106|0x0000000086a00000, 0x0000000086a00000, 0x0000000086b00000|  0%| F|  |TAMS 0x0000000086a00000, 0x0000000086a00000| Untracked 
| 107|0x0000000086b00000, 0x0000000086c00000, 0x0000000086c00000|100%| O|  |TAMS 0x0000000086c00000, 0x0000000086b00000| Untracked 
| 108|0x0000000086c00000, 0x0000000086c00000, 0x0000000086d00000|  0%| F|  |TAMS 0x0000000086c00000, 0x0000000086c00000| Untracked 
| 109|0x0000000086d00000, 0x0000000086e00000, 0x0000000086e00000|100%| O|  |TAMS 0x0000000086e00000, 0x0000000086d00000| Untracked 
| 110|0x0000000086e00000, 0x0000000086e00000, 0x0000000086f00000|  0%| F|  |TAMS 0x0000000086e00000, 0x0000000086e00000| Untracked 
| 111|0x0000000086f00000, 0x0000000086f00000, 0x0000000087000000|  0%| F|  |TAMS 0x0000000086f00000, 0x0000000086f00000| Untracked 
| 112|0x0000000087000000, 0x0000000087000000, 0x0000000087100000|  0%| F|  |TAMS 0x0000000087000000, 0x0000000087000000| Untracked 
| 113|0x0000000087100000, 0x0000000087200000, 0x0000000087200000|100%| O|  |TAMS 0x0000000087200000, 0x0000000087100000| Untracked 
| 114|0x0000000087200000, 0x0000000087200000, 0x0000000087300000|  0%| F|  |TAMS 0x0000000087200000, 0x0000000087200000| Untracked 
| 115|0x0000000087300000, 0x0000000087300000, 0x0000000087400000|  0%| F|  |TAMS 0x0000000087300000, 0x0000000087300000| Untracked 
| 116|0x0000000087400000, 0x0000000087400000, 0x0000000087500000|  0%| F|  |TAMS 0x0000000087400000, 0x0000000087400000| Untracked 
| 117|0x0000000087500000, 0x0000000087500000, 0x0000000087600000|  0%| F|  |TAMS 0x0000000087500000, 0x0000000087500000| Untracked 
| 118|0x0000000087600000, 0x0000000087600000, 0x0000000087700000|  0%| F|  |TAMS 0x0000000087600000, 0x0000000087600000| Untracked 
| 119|0x0000000087700000, 0x0000000087700000, 0x0000000087800000|  0%| F|  |TAMS 0x0000000087700000, 0x0000000087700000| Untracked 
| 120|0x0000000087800000, 0x0000000087800000, 0x0000000087900000|  0%| F|  |TAMS 0x0000000087800000, 0x0000000087800000| Untracked 
| 121|0x0000000087900000, 0x0000000087900000, 0x0000000087a00000|  0%| F|  |TAMS 0x0000000087900000, 0x0000000087900000| Untracked 
| 122|0x0000000087a00000, 0x0000000087a00000, 0x0000000087b00000|  0%| F|  |TAMS 0x0000000087a00000, 0x0000000087a00000| Untracked 
| 123|0x0000000087b00000, 0x0000000087b00000, 0x0000000087c00000|  0%| F|  |TAMS 0x0000000087b00000, 0x0000000087b00000| Untracked 
| 124|0x0000000087c00000, 0x0000000087c00000, 0x0000000087d00000|  0%| F|  |TAMS 0x0000000087c00000, 0x0000000087c00000| Untracked 
| 125|0x0000000087d00000, 0x0000000087d00000, 0x0000000087e00000|  0%| F|  |TAMS 0x0000000087d00000, 0x0000000087d00000| Untracked 
| 126|0x0000000087e00000, 0x0000000087e00000, 0x0000000087f00000|  0%| F|  |TAMS 0x0000000087e00000, 0x0000000087e00000| Untracked 
| 127|0x0000000087f00000, 0x0000000087f00000, 0x0000000088000000|  0%| F|  |TAMS 0x0000000087f00000, 0x0000000087f00000| Untracked 
| 128|0x0000000088000000, 0x0000000088000000, 0x0000000088100000|  0%| F|  |TAMS 0x0000000088000000, 0x0000000088000000| Untracked 
| 129|0x0000000088100000, 0x0000000088100000, 0x0000000088200000|  0%| F|  |TAMS 0x0000000088100000, 0x0000000088100000| Untracked 
| 130|0x0000000088200000, 0x0000000088200000, 0x0000000088300000|  0%| F|  |TAMS 0x0000000088200000, 0x0000000088200000| Untracked 
| 131|0x0000000088300000, 0x0000000088300000, 0x0000000088400000|  0%| F|  |TAMS 0x0000000088300000, 0x0000000088300000| Untracked 
| 132|0x0000000088400000, 0x0000000088400000, 0x0000000088500000|  0%| F|  |TAMS 0x0000000088400000, 0x0000000088400000| Untracked 
| 133|0x0000000088500000, 0x0000000088500000, 0x0000000088600000|  0%| F|  |TAMS 0x0000000088500000, 0x0000000088500000| Untracked 
| 134|0x0000000088600000, 0x0000000088600000, 0x0000000088700000|  0%| F|  |TAMS 0x0000000088600000, 0x0000000088600000| Untracked 
| 135|0x0000000088700000, 0x0000000088700000, 0x0000000088800000|  0%| F|  |TAMS 0x0000000088700000, 0x0000000088700000| Untracked 
| 136|0x0000000088800000, 0x0000000088800000, 0x0000000088900000|  0%| F|  |TAMS 0x0000000088800000, 0x0000000088800000| Untracked 
| 137|0x0000000088900000, 0x0000000088900000, 0x0000000088a00000|  0%| F|  |TAMS 0x0000000088900000, 0x0000000088900000| Untracked 
| 138|0x0000000088a00000, 0x0000000088a00000, 0x0000000088b00000|  0%| F|  |TAMS 0x0000000088a00000, 0x0000000088a00000| Untracked 
| 139|0x0000000088b00000, 0x0000000088b00000, 0x0000000088c00000|  0%| F|  |TAMS 0x0000000088b00000, 0x0000000088b00000| Untracked 
| 140|0x0000000088c00000, 0x0000000088c00000, 0x0000000088d00000|  0%| F|  |TAMS 0x0000000088c00000, 0x0000000088c00000| Untracked 
| 141|0x0000000088d00000, 0x0000000088d00000, 0x0000000088e00000|  0%| F|  |TAMS 0x0000000088d00000, 0x0000000088d00000| Untracked 
| 142|0x0000000088e00000, 0x0000000088e00000, 0x0000000088f00000|  0%| F|  |TAMS 0x0000000088e00000, 0x0000000088e00000| Untracked 
| 143|0x0000000088f00000, 0x0000000088f00000, 0x0000000089000000|  0%| F|  |TAMS 0x0000000088f00000, 0x0000000088f00000| Untracked 
| 144|0x0000000089000000, 0x0000000089000000, 0x0000000089100000|  0%| F|  |TAMS 0x0000000089000000, 0x0000000089000000| Untracked 
| 145|0x0000000089100000, 0x0000000089100000, 0x0000000089200000|  0%| F|  |TAMS 0x0000000089100000, 0x0000000089100000| Untracked 
| 146|0x0000000089200000, 0x0000000089200000, 0x0000000089300000|  0%| F|  |TAMS 0x0000000089200000, 0x0000000089200000| Untracked 
| 147|0x0000000089300000, 0x0000000089300000, 0x0000000089400000|  0%| F|  |TAMS 0x0000000089300000, 0x0000000089300000| Untracked 
| 148|0x0000000089400000, 0x0000000089400000, 0x0000000089500000|  0%| F|  |TAMS 0x0000000089400000, 0x0000000089400000| Untracked 
| 149|0x0000000089500000, 0x0000000089500000, 0x0000000089600000|  0%| F|  |TAMS 0x0000000089500000, 0x0000000089500000| Untracked 
| 150|0x0000000089600000, 0x0000000089600000, 0x0000000089700000|  0%| F|  |TAMS 0x0000000089600000, 0x0000000089600000| Untracked 
| 151|0x0000000089700000, 0x0000000089700000, 0x0000000089800000|  0%| F|  |TAMS 0x0000000089700000, 0x0000000089700000| Untracked 
| 152|0x0000000089800000, 0x0000000089800000, 0x0000000089900000|  0%| F|  |TAMS 0x0000000089800000, 0x0000000089800000| Untracked 
| 153|0x0000000089900000, 0x0000000089900000, 0x0000000089a00000|  0%| F|  |TAMS 0x0000000089900000, 0x0000000089900000| Untracked 
| 154|0x0000000089a00000, 0x0000000089a00000, 0x0000000089b00000|  0%| F|  |TAMS 0x0000000089a00000, 0x0000000089a00000| Untracked 
| 155|0x0000000089b00000, 0x0000000089b00000, 0x0000000089c00000|  0%| F|  |TAMS 0x0000000089b00000, 0x0000000089b00000| Untracked 
| 156|0x0000000089c00000, 0x0000000089c00000, 0x0000000089d00000|  0%| F|  |TAMS 0x0000000089c00000, 0x0000000089c00000| Untracked 
| 157|0x0000000089d00000, 0x0000000089d00000, 0x0000000089e00000|  0%| F|  |TAMS 0x0000000089d00000, 0x0000000089d00000| Untracked 
| 158|0x0000000089e00000, 0x0000000089e00000, 0x0000000089f00000|  0%| F|  |TAMS 0x0000000089e00000, 0x0000000089e00000| Untracked 
| 159|0x0000000089f00000, 0x0000000089f00000, 0x000000008a000000|  0%| F|  |TAMS 0x0000000089f00000, 0x0000000089f00000| Untracked 
| 160|0x000000008a000000, 0x000000008a000000, 0x000000008a100000|  0%| F|  |TAMS 0x000000008a000000, 0x000000008a000000| Untracked 
| 161|0x000000008a100000, 0x000000008a100000, 0x000000008a200000|  0%| F|  |TAMS 0x000000008a100000, 0x000000008a100000| Untracked 
| 162|0x000000008a200000, 0x000000008a200000, 0x000000008a300000|  0%| F|  |TAMS 0x000000008a200000, 0x000000008a200000| Untracked 
| 163|0x000000008a300000, 0x000000008a300000, 0x000000008a400000|  0%| F|  |TAMS 0x000000008a300000, 0x000000008a300000| Untracked 
| 164|0x000000008a400000, 0x000000008a400000, 0x000000008a500000|  0%| F|  |TAMS 0x000000008a400000, 0x000000008a400000| Untracked 
| 165|0x000000008a500000, 0x000000008a500000, 0x000000008a600000|  0%| F|  |TAMS 0x000000008a500000, 0x000000008a500000| Untracked 
| 166|0x000000008a600000, 0x000000008a600000, 0x000000008a700000|  0%| F|  |TAMS 0x000000008a600000, 0x000000008a600000| Untracked 
| 167|0x000000008a700000, 0x000000008a700000, 0x000000008a800000|  0%| F|  |TAMS 0x000000008a700000, 0x000000008a700000| Untracked 
| 168|0x000000008a800000, 0x000000008a800000, 0x000000008a900000|  0%| F|  |TAMS 0x000000008a800000, 0x000000008a800000| Untracked 
| 169|0x000000008a900000, 0x000000008a900000, 0x000000008aa00000|  0%| F|  |TAMS 0x000000008a900000, 0x000000008a900000| Untracked 
| 170|0x000000008aa00000, 0x000000008aa00000, 0x000000008ab00000|  0%| F|  |TAMS 0x000000008aa00000, 0x000000008aa00000| Untracked 
| 171|0x000000008ab00000, 0x000000008ab00000, 0x000000008ac00000|  0%| F|  |TAMS 0x000000008ab00000, 0x000000008ab00000| Untracked 
| 172|0x000000008ac00000, 0x000000008ac00000, 0x000000008ad00000|  0%| F|  |TAMS 0x000000008ac00000, 0x000000008ac00000| Untracked 
| 173|0x000000008ad00000, 0x000000008ad00000, 0x000000008ae00000|  0%| F|  |TAMS 0x000000008ad00000, 0x000000008ad00000| Untracked 
| 174|0x000000008ae00000, 0x000000008ae00000, 0x000000008af00000|  0%| F|  |TAMS 0x000000008ae00000, 0x000000008ae00000| Untracked 
| 175|0x000000008af00000, 0x000000008af00000, 0x000000008b000000|  0%| F|  |TAMS 0x000000008af00000, 0x000000008af00000| Untracked 
| 176|0x000000008b000000, 0x000000008b000000, 0x000000008b100000|  0%| F|  |TAMS 0x000000008b000000, 0x000000008b000000| Untracked 
| 177|0x000000008b100000, 0x000000008b100000, 0x000000008b200000|  0%| F|  |TAMS 0x000000008b100000, 0x000000008b100000| Untracked 
| 178|0x000000008b200000, 0x000000008b200000, 0x000000008b300000|  0%| F|  |TAMS 0x000000008b200000, 0x000000008b200000| Untracked 
| 179|0x000000008b300000, 0x000000008b300000, 0x000000008b400000|  0%| F|  |TAMS 0x000000008b300000, 0x000000008b300000| Untracked 
| 180|0x000000008b400000, 0x000000008b400000, 0x000000008b500000|  0%| F|  |TAMS 0x000000008b400000, 0x000000008b400000| Untracked 
| 181|0x000000008b500000, 0x000000008b500000, 0x000000008b600000|  0%| F|  |TAMS 0x000000008b500000, 0x000000008b500000| Untracked 
| 182|0x000000008b600000, 0x000000008b600000, 0x000000008b700000|  0%| F|  |TAMS 0x000000008b600000, 0x000000008b600000| Untracked 
| 183|0x000000008b700000, 0x000000008b700000, 0x000000008b800000|  0%| F|  |TAMS 0x000000008b700000, 0x000000008b700000| Untracked 
| 184|0x000000008b800000, 0x000000008b800000, 0x000000008b900000|  0%| F|  |TAMS 0x000000008b800000, 0x000000008b800000| Untracked 
| 185|0x000000008b900000, 0x000000008b900000, 0x000000008ba00000|  0%| F|  |TAMS 0x000000008b900000, 0x000000008b900000| Untracked 
| 186|0x000000008ba00000, 0x000000008ba00000, 0x000000008bb00000|  0%| F|  |TAMS 0x000000008ba00000, 0x000000008ba00000| Untracked 
| 187|0x000000008bb00000, 0x000000008bb00000, 0x000000008bc00000|  0%| F|  |TAMS 0x000000008bb00000, 0x000000008bb00000| Untracked 
| 188|0x000000008bc00000, 0x000000008bc00000, 0x000000008bd00000|  0%| F|  |TAMS 0x000000008bc00000, 0x000000008bc00000| Untracked 
| 189|0x000000008bd00000, 0x000000008bd00000, 0x000000008be00000|  0%| F|  |TAMS 0x000000008bd00000, 0x000000008bd00000| Untracked 
| 190|0x000000008be00000, 0x000000008be00000, 0x000000008bf00000|  0%| F|  |TAMS 0x000000008be00000, 0x000000008be00000| Untracked 
| 191|0x000000008bf00000, 0x000000008bfb5b20, 0x000000008c000000| 70%| E|  |TAMS 0x000000008bf00000, 0x000000008bf00000| Complete 
| 192|0x000000008c000000, 0x000000008c100000, 0x000000008c100000|100%| E|  |TAMS 0x000000008c000000, 0x000000008c000000| Complete 
| 193|0x000000008c100000, 0x000000008c200000, 0x000000008c200000|100%| E|CS|TAMS 0x000000008c100000, 0x000000008c100000| Complete 
| 194|0x000000008c200000, 0x000000008c276390, 0x000000008c300000| 46%| S|CS|TAMS 0x000000008c200000, 0x000000008c200000| Complete 
| 195|0x000000008c300000, 0x000000008c400000, 0x000000008c400000|100%| E|CS|TAMS 0x000000008c300000, 0x000000008c300000| Complete 
| 196|0x000000008c400000, 0x000000008c500000, 0x000000008c500000|100%| E|CS|TAMS 0x000000008c400000, 0x000000008c400000| Complete 
| 197|0x000000008c500000, 0x000000008c600000, 0x000000008c600000|100%| E|CS|TAMS 0x000000008c500000, 0x000000008c500000| Complete 
| 198|0x000000008c600000, 0x000000008c700000, 0x000000008c700000|100%| E|CS|TAMS 0x000000008c600000, 0x000000008c600000| Complete 
| 199|0x000000008c700000, 0x000000008c800000, 0x000000008c800000|100%| E|CS|TAMS 0x000000008c700000, 0x000000008c700000| Complete 
| 200|0x000000008c800000, 0x000000008c900000, 0x000000008c900000|100%| E|CS|TAMS 0x000000008c800000, 0x000000008c800000| Complete 
| 201|0x000000008c900000, 0x000000008ca00000, 0x000000008ca00000|100%| E|CS|TAMS 0x000000008c900000, 0x000000008c900000| Complete 

Card table byte_map: [0x0000011a7d5e0000,0x0000011a7d9e0000] _byte_map_base: 0x0000011a7d1e0000

Marking Bits (Prev, Next): (CMBitMap*) 0x0000011a6a3fb830, (CMBitMap*) 0x0000011a6a3fb7f8
 Prev Bits: [0x0000011a00000000, 0x0000011a02000000)
 Next Bits: [0x0000011a7dde0000, 0x0000011a7fde0000)

Polling page: 0x0000011a68380000

Metaspace:

Usage:
  Non-class:     98.19 MB capacity,    96.40 MB ( 98%) used,     1.45 MB (  1%) free+waste,   349.44 KB ( <1%) overhead. 
      Class:     14.79 MB capacity,    13.67 MB ( 92%) used,   984.95 KB (  7%) free+waste,   155.06 KB (  1%) overhead. 
       Both:    112.97 MB capacity,   110.07 MB ( 97%) used,     2.41 MB (  2%) free+waste,   504.50 KB ( <1%) overhead. 

Virtual space:
  Non-class space:      100.00 MB reserved,      98.50 MB ( 99%) committed 
      Class space:        1.00 GB reserved,      15.00 MB (  1%) committed 
             Both:        1.10 GB reserved,     113.50 MB ( 10%) committed 

Chunk freelists:
   Non-Class:  72.00 KB
       Class:  186.00 KB
        Both:  258.00 KB

MaxMetaspaceSize: 17179869184.00 GB
CompressedClassSpaceSize: 1.00 GB

CodeHeap 'non-profiled nmethods': size=120000Kb used=11335Kb max_used=11451Kb free=108664Kb
 bounds [0x0000011a75980000, 0x0000011a764b0000, 0x0000011a7ceb0000]
CodeHeap 'profiled nmethods': size=120000Kb used=41354Kb max_used=43127Kb free=78645Kb
 bounds [0x0000011a6e450000, 0x0000011a70e70000, 0x0000011a75980000]
CodeHeap 'non-nmethods': size=5760Kb used=2317Kb max_used=2371Kb free=3442Kb
 bounds [0x0000011a6deb0000, 0x0000011a6e120000, 0x0000011a6e450000]
 total_blobs=20872 nmethods=19947 adapters=835
 compilation: enabled
              stopped_count=0, restarted_count=0
 full_count=0

Compilation events (20 events):
Event: 1716.579 Thread 0x0000011a04842000 nmethod 21623 0x0000011a75a5af10 code [0x0000011a75a5b0c0, 0x0000011a75a5b168]
Event: 1716.592 Thread 0x0000011a04842000 21643       4       org.gradle.api.internal.artifacts.transform.TransformingArtifactVisitor::lambda$visitArtifact$0 (73 bytes)
Event: 1716.594 Thread 0x0000011a04845000 21646       3       org.gradle.api.internal.file.collections.DefaultConfigurableFileCollection$EmptyCollector::visitContents (1 bytes)
Event: 1716.594 Thread 0x0000011a04845000 nmethod 21646 0x0000011a6e4e7490 code [0x0000011a6e4e7640, 0x0000011a6e4e7738]
Event: 1716.608 Thread 0x0000011a04845000 21649       3       org.gradle.internal.snapshot.impl.DefaultValueSnapshotter$IsolatableVisitor::booleanValue (20 bytes)
Event: 1716.609 Thread 0x0000011a04845000 nmethod 21649 0x0000011a6e512c10 code [0x0000011a6e512de0, 0x0000011a6e513178]
Event: 1716.610 Thread 0x0000011a04845000 21651       3       org.gradle.internal.vfs.impl.DefaultSnapshotHierarchy::store (33 bytes)
Event: 1716.611 Thread 0x0000011a04845000 nmethod 21651 0x0000011a6e52f390 code [0x0000011a6e52f5e0, 0x0000011a6e52fee8]
Event: 1716.612 Thread 0x0000011a04845000 21653       3       org.gradle.internal.vfs.impl.DefaultFileSystemAccess$$Lambda$192/0x0000000100498040::get (12 bytes)
Event: 1716.613 Thread 0x0000011a04845000 nmethod 21653 0x0000011a6e535390 code [0x0000011a6e5355e0, 0x0000011a6e535f88]
Event: 1716.749 Thread 0x0000011a04845000 21663   !   3       jdk.internal.reflect.GeneratedMethodAccessor28::invoke (68 bytes)
Event: 1716.750 Thread 0x0000011a04845000 nmethod 21663 0x0000011a6e534610 code [0x0000011a6e534860, 0x0000011a6e535018]
Event: 1716.762 Thread 0x0000011a04845000 21664       1       org.gradle.api.internal.artifacts.transform.DefaultTransformer::access$000 (5 bytes)
Event: 1716.762 Thread 0x0000011a04845000 nmethod 21664 0x0000011a75a40190 code [0x0000011a75a40340, 0x0000011a75a403d8]
Event: 1716.762 Thread 0x0000011a04845000 21665       1       org.gradle.api.internal.artifacts.transform.DefaultTransformer::access$100 (5 bytes)
Event: 1716.762 Thread 0x0000011a04845000 nmethod 21665 0x0000011a75a5ab10 code [0x0000011a75a5acc0, 0x0000011a75a5ad58]
Event: 1716.762 Thread 0x0000011a04845000 21666       1       org.gradle.api.internal.artifacts.transform.DefaultTransformer::access$200 (5 bytes)
Event: 1716.762 Thread 0x0000011a04845000 nmethod 21666 0x0000011a75a5ec90 code [0x0000011a75a5ee40, 0x0000011a75a5eed8]
Event: 1716.762 Thread 0x0000011a04845000 21667       1       org.gradle.api.internal.artifacts.transform.DefaultTransformer::access$300 (5 bytes)
Event: 1716.762 Thread 0x0000011a04845000 nmethod 21667 0x0000011a75a5e990 code [0x0000011a75a5eb40, 0x0000011a75a5ebd8]

GC Heap History (20 events):
Event: 1441.745 GC heap before
{Heap before GC invocations=127 (full 0):
 garbage-first heap   total 206848K, used 110426K [0x0000000080000000, 0x0000000100000000)
  region size 1024K, 10 young (10240K), 3 survivors (3072K)
 Metaspace       used 112464K, capacity 115539K, committed 115968K, reserved 1150976K
  class space    used 13999K, capacity 15139K, committed 15360K, reserved 1048576K
}
Event: 1441.753 GC heap after
{Heap after GC invocations=128 (full 0):
 garbage-first heap   total 206848K, used 96914K [0x0000000080000000, 0x0000000100000000)
  region size 1024K, 1 young (1024K), 1 survivors (1024K)
 Metaspace       used 112464K, capacity 115539K, committed 115968K, reserved 1150976K
  class space    used 13999K, capacity 15139K, committed 15360K, reserved 1048576K
}
Event: 1445.009 GC heap before
{Heap before GC invocations=128 (full 0):
 garbage-first heap   total 206848K, used 166546K [0x0000000080000000, 0x0000000100000000)
  region size 1024K, 70 young (71680K), 1 survivors (1024K)
 Metaspace       used 112500K, capacity 115539K, committed 115968K, reserved 1150976K
  class space    used 13999K, capacity 15139K, committed 15360K, reserved 1048576K
}
Event: 1445.051 GC heap after
{Heap after GC invocations=129 (full 0):
 garbage-first heap   total 206848K, used 100976K [0x0000000080000000, 0x0000000100000000)
  region size 1024K, 5 young (5120K), 5 survivors (5120K)
 Metaspace       used 112500K, capacity 115539K, committed 115968K, reserved 1150976K
  class space    used 13999K, capacity 15139K, committed 15360K, reserved 1048576K
}
Event: 1445.377 GC heap before
{Heap before GC invocations=130 (full 0):
 garbage-first heap   total 206848K, used 167536K [0x0000000080000000, 0x0000000100000000)
  region size 1024K, 71 young (72704K), 5 survivors (5120K)
 Metaspace       used 112528K, capacity 115603K, committed 115968K, reserved 1150976K
  class space    used 13999K, capacity 15139K, committed 15360K, reserved 1048576K
}
Event: 1445.412 GC heap after
{Heap after GC invocations=131 (full 0):
 garbage-first heap   total 206848K, used 106606K [0x0000000080000000, 0x0000000100000000)
  region size 1024K, 9 young (9216K), 9 survivors (9216K)
 Metaspace       used 112528K, capacity 115603K, committed 115968K, reserved 1150976K
  class space    used 13999K, capacity 15139K, committed 15360K, reserved 1048576K
}
Event: 1445.418 GC heap before
{Heap before GC invocations=131 (full 0):
 garbage-first heap   total 206848K, used 106606K [0x0000000080000000, 0x0000000100000000)
  region size 1024K, 10 young (10240K), 9 survivors (9216K)
 Metaspace       used 112529K, capacity 115603K, committed 115968K, reserved 1150976K
  class space    used 13999K, capacity 15139K, committed 15360K, reserved 1048576K
}
Event: 1445.455 GC heap after
{Heap after GC invocations=132 (full 0):
 garbage-first heap   total 206848K, used 106284K [0x0000000080000000, 0x0000000100000000)
  region size 1024K, 1 young (1024K), 1 survivors (1024K)
 Metaspace       used 112529K, capacity 115603K, committed 115968K, reserved 1150976K
  class space    used 13999K, capacity 15139K, committed 15360K, reserved 1048576K
}
Event: 1445.706 GC heap before
{Heap before GC invocations=132 (full 0):
 garbage-first heap   total 206848K, used 132908K [0x0000000080000000, 0x0000000100000000)
  region size 1024K, 29 young (29696K), 1 survivors (1024K)
 Metaspace       used 112552K, capacity 115603K, committed 115968K, reserved 1150976K
  class space    used 13999K, capacity 15139K, committed 15360K, reserved 1048576K
}
Event: 1445.711 GC heap after
{Heap after GC invocations=133 (full 0):
 garbage-first heap   total 206848K, used 106901K [0x0000000080000000, 0x0000000100000000)
  region size 1024K, 2 young (2048K), 2 survivors (2048K)
 Metaspace       used 112552K, capacity 115603K, committed 115968K, reserved 1150976K
  class space    used 13999K, capacity 15139K, committed 15360K, reserved 1048576K
}
Event: 1714.864 GC heap before
{Heap before GC invocations=134 (full 0):
 garbage-first heap   total 206848K, used 192917K [0x0000000080000000, 0x0000000100000000)
  region size 1024K, 64 young (65536K), 2 survivors (2048K)
 Metaspace       used 112677K, capacity 115674K, committed 115968K, reserved 1150976K
  class space    used 14000K, capacity 15140K, committed 15360K, reserved 1048576K
}
Event: 1714.914 GC heap after
{Heap after GC invocations=135 (full 0):
 garbage-first heap   total 206848K, used 110976K [0x0000000080000000, 0x0000000100000000)
  region size 1024K, 6 young (6144K), 6 survivors (6144K)
 Metaspace       used 112677K, capacity 115674K, committed 115968K, reserved 1150976K
  class space    used 14000K, capacity 15140K, committed 15360K, reserved 1048576K
}
Event: 1715.130 GC heap before
{Heap before GC invocations=135 (full 0):
 garbage-first heap   total 206848K, used 114048K [0x0000000080000000, 0x0000000100000000)
  region size 1024K, 10 young (10240K), 6 survivors (6144K)
 Metaspace       used 112677K, capacity 115674K, committed 115968K, reserved 1150976K
  class space    used 14000K, capacity 15140K, committed 15360K, reserved 1048576K
}
Event: 1715.173 GC heap after
{Heap after GC invocations=136 (full 0):
 garbage-first heap   total 206848K, used 107558K [0x0000000080000000, 0x0000000100000000)
  region size 1024K, 1 young (1024K), 1 survivors (1024K)
 Metaspace       used 112677K, capacity 115674K, committed 115968K, reserved 1150976K
  class space    used 14000K, capacity 15140K, committed 15360K, reserved 1048576K
}
Event: 1715.968 GC heap before
{Heap before GC invocations=136 (full 0):
 garbage-first heap   total 206848K, used 170022K [0x0000000080000000, 0x0000000100000000)
  region size 1024K, 63 young (64512K), 1 survivors (1024K)
 Metaspace       used 112698K, capacity 115686K, committed 116224K, reserved 1150976K
  class space    used 14001K, capacity 15142K, committed 15360K, reserved 1048576K
}
Event: 1715.994 GC heap after
{Heap after GC invocations=137 (full 0):
 garbage-first heap   total 206848K, used 108443K [0x0000000080000000, 0x0000000100000000)
  region size 1024K, 2 young (2048K), 2 survivors (2048K)
 Metaspace       used 112698K, capacity 115686K, committed 116224K, reserved 1150976K
  class space    used 14001K, capacity 15142K, committed 15360K, reserved 1048576K
}
Event: 1716.763 GC heap before
{Heap before GC invocations=138 (full 0):
 garbage-first heap   total 206848K, used 170637K [0x0000000080000000, 0x0000000100000000)
  region size 1024K, 65 young (66560K), 2 survivors (2048K)
 Metaspace       used 112715K, capacity 115686K, committed 116224K, reserved 1150976K
  class space    used 14001K, capacity 15142K, committed 15360K, reserved 1048576K
}
Event: 1716.770 GC heap after
{Heap after GC invocations=139 (full 0):
 garbage-first heap   total 206848K, used 107666K [0x0000000080000000, 0x0000000100000000)
  region size 1024K, 3 young (3072K), 3 survivors (3072K)
 Metaspace       used 112715K, capacity 115686K, committed 116224K, reserved 1150976K
  class space    used 14001K, capacity 15142K, committed 15360K, reserved 1048576K
}
Event: 1716.815 GC heap before
{Heap before GC invocations=139 (full 0):
 garbage-first heap   total 206848K, used 113810K [0x0000000080000000, 0x0000000100000000)
  region size 1024K, 10 young (10240K), 3 survivors (3072K)
 Metaspace       used 112715K, capacity 115686K, committed 116224K, reserved 1150976K
  class space    used 14001K, capacity 15142K, committed 15360K, reserved 1048576K
}
Event: 1716.842 GC heap after
{Heap after GC invocations=140 (full 0):
 garbage-first heap   total 206848K, used 96543K [0x0000000080000000, 0x0000000100000000)
  region size 1024K, 1 young (1024K), 1 survivors (1024K)
 Metaspace       used 112715K, capacity 115686K, committed 116224K, reserved 1150976K
  class space    used 14001K, capacity 15142K, committed 15360K, reserved 1048576K
}

Deoptimization events (20 events):
Event: 1713.530 Thread 0x0000011a07616000 DEOPT PACKING pc=0x0000011a7642a8d4 sp=0x000000186d0f8c20
Event: 1713.530 Thread 0x0000011a07616000 DEOPT UNPACKING pc=0x0000011a6ded78af sp=0x000000186d0f8be0 mode 2
Event: 1713.531 Thread 0x0000011a07616000 Uncommon trap: trap_request=0xffffffd6 fr.pc=0x0000011a7642a8d4 relative=0x0000000000000d74
Event: 1713.531 Thread 0x0000011a07616000 Uncommon trap: reason=array_check action=maybe_recompile pc=0x0000011a7642a8d4 method=com.google.common.collect.RegularImmutableMap.fromEntryArray(I[Ljava/util/Map$Entry;)Lcom/google/common/collect/ImmutableMap; @ 157 c2
Event: 1713.531 Thread 0x0000011a07616000 DEOPT PACKING pc=0x0000011a7642a8d4 sp=0x000000186d0f8c20
Event: 1713.531 Thread 0x0000011a07616000 DEOPT UNPACKING pc=0x0000011a6ded78af sp=0x000000186d0f8be0 mode 2
Event: 1713.531 Thread 0x0000011a07616000 Uncommon trap: trap_request=0xffffffd6 fr.pc=0x0000011a7642a8d4 relative=0x0000000000000d74
Event: 1713.531 Thread 0x0000011a07616000 Uncommon trap: reason=array_check action=maybe_recompile pc=0x0000011a7642a8d4 method=com.google.common.collect.RegularImmutableMap.fromEntryArray(I[Ljava/util/Map$Entry;)Lcom/google/common/collect/ImmutableMap; @ 157 c2
Event: 1713.531 Thread 0x0000011a07616000 DEOPT PACKING pc=0x0000011a7642a8d4 sp=0x000000186d0f8c20
Event: 1713.531 Thread 0x0000011a07616000 DEOPT UNPACKING pc=0x0000011a6ded78af sp=0x000000186d0f8be0 mode 2
Event: 1714.764 Thread 0x0000011a0554a800 Uncommon trap: trap_request=0xffffff4d fr.pc=0x0000011a7613c89c relative=0x00000000000018bc
Event: 1714.764 Thread 0x0000011a0554a800 Uncommon trap: reason=unstable_if action=reinterpret pc=0x0000011a7613c89c method=java.util.concurrent.ConcurrentHashMap.addCount(JI)V @ 269 c2
Event: 1714.764 Thread 0x0000011a0554a800 DEOPT PACKING pc=0x0000011a7613c89c sp=0x000000186eefd7c0
Event: 1714.765 Thread 0x0000011a0554a800 DEOPT UNPACKING pc=0x0000011a6ded78af sp=0x000000186eefd6b0 mode 2
Event: 1715.956 Thread 0x0000011a0b15b000 DEOPT PACKING pc=0x0000011a6f561abb sp=0x00000018757fac90
Event: 1715.959 Thread 0x0000011a0b15b000 DEOPT UNPACKING pc=0x0000011a6ded76ce sp=0x00000018757fa170 mode 0
Event: 1716.382 Thread 0x0000011a0530d800 Uncommon trap: trap_request=0xffffff6e fr.pc=0x0000011a763b996c relative=0x000000000000052c
Event: 1716.382 Thread 0x0000011a0530d800 Uncommon trap: reason=speculate_class_check action=maybe_recompile pc=0x0000011a763b996c method=jdk.internal.ref.PhantomCleanable.clean()V @ 12 c2
Event: 1716.382 Thread 0x0000011a0530d800 DEOPT PACKING pc=0x0000011a763b996c sp=0x000000186ccff120
Event: 1716.382 Thread 0x0000011a0530d800 DEOPT UNPACKING pc=0x0000011a6ded78af sp=0x000000186ccff100 mode 2

Classes redefined (0 events):
No events

Internal exceptions (20 events):
Event: 1408.274 Thread 0x0000011a0dad5800 Exception <a 'sun/nio/fs/WindowsException'{0x000000008c3f54e8}> (0x000000008c3f54e8) thrown at [./src/hotspot/share/prims/jni.cpp, line 615]
Event: 1408.355 Thread 0x0000011a0dad3000 Exception <a 'sun/nio/fs/WindowsException'{0x000000008bdeab58}> (0x000000008bdeab58) thrown at [./src/hotspot/share/prims/jni.cpp, line 615]
Event: 1408.415 Thread 0x0000011a0dad3000 Exception <a 'sun/nio/fs/WindowsException'{0x000000008b67db68}> (0x000000008b67db68) thrown at [./src/hotspot/share/prims/jni.cpp, line 615]
Event: 1408.610 Thread 0x0000011a0dad3000 Exception <a 'java/lang/NoSuchMethodError'{0x000000008c99f6b0}: 'java.lang.Object java.lang.invoke.DirectMethodHandle$Holder.invokeVirtual(java.lang.Object, java.lang.Object, int)'> (0x000000008c99f6b0) thrown at [./src/hotspot/share/interpreter/linkResolver.cpp, line 773]
Event: 1408.740 Thread 0x0000011a0b31f800 Implicit null exception at 0x0000011a760a62c9 to 0x0000011a760a709c
Event: 1440.553 Thread 0x0000011a0b31f800 Exception <a 'sun/nio/fs/WindowsException'{0x000000008ae21288}> (0x000000008ae21288) thrown at [./src/hotspot/share/prims/jni.cpp, line 615]
Event: 1441.613 Thread 0x0000011a0b329000 Exception <a 'sun/nio/fs/WindowsException'{0x000000008a9d89e0}> (0x000000008a9d89e0) thrown at [./src/hotspot/share/prims/jni.cpp, line 615]
Event: 1441.614 Thread 0x0000011a0b329000 Exception <a 'sun/nio/fs/WindowsException'{0x000000008a9d9918}> (0x000000008a9d9918) thrown at [./src/hotspot/share/prims/jni.cpp, line 615]
Event: 1445.309 Thread 0x0000011a0dad4000 Exception <a 'sun/nio/fs/WindowsException'{0x000000008a9ec328}> (0x000000008a9ec328) thrown at [./src/hotspot/share/prims/jni.cpp, line 615]
Event: 1445.309 Thread 0x0000011a0dad4000 Exception <a 'sun/nio/fs/WindowsException'{0x000000008a9ec410}> (0x000000008a9ec410) thrown at [./src/hotspot/share/prims/jni.cpp, line 615]
Event: 1445.601 Thread 0x0000011a0b31f800 Exception <a 'sun/nio/fs/WindowsException'{0x000000008b1668a8}> (0x000000008b1668a8) thrown at [./src/hotspot/share/prims/jni.cpp, line 615]
Event: 1445.602 Thread 0x0000011a0b31f800 Exception <a 'sun/nio/fs/WindowsException'{0x000000008b167f70}> (0x000000008b167f70) thrown at [./src/hotspot/share/prims/jni.cpp, line 615]
Event: 1445.603 Thread 0x0000011a0b31f800 Exception <a 'sun/nio/fs/WindowsException'{0x000000008b16c828}> (0x000000008b16c828) thrown at [./src/hotspot/share/prims/jni.cpp, line 615]
Event: 1445.603 Thread 0x0000011a0b31f800 Exception <a 'sun/nio/fs/WindowsException'{0x000000008b16df30}> (0x000000008b16df30) thrown at [./src/hotspot/share/prims/jni.cpp, line 615]
Event: 1445.604 Thread 0x0000011a0b31f800 Exception <a 'sun/nio/fs/WindowsException'{0x000000008b170988}> (0x000000008b170988) thrown at [./src/hotspot/share/prims/jni.cpp, line 615]
Event: 1445.604 Thread 0x0000011a0b31f800 Exception <a 'sun/nio/fs/WindowsException'{0x000000008b1720a0}> (0x000000008b1720a0) thrown at [./src/hotspot/share/prims/jni.cpp, line 615]
Event: 1445.962 Thread 0x0000011a0b31d000 Implicit null exception at 0x0000011a75f9a6ac to 0x0000011a75f9aca8
Event: 1714.013 Thread 0x0000011a07616000 Exception <a 'sun/nio/fs/WindowsException'{0x000000008a5d70c8}> (0x000000008a5d70c8) thrown at [./src/hotspot/share/prims/jni.cpp, line 615]
Event: 1716.599 Thread 0x0000011a0b158000 Exception <a 'sun/nio/fs/WindowsException'{0x000000008a591230}> (0x000000008a591230) thrown at [./src/hotspot/share/prims/jni.cpp, line 615]
Event: 1716.601 Thread 0x0000011a0b158000 Exception <a 'sun/nio/fs/WindowsException'{0x000000008a591e88}> (0x000000008a591e88) thrown at [./src/hotspot/share/prims/jni.cpp, line 615]

Events (20 events):
Event: 1716.160 Executing VM operation: RevokeBias
Event: 1716.161 Executing coalesced safepoint VM operation: RevokeBias
Event: 1716.161 Executing coalesced safepoint VM operation: RevokeBias done
Event: 1716.161 Executing VM operation: RevokeBias done
Event: 1716.161 Executing VM operation: RevokeBias
Event: 1716.162 Executing VM operation: RevokeBias done
Event: 1716.162 Executing VM operation: RevokeBias
Event: 1716.163 Executing VM operation: RevokeBias done
Event: 1716.163 Executing VM operation: RevokeBias
Event: 1716.165 Executing VM operation: RevokeBias done
Event: 1716.259 Executing VM operation: RevokeBias
Event: 1716.260 Executing VM operation: RevokeBias done
Event: 1716.341 Executing VM operation: CGC_Operation
Event: 1716.381 Executing VM operation: CGC_Operation done
Event: 1716.453 Executing VM operation: CGC_Operation
Event: 1716.454 Executing VM operation: CGC_Operation done
Event: 1716.763 Executing VM operation: G1CollectForAllocation
Event: 1716.770 Executing VM operation: G1CollectForAllocation done
Event: 1716.812 Executing VM operation: G1CollectForAllocation
Event: 1716.842 Executing VM operation: G1CollectForAllocation done


Dynamic libraries:
0x00007ff73a4e0000 - 0x00007ff73a4ea000 	C:\Program Files\Android\Android Studio\jre\bin\java.exe
0x00007ffe1c7a0000 - 0x00007ffe1c9a7000 	C:\WINDOWS\SYSTEM32\ntdll.dll
0x00007ffe1bec0000 - 0x00007ffe1bf7d000 	C:\WINDOWS\System32\KERNEL32.DLL
0x00007ffe1a2b0000 - 0x00007ffe1a624000 	C:\WINDOWS\System32\KERNELBASE.dll
0x00007ffe19e70000 - 0x00007ffe19f81000 	C:\WINDOWS\System32\ucrtbase.dll
0x00007ffdfca90000 - 0x00007ffdfcaa7000 	C:\Program Files\Android\Android Studio\jre\bin\VCRUNTIME140.dll
0x00007ffdff570000 - 0x00007ffdff589000 	C:\Program Files\Android\Android Studio\jre\bin\jli.dll
0x00007ffe1bca0000 - 0x00007ffe1be4c000 	C:\WINDOWS\System32\USER32.dll
0x00007ffe07250000 - 0x00007ffe074f5000 	C:\WINDOWS\WinSxS\amd64_microsoft.windows.common-controls_6595b64144ccf1df_6.0.22000.120_none_9d947278b86cc467\COMCTL32.dll
0x00007ffe19c80000 - 0x00007ffe19ca6000 	C:\WINDOWS\System32\win32u.dll
0x00007ffe1b3c0000 - 0x00007ffe1b463000 	C:\WINDOWS\System32\msvcrt.dll
0x00007ffe1be50000 - 0x00007ffe1be79000 	C:\WINDOWS\System32\GDI32.dll
0x00007ffe19d50000 - 0x00007ffe19e62000 	C:\WINDOWS\System32\gdi32full.dll
0x00007ffe19cb0000 - 0x00007ffe19d4d000 	C:\WINDOWS\System32\msvcp_win.dll
0x00007ffe1be80000 - 0x00007ffe1beb1000 	C:\WINDOWS\System32\IMM32.DLL
0x00007ffdde040000 - 0x00007ffdde0dd000 	C:\Program Files\Android\Android Studio\jre\bin\msvcp140.dll
0x00007ffdba040000 - 0x00007ffdbab0f000 	C:\Program Files\Android\Android Studio\jre\bin\server\jvm.dll
0x00007ffe1c160000 - 0x00007ffe1c20c000 	C:\WINDOWS\System32\ADVAPI32.dll
0x00007ffe1c040000 - 0x00007ffe1c0dd000 	C:\WINDOWS\System32\sechost.dll
0x00007ffe1c5c0000 - 0x00007ffe1c6e1000 	C:\WINDOWS\System32\RPCRT4.dll
0x00007ffe1c3b0000 - 0x00007ffe1c3b8000 	C:\WINDOWS\System32\PSAPI.DLL
0x00007ffe018e0000 - 0x00007ffe018e9000 	C:\WINDOWS\SYSTEM32\WSOCK32.dll
0x00007ffe14b60000 - 0x00007ffe14b93000 	C:\WINDOWS\SYSTEM32\WINMM.dll
0x00007ffe11950000 - 0x00007ffe1195a000 	C:\WINDOWS\SYSTEM32\VERSION.dll
0x00007ffe1c6f0000 - 0x00007ffe1c75f000 	C:\WINDOWS\System32\WS2_32.dll
0x00007ffe18db0000 - 0x00007ffe18dc8000 	C:\WINDOWS\SYSTEM32\kernel.appcore.dll
0x00007ffe0eed0000 - 0x00007ffe0eee1000 	C:\Program Files\Android\Android Studio\jre\bin\verify.dll
0x00007ffe13480000 - 0x00007ffe136a1000 	C:\WINDOWS\SYSTEM32\DBGHELP.DLL
0x00007ffe09d90000 - 0x00007ffe09dc1000 	C:\WINDOWS\SYSTEM32\dbgcore.DLL
0x00007ffe1a0c0000 - 0x00007ffe1a140000 	C:\WINDOWS\System32\bcryptPrimitives.dll
0x00007ffe0b750000 - 0x00007ffe0b779000 	C:\Program Files\Android\Android Studio\jre\bin\java.dll
0x00007ffe166a0000 - 0x00007ffe166ab000 	C:\Program Files\Android\Android Studio\jre\bin\jimage.dll
0x00007ffe0c050000 - 0x00007ffe0c068000 	C:\Program Files\Android\Android Studio\jre\bin\zip.dll
0x00007ffe1b4f0000 - 0x00007ffe1bc99000 	C:\WINDOWS\System32\SHELL32.dll
0x00007ffe17e30000 - 0x00007ffe18692000 	C:\WINDOWS\SYSTEM32\windows.storage.dll
0x00007ffe1aa80000 - 0x00007ffe1adf8000 	C:\WINDOWS\System32\combase.dll
0x00007ffe17cc0000 - 0x00007ffe17e26000 	C:\WINDOWS\SYSTEM32\wintypes.dll
0x00007ffe1a990000 - 0x00007ffe1aa7a000 	C:\WINDOWS\System32\SHCORE.dll
0x00007ffe1ae00000 - 0x00007ffe1ae5d000 	C:\WINDOWS\System32\shlwapi.dll
0x00007ffe19bb0000 - 0x00007ffe19bd1000 	C:\WINDOWS\SYSTEM32\profapi.dll
0x00007ffe0ba70000 - 0x00007ffe0ba8a000 	C:\Program Files\Android\Android Studio\jre\bin\net.dll
0x00007ffe14040000 - 0x00007ffe1414c000 	C:\WINDOWS\SYSTEM32\WINHTTP.dll
0x00007ffe191c0000 - 0x00007ffe19227000 	C:\WINDOWS\system32\mswsock.dll
0x00007ffe0b920000 - 0x00007ffe0b934000 	C:\Program Files\Android\Android Studio\jre\bin\nio.dll
0x00007ffe0a4e0000 - 0x00007ffe0a507000 	C:\Users\acer\.gradle\native\fdc75f09e3144964f2cf3f50f0aa648679c211496f362492102eb8c894070792\windows-amd64\native-platform.dll
0x00007ffdcc120000 - 0x00007ffdcc2b6000 	C:\Users\acer\.gradle\native\12488b8bf47d2d4c9fbf2f6322a914ad602e24e48041cd04a747c6da556b65c4\windows-amd64\native-platform-file-events.dll
0x00007ffe0f050000 - 0x00007ffe0f05a000 	C:\Program Files\Android\Android Studio\jre\bin\management.dll
0x00007ffe0eec0000 - 0x00007ffe0eecc000 	C:\Program Files\Android\Android Studio\jre\bin\management_ext.dll
0x00007ffe19410000 - 0x00007ffe19428000 	C:\WINDOWS\SYSTEM32\CRYPTSP.dll
0x00007ffe18d10000 - 0x00007ffe18d45000 	C:\WINDOWS\system32\rsaenh.dll
0x00007ffe192b0000 - 0x00007ffe192d9000 	C:\WINDOWS\SYSTEM32\USERENV.dll
0x00007ffe19580000 - 0x00007ffe195a7000 	C:\WINDOWS\SYSTEM32\bcrypt.dll
0x00007ffe19400000 - 0x00007ffe1940c000 	C:\WINDOWS\SYSTEM32\CRYPTBASE.dll
0x00007ffe188e0000 - 0x00007ffe1890d000 	C:\WINDOWS\SYSTEM32\IPHLPAPI.DLL
0x00007ffe1c0e0000 - 0x00007ffe1c0e9000 	C:\WINDOWS\System32\NSI.dll
0x00007ffe14240000 - 0x00007ffe14259000 	C:\WINDOWS\SYSTEM32\dhcpcsvc6.DLL
0x00007ffe14440000 - 0x00007ffe1445e000 	C:\WINDOWS\SYSTEM32\dhcpcsvc.DLL
0x00007ffe18910000 - 0x00007ffe189f7000 	C:\WINDOWS\SYSTEM32\DNSAPI.dll
0x00007ffe14230000 - 0x00007ffe1423c000 	C:\WINDOWS\SYSTEM32\WINNSI.DLL

dbghelp: loaded successfully - version: 4.0.5 - missing functions: none
symbol engine: initialized successfully - sym options: 0x614 - pdb path: .;C:\Program Files\Android\Android Studio\jre\bin;C:\WINDOWS\SYSTEM32;C:\WINDOWS\WinSxS\amd64_microsoft.windows.common-controls_6595b64144ccf1df_6.0.22000.120_none_9d947278b86cc467;C:\Program Files\Android\Android Studio\jre\bin\server;C:\Users\acer\.gradle\native\fdc75f09e3144964f2cf3f50f0aa648679c211496f362492102eb8c894070792\windows-amd64;C:\Users\acer\.gradle\native\12488b8bf47d2d4c9fbf2f6322a914ad602e24e48041cd04a747c6da556b65c4\windows-amd64

VM Arguments:
jvm_args: --add-opens=java.base/java.util=ALL-UNNAMED --add-opens=java.base/java.lang=ALL-UNNAMED --add-opens=java.base/java.lang.invoke=ALL-UNNAMED --add-opens=java.prefs/java.util.prefs=ALL-UNNAMED -Xmx2048m -Dfile.encoding=UTF-8 -Duser.country=US -Duser.language=en -Duser.variant 
java_command: org.gradle.launcher.daemon.bootstrap.GradleDaemon 6.7.1
java_class_path (initial): C:\Users\acer\.gradle\wrapper\dists\gradle-6.7.1-bin\bwlcbys1h7rz3272sye1xwiv6\gradle-6.7.1\lib\gradle-launcher-6.7.1.jar
Launcher Type: SUN_STANDARD

[Global flags]
     intx CICompilerCount                          = 4                                         {product} {ergonomic}
     uint ConcGCThreads                            = 2                                         {product} {ergonomic}
     uint G1ConcRefinementThreads                  = 8                                         {product} {ergonomic}
   size_t G1HeapRegionSize                         = 1048576                                   {product} {ergonomic}
    uintx GCDrainStackTargetSize                   = 64                                        {product} {ergonomic}
   size_t InitialHeapSize                          = 100663296                                 {product} {ergonomic}
   size_t MarkStackSize                            = 4194304                                   {product} {ergonomic}
   size_t MaxHeapSize                              = 2147483648                                {product} {command line}
   size_t MaxNewSize                               = 1287651328                                {product} {ergonomic}
   size_t MinHeapDeltaBytes                        = 1048576                                   {product} {ergonomic}
    uintx NonNMethodCodeHeapSize                   = 5836300                                {pd product} {ergonomic}
    uintx NonProfiledCodeHeapSize                  = 122910970                              {pd product} {ergonomic}
    uintx ProfiledCodeHeapSize                     = 122910970                              {pd product} {ergonomic}
    uintx ReservedCodeCacheSize                    = 251658240                              {pd product} {ergonomic}
     bool SegmentedCodeCache                       = true                                      {product} {ergonomic}
     bool UseCompressedClassPointers               = true                                 {lp64_product} {ergonomic}
     bool UseCompressedOops                        = true                                 {lp64_product} {ergonomic}
     bool UseG1GC                                  = true                                      {product} {ergonomic}
     bool UseLargePagesIndividualAllocation        = false                                  {pd product} {ergonomic}

Logging:
Log output configuration:
 #0: stdout all=warning uptime,level,tags
 #1: stderr all=off uptime,level,tags

Environment Variables:
PATH=C:\Program Files (x86)\Common Files\Oracle\Java\javapath;C:\WINDOWS\system32;C:\WINDOWS;C:\WINDOWS\System32\Wbem;C:\WINDOWS\System32\WindowsPowerShell\v1.0\;C:\WINDOWS\System32\OpenSSH\;D:\Nodejs\;C:\Program Files\Git\cmd;D:\Xampp\php;C:\ProgramData\ComposerSetup\bin;C:\Users\acer\AppData\Local\Microsoft\WindowsApps;C:\Users\acer\AppData\Local\Programs\Microsoft VS Code\bin;C:\Users\acer\AppData\Roaming\npm;C:\Users\acer\AppData\Roaming\Composer\vendor\bin;C:\Users\acer\AppData\Local\GitHubDesktop\bin;C:\Users\acer\AppData\Local\gitkraken\bin;%USERPROFILE%\AppData\Local\Microsoft\WindowsApps;
USERNAME=acer
OS=Windows_NT
PROCESSOR_IDENTIFIER=AMD64 Family 23 Model 24 Stepping 1, AuthenticAMD



---------------  S Y S T E M  ---------------

OS: Windows 10 , 64 bit Build 22000 (10.0.22000.120)
OS uptime: 0 days 3:25 hours

CPU:total 8 (initial active 8) (8 cores per cpu, 2 threads per core) family 23 model 24 stepping 1 microcode 0x0, cmov, cx8, fxsr, mmx, sse, sse2, sse3, ssse3, sse4.1, sse4.2, popcnt, avx, avx2, aes, clmul, mmxext, 3dnowpref, lzcnt, sse4a, ht, tsc, tscinvbit, tscinv, bmi1, bmi2, adx, s

Memory: 4k page, system-wide physical 6082M (297M free)
TotalPageFile size 14082M (AvailPageFile size 0M)
current process WorkingSet (physical memory assigned to process): 377M, peak: 476M
current process commit charge ("private bytes"): 553M, peak: 561M

vm_info: OpenJDK 64-Bit Server VM (11.0.10+0-b96-7249189) for windows-amd64 JRE (11.0.10+0-b96-7249189), built on Mar 31 2021 21:44:00 by "builder" with MS VC++ 14.0 (VS2015)

END.
