#
# There is insufficient memory for the Java Runtime Environment to continue.
# Native memory allocation (malloc) failed to allocate 963136 bytes for Chunk::new
# Possible reasons:
#   The system is out of physical RAM or swap space
#   The process is running with CompressedOops enabled, and the Java Heap may be blocking the growth of the native heap
# Possible solutions:
#   Reduce memory load on the system
#   Increase physical memory or swap space
#   Check if swap backing store is full
#   Decrease Java heap size (-Xmx/-Xms)
#   Decrease number of Java threads
#   Decrease Java thread stack sizes (-Xss)
#   Set larger code cache with -XX:ReservedCodeCacheSize=
#   JVM is running with Unscaled Compressed Oops mode in which the Java heap is
#     placed in the first 4GB address space. The Java Heap base address is the
#     maximum limit for the native heap growth. Please use -XX:HeapBaseMinAddress
#     to set the Java Heap base and to place the Java Heap above 4GB virtual address.
# This output file may be truncated or incomplete.
#
#  Out of Memory Error (./src/hotspot/share/memory/arena.cpp:197), pid=11852, tid=9692
#
# JRE version: OpenJDK Runtime Environment (11.0.10) (build 11.0.10+0-b96-7249189)
# Java VM: OpenJDK 64-Bit Server VM (11.0.10+0-b96-7249189, mixed mode, tiered, compressed oops, g1 gc, windows-amd64)
# No core dump will be written. Minidumps are not enabled by default on client versions of Windows
#

---------------  S U M M A R Y ------------

Command Line: --add-opens=java.base/java.util=ALL-UNNAMED --add-opens=java.base/java.lang=ALL-UNNAMED --add-opens=java.base/java.lang.invoke=ALL-UNNAMED --add-opens=java.prefs/java.util.prefs=ALL-UNNAMED -Xmx2048m -Dfile.encoding=UTF-8 -Duser.country=US -Duser.language=en -Duser.variant org.gradle.launcher.daemon.bootstrap.GradleDaemon 6.7.1

Host: AMD Ryzen 5 3550H with Radeon Vega Mobile Gfx  , 8 cores, 5G,  Windows 10 , 64 bit Build 22000 (10.0.22000.120)
Time: Fri Oct 29 18:20:37 2021 SE Asia Standard Time elapsed time: 124.604200 seconds (0d 0h 2m 4s)

---------------  T H R E A D  ---------------

Current thread (0x000002a37a4f1000):  JavaThread "C2 CompilerThread0" daemon [_thread_in_native, id=9692, stack(0x000000bf5be00000,0x000000bf5bf00000)]


Current CompileTask:
C2: 124604 14180       4       org.gradle.internal.service.DefaultServiceRegistry$OwnServices$ProviderAnalyser::analyseType (114 bytes)

Stack: [0x000000bf5be00000,0x000000bf5bf00000]
Native frames: (J=compiled Java code, j=interpreted, Vv=VM code, C=native code)
V  [jvm.dll+0x5ecfaa]
V  [jvm.dll+0x722bd5]
V  [jvm.dll+0x72412d]
V  [jvm.dll+0x7247e3]
V  [jvm.dll+0x242928]
V  [jvm.dll+0xbc4fc]
V  [jvm.dll+0xbca0c]
V  [jvm.dll+0x2b4fd4]
V  [jvm.dll+0x506028]
V  [jvm.dll+0x203253]
V  [jvm.dll+0x1fd07c]
V  [jvm.dll+0x1fa77f]
V  [jvm.dll+0x18354c]
V  [jvm.dll+0x208ee7]
V  [jvm.dll+0x207731]
V  [jvm.dll+0x6eb1cf]
V  [jvm.dll+0x6e3d45]
V  [jvm.dll+0x5ebe96]
C  [ucrtbase.dll+0x26c0c]
C  [KERNEL32.DLL+0x154e0]
C  [ntdll.dll+0x485b]


---------------  P R O C E S S  ---------------

Threads class SMR info:
_java_thread_list=0x000002a3013c91e0, length=33, elements={
0x000002a36007c800, 0x000002a37a4c8800, 0x000002a37a4d4800, 0x000002a37ae62800,
0x000002a37a4e5800, 0x000002a37a4e6000, 0x000002a37a4f1000, 0x000002a37a4f7800,
0x000002a37a501000, 0x000002a37afa3000, 0x000002a37c488800, 0x000002a37c39d800,
0x000002a37c294800, 0x000002a37cfae000, 0x000002a37cfac000, 0x000002a37cfab800,
0x000002a37cfad000, 0x000002a37d5ba800, 0x000002a37dae0800, 0x000002a37c881000,
0x000002a305a3c800, 0x000002a305a3b800, 0x000002a305a3f800, 0x000002a305a3d000,
0x000002a305a3a800, 0x000002a305a3e000, 0x000002a37c881800, 0x000002a37c883000,
0x000002a37c884000, 0x000002a37c87e800, 0x000002a37c880000, 0x000002a37c882800,
0x000002a37c885000
}

Java Threads: ( => current thread )
  0x000002a36007c800 JavaThread "main" [_thread_blocked, id=4532, stack(0x000000bf5b200000,0x000000bf5b300000)]
  0x000002a37a4c8800 JavaThread "Reference Handler" daemon [_thread_blocked, id=9672, stack(0x000000bf5b900000,0x000000bf5ba00000)]
  0x000002a37a4d4800 JavaThread "Finalizer" daemon [_thread_blocked, id=1712, stack(0x000000bf5ba00000,0x000000bf5bb00000)]
  0x000002a37ae62800 JavaThread "Signal Dispatcher" daemon [_thread_blocked, id=3356, stack(0x000000bf5bb00000,0x000000bf5bc00000)]
  0x000002a37a4e5800 JavaThread "Attach Listener" daemon [_thread_blocked, id=10256, stack(0x000000bf5bc00000,0x000000bf5bd00000)]
  0x000002a37a4e6000 JavaThread "Service Thread" daemon [_thread_blocked, id=11840, stack(0x000000bf5bd00000,0x000000bf5be00000)]
=>0x000002a37a4f1000 JavaThread "C2 CompilerThread0" daemon [_thread_in_native, id=9692, stack(0x000000bf5be00000,0x000000bf5bf00000)]
  0x000002a37a4f7800 JavaThread "C1 CompilerThread0" daemon [_thread_blocked, id=11616, stack(0x000000bf5bf00000,0x000000bf5c000000)]
  0x000002a37a501000 JavaThread "Sweeper thread" daemon [_thread_blocked, id=7372, stack(0x000000bf5c000000,0x000000bf5c100000)]
  0x000002a37afa3000 JavaThread "Common-Cleaner" daemon [_thread_blocked, id=12556, stack(0x000000bf5c100000,0x000000bf5c200000)]
  0x000002a37c488800 JavaThread "Daemon health stats" [_thread_blocked, id=12788, stack(0x000000bf5c400000,0x000000bf5c500000)]
  0x000002a37c39d800 JavaThread "Incoming local TCP Connector on port 57885" [_thread_in_native, id=6800, stack(0x000000bf5c700000,0x000000bf5c800000)]
  0x000002a37c294800 JavaThread "Daemon periodic checks" [_thread_blocked, id=10252, stack(0x000000bf5c800000,0x000000bf5c900000)]
  0x000002a37cfae000 JavaThread "Cache worker for file hash cache (C:\Users\acer\.gradle\caches\6.7.1\fileHashes)" [_thread_blocked, id=12112, stack(0x000000bf5d800000,0x000000bf5d900000)]
  0x000002a37cfac000 JavaThread "File lock request listener" [_thread_in_native, id=11324, stack(0x000000bf5d900000,0x000000bf5da00000)]
  0x000002a37cfab800 JavaThread "Cache worker for journal cache (C:\Users\acer\.gradle\caches\journal-1)" [_thread_blocked, id=7032, stack(0x000000bf5db00000,0x000000bf5dc00000)]
  0x000002a37cfad000 JavaThread "Cache worker for execution history cache (C:\Users\acer\.gradle\caches\6.7.1\executionHistory)" [_thread_blocked, id=5504, stack(0x000000bf5e000000,0x000000bf5e100000)]
  0x000002a37d5ba800 JavaThread "Cache worker for file content cache (C:\Users\acer\.gradle\caches\6.7.1\fileContent)" [_thread_blocked, id=9424, stack(0x000000bf5e200000,0x000000bf5e300000)]
  0x000002a37dae0800 JavaThread "Memory manager" [_thread_blocked, id=11420, stack(0x000000bf64e00000,0x000000bf64f00000)]
  0x000002a37c881000 JavaThread "Cache worker for Java compile cache (C:\Users\acer\.gradle\caches\6.7.1\javaCompile)" [_thread_blocked, id=1632, stack(0x000000bf65900000,0x000000bf65a00000)]
  0x000002a305a3c800 JavaThread "ForkJoinPool.commonPool-worker-3" daemon [_thread_blocked, id=10744, stack(0x000000bf65b00000,0x000000bf65c00000)]
  0x000002a305a3b800 JavaThread "ForkJoinPool.commonPool-worker-7" daemon [_thread_blocked, id=8400, stack(0x000000bf66600000,0x000000bf66700000)]
  0x000002a305a3f800 JavaThread "ForkJoinPool.commonPool-worker-9" daemon [_thread_blocked, id=9616, stack(0x000000bf66700000,0x000000bf66800000)]
  0x000002a305a3d000 JavaThread "ForkJoinPool.commonPool-worker-13" daemon [_thread_blocked, id=12792, stack(0x000000bf66800000,0x000000bf66900000)]
  0x000002a305a3a800 JavaThread "ForkJoinPool.commonPool-worker-11" daemon [_thread_blocked, id=12988, stack(0x000000bf66900000,0x000000bf66a00000)]
  0x000002a305a3e000 JavaThread "ForkJoinPool.commonPool-worker-15" daemon [_thread_blocked, id=10052, stack(0x000000bf66a00000,0x000000bf66b00000)]
  0x000002a37c881800 JavaThread "Daemon Thread 2" [_thread_blocked, id=6596, stack(0x000000bf5af00000,0x000000bf5b000000)]
  0x000002a37c883000 JavaThread "Handler for socket connection from /127.0.0.1:57885 to /127.0.0.1:58128" [_thread_in_native, id=6372, stack(0x000000bf5b000000,0x000000bf5b100000)]
  0x000002a37c884000 JavaThread "Cancel handler" [_thread_blocked, id=7324, stack(0x000000bf5b100000,0x000000bf5b200000)]
  0x000002a37c87e800 JavaThread "Daemon worker Thread 2" [_thread_in_Java, id=10988, stack(0x000000bf5c900000,0x000000bf5ca00000)]
  0x000002a37c880000 JavaThread "Asynchronous log dispatcher for DefaultDaemonConnection: socket connection from /127.0.0.1:57885 to /127.0.0.1:58128" [_thread_blocked, id=7844, stack(0x000000bf5ca00000,0x000000bf5cb00000)]
  0x000002a37c882800 JavaThread "Stdin handler" [_thread_blocked, id=6456, stack(0x000000bf5d300000,0x000000bf5d400000)]
  0x000002a37c885000 JavaThread "Thread-153" [_thread_blocked, id=1900, stack(0x000000bf5d400000,0x000000bf5d500000)]

Other Threads:
  0x000002a37a4c4800 VMThread "VM Thread" [stack: 0x000000bf5b800000,0x000000bf5b900000] [id=3476]
  0x000002a37afaa800 WatcherThread [stack: 0x000000bf5c200000,0x000000bf5c300000] [id=13144]
  0x000002a360094800 GCTaskThread "GC Thread#0" [stack: 0x000000bf5b300000,0x000000bf5b400000] [id=11292]
  0x000002a37bb08000 GCTaskThread "GC Thread#1" [stack: 0x000000bf5c300000,0x000000bf5c400000] [id=3848]
  0x000002a37c6f0000 GCTaskThread "GC Thread#2" [stack: 0x000000bf5cb00000,0x000000bf5cc00000] [id=1612]
  0x000002a37c17e800 GCTaskThread "GC Thread#3" [stack: 0x000000bf5cc00000,0x000000bf5cd00000] [id=11924]
  0x000002a37c569800 GCTaskThread "GC Thread#4" [stack: 0x000000bf5cd00000,0x000000bf5ce00000] [id=6140]
  0x000002a37c56a800 GCTaskThread "GC Thread#5" [stack: 0x000000bf5ce00000,0x000000bf5cf00000] [id=13244]
  0x000002a37c56f000 GCTaskThread "GC Thread#6" [stack: 0x000000bf5cf00000,0x000000bf5d000000] [id=8736]
  0x000002a37c570000 GCTaskThread "GC Thread#7" [stack: 0x000000bf5d000000,0x000000bf5d100000] [id=8092]
  0x000002a3600c5800 ConcurrentGCThread "G1 Main Marker" [stack: 0x000000bf5b400000,0x000000bf5b500000] [id=5952]
  0x000002a3600c7000 ConcurrentGCThread "G1 Conc#0" [stack: 0x000000bf5b500000,0x000000bf5b600000] [id=300]
  0x000002a37d06e000 ConcurrentGCThread "G1 Conc#1" [stack: 0x000000bf5da00000,0x000000bf5db00000] [id=3584]
  0x000002a360152800 ConcurrentGCThread "G1 Refine#0" [stack: 0x000000bf5b600000,0x000000bf5b700000] [id=13224]
  0x000002a37ba46800 ConcurrentGCThread "G1 Refine#1" [stack: 0x000000bf5d100000,0x000000bf5d200000] [id=10436]
  0x000002a37c9ee000 ConcurrentGCThread "G1 Refine#2" [stack: 0x000000bf5d200000,0x000000bf5d300000] [id=10552]
  0x000002a360153800 ConcurrentGCThread "G1 Young RemSet Sampling" [stack: 0x000000bf5b700000,0x000000bf5b800000] [id=13500]

Threads with active compile tasks:
C2 CompilerThread0 124663 14180       4       org.gradle.internal.service.DefaultServiceRegistry$OwnServices$ProviderAnalyser::analyseType (114 bytes)

VM state:not at safepoint (normal execution)

VM Mutex/Monitor currently owned by a thread: None

Heap address: 0x0000000080000000, size: 2048 MB, Compressed Oops mode: 32-bit
Narrow klass base: 0x0000000000000000, Narrow klass shift: 3
Compressed class space size: 1073741824 Address: 0x0000000100000000

Heap:
 garbage-first heap   total 176128K, used 152943K [0x0000000080000000, 0x0000000100000000)
  region size 1024K, 30 young (30720K), 1 survivors (1024K)
 Metaspace       used 106155K, capacity 108893K, committed 109824K, reserved 1144832K
  class space    used 13628K, capacity 14655K, committed 15104K, reserved 1048576K
Heap Regions: E=young(eden), S=young(survivor), O=old, HS=humongous(starts), HC=humongous(continues), CS=collection set, F=free, A=archive, TAMS=top-at-mark-start (previous, next)
|   0|0x0000000080000000, 0x0000000080100000, 0x0000000080100000|100%| O|  |TAMS 0x0000000080100000, 0x0000000080000000| Untracked 
|   1|0x0000000080100000, 0x0000000080200000, 0x0000000080200000|100%| O|  |TAMS 0x0000000080200000, 0x0000000080100000| Untracked 
|   2|0x0000000080200000, 0x0000000080300000, 0x0000000080300000|100%| O|  |TAMS 0x0000000080300000, 0x0000000080200000| Untracked 
|   3|0x0000000080300000, 0x0000000080400000, 0x0000000080400000|100%|HS|  |TAMS 0x0000000080400000, 0x0000000080300000| Complete 
|   4|0x0000000080400000, 0x0000000080500000, 0x0000000080500000|100%|HC|  |TAMS 0x0000000080500000, 0x0000000080400000| Complete 
|   5|0x0000000080500000, 0x0000000080600000, 0x0000000080600000|100%|HC|  |TAMS 0x0000000080600000, 0x0000000080500000| Complete 
|   6|0x0000000080600000, 0x0000000080700000, 0x0000000080700000|100%| O|  |TAMS 0x0000000080700000, 0x0000000080600000| Untracked 
|   7|0x0000000080700000, 0x0000000080800000, 0x0000000080800000|100%| O|  |TAMS 0x0000000080800000, 0x0000000080700000| Untracked 
|   8|0x0000000080800000, 0x0000000080900000, 0x0000000080900000|100%| O|  |TAMS 0x0000000080900000, 0x0000000080800000| Untracked 
|   9|0x0000000080900000, 0x0000000080a00000, 0x0000000080a00000|100%| O|  |TAMS 0x0000000080a00000, 0x0000000080900000| Untracked 
|  10|0x0000000080a00000, 0x0000000080b00000, 0x0000000080b00000|100%| O|  |TAMS 0x0000000080b00000, 0x0000000080a00000| Untracked 
|  11|0x0000000080b00000, 0x0000000080c00000, 0x0000000080c00000|100%| O|  |TAMS 0x0000000080c00000, 0x0000000080b00000| Untracked 
|  12|0x0000000080c00000, 0x0000000080d00000, 0x0000000080d00000|100%| O|  |TAMS 0x0000000080d00000, 0x0000000080c00000| Untracked 
|  13|0x0000000080d00000, 0x0000000080e00000, 0x0000000080e00000|100%| O|  |TAMS 0x0000000080e00000, 0x0000000080d00000| Untracked 
|  14|0x0000000080e00000, 0x0000000080f00000, 0x0000000080f00000|100%| O|  |TAMS 0x0000000080f00000, 0x0000000080e00000| Untracked 
|  15|0x0000000080f00000, 0x0000000081000000, 0x0000000081000000|100%| O|  |TAMS 0x0000000081000000, 0x0000000080f00000| Untracked 
|  16|0x0000000081000000, 0x0000000081100000, 0x0000000081100000|100%| O|  |TAMS 0x0000000081100000, 0x0000000081000000| Untracked 
|  17|0x0000000081100000, 0x0000000081200000, 0x0000000081200000|100%| O|  |TAMS 0x0000000081200000, 0x0000000081100000| Untracked 
|  18|0x0000000081200000, 0x0000000081300000, 0x0000000081300000|100%| O|  |TAMS 0x0000000081300000, 0x0000000081200000| Untracked 
|  19|0x0000000081300000, 0x0000000081400000, 0x0000000081400000|100%| O|  |TAMS 0x0000000081400000, 0x0000000081300000| Untracked 
|  20|0x0000000081400000, 0x0000000081500000, 0x0000000081500000|100%|HS|  |TAMS 0x0000000081500000, 0x0000000081400000| Complete 
|  21|0x0000000081500000, 0x0000000081600000, 0x0000000081600000|100%| O|  |TAMS 0x0000000081600000, 0x0000000081500000| Untracked 
|  22|0x0000000081600000, 0x0000000081700000, 0x0000000081700000|100%| O|  |TAMS 0x0000000081700000, 0x0000000081600000| Untracked 
|  23|0x0000000081700000, 0x0000000081800000, 0x0000000081800000|100%| O|  |TAMS 0x0000000081800000, 0x0000000081700000| Untracked 
|  24|0x0000000081800000, 0x0000000081900000, 0x0000000081900000|100%|HS|  |TAMS 0x0000000081900000, 0x0000000081800000| Complete 
|  25|0x0000000081900000, 0x0000000081a00000, 0x0000000081a00000|100%|HC|  |TAMS 0x0000000081a00000, 0x0000000081900000| Complete 
|  26|0x0000000081a00000, 0x0000000081b00000, 0x0000000081b00000|100%| O|  |TAMS 0x0000000081b00000, 0x0000000081a00000| Untracked 
|  27|0x0000000081b00000, 0x0000000081c00000, 0x0000000081c00000|100%| O|  |TAMS 0x0000000081c00000, 0x0000000081b00000| Untracked 
|  28|0x0000000081c00000, 0x0000000081d00000, 0x0000000081d00000|100%| O|  |TAMS 0x0000000081d00000, 0x0000000081c00000| Untracked 
|  29|0x0000000081d00000, 0x0000000081e00000, 0x0000000081e00000|100%| O|  |TAMS 0x0000000081e00000, 0x0000000081d00000| Untracked 
|  30|0x0000000081e00000, 0x0000000081f00000, 0x0000000081f00000|100%| O|  |TAMS 0x0000000081f00000, 0x0000000081e00000| Untracked 
|  31|0x0000000081f00000, 0x0000000082000000, 0x0000000082000000|100%| O|  |TAMS 0x0000000082000000, 0x0000000081f00000| Untracked 
|  32|0x0000000082000000, 0x0000000082100000, 0x0000000082100000|100%| O|  |TAMS 0x0000000082100000, 0x0000000082000000| Untracked 
|  33|0x0000000082100000, 0x0000000082200000, 0x0000000082200000|100%| O|  |TAMS 0x0000000082200000, 0x0000000082100000| Untracked 
|  34|0x0000000082200000, 0x0000000082300000, 0x0000000082300000|100%| O|  |TAMS 0x0000000082300000, 0x0000000082200000| Untracked 
|  35|0x0000000082300000, 0x0000000082400000, 0x0000000082400000|100%| O|  |TAMS 0x0000000082400000, 0x0000000082300000| Untracked 
|  36|0x0000000082400000, 0x0000000082500000, 0x0000000082500000|100%| O|  |TAMS 0x0000000082500000, 0x0000000082400000| Untracked 
|  37|0x0000000082500000, 0x0000000082600000, 0x0000000082600000|100%| O|  |TAMS 0x0000000082600000, 0x0000000082500000| Untracked 
|  38|0x0000000082600000, 0x0000000082700000, 0x0000000082700000|100%| O|  |TAMS 0x0000000082700000, 0x0000000082600000| Untracked 
|  39|0x0000000082700000, 0x0000000082800000, 0x0000000082800000|100%| O|  |TAMS 0x0000000082800000, 0x0000000082700000| Untracked 
|  40|0x0000000082800000, 0x0000000082900000, 0x0000000082900000|100%| O|  |TAMS 0x0000000082900000, 0x0000000082800000| Untracked 
|  41|0x0000000082900000, 0x0000000082a00000, 0x0000000082a00000|100%| O|  |TAMS 0x0000000082a00000, 0x0000000082900000| Untracked 
|  42|0x0000000082a00000, 0x0000000082b00000, 0x0000000082b00000|100%| O|  |TAMS 0x0000000082b00000, 0x0000000082a00000| Untracked 
|  43|0x0000000082b00000, 0x0000000082c00000, 0x0000000082c00000|100%| O|  |TAMS 0x0000000082c00000, 0x0000000082b00000| Untracked 
|  44|0x0000000082c00000, 0x0000000082d00000, 0x0000000082d00000|100%| O|  |TAMS 0x0000000082d00000, 0x0000000082c00000| Untracked 
|  45|0x0000000082d00000, 0x0000000082e00000, 0x0000000082e00000|100%| O|  |TAMS 0x0000000082e00000, 0x0000000082d00000| Untracked 
|  46|0x0000000082e00000, 0x0000000082f00000, 0x0000000082f00000|100%| O|  |TAMS 0x0000000082f00000, 0x0000000082e00000| Untracked 
|  47|0x0000000082f00000, 0x0000000083000000, 0x0000000083000000|100%| O|  |TAMS 0x0000000083000000, 0x0000000082f00000| Untracked 
|  48|0x0000000083000000, 0x0000000083100000, 0x0000000083100000|100%| O|  |TAMS 0x0000000083100000, 0x0000000083000000| Untracked 
|  49|0x0000000083100000, 0x0000000083200000, 0x0000000083200000|100%| O|  |TAMS 0x0000000083200000, 0x0000000083100000| Untracked 
|  50|0x0000000083200000, 0x0000000083300000, 0x0000000083300000|100%| O|  |TAMS 0x0000000083300000, 0x0000000083200000| Untracked 
|  51|0x0000000083300000, 0x0000000083400000, 0x0000000083400000|100%| O|  |TAMS 0x0000000083400000, 0x0000000083300000| Untracked 
|  52|0x0000000083400000, 0x0000000083500000, 0x0000000083500000|100%| O|  |TAMS 0x0000000083500000, 0x0000000083400000| Untracked 
|  53|0x0000000083500000, 0x0000000083600000, 0x0000000083600000|100%| O|  |TAMS 0x0000000083600000, 0x0000000083500000| Untracked 
|  54|0x0000000083600000, 0x0000000083700000, 0x0000000083700000|100%| O|  |TAMS 0x0000000083700000, 0x0000000083600000| Untracked 
|  55|0x0000000083700000, 0x0000000083800000, 0x0000000083800000|100%| O|  |TAMS 0x0000000083800000, 0x0000000083700000| Untracked 
|  56|0x0000000083800000, 0x0000000083900000, 0x0000000083900000|100%| O|  |TAMS 0x0000000083900000, 0x0000000083800000| Untracked 
|  57|0x0000000083900000, 0x0000000083a00000, 0x0000000083a00000|100%| O|  |TAMS 0x0000000083a00000, 0x0000000083900000| Untracked 
|  58|0x0000000083a00000, 0x0000000083b00000, 0x0000000083b00000|100%| O|  |TAMS 0x0000000083b00000, 0x0000000083a00000| Untracked 
|  59|0x0000000083b00000, 0x0000000083c00000, 0x0000000083c00000|100%| O|  |TAMS 0x0000000083c00000, 0x0000000083b00000| Untracked 
|  60|0x0000000083c00000, 0x0000000083d00000, 0x0000000083d00000|100%| O|  |TAMS 0x0000000083d00000, 0x0000000083c00000| Untracked 
|  61|0x0000000083d00000, 0x0000000083e00000, 0x0000000083e00000|100%| O|  |TAMS 0x0000000083e00000, 0x0000000083d00000| Untracked 
|  62|0x0000000083e00000, 0x0000000083f00000, 0x0000000083f00000|100%| O|  |TAMS 0x0000000083f00000, 0x0000000083e00000| Untracked 
|  63|0x0000000083f00000, 0x0000000084000000, 0x0000000084000000|100%| O|  |TAMS 0x0000000084000000, 0x0000000083f00000| Untracked 
|  64|0x0000000084000000, 0x0000000084100000, 0x0000000084100000|100%| O|  |TAMS 0x0000000084100000, 0x0000000084000000| Untracked 
|  65|0x0000000084100000, 0x0000000084200000, 0x0000000084200000|100%| O|  |TAMS 0x0000000084200000, 0x0000000084100000| Untracked 
|  66|0x0000000084200000, 0x0000000084300000, 0x0000000084300000|100%| O|  |TAMS 0x0000000084300000, 0x0000000084200000| Untracked 
|  67|0x0000000084300000, 0x0000000084400000, 0x0000000084400000|100%| O|  |TAMS 0x0000000084400000, 0x0000000084300000| Untracked 
|  68|0x0000000084400000, 0x0000000084500000, 0x0000000084500000|100%| O|  |TAMS 0x0000000084500000, 0x0000000084400000| Untracked 
|  69|0x0000000084500000, 0x0000000084600000, 0x0000000084600000|100%| O|  |TAMS 0x0000000084600000, 0x0000000084500000| Untracked 
|  70|0x0000000084600000, 0x0000000084700000, 0x0000000084700000|100%| O|  |TAMS 0x0000000084700000, 0x0000000084600000| Untracked 
|  71|0x0000000084700000, 0x0000000084800000, 0x0000000084800000|100%| O|  |TAMS 0x0000000084800000, 0x0000000084700000| Untracked 
|  72|0x0000000084800000, 0x0000000084900000, 0x0000000084900000|100%| O|  |TAMS 0x0000000084900000, 0x0000000084800000| Untracked 
|  73|0x0000000084900000, 0x0000000084a00000, 0x0000000084a00000|100%| O|  |TAMS 0x0000000084a00000, 0x0000000084900000| Untracked 
|  74|0x0000000084a00000, 0x0000000084b00000, 0x0000000084b00000|100%| O|  |TAMS 0x0000000084b00000, 0x0000000084a00000| Untracked 
|  75|0x0000000084b00000, 0x0000000084c00000, 0x0000000084c00000|100%| O|  |TAMS 0x0000000084c00000, 0x0000000084b00000| Untracked 
|  76|0x0000000084c00000, 0x0000000084d00000, 0x0000000084d00000|100%| O|  |TAMS 0x0000000084d00000, 0x0000000084c00000| Untracked 
|  77|0x0000000084d00000, 0x0000000084e00000, 0x0000000084e00000|100%| O|  |TAMS 0x0000000084e00000, 0x0000000084d00000| Untracked 
|  78|0x0000000084e00000, 0x0000000084f00000, 0x0000000084f00000|100%| O|  |TAMS 0x0000000084f00000, 0x0000000084e00000| Untracked 
|  79|0x0000000084f00000, 0x0000000085000000, 0x0000000085000000|100%| O|  |TAMS 0x0000000085000000, 0x0000000084f00000| Untracked 
|  80|0x0000000085000000, 0x0000000085100000, 0x0000000085100000|100%| O|  |TAMS 0x0000000085100000, 0x0000000085000000| Untracked 
|  81|0x0000000085100000, 0x0000000085200000, 0x0000000085200000|100%| O|  |TAMS 0x0000000085200000, 0x0000000085100000| Untracked 
|  82|0x0000000085200000, 0x0000000085300000, 0x0000000085300000|100%| O|  |TAMS 0x0000000085300000, 0x0000000085200000| Untracked 
|  83|0x0000000085300000, 0x0000000085400000, 0x0000000085400000|100%| O|  |TAMS 0x0000000085400000, 0x0000000085300000| Untracked 
|  84|0x0000000085400000, 0x0000000085500000, 0x0000000085500000|100%| O|  |TAMS 0x0000000085500000, 0x0000000085400000| Untracked 
|  85|0x0000000085500000, 0x0000000085600000, 0x0000000085600000|100%| O|  |TAMS 0x0000000085539c00, 0x0000000085500000| Untracked 
|  86|0x0000000085600000, 0x0000000085700000, 0x0000000085700000|100%| O|  |TAMS 0x0000000085600000, 0x0000000085600000| Untracked 
|  87|0x0000000085700000, 0x000000008575bc00, 0x0000000085800000| 35%| O|  |TAMS 0x0000000085700000, 0x0000000085700000| Untracked 
|  88|0x0000000085800000, 0x0000000085900000, 0x0000000085900000|100%|HS|  |TAMS 0x0000000085800000, 0x0000000085800000| Complete 
|  89|0x0000000085900000, 0x0000000085a00000, 0x0000000085a00000|100%|HC|  |TAMS 0x0000000085900000, 0x0000000085900000| Complete 
|  90|0x0000000085a00000, 0x0000000085b00000, 0x0000000085b00000|100%|HS|  |TAMS 0x0000000085a00000, 0x0000000085a00000| Complete 
|  91|0x0000000085b00000, 0x0000000085c00000, 0x0000000085c00000|100%|HC|  |TAMS 0x0000000085b00000, 0x0000000085b00000| Complete 
|  92|0x0000000085c00000, 0x0000000085d00000, 0x0000000085d00000|100%|HS|  |TAMS 0x0000000085c00000, 0x0000000085c00000| Complete 
|  93|0x0000000085d00000, 0x0000000085e00000, 0x0000000085e00000|100%|HC|  |TAMS 0x0000000085d00000, 0x0000000085d00000| Complete 
|  94|0x0000000085e00000, 0x0000000085e00000, 0x0000000085f00000|  0%| F|  |TAMS 0x0000000085e00000, 0x0000000085e00000| Untracked 
|  95|0x0000000085f00000, 0x0000000086000000, 0x0000000086000000|100%| O|  |TAMS 0x0000000086000000, 0x0000000085f00000| Untracked 
|  96|0x0000000086000000, 0x0000000086000000, 0x0000000086100000|  0%| F|  |TAMS 0x0000000086000000, 0x0000000086000000| Untracked 
|  97|0x0000000086100000, 0x0000000086200000, 0x0000000086200000|100%| O|  |TAMS 0x0000000086200000, 0x0000000086100000| Untracked 
|  98|0x0000000086200000, 0x0000000086300000, 0x0000000086300000|100%| O|  |TAMS 0x0000000086300000, 0x0000000086200000| Untracked 
|  99|0x0000000086300000, 0x0000000086400000, 0x0000000086400000|100%| O|  |TAMS 0x0000000086400000, 0x0000000086300000| Untracked 
| 100|0x0000000086400000, 0x0000000086500000, 0x0000000086500000|100%| O|  |TAMS 0x0000000086500000, 0x0000000086400000| Untracked 
| 101|0x0000000086500000, 0x0000000086600000, 0x0000000086600000|100%| O|  |TAMS 0x0000000086600000, 0x0000000086500000| Untracked 
| 102|0x0000000086600000, 0x0000000086700000, 0x0000000086700000|100%|HS|  |TAMS 0x0000000086600000, 0x0000000086600000| Complete 
| 103|0x0000000086700000, 0x0000000086800000, 0x0000000086800000|100%|HC|  |TAMS 0x0000000086700000, 0x0000000086700000| Complete 
| 104|0x0000000086800000, 0x0000000086900000, 0x0000000086900000|100%|HS|  |TAMS 0x0000000086800000, 0x0000000086800000| Complete 
| 105|0x0000000086900000, 0x0000000086a00000, 0x0000000086a00000|100%|HC|  |TAMS 0x0000000086900000, 0x0000000086900000| Complete 
| 106|0x0000000086a00000, 0x0000000086b00000, 0x0000000086b00000|100%|HS|  |TAMS 0x0000000086a00000, 0x0000000086a00000| Complete 
| 107|0x0000000086b00000, 0x0000000086c00000, 0x0000000086c00000|100%|HC|  |TAMS 0x0000000086b00000, 0x0000000086b00000| Complete 
| 108|0x0000000086c00000, 0x0000000086d00000, 0x0000000086d00000|100%|HS|  |TAMS 0x0000000086c00000, 0x0000000086c00000| Complete 
| 109|0x0000000086d00000, 0x0000000086e00000, 0x0000000086e00000|100%|HC|  |TAMS 0x0000000086d00000, 0x0000000086d00000| Complete 
| 110|0x0000000086e00000, 0x0000000086f00000, 0x0000000086f00000|100%|HS|  |TAMS 0x0000000086e00000, 0x0000000086e00000| Complete 
| 111|0x0000000086f00000, 0x0000000087000000, 0x0000000087000000|100%|HC|  |TAMS 0x0000000086f00000, 0x0000000086f00000| Complete 
| 112|0x0000000087000000, 0x0000000087100000, 0x0000000087100000|100%|HS|  |TAMS 0x0000000087000000, 0x0000000087000000| Complete 
| 113|0x0000000087100000, 0x0000000087200000, 0x0000000087200000|100%|HC|  |TAMS 0x0000000087100000, 0x0000000087100000| Complete 
| 114|0x0000000087200000, 0x0000000087300000, 0x0000000087300000|100%|HS|  |TAMS 0x0000000087200000, 0x0000000087200000| Complete 
| 115|0x0000000087300000, 0x0000000087400000, 0x0000000087400000|100%|HC|  |TAMS 0x0000000087300000, 0x0000000087300000| Complete 
| 116|0x0000000087400000, 0x0000000087500000, 0x0000000087500000|100%|HS|  |TAMS 0x0000000087400000, 0x0000000087400000| Complete 
| 117|0x0000000087500000, 0x0000000087600000, 0x0000000087600000|100%|HC|  |TAMS 0x0000000087500000, 0x0000000087500000| Complete 
| 118|0x0000000087600000, 0x0000000087700000, 0x0000000087700000|100%|HS|  |TAMS 0x0000000087600000, 0x0000000087600000| Complete 
| 119|0x0000000087700000, 0x0000000087800000, 0x0000000087800000|100%|HC|  |TAMS 0x0000000087700000, 0x0000000087700000| Complete 
| 120|0x0000000087800000, 0x0000000087900000, 0x0000000087900000|100%|HS|  |TAMS 0x0000000087800000, 0x0000000087800000| Complete 
| 121|0x0000000087900000, 0x0000000087a00000, 0x0000000087a00000|100%|HC|  |TAMS 0x0000000087900000, 0x0000000087900000| Complete 
| 122|0x0000000087a00000, 0x0000000087b00000, 0x0000000087b00000|100%|HS|  |TAMS 0x0000000087a00000, 0x0000000087a00000| Complete 
| 123|0x0000000087b00000, 0x0000000087c00000, 0x0000000087c00000|100%|HC|  |TAMS 0x0000000087b00000, 0x0000000087b00000| Complete 
| 124|0x0000000087c00000, 0x0000000087c00000, 0x0000000087d00000|  0%| F|  |TAMS 0x0000000087c00000, 0x0000000087c00000| Untracked 
| 125|0x0000000087d00000, 0x0000000087d00000, 0x0000000087e00000|  0%| F|  |TAMS 0x0000000087d00000, 0x0000000087d00000| Untracked 
| 126|0x0000000087e00000, 0x0000000087e00000, 0x0000000087f00000|  0%| F|  |TAMS 0x0000000087e00000, 0x0000000087e00000| Untracked 
| 127|0x0000000087f00000, 0x0000000087f00000, 0x0000000088000000|  0%| F|  |TAMS 0x0000000087f00000, 0x0000000087f00000| Untracked 
| 128|0x0000000088000000, 0x0000000088000000, 0x0000000088100000|  0%| F|  |TAMS 0x0000000088000000, 0x0000000088000000| Untracked 
| 129|0x0000000088100000, 0x0000000088100000, 0x0000000088200000|  0%| F|  |TAMS 0x0000000088100000, 0x0000000088100000| Untracked 
| 130|0x0000000088200000, 0x0000000088200000, 0x0000000088300000|  0%| F|  |TAMS 0x0000000088200000, 0x0000000088200000| Untracked 
| 131|0x0000000088300000, 0x0000000088300000, 0x0000000088400000|  0%| F|  |TAMS 0x0000000088300000, 0x0000000088300000| Untracked 
| 132|0x0000000088400000, 0x0000000088400000, 0x0000000088500000|  0%| F|  |TAMS 0x0000000088400000, 0x0000000088400000| Untracked 
| 133|0x0000000088500000, 0x0000000088500000, 0x0000000088600000|  0%| F|  |TAMS 0x0000000088500000, 0x0000000088500000| Untracked 
| 134|0x0000000088600000, 0x0000000088600000, 0x0000000088700000|  0%| F|  |TAMS 0x0000000088600000, 0x0000000088600000| Untracked 
| 135|0x0000000088700000, 0x0000000088700000, 0x0000000088800000|  0%| F|  |TAMS 0x0000000088700000, 0x0000000088700000| Untracked 
| 136|0x0000000088800000, 0x0000000088800000, 0x0000000088900000|  0%| F|  |TAMS 0x0000000088800000, 0x0000000088800000| Untracked 
| 137|0x0000000088900000, 0x0000000088900000, 0x0000000088a00000|  0%| F|  |TAMS 0x0000000088900000, 0x0000000088900000| Untracked 
| 138|0x0000000088a00000, 0x0000000088a00000, 0x0000000088b00000|  0%| F|  |TAMS 0x0000000088a00000, 0x0000000088a00000| Untracked 
| 139|0x0000000088b00000, 0x0000000088b00000, 0x0000000088c00000|  0%| F|  |TAMS 0x0000000088b00000, 0x0000000088b00000| Untracked 
| 140|0x0000000088c00000, 0x0000000088c00000, 0x0000000088d00000|  0%| F|  |TAMS 0x0000000088c00000, 0x0000000088c00000| Untracked 
| 141|0x0000000088d00000, 0x0000000088d00000, 0x0000000088e00000|  0%| F|  |TAMS 0x0000000088d00000, 0x0000000088d00000| Untracked 
| 142|0x0000000088e00000, 0x0000000088e5ff18, 0x0000000088f00000| 37%| E|  |TAMS 0x0000000088e00000, 0x0000000088e00000| Complete 
| 143|0x0000000088f00000, 0x0000000089000000, 0x0000000089000000|100%| E|CS|TAMS 0x0000000088f00000, 0x0000000088f00000| Complete 
| 144|0x0000000089000000, 0x0000000089100000, 0x0000000089100000|100%| E|CS|TAMS 0x0000000089000000, 0x0000000089000000| Complete 
| 145|0x0000000089100000, 0x0000000089200000, 0x0000000089200000|100%| E|CS|TAMS 0x0000000089100000, 0x0000000089100000| Complete 
| 146|0x0000000089200000, 0x0000000089300000, 0x0000000089300000|100%| E|CS|TAMS 0x0000000089200000, 0x0000000089200000| Complete 
| 147|0x0000000089300000, 0x0000000089400000, 0x0000000089400000|100%| E|  |TAMS 0x0000000089300000, 0x0000000089300000| Complete 
| 148|0x0000000089400000, 0x0000000089500000, 0x0000000089500000|100%| E|CS|TAMS 0x0000000089400000, 0x0000000089400000| Complete 
| 149|0x0000000089500000, 0x0000000089600000, 0x0000000089600000|100%| E|CS|TAMS 0x0000000089500000, 0x0000000089500000| Complete 
| 150|0x0000000089600000, 0x0000000089700000, 0x0000000089700000|100%| E|CS|TAMS 0x0000000089600000, 0x0000000089600000| Complete 
| 151|0x0000000089700000, 0x0000000089800000, 0x0000000089800000|100%| E|CS|TAMS 0x0000000089700000, 0x0000000089700000| Complete 
| 152|0x0000000089800000, 0x0000000089900000, 0x0000000089900000|100%| E|CS|TAMS 0x0000000089800000, 0x0000000089800000| Complete 
| 153|0x0000000089900000, 0x0000000089a00000, 0x0000000089a00000|100%| E|CS|TAMS 0x0000000089900000, 0x0000000089900000| Complete 
| 154|0x0000000089a00000, 0x0000000089b00000, 0x0000000089b00000|100%| E|CS|TAMS 0x0000000089a00000, 0x0000000089a00000| Complete 
| 155|0x0000000089b00000, 0x0000000089c00000, 0x0000000089c00000|100%| E|CS|TAMS 0x0000000089b00000, 0x0000000089b00000| Complete 
| 156|0x0000000089c00000, 0x0000000089d00000, 0x0000000089d00000|100%| E|CS|TAMS 0x0000000089c00000, 0x0000000089c00000| Complete 
| 157|0x0000000089d00000, 0x0000000089e00000, 0x0000000089e00000|100%| E|CS|TAMS 0x0000000089d00000, 0x0000000089d00000| Complete 
| 158|0x0000000089e00000, 0x0000000089f00000, 0x0000000089f00000|100%| E|CS|TAMS 0x0000000089e00000, 0x0000000089e00000| Complete 
| 159|0x0000000089f00000, 0x000000008a000000, 0x000000008a000000|100%| E|CS|TAMS 0x0000000089f00000, 0x0000000089f00000| Complete 
| 160|0x000000008a000000, 0x000000008a100000, 0x000000008a100000|100%| E|CS|TAMS 0x000000008a000000, 0x000000008a000000| Complete 
| 161|0x000000008a100000, 0x000000008a200000, 0x000000008a200000|100%| E|CS|TAMS 0x000000008a100000, 0x000000008a100000| Complete 
| 162|0x000000008a200000, 0x000000008a300000, 0x000000008a300000|100%| E|CS|TAMS 0x000000008a200000, 0x000000008a200000| Complete 
| 163|0x000000008a300000, 0x000000008a400000, 0x000000008a400000|100%| E|CS|TAMS 0x000000008a300000, 0x000000008a300000| Complete 
| 164|0x000000008a400000, 0x000000008a500000, 0x000000008a500000|100%| E|CS|TAMS 0x000000008a400000, 0x000000008a400000| Complete 
| 165|0x000000008a500000, 0x000000008a600000, 0x000000008a600000|100%| E|CS|TAMS 0x000000008a500000, 0x000000008a500000| Complete 
| 166|0x000000008a600000, 0x000000008a700000, 0x000000008a700000|100%| S|CS|TAMS 0x000000008a600000, 0x000000008a600000| Complete 
| 167|0x000000008a700000, 0x000000008a800000, 0x000000008a800000|100%| E|CS|TAMS 0x000000008a700000, 0x000000008a700000| Complete 
| 168|0x000000008a800000, 0x000000008a900000, 0x000000008a900000|100%| E|CS|TAMS 0x000000008a800000, 0x000000008a800000| Complete 
| 169|0x000000008a900000, 0x000000008aa00000, 0x000000008aa00000|100%| E|CS|TAMS 0x000000008a900000, 0x000000008a900000| Complete 
| 170|0x000000008aa00000, 0x000000008ab00000, 0x000000008ab00000|100%| E|CS|TAMS 0x000000008aa00000, 0x000000008aa00000| Complete 
| 171|0x000000008ab00000, 0x000000008ac00000, 0x000000008ac00000|100%| E|CS|TAMS 0x000000008ab00000, 0x000000008ab00000| Complete 

Card table byte_map: [0x000002a3732a0000,0x000002a3736a0000] _byte_map_base: 0x000002a372ea0000

Marking Bits (Prev, Next): (CMBitMap*) 0x000002a3600bcba8, (CMBitMap*) 0x000002a3600bcbe0
 Prev Bits: [0x000002a373aa0000, 0x000002a375aa0000)
 Next Bits: [0x000002a375aa0000, 0x000002a377aa0000)

Polling page: 0x000002a35e010000

Metaspace:

Usage:
  Non-class:     92.03 MB capacity,    90.36 MB ( 98%) used,     1.36 MB (  1%) free+waste,   316.81 KB ( <1%) overhead. 
      Class:     14.31 MB capacity,    13.31 MB ( 93%) used,   882.32 KB (  6%) free+waste,   144.00 KB ( <1%) overhead. 
       Both:    106.34 MB capacity,   103.67 MB ( 97%) used,     2.22 MB (  2%) free+waste,   460.81 KB ( <1%) overhead. 

Virtual space:
  Non-class space:       94.00 MB reserved,      92.50 MB ( 98%) committed 
      Class space:        1.00 GB reserved,      14.75 MB (  1%) committed 
             Both:        1.09 GB reserved,     107.25 MB ( 10%) committed 

Chunk freelists:
   Non-Class:  482.00 KB
       Class:  385.00 KB
        Both:  867.00 KB

MaxMetaspaceSize: 17179869184.00 GB
CompressedClassSpaceSize: 1.00 GB

CodeHeap 'non-profiled nmethods': size=120000Kb used=7825Kb max_used=7825Kb free=112174Kb
 bounds [0x000002a36b640000, 0x000002a36bdf0000, 0x000002a372b70000]
CodeHeap 'profiled nmethods': size=120000Kb used=29411Kb max_used=29411Kb free=90588Kb
 bounds [0x000002a364110000, 0x000002a365dd0000, 0x000002a36b640000]
CodeHeap 'non-nmethods': size=5760Kb used=2299Kb max_used=2347Kb free=3460Kb
 bounds [0x000002a363b70000, 0x000002a363de0000, 0x000002a364110000]
 total_blobs=14844 nmethods=13936 adapters=819
 compilation: enabled
              stopped_count=0, restarted_count=0
 full_count=0

Compilation events (20 events):
Event: 124.336 Thread 0x000002a37a4f7800 nmethod 14171 0x000002a365dc1790 code [0x000002a365dc19a0, 0x000002a365dc1ff8]
Event: 124.336 Thread 0x000002a37a4f7800 14170       1       org.gradle.internal.os.OperatingSystem$Windows::isWindows (2 bytes)
Event: 124.336 Thread 0x000002a37a4f7800 nmethod 14170 0x000002a36bde4010 code [0x000002a36bde41c0, 0x000002a36bde4278]
Event: 124.336 Thread 0x000002a37a4f7800 14172       3       jdk.internal.module.IllegalAccessLogger::isOpenForIllegalAccess (43 bytes)
Event: 124.337 Thread 0x000002a37a4f7800 nmethod 14172 0x000002a365dc2210 code [0x000002a365dc2440, 0x000002a365dc2c38]
Event: 124.358 Thread 0x000002a37a4f7800 14173       3       com.google.common.base.Joiner::toString (24 bytes)
Event: 124.361 Thread 0x000002a37a4f7800 nmethod 14173 0x000002a365dc2e10 code [0x000002a365dc3000, 0x000002a365dc3578]
Event: 124.381 Thread 0x000002a37a4f7800 14174       3       org.gradle.internal.service.DefaultServiceRegistry::<init> (108 bytes)
Event: 124.386 Thread 0x000002a37a4f7800 nmethod 14174 0x000002a365dc3710 code [0x000002a365dc3980, 0x000002a365dc45e8]
Event: 124.386 Thread 0x000002a37a4f7800 14175       3       org.gradle.internal.service.DefaultServiceRegistry$OwnServices::<init> (73 bytes)
Event: 124.390 Thread 0x000002a37a4f7800 nmethod 14175 0x000002a365dc4910 code [0x000002a365dc4c20, 0x000002a365dc5ef8]
Event: 124.390 Thread 0x000002a37a4f7800 14176       3       org.gradle.internal.service.DefaultServiceRegistry$OwnServices$ProviderAnalyser::<init> (6 bytes)
Event: 124.392 Thread 0x000002a37a4f7800 nmethod 14176 0x000002a365dc6510 code [0x000002a365dc6740, 0x000002a365dc6cc8]
Event: 124.393 Thread 0x000002a37a4f7800 14177       3       org.gradle.internal.service.RelevantMethods::getMethods (35 bytes)
Event: 124.395 Thread 0x000002a37a4f7800 nmethod 14177 0x000002a365dc6f10 code [0x000002a365dc7160, 0x000002a365dc7748]
Event: 124.430 Thread 0x000002a37a4f7800 14178       3       org.gradle.internal.service.DefaultServiceRegistry::assertMutable (46 bytes)
Event: 124.435 Thread 0x000002a37a4f7800 nmethod 14178 0x000002a365dc7990 code [0x000002a365dc7c40, 0x000002a365dc8838]
Event: 124.435 Thread 0x000002a37a4f7800 14179       1       org.gradle.internal.service.DefaultServiceRegistry::access$300 (5 bytes)
Event: 124.436 Thread 0x000002a37a4f7800 nmethod 14179 0x000002a36bde4310 code [0x000002a36bde44c0, 0x000002a36bde4558]
Event: 124.449 Thread 0x000002a37a4f1000 14180       4       org.gradle.internal.service.DefaultServiceRegistry$OwnServices$ProviderAnalyser::analyseType (114 bytes)

GC Heap History (20 events):
Event: 27.129 GC heap before
{Heap before GC invocations=53 (full 0):
 garbage-first heap   total 176128K, used 131034K [0x0000000080000000, 0x0000000100000000)
  region size 1024K, 38 young (38912K), 5 survivors (5120K)
 Metaspace       used 87472K, capacity 89690K, committed 89856K, reserved 1126400K
  class space    used 11195K, capacity 12017K, committed 12032K, reserved 1048576K
}
Event: 27.140 GC heap after
{Heap after GC invocations=54 (full 0):
 garbage-first heap   total 176128K, used 100805K [0x0000000080000000, 0x0000000100000000)
  region size 1024K, 3 young (3072K), 3 survivors (3072K)
 Metaspace       used 87472K, capacity 89690K, committed 89856K, reserved 1126400K
  class space    used 11195K, capacity 12017K, committed 12032K, reserved 1048576K
}
Event: 27.705 GC heap before
{Heap before GC invocations=54 (full 0):
 garbage-first heap   total 176128K, used 133573K [0x0000000080000000, 0x0000000100000000)
  region size 1024K, 36 young (36864K), 3 survivors (3072K)
 Metaspace       used 87498K, capacity 89754K, committed 89856K, reserved 1126400K
  class space    used 11195K, capacity 12017K, committed 12032K, reserved 1048576K
}
Event: 27.713 GC heap after
{Heap after GC invocations=55 (full 0):
 garbage-first heap   total 176128K, used 102676K [0x0000000080000000, 0x0000000100000000)
  region size 1024K, 2 young (2048K), 2 survivors (2048K)
 Metaspace       used 87498K, capacity 89754K, committed 89856K, reserved 1126400K
  class space    used 11195K, capacity 12017K, committed 12032K, reserved 1048576K
}
Event: 28.584 GC heap before
{Heap before GC invocations=56 (full 0):
 garbage-first heap   total 176128K, used 136468K [0x0000000080000000, 0x0000000100000000)
  region size 1024K, 36 young (36864K), 2 survivors (2048K)
 Metaspace       used 87530K, capacity 89754K, committed 89856K, reserved 1126400K
  class space    used 11197K, capacity 12017K, committed 12032K, reserved 1048576K
}
Event: 28.590 GC heap after
{Heap after GC invocations=57 (full 0):
 garbage-first heap   total 176128K, used 103761K [0x0000000080000000, 0x0000000100000000)
  region size 1024K, 3 young (3072K), 3 survivors (3072K)
 Metaspace       used 87530K, capacity 89754K, committed 89856K, reserved 1126400K
  class space    used 11197K, capacity 12017K, committed 12032K, reserved 1048576K
}
Event: 28.735 GC heap before
{Heap before GC invocations=57 (full 0):
 garbage-first heap   total 176128K, used 107857K [0x0000000080000000, 0x0000000100000000)
  region size 1024K, 8 young (8192K), 3 survivors (3072K)
 Metaspace       used 87532K, capacity 89754K, committed 89856K, reserved 1126400K
  class space    used 11197K, capacity 12017K, committed 12032K, reserved 1048576K
}
Event: 28.740 GC heap after
{Heap after GC invocations=58 (full 0):
 garbage-first heap   total 176128K, used 95253K [0x0000000080000000, 0x0000000100000000)
  region size 1024K, 1 young (1024K), 1 survivors (1024K)
 Metaspace       used 87532K, capacity 89754K, committed 89856K, reserved 1126400K
  class space    used 11197K, capacity 12017K, committed 12032K, reserved 1048576K
}
Event: 29.868 GC heap before
{Heap before GC invocations=58 (full 0):
 garbage-first heap   total 176128K, used 133141K [0x0000000080000000, 0x0000000100000000)
  region size 1024K, 39 young (39936K), 1 survivors (1024K)
 Metaspace       used 88597K, capacity 90862K, committed 91136K, reserved 1128448K
  class space    used 11347K, capacity 12182K, committed 12288K, reserved 1048576K
}
Event: 29.874 GC heap after
{Heap after GC invocations=59 (full 0):
 garbage-first heap   total 176128K, used 96620K [0x0000000080000000, 0x0000000100000000)
  region size 1024K, 2 young (2048K), 2 survivors (2048K)
 Metaspace       used 88597K, capacity 90862K, committed 91136K, reserved 1128448K
  class space    used 11347K, capacity 12182K, committed 12288K, reserved 1048576K
}
Event: 30.687 GC heap before
{Heap before GC invocations=60 (full 0):
 garbage-first heap   total 176128K, used 133484K [0x0000000080000000, 0x0000000100000000)
  region size 1024K, 41 young (41984K), 2 survivors (2048K)
 Metaspace       used 96140K, capacity 98977K, committed 99328K, reserved 1134592K
  class space    used 12607K, capacity 13723K, committed 13824K, reserved 1048576K
}
Event: 30.697 GC heap after
{Heap after GC invocations=61 (full 0):
 garbage-first heap   total 176128K, used 96679K [0x0000000080000000, 0x0000000100000000)
  region size 1024K, 4 young (4096K), 4 survivors (4096K)
 Metaspace       used 96140K, capacity 98977K, committed 99328K, reserved 1134592K
  class space    used 12607K, capacity 13723K, committed 13824K, reserved 1048576K
}
Event: 30.768 GC heap before
{Heap before GC invocations=61 (full 0):
 garbage-first heap   total 176128K, used 100775K [0x0000000080000000, 0x0000000100000000)
  region size 1024K, 8 young (8192K), 4 survivors (4096K)
 Metaspace       used 96532K, capacity 99370K, committed 99584K, reserved 1134592K
  class space    used 12653K, capacity 13768K, committed 13824K, reserved 1048576K
}
Event: 30.772 GC heap after
{Heap after GC invocations=62 (full 0):
 garbage-first heap   total 176128K, used 95059K [0x0000000080000000, 0x0000000100000000)
  region size 1024K, 1 young (1024K), 1 survivors (1024K)
 Metaspace       used 96532K, capacity 99370K, committed 99584K, reserved 1134592K
  class space    used 12653K, capacity 13768K, committed 13824K, reserved 1048576K
}
Event: 31.465 GC heap before
{Heap before GC invocations=62 (full 0):
 garbage-first heap   total 176128K, used 136019K [0x0000000080000000, 0x0000000100000000)
  region size 1024K, 42 young (43008K), 1 survivors (1024K)
 Metaspace       used 98555K, capacity 101661K, committed 101760K, reserved 1136640K
  class space    used 12920K, capacity 14115K, committed 14208K, reserved 1048576K
}
Event: 31.474 GC heap after
{Heap after GC invocations=63 (full 0):
 garbage-first heap   total 176128K, used 96269K [0x0000000080000000, 0x0000000100000000)
  region size 1024K, 2 young (2048K), 2 survivors (2048K)
 Metaspace       used 98555K, capacity 101661K, committed 101760K, reserved 1136640K
  class space    used 12920K, capacity 14115K, committed 14208K, reserved 1048576K
}
Event: 32.417 GC heap before
{Heap before GC invocations=64 (full 0):
 garbage-first heap   total 176128K, used 138253K [0x0000000080000000, 0x0000000100000000)
  region size 1024K, 44 young (45056K), 2 survivors (2048K)
 Metaspace       used 101385K, capacity 104071K, committed 105344K, reserved 1140736K
  class space    used 13179K, capacity 14195K, committed 14720K, reserved 1048576K
}
Event: 32.424 GC heap after
{Heap after GC invocations=65 (full 0):
 garbage-first heap   total 176128K, used 96743K [0x0000000080000000, 0x0000000100000000)
  region size 1024K, 3 young (3072K), 3 survivors (3072K)
 Metaspace       used 101385K, capacity 104071K, committed 105344K, reserved 1140736K
  class space    used 13179K, capacity 14195K, committed 14720K, reserved 1048576K
}
Event: 32.579 GC heap before
{Heap before GC invocations=65 (full 0):
 garbage-first heap   total 176128K, used 100839K [0x0000000080000000, 0x0000000100000000)
  region size 1024K, 8 young (8192K), 3 survivors (3072K)
 Metaspace       used 101692K, capacity 104423K, committed 105600K, reserved 1140736K
  class space    used 13208K, capacity 14227K, committed 14720K, reserved 1048576K
}
Event: 32.584 GC heap after
{Heap after GC invocations=66 (full 0):
 garbage-first heap   total 176128K, used 96623K [0x0000000080000000, 0x0000000100000000)
  region size 1024K, 1 young (1024K), 1 survivors (1024K)
 Metaspace       used 101692K, capacity 104423K, committed 105600K, reserved 1140736K
  class space    used 13208K, capacity 14227K, committed 14720K, reserved 1048576K
}

Deoptimization events (20 events):
Event: 33.311 Thread 0x000002a37c65b000 DEOPT PACKING pc=0x000002a36ba72184 sp=0x000000bf5cafee60
Event: 33.311 Thread 0x000002a37c65b000 DEOPT UNPACKING pc=0x000002a363b978af sp=0x000000bf5cafecc0 mode 2
Event: 71.865 Thread 0x000002a37c294800 Uncommon trap: trap_request=0xffffffc6 fr.pc=0x000002a36bdbbd80 relative=0x0000000000000c00
Event: 71.865 Thread 0x000002a37c294800 Uncommon trap: reason=bimorphic_or_optimized_type_check action=maybe_recompile pc=0x000002a36bdbbd80 method=java.util.HashMap.removeNode(ILjava/lang/Object;Ljava/lang/Object;ZZ)Ljava/util/HashMap$Node; @ 283 c2
Event: 71.865 Thread 0x000002a37c294800 DEOPT PACKING pc=0x000002a36bdbbd80 sp=0x000000bf5c8fe000
Event: 71.865 Thread 0x000002a37c294800 DEOPT UNPACKING pc=0x000002a363b978af sp=0x000000bf5c8fdf98 mode 2
Event: 71.865 Thread 0x000002a37c294800 Uncommon trap: trap_request=0xffffffc6 fr.pc=0x000002a36bdbbd80 relative=0x0000000000000c00
Event: 71.865 Thread 0x000002a37c294800 Uncommon trap: reason=bimorphic_or_optimized_type_check action=maybe_recompile pc=0x000002a36bdbbd80 method=java.util.HashMap.removeNode(ILjava/lang/Object;Ljava/lang/Object;ZZ)Ljava/util/HashMap$Node; @ 283 c2
Event: 71.865 Thread 0x000002a37c294800 DEOPT PACKING pc=0x000002a36bdbbd80 sp=0x000000bf5c8fe000
Event: 71.865 Thread 0x000002a37c294800 DEOPT UNPACKING pc=0x000002a363b978af sp=0x000000bf5c8fdf98 mode 2
Event: 71.867 Thread 0x000002a37c294800 Uncommon trap: trap_request=0xffffffc6 fr.pc=0x000002a36bdbbd80 relative=0x0000000000000c00
Event: 71.867 Thread 0x000002a37c294800 Uncommon trap: reason=bimorphic_or_optimized_type_check action=maybe_recompile pc=0x000002a36bdbbd80 method=java.util.HashMap.removeNode(ILjava/lang/Object;Ljava/lang/Object;ZZ)Ljava/util/HashMap$Node; @ 283 c2
Event: 71.867 Thread 0x000002a37c294800 DEOPT PACKING pc=0x000002a36bdbbd80 sp=0x000000bf5c8fe0e0
Event: 71.868 Thread 0x000002a37c294800 DEOPT UNPACKING pc=0x000002a363b978af sp=0x000000bf5c8fe078 mode 2
Event: 101.866 Thread 0x000002a37c294800 Uncommon trap: trap_request=0xffffffc6 fr.pc=0x000002a36bdbbd80 relative=0x0000000000000c00
Event: 101.866 Thread 0x000002a37c294800 Uncommon trap: reason=bimorphic_or_optimized_type_check action=maybe_recompile pc=0x000002a36bdbbd80 method=java.util.HashMap.removeNode(ILjava/lang/Object;Ljava/lang/Object;ZZ)Ljava/util/HashMap$Node; @ 283 c2
Event: 101.866 Thread 0x000002a37c294800 DEOPT PACKING pc=0x000002a36bdbbd80 sp=0x000000bf5c8fe170
Event: 101.867 Thread 0x000002a37c294800 DEOPT UNPACKING pc=0x000002a363b978af sp=0x000000bf5c8fe108 mode 2
Event: 124.103 Thread 0x000002a37c883000 DEOPT PACKING pc=0x000002a36446577e sp=0x000000bf5b0fd840
Event: 124.104 Thread 0x000002a37c883000 DEOPT UNPACKING pc=0x000002a363b976ce sp=0x000000bf5b0fcd00 mode 0

Classes redefined (0 events):
No events

Internal exceptions (20 events):
Event: 31.075 Thread 0x000002a37c881800 Exception <a 'sun/nio/fs/WindowsException'{0x000000008978f8a8}> (0x000000008978f8a8) thrown at [./src/hotspot/share/prims/jni.cpp, line 615]
Event: 31.079 Thread 0x000002a37c881800 Exception <a 'sun/nio/fs/WindowsException'{0x0000000089798730}> (0x0000000089798730) thrown at [./src/hotspot/share/prims/jni.cpp, line 615]
Event: 31.083 Thread 0x000002a37c881800 Exception <a 'sun/nio/fs/WindowsException'{0x00000000898e3128}> (0x00000000898e3128) thrown at [./src/hotspot/share/prims/jni.cpp, line 615]
Event: 31.087 Thread 0x000002a37c881800 Exception <a 'sun/nio/fs/WindowsException'{0x00000000898ea9d8}> (0x00000000898ea9d8) thrown at [./src/hotspot/share/prims/jni.cpp, line 615]
Event: 31.091 Thread 0x000002a37c881800 Exception <a 'sun/nio/fs/WindowsException'{0x00000000898f4aa8}> (0x00000000898f4aa8) thrown at [./src/hotspot/share/prims/jni.cpp, line 615]
Event: 31.095 Thread 0x000002a37c881800 Exception <a 'sun/nio/fs/WindowsException'{0x00000000898fc070}> (0x00000000898fc070) thrown at [./src/hotspot/share/prims/jni.cpp, line 615]
Event: 31.189 Thread 0x000002a37c884000 Exception <a 'java/lang/NoSuchMethodError'{0x00000000894f9710}: <clinit>> (0x00000000894f9710) thrown at [./src/hotspot/share/prims/jni.cpp, line 1362]
Event: 31.439 Thread 0x000002a37c88a000 Exception <a 'sun/nio/fs/WindowsException'{0x000000008832b028}> (0x000000008832b028) thrown at [./src/hotspot/share/prims/jni.cpp, line 615]
Event: 31.614 Thread 0x000002a37c881800 Exception <a 'sun/nio/fs/WindowsException'{0x000000008a432568}> (0x000000008a432568) thrown at [./src/hotspot/share/prims/jni.cpp, line 615]
Event: 31.850 Thread 0x000002a37c88a000 Exception <a 'sun/nio/fs/WindowsException'{0x0000000089de97b0}> (0x0000000089de97b0) thrown at [./src/hotspot/share/prims/jni.cpp, line 615]
Event: 31.851 Thread 0x000002a37c881800 Exception <a 'sun/nio/fs/WindowsException'{0x0000000089dcd7f8}> (0x0000000089dcd7f8) thrown at [./src/hotspot/share/prims/jni.cpp, line 615]
Event: 32.679 Thread 0x000002a37c884000 Exception <a 'java/lang/NoSuchMethodError'{0x000000008a8d62e8}: <clinit>> (0x000000008a8d62e8) thrown at [./src/hotspot/share/prims/jni.cpp, line 1362]
Event: 33.035 Thread 0x000002a37c88d000 Exception <a 'java/lang/NoSuchMethodError'{0x0000000089e3e330}: 'java.lang.Object java.lang.invoke.DirectMethodHandle$Holder.invokeVirtual(java.lang.Object, java.lang.Object, int)'> (0x0000000089e3e330) thrown at [./src/hotspot/share/interpreter/linkResolver.cpp, line 773]
Event: 33.165 Thread 0x000002a37c551800 Implicit null exception at 0x000002a36bbedba8 to 0x000002a36bbef7c8
Event: 33.172 Thread 0x000002a37c551800 Exception <a 'java/lang/NoSuchMethodError'{0x0000000089c00fe0}: 'java.lang.Object java.lang.invoke.DirectMethodHandle$Holder.invokeSpecial(java.lang.Object, java.lang.Object, java.lang.Object, int, int, java.lang.Object, java.lang.Object)'> (0x0000000089c00fe0) thrown at [./src/hotspot/share/interpreter/linkResolver.cpp, line 773]
Event: 33.174 Thread 0x000002a37c551800 Exception <a 'java/lang/NoSuchMethodError'{0x0000000089c0a3b8}: 'java.lang.Object java.lang.invoke.DirectMethodHandle$Holder.invokeStatic(java.lang.Object, java.lang.Object, java.lang.Object, int, int, java.lang.Object)'> (0x0000000089c0a3b8) thrown at [./src/hotspot/share/interpreter/linkResolver.cpp, line 773]
Event: 33.174 Thread 0x000002a37c551800 Exception <a 'java/lang/NoSuchMethodError'{0x0000000089c0e0d8}: 'java.lang.Object java.lang.invoke.DirectMethodHandle$Holder.invokeSpecial(java.lang.Object, java.lang.Object, java.lang.Object, java.lang.Object, int, int, java.lang.Object)'> (0x0000000089c0e0d8) thrown at [./src/hotspot/share/interpreter/linkResolver.cpp, line 773]
Event: 33.175 Thread 0x000002a37c551800 Exception <a 'java/lang/NoSuchMethodError'{0x0000000089c1c8f8}: 'java.lang.Object java.lang.invoke.Invokers$Holder.linkToTargetMethod(java.lang.Object, java.lang.Object, int, int, java.lang.Object, java.lang.Object)'> (0x0000000089c1c8f8) thrown at [./src/hotspot/share/interpreter/linkResolver.cpp, line 773]
Event: 33.177 Thread 0x000002a37c551800 Implicit null exception at 0x000002a36bc534af to 0x000002a36bc534fc
Event: 33.251 Thread 0x000002a37c551800 Implicit null exception at 0x000002a36bc097e7 to 0x000002a36bc09b9c

Events (20 events):
Event: 92.963 Executing VM operation: RevokeBias
Event: 92.963 Executing VM operation: RevokeBias done
Event: 92.964 Thread 0x000002a305a39000 Thread exited: 0x000002a305a39000
Event: 93.296 Thread 0x000002a37c551800 Thread exited: 0x000002a37c551800
Event: 93.315 Thread 0x000002a37c558800 Thread exited: 0x000002a37c558800
Event: 123.943 Thread 0x000002a37c881800 Thread added: 0x000002a37c881800
Event: 123.954 Thread 0x000002a37c883000 Thread added: 0x000002a37c883000
Event: 124.156 Thread 0x000002a37c884000 Thread added: 0x000002a37c884000
Event: 124.223 Executing VM operation: RevokeBias
Event: 124.229 Executing VM operation: RevokeBias done
Event: 124.290 Thread 0x000002a37c87e800 Thread added: 0x000002a37c87e800
Event: 124.316 Executing VM operation: RevokeBias
Event: 124.316 Executing VM operation: RevokeBias done
Event: 124.342 Thread 0x000002a37c880000 Thread added: 0x000002a37c880000
Event: 124.356 Thread 0x000002a37c882800 Thread added: 0x000002a37c882800
Event: 124.358 Thread 0x000002a37c885000 Thread added: 0x000002a37c885000
Event: 124.411 Executing VM operation: RevokeBias
Event: 124.412 Executing VM operation: RevokeBias done
Event: 124.413 Executing VM operation: RevokeBias
Event: 124.413 Executing VM operation: RevokeBias done


Dynamic libraries:
0x00007ff739b10000 - 0x00007ff739b1a000 	C:\Program Files\Android\Android Studio\jre\bin\java.exe
0x00007ffcaf9c0000 - 0x00007ffcafbc7000 	C:\WINDOWS\SYSTEM32\ntdll.dll
0x00007ffcaeb90000 - 0x00007ffcaec4d000 	C:\WINDOWS\System32\KERNEL32.DLL
0x00007ffcacea0000 - 0x00007ffcad214000 	C:\WINDOWS\System32\KERNELBASE.dll
0x00007ffcad730000 - 0x00007ffcad841000 	C:\WINDOWS\System32\ucrtbase.dll
0x00007ffc97150000 - 0x00007ffc97169000 	C:\Program Files\Android\Android Studio\jre\bin\jli.dll
0x00007ffc96ab0000 - 0x00007ffc96ac7000 	C:\Program Files\Android\Android Studio\jre\bin\VCRUNTIME140.dll
0x00007ffcaed00000 - 0x00007ffcaeeac000 	C:\WINDOWS\System32\USER32.dll
0x00007ffcad400000 - 0x00007ffcad426000 	C:\WINDOWS\System32\win32u.dll
0x00007ffcaf700000 - 0x00007ffcaf729000 	C:\WINDOWS\System32\GDI32.dll
0x00007ffc99eb0000 - 0x00007ffc9a155000 	C:\WINDOWS\WinSxS\amd64_microsoft.windows.common-controls_6595b64144ccf1df_6.0.22000.120_none_9d947278b86cc467\COMCTL32.dll
0x00007ffcaec50000 - 0x00007ffcaecf3000 	C:\WINDOWS\System32\msvcrt.dll
0x00007ffcad4a0000 - 0x00007ffcad5b2000 	C:\WINDOWS\System32\gdi32full.dll
0x00007ffcad220000 - 0x00007ffcad2bd000 	C:\WINDOWS\System32\msvcp_win.dll
0x00007ffcaf940000 - 0x00007ffcaf971000 	C:\WINDOWS\System32\IMM32.DLL
0x00007ffc910a0000 - 0x00007ffc9113d000 	C:\Program Files\Android\Android Studio\jre\bin\msvcp140.dll
0x00007ffc5bd40000 - 0x00007ffc5c80f000 	C:\Program Files\Android\Android Studio\jre\bin\server\jvm.dll
0x00007ffcaf000000 - 0x00007ffcaf0ac000 	C:\WINDOWS\System32\ADVAPI32.dll
0x00007ffcaf870000 - 0x00007ffcaf90d000 	C:\WINDOWS\System32\sechost.dll
0x00007ffcadb30000 - 0x00007ffcadc51000 	C:\WINDOWS\System32\RPCRT4.dll
0x00007ffcaf6f0000 - 0x00007ffcaf6f8000 	C:\WINDOWS\System32\PSAPI.DLL
0x00007ffca8a70000 - 0x00007ffca8a79000 	C:\WINDOWS\SYSTEM32\WSOCK32.dll
0x00007ffca87e0000 - 0x00007ffca8813000 	C:\WINDOWS\SYSTEM32\WINMM.dll
0x00007ffcaf0b0000 - 0x00007ffcaf11f000 	C:\WINDOWS\System32\WS2_32.dll
0x00007ffca54d0000 - 0x00007ffca54da000 	C:\WINDOWS\SYSTEM32\VERSION.dll
0x00007ffcabfd0000 - 0x00007ffcabfe8000 	C:\WINDOWS\SYSTEM32\kernel.appcore.dll
0x00007ffca8870000 - 0x00007ffca8881000 	C:\Program Files\Android\Android Studio\jre\bin\verify.dll
0x00007ffca65d0000 - 0x00007ffca67f1000 	C:\WINDOWS\SYSTEM32\DBGHELP.DLL
0x00007ffc9cd40000 - 0x00007ffc9cd71000 	C:\WINDOWS\SYSTEM32\dbgcore.DLL
0x00007ffcad380000 - 0x00007ffcad400000 	C:\WINDOWS\System32\bcryptPrimitives.dll
0x00007ffc9f880000 - 0x00007ffc9f8a9000 	C:\Program Files\Android\Android Studio\jre\bin\java.dll
0x00007ffc9f870000 - 0x00007ffc9f87b000 	C:\Program Files\Android\Android Studio\jre\bin\jimage.dll
0x00007ffc9f850000 - 0x00007ffc9f868000 	C:\Program Files\Android\Android Studio\jre\bin\zip.dll
0x00007ffcae2f0000 - 0x00007ffcaea99000 	C:\WINDOWS\System32\SHELL32.dll
0x00007ffcab050000 - 0x00007ffcab8b2000 	C:\WINDOWS\SYSTEM32\windows.storage.dll
0x00007ffcaddd0000 - 0x00007ffcae148000 	C:\WINDOWS\System32\combase.dll
0x00007ffcaaee0000 - 0x00007ffcab046000 	C:\WINDOWS\SYSTEM32\wintypes.dll
0x00007ffcaf120000 - 0x00007ffcaf20a000 	C:\WINDOWS\System32\SHCORE.dll
0x00007ffcaefa0000 - 0x00007ffcaeffd000 	C:\WINDOWS\System32\shlwapi.dll
0x00007ffcacdd0000 - 0x00007ffcacdf1000 	C:\WINDOWS\SYSTEM32\profapi.dll
0x00007ffc9ef70000 - 0x00007ffc9ef8a000 	C:\Program Files\Android\Android Studio\jre\bin\net.dll
0x00007ffca7760000 - 0x00007ffca786c000 	C:\WINDOWS\SYSTEM32\WINHTTP.dll
0x00007ffcac3e0000 - 0x00007ffcac447000 	C:\WINDOWS\system32\mswsock.dll
0x00007ffc9ef50000 - 0x00007ffc9ef64000 	C:\Program Files\Android\Android Studio\jre\bin\nio.dll
0x00007ffc9db90000 - 0x00007ffc9dbb7000 	C:\Users\acer\.gradle\native\fdc75f09e3144964f2cf3f50f0aa648679c211496f362492102eb8c894070792\windows-amd64\native-platform.dll
0x00007ffc7dd10000 - 0x00007ffc7dea6000 	C:\Users\acer\.gradle\native\12488b8bf47d2d4c9fbf2f6322a914ad602e24e48041cd04a747c6da556b65c4\windows-amd64\native-platform-file-events.dll
0x00007ffc9f840000 - 0x00007ffc9f84a000 	C:\Program Files\Android\Android Studio\jre\bin\management.dll
0x00007ffc9ef40000 - 0x00007ffc9ef4c000 	C:\Program Files\Android\Android Studio\jre\bin\management_ext.dll
0x00007ffcac630000 - 0x00007ffcac648000 	C:\WINDOWS\SYSTEM32\CRYPTSP.dll
0x00007ffcabf30000 - 0x00007ffcabf65000 	C:\WINDOWS\system32\rsaenh.dll
0x00007ffcac4d0000 - 0x00007ffcac4f9000 	C:\WINDOWS\SYSTEM32\USERENV.dll
0x00007ffcac7a0000 - 0x00007ffcac7c7000 	C:\WINDOWS\SYSTEM32\bcrypt.dll
0x00007ffcac620000 - 0x00007ffcac62c000 	C:\WINDOWS\SYSTEM32\CRYPTBASE.dll
0x00007ffcabb00000 - 0x00007ffcabb2d000 	C:\WINDOWS\SYSTEM32\IPHLPAPI.DLL
0x00007ffcaf860000 - 0x00007ffcaf869000 	C:\WINDOWS\System32\NSI.dll
0x00007ffca7240000 - 0x00007ffca7259000 	C:\WINDOWS\SYSTEM32\dhcpcsvc6.DLL
0x00007ffca7c60000 - 0x00007ffca7c7e000 	C:\WINDOWS\SYSTEM32\dhcpcsvc.DLL
0x00007ffcabb30000 - 0x00007ffcabc17000 	C:\WINDOWS\SYSTEM32\DNSAPI.dll
0x00007ffca6450000 - 0x00007ffca645c000 	C:\WINDOWS\SYSTEM32\WINNSI.DLL

dbghelp: loaded successfully - version: 4.0.5 - missing functions: none
symbol engine: initialized successfully - sym options: 0x614 - pdb path: .;C:\Program Files\Android\Android Studio\jre\bin;C:\WINDOWS\SYSTEM32;C:\WINDOWS\WinSxS\amd64_microsoft.windows.common-controls_6595b64144ccf1df_6.0.22000.120_none_9d947278b86cc467;C:\Program Files\Android\Android Studio\jre\bin\server;C:\Users\acer\.gradle\native\fdc75f09e3144964f2cf3f50f0aa648679c211496f362492102eb8c894070792\windows-amd64;C:\Users\acer\.gradle\native\12488b8bf47d2d4c9fbf2f6322a914ad602e24e48041cd04a747c6da556b65c4\windows-amd64

VM Arguments:
jvm_args: --add-opens=java.base/java.util=ALL-UNNAMED --add-opens=java.base/java.lang=ALL-UNNAMED --add-opens=java.base/java.lang.invoke=ALL-UNNAMED --add-opens=java.prefs/java.util.prefs=ALL-UNNAMED -Xmx2048m -Dfile.encoding=UTF-8 -Duser.country=US -Duser.language=en -Duser.variant 
java_command: org.gradle.launcher.daemon.bootstrap.GradleDaemon 6.7.1
java_class_path (initial): C:\Users\acer\.gradle\wrapper\dists\gradle-6.7.1-bin\bwlcbys1h7rz3272sye1xwiv6\gradle-6.7.1\lib\gradle-launcher-6.7.1.jar
Launcher Type: SUN_STANDARD

[Global flags]
     intx CICompilerCount                          = 4                                         {product} {ergonomic}
     uint ConcGCThreads                            = 2                                         {product} {ergonomic}
     uint G1ConcRefinementThreads                  = 8                                         {product} {ergonomic}
   size_t G1HeapRegionSize                         = 1048576                                   {product} {ergonomic}
    uintx GCDrainStackTargetSize                   = 64                                        {product} {ergonomic}
   size_t InitialHeapSize                          = 100663296                                 {product} {ergonomic}
   size_t MarkStackSize                            = 4194304                                   {product} {ergonomic}
   size_t MaxHeapSize                              = 2147483648                                {product} {command line}
   size_t MaxNewSize                               = 1287651328                                {product} {ergonomic}
   size_t MinHeapDeltaBytes                        = 1048576                                   {product} {ergonomic}
    uintx NonNMethodCodeHeapSize                   = 5836300                                {pd product} {ergonomic}
    uintx NonProfiledCodeHeapSize                  = 122910970                              {pd product} {ergonomic}
    uintx ProfiledCodeHeapSize                     = 122910970                              {pd product} {ergonomic}
    uintx ReservedCodeCacheSize                    = 251658240                              {pd product} {ergonomic}
     bool SegmentedCodeCache                       = true                                      {product} {ergonomic}
     bool UseCompressedClassPointers               = true                                 {lp64_product} {ergonomic}
     bool UseCompressedOops                        = true                                 {lp64_product} {ergonomic}
     bool UseG1GC                                  = true                                      {product} {ergonomic}
     bool UseLargePagesIndividualAllocation        = false                                  {pd product} {ergonomic}

Logging:
Log output configuration:
 #0: stdout all=warning uptime,level,tags
 #1: stderr all=off uptime,level,tags

Environment Variables:
PATH=C:\Program Files (x86)\Common Files\Oracle\Java\javapath;C:\WINDOWS\system32;C:\WINDOWS;C:\WINDOWS\System32\Wbem;C:\WINDOWS\System32\WindowsPowerShell\v1.0\;C:\WINDOWS\System32\OpenSSH\;D:\Nodejs\;C:\Program Files\Git\cmd;D:\Xampp\php;C:\ProgramData\ComposerSetup\bin;C:\Users\acer\AppData\Local\Microsoft\WindowsApps;C:\Users\acer\AppData\Local\Programs\Microsoft VS Code\bin;C:\Users\acer\AppData\Roaming\npm;C:\Users\acer\AppData\Roaming\Composer\vendor\bin;C:\Users\acer\AppData\Local\GitHubDesktop\bin;C:\Users\acer\AppData\Local\gitkraken\bin;C:\Users\acer\AppData\Local\Microsoft\WindowsApps;C:\ProgramData\acer\gitkraken\bin
USERNAME=acer
OS=Windows_NT
PROCESSOR_IDENTIFIER=AMD64 Family 23 Model 24 Stepping 1, AuthenticAMD



---------------  S Y S T E M  ---------------

OS: Windows 10 , 64 bit Build 22000 (10.0.22000.120)
OS uptime: 0 days 2:05 hours

CPU:total 8 (initial active 8) (8 cores per cpu, 2 threads per core) family 23 model 24 stepping 1 microcode 0x0, cmov, cx8, fxsr, mmx, sse, sse2, sse3, ssse3, sse4.1, sse4.2, popcnt, avx, avx2, aes, clmul, mmxext, 3dnowpref, lzcnt, sse4a, ht, tsc, tscinvbit, tscinv, bmi1, bmi2, adx, s

Memory: 4k page, system-wide physical 6082M (315M free)
TotalPageFile size 14082M (AvailPageFile size 7M)
current process WorkingSet (physical memory assigned to process): 68M, peak: 465M
current process commit charge ("private bytes"): 471M, peak: 507M

vm_info: OpenJDK 64-Bit Server VM (11.0.10+0-b96-7249189) for windows-amd64 JRE (11.0.10+0-b96-7249189), built on Mar 31 2021 21:44:00 by "builder" with MS VC++ 14.0 (VS2015)

END.
