#
# There is insufficient memory for the Java Runtime Environment to continue.
# Native memory allocation (malloc) failed to allocate 1850256 bytes for Chunk::new
# Possible reasons:
#   The system is out of physical RAM or swap space
#   The process is running with CompressedOops enabled, and the Java Heap may be blocking the growth of the native heap
# Possible solutions:
#   Reduce memory load on the system
#   Increase physical memory or swap space
#   Check if swap backing store is full
#   Decrease Java heap size (-Xmx/-Xms)
#   Decrease number of Java threads
#   Decrease Java thread stack sizes (-Xss)
#   Set larger code cache with -XX:ReservedCodeCacheSize=
#   JVM is running with Unscaled Compressed Oops mode in which the Java heap is
#     placed in the first 4GB address space. The Java Heap base address is the
#     maximum limit for the native heap growth. Please use -XX:HeapBaseMinAddress
#     to set the Java Heap base and to place the Java Heap above 4GB virtual address.
# This output file may be truncated or incomplete.
#
#  Out of Memory Error (./src/hotspot/share/memory/arena.cpp:197), pid=13584, tid=4544
#
# JRE version: OpenJDK Runtime Environment (11.0.10) (build 11.0.10+0-b96-7249189)
# Java VM: OpenJDK 64-Bit Server VM (11.0.10+0-b96-7249189, mixed mode, tiered, compressed oops, g1 gc, windows-amd64)
# No core dump will be written. Minidumps are not enabled by default on client versions of Windows
#

---------------  S U M M A R Y ------------

Command Line: --add-opens=java.base/java.util=ALL-UNNAMED --add-opens=java.base/java.lang=ALL-UNNAMED --add-opens=java.base/java.lang.invoke=ALL-UNNAMED --add-opens=java.prefs/java.util.prefs=ALL-UNNAMED -Xmx2048m -Dfile.encoding=UTF-8 -Duser.country=US -Duser.language=en -Duser.variant org.gradle.launcher.daemon.bootstrap.GradleDaemon 6.7.1

Host: AMD Ryzen 5 3550H with Radeon Vega Mobile Gfx  , 8 cores, 5G,  Windows 10 , 64 bit Build 22000 (10.0.22000.120)
Time: Fri Oct  8 14:08:00 2021 SE Asia Standard Time elapsed time: 1105.671358 seconds (0d 0h 18m 25s)

---------------  T H R E A D  ---------------

Current thread (0x000001977d4f8800):  JavaThread "C2 CompilerThread0" daemon [_thread_in_native, id=4544, stack(0x00000036ce300000,0x00000036ce400000)]


Current CompileTask:
C2:1105671 19974       4       org.gradle.internal.execution.history.changes.SortedMapDiffUtil::diff (360 bytes)

Stack: [0x00000036ce300000,0x00000036ce400000]
Native frames: (J=compiled Java code, j=interpreted, Vv=VM code, C=native code)
V  [jvm.dll+0x5ecfaa]
V  [jvm.dll+0x722bd5]
V  [jvm.dll+0x72412d]
V  [jvm.dll+0x7247e3]
V  [jvm.dll+0x242928]
V  [jvm.dll+0xbc4fc]
V  [jvm.dll+0xbca0c]
V  [jvm.dll+0x352d7d]
V  [jvm.dll+0x320ad3]
V  [jvm.dll+0x31ffca]
V  [jvm.dll+0x1fb602]
V  [jvm.dll+0x1fa7f4]
V  [jvm.dll+0x18354c]
V  [jvm.dll+0x208ee7]
V  [jvm.dll+0x207731]
V  [jvm.dll+0x6eb1cf]
V  [jvm.dll+0x6e3d45]
V  [jvm.dll+0x5ebe96]
C  [ucrtbase.dll+0x26c0c]
C  [KERNEL32.DLL+0x154e0]
C  [ntdll.dll+0x485b]


---------------  P R O C E S S  ---------------

Threads class SMR info:
_java_thread_list=0x0000019715174210, length=150, elements={
0x000001977208d800, 0x000001977d4d6800, 0x000001977d4d8000, 0x000001977de92800,
0x000001977d4f5000, 0x000001977d4f6000, 0x000001977d4f8800, 0x000001977d52a800,
0x000001977dec4000, 0x000001977dfbe000, 0x000001977f213800, 0x000001970f464000,
0x000001977f7d7800, 0x000001977f892800, 0x000001977f88d800, 0x000001977f890000,
0x000001977f891800, 0x000001977e3d7800, 0x0000019711cc4000, 0x00000197134c6800,
0x000001971518b000, 0x00000197134c0000, 0x00000197134bf000, 0x00000197134c1000,
0x00000197134c1800, 0x00000197134bd800, 0x00000197134bc800, 0x00000197134be800,
0x00000197134c5000, 0x00000197134c4000, 0x00000197134c2800, 0x00000197134c5800,
0x00000197134c9000, 0x00000197134c7800, 0x00000197134c8000, 0x00000197134c3000,
0x00000197134ca000, 0x00000197134ca800, 0x00000197134cb800, 0x0000019715181800,
0x000001971517e000, 0x0000019715180800, 0x000001971517d800, 0x000001971517f000,
0x000001971517f800, 0x0000019715186800, 0x0000019715184000, 0x0000019715187000,
0x0000019715184800, 0x0000019715185800, 0x0000019715188000, 0x0000019715183000,
0x0000019715182000, 0x0000019715188800, 0x000001971518c000, 0x0000019715189800,
0x000001971518a800, 0x0000019711cc3000, 0x0000019711cc8000, 0x0000019711cc7000,
0x0000019711cc6800, 0x0000019711cc2800, 0x0000019711cca800, 0x0000019711cc9000,
0x0000019711cc9800, 0x0000019711ccb800, 0x0000019711cc5800, 0x0000019711ccd800,
0x0000019711ccc000, 0x0000019711ccf800, 0x0000019711cd1000, 0x0000019711ccd000,
0x0000019711cd0000, 0x0000019711cce800, 0x000001977e3d2800, 0x000001977e3d4800,
0x000001977e3d9800, 0x000001977e3db000, 0x000001977e3d7000, 0x000001977e3da000,
0x000001977e3d5000, 0x000001977e3db800, 0x000001977e3d6000, 0x000001977e3dc800,
0x000001977e3dd800, 0x000001977e3de000, 0x000001977e3e0000, 0x000001977e3df000,
0x000001977e3e0800, 0x000001977f88e800, 0x000001977f88f000, 0x000001977f890800,
0x000001977f88c800, 0x000001977f88c000, 0x0000019718a19000, 0x0000019718a1a000,
0x0000019718a1a800, 0x0000019718a1b800, 0x0000019718a16800, 0x0000019718a17800,
0x0000019718a15800, 0x0000019718a1e000, 0x0000019718a18000, 0x0000019718a21000,
0x0000019718a20800, 0x0000019718a1e800, 0x0000019718a22000, 0x0000019718a1c000,
0x0000019718a1f800, 0x0000019718a22800, 0x0000019718a1d000, 0x0000019718a23800,
0x0000019718a24800, 0x0000019715472000, 0x000001971546e800, 0x000001971546f800,
0x0000019715470800, 0x000001971546e000, 0x0000019715475000, 0x0000019715473800,
0x0000019715471000, 0x0000019715478800, 0x0000019715474800, 0x0000019715476000,
0x0000019715477800, 0x0000019715477000, 0x0000019715472800, 0x000001971547a000,
0x000001971547b000, 0x000001971547c800, 0x0000019715479000, 0x000001971547b800,
0x00000197118c8800, 0x00000197118c7000, 0x00000197118c7800, 0x00000197118c2800,
0x00000197118c5000, 0x00000197118c4800, 0x00000197118c9000, 0x00000197118c3800,
0x00000197118c6000, 0x00000197137b6800, 0x00000197137b0800, 0x00000197137b7000,
0x00000197137b1800, 0x00000197137b8000, 0x00000197137b4800, 0x00000197137b4000,
0x00000197137b5800, 0x00000197137b2000
}

Java Threads: ( => current thread )
  0x000001977208d800 JavaThread "main" [_thread_blocked, id=108, stack(0x00000036cd700000,0x00000036cd800000)]
  0x000001977d4d6800 JavaThread "Reference Handler" daemon [_thread_blocked, id=14604, stack(0x00000036cde00000,0x00000036cdf00000)]
  0x000001977d4d8000 JavaThread "Finalizer" daemon [_thread_blocked, id=7252, stack(0x00000036cdf00000,0x00000036ce000000)]
  0x000001977de92800 JavaThread "Signal Dispatcher" daemon [_thread_blocked, id=5764, stack(0x00000036ce000000,0x00000036ce100000)]
  0x000001977d4f5000 JavaThread "Attach Listener" daemon [_thread_blocked, id=4232, stack(0x00000036ce100000,0x00000036ce200000)]
  0x000001977d4f6000 JavaThread "Service Thread" daemon [_thread_blocked, id=7620, stack(0x00000036ce200000,0x00000036ce300000)]
=>0x000001977d4f8800 JavaThread "C2 CompilerThread0" daemon [_thread_in_native, id=4544, stack(0x00000036ce300000,0x00000036ce400000)]
  0x000001977d52a800 JavaThread "C1 CompilerThread0" daemon [_thread_blocked, id=10152, stack(0x00000036ce400000,0x00000036ce500000)]
  0x000001977dec4000 JavaThread "Sweeper thread" daemon [_thread_blocked, id=8464, stack(0x00000036ce500000,0x00000036ce600000)]
  0x000001977dfbe000 JavaThread "Common-Cleaner" daemon [_thread_blocked, id=7220, stack(0x00000036ce600000,0x00000036ce700000)]
  0x000001977f213800 JavaThread "Daemon health stats" [_thread_blocked, id=8384, stack(0x00000036ceb00000,0x00000036cec00000)]
  0x000001970f464000 JavaThread "Incoming local TCP Connector on port 61151" [_thread_in_native, id=11240, stack(0x00000036cec00000,0x00000036ced00000)]
  0x000001977f7d7800 JavaThread "Daemon periodic checks" [_thread_blocked, id=1696, stack(0x00000036ced00000,0x00000036cee00000)]
  0x000001977f892800 JavaThread "Cache worker for file hash cache (C:\Users\acer\.gradle\caches\6.7.1\fileHashes)" [_thread_blocked, id=13904, stack(0x00000036cfc00000,0x00000036cfd00000)]
  0x000001977f88d800 JavaThread "File lock request listener" [_thread_in_native, id=15596, stack(0x00000036cfd00000,0x00000036cfe00000)]
  0x000001977f890000 JavaThread "Cache worker for journal cache (C:\Users\acer\.gradle\caches\journal-1)" [_thread_in_Java, id=8416, stack(0x00000036cff00000,0x00000036d0000000)]
  0x000001977f891800 JavaThread "Cache worker for execution history cache (C:\Users\acer\.gradle\caches\6.7.1\executionHistory)" [_thread_blocked, id=2964, stack(0x00000036d0400000,0x00000036d0500000)]
  0x000001977e3d7800 JavaThread "Cache worker for file content cache (C:\Users\acer\.gradle\caches\6.7.1\fileContent)" [_thread_blocked, id=7020, stack(0x00000036d0600000,0x00000036d0700000)]
  0x0000019711cc4000 JavaThread "Memory manager" [_thread_blocked, id=9452, stack(0x00000036d7200000,0x00000036d7300000)]
  0x00000197134c6800 JavaThread "Cache worker for Java compile cache (C:\Users\acer\.gradle\caches\6.7.1\javaCompile)" [_thread_blocked, id=3316, stack(0x00000036d8200000,0x00000036d8300000)]
  0x000001971518b000 JavaThread "ForkJoinPool.commonPool-worker-3" daemon [_thread_blocked, id=10560, stack(0x00000036d8700000,0x00000036d8800000)]
  0x00000197134c0000 JavaThread "Daemon Thread 6" [_thread_blocked, id=1672, stack(0x00000036ce800000,0x00000036ce900000)]
  0x00000197134bf000 JavaThread "Handler for socket connection from /127.0.0.1:61151 to /127.0.0.1:62046" [_thread_in_native, id=6696, stack(0x00000036cea00000,0x00000036ceb00000)]
  0x00000197134c1000 JavaThread "Cancel handler" [_thread_blocked, id=4408, stack(0x00000036cee00000,0x00000036cef00000)]
  0x00000197134c1800 JavaThread "Daemon worker Thread 6" [_thread_blocked, id=14076, stack(0x00000036cef00000,0x00000036cf000000)]
  0x00000197134bd800 JavaThread "Asynchronous log dispatcher for DefaultDaemonConnection: socket connection from /127.0.0.1:61151 to /127.0.0.1:62046" [_thread_blocked, id=9220, stack(0x00000036cf000000,0x00000036cf100000)]
  0x00000197134bc800 JavaThread "Stdin handler" [_thread_blocked, id=4336, stack(0x00000036cf800000,0x00000036cf900000)]
  0x00000197134be800 JavaThread "Thread-703" [_thread_blocked, id=13428, stack(0x00000036cf900000,0x00000036cfa00000)]
  0x00000197134c5000 JavaThread "Cache worker for file hash cache (D:\Du an truong\DuanPhonestore\.gradle\6.7.1\fileHashes)" [_thread_blocked, id=6996, stack(0x00000036cfa00000,0x00000036cfb00000)]
  0x00000197134c4000 JavaThread "Cache worker for checksums cache (D:\Du an truong\DuanPhonestore\.gradle\checksums)" [_thread_blocked, id=3732, stack(0x00000036cfb00000,0x00000036cfc00000)]
  0x00000197134c2800 JavaThread "Cache worker for cache directory md-supplier (C:\Users\acer\.gradle\caches\6.7.1\md-supplier)" [_thread_blocked, id=8528, stack(0x00000036d0000000,0x00000036d0100000)]
  0x00000197134c5800 JavaThread "Cache worker for cache directory md-rule (C:\Users\acer\.gradle\caches\6.7.1\md-rule)" [_thread_blocked, id=9536, stack(0x00000036d0100000,0x00000036d0200000)]
  0x00000197134c9000 JavaThread "Cache worker for Build Output Cleanup Cache (D:\Du an truong\DuanPhonestore\.gradle\buildOutputCleanup)" [_thread_blocked, id=3332, stack(0x00000036d0200000,0x00000036d0300000)]
  0x00000197134c7800 JavaThread "Build operations" [_thread_blocked, id=12872, stack(0x00000036d0300000,0x00000036d0400000)]
  0x00000197134c8000 JavaThread "Build operations Thread 2" [_thread_in_Java, id=15400, stack(0x00000036d0500000,0x00000036d0600000)]
  0x00000197134c3000 JavaThread "Build operations Thread 3" [_thread_in_native, id=9696, stack(0x00000036d0700000,0x00000036d0800000)]
  0x00000197134ca000 JavaThread "Build operations Thread 4" [_thread_in_native, id=15628, stack(0x00000036d0800000,0x00000036d0900000)]
  0x00000197134ca800 JavaThread "Build operations Thread 5" [_thread_in_native, id=13956, stack(0x00000036d0900000,0x00000036d0a00000)]
  0x00000197134cb800 JavaThread "Build operations Thread 6" [_thread_blocked, id=9908, stack(0x00000036d0a00000,0x00000036d0b00000)]
  0x0000019715181800 JavaThread "Build operations Thread 7" [_thread_blocked, id=14720, stack(0x00000036d0b00000,0x00000036d0c00000)]
  0x000001971517e000 JavaThread "Build operations Thread 8" [_thread_in_Java, id=11800, stack(0x00000036d0c00000,0x00000036d0d00000)]
  0x0000019715180800 JavaThread "jar transforms Thread 496" [_thread_blocked, id=4068, stack(0x00000036d0d00000,0x00000036d0e00000)]
  0x000001971517d800 JavaThread "jar transforms Thread 497" [_thread_blocked, id=11820, stack(0x00000036d0e00000,0x00000036d0f00000)]
  0x000001971517f000 JavaThread "jar transforms Thread 498" [_thread_blocked, id=15872, stack(0x00000036d0f00000,0x00000036d1000000)]
  0x000001971517f800 JavaThread "jar transforms Thread 499" [_thread_blocked, id=6252, stack(0x00000036d1000000,0x00000036d1100000)]
  0x0000019715186800 JavaThread "jar transforms Thread 500" [_thread_blocked, id=15704, stack(0x00000036d1100000,0x00000036d1200000)]
  0x0000019715184000 JavaThread "jar transforms Thread 501" [_thread_blocked, id=8732, stack(0x00000036d1200000,0x00000036d1300000)]
  0x0000019715187000 JavaThread "jar transforms Thread 502" [_thread_blocked, id=13132, stack(0x00000036d1300000,0x00000036d1400000)]
  0x0000019715184800 JavaThread "jar transforms Thread 503" [_thread_blocked, id=15652, stack(0x00000036d1400000,0x00000036d1500000)]
  0x0000019715185800 JavaThread "jar transforms Thread 504" [_thread_blocked, id=5092, stack(0x00000036d1500000,0x00000036d1600000)]
  0x0000019715188000 JavaThread "jar transforms Thread 505" [_thread_blocked, id=12164, stack(0x00000036d1600000,0x00000036d1700000)]
  0x0000019715183000 JavaThread "jar transforms Thread 506" [_thread_blocked, id=15620, stack(0x00000036d1700000,0x00000036d1800000)]
  0x0000019715182000 JavaThread "jar transforms Thread 507" [_thread_blocked, id=10952, stack(0x00000036d1800000,0x00000036d1900000)]
  0x0000019715188800 JavaThread "jar transforms Thread 508" [_thread_blocked, id=6592, stack(0x00000036d1900000,0x00000036d1a00000)]
  0x000001971518c000 JavaThread "jar transforms Thread 509" [_thread_blocked, id=10368, stack(0x00000036d1a00000,0x00000036d1b00000)]
  0x0000019715189800 JavaThread "jar transforms Thread 510" [_thread_blocked, id=7048, stack(0x00000036d1b00000,0x00000036d1c00000)]
  0x000001971518a800 JavaThread "jar transforms Thread 511" [_thread_blocked, id=5704, stack(0x00000036d1c00000,0x00000036d1d00000)]
  0x0000019711cc3000 JavaThread "jar transforms Thread 512" [_thread_blocked, id=10096, stack(0x00000036d1d00000,0x00000036d1e00000)]
  0x0000019711cc8000 JavaThread "jar transforms Thread 513" [_thread_blocked, id=14840, stack(0x00000036d1e00000,0x00000036d1f00000)]
  0x0000019711cc7000 JavaThread "jar transforms Thread 514" [_thread_blocked, id=12276, stack(0x00000036d1f00000,0x00000036d2000000)]
  0x0000019711cc6800 JavaThread "jar transforms Thread 515" [_thread_blocked, id=5616, stack(0x00000036d2000000,0x00000036d2100000)]
  0x0000019711cc2800 JavaThread "jar transforms Thread 516" [_thread_blocked, id=2672, stack(0x00000036d2100000,0x00000036d2200000)]
  0x0000019711cca800 JavaThread "jar transforms Thread 517" [_thread_blocked, id=6704, stack(0x00000036d2200000,0x00000036d2300000)]
  0x0000019711cc9000 JavaThread "jar transforms Thread 518" [_thread_blocked, id=13672, stack(0x00000036d2300000,0x00000036d2400000)]
  0x0000019711cc9800 JavaThread "jar transforms Thread 519" [_thread_blocked, id=15604, stack(0x00000036d2400000,0x00000036d2500000)]
  0x0000019711ccb800 JavaThread "jar transforms Thread 520" [_thread_blocked, id=10620, stack(0x00000036d2500000,0x00000036d2600000)]
  0x0000019711cc5800 JavaThread "jar transforms Thread 521" [_thread_blocked, id=14668, stack(0x00000036d2600000,0x00000036d2700000)]
  0x0000019711ccd800 JavaThread "jar transforms Thread 522" [_thread_blocked, id=15468, stack(0x00000036d2700000,0x00000036d2800000)]
  0x0000019711ccc000 JavaThread "jar transforms Thread 523" [_thread_blocked, id=16164, stack(0x00000036d2800000,0x00000036d2900000)]
  0x0000019711ccf800 JavaThread "jar transforms Thread 524" [_thread_blocked, id=2504, stack(0x00000036d2900000,0x00000036d2a00000)]
  0x0000019711cd1000 JavaThread "jar transforms Thread 525" [_thread_blocked, id=8352, stack(0x00000036d2a00000,0x00000036d2b00000)]
  0x0000019711ccd000 JavaThread "jar transforms Thread 526" [_thread_blocked, id=14224, stack(0x00000036d2b00000,0x00000036d2c00000)]
  0x0000019711cd0000 JavaThread "jar transforms Thread 527" [_thread_blocked, id=13200, stack(0x00000036d2c00000,0x00000036d2d00000)]
  0x0000019711cce800 JavaThread "jar transforms Thread 528" [_thread_blocked, id=13116, stack(0x00000036d2d00000,0x00000036d2e00000)]
  0x000001977e3d2800 JavaThread "jar transforms Thread 529" [_thread_blocked, id=14608, stack(0x00000036d2e00000,0x00000036d2f00000)]
  0x000001977e3d4800 JavaThread "jar transforms Thread 530" [_thread_blocked, id=13960, stack(0x00000036d2f00000,0x00000036d3000000)]
  0x000001977e3d9800 JavaThread "jar transforms Thread 531" [_thread_blocked, id=7344, stack(0x00000036d3000000,0x00000036d3100000)]
  0x000001977e3db000 JavaThread "jar transforms Thread 532" [_thread_blocked, id=15056, stack(0x00000036d3100000,0x00000036d3200000)]
  0x000001977e3d7000 JavaThread "jar transforms Thread 533" [_thread_blocked, id=12208, stack(0x00000036d3200000,0x00000036d3300000)]
  0x000001977e3da000 JavaThread "jar transforms Thread 534" [_thread_blocked, id=8168, stack(0x00000036d3300000,0x00000036d3400000)]
  0x000001977e3d5000 JavaThread "jar transforms Thread 535" [_thread_blocked, id=7196, stack(0x00000036d3400000,0x00000036d3500000)]
  0x000001977e3db800 JavaThread "jar transforms Thread 536" [_thread_blocked, id=7992, stack(0x00000036d3500000,0x00000036d3600000)]
  0x000001977e3d6000 JavaThread "jar transforms Thread 537" [_thread_blocked, id=9272, stack(0x00000036d3600000,0x00000036d3700000)]
  0x000001977e3dc800 JavaThread "jar transforms Thread 538" [_thread_blocked, id=10092, stack(0x00000036d3700000,0x00000036d3800000)]
  0x000001977e3dd800 JavaThread "jar transforms Thread 539" [_thread_blocked, id=5972, stack(0x00000036d3800000,0x00000036d3900000)]
  0x000001977e3de000 JavaThread "jar transforms Thread 540" [_thread_blocked, id=10024, stack(0x00000036d3900000,0x00000036d3a00000)]
  0x000001977e3e0000 JavaThread "jar transforms Thread 541" [_thread_blocked, id=15088, stack(0x00000036d3a00000,0x00000036d3b00000)]
  0x000001977e3df000 JavaThread "jar transforms Thread 542" [_thread_blocked, id=16340, stack(0x00000036d3b00000,0x00000036d3c00000)]
  0x000001977e3e0800 JavaThread "jar transforms Thread 543" [_thread_blocked, id=11632, stack(0x00000036d3c00000,0x00000036d3d00000)]
  0x000001977f88e800 JavaThread "jar transforms Thread 544" [_thread_blocked, id=7576, stack(0x00000036d3d00000,0x00000036d3e00000)]
  0x000001977f88f000 JavaThread "jar transforms Thread 545" [_thread_blocked, id=14552, stack(0x00000036d3e00000,0x00000036d3f00000)]
  0x000001977f890800 JavaThread "jar transforms Thread 546" [_thread_blocked, id=11584, stack(0x00000036d3f00000,0x00000036d4000000)]
  0x000001977f88c800 JavaThread "jar transforms Thread 547" [_thread_blocked, id=12284, stack(0x00000036d4000000,0x00000036d4100000)]
  0x000001977f88c000 JavaThread "jar transforms Thread 548" [_thread_blocked, id=11520, stack(0x00000036d4100000,0x00000036d4200000)]
  0x0000019718a19000 JavaThread "jar transforms Thread 549" [_thread_blocked, id=16072, stack(0x00000036d4200000,0x00000036d4300000)]
  0x0000019718a1a000 JavaThread "jar transforms Thread 550" [_thread_blocked, id=4576, stack(0x00000036d4300000,0x00000036d4400000)]
  0x0000019718a1a800 JavaThread "jar transforms Thread 551" [_thread_blocked, id=15948, stack(0x00000036d4400000,0x00000036d4500000)]
  0x0000019718a1b800 JavaThread "jar transforms Thread 552" [_thread_blocked, id=13316, stack(0x00000036d4500000,0x00000036d4600000)]
  0x0000019718a16800 JavaThread "jar transforms Thread 553" [_thread_blocked, id=3364, stack(0x00000036d4600000,0x00000036d4700000)]
  0x0000019718a17800 JavaThread "jar transforms Thread 554" [_thread_blocked, id=13188, stack(0x00000036d4700000,0x00000036d4800000)]
  0x0000019718a15800 JavaThread "jar transforms Thread 555" [_thread_blocked, id=13804, stack(0x00000036d4800000,0x00000036d4900000)]
  0x0000019718a1e000 JavaThread "jar transforms Thread 556" [_thread_blocked, id=15192, stack(0x00000036d4900000,0x00000036d4a00000)]
  0x0000019718a18000 JavaThread "jar transforms Thread 557" [_thread_blocked, id=15660, stack(0x00000036d4a00000,0x00000036d4b00000)]
  0x0000019718a21000 JavaThread "jar transforms Thread 558" [_thread_blocked, id=14452, stack(0x00000036d4b00000,0x00000036d4c00000)]
  0x0000019718a20800 JavaThread "jar transforms Thread 559" [_thread_blocked, id=5344, stack(0x00000036d4c00000,0x00000036d4d00000)]
  0x0000019718a1e800 JavaThread "jar transforms Thread 560" [_thread_blocked, id=10140, stack(0x00000036d4d00000,0x00000036d4e00000)]
  0x0000019718a22000 JavaThread "jar transforms Thread 561" [_thread_blocked, id=8880, stack(0x00000036d4e00000,0x00000036d4f00000)]
  0x0000019718a1c000 JavaThread "jar transforms Thread 562" [_thread_blocked, id=14536, stack(0x00000036d4f00000,0x00000036d5000000)]
  0x0000019718a1f800 JavaThread "jar transforms Thread 563" [_thread_blocked, id=10920, stack(0x00000036d5000000,0x00000036d5100000)]
  0x0000019718a22800 JavaThread "jar transforms Thread 564" [_thread_blocked, id=4880, stack(0x00000036d5100000,0x00000036d5200000)]
  0x0000019718a1d000 JavaThread "jar transforms Thread 565" [_thread_blocked, id=6960, stack(0x00000036d5200000,0x00000036d5300000)]
  0x0000019718a23800 JavaThread "jar transforms Thread 566" [_thread_blocked, id=14764, stack(0x00000036d5300000,0x00000036d5400000)]
  0x0000019718a24800 JavaThread "jar transforms Thread 567" [_thread_blocked, id=4356, stack(0x00000036d5400000,0x00000036d5500000)]
  0x0000019715472000 JavaThread "jar transforms Thread 568" [_thread_blocked, id=13556, stack(0x00000036d5500000,0x00000036d5600000)]
  0x000001971546e800 JavaThread "jar transforms Thread 569" [_thread_blocked, id=9320, stack(0x00000036d5600000,0x00000036d5700000)]
  0x000001971546f800 JavaThread "jar transforms Thread 570" [_thread_blocked, id=6776, stack(0x00000036d5700000,0x00000036d5800000)]
  0x0000019715470800 JavaThread "jar transforms Thread 571" [_thread_blocked, id=9364, stack(0x00000036d5800000,0x00000036d5900000)]
  0x000001971546e000 JavaThread "jar transforms Thread 572" [_thread_blocked, id=2952, stack(0x00000036d5900000,0x00000036d5a00000)]
  0x0000019715475000 JavaThread "jar transforms Thread 573" [_thread_blocked, id=11216, stack(0x00000036d5a00000,0x00000036d5b00000)]
  0x0000019715473800 JavaThread "jar transforms Thread 574" [_thread_blocked, id=10408, stack(0x00000036d5b00000,0x00000036d5c00000)]
  0x0000019715471000 JavaThread "jar transforms Thread 575" [_thread_blocked, id=12568, stack(0x00000036d5c00000,0x00000036d5d00000)]
  0x0000019715478800 JavaThread "jar transforms Thread 576" [_thread_blocked, id=15096, stack(0x00000036d5d00000,0x00000036d5e00000)]
  0x0000019715474800 JavaThread "jar transforms Thread 577" [_thread_blocked, id=2772, stack(0x00000036d5e00000,0x00000036d5f00000)]
  0x0000019715476000 JavaThread "jar transforms Thread 578" [_thread_blocked, id=16216, stack(0x00000036d5f00000,0x00000036d6000000)]
  0x0000019715477800 JavaThread "jar transforms Thread 579" [_thread_blocked, id=3900, stack(0x00000036d6000000,0x00000036d6100000)]
  0x0000019715477000 JavaThread "jar transforms Thread 580" [_thread_blocked, id=12856, stack(0x00000036d6100000,0x00000036d6200000)]
  0x0000019715472800 JavaThread "jar transforms Thread 581" [_thread_blocked, id=1116, stack(0x00000036d6200000,0x00000036d6300000)]
  0x000001971547a000 JavaThread "jar transforms Thread 582" [_thread_blocked, id=8500, stack(0x00000036d6300000,0x00000036d6400000)]
  0x000001971547b000 JavaThread "jar transforms Thread 583" [_thread_blocked, id=2868, stack(0x00000036d6400000,0x00000036d6500000)]
  0x000001971547c800 JavaThread "jar transforms Thread 584" [_thread_blocked, id=10068, stack(0x00000036d6500000,0x00000036d6600000)]
  0x0000019715479000 JavaThread "jar transforms Thread 585" [_thread_blocked, id=2136, stack(0x00000036d6600000,0x00000036d6700000)]
  0x000001971547b800 JavaThread "jar transforms Thread 586" [_thread_blocked, id=9884, stack(0x00000036d6700000,0x00000036d6800000)]
  0x00000197118c8800 JavaThread "jar transforms Thread 587" [_thread_blocked, id=508, stack(0x00000036d6800000,0x00000036d6900000)]
  0x00000197118c7000 JavaThread "jar transforms Thread 588" [_thread_blocked, id=15072, stack(0x00000036d6900000,0x00000036d6a00000)]
  0x00000197118c7800 JavaThread "jar transforms Thread 589" [_thread_blocked, id=1488, stack(0x00000036d6a00000,0x00000036d6b00000)]
  0x00000197118c2800 JavaThread "jar transforms Thread 590" [_thread_blocked, id=5316, stack(0x00000036d6b00000,0x00000036d6c00000)]
  0x00000197118c5000 JavaThread "jar transforms Thread 591" [_thread_blocked, id=6328, stack(0x00000036d6c00000,0x00000036d6d00000)]
  0x00000197118c4800 JavaThread "jar transforms Thread 592" [_thread_blocked, id=15236, stack(0x00000036d6d00000,0x00000036d6e00000)]
  0x00000197118c9000 JavaThread "jar transforms Thread 593" [_thread_blocked, id=10508, stack(0x00000036d6e00000,0x00000036d6f00000)]
  0x00000197118c3800 JavaThread "jar transforms Thread 594" [_thread_blocked, id=464, stack(0x00000036d6f00000,0x00000036d7000000)]
  0x00000197118c6000 JavaThread "build event listener" [_thread_blocked, id=11916, stack(0x00000036d7000000,0x00000036d7100000)]
  0x00000197137b6800 JavaThread "build event listener" [_thread_blocked, id=6596, stack(0x00000036d7100000,0x00000036d7200000)]
  0x00000197137b0800 JavaThread "Execution worker for ':'" [_thread_blocked, id=1688, stack(0x00000036d7300000,0x00000036d7400000)]
  0x00000197137b7000 JavaThread "Execution worker for ':' Thread 2" [_thread_blocked, id=16116, stack(0x00000036d7400000,0x00000036d7500000)]
  0x00000197137b1800 JavaThread "Execution worker for ':' Thread 3" [_thread_blocked, id=8556, stack(0x00000036d7500000,0x00000036d7600000)]
  0x00000197137b8000 JavaThread "Execution worker for ':' Thread 4" [_thread_blocked, id=13560, stack(0x00000036d7600000,0x00000036d7700000)]
  0x00000197137b4800 JavaThread "Execution worker for ':' Thread 5" [_thread_blocked, id=13792, stack(0x00000036d7700000,0x00000036d7800000)]
  0x00000197137b4000 JavaThread "Execution worker for ':' Thread 6" [_thread_in_vm, id=14640, stack(0x00000036d7800000,0x00000036d7900000)]
  0x00000197137b5800 JavaThread "Execution worker for ':' Thread 7" [_thread_blocked, id=16312, stack(0x00000036d7900000,0x00000036d7a00000)]
  0x00000197137b2000 JavaThread "Cache worker for execution history cache (D:\Du an truong\DuanPhonestore\.gradle\6.7.1\executionHistory)" [_thread_blocked, id=16348, stack(0x00000036d7a00000,0x00000036d7b00000)]

Other Threads:
  0x000001977d4d1000 VMThread "VM Thread" [stack: 0x00000036cdd00000,0x00000036cde00000] [id=12648]
  0x000001977e020000 WatcherThread [stack: 0x00000036ce700000,0x00000036ce800000] [id=14544]
  0x00000197720a5800 GCTaskThread "GC Thread#0" [stack: 0x00000036cd800000,0x00000036cd900000] [id=12888]
  0x000001977eba8800 GCTaskThread "GC Thread#1" [stack: 0x00000036ce900000,0x00000036cea00000] [id=1548]
  0x000001970f199000 GCTaskThread "GC Thread#2" [stack: 0x00000036cf100000,0x00000036cf200000] [id=10772]
  0x000001977f755800 GCTaskThread "GC Thread#3" [stack: 0x00000036cf200000,0x00000036cf300000] [id=15332]
  0x000001977eb00000 GCTaskThread "GC Thread#4" [stack: 0x00000036cf300000,0x00000036cf400000] [id=7116]
  0x000001977e9eb800 GCTaskThread "GC Thread#5" [stack: 0x00000036cf400000,0x00000036cf500000] [id=5336]
  0x000001977f693800 GCTaskThread "GC Thread#6" [stack: 0x00000036cf500000,0x00000036cf600000] [id=14692]
  0x000001977f0d9000 GCTaskThread "GC Thread#7" [stack: 0x00000036cf600000,0x00000036cf700000] [id=15128]
  0x00000197720d6000 ConcurrentGCThread "G1 Main Marker" [stack: 0x00000036cd900000,0x00000036cda00000] [id=5468]
  0x00000197720d7000 ConcurrentGCThread "G1 Conc#0" [stack: 0x00000036cda00000,0x00000036cdb00000] [id=6196]
  0x000001970f3d0000 ConcurrentGCThread "G1 Conc#1" [stack: 0x00000036cfe00000,0x00000036cff00000] [id=13460]
  0x000001977215e800 ConcurrentGCThread "G1 Refine#0" [stack: 0x00000036cdb00000,0x00000036cdc00000] [id=10292]
  0x000001977f737800 ConcurrentGCThread "G1 Refine#1" [stack: 0x00000036cf700000,0x00000036cf800000] [id=13644]
  0x000001977f732800 ConcurrentGCThread "G1 Refine#2" [stack: 0x00000036cd400000,0x00000036cd500000] [id=14008]
  0x000001977f739800 ConcurrentGCThread "G1 Refine#3" [stack: 0x00000036cd500000,0x00000036cd600000] [id=14120]
  0x000001977f735000 ConcurrentGCThread "G1 Refine#4" [stack: 0x00000036cd600000,0x00000036cd700000] [id=9504]
  0x000001977215f800 ConcurrentGCThread "G1 Young RemSet Sampling" [stack: 0x00000036cdc00000,0x00000036cdd00000] [id=9040]

Threads with active compile tasks:
C2 CompilerThread01105724 19974       4       org.gradle.internal.execution.history.changes.SortedMapDiffUtil::diff (360 bytes)

VM state:not at safepoint (normal execution)

VM Mutex/Monitor currently owned by a thread: None

Heap address: 0x0000000080000000, size: 2048 MB, Compressed Oops mode: 32-bit
Narrow klass base: 0x0000000000000000, Narrow klass shift: 3
Compressed class space size: 1073741824 Address: 0x0000000100000000

Heap:
 garbage-first heap   total 267264K, used 125153K [0x0000000080000000, 0x0000000100000000)
  region size 1024K, 16 young (16384K), 7 survivors (7168K)
 Metaspace       used 119366K, capacity 122957K, committed 123008K, reserved 1155072K
  class space    used 15152K, capacity 16498K, committed 16512K, reserved 1048576K
Heap Regions: E=young(eden), S=young(survivor), O=old, HS=humongous(starts), HC=humongous(continues), CS=collection set, F=free, A=archive, TAMS=top-at-mark-start (previous, next)
|   0|0x0000000080000000, 0x0000000080100000, 0x0000000080100000|100%| O|  |TAMS 0x0000000080100000, 0x0000000080000000| Untracked 
|   1|0x0000000080100000, 0x0000000080200000, 0x0000000080200000|100%| O|  |TAMS 0x0000000080200000, 0x0000000080100000| Untracked 
|   2|0x0000000080200000, 0x0000000080300000, 0x0000000080300000|100%| O|  |TAMS 0x0000000080300000, 0x0000000080200000| Untracked 
|   3|0x0000000080300000, 0x0000000080400000, 0x0000000080400000|100%|HS|  |TAMS 0x0000000080400000, 0x0000000080300000| Complete 
|   4|0x0000000080400000, 0x0000000080500000, 0x0000000080500000|100%|HC|  |TAMS 0x0000000080500000, 0x0000000080400000| Complete 
|   5|0x0000000080500000, 0x0000000080600000, 0x0000000080600000|100%|HC|  |TAMS 0x0000000080600000, 0x0000000080500000| Complete 
|   6|0x0000000080600000, 0x0000000080700000, 0x0000000080700000|100%| O|  |TAMS 0x0000000080700000, 0x0000000080600000| Untracked 
|   7|0x0000000080700000, 0x0000000080800000, 0x0000000080800000|100%| O|  |TAMS 0x0000000080800000, 0x0000000080700000| Untracked 
|   8|0x0000000080800000, 0x0000000080900000, 0x0000000080900000|100%| O|  |TAMS 0x0000000080900000, 0x0000000080800000| Untracked 
|   9|0x0000000080900000, 0x0000000080a00000, 0x0000000080a00000|100%| O|  |TAMS 0x0000000080a00000, 0x0000000080900000| Untracked 
|  10|0x0000000080a00000, 0x0000000080b00000, 0x0000000080b00000|100%| O|  |TAMS 0x0000000080b00000, 0x0000000080a00000| Untracked 
|  11|0x0000000080b00000, 0x0000000080c00000, 0x0000000080c00000|100%| O|  |TAMS 0x0000000080c00000, 0x0000000080b00000| Untracked 
|  12|0x0000000080c00000, 0x0000000080d00000, 0x0000000080d00000|100%| O|  |TAMS 0x0000000080d00000, 0x0000000080c00000| Untracked 
|  13|0x0000000080d00000, 0x0000000080e00000, 0x0000000080e00000|100%| O|  |TAMS 0x0000000080e00000, 0x0000000080d00000| Untracked 
|  14|0x0000000080e00000, 0x0000000080f00000, 0x0000000080f00000|100%| O|  |TAMS 0x0000000080f00000, 0x0000000080e00000| Untracked 
|  15|0x0000000080f00000, 0x0000000081000000, 0x0000000081000000|100%| O|  |TAMS 0x0000000081000000, 0x0000000080f00000| Untracked 
|  16|0x0000000081000000, 0x0000000081100000, 0x0000000081100000|100%| O|  |TAMS 0x0000000081100000, 0x0000000081000000| Untracked 
|  17|0x0000000081100000, 0x0000000081200000, 0x0000000081200000|100%| O|  |TAMS 0x0000000081200000, 0x0000000081100000| Untracked 
|  18|0x0000000081200000, 0x0000000081300000, 0x0000000081300000|100%| O|  |TAMS 0x0000000081300000, 0x0000000081200000| Untracked 
|  19|0x0000000081300000, 0x0000000081400000, 0x0000000081400000|100%| O|  |TAMS 0x0000000081400000, 0x0000000081300000| Untracked 
|  20|0x0000000081400000, 0x0000000081500000, 0x0000000081500000|100%|HS|  |TAMS 0x0000000081500000, 0x0000000081400000| Complete 
|  21|0x0000000081500000, 0x0000000081600000, 0x0000000081600000|100%| O|  |TAMS 0x0000000081600000, 0x0000000081500000| Untracked 
|  22|0x0000000081600000, 0x0000000081700000, 0x0000000081700000|100%| O|  |TAMS 0x0000000081700000, 0x0000000081600000| Untracked 
|  23|0x0000000081700000, 0x0000000081800000, 0x0000000081800000|100%| O|  |TAMS 0x0000000081800000, 0x0000000081700000| Untracked 
|  24|0x0000000081800000, 0x0000000081900000, 0x0000000081900000|100%|HS|  |TAMS 0x0000000081900000, 0x0000000081800000| Complete 
|  25|0x0000000081900000, 0x0000000081a00000, 0x0000000081a00000|100%|HC|  |TAMS 0x0000000081a00000, 0x0000000081900000| Complete 
|  26|0x0000000081a00000, 0x0000000081b00000, 0x0000000081b00000|100%| O|  |TAMS 0x0000000081b00000, 0x0000000081a00000| Untracked 
|  27|0x0000000081b00000, 0x0000000081c00000, 0x0000000081c00000|100%| O|  |TAMS 0x0000000081c00000, 0x0000000081b00000| Untracked 
|  28|0x0000000081c00000, 0x0000000081d00000, 0x0000000081d00000|100%| O|  |TAMS 0x0000000081d00000, 0x0000000081c00000| Untracked 
|  29|0x0000000081d00000, 0x0000000081e00000, 0x0000000081e00000|100%| O|  |TAMS 0x0000000081e00000, 0x0000000081d00000| Untracked 
|  30|0x0000000081e00000, 0x0000000081f00000, 0x0000000081f00000|100%| O|  |TAMS 0x0000000081f00000, 0x0000000081e00000| Untracked 
|  31|0x0000000081f00000, 0x0000000082000000, 0x0000000082000000|100%| O|  |TAMS 0x0000000082000000, 0x0000000081f00000| Untracked 
|  32|0x0000000082000000, 0x0000000082100000, 0x0000000082100000|100%| O|  |TAMS 0x0000000082100000, 0x0000000082000000| Untracked 
|  33|0x0000000082100000, 0x0000000082200000, 0x0000000082200000|100%| O|  |TAMS 0x0000000082200000, 0x0000000082100000| Untracked 
|  34|0x0000000082200000, 0x0000000082300000, 0x0000000082300000|100%| O|  |TAMS 0x0000000082300000, 0x0000000082200000| Untracked 
|  35|0x0000000082300000, 0x0000000082400000, 0x0000000082400000|100%| O|  |TAMS 0x0000000082400000, 0x0000000082300000| Untracked 
|  36|0x0000000082400000, 0x0000000082500000, 0x0000000082500000|100%| O|  |TAMS 0x0000000082500000, 0x0000000082400000| Untracked 
|  37|0x0000000082500000, 0x0000000082600000, 0x0000000082600000|100%| O|  |TAMS 0x0000000082600000, 0x0000000082500000| Untracked 
|  38|0x0000000082600000, 0x0000000082700000, 0x0000000082700000|100%| O|  |TAMS 0x0000000082700000, 0x0000000082600000| Untracked 
|  39|0x0000000082700000, 0x0000000082800000, 0x0000000082800000|100%| O|  |TAMS 0x0000000082800000, 0x0000000082700000| Untracked 
|  40|0x0000000082800000, 0x0000000082900000, 0x0000000082900000|100%| O|  |TAMS 0x0000000082900000, 0x0000000082800000| Untracked 
|  41|0x0000000082900000, 0x0000000082a00000, 0x0000000082a00000|100%| O|  |TAMS 0x0000000082a00000, 0x0000000082900000| Untracked 
|  42|0x0000000082a00000, 0x0000000082b00000, 0x0000000082b00000|100%| O|  |TAMS 0x0000000082b00000, 0x0000000082a00000| Untracked 
|  43|0x0000000082b00000, 0x0000000082c00000, 0x0000000082c00000|100%| O|  |TAMS 0x0000000082c00000, 0x0000000082b00000| Untracked 
|  44|0x0000000082c00000, 0x0000000082d00000, 0x0000000082d00000|100%| O|  |TAMS 0x0000000082d00000, 0x0000000082c00000| Untracked 
|  45|0x0000000082d00000, 0x0000000082e00000, 0x0000000082e00000|100%| O|  |TAMS 0x0000000082e00000, 0x0000000082d00000| Untracked 
|  46|0x0000000082e00000, 0x0000000082f00000, 0x0000000082f00000|100%| O|  |TAMS 0x0000000082f00000, 0x0000000082e00000| Untracked 
|  47|0x0000000082f00000, 0x0000000083000000, 0x0000000083000000|100%| O|  |TAMS 0x0000000083000000, 0x0000000082f00000| Untracked 
|  48|0x0000000083000000, 0x0000000083100000, 0x0000000083100000|100%| O|  |TAMS 0x0000000083100000, 0x0000000083000000| Untracked 
|  49|0x0000000083100000, 0x0000000083200000, 0x0000000083200000|100%| O|  |TAMS 0x0000000083200000, 0x0000000083100000| Untracked 
|  50|0x0000000083200000, 0x0000000083300000, 0x0000000083300000|100%| O|  |TAMS 0x0000000083300000, 0x0000000083200000| Untracked 
|  51|0x0000000083300000, 0x0000000083400000, 0x0000000083400000|100%| O|  |TAMS 0x0000000083400000, 0x0000000083300000| Untracked 
|  52|0x0000000083400000, 0x0000000083500000, 0x0000000083500000|100%| O|  |TAMS 0x0000000083500000, 0x0000000083400000| Untracked 
|  53|0x0000000083500000, 0x0000000083600000, 0x0000000083600000|100%| O|  |TAMS 0x0000000083600000, 0x0000000083500000| Untracked 
|  54|0x0000000083600000, 0x0000000083700000, 0x0000000083700000|100%| O|  |TAMS 0x0000000083700000, 0x0000000083600000| Untracked 
|  55|0x0000000083700000, 0x0000000083800000, 0x0000000083800000|100%| O|  |TAMS 0x0000000083800000, 0x0000000083700000| Untracked 
|  56|0x0000000083800000, 0x0000000083800000, 0x0000000083900000|  0%| F|  |TAMS 0x0000000083800000, 0x0000000083800000| Untracked 
|  57|0x0000000083900000, 0x0000000083a00000, 0x0000000083a00000|100%| O|  |TAMS 0x0000000083a00000, 0x0000000083900000| Untracked 
|  58|0x0000000083a00000, 0x0000000083b00000, 0x0000000083b00000|100%| O|  |TAMS 0x0000000083b00000, 0x0000000083a00000| Untracked 
|  59|0x0000000083b00000, 0x0000000083c00000, 0x0000000083c00000|100%| O|  |TAMS 0x0000000083c00000, 0x0000000083b00000| Untracked 
|  60|0x0000000083c00000, 0x0000000083d00000, 0x0000000083d00000|100%| O|  |TAMS 0x0000000083d00000, 0x0000000083c00000| Untracked 
|  61|0x0000000083d00000, 0x0000000083e00000, 0x0000000083e00000|100%| O|  |TAMS 0x0000000083e00000, 0x0000000083d00000| Untracked 
|  62|0x0000000083e00000, 0x0000000083f00000, 0x0000000083f00000|100%| O|  |TAMS 0x0000000083f00000, 0x0000000083e00000| Untracked 
|  63|0x0000000083f00000, 0x0000000084000000, 0x0000000084000000|100%| O|  |TAMS 0x0000000084000000, 0x0000000083f00000| Untracked 
|  64|0x0000000084000000, 0x0000000084100000, 0x0000000084100000|100%| O|  |TAMS 0x0000000084100000, 0x0000000084000000| Untracked 
|  65|0x0000000084100000, 0x0000000084200000, 0x0000000084200000|100%| O|  |TAMS 0x0000000084200000, 0x0000000084100000| Untracked 
|  66|0x0000000084200000, 0x0000000084300000, 0x0000000084300000|100%| O|  |TAMS 0x0000000084300000, 0x0000000084200000| Untracked 
|  67|0x0000000084300000, 0x0000000084400000, 0x0000000084400000|100%| O|  |TAMS 0x0000000084400000, 0x0000000084300000| Untracked 
|  68|0x0000000084400000, 0x0000000084500000, 0x0000000084500000|100%| O|  |TAMS 0x0000000084500000, 0x0000000084400000| Untracked 
|  69|0x0000000084500000, 0x0000000084600000, 0x0000000084600000|100%| O|  |TAMS 0x0000000084600000, 0x0000000084500000| Untracked 
|  70|0x0000000084600000, 0x0000000084700000, 0x0000000084700000|100%| O|  |TAMS 0x0000000084700000, 0x0000000084600000| Untracked 
|  71|0x0000000084700000, 0x0000000084800000, 0x0000000084800000|100%| O|  |TAMS 0x0000000084800000, 0x0000000084700000| Untracked 
|  72|0x0000000084800000, 0x0000000084900000, 0x0000000084900000|100%| O|  |TAMS 0x0000000084900000, 0x0000000084800000| Untracked 
|  73|0x0000000084900000, 0x0000000084900000, 0x0000000084a00000|  0%| F|  |TAMS 0x0000000084900000, 0x0000000084900000| Untracked 
|  74|0x0000000084a00000, 0x0000000084b00000, 0x0000000084b00000|100%| O|  |TAMS 0x0000000084b00000, 0x0000000084a00000| Untracked 
|  75|0x0000000084b00000, 0x0000000084b00000, 0x0000000084c00000|  0%| F|  |TAMS 0x0000000084b00000, 0x0000000084b00000| Untracked 
|  76|0x0000000084c00000, 0x0000000084d00000, 0x0000000084d00000|100%| O|  |TAMS 0x0000000084d00000, 0x0000000084c00000| Untracked 
|  77|0x0000000084d00000, 0x0000000084d00000, 0x0000000084e00000|  0%| F|  |TAMS 0x0000000084d00000, 0x0000000084d00000| Untracked 
|  78|0x0000000084e00000, 0x0000000084f00000, 0x0000000084f00000|100%| O|  |TAMS 0x0000000084f00000, 0x0000000084e00000| Untracked 
|  79|0x0000000084f00000, 0x0000000085000000, 0x0000000085000000|100%| O|  |TAMS 0x0000000085000000, 0x0000000084f00000| Untracked 
|  80|0x0000000085000000, 0x0000000085100000, 0x0000000085100000|100%| O|  |TAMS 0x0000000085100000, 0x0000000085000000| Untracked 
|  81|0x0000000085100000, 0x0000000085200000, 0x0000000085200000|100%| O|  |TAMS 0x0000000085200000, 0x0000000085100000| Untracked 
|  82|0x0000000085200000, 0x0000000085200000, 0x0000000085300000|  0%| F|  |TAMS 0x0000000085200000, 0x0000000085200000| Untracked 
|  83|0x0000000085300000, 0x0000000085400000, 0x0000000085400000|100%| O|  |TAMS 0x0000000085400000, 0x0000000085300000| Untracked 
|  84|0x0000000085400000, 0x0000000085400000, 0x0000000085500000|  0%| F|  |TAMS 0x0000000085400000, 0x0000000085400000| Untracked 
|  85|0x0000000085500000, 0x0000000085500000, 0x0000000085600000|  0%| F|  |TAMS 0x0000000085500000, 0x0000000085500000| Untracked 
|  86|0x0000000085600000, 0x0000000085600000, 0x0000000085700000|  0%| F|  |TAMS 0x0000000085600000, 0x0000000085600000| Untracked 
|  87|0x0000000085700000, 0x0000000085800000, 0x0000000085800000|100%| O|  |TAMS 0x0000000085800000, 0x0000000085700000| Untracked 
|  88|0x0000000085800000, 0x0000000085900000, 0x0000000085900000|100%| O|  |TAMS 0x0000000085900000, 0x0000000085800000| Untracked 
|  89|0x0000000085900000, 0x0000000085a00000, 0x0000000085a00000|100%| O|  |TAMS 0x0000000085a00000, 0x0000000085900000| Untracked 
|  90|0x0000000085a00000, 0x0000000085b00000, 0x0000000085b00000|100%| O|  |TAMS 0x0000000085b00000, 0x0000000085a00000| Untracked 
|  91|0x0000000085b00000, 0x0000000085c00000, 0x0000000085c00000|100%| O|  |TAMS 0x0000000085c00000, 0x0000000085b00000| Untracked 
|  92|0x0000000085c00000, 0x0000000085d00000, 0x0000000085d00000|100%| O|  |TAMS 0x0000000085d00000, 0x0000000085c00000| Untracked 
|  93|0x0000000085d00000, 0x0000000085e00000, 0x0000000085e00000|100%| O|  |TAMS 0x0000000085e00000, 0x0000000085d00000| Untracked 
|  94|0x0000000085e00000, 0x0000000085f00000, 0x0000000085f00000|100%| O|  |TAMS 0x0000000085f00000, 0x0000000085e00000| Untracked 
|  95|0x0000000085f00000, 0x0000000086000000, 0x0000000086000000|100%| O|  |TAMS 0x0000000086000000, 0x0000000085f00000| Untracked 
|  96|0x0000000086000000, 0x0000000086100000, 0x0000000086100000|100%| O|  |TAMS 0x0000000086100000, 0x0000000086000000| Untracked 
|  97|0x0000000086100000, 0x0000000086200000, 0x0000000086200000|100%| O|  |TAMS 0x0000000086200000, 0x0000000086100000| Untracked 
|  98|0x0000000086200000, 0x0000000086200000, 0x0000000086300000|  0%| F|  |TAMS 0x0000000086200000, 0x0000000086200000| Untracked 
|  99|0x0000000086300000, 0x0000000086400000, 0x0000000086400000|100%| O|  |TAMS 0x0000000086400000, 0x0000000086300000| Untracked 
| 100|0x0000000086400000, 0x0000000086500000, 0x0000000086500000|100%| O|  |TAMS 0x0000000086500000, 0x0000000086400000| Untracked 
| 101|0x0000000086500000, 0x0000000086600000, 0x0000000086600000|100%| O|  |TAMS 0x0000000086600000, 0x0000000086500000| Untracked 
| 102|0x0000000086600000, 0x0000000086700000, 0x0000000086700000|100%| O|  |TAMS 0x0000000086700000, 0x0000000086600000| Untracked 
| 103|0x0000000086700000, 0x0000000086800000, 0x0000000086800000|100%| O|  |TAMS 0x0000000086800000, 0x0000000086700000| Untracked 
| 104|0x0000000086800000, 0x0000000086900000, 0x0000000086900000|100%| O|  |TAMS 0x0000000086885200, 0x0000000086800000| Untracked 
| 105|0x0000000086900000, 0x0000000086900000, 0x0000000086a00000|  0%| F|  |TAMS 0x0000000086900000, 0x0000000086900000| Untracked 
| 106|0x0000000086a00000, 0x0000000086a00000, 0x0000000086b00000|  0%| F|  |TAMS 0x0000000086a00000, 0x0000000086a00000| Untracked 
| 107|0x0000000086b00000, 0x0000000086b00000, 0x0000000086c00000|  0%| F|  |TAMS 0x0000000086b00000, 0x0000000086b00000| Untracked 
| 108|0x0000000086c00000, 0x0000000086d00000, 0x0000000086d00000|100%| O|  |TAMS 0x0000000086c00000, 0x0000000086c00000| Untracked 
| 109|0x0000000086d00000, 0x0000000086e00000, 0x0000000086e00000|100%| O|  |TAMS 0x0000000086d00000, 0x0000000086d00000| Untracked 
| 110|0x0000000086e00000, 0x0000000086f00000, 0x0000000086f00000|100%| O|  |TAMS 0x0000000086e00000, 0x0000000086e00000| Untracked 
| 111|0x0000000086f00000, 0x0000000086f00000, 0x0000000087000000|  0%| F|  |TAMS 0x0000000086f00000, 0x0000000086f00000| Untracked 
| 112|0x0000000087000000, 0x0000000087100000, 0x0000000087100000|100%| O|  |TAMS 0x0000000087000000, 0x0000000087000000| Untracked 
| 113|0x0000000087100000, 0x0000000087200000, 0x0000000087200000|100%| O|  |TAMS 0x0000000087100000, 0x0000000087100000| Untracked 
| 114|0x0000000087200000, 0x0000000087300000, 0x0000000087300000|100%| O|  |TAMS 0x0000000087200000, 0x0000000087200000| Untracked 
| 115|0x0000000087300000, 0x0000000087400000, 0x0000000087400000|100%| O|  |TAMS 0x0000000087300000, 0x0000000087300000| Untracked 
| 116|0x0000000087400000, 0x0000000087500000, 0x0000000087500000|100%| O|  |TAMS 0x0000000087400000, 0x0000000087400000| Untracked 
| 117|0x0000000087500000, 0x0000000087600000, 0x0000000087600000|100%| O|  |TAMS 0x0000000087500000, 0x0000000087500000| Untracked 
| 118|0x0000000087600000, 0x0000000087700000, 0x0000000087700000|100%| O|  |TAMS 0x0000000087600000, 0x0000000087600000| Untracked 
| 119|0x0000000087700000, 0x0000000087800000, 0x0000000087800000|100%| O|  |TAMS 0x0000000087700000, 0x0000000087700000| Untracked 
| 120|0x0000000087800000, 0x0000000087841a00, 0x0000000087900000| 25%| O|  |TAMS 0x0000000087800000, 0x0000000087800000| Untracked 
| 121|0x0000000087900000, 0x0000000087900000, 0x0000000087a00000|  0%| F|  |TAMS 0x0000000087900000, 0x0000000087900000| Untracked 
| 122|0x0000000087a00000, 0x0000000087a00000, 0x0000000087b00000|  0%| F|  |TAMS 0x0000000087a00000, 0x0000000087a00000| Untracked 
| 123|0x0000000087b00000, 0x0000000087b00000, 0x0000000087c00000|  0%| F|  |TAMS 0x0000000087b00000, 0x0000000087b00000| Untracked 
| 124|0x0000000087c00000, 0x0000000087c00000, 0x0000000087d00000|  0%| F|  |TAMS 0x0000000087c00000, 0x0000000087c00000| Untracked 
| 125|0x0000000087d00000, 0x0000000087d00000, 0x0000000087e00000|  0%| F|  |TAMS 0x0000000087d00000, 0x0000000087d00000| Untracked 
| 126|0x0000000087e00000, 0x0000000087e00000, 0x0000000087f00000|  0%| F|  |TAMS 0x0000000087e00000, 0x0000000087e00000| Untracked 
| 127|0x0000000087f00000, 0x0000000087f00000, 0x0000000088000000|  0%| F|  |TAMS 0x0000000087f00000, 0x0000000087f00000| Untracked 
| 128|0x0000000088000000, 0x0000000088000000, 0x0000000088100000|  0%| F|  |TAMS 0x0000000088000000, 0x0000000088000000| Untracked 
| 129|0x0000000088100000, 0x0000000088100000, 0x0000000088200000|  0%| F|  |TAMS 0x0000000088100000, 0x0000000088100000| Untracked 
| 130|0x0000000088200000, 0x0000000088200000, 0x0000000088300000|  0%| F|  |TAMS 0x0000000088200000, 0x0000000088200000| Untracked 
| 131|0x0000000088300000, 0x0000000088300000, 0x0000000088400000|  0%| F|  |TAMS 0x0000000088300000, 0x0000000088300000| Untracked 
| 132|0x0000000088400000, 0x0000000088400000, 0x0000000088500000|  0%| F|  |TAMS 0x0000000088400000, 0x0000000088400000| Untracked 
| 133|0x0000000088500000, 0x0000000088500000, 0x0000000088600000|  0%| F|  |TAMS 0x0000000088500000, 0x0000000088500000| Untracked 
| 134|0x0000000088600000, 0x0000000088600000, 0x0000000088700000|  0%| F|  |TAMS 0x0000000088600000, 0x0000000088600000| Untracked 
| 135|0x0000000088700000, 0x0000000088700000, 0x0000000088800000|  0%| F|  |TAMS 0x0000000088700000, 0x0000000088700000| Untracked 
| 136|0x0000000088800000, 0x0000000088800000, 0x0000000088900000|  0%| F|  |TAMS 0x0000000088800000, 0x0000000088800000| Untracked 
| 137|0x0000000088900000, 0x0000000088900000, 0x0000000088a00000|  0%| F|  |TAMS 0x0000000088900000, 0x0000000088900000| Untracked 
| 138|0x0000000088a00000, 0x0000000088a00000, 0x0000000088b00000|  0%| F|  |TAMS 0x0000000088a00000, 0x0000000088a00000| Untracked 
| 139|0x0000000088b00000, 0x0000000088b00000, 0x0000000088c00000|  0%| F|  |TAMS 0x0000000088b00000, 0x0000000088b00000| Untracked 
| 140|0x0000000088c00000, 0x0000000088c00000, 0x0000000088d00000|  0%| F|  |TAMS 0x0000000088c00000, 0x0000000088c00000| Untracked 
| 141|0x0000000088d00000, 0x0000000088d00000, 0x0000000088e00000|  0%| F|  |TAMS 0x0000000088d00000, 0x0000000088d00000| Untracked 
| 142|0x0000000088e00000, 0x0000000088e00000, 0x0000000088f00000|  0%| F|  |TAMS 0x0000000088e00000, 0x0000000088e00000| Untracked 
| 143|0x0000000088f00000, 0x0000000088f00000, 0x0000000089000000|  0%| F|  |TAMS 0x0000000088f00000, 0x0000000088f00000| Untracked 
| 144|0x0000000089000000, 0x0000000089000000, 0x0000000089100000|  0%| F|  |TAMS 0x0000000089000000, 0x0000000089000000| Untracked 
| 145|0x0000000089100000, 0x0000000089100000, 0x0000000089200000|  0%| F|  |TAMS 0x0000000089100000, 0x0000000089100000| Untracked 
| 146|0x0000000089200000, 0x0000000089200000, 0x0000000089300000|  0%| F|  |TAMS 0x0000000089200000, 0x0000000089200000| Untracked 
| 147|0x0000000089300000, 0x0000000089300000, 0x0000000089400000|  0%| F|  |TAMS 0x0000000089300000, 0x0000000089300000| Untracked 
| 148|0x0000000089400000, 0x0000000089400000, 0x0000000089500000|  0%| F|  |TAMS 0x0000000089400000, 0x0000000089400000| Untracked 
| 149|0x0000000089500000, 0x0000000089500000, 0x0000000089600000|  0%| F|  |TAMS 0x0000000089500000, 0x0000000089500000| Untracked 
| 150|0x0000000089600000, 0x0000000089600000, 0x0000000089700000|  0%| F|  |TAMS 0x0000000089600000, 0x0000000089600000| Untracked 
| 151|0x0000000089700000, 0x00000000897f6d08, 0x0000000089800000| 96%| S|CS|TAMS 0x0000000089700000, 0x0000000089700000| Complete 
| 152|0x0000000089800000, 0x0000000089900000, 0x0000000089900000|100%| S|CS|TAMS 0x0000000089800000, 0x0000000089800000| Complete 
| 153|0x0000000089900000, 0x0000000089a00000, 0x0000000089a00000|100%| S|CS|TAMS 0x0000000089900000, 0x0000000089900000| Complete 
| 154|0x0000000089a00000, 0x0000000089b00000, 0x0000000089b00000|100%| S|CS|TAMS 0x0000000089a00000, 0x0000000089a00000| Complete 
| 155|0x0000000089b00000, 0x0000000089c00000, 0x0000000089c00000|100%| S|CS|TAMS 0x0000000089b00000, 0x0000000089b00000| Complete 
| 156|0x0000000089c00000, 0x0000000089d00000, 0x0000000089d00000|100%| S|CS|TAMS 0x0000000089c00000, 0x0000000089c00000| Complete 
| 157|0x0000000089d00000, 0x0000000089e00000, 0x0000000089e00000|100%| S|CS|TAMS 0x0000000089d00000, 0x0000000089d00000| Complete 
| 158|0x0000000089e00000, 0x0000000089e00000, 0x0000000089f00000|  0%| F|  |TAMS 0x0000000089e00000, 0x0000000089e00000| Untracked 
| 159|0x0000000089f00000, 0x0000000089f00000, 0x000000008a000000|  0%| F|  |TAMS 0x0000000089f00000, 0x0000000089f00000| Untracked 
| 160|0x000000008a000000, 0x000000008a000000, 0x000000008a100000|  0%| F|  |TAMS 0x000000008a000000, 0x000000008a000000| Untracked 
| 161|0x000000008a100000, 0x000000008a100000, 0x000000008a200000|  0%| F|  |TAMS 0x000000008a100000, 0x000000008a100000| Untracked 
| 162|0x000000008a200000, 0x000000008a200000, 0x000000008a300000|  0%| F|  |TAMS 0x000000008a200000, 0x000000008a200000| Untracked 
| 163|0x000000008a300000, 0x000000008a300000, 0x000000008a400000|  0%| F|  |TAMS 0x000000008a300000, 0x000000008a300000| Untracked 
| 164|0x000000008a400000, 0x000000008a400000, 0x000000008a500000|  0%| F|  |TAMS 0x000000008a400000, 0x000000008a400000| Untracked 
| 165|0x000000008a500000, 0x000000008a500000, 0x000000008a600000|  0%| F|  |TAMS 0x000000008a500000, 0x000000008a500000| Untracked 
| 166|0x000000008a600000, 0x000000008a600000, 0x000000008a700000|  0%| F|  |TAMS 0x000000008a600000, 0x000000008a600000| Untracked 
| 167|0x000000008a700000, 0x000000008a700000, 0x000000008a800000|  0%| F|  |TAMS 0x000000008a700000, 0x000000008a700000| Untracked 
| 168|0x000000008a800000, 0x000000008a800000, 0x000000008a900000|  0%| F|  |TAMS 0x000000008a800000, 0x000000008a800000| Untracked 
| 169|0x000000008a900000, 0x000000008a900000, 0x000000008aa00000|  0%| F|  |TAMS 0x000000008a900000, 0x000000008a900000| Untracked 
| 170|0x000000008aa00000, 0x000000008aa00000, 0x000000008ab00000|  0%| F|  |TAMS 0x000000008aa00000, 0x000000008aa00000| Untracked 
| 171|0x000000008ab00000, 0x000000008ab00000, 0x000000008ac00000|  0%| F|  |TAMS 0x000000008ab00000, 0x000000008ab00000| Untracked 
| 172|0x000000008ac00000, 0x000000008ac00000, 0x000000008ad00000|  0%| F|  |TAMS 0x000000008ac00000, 0x000000008ac00000| Untracked 
| 173|0x000000008ad00000, 0x000000008ad00000, 0x000000008ae00000|  0%| F|  |TAMS 0x000000008ad00000, 0x000000008ad00000| Untracked 
| 174|0x000000008ae00000, 0x000000008ae00000, 0x000000008af00000|  0%| F|  |TAMS 0x000000008ae00000, 0x000000008ae00000| Untracked 
| 175|0x000000008af00000, 0x000000008af00000, 0x000000008b000000|  0%| F|  |TAMS 0x000000008af00000, 0x000000008af00000| Untracked 
| 176|0x000000008b000000, 0x000000008b000000, 0x000000008b100000|  0%| F|  |TAMS 0x000000008b000000, 0x000000008b000000| Untracked 
| 177|0x000000008b100000, 0x000000008b100000, 0x000000008b200000|  0%| F|  |TAMS 0x000000008b100000, 0x000000008b100000| Untracked 
| 178|0x000000008b200000, 0x000000008b200000, 0x000000008b300000|  0%| F|  |TAMS 0x000000008b200000, 0x000000008b200000| Untracked 
| 179|0x000000008b300000, 0x000000008b300000, 0x000000008b400000|  0%| F|  |TAMS 0x000000008b300000, 0x000000008b300000| Untracked 
| 180|0x000000008b400000, 0x000000008b400000, 0x000000008b500000|  0%| F|  |TAMS 0x000000008b400000, 0x000000008b400000| Untracked 
| 181|0x000000008b500000, 0x000000008b500000, 0x000000008b600000|  0%| F|  |TAMS 0x000000008b500000, 0x000000008b500000| Untracked 
| 182|0x000000008b600000, 0x000000008b600000, 0x000000008b700000|  0%| F|  |TAMS 0x000000008b600000, 0x000000008b600000| Untracked 
| 183|0x000000008b700000, 0x000000008b700000, 0x000000008b800000|  0%| F|  |TAMS 0x000000008b700000, 0x000000008b700000| Untracked 
| 184|0x000000008b800000, 0x000000008b800000, 0x000000008b900000|  0%| F|  |TAMS 0x000000008b800000, 0x000000008b800000| Untracked 
| 185|0x000000008b900000, 0x000000008b900000, 0x000000008ba00000|  0%| F|  |TAMS 0x000000008b900000, 0x000000008b900000| Untracked 
| 186|0x000000008ba00000, 0x000000008ba00000, 0x000000008bb00000|  0%| F|  |TAMS 0x000000008ba00000, 0x000000008ba00000| Untracked 
| 187|0x000000008bb00000, 0x000000008bb00000, 0x000000008bc00000|  0%| F|  |TAMS 0x000000008bb00000, 0x000000008bb00000| Untracked 
| 188|0x000000008bc00000, 0x000000008bc00000, 0x000000008bd00000|  0%| F|  |TAMS 0x000000008bc00000, 0x000000008bc00000| Untracked 
| 189|0x000000008bd00000, 0x000000008bd00000, 0x000000008be00000|  0%| F|  |TAMS 0x000000008bd00000, 0x000000008bd00000| Untracked 
| 190|0x000000008be00000, 0x000000008be00000, 0x000000008bf00000|  0%| F|  |TAMS 0x000000008be00000, 0x000000008be00000| Untracked 
| 191|0x000000008bf00000, 0x000000008bf00000, 0x000000008c000000|  0%| F|  |TAMS 0x000000008bf00000, 0x000000008bf00000| Untracked 
| 192|0x000000008c000000, 0x000000008c000000, 0x000000008c100000|  0%| F|  |TAMS 0x000000008c000000, 0x000000008c000000| Untracked 
| 193|0x000000008c100000, 0x000000008c100000, 0x000000008c200000|  0%| F|  |TAMS 0x000000008c100000, 0x000000008c100000| Untracked 
| 194|0x000000008c200000, 0x000000008c200000, 0x000000008c300000|  0%| F|  |TAMS 0x000000008c200000, 0x000000008c200000| Untracked 
| 195|0x000000008c300000, 0x000000008c300000, 0x000000008c400000|  0%| F|  |TAMS 0x000000008c300000, 0x000000008c300000| Untracked 
| 196|0x000000008c400000, 0x000000008c400000, 0x000000008c500000|  0%| F|  |TAMS 0x000000008c400000, 0x000000008c400000| Untracked 
| 197|0x000000008c500000, 0x000000008c500000, 0x000000008c600000|  0%| F|  |TAMS 0x000000008c500000, 0x000000008c500000| Untracked 
| 198|0x000000008c600000, 0x000000008c600000, 0x000000008c700000|  0%| F|  |TAMS 0x000000008c600000, 0x000000008c600000| Untracked 
| 199|0x000000008c700000, 0x000000008c700000, 0x000000008c800000|  0%| F|  |TAMS 0x000000008c700000, 0x000000008c700000| Untracked 
| 200|0x000000008c800000, 0x000000008c800000, 0x000000008c900000|  0%| F|  |TAMS 0x000000008c800000, 0x000000008c800000| Untracked 
| 201|0x000000008c900000, 0x000000008c900000, 0x000000008ca00000|  0%| F|  |TAMS 0x000000008c900000, 0x000000008c900000| Untracked 
| 202|0x000000008ca00000, 0x000000008ca00000, 0x000000008cb00000|  0%| F|  |TAMS 0x000000008ca00000, 0x000000008ca00000| Untracked 
| 203|0x000000008cb00000, 0x000000008cb00000, 0x000000008cc00000|  0%| F|  |TAMS 0x000000008cb00000, 0x000000008cb00000| Untracked 
| 204|0x000000008cc00000, 0x000000008cc00000, 0x000000008cd00000|  0%| F|  |TAMS 0x000000008cc00000, 0x000000008cc00000| Untracked 
| 205|0x000000008cd00000, 0x000000008cd00000, 0x000000008ce00000|  0%| F|  |TAMS 0x000000008cd00000, 0x000000008cd00000| Untracked 
| 206|0x000000008ce00000, 0x000000008ce00000, 0x000000008cf00000|  0%| F|  |TAMS 0x000000008ce00000, 0x000000008ce00000| Untracked 
| 207|0x000000008cf00000, 0x000000008cf00000, 0x000000008d000000|  0%| F|  |TAMS 0x000000008cf00000, 0x000000008cf00000| Untracked 
| 208|0x000000008d000000, 0x000000008d000000, 0x000000008d100000|  0%| F|  |TAMS 0x000000008d000000, 0x000000008d000000| Untracked 
| 209|0x000000008d100000, 0x000000008d100000, 0x000000008d200000|  0%| F|  |TAMS 0x000000008d100000, 0x000000008d100000| Untracked 
| 210|0x000000008d200000, 0x000000008d200000, 0x000000008d300000|  0%| F|  |TAMS 0x000000008d200000, 0x000000008d200000| Untracked 
| 211|0x000000008d300000, 0x000000008d300000, 0x000000008d400000|  0%| F|  |TAMS 0x000000008d300000, 0x000000008d300000| Untracked 
| 212|0x000000008d400000, 0x000000008d400000, 0x000000008d500000|  0%| F|  |TAMS 0x000000008d400000, 0x000000008d400000| Untracked 
| 213|0x000000008d500000, 0x000000008d500000, 0x000000008d600000|  0%| F|  |TAMS 0x000000008d500000, 0x000000008d500000| Untracked 
| 214|0x000000008d600000, 0x000000008d600000, 0x000000008d700000|  0%| F|  |TAMS 0x000000008d600000, 0x000000008d600000| Untracked 
| 215|0x000000008d700000, 0x000000008d700000, 0x000000008d800000|  0%| F|  |TAMS 0x000000008d700000, 0x000000008d700000| Untracked 
| 216|0x000000008d800000, 0x000000008d800000, 0x000000008d900000|  0%| F|  |TAMS 0x000000008d800000, 0x000000008d800000| Untracked 
| 217|0x000000008d900000, 0x000000008d900000, 0x000000008da00000|  0%| F|  |TAMS 0x000000008d900000, 0x000000008d900000| Untracked 
| 218|0x000000008da00000, 0x000000008da00000, 0x000000008db00000|  0%| F|  |TAMS 0x000000008da00000, 0x000000008da00000| Untracked 
| 219|0x000000008db00000, 0x000000008db00000, 0x000000008dc00000|  0%| F|  |TAMS 0x000000008db00000, 0x000000008db00000| Untracked 
| 220|0x000000008dc00000, 0x000000008dc00000, 0x000000008dd00000|  0%| F|  |TAMS 0x000000008dc00000, 0x000000008dc00000| Untracked 
| 221|0x000000008dd00000, 0x000000008dd00000, 0x000000008de00000|  0%| F|  |TAMS 0x000000008dd00000, 0x000000008dd00000| Untracked 
| 222|0x000000008de00000, 0x000000008de00000, 0x000000008df00000|  0%| F|  |TAMS 0x000000008de00000, 0x000000008de00000| Untracked 
| 223|0x000000008df00000, 0x000000008df00000, 0x000000008e000000|  0%| F|  |TAMS 0x000000008df00000, 0x000000008df00000| Untracked 
| 224|0x000000008e000000, 0x000000008e000000, 0x000000008e100000|  0%| F|  |TAMS 0x000000008e000000, 0x000000008e000000| Untracked 
| 225|0x000000008e100000, 0x000000008e100000, 0x000000008e200000|  0%| F|  |TAMS 0x000000008e100000, 0x000000008e100000| Untracked 
| 226|0x000000008e200000, 0x000000008e200000, 0x000000008e300000|  0%| F|  |TAMS 0x000000008e200000, 0x000000008e200000| Untracked 
| 227|0x000000008e300000, 0x000000008e300000, 0x000000008e400000|  0%| F|  |TAMS 0x000000008e300000, 0x000000008e300000| Untracked 
| 228|0x000000008e400000, 0x000000008e400000, 0x000000008e500000|  0%| F|  |TAMS 0x000000008e400000, 0x000000008e400000| Untracked 
| 229|0x000000008e500000, 0x000000008e500000, 0x000000008e600000|  0%| F|  |TAMS 0x000000008e500000, 0x000000008e500000| Untracked 
| 230|0x000000008e600000, 0x000000008e600000, 0x000000008e700000|  0%| F|  |TAMS 0x000000008e600000, 0x000000008e600000| Untracked 
| 231|0x000000008e700000, 0x000000008e700000, 0x000000008e800000|  0%| F|  |TAMS 0x000000008e700000, 0x000000008e700000| Untracked 
| 232|0x000000008e800000, 0x000000008e800000, 0x000000008e900000|  0%| F|  |TAMS 0x000000008e800000, 0x000000008e800000| Untracked 
| 233|0x000000008e900000, 0x000000008e900000, 0x000000008ea00000|  0%| F|  |TAMS 0x000000008e900000, 0x000000008e900000| Untracked 
| 234|0x000000008ea00000, 0x000000008ea00000, 0x000000008eb00000|  0%| F|  |TAMS 0x000000008ea00000, 0x000000008ea00000| Untracked 
| 235|0x000000008eb00000, 0x000000008eb00000, 0x000000008ec00000|  0%| F|  |TAMS 0x000000008eb00000, 0x000000008eb00000| Untracked 
| 236|0x000000008ec00000, 0x000000008ec00000, 0x000000008ed00000|  0%| F|  |TAMS 0x000000008ec00000, 0x000000008ec00000| Untracked 
| 237|0x000000008ed00000, 0x000000008ed00000, 0x000000008ee00000|  0%| F|  |TAMS 0x000000008ed00000, 0x000000008ed00000| Untracked 
| 238|0x000000008ee00000, 0x000000008ee00000, 0x000000008ef00000|  0%| F|  |TAMS 0x000000008ee00000, 0x000000008ee00000| Untracked 
| 239|0x000000008ef00000, 0x000000008ef00000, 0x000000008f000000|  0%| F|  |TAMS 0x000000008ef00000, 0x000000008ef00000| Untracked 
| 240|0x000000008f000000, 0x000000008f000000, 0x000000008f100000|  0%| F|  |TAMS 0x000000008f000000, 0x000000008f000000| Untracked 
| 241|0x000000008f100000, 0x000000008f100000, 0x000000008f200000|  0%| F|  |TAMS 0x000000008f100000, 0x000000008f100000| Untracked 
| 242|0x000000008f200000, 0x000000008f200000, 0x000000008f300000|  0%| F|  |TAMS 0x000000008f200000, 0x000000008f200000| Untracked 
| 243|0x000000008f300000, 0x000000008f300000, 0x000000008f400000|  0%| F|  |TAMS 0x000000008f300000, 0x000000008f300000| Untracked 
| 244|0x000000008f400000, 0x000000008f400000, 0x000000008f500000|  0%| F|  |TAMS 0x000000008f400000, 0x000000008f400000| Untracked 
| 245|0x000000008f500000, 0x000000008f500000, 0x000000008f600000|  0%| F|  |TAMS 0x000000008f500000, 0x000000008f500000| Untracked 
| 246|0x000000008f600000, 0x000000008f600000, 0x000000008f700000|  0%| F|  |TAMS 0x000000008f600000, 0x000000008f600000| Untracked 
| 247|0x000000008f700000, 0x000000008f700000, 0x000000008f800000|  0%| F|  |TAMS 0x000000008f700000, 0x000000008f700000| Untracked 
| 248|0x000000008f800000, 0x000000008f800000, 0x000000008f900000|  0%| F|  |TAMS 0x000000008f800000, 0x000000008f800000| Untracked 
| 249|0x000000008f900000, 0x000000008f900000, 0x000000008fa00000|  0%| F|  |TAMS 0x000000008f900000, 0x000000008f900000| Untracked 
| 250|0x000000008fa00000, 0x000000008fa8a6f0, 0x000000008fb00000| 60%| E|  |TAMS 0x000000008fa00000, 0x000000008fa00000| Complete 
| 251|0x000000008fb00000, 0x000000008fc00000, 0x000000008fc00000|100%| E|CS|TAMS 0x000000008fb00000, 0x000000008fb00000| Complete 
| 252|0x000000008fc00000, 0x000000008fd00000, 0x000000008fd00000|100%| E|CS|TAMS 0x000000008fc00000, 0x000000008fc00000| Complete 
| 253|0x000000008fd00000, 0x000000008fe00000, 0x000000008fe00000|100%| E|CS|TAMS 0x000000008fd00000, 0x000000008fd00000| Complete 
| 254|0x000000008fe00000, 0x000000008ff00000, 0x000000008ff00000|100%| E|CS|TAMS 0x000000008fe00000, 0x000000008fe00000| Complete 
| 255|0x000000008ff00000, 0x0000000090000000, 0x0000000090000000|100%| E|CS|TAMS 0x000000008ff00000, 0x000000008ff00000| Complete 
| 256|0x0000000090000000, 0x0000000090100000, 0x0000000090100000|100%| E|CS|TAMS 0x0000000090000000, 0x0000000090000000| Complete 
| 257|0x0000000090100000, 0x0000000090200000, 0x0000000090200000|100%| E|CS|TAMS 0x0000000090100000, 0x0000000090100000| Complete 
| 258|0x0000000090200000, 0x0000000090300000, 0x0000000090300000|100%| E|CS|TAMS 0x0000000090200000, 0x0000000090200000| Complete 
| 259|0x0000000090300000, 0x0000000090400000, 0x0000000090400000|100%| E|CS|TAMS 0x0000000090300000, 0x0000000090300000| Complete 
| 260|0x0000000090400000, 0x0000000090500000, 0x0000000090500000|100%| E|CS|TAMS 0x0000000090400000, 0x0000000090400000| Complete 

Card table byte_map: [0x00000197762b0000,0x00000197766b0000] _byte_map_base: 0x0000019775eb0000

Marking Bits (Prev, Next): (CMBitMap*) 0x00000197720ccf18, (CMBitMap*) 0x00000197720ccf50
 Prev Bits: [0x0000019776ab0000, 0x0000019778ab0000)
 Next Bits: [0x0000019778ab0000, 0x000001977aab0000)

Polling page: 0x0000019770090000

Metaspace:

Usage:
  Non-class:    103.96 MB capacity,   101.77 MB ( 98%) used,     1.79 MB (  2%) free+waste,   411.31 KB ( <1%) overhead. 
      Class:     16.11 MB capacity,    14.80 MB ( 92%) used,     1.13 MB (  7%) free+waste,   191.38 KB (  1%) overhead. 
       Both:    120.08 MB capacity,   116.57 MB ( 97%) used,     2.92 MB (  2%) free+waste,   602.69 KB ( <1%) overhead. 

Virtual space:
  Non-class space:      104.00 MB reserved,     104.00 MB (100%) committed 
      Class space:        1.00 GB reserved,      16.13 MB (  2%) committed 
             Both:        1.10 GB reserved,     120.13 MB ( 11%) committed 

Chunk freelists:
   Non-Class:  36.00 KB
       Class:  0 bytes
        Both:  36.00 KB

MaxMetaspaceSize: 17179869184.00 GB
CompressedClassSpaceSize: 1.00 GB

CodeHeap 'non-profiled nmethods': size=120000Kb used=11305Kb max_used=11305Kb free=108694Kb
 bounds [0x0000019707ad0000, 0x00000197085e0000, 0x000001970f000000]
CodeHeap 'profiled nmethods': size=120000Kb used=38436Kb max_used=38436Kb free=81564Kb
 bounds [0x00000197005a0000, 0x0000019702b40000, 0x0000019707ad0000]
CodeHeap 'non-nmethods': size=5760Kb used=2343Kb max_used=2392Kb free=3416Kb
 bounds [0x0000019700000000, 0x0000019700270000, 0x00000197005a0000]
 total_blobs=19514 nmethods=18552 adapters=872
 compilation: enabled
              stopped_count=0, restarted_count=0
 full_count=0

Compilation events (20 events):
Event: 1105.506 Thread 0x000001977d52a800 20015       2       org.gradle.cache.internal.btree.ByteOutput::done (13 bytes)
Event: 1105.506 Thread 0x000001977d52a800 nmethod 20015 0x0000019702b30290 code [0x0000019702b30440, 0x0000019702b305a8]
Event: 1105.506 Thread 0x000001977d52a800 20016       2       java.io.FilterOutputStream::flush (8 bytes)
Event: 1105.507 Thread 0x000001977d52a800 nmethod 20016 0x0000019702b30690 code [0x0000019702b30840, 0x0000019702b30968]
Event: 1105.530 Thread 0x000001977d4f8800 nmethod 19991 0x00000197085d8010 code [0x00000197085d8280, 0x00000197085d9798]
Event: 1105.530 Thread 0x000001977d4f8800 19988       4       com.google.common.collect.CompactHashMap$Itr::hasNext (13 bytes)
Event: 1105.530 Thread 0x000001977d4f8800 nmethod 19988 0x00000197085dab10 code [0x00000197085daca0, 0x00000197085dad18]
Event: 1105.530 Thread 0x000001977d4f8800 19974       4       org.gradle.internal.execution.history.changes.SortedMapDiffUtil::diff (360 bytes)
Event: 1105.582 Thread 0x000001977d52a800 20019   !   2       java.net.URI$Parser::parseIPv4Address (67 bytes)
Event: 1105.583 Thread 0x000001977d52a800 nmethod 20019 0x0000019702b30a10 code [0x0000019702b30c00, 0x0000019702b31058]
Event: 1105.583 Thread 0x000001977d52a800 20020       2       java.net.URI$Parser::scanIPv4Address (225 bytes)
Event: 1105.584 Thread 0x000001977d52a800 nmethod 20020 0x0000019702b31390 code [0x0000019702b315e0, 0x0000019702b31cb8]
Event: 1105.584 Thread 0x000001977d52a800 20021       2       org.gradle.api.internal.artifacts.repositories.resolver.AbstractResourcePattern::<init> (117 bytes)
Event: 1105.585 Thread 0x000001977d52a800 nmethod 20021 0x0000019702b32190 code [0x0000019702b32400, 0x0000019702b32f58]
Event: 1105.585 Thread 0x000001977d52a800 20022       2       org.gradle.api.internal.artifacts.ivyservice.moduleconverter.DefaultLocalComponentMetadataBuilder$NestedVariantIdentifier::<init> (15 bytes)
Event: 1105.586 Thread 0x000001977d52a800 nmethod 20022 0x0000019702b33290 code [0x0000019702b33440, 0x0000019702b335d8]
Event: 1105.587 Thread 0x000001977d52a800 20023       2       org.gradle.api.internal.artifacts.dependencies.DefaultExternalModuleDependency_Decorated::getTargetConfiguration (39 bytes)
Event: 1105.588 Thread 0x000001977d52a800 nmethod 20023 0x0000019702b33690 code [0x0000019702b33880, 0x0000019702b33b68]
Event: 1105.617 Thread 0x000001977d52a800 20024       2       org.gradle.internal.component.model.AttributeMatchingExplanationBuilder::candidateAttributeMissing (1 bytes)
Event: 1105.618 Thread 0x000001977d52a800 nmethod 20024 0x0000019702b33d90 code [0x0000019702b33f40, 0x0000019702b34038]

GC Heap History (20 events):
Event: 343.825 GC heap before
{Heap before GC invocations=103 (full 0):
 garbage-first heap   total 222208K, used 164274K [0x0000000080000000, 0x0000000100000000)
  region size 1024K, 73 young (74752K), 9 survivors (9216K)
 Metaspace       used 97678K, capacity 100212K, committed 100352K, reserved 1136640K
  class space    used 12140K, capacity 13023K, committed 13056K, reserved 1048576K
}
Event: 343.841 GC heap after
{Heap after GC invocations=104 (full 0):
 garbage-first heap   total 222208K, used 106285K [0x0000000080000000, 0x0000000100000000)
  region size 1024K, 10 young (10240K), 10 survivors (10240K)
 Metaspace       used 97678K, capacity 100212K, committed 100352K, reserved 1136640K
  class space    used 12140K, capacity 13023K, committed 13056K, reserved 1048576K
}
Event: 344.728 GC heap before
{Heap before GC invocations=104 (full 0):
 garbage-first heap   total 222208K, used 137005K [0x0000000080000000, 0x0000000100000000)
  region size 1024K, 42 young (43008K), 10 survivors (10240K)
 Metaspace       used 104001K, capacity 106518K, committed 106624K, reserved 1142784K
  class space    used 12937K, capacity 13847K, committed 13952K, reserved 1048576K
}
Event: 344.753 GC heap after
{Heap after GC invocations=105 (full 0):
 garbage-first heap   total 267264K, used 108714K [0x0000000080000000, 0x0000000100000000)
  region size 1024K, 3 young (3072K), 3 survivors (3072K)
 Metaspace       used 104001K, capacity 106518K, committed 106624K, reserved 1142784K
  class space    used 12937K, capacity 13847K, committed 13952K, reserved 1048576K
}
Event: 346.625 GC heap before
{Heap before GC invocations=106 (full 0):
 garbage-first heap   total 267264K, used 186538K [0x0000000080000000, 0x0000000100000000)
  region size 1024K, 78 young (79872K), 3 survivors (3072K)
 Metaspace       used 107860K, capacity 110615K, committed 110848K, reserved 1146880K
  class space    used 13385K, capacity 14321K, committed 14336K, reserved 1048576K
}
Event: 346.630 GC heap after
{Heap after GC invocations=107 (full 0):
 garbage-first heap   total 267264K, used 112007K [0x0000000080000000, 0x0000000100000000)
  region size 1024K, 5 young (5120K), 5 survivors (5120K)
 Metaspace       used 107860K, capacity 110615K, committed 110848K, reserved 1146880K
  class space    used 13385K, capacity 14321K, committed 14336K, reserved 1048576K
}
Event: 347.541 GC heap before
{Heap before GC invocations=107 (full 0):
 garbage-first heap   total 267264K, used 167303K [0x0000000080000000, 0x0000000100000000)
  region size 1024K, 61 young (62464K), 5 survivors (5120K)
 Metaspace       used 118027K, capacity 121501K, committed 121600K, reserved 1155072K
  class space    used 15067K, capacity 16367K, committed 16384K, reserved 1048576K
}
Event: 347.548 GC heap after
{Heap after GC invocations=108 (full 0):
 garbage-first heap   total 267264K, used 110384K [0x0000000080000000, 0x0000000100000000)
  region size 1024K, 5 young (5120K), 5 survivors (5120K)
 Metaspace       used 118027K, capacity 121501K, committed 121600K, reserved 1155072K
  class space    used 15067K, capacity 16367K, committed 16384K, reserved 1048576K
}
Event: 623.917 GC heap before
{Heap before GC invocations=109 (full 0):
 garbage-first heap   total 267264K, used 223024K [0x0000000080000000, 0x0000000100000000)
  region size 1024K, 92 young (94208K), 5 survivors (5120K)
 Metaspace       used 118517K, capacity 122100K, committed 122240K, reserved 1155072K
  class space    used 15129K, capacity 16460K, committed 16512K, reserved 1048576K
}
Event: 623.986 GC heap after
{Heap after GC invocations=110 (full 0):
 garbage-first heap   total 267264K, used 114779K [0x0000000080000000, 0x0000000100000000)
  region size 1024K, 9 young (9216K), 9 survivors (9216K)
 Metaspace       used 118517K, capacity 122100K, committed 122240K, reserved 1155072K
  class space    used 15129K, capacity 16460K, committed 16512K, reserved 1048576K
}
Event: 624.922 GC heap before
{Heap before GC invocations=110 (full 0):
 garbage-first heap   total 267264K, used 189531K [0x0000000080000000, 0x0000000100000000)
  region size 1024K, 84 young (86016K), 9 survivors (9216K)
 Metaspace       used 118692K, capacity 122267K, committed 122496K, reserved 1155072K
  class space    used 15136K, capacity 16473K, committed 16512K, reserved 1048576K
}
Event: 624.968 GC heap after
{Heap after GC invocations=111 (full 0):
 garbage-first heap   total 267264K, used 117998K [0x0000000080000000, 0x0000000100000000)
  region size 1024K, 9 young (9216K), 9 survivors (9216K)
 Metaspace       used 118692K, capacity 122267K, committed 122496K, reserved 1155072K
  class space    used 15136K, capacity 16473K, committed 16512K, reserved 1048576K
}
Event: 626.717 GC heap before
{Heap before GC invocations=112 (full 0):
 garbage-first heap   total 267264K, used 209134K [0x0000000080000000, 0x0000000100000000)
  region size 1024K, 97 young (99328K), 9 survivors (9216K)
 Metaspace       used 118973K, capacity 122602K, committed 122752K, reserved 1155072K
  class space    used 15136K, capacity 16474K, committed 16512K, reserved 1048576K
}
Event: 626.741 GC heap after
{Heap after GC invocations=113 (full 0):
 garbage-first heap   total 267264K, used 122353K [0x0000000080000000, 0x0000000100000000)
  region size 1024K, 6 young (6144K), 6 survivors (6144K)
 Metaspace       used 118973K, capacity 122602K, committed 122752K, reserved 1155072K
  class space    used 15136K, capacity 16474K, committed 16512K, reserved 1048576K
}
Event: 626.766 GC heap before
{Heap before GC invocations=113 (full 0):
 garbage-first heap   total 267264K, used 128497K [0x0000000080000000, 0x0000000100000000)
  region size 1024K, 13 young (13312K), 6 survivors (6144K)
 Metaspace       used 118975K, capacity 122602K, committed 122752K, reserved 1155072K
  class space    used 15136K, capacity 16474K, committed 16512K, reserved 1048576K
}
Event: 626.790 GC heap after
{Heap after GC invocations=114 (full 0):
 garbage-first heap   total 267264K, used 110837K [0x0000000080000000, 0x0000000100000000)
  region size 1024K, 1 young (1024K), 1 survivors (1024K)
 Metaspace       used 118975K, capacity 122602K, committed 122752K, reserved 1155072K
  class space    used 15136K, capacity 16474K, committed 16512K, reserved 1048576K
}
Event: 1102.745 GC heap before
{Heap before GC invocations=114 (full 0):
 garbage-first heap   total 267264K, used 226549K [0x0000000080000000, 0x0000000100000000)
  region size 1024K, 92 young (94208K), 1 survivors (1024K)
 Metaspace       used 119229K, capacity 122884K, committed 123008K, reserved 1155072K
  class space    used 15149K, capacity 16496K, committed 16512K, reserved 1048576K
}
Event: 1102.823 GC heap after
{Heap after GC invocations=115 (full 0):
 garbage-first heap   total 267264K, used 111912K [0x0000000080000000, 0x0000000100000000)
  region size 1024K, 3 young (3072K), 3 survivors (3072K)
 Metaspace       used 119229K, capacity 122884K, committed 123008K, reserved 1155072K
  class space    used 15149K, capacity 16496K, committed 16512K, reserved 1048576K
}
Event: 1105.591 GC heap before
{Heap before GC invocations=115 (full 0):
 garbage-first heap   total 267264K, used 213288K [0x0000000080000000, 0x0000000100000000)
  region size 1024K, 103 young (105472K), 3 survivors (3072K)
 Metaspace       used 119361K, capacity 122949K, committed 123008K, reserved 1155072K
  class space    used 15151K, capacity 16496K, committed 16512K, reserved 1048576K
}
Event: 1105.612 GC heap after
{Heap after GC invocations=116 (full 0):
 garbage-first heap   total 267264K, used 116961K [0x0000000080000000, 0x0000000100000000)
  region size 1024K, 7 young (7168K), 7 survivors (7168K)
 Metaspace       used 119361K, capacity 122949K, committed 123008K, reserved 1155072K
  class space    used 15151K, capacity 16496K, committed 16512K, reserved 1048576K
}

Deoptimization events (20 events):
Event: 1103.042 Thread 0x00000197134c1800 Uncommon trap: trap_request=0xffffff6e fr.pc=0x0000019708295abc relative=0x000000000000017c
Event: 1103.042 Thread 0x00000197134c1800 Uncommon trap: reason=speculate_class_check action=maybe_recompile pc=0x0000019708295abc method=java.util.AbstractCollection.isEmpty()Z @ 1 c2
Event: 1103.042 Thread 0x00000197134c1800 DEOPT PACKING pc=0x0000019708295abc sp=0x00000036ceffa630
Event: 1103.042 Thread 0x00000197134c1800 DEOPT UNPACKING pc=0x00000197000278af sp=0x00000036ceffa478 mode 2
Event: 1103.576 Thread 0x00000197134c1800 DEOPT PACKING pc=0x00000197009e9bb0 sp=0x00000036ceff9fd0
Event: 1103.576 Thread 0x00000197134c1800 DEOPT UNPACKING pc=0x00000197000276ce sp=0x00000036ceff94f0 mode 0
Event: 1103.586 Thread 0x00000197134c1800 DEOPT PACKING pc=0x00000197009e9bb0 sp=0x00000036ceff9f40
Event: 1103.586 Thread 0x00000197134c1800 DEOPT UNPACKING pc=0x00000197000276ce sp=0x00000036ceff9460 mode 0
Event: 1103.591 Thread 0x00000197134c1800 DEOPT PACKING pc=0x000001970121b6da sp=0x00000036ceff9a20
Event: 1103.591 Thread 0x00000197134c1800 DEOPT UNPACKING pc=0x00000197000276ce sp=0x00000036ceff8f40 mode 0
Event: 1103.634 Thread 0x00000197134c1800 DEOPT PACKING pc=0x00000197009e9bb0 sp=0x00000036ceff9fc0
Event: 1103.634 Thread 0x00000197134c1800 DEOPT UNPACKING pc=0x00000197000276ce sp=0x00000036ceff94e0 mode 0
Event: 1103.635 Thread 0x00000197134c1800 DEOPT PACKING pc=0x00000197009e9bb0 sp=0x00000036ceff9f30
Event: 1103.635 Thread 0x00000197134c1800 DEOPT UNPACKING pc=0x00000197000276ce sp=0x00000036ceff9450 mode 0
Event: 1105.105 Thread 0x0000019715181800 DEOPT PACKING pc=0x0000019707cc39b4 sp=0x00000036d0bfc7a0
Event: 1105.105 Thread 0x0000019715181800 DEOPT UNPACKING pc=0x00000197000276ce sp=0x00000036d0bfbb50 mode 0
Event: 1105.490 Thread 0x00000197134cb800 Uncommon trap: trap_request=0xffffffde fr.pc=0x00000197080798e0 relative=0x0000000000002de0
Event: 1105.490 Thread 0x00000197134cb800 Uncommon trap: reason=class_check action=maybe_recompile pc=0x00000197080798e0 method=com.google.common.cache.LocalCache$Segment.get(Ljava/lang/Object;ILcom/google/common/cache/CacheLoader;)Ljava/lang/Object; @ 108 c2
Event: 1105.490 Thread 0x00000197134cb800 DEOPT PACKING pc=0x00000197080798e0 sp=0x00000036d0afe570
Event: 1105.490 Thread 0x00000197134cb800 DEOPT UNPACKING pc=0x00000197000278af sp=0x00000036d0afe538 mode 2

Classes redefined (0 events):
No events

Internal exceptions (20 events):
Event: 626.456 Thread 0x000001971517e000 Exception <a 'sun/nio/fs/WindowsException'{0x000000008d5a7d20}> (0x000000008d5a7d20) thrown at [./src/hotspot/share/prims/jni.cpp, line 615]
Event: 626.460 Thread 0x000001971517e000 Exception <a 'sun/nio/fs/WindowsException'{0x000000008d5e7a00}> (0x000000008d5e7a00) thrown at [./src/hotspot/share/prims/jni.cpp, line 615]
Event: 626.460 Thread 0x000001971517e000 Exception <a 'sun/nio/fs/WindowsException'{0x000000008d5e7b68}> (0x000000008d5e7b68) thrown at [./src/hotspot/share/prims/jni.cpp, line 615]
Event: 626.463 Thread 0x000001971517e000 Exception <a 'sun/nio/fs/WindowsException'{0x000000008d434408}> (0x000000008d434408) thrown at [./src/hotspot/share/prims/jni.cpp, line 615]
Event: 626.463 Thread 0x000001971517e000 Exception <a 'sun/nio/fs/WindowsException'{0x000000008d434570}> (0x000000008d434570) thrown at [./src/hotspot/share/prims/jni.cpp, line 615]
Event: 626.478 Thread 0x000001971517e000 Exception <a 'sun/nio/fs/WindowsException'{0x000000008d35a8e8}> (0x000000008d35a8e8) thrown at [./src/hotspot/share/prims/jni.cpp, line 615]
Event: 626.480 Thread 0x000001971517e000 Exception <a 'sun/nio/fs/WindowsException'{0x000000008d361960}> (0x000000008d361960) thrown at [./src/hotspot/share/prims/jni.cpp, line 615]
Event: 626.481 Thread 0x000001971517e000 Exception <a 'sun/nio/fs/WindowsException'{0x000000008d368250}> (0x000000008d368250) thrown at [./src/hotspot/share/prims/jni.cpp, line 615]
Event: 626.482 Thread 0x000001971517e000 Exception <a 'sun/nio/fs/WindowsException'{0x000000008d36e480}> (0x000000008d36e480) thrown at [./src/hotspot/share/prims/jni.cpp, line 615]
Event: 626.484 Thread 0x000001971517e000 Exception <a 'sun/nio/fs/WindowsException'{0x000000008d3745c0}> (0x000000008d3745c0) thrown at [./src/hotspot/share/prims/jni.cpp, line 615]
Event: 626.486 Thread 0x000001971517e000 Exception <a 'sun/nio/fs/WindowsException'{0x000000008d37e2f8}> (0x000000008d37e2f8) thrown at [./src/hotspot/share/prims/jni.cpp, line 615]
Event: 626.488 Thread 0x000001971517e000 Exception <a 'sun/nio/fs/WindowsException'{0x000000008d38d4f0}> (0x000000008d38d4f0) thrown at [./src/hotspot/share/prims/jni.cpp, line 615]
Event: 626.667 Thread 0x0000019711c27000 Exception <a 'sun/nio/fs/WindowsException'{0x000000008b0458a0}> (0x000000008b0458a0) thrown at [./src/hotspot/share/prims/jni.cpp, line 615]
Event: 626.667 Thread 0x0000019711c27000 Exception <a 'sun/nio/fs/WindowsException'{0x000000008b0464f8}> (0x000000008b0464f8) thrown at [./src/hotspot/share/prims/jni.cpp, line 615]
Event: 627.054 Thread 0x000001971517d800 Exception <a 'sun/nio/fs/WindowsException'{0x000000008dcdbef0}> (0x000000008dcdbef0) thrown at [./src/hotspot/share/prims/jni.cpp, line 615]
Event: 627.092 Thread 0x000001971517d800 Exception <a 'sun/nio/fs/WindowsException'{0x000000008d735898}> (0x000000008d735898) thrown at [./src/hotspot/share/prims/jni.cpp, line 615]
Event: 627.141 Thread 0x0000019715188000 Exception <a 'sun/nio/fs/WindowsException'{0x000000008cc0df10}> (0x000000008cc0df10) thrown at [./src/hotspot/share/prims/jni.cpp, line 615]
Event: 627.182 Thread 0x0000019715188000 Exception <a 'sun/nio/fs/WindowsException'{0x000000008c6c09d8}> (0x000000008c6c09d8) thrown at [./src/hotspot/share/prims/jni.cpp, line 615]
Event: 627.352 Thread 0x0000019715183000 Exception <a 'java/lang/NoSuchMethodError'{0x000000008c23bef8}: 'java.lang.Object java.lang.invoke.DirectMethodHandle$Holder.invokeVirtual(java.lang.Object, java.lang.Object, int)'> (0x000000008c23bef8) thrown at [./src/hotspot/share/interpreter/linkResolver.cpp, line 773]
Event: 1103.549 Thread 0x00000197134c1800 Exception <a 'sun/nio/fs/WindowsException'{0x000000008f81ac88}> (0x000000008f81ac88) thrown at [./src/hotspot/share/prims/jni.cpp, line 615]

Events (20 events):
Event: 1105.615 Executing VM operation: RevokeBias
Event: 1105.616 Executing VM operation: RevokeBias done
Event: 1105.616 Executing VM operation: RevokeBias
Event: 1105.616 Executing VM operation: RevokeBias done
Event: 1105.616 Executing VM operation: RevokeBias
Event: 1105.616 Executing VM operation: RevokeBias done
Event: 1105.616 Executing VM operation: RevokeBias
Event: 1105.617 Executing VM operation: RevokeBias done
Event: 1105.617 Executing VM operation: RevokeBias
Event: 1105.617 Executing VM operation: RevokeBias done
Event: 1105.617 Executing VM operation: RevokeBias
Event: 1105.618 Executing VM operation: RevokeBias done
Event: 1105.618 Executing VM operation: RevokeBias
Event: 1105.618 Executing VM operation: RevokeBias done
Event: 1105.618 Executing VM operation: RevokeBias
Event: 1105.618 Executing VM operation: RevokeBias done
Event: 1105.618 Executing VM operation: RevokeBias
Event: 1105.619 Executing VM operation: RevokeBias done
Event: 1105.619 Executing VM operation: BulkRevokeBias
Event: 1105.622 Executing VM operation: BulkRevokeBias done


Dynamic libraries:
0x00007ff64df20000 - 0x00007ff64df2a000 	C:\Program Files\Android\Android Studio\jre\bin\java.exe
0x00007ff8e6720000 - 0x00007ff8e6927000 	C:\WINDOWS\SYSTEM32\ntdll.dll
0x00007ff8e5950000 - 0x00007ff8e5a0d000 	C:\WINDOWS\System32\KERNEL32.DLL
0x00007ff8e3ed0000 - 0x00007ff8e4244000 	C:\WINDOWS\System32\KERNELBASE.dll
0x00007ff8e4490000 - 0x00007ff8e45a1000 	C:\WINDOWS\System32\ucrtbase.dll
0x00007ff8bf8e0000 - 0x00007ff8bf8f9000 	C:\Program Files\Android\Android Studio\jre\bin\jli.dll
0x00007ff8e4df0000 - 0x00007ff8e4f9c000 	C:\WINDOWS\System32\USER32.dll
0x00007ff8e4250000 - 0x00007ff8e4276000 	C:\WINDOWS\System32\win32u.dll
0x00007ff8e5e20000 - 0x00007ff8e5e49000 	C:\WINDOWS\System32\GDI32.dll
0x00007ff8e42f0000 - 0x00007ff8e4402000 	C:\WINDOWS\System32\gdi32full.dll
0x00007ff8bbdb0000 - 0x00007ff8bbdc7000 	C:\Program Files\Android\Android Studio\jre\bin\VCRUNTIME140.dll
0x00007ff8e3d70000 - 0x00007ff8e3e0d000 	C:\WINDOWS\System32\msvcp_win.dll
0x00007ff8d1630000 - 0x00007ff8d18d5000 	C:\WINDOWS\WinSxS\amd64_microsoft.windows.common-controls_6595b64144ccf1df_6.0.22000.120_none_9d947278b86cc467\COMCTL32.dll
0x00007ff8e58a0000 - 0x00007ff8e5943000 	C:\WINDOWS\System32\msvcrt.dll
0x00007ff8e56f0000 - 0x00007ff8e5721000 	C:\WINDOWS\System32\IMM32.DLL
0x00007ff88e3d0000 - 0x00007ff88e46d000 	C:\Program Files\Android\Android Studio\jre\bin\msvcp140.dll
0x00007ff896ae0000 - 0x00007ff8975af000 	C:\Program Files\Android\Android Studio\jre\bin\server\jvm.dll
0x00007ff8e5460000 - 0x00007ff8e550c000 	C:\WINDOWS\System32\ADVAPI32.dll
0x00007ff8e5730000 - 0x00007ff8e57cd000 	C:\WINDOWS\System32\sechost.dll
0x00007ff8e5c80000 - 0x00007ff8e5da1000 	C:\WINDOWS\System32\RPCRT4.dll
0x00007ff8e65c0000 - 0x00007ff8e65c8000 	C:\WINDOWS\System32\PSAPI.DLL
0x00007ff8d6ac0000 - 0x00007ff8d6ac9000 	C:\WINDOWS\SYSTEM32\WSOCK32.dll
0x00007ff8e5830000 - 0x00007ff8e589f000 	C:\WINDOWS\System32\WS2_32.dll
0x00007ff8dee10000 - 0x00007ff8dee43000 	C:\WINDOWS\SYSTEM32\WINMM.dll
0x00007ff8dd000000 - 0x00007ff8dd00a000 	C:\WINDOWS\SYSTEM32\VERSION.dll
0x00007ff8e2d30000 - 0x00007ff8e2d48000 	C:\WINDOWS\SYSTEM32\kernel.appcore.dll
0x00007ff8e05a0000 - 0x00007ff8e05b1000 	C:\Program Files\Android\Android Studio\jre\bin\verify.dll
0x00007ff8dd3c0000 - 0x00007ff8dd5e1000 	C:\WINDOWS\SYSTEM32\DBGHELP.DLL
0x00007ff8d3e90000 - 0x00007ff8d3ec1000 	C:\WINDOWS\SYSTEM32\dbgcore.DLL
0x00007ff8e4410000 - 0x00007ff8e4490000 	C:\WINDOWS\System32\bcryptPrimitives.dll
0x00007ff8e0570000 - 0x00007ff8e0599000 	C:\Program Files\Android\Android Studio\jre\bin\java.dll
0x00007ff8e02e0000 - 0x00007ff8e02eb000 	C:\Program Files\Android\Android Studio\jre\bin\jimage.dll
0x00007ff8e02c0000 - 0x00007ff8e02d8000 	C:\Program Files\Android\Android Studio\jre\bin\zip.dll
0x00007ff8e4640000 - 0x00007ff8e4de9000 	C:\WINDOWS\System32\SHELL32.dll
0x00007ff8e1db0000 - 0x00007ff8e2612000 	C:\WINDOWS\SYSTEM32\windows.storage.dll
0x00007ff8e5000000 - 0x00007ff8e5378000 	C:\WINDOWS\System32\combase.dll
0x00007ff8e1c40000 - 0x00007ff8e1da6000 	C:\WINDOWS\SYSTEM32\wintypes.dll
0x00007ff8e65d0000 - 0x00007ff8e66ba000 	C:\WINDOWS\System32\SHCORE.dll
0x00007ff8e57d0000 - 0x00007ff8e582d000 	C:\WINDOWS\System32\shlwapi.dll
0x00007ff8e3b30000 - 0x00007ff8e3b51000 	C:\WINDOWS\SYSTEM32\profapi.dll
0x00007ff8df110000 - 0x00007ff8df12a000 	C:\Program Files\Android\Android Studio\jre\bin\net.dll
0x00007ff8ddcc0000 - 0x00007ff8dddcc000 	C:\WINDOWS\SYSTEM32\WINHTTP.dll
0x00007ff8e3140000 - 0x00007ff8e31a7000 	C:\WINDOWS\system32\mswsock.dll
0x00007ff8dd090000 - 0x00007ff8dd0a4000 	C:\Program Files\Android\Android Studio\jre\bin\nio.dll
0x00007ff8ce650000 - 0x00007ff8ce677000 	C:\Users\acer\.gradle\native\fdc75f09e3144964f2cf3f50f0aa648679c211496f362492102eb8c894070792\windows-amd64\native-platform.dll
0x00007ff8b7fe0000 - 0x00007ff8b8176000 	C:\Users\acer\.gradle\native\12488b8bf47d2d4c9fbf2f6322a914ad602e24e48041cd04a747c6da556b65c4\windows-amd64\native-platform-file-events.dll
0x00007ff8dd080000 - 0x00007ff8dd08a000 	C:\Program Files\Android\Android Studio\jre\bin\management.dll
0x00007ff8dd070000 - 0x00007ff8dd07c000 	C:\Program Files\Android\Android Studio\jre\bin\management_ext.dll
0x00007ff8e3390000 - 0x00007ff8e33a8000 	C:\WINDOWS\SYSTEM32\CRYPTSP.dll
0x00007ff8e2c90000 - 0x00007ff8e2cc5000 	C:\WINDOWS\system32\rsaenh.dll
0x00007ff8e3230000 - 0x00007ff8e3259000 	C:\WINDOWS\SYSTEM32\USERENV.dll
0x00007ff8e3500000 - 0x00007ff8e3527000 	C:\WINDOWS\SYSTEM32\bcrypt.dll
0x00007ff8e3380000 - 0x00007ff8e338c000 	C:\WINDOWS\SYSTEM32\CRYPTBASE.dll
0x00007ff8e2870000 - 0x00007ff8e289d000 	C:\WINDOWS\SYSTEM32\IPHLPAPI.DLL
0x00007ff8e5e10000 - 0x00007ff8e5e19000 	C:\WINDOWS\System32\NSI.dll
0x00007ff8dd3a0000 - 0x00007ff8dd3b9000 	C:\WINDOWS\SYSTEM32\dhcpcsvc6.DLL
0x00007ff8de9c0000 - 0x00007ff8de9de000 	C:\WINDOWS\SYSTEM32\dhcpcsvc.DLL
0x00007ff8e28a0000 - 0x00007ff8e2987000 	C:\WINDOWS\SYSTEM32\DNSAPI.dll
0x00007ff8dd250000 - 0x00007ff8dd25c000 	C:\WINDOWS\SYSTEM32\WINNSI.DLL
0x00007ff8d8020000 - 0x00007ff8d8047000 	C:\Program Files\Android\Android Studio\jre\bin\sunec.dll
0x00007ff8d7370000 - 0x00007ff8d737a000 	C:\Windows\System32\rasadhlp.dll
0x00007ff8db220000 - 0x00007ff8db2a1000 	C:\WINDOWS\System32\fwpuclnt.dll

dbghelp: loaded successfully - version: 4.0.5 - missing functions: none
symbol engine: initialized successfully - sym options: 0x614 - pdb path: .;C:\Program Files\Android\Android Studio\jre\bin;C:\WINDOWS\SYSTEM32;C:\WINDOWS\WinSxS\amd64_microsoft.windows.common-controls_6595b64144ccf1df_6.0.22000.120_none_9d947278b86cc467;C:\Program Files\Android\Android Studio\jre\bin\server;C:\Users\acer\.gradle\native\fdc75f09e3144964f2cf3f50f0aa648679c211496f362492102eb8c894070792\windows-amd64;C:\Users\acer\.gradle\native\12488b8bf47d2d4c9fbf2f6322a914ad602e24e48041cd04a747c6da556b65c4\windows-amd64

VM Arguments:
jvm_args: --add-opens=java.base/java.util=ALL-UNNAMED --add-opens=java.base/java.lang=ALL-UNNAMED --add-opens=java.base/java.lang.invoke=ALL-UNNAMED --add-opens=java.prefs/java.util.prefs=ALL-UNNAMED -Xmx2048m -Dfile.encoding=UTF-8 -Duser.country=US -Duser.language=en -Duser.variant 
java_command: org.gradle.launcher.daemon.bootstrap.GradleDaemon 6.7.1
java_class_path (initial): C:\Users\acer\.gradle\wrapper\dists\gradle-6.7.1-bin\bwlcbys1h7rz3272sye1xwiv6\gradle-6.7.1\lib\gradle-launcher-6.7.1.jar
Launcher Type: SUN_STANDARD

[Global flags]
     intx CICompilerCount                          = 4                                         {product} {ergonomic}
     uint ConcGCThreads                            = 2                                         {product} {ergonomic}
     uint G1ConcRefinementThreads                  = 8                                         {product} {ergonomic}
   size_t G1HeapRegionSize                         = 1048576                                   {product} {ergonomic}
    uintx GCDrainStackTargetSize                   = 64                                        {product} {ergonomic}
   size_t InitialHeapSize                          = 100663296                                 {product} {ergonomic}
   size_t MarkStackSize                            = 4194304                                   {product} {ergonomic}
   size_t MaxHeapSize                              = 2147483648                                {product} {command line}
   size_t MaxNewSize                               = 1287651328                                {product} {ergonomic}
   size_t MinHeapDeltaBytes                        = 1048576                                   {product} {ergonomic}
    uintx NonNMethodCodeHeapSize                   = 5836300                                {pd product} {ergonomic}
    uintx NonProfiledCodeHeapSize                  = 122910970                              {pd product} {ergonomic}
    uintx ProfiledCodeHeapSize                     = 122910970                              {pd product} {ergonomic}
    uintx ReservedCodeCacheSize                    = 251658240                              {pd product} {ergonomic}
     bool SegmentedCodeCache                       = true                                      {product} {ergonomic}
     bool UseCompressedClassPointers               = true                                 {lp64_product} {ergonomic}
     bool UseCompressedOops                        = true                                 {lp64_product} {ergonomic}
     bool UseG1GC                                  = true                                      {product} {ergonomic}
     bool UseLargePagesIndividualAllocation        = false                                  {pd product} {ergonomic}

Logging:
Log output configuration:
 #0: stdout all=warning uptime,level,tags
 #1: stderr all=off uptime,level,tags

Environment Variables:
PATH=C:\Program Files (x86)\Common Files\Oracle\Java\javapath;C:\WINDOWS\system32;C:\WINDOWS;C:\WINDOWS\System32\Wbem;C:\WINDOWS\System32\WindowsPowerShell\v1.0\;C:\WINDOWS\System32\OpenSSH\;D:\Nodejs\;C:\Program Files\Git\cmd;D:\Xampp\php;C:\ProgramData\ComposerSetup\bin;C:\Users\acer\AppData\Local\Microsoft\WindowsApps;C:\Users\acer\AppData\Local\Programs\Microsoft VS Code\bin;C:\Users\acer\AppData\Roaming\npm;C:\Users\acer\AppData\Roaming\Composer\vendor\bin;C:\Users\acer\AppData\Local\GitHubDesktop\bin;C:\Users\acer\AppData\Local\gitkraken\bin;%USERPROFILE%\AppData\Local\Microsoft\WindowsApps;
USERNAME=acer
OS=Windows_NT
PROCESSOR_IDENTIFIER=AMD64 Family 23 Model 24 Stepping 1, AuthenticAMD



---------------  S Y S T E M  ---------------

OS: Windows 10 , 64 bit Build 22000 (10.0.22000.120)
OS uptime: 0 days 18:22 hours

CPU:total 8 (initial active 8) (8 cores per cpu, 2 threads per core) family 23 model 24 stepping 1 microcode 0x0, cmov, cx8, fxsr, mmx, sse, sse2, sse3, ssse3, sse4.1, sse4.2, popcnt, avx, avx2, aes, clmul, mmxext, 3dnowpref, lzcnt, sse4a, ht, tsc, tscinvbit, tscinv, bmi1, bmi2, adx, s

Memory: 4k page, system-wide physical 6082M (226M free)
TotalPageFile size 14082M (AvailPageFile size 142M)
current process WorkingSet (physical memory assigned to process): 325M, peak: 540M
current process commit charge ("private bytes"): 624M, peak: 632M

vm_info: OpenJDK 64-Bit Server VM (11.0.10+0-b96-7249189) for windows-amd64 JRE (11.0.10+0-b96-7249189), built on Mar 31 2021 21:44:00 by "builder" with MS VC++ 14.0 (VS2015)

END.
