#
# There is insufficient memory for the Java Runtime Environment to continue.
# Native memory allocation (malloc) failed to allocate 131088 bytes for Chunk::new
# Possible reasons:
#   The system is out of physical RAM or swap space
#   The process is running with CompressedOops enabled, and the Java Heap may be blocking the growth of the native heap
# Possible solutions:
#   Reduce memory load on the system
#   Increase physical memory or swap space
#   Check if swap backing store is full
#   Decrease Java heap size (-Xmx/-Xms)
#   Decrease number of Java threads
#   Decrease Java thread stack sizes (-Xss)
#   Set larger code cache with -XX:ReservedCodeCacheSize=
#   JVM is running with Unscaled Compressed Oops mode in which the Java heap is
#     placed in the first 4GB address space. The Java Heap base address is the
#     maximum limit for the native heap growth. Please use -XX:HeapBaseMinAddress
#     to set the Java Heap base and to place the Java Heap above 4GB virtual address.
# This output file may be truncated or incomplete.
#
#  Out of Memory Error (./src/hotspot/share/memory/arena.cpp:197), pid=7204, tid=6488
#
# JRE version: OpenJDK Runtime Environment (11.0.10) (build 11.0.10+0-b96-7249189)
# Java VM: OpenJDK 64-Bit Server VM (11.0.10+0-b96-7249189, mixed mode, tiered, compressed oops, g1 gc, windows-amd64)
# No core dump will be written. Minidumps are not enabled by default on client versions of Windows
#

---------------  S U M M A R Y ------------

Command Line: --add-opens=java.base/java.util=ALL-UNNAMED --add-opens=java.base/java.lang=ALL-UNNAMED --add-opens=java.base/java.lang.invoke=ALL-UNNAMED --add-opens=java.prefs/java.util.prefs=ALL-UNNAMED -Xmx2048m -Dfile.encoding=UTF-8 -Duser.country=US -Duser.language=en -Duser.variant org.gradle.launcher.daemon.bootstrap.GradleDaemon 6.7.1

Host: AMD Ryzen 5 3550H with Radeon Vega Mobile Gfx  , 8 cores, 5G,  Windows 10 , 64 bit Build 19041 (10.0.19041.1200)
Time: Thu Sep 30 16:24:29 2021 SE Asia Standard Time elapsed time: 10.727744 seconds (0d 0h 0m 10s)

---------------  T H R E A D  ---------------

Current thread (0x000001e463c0e800):  JavaThread "C2 CompilerThread1" daemon [_thread_in_native, id=6488, stack(0x0000000636c00000,0x0000000636d00000)]


Current CompileTask:
C2:  10727 6906       4       java.lang.reflect.Constructor::newInstance (76 bytes)

Stack: [0x0000000636c00000,0x0000000636d00000]
Native frames: (J=compiled Java code, j=interpreted, Vv=VM code, C=native code)
V  [jvm.dll+0x5ecfaa]
V  [jvm.dll+0x722bd5]
V  [jvm.dll+0x72412d]
V  [jvm.dll+0x7247e3]
V  [jvm.dll+0x242928]
V  [jvm.dll+0xbc4fc]
V  [jvm.dll+0xbca0c]
V  [jvm.dll+0xbc608]
V  [jvm.dll+0x5cc470]
V  [jvm.dll+0x505d41]
V  [jvm.dll+0x203253]
V  [jvm.dll+0x1fd07c]
V  [jvm.dll+0x1fa77f]
V  [jvm.dll+0x18354c]
V  [jvm.dll+0x208ee7]
V  [jvm.dll+0x207731]
V  [jvm.dll+0x6eb1cf]
V  [jvm.dll+0x6e3d45]
V  [jvm.dll+0x5ebe96]
C  [ucrtbase.dll+0x21bb2]
C  [KERNEL32.DLL+0x17034]
C  [ntdll.dll+0x52651]


---------------  P R O C E S S  ---------------

Threads class SMR info:
_java_thread_list=0x000001e46598fd30, length=149, elements={
0x000001e44648a000, 0x000001e4610c4800, 0x000001e4610ce000, 0x000001e461a62800,
0x000001e4610dc000, 0x000001e4610de000, 0x000001e4610ec000, 0x000001e4610f3800,
0x000001e4610f5000, 0x000001e461b9c800, 0x000001e462323000, 0x000001e4632b5800,
0x000001e463174800, 0x000001e4635ee800, 0x000001e462acb000, 0x000001e462f0d000,
0x000001e46327b000, 0x000001e4639de800, 0x000001e46330b000, 0x000001e4639f1000,
0x000001e4639f3800, 0x000001e4639f4800, 0x000001e4639f2000, 0x000001e463c0e800,
0x000001e4639f5800, 0x000001e4639f6000, 0x000001e4639f7000, 0x000001e4639f3000,
0x000001e4639f7800, 0x000001e4660a2800, 0x000001e4660a3800, 0x000001e4660a4000,
0x000001e4660a5000, 0x000001e4660a6800, 0x000001e4660a1000, 0x000001e4660aa800,
0x000001e4660ad000, 0x000001e4660ab800, 0x000001e4660a9000, 0x000001e4660a7800,
0x000001e4660aa000, 0x000001e4660ac800, 0x000001e4660a8000, 0x000001e4660ae800,
0x000001e4660ae000, 0x000001e4660af800, 0x000001e464067000, 0x000001e464066000,
0x000001e464063000, 0x000001e464065800, 0x000001e464067800, 0x000001e464068800,
0x000001e464069800, 0x000001e464063800, 0x000001e464064800, 0x000001e46406e800,
0x000001e46406c000, 0x000001e46406f000, 0x000001e46406a000, 0x000001e464070800,
0x000001e46406c800, 0x000001e46406d800, 0x000001e464070000, 0x000001e46406b000,
0x000001e464071800, 0x000001e4638bc000, 0x000001e4638be800, 0x000001e4638bc800,
0x000001e4638bd800, 0x000001e4638b8800, 0x000001e4638bf000, 0x000001e4638b9800,
0x000001e4638c0000, 0x000001e4638ba800, 0x000001e4638bb000, 0x000001e4638c4000,
0x000001e4638c3800, 0x000001e4638c1000, 0x000001e4638c7800, 0x000001e4638c5000,
0x000001e4638c1800, 0x000001e4638c5800, 0x000001e4638c6800, 0x000001e4638c2800,
0x000001e4659d3000, 0x000001e4659d6800, 0x000001e4659d8000, 0x000001e4659d5800,
0x000001e4659d4000, 0x000001e4659d7800, 0x000001e4659d5000, 0x000001e4659d2800,
0x000001e4659dc000, 0x000001e4659de800, 0x000001e4659dd000, 0x000001e4659da000,
0x000001e4659db800, 0x000001e4659de000, 0x000001e4659d9000, 0x000001e4659df800,
0x000001e4659e0800, 0x000001e4659da800, 0x000001e4659e1000, 0x000001e462248000,
0x000001e462242800, 0x000001e462243000, 0x000001e462245000, 0x000001e462246800,
0x000001e462249000, 0x000001e462247800, 0x000001e462245800, 0x000001e462244000,
0x000001e46224e000, 0x000001e46224a800, 0x000001e46224a000, 0x000001e46224e800,
0x000001e46224f800, 0x000001e462250800, 0x000001e46224c000, 0x000001e462251000,
0x000001e46224d000, 0x000001e46224b800, 0x000001e465a21000, 0x000001e465a1e800,
0x000001e465a1c000, 0x000001e465a1d000, 0x000001e465a23800, 0x000001e465a1d800,
0x000001e465a24000, 0x000001e465a21800, 0x000001e465a25000, 0x000001e465a20000,
0x000001e465a22800, 0x000001e465a1f000, 0x000001e465a28000, 0x000001e465a26000,
0x000001e465a26800, 0x000001e465a2a800, 0x000001e465a2a000, 0x000001e465a29000,
0x000001e465a97800, 0x000001e465a98800, 0x000001e465a94800, 0x000001e465a99000,
0x000001e465a9b000, 0x000001e465a9a000, 0x000001e465a95000, 0x000001e465a96800,
0x000001e465a9b800
}

Java Threads: ( => current thread )
  0x000001e44648a000 JavaThread "main" [_thread_blocked, id=7708, stack(0x0000000634100000,0x0000000634200000)]
  0x000001e4610c4800 JavaThread "Reference Handler" daemon [_thread_blocked, id=6700, stack(0x0000000634800000,0x0000000634900000)]
  0x000001e4610ce000 JavaThread "Finalizer" daemon [_thread_blocked, id=11156, stack(0x0000000634900000,0x0000000634a00000)]
  0x000001e461a62800 JavaThread "Signal Dispatcher" daemon [_thread_blocked, id=12404, stack(0x0000000634a00000,0x0000000634b00000)]
  0x000001e4610dc000 JavaThread "Attach Listener" daemon [_thread_blocked, id=5784, stack(0x0000000634b00000,0x0000000634c00000)]
  0x000001e4610de000 JavaThread "Service Thread" daemon [_thread_blocked, id=12492, stack(0x0000000634c00000,0x0000000634d00000)]
  0x000001e4610ec000 JavaThread "C2 CompilerThread0" daemon [_thread_in_native, id=8908, stack(0x0000000634d00000,0x0000000634e00000)]
  0x000001e4610f3800 JavaThread "C1 CompilerThread0" daemon [_thread_in_native, id=552, stack(0x0000000634e00000,0x0000000634f00000)]
  0x000001e4610f5000 JavaThread "Sweeper thread" daemon [_thread_blocked, id=10916, stack(0x0000000634f00000,0x0000000635000000)]
  0x000001e461b9c800 JavaThread "Common-Cleaner" daemon [_thread_blocked, id=7220, stack(0x0000000635000000,0x0000000635100000)]
  0x000001e462323000 JavaThread "Daemon health stats" [_thread_blocked, id=5976, stack(0x0000000635400000,0x0000000635500000)]
  0x000001e4632b5800 JavaThread "Incoming local TCP Connector on port 56234" [_thread_in_native, id=11960, stack(0x0000000635600000,0x0000000635700000)]
  0x000001e463174800 JavaThread "Daemon periodic checks" [_thread_blocked, id=6876, stack(0x0000000635700000,0x0000000635800000)]
  0x000001e4635ee800 JavaThread "Daemon" [_thread_blocked, id=9316, stack(0x0000000635800000,0x0000000635900000)]
  0x000001e462acb000 JavaThread "Handler for socket connection from /127.0.0.1:56234 to /127.0.0.1:56235" [_thread_in_native, id=6152, stack(0x0000000635900000,0x0000000635a00000)]
  0x000001e462f0d000 JavaThread "Cancel handler" [_thread_blocked, id=1908, stack(0x0000000636300000,0x0000000636400000)]
  0x000001e46327b000 JavaThread "Daemon worker" [_thread_blocked, id=2060, stack(0x0000000636400000,0x0000000636500000)]
  0x000001e4639de800 JavaThread "Asynchronous log dispatcher for DefaultDaemonConnection: socket connection from /127.0.0.1:56234 to /127.0.0.1:56235" [_thread_blocked, id=12200, stack(0x0000000636500000,0x0000000636600000)]
  0x000001e46330b000 JavaThread "Stdin handler" [_thread_blocked, id=556, stack(0x0000000636600000,0x0000000636700000)]
  0x000001e4639f1000 JavaThread "Thread-8" [_thread_blocked, id=1060, stack(0x0000000636700000,0x0000000636800000)]
  0x000001e4639f3800 JavaThread "Cache worker for file hash cache (C:\Users\acer\.gradle\caches\6.7.1\fileHashes)" [_thread_blocked, id=8556, stack(0x0000000636800000,0x0000000636900000)]
  0x000001e4639f4800 JavaThread "File lock request listener" [_thread_in_native, id=12472, stack(0x0000000636900000,0x0000000636a00000)]
  0x000001e4639f2000 JavaThread "Cache worker for journal cache (C:\Users\acer\.gradle\caches\journal-1)" [_thread_blocked, id=4080, stack(0x0000000636b00000,0x0000000636c00000)]
=>0x000001e463c0e800 JavaThread "C2 CompilerThread1" daemon [_thread_in_native, id=6488, stack(0x0000000636c00000,0x0000000636d00000)]
  0x000001e4639f5800 JavaThread "Cache worker for file hash cache (D:\Du an truong\DuanPhonestore\.gradle\6.7.1\fileHashes)" [_thread_blocked, id=3352, stack(0x0000000636d00000,0x0000000636e00000)]
  0x000001e4639f6000 JavaThread "Cache worker for checksums cache (D:\Du an truong\DuanPhonestore\.gradle\checksums)" [_thread_blocked, id=3264, stack(0x0000000636e00000,0x0000000636f00000)]
  0x000001e4639f7000 JavaThread "Cache worker for cache directory md-supplier (C:\Users\acer\.gradle\caches\6.7.1\md-supplier)" [_thread_blocked, id=488, stack(0x0000000636f00000,0x0000000637000000)]
  0x000001e4639f3000 JavaThread "Cache worker for cache directory md-rule (C:\Users\acer\.gradle\caches\6.7.1\md-rule)" [_thread_blocked, id=11444, stack(0x0000000637000000,0x0000000637100000)]
  0x000001e4639f7800 JavaThread "Cache worker for execution history cache (C:\Users\acer\.gradle\caches\6.7.1\executionHistory)" [_thread_blocked, id=12464, stack(0x0000000637100000,0x0000000637200000)]
  0x000001e4660a2800 JavaThread "jar transforms" [_thread_blocked, id=3124, stack(0x0000000637200000,0x0000000637300000)]
  0x000001e4660a3800 JavaThread "Cache worker for file content cache (C:\Users\acer\.gradle\caches\6.7.1\fileContent)" [_thread_blocked, id=7236, stack(0x0000000637300000,0x0000000637400000)]
  0x000001e4660a4000 JavaThread "Cache worker for Build Output Cleanup Cache (D:\Du an truong\DuanPhonestore\.gradle\buildOutputCleanup)" [_thread_blocked, id=8160, stack(0x0000000637400000,0x0000000637500000)]
  0x000001e4660a5000 JavaThread "Build operations" [_thread_blocked, id=13184, stack(0x0000000637500000,0x0000000637600000)]
  0x000001e4660a6800 JavaThread "Build operations Thread 2" [_thread_blocked, id=10760, stack(0x0000000637600000,0x0000000637700000)]
  0x000001e4660a1000 JavaThread "Build operations Thread 3" [_thread_blocked, id=12872, stack(0x0000000637700000,0x0000000637800000)]
  0x000001e4660aa800 JavaThread "Build operations Thread 4" [_thread_blocked, id=11864, stack(0x0000000637800000,0x0000000637900000)]
  0x000001e4660ad000 JavaThread "Build operations Thread 5" [_thread_blocked, id=3868, stack(0x0000000637900000,0x0000000637a00000)]
  0x000001e4660ab800 JavaThread "Build operations Thread 6" [_thread_blocked, id=7136, stack(0x0000000637a00000,0x0000000637b00000)]
  0x000001e4660a9000 JavaThread "Build operations Thread 7" [_thread_blocked, id=11536, stack(0x0000000637b00000,0x0000000637c00000)]
  0x000001e4660a7800 JavaThread "Build operations Thread 8" [_thread_blocked, id=1708, stack(0x0000000637c00000,0x0000000637d00000)]
  0x000001e4660aa000 JavaThread "jar transforms Thread 2" [_thread_blocked, id=9184, stack(0x0000000637d00000,0x0000000637e00000)]
  0x000001e4660ac800 JavaThread "jar transforms Thread 3" [_thread_blocked, id=9080, stack(0x0000000637e00000,0x0000000637f00000)]
  0x000001e4660a8000 JavaThread "jar transforms Thread 4" [_thread_blocked, id=12372, stack(0x0000000637f00000,0x0000000638000000)]
  0x000001e4660ae800 JavaThread "jar transforms Thread 5" [_thread_blocked, id=5392, stack(0x0000000638000000,0x0000000638100000)]
  0x000001e4660ae000 JavaThread "jar transforms Thread 6" [_thread_blocked, id=1812, stack(0x0000000638100000,0x0000000638200000)]
  0x000001e4660af800 JavaThread "jar transforms Thread 7" [_thread_blocked, id=6424, stack(0x0000000638200000,0x0000000638300000)]
  0x000001e464067000 JavaThread "jar transforms Thread 8" [_thread_blocked, id=3660, stack(0x0000000638300000,0x0000000638400000)]
  0x000001e464066000 JavaThread "jar transforms Thread 9" [_thread_blocked, id=6676, stack(0x0000000638400000,0x0000000638500000)]
  0x000001e464063000 JavaThread "jar transforms Thread 10" [_thread_blocked, id=12076, stack(0x0000000638500000,0x0000000638600000)]
  0x000001e464065800 JavaThread "jar transforms Thread 11" [_thread_blocked, id=604, stack(0x0000000638600000,0x0000000638700000)]
  0x000001e464067800 JavaThread "jar transforms Thread 12" [_thread_blocked, id=12892, stack(0x0000000638700000,0x0000000638800000)]
  0x000001e464068800 JavaThread "jar transforms Thread 13" [_thread_blocked, id=8680, stack(0x0000000638800000,0x0000000638900000)]
  0x000001e464069800 JavaThread "jar transforms Thread 14" [_thread_blocked, id=12424, stack(0x0000000638900000,0x0000000638a00000)]
  0x000001e464063800 JavaThread "jar transforms Thread 15" [_thread_blocked, id=10772, stack(0x0000000638a00000,0x0000000638b00000)]
  0x000001e464064800 JavaThread "jar transforms Thread 16" [_thread_blocked, id=6748, stack(0x0000000638b00000,0x0000000638c00000)]
  0x000001e46406e800 JavaThread "jar transforms Thread 17" [_thread_blocked, id=1224, stack(0x0000000638c00000,0x0000000638d00000)]
  0x000001e46406c000 JavaThread "jar transforms Thread 18" [_thread_blocked, id=5920, stack(0x0000000638d00000,0x0000000638e00000)]
  0x000001e46406f000 JavaThread "jar transforms Thread 19" [_thread_blocked, id=11252, stack(0x0000000638e00000,0x0000000638f00000)]
  0x000001e46406a000 JavaThread "jar transforms Thread 20" [_thread_blocked, id=8452, stack(0x0000000638f00000,0x0000000639000000)]
  0x000001e464070800 JavaThread "jar transforms Thread 21" [_thread_blocked, id=5108, stack(0x0000000639000000,0x0000000639100000)]
  0x000001e46406c800 JavaThread "jar transforms Thread 22" [_thread_blocked, id=8604, stack(0x0000000639100000,0x0000000639200000)]
  0x000001e46406d800 JavaThread "jar transforms Thread 23" [_thread_blocked, id=11592, stack(0x0000000639200000,0x0000000639300000)]
  0x000001e464070000 JavaThread "jar transforms Thread 24" [_thread_blocked, id=9008, stack(0x0000000639300000,0x0000000639400000)]
  0x000001e46406b000 JavaThread "jar transforms Thread 25" [_thread_blocked, id=5584, stack(0x0000000639400000,0x0000000639500000)]
  0x000001e464071800 JavaThread "jar transforms Thread 26" [_thread_blocked, id=13112, stack(0x0000000639500000,0x0000000639600000)]
  0x000001e4638bc000 JavaThread "jar transforms Thread 27" [_thread_blocked, id=12848, stack(0x0000000639600000,0x0000000639700000)]
  0x000001e4638be800 JavaThread "jar transforms Thread 28" [_thread_blocked, id=8236, stack(0x0000000639700000,0x0000000639800000)]
  0x000001e4638bc800 JavaThread "jar transforms Thread 29" [_thread_blocked, id=11204, stack(0x0000000639800000,0x0000000639900000)]
  0x000001e4638bd800 JavaThread "jar transforms Thread 30" [_thread_blocked, id=8380, stack(0x0000000639900000,0x0000000639a00000)]
  0x000001e4638b8800 JavaThread "jar transforms Thread 31" [_thread_blocked, id=11556, stack(0x0000000639a00000,0x0000000639b00000)]
  0x000001e4638bf000 JavaThread "jar transforms Thread 32" [_thread_blocked, id=12880, stack(0x0000000639b00000,0x0000000639c00000)]
  0x000001e4638b9800 JavaThread "jar transforms Thread 33" [_thread_blocked, id=13244, stack(0x0000000639c00000,0x0000000639d00000)]
  0x000001e4638c0000 JavaThread "jar transforms Thread 34" [_thread_blocked, id=8032, stack(0x0000000639d00000,0x0000000639e00000)]
  0x000001e4638ba800 JavaThread "jar transforms Thread 35" [_thread_blocked, id=7584, stack(0x0000000639e00000,0x0000000639f00000)]
  0x000001e4638bb000 JavaThread "jar transforms Thread 36" [_thread_blocked, id=6724, stack(0x0000000639f00000,0x000000063a000000)]
  0x000001e4638c4000 JavaThread "jar transforms Thread 37" [_thread_blocked, id=10416, stack(0x000000063a000000,0x000000063a100000)]
  0x000001e4638c3800 JavaThread "jar transforms Thread 38" [_thread_blocked, id=7200, stack(0x000000063a100000,0x000000063a200000)]
  0x000001e4638c1000 JavaThread "jar transforms Thread 39" [_thread_blocked, id=5284, stack(0x000000063a200000,0x000000063a300000)]
  0x000001e4638c7800 JavaThread "jar transforms Thread 40" [_thread_blocked, id=3912, stack(0x000000063a300000,0x000000063a400000)]
  0x000001e4638c5000 JavaThread "jar transforms Thread 41" [_thread_blocked, id=9812, stack(0x000000063a400000,0x000000063a500000)]
  0x000001e4638c1800 JavaThread "jar transforms Thread 42" [_thread_blocked, id=9452, stack(0x000000063a500000,0x000000063a600000)]
  0x000001e4638c5800 JavaThread "jar transforms Thread 43" [_thread_blocked, id=6200, stack(0x000000063a600000,0x000000063a700000)]
  0x000001e4638c6800 JavaThread "jar transforms Thread 44" [_thread_blocked, id=12308, stack(0x000000063a700000,0x000000063a800000)]
  0x000001e4638c2800 JavaThread "jar transforms Thread 45" [_thread_blocked, id=5792, stack(0x000000063a800000,0x000000063a900000)]
  0x000001e4659d3000 JavaThread "jar transforms Thread 46" [_thread_blocked, id=10864, stack(0x000000063a900000,0x000000063aa00000)]
  0x000001e4659d6800 JavaThread "jar transforms Thread 47" [_thread_blocked, id=3464, stack(0x000000063aa00000,0x000000063ab00000)]
  0x000001e4659d8000 JavaThread "jar transforms Thread 48" [_thread_blocked, id=6520, stack(0x000000063ab00000,0x000000063ac00000)]
  0x000001e4659d5800 JavaThread "jar transforms Thread 49" [_thread_blocked, id=11024, stack(0x000000063ac00000,0x000000063ad00000)]
  0x000001e4659d4000 JavaThread "jar transforms Thread 50" [_thread_blocked, id=2088, stack(0x000000063ad00000,0x000000063ae00000)]
  0x000001e4659d7800 JavaThread "jar transforms Thread 51" [_thread_blocked, id=13104, stack(0x000000063ae00000,0x000000063af00000)]
  0x000001e4659d5000 JavaThread "jar transforms Thread 52" [_thread_blocked, id=7792, stack(0x000000063af00000,0x000000063b000000)]
  0x000001e4659d2800 JavaThread "jar transforms Thread 53" [_thread_blocked, id=2840, stack(0x000000063b000000,0x000000063b100000)]
  0x000001e4659dc000 JavaThread "jar transforms Thread 54" [_thread_blocked, id=9856, stack(0x000000063b100000,0x000000063b200000)]
  0x000001e4659de800 JavaThread "jar transforms Thread 55" [_thread_blocked, id=12500, stack(0x000000063b200000,0x000000063b300000)]
  0x000001e4659dd000 JavaThread "jar transforms Thread 56" [_thread_blocked, id=9776, stack(0x000000063b300000,0x000000063b400000)]
  0x000001e4659da000 JavaThread "jar transforms Thread 57" [_thread_blocked, id=5884, stack(0x000000063b400000,0x000000063b500000)]
  0x000001e4659db800 JavaThread "jar transforms Thread 58" [_thread_blocked, id=7556, stack(0x000000063b500000,0x000000063b600000)]
  0x000001e4659de000 JavaThread "jar transforms Thread 59" [_thread_blocked, id=11748, stack(0x000000063b600000,0x000000063b700000)]
  0x000001e4659d9000 JavaThread "jar transforms Thread 60" [_thread_blocked, id=13144, stack(0x000000063b700000,0x000000063b800000)]
  0x000001e4659df800 JavaThread "jar transforms Thread 61" [_thread_blocked, id=10436, stack(0x000000063b800000,0x000000063b900000)]
  0x000001e4659e0800 JavaThread "jar transforms Thread 62" [_thread_blocked, id=7912, stack(0x000000063b900000,0x000000063ba00000)]
  0x000001e4659da800 JavaThread "jar transforms Thread 63" [_thread_blocked, id=7360, stack(0x000000063ba00000,0x000000063bb00000)]
  0x000001e4659e1000 JavaThread "jar transforms Thread 64" [_thread_blocked, id=7300, stack(0x000000063bb00000,0x000000063bc00000)]
  0x000001e462248000 JavaThread "jar transforms Thread 65" [_thread_blocked, id=1304, stack(0x000000063bc00000,0x000000063bd00000)]
  0x000001e462242800 JavaThread "jar transforms Thread 66" [_thread_blocked, id=9576, stack(0x000000063bd00000,0x000000063be00000)]
  0x000001e462243000 JavaThread "jar transforms Thread 67" [_thread_blocked, id=12508, stack(0x000000063be00000,0x000000063bf00000)]
  0x000001e462245000 JavaThread "jar transforms Thread 68" [_thread_blocked, id=12732, stack(0x000000063bf00000,0x000000063c000000)]
  0x000001e462246800 JavaThread "jar transforms Thread 69" [_thread_blocked, id=9140, stack(0x000000063c000000,0x000000063c100000)]
  0x000001e462249000 JavaThread "jar transforms Thread 70" [_thread_blocked, id=5036, stack(0x000000063c100000,0x000000063c200000)]
  0x000001e462247800 JavaThread "jar transforms Thread 71" [_thread_blocked, id=7288, stack(0x000000063c200000,0x000000063c300000)]
  0x000001e462245800 JavaThread "jar transforms Thread 72" [_thread_blocked, id=11804, stack(0x000000063c300000,0x000000063c400000)]
  0x000001e462244000 JavaThread "jar transforms Thread 73" [_thread_blocked, id=3084, stack(0x000000063c400000,0x000000063c500000)]
  0x000001e46224e000 JavaThread "jar transforms Thread 74" [_thread_blocked, id=10888, stack(0x000000063c500000,0x000000063c600000)]
  0x000001e46224a800 JavaThread "jar transforms Thread 75" [_thread_blocked, id=9640, stack(0x000000063c600000,0x000000063c700000)]
  0x000001e46224a000 JavaThread "jar transforms Thread 76" [_thread_blocked, id=2416, stack(0x000000063c700000,0x000000063c800000)]
  0x000001e46224e800 JavaThread "jar transforms Thread 77" [_thread_blocked, id=10588, stack(0x000000063c800000,0x000000063c900000)]
  0x000001e46224f800 JavaThread "jar transforms Thread 78" [_thread_blocked, id=9352, stack(0x000000063c900000,0x000000063ca00000)]
  0x000001e462250800 JavaThread "jar transforms Thread 79" [_thread_blocked, id=600, stack(0x000000063ca00000,0x000000063cb00000)]
  0x000001e46224c000 JavaThread "jar transforms Thread 80" [_thread_blocked, id=928, stack(0x000000063cb00000,0x000000063cc00000)]
  0x000001e462251000 JavaThread "jar transforms Thread 81" [_thread_blocked, id=3632, stack(0x000000063cc00000,0x000000063cd00000)]
  0x000001e46224d000 JavaThread "jar transforms Thread 82" [_thread_blocked, id=3312, stack(0x000000063cd00000,0x000000063ce00000)]
  0x000001e46224b800 JavaThread "jar transforms Thread 83" [_thread_blocked, id=8100, stack(0x000000063ce00000,0x000000063cf00000)]
  0x000001e465a21000 JavaThread "jar transforms Thread 84" [_thread_blocked, id=9508, stack(0x000000063cf00000,0x000000063d000000)]
  0x000001e465a1e800 JavaThread "jar transforms Thread 85" [_thread_blocked, id=5956, stack(0x000000063d000000,0x000000063d100000)]
  0x000001e465a1c000 JavaThread "jar transforms Thread 86" [_thread_blocked, id=2972, stack(0x000000063d100000,0x000000063d200000)]
  0x000001e465a1d000 JavaThread "jar transforms Thread 87" [_thread_blocked, id=5268, stack(0x000000063d200000,0x000000063d300000)]
  0x000001e465a23800 JavaThread "jar transforms Thread 88" [_thread_blocked, id=3316, stack(0x000000063d300000,0x000000063d400000)]
  0x000001e465a1d800 JavaThread "jar transforms Thread 89" [_thread_blocked, id=10368, stack(0x000000063d400000,0x000000063d500000)]
  0x000001e465a24000 JavaThread "jar transforms Thread 90" [_thread_blocked, id=12808, stack(0x000000063d500000,0x000000063d600000)]
  0x000001e465a21800 JavaThread "jar transforms Thread 91" [_thread_blocked, id=8396, stack(0x000000063d600000,0x000000063d700000)]
  0x000001e465a25000 JavaThread "jar transforms Thread 92" [_thread_blocked, id=6516, stack(0x000000063d700000,0x000000063d800000)]
  0x000001e465a20000 JavaThread "jar transforms Thread 93" [_thread_blocked, id=5476, stack(0x000000063d800000,0x000000063d900000)]
  0x000001e465a22800 JavaThread "jar transforms Thread 94" [_thread_blocked, id=9488, stack(0x000000063d900000,0x000000063da00000)]
  0x000001e465a1f000 JavaThread "jar transforms Thread 95" [_thread_blocked, id=12124, stack(0x000000063da00000,0x000000063db00000)]
  0x000001e465a28000 JavaThread "jar transforms Thread 96" [_thread_blocked, id=7588, stack(0x000000063db00000,0x000000063dc00000)]
  0x000001e465a26000 JavaThread "jar transforms Thread 97" [_thread_blocked, id=6868, stack(0x000000063dc00000,0x000000063dd00000)]
  0x000001e465a26800 JavaThread "jar transforms Thread 98" [_thread_blocked, id=10604, stack(0x000000063dd00000,0x000000063de00000)]
  0x000001e465a2a800 JavaThread "jar transforms Thread 99" [_thread_blocked, id=11888, stack(0x000000063de00000,0x000000063df00000)]
  0x000001e465a2a000 JavaThread "Memory manager" [_thread_blocked, id=7180, stack(0x000000063df00000,0x000000063e000000)]
  0x000001e465a29000 JavaThread "build event listener" [_thread_blocked, id=7748, stack(0x000000063e000000,0x000000063e100000)]
  0x000001e465a97800 JavaThread "build event listener" [_thread_blocked, id=5424, stack(0x000000063e100000,0x000000063e200000)]
  0x000001e465a98800 JavaThread "Execution worker for ':'" [_thread_blocked, id=11392, stack(0x000000063e200000,0x000000063e300000)]
  0x000001e465a94800 JavaThread "Execution worker for ':' Thread 2" [_thread_in_vm, id=11616, stack(0x000000063e300000,0x000000063e400000)]
  0x000001e465a99000 JavaThread "Execution worker for ':' Thread 3" [_thread_blocked, id=10412, stack(0x000000063e400000,0x000000063e500000)]
  0x000001e465a9b000 JavaThread "Execution worker for ':' Thread 4" [_thread_blocked, id=9852, stack(0x000000063e500000,0x000000063e600000)]
  0x000001e465a9a000 JavaThread "Execution worker for ':' Thread 5" [_thread_blocked, id=7296, stack(0x000000063e600000,0x000000063e700000)]
  0x000001e465a95000 JavaThread "Execution worker for ':' Thread 6" [_thread_blocked, id=12956, stack(0x000000063e700000,0x000000063e800000)]
  0x000001e465a96800 JavaThread "Execution worker for ':' Thread 7" [_thread_blocked, id=7468, stack(0x000000063e800000,0x000000063e900000)]
  0x000001e465a9b800 JavaThread "Cache worker for execution history cache (D:\Du an truong\DuanPhonestore\.gradle\6.7.1\executionHistory)" [_thread_blocked, id=7388, stack(0x000000063e900000,0x000000063ea00000)]

Other Threads:
  0x000001e4610c2800 VMThread "VM Thread" [stack: 0x0000000634700000,0x0000000634800000] [id=11724]
  0x000001e461bb9800 WatcherThread [stack: 0x0000000635100000,0x0000000635200000] [id=11768]
  0x000001e4464a2800 GCTaskThread "GC Thread#0" [stack: 0x0000000634200000,0x0000000634300000] [id=2132]
  0x000001e4625c2000 GCTaskThread "GC Thread#1" [stack: 0x0000000635300000,0x0000000635400000] [id=10084]
  0x000001e462d57000 GCTaskThread "GC Thread#2" [stack: 0x0000000635a00000,0x0000000635b00000] [id=4000]
  0x000001e463a6c000 GCTaskThread "GC Thread#3" [stack: 0x0000000635b00000,0x0000000635c00000] [id=13088]
  0x000001e463a6c800 GCTaskThread "GC Thread#4" [stack: 0x0000000635c00000,0x0000000635d00000] [id=5712]
  0x000001e463311000 GCTaskThread "GC Thread#5" [stack: 0x0000000635d00000,0x0000000635e00000] [id=4508]
  0x000001e463312000 GCTaskThread "GC Thread#6" [stack: 0x0000000635e00000,0x0000000635f00000] [id=8660]
  0x000001e463282800 GCTaskThread "GC Thread#7" [stack: 0x0000000635f00000,0x0000000636000000] [id=1900]
  0x000001e4464d2800 ConcurrentGCThread "G1 Main Marker" [stack: 0x0000000634300000,0x0000000634400000] [id=2140]
  0x000001e4464d5000 ConcurrentGCThread "G1 Conc#0" [stack: 0x0000000634400000,0x0000000634500000] [id=1748]
  0x000001e46327f800 ConcurrentGCThread "G1 Conc#1" [stack: 0x0000000636a00000,0x0000000636b00000] [id=10612]
  0x000001e44655e800 ConcurrentGCThread "G1 Refine#0" [stack: 0x0000000634500000,0x0000000634600000] [id=11904]
  0x000001e4627ed800 ConcurrentGCThread "G1 Refine#1" [stack: 0x0000000636000000,0x0000000636100000] [id=12024]
  0x000001e462764800 ConcurrentGCThread "G1 Refine#2" [stack: 0x0000000636100000,0x0000000636200000] [id=7424]
  0x000001e46308c800 ConcurrentGCThread "G1 Refine#3" [stack: 0x0000000636200000,0x0000000636300000] [id=8476]
  0x000001e44655f800 ConcurrentGCThread "G1 Young RemSet Sampling" [stack: 0x0000000634600000,0x0000000634700000] [id=9520]

Threads with active compile tasks:
C2 CompilerThread0  10771 6978       4       java.lang.ClassLoader::preDefineClass (116 bytes)
C1 CompilerThread0  10771 7007       3       org.gradle.api.internal.artifacts.ivyservice.resolveengine.graph.builder.NodeState::maybeSubstitute (118 bytes)
C2 CompilerThread1  10771 6906       4       java.lang.reflect.Constructor::newInstance (76 bytes)

VM state:not at safepoint (normal execution)

VM Mutex/Monitor currently owned by a thread: None

Heap address: 0x0000000080000000, size: 2048 MB, Compressed Oops mode: 32-bit
Narrow klass base: 0x0000000000000000, Narrow klass shift: 3
Compressed class space size: 1073741824 Address: 0x0000000100000000

Heap:
 garbage-first heap   total 143360K, used 103778K [0x0000000080000000, 0x0000000100000000)
  region size 1024K, 55 young (56320K), 7 survivors (7168K)
 Metaspace       used 75202K, capacity 76984K, committed 77004K, reserved 1116160K
  class space    used 9867K, capacity 10492K, committed 10496K, reserved 1048576K
Heap Regions: E=young(eden), S=young(survivor), O=old, HS=humongous(starts), HC=humongous(continues), CS=collection set, F=free, A=archive, TAMS=top-at-mark-start (previous, next)
|   0|0x0000000080000000, 0x0000000080100000, 0x0000000080100000|100%| O|  |TAMS 0x0000000080100000, 0x0000000080000000| Untracked 
|   1|0x0000000080100000, 0x0000000080200000, 0x0000000080200000|100%| O|  |TAMS 0x0000000080200000, 0x0000000080100000| Untracked 
|   2|0x0000000080200000, 0x0000000080300000, 0x0000000080300000|100%| O|  |TAMS 0x0000000080300000, 0x0000000080200000| Untracked 
|   3|0x0000000080300000, 0x0000000080400000, 0x0000000080400000|100%|HS|  |TAMS 0x0000000080400000, 0x0000000080300000| Complete 
|   4|0x0000000080400000, 0x0000000080500000, 0x0000000080500000|100%|HC|  |TAMS 0x0000000080500000, 0x0000000080400000| Complete 
|   5|0x0000000080500000, 0x0000000080600000, 0x0000000080600000|100%|HC|  |TAMS 0x0000000080600000, 0x0000000080500000| Complete 
|   6|0x0000000080600000, 0x0000000080700000, 0x0000000080700000|100%| O|  |TAMS 0x0000000080700000, 0x0000000080600000| Untracked 
|   7|0x0000000080700000, 0x0000000080800000, 0x0000000080800000|100%| O|  |TAMS 0x0000000080800000, 0x0000000080700000| Untracked 
|   8|0x0000000080800000, 0x0000000080900000, 0x0000000080900000|100%| O|  |TAMS 0x0000000080900000, 0x0000000080800000| Untracked 
|   9|0x0000000080900000, 0x0000000080a00000, 0x0000000080a00000|100%| O|  |TAMS 0x0000000080a00000, 0x0000000080900000| Untracked 
|  10|0x0000000080a00000, 0x0000000080b00000, 0x0000000080b00000|100%| O|  |TAMS 0x0000000080b00000, 0x0000000080a00000| Untracked 
|  11|0x0000000080b00000, 0x0000000080c00000, 0x0000000080c00000|100%| O|  |TAMS 0x0000000080c00000, 0x0000000080b00000| Untracked 
|  12|0x0000000080c00000, 0x0000000080d00000, 0x0000000080d00000|100%| O|  |TAMS 0x0000000080d00000, 0x0000000080c00000| Untracked 
|  13|0x0000000080d00000, 0x0000000080e00000, 0x0000000080e00000|100%| O|  |TAMS 0x0000000080e00000, 0x0000000080d00000| Untracked 
|  14|0x0000000080e00000, 0x0000000080f00000, 0x0000000080f00000|100%| O|  |TAMS 0x0000000080f00000, 0x0000000080e00000| Untracked 
|  15|0x0000000080f00000, 0x0000000081000000, 0x0000000081000000|100%| O|  |TAMS 0x0000000081000000, 0x0000000080f00000| Untracked 
|  16|0x0000000081000000, 0x0000000081100000, 0x0000000081100000|100%| O|  |TAMS 0x0000000081100000, 0x0000000081000000| Untracked 
|  17|0x0000000081100000, 0x0000000081200000, 0x0000000081200000|100%| O|  |TAMS 0x0000000081200000, 0x0000000081100000| Untracked 
|  18|0x0000000081200000, 0x0000000081300000, 0x0000000081300000|100%| O|  |TAMS 0x0000000081300000, 0x0000000081200000| Untracked 
|  19|0x0000000081300000, 0x0000000081400000, 0x0000000081400000|100%|HS|  |TAMS 0x0000000081400000, 0x0000000081300000| Complete 
|  20|0x0000000081400000, 0x0000000081500000, 0x0000000081500000|100%| O|  |TAMS 0x0000000081500000, 0x0000000081400000| Untracked 
|  21|0x0000000081500000, 0x0000000081600000, 0x0000000081600000|100%| O|  |TAMS 0x0000000081600000, 0x0000000081500000| Untracked 
|  22|0x0000000081600000, 0x0000000081700000, 0x0000000081700000|100%| O|  |TAMS 0x0000000081700000, 0x0000000081600000| Untracked 
|  23|0x0000000081700000, 0x0000000081800000, 0x0000000081800000|100%| O|  |TAMS 0x0000000081800000, 0x0000000081700000| Untracked 
|  24|0x0000000081800000, 0x0000000081900000, 0x0000000081900000|100%| O|  |TAMS 0x0000000081900000, 0x0000000081800000| Untracked 
|  25|0x0000000081900000, 0x0000000081a00000, 0x0000000081a00000|100%| O|  |TAMS 0x0000000081a00000, 0x0000000081900000| Untracked 
|  26|0x0000000081a00000, 0x0000000081b00000, 0x0000000081b00000|100%| O|  |TAMS 0x0000000081b00000, 0x0000000081a00000| Untracked 
|  27|0x0000000081b00000, 0x0000000081c00000, 0x0000000081c00000|100%|HS|  |TAMS 0x0000000081c00000, 0x0000000081b00000| Complete 
|  28|0x0000000081c00000, 0x0000000081d00000, 0x0000000081d00000|100%|HC|  |TAMS 0x0000000081d00000, 0x0000000081c00000| Complete 
|  29|0x0000000081d00000, 0x0000000081e00000, 0x0000000081e00000|100%| O|  |TAMS 0x0000000081e00000, 0x0000000081d00000| Untracked 
|  30|0x0000000081e00000, 0x0000000081f00000, 0x0000000081f00000|100%| O|  |TAMS 0x0000000081f00000, 0x0000000081e00000| Untracked 
|  31|0x0000000081f00000, 0x0000000082000000, 0x0000000082000000|100%| O|  |TAMS 0x0000000082000000, 0x0000000081f00000| Untracked 
|  32|0x0000000082000000, 0x0000000082100000, 0x0000000082100000|100%| O|  |TAMS 0x0000000082100000, 0x0000000082000000| Untracked 
|  33|0x0000000082100000, 0x0000000082200000, 0x0000000082200000|100%| O|  |TAMS 0x0000000082200000, 0x0000000082100000| Untracked 
|  34|0x0000000082200000, 0x0000000082300000, 0x0000000082300000|100%| O|  |TAMS 0x0000000082300000, 0x0000000082200000| Untracked 
|  35|0x0000000082300000, 0x0000000082400000, 0x0000000082400000|100%| O|  |TAMS 0x0000000082400000, 0x0000000082300000| Untracked 
|  36|0x0000000082400000, 0x0000000082500000, 0x0000000082500000|100%| O|  |TAMS 0x0000000082500000, 0x0000000082400000| Untracked 
|  37|0x0000000082500000, 0x0000000082600000, 0x0000000082600000|100%| O|  |TAMS 0x0000000082600000, 0x0000000082500000| Untracked 
|  38|0x0000000082600000, 0x0000000082700000, 0x0000000082700000|100%| O|  |TAMS 0x00000000826aba00, 0x0000000082600000| Untracked 
|  39|0x0000000082700000, 0x0000000082800000, 0x0000000082800000|100%| O|  |TAMS 0x0000000082700000, 0x0000000082700000| Untracked 
|  40|0x0000000082800000, 0x0000000082900000, 0x0000000082900000|100%| O|  |TAMS 0x0000000082800000, 0x0000000082800000| Untracked 
|  41|0x0000000082900000, 0x0000000082a00000, 0x0000000082a00000|100%| O|  |TAMS 0x0000000082900000, 0x0000000082900000| Untracked 
|  42|0x0000000082a00000, 0x0000000082b00000, 0x0000000082b00000|100%| O|  |TAMS 0x0000000082a00000, 0x0000000082a00000| Untracked 
|  43|0x0000000082b00000, 0x0000000082c00000, 0x0000000082c00000|100%| O|  |TAMS 0x0000000082b00000, 0x0000000082b00000| Untracked 
|  44|0x0000000082c00000, 0x0000000082d00000, 0x0000000082d00000|100%| O|  |TAMS 0x0000000082c00000, 0x0000000082c00000| Untracked 
|  45|0x0000000082d00000, 0x0000000082e00000, 0x0000000082e00000|100%| O|  |TAMS 0x0000000082d00000, 0x0000000082d00000| Untracked 
|  46|0x0000000082e00000, 0x0000000082f00000, 0x0000000082f00000|100%| O|  |TAMS 0x0000000082e00000, 0x0000000082e00000| Untracked 
|  47|0x0000000082f00000, 0x0000000082f58a00, 0x0000000083000000| 34%| O|  |TAMS 0x0000000082f00000, 0x0000000082f00000| Untracked 
|  48|0x0000000083000000, 0x0000000083000000, 0x0000000083100000|  0%| F|  |TAMS 0x0000000083000000, 0x0000000083000000| Untracked 
|  49|0x0000000083100000, 0x0000000083100000, 0x0000000083200000|  0%| F|  |TAMS 0x0000000083100000, 0x0000000083100000| Untracked 
|  50|0x0000000083200000, 0x0000000083200000, 0x0000000083300000|  0%| F|  |TAMS 0x0000000083200000, 0x0000000083200000| Untracked 
|  51|0x0000000083300000, 0x0000000083300000, 0x0000000083400000|  0%| F|  |TAMS 0x0000000083300000, 0x0000000083300000| Untracked 
|  52|0x0000000083400000, 0x0000000083400000, 0x0000000083500000|  0%| F|  |TAMS 0x0000000083400000, 0x0000000083400000| Untracked 
|  53|0x0000000083500000, 0x0000000083500000, 0x0000000083600000|  0%| F|  |TAMS 0x0000000083500000, 0x0000000083500000| Untracked 
|  54|0x0000000083600000, 0x0000000083600000, 0x0000000083700000|  0%| F|  |TAMS 0x0000000083600000, 0x0000000083600000| Untracked 
|  55|0x0000000083700000, 0x0000000083700000, 0x0000000083800000|  0%| F|  |TAMS 0x0000000083700000, 0x0000000083700000| Untracked 
|  56|0x0000000083800000, 0x0000000083800000, 0x0000000083900000|  0%| F|  |TAMS 0x0000000083800000, 0x0000000083800000| Untracked 
|  57|0x0000000083900000, 0x0000000083900000, 0x0000000083a00000|  0%| F|  |TAMS 0x0000000083900000, 0x0000000083900000| Untracked 
|  58|0x0000000083a00000, 0x0000000083a00000, 0x0000000083b00000|  0%| F|  |TAMS 0x0000000083a00000, 0x0000000083a00000| Untracked 
|  59|0x0000000083b00000, 0x0000000083b00000, 0x0000000083c00000|  0%| F|  |TAMS 0x0000000083b00000, 0x0000000083b00000| Untracked 
|  60|0x0000000083c00000, 0x0000000083c00000, 0x0000000083d00000|  0%| F|  |TAMS 0x0000000083c00000, 0x0000000083c00000| Untracked 
|  61|0x0000000083d00000, 0x0000000083d00000, 0x0000000083e00000|  0%| F|  |TAMS 0x0000000083d00000, 0x0000000083d00000| Untracked 
|  62|0x0000000083e00000, 0x0000000083e00000, 0x0000000083f00000|  0%| F|  |TAMS 0x0000000083e00000, 0x0000000083e00000| Untracked 
|  63|0x0000000083f00000, 0x0000000083f00000, 0x0000000084000000|  0%| F|  |TAMS 0x0000000083f00000, 0x0000000083f00000| Untracked 
|  64|0x0000000084000000, 0x0000000084000000, 0x0000000084100000|  0%| F|  |TAMS 0x0000000084000000, 0x0000000084000000| Untracked 
|  65|0x0000000084100000, 0x0000000084100000, 0x0000000084200000|  0%| F|  |TAMS 0x0000000084100000, 0x0000000084100000| Untracked 
|  66|0x0000000084200000, 0x0000000084200000, 0x0000000084300000|  0%| F|  |TAMS 0x0000000084200000, 0x0000000084200000| Untracked 
|  67|0x0000000084300000, 0x0000000084300000, 0x0000000084400000|  0%| F|  |TAMS 0x0000000084300000, 0x0000000084300000| Untracked 
|  68|0x0000000084400000, 0x0000000084400000, 0x0000000084500000|  0%| F|  |TAMS 0x0000000084400000, 0x0000000084400000| Untracked 
|  69|0x0000000084500000, 0x0000000084500000, 0x0000000084600000|  0%| F|  |TAMS 0x0000000084500000, 0x0000000084500000| Untracked 
|  70|0x0000000084600000, 0x0000000084600000, 0x0000000084700000|  0%| F|  |TAMS 0x0000000084600000, 0x0000000084600000| Untracked 
|  71|0x0000000084700000, 0x0000000084700000, 0x0000000084800000|  0%| F|  |TAMS 0x0000000084700000, 0x0000000084700000| Untracked 
|  72|0x0000000084800000, 0x0000000084900000, 0x0000000084900000|100%| S|CS|TAMS 0x0000000084800000, 0x0000000084800000| Complete 
|  73|0x0000000084900000, 0x0000000084a00000, 0x0000000084a00000|100%| S|CS|TAMS 0x0000000084900000, 0x0000000084900000| Complete 
|  74|0x0000000084a00000, 0x0000000084b00000, 0x0000000084b00000|100%| S|CS|TAMS 0x0000000084a00000, 0x0000000084a00000| Complete 
|  75|0x0000000084b00000, 0x0000000084c00000, 0x0000000084c00000|100%| S|CS|TAMS 0x0000000084b00000, 0x0000000084b00000| Complete 
|  76|0x0000000084c00000, 0x0000000084d00000, 0x0000000084d00000|100%| S|CS|TAMS 0x0000000084c00000, 0x0000000084c00000| Complete 
|  77|0x0000000084d00000, 0x0000000084e00000, 0x0000000084e00000|100%| S|CS|TAMS 0x0000000084d00000, 0x0000000084d00000| Complete 
|  78|0x0000000084e00000, 0x0000000084e00000, 0x0000000084f00000|  0%| F|  |TAMS 0x0000000084e00000, 0x0000000084e00000| Untracked 
|  79|0x0000000084f00000, 0x0000000084f00000, 0x0000000085000000|  0%| F|  |TAMS 0x0000000084f00000, 0x0000000084f00000| Untracked 
|  80|0x0000000085000000, 0x0000000085000000, 0x0000000085100000|  0%| F|  |TAMS 0x0000000085000000, 0x0000000085000000| Untracked 
|  81|0x0000000085100000, 0x0000000085100000, 0x0000000085200000|  0%| F|  |TAMS 0x0000000085100000, 0x0000000085100000| Untracked 
|  82|0x0000000085200000, 0x0000000085200000, 0x0000000085300000|  0%| F|  |TAMS 0x0000000085200000, 0x0000000085200000| Untracked 
|  83|0x0000000085300000, 0x0000000085300000, 0x0000000085400000|  0%| F|  |TAMS 0x0000000085300000, 0x0000000085300000| Untracked 
|  84|0x0000000085400000, 0x0000000085400000, 0x0000000085500000|  0%| F|  |TAMS 0x0000000085400000, 0x0000000085400000| Untracked 
|  85|0x0000000085500000, 0x0000000085500000, 0x0000000085600000|  0%| F|  |TAMS 0x0000000085500000, 0x0000000085500000| Untracked 
|  86|0x0000000085600000, 0x0000000085700000, 0x0000000085700000|100%| S|CS|TAMS 0x0000000085600000, 0x0000000085600000| Complete 
|  87|0x0000000085700000, 0x0000000085700000, 0x0000000085800000|  0%| F|  |TAMS 0x0000000085700000, 0x0000000085700000| Untracked 
|  88|0x0000000085800000, 0x0000000085800000, 0x0000000085900000|  0%| F|  |TAMS 0x0000000085800000, 0x0000000085800000| Untracked 
|  89|0x0000000085900000, 0x0000000085900000, 0x0000000085a00000|  0%| F|  |TAMS 0x0000000085900000, 0x0000000085900000| Untracked 
|  90|0x0000000085a00000, 0x0000000085a00000, 0x0000000085b00000|  0%| F|  |TAMS 0x0000000085a00000, 0x0000000085a00000| Untracked 
|  91|0x0000000085b00000, 0x0000000085b00000, 0x0000000085c00000|  0%| F|  |TAMS 0x0000000085b00000, 0x0000000085b00000| Untracked 
|  92|0x0000000085c00000, 0x0000000085c66520, 0x0000000085d00000| 39%| E|CS|TAMS 0x0000000085c00000, 0x0000000085c00000| Complete 
|  93|0x0000000085d00000, 0x0000000085e00000, 0x0000000085e00000|100%| E|CS|TAMS 0x0000000085d00000, 0x0000000085d00000| Complete 
|  94|0x0000000085e00000, 0x0000000085f00000, 0x0000000085f00000|100%| E|CS|TAMS 0x0000000085e00000, 0x0000000085e00000| Complete 
|  95|0x0000000085f00000, 0x0000000086000000, 0x0000000086000000|100%| E|CS|TAMS 0x0000000085f00000, 0x0000000085f00000| Complete 
|  96|0x0000000086000000, 0x0000000086100000, 0x0000000086100000|100%| E|CS|TAMS 0x0000000086000000, 0x0000000086000000| Complete 
|  97|0x0000000086100000, 0x0000000086200000, 0x0000000086200000|100%| E|CS|TAMS 0x0000000086100000, 0x0000000086100000| Complete 
|  98|0x0000000086200000, 0x0000000086300000, 0x0000000086300000|100%| E|CS|TAMS 0x0000000086200000, 0x0000000086200000| Complete 
|  99|0x0000000086300000, 0x0000000086400000, 0x0000000086400000|100%| E|CS|TAMS 0x0000000086300000, 0x0000000086300000| Complete 
| 100|0x0000000086400000, 0x0000000086500000, 0x0000000086500000|100%| E|CS|TAMS 0x0000000086400000, 0x0000000086400000| Complete 
| 101|0x0000000086500000, 0x0000000086600000, 0x0000000086600000|100%| E|CS|TAMS 0x0000000086500000, 0x0000000086500000| Complete 
| 102|0x0000000086600000, 0x0000000086700000, 0x0000000086700000|100%| E|CS|TAMS 0x0000000086600000, 0x0000000086600000| Complete 
| 103|0x0000000086700000, 0x0000000086800000, 0x0000000086800000|100%| E|CS|TAMS 0x0000000086700000, 0x0000000086700000| Complete 
| 104|0x0000000086800000, 0x0000000086900000, 0x0000000086900000|100%| E|CS|TAMS 0x0000000086800000, 0x0000000086800000| Complete 
| 105|0x0000000086900000, 0x0000000086a00000, 0x0000000086a00000|100%| E|CS|TAMS 0x0000000086900000, 0x0000000086900000| Complete 
| 106|0x0000000086a00000, 0x0000000086b00000, 0x0000000086b00000|100%| E|CS|TAMS 0x0000000086a00000, 0x0000000086b00000| Complete 
| 107|0x0000000086b00000, 0x0000000086c00000, 0x0000000086c00000|100%| E|CS|TAMS 0x0000000086b00000, 0x0000000086c00000| Complete 
| 108|0x0000000086c00000, 0x0000000086d00000, 0x0000000086d00000|100%| E|CS|TAMS 0x0000000086c00000, 0x0000000086d00000| Complete 
| 109|0x0000000086d00000, 0x0000000086e00000, 0x0000000086e00000|100%| E|CS|TAMS 0x0000000086d00000, 0x0000000086e00000| Complete 
| 110|0x0000000086e00000, 0x0000000086f00000, 0x0000000086f00000|100%| E|CS|TAMS 0x0000000086e00000, 0x0000000086f00000| Complete 
| 111|0x0000000086f00000, 0x0000000087000000, 0x0000000087000000|100%| E|CS|TAMS 0x0000000086f00000, 0x0000000087000000| Complete 
| 112|0x0000000087000000, 0x0000000087100000, 0x0000000087100000|100%| E|CS|TAMS 0x0000000087000000, 0x0000000087100000| Complete 
| 113|0x0000000087100000, 0x0000000087200000, 0x0000000087200000|100%| E|CS|TAMS 0x0000000087100000, 0x0000000087200000| Complete 
| 114|0x0000000087200000, 0x0000000087300000, 0x0000000087300000|100%| E|CS|TAMS 0x0000000087200000, 0x0000000087300000| Complete 
| 115|0x0000000087300000, 0x0000000087400000, 0x0000000087400000|100%| E|CS|TAMS 0x0000000087300000, 0x0000000087400000| Complete 
| 116|0x0000000087400000, 0x0000000087500000, 0x0000000087500000|100%| E|CS|TAMS 0x0000000087400000, 0x0000000087500000| Complete 
| 117|0x0000000087500000, 0x0000000087600000, 0x0000000087600000|100%| E|CS|TAMS 0x0000000087500000, 0x0000000087600000| Complete 
| 118|0x0000000087600000, 0x0000000087700000, 0x0000000087700000|100%| E|CS|TAMS 0x0000000087600000, 0x0000000087700000| Complete 
| 119|0x0000000087700000, 0x0000000087800000, 0x0000000087800000|100%| E|CS|TAMS 0x0000000087700000, 0x0000000087800000| Complete 
| 120|0x0000000087800000, 0x0000000087900000, 0x0000000087900000|100%| E|CS|TAMS 0x0000000087800000, 0x0000000087900000| Complete 
| 121|0x0000000087900000, 0x0000000087a00000, 0x0000000087a00000|100%| E|CS|TAMS 0x0000000087900000, 0x0000000087a00000| Complete 
| 122|0x0000000087a00000, 0x0000000087b00000, 0x0000000087b00000|100%| E|CS|TAMS 0x0000000087a00000, 0x0000000087b00000| Complete 
| 123|0x0000000087b00000, 0x0000000087c00000, 0x0000000087c00000|100%| E|CS|TAMS 0x0000000087b00000, 0x0000000087c00000| Complete 
| 124|0x0000000087c00000, 0x0000000087d00000, 0x0000000087d00000|100%| E|CS|TAMS 0x0000000087c00000, 0x0000000087d00000| Complete 
| 125|0x0000000087d00000, 0x0000000087e00000, 0x0000000087e00000|100%| E|CS|TAMS 0x0000000087d00000, 0x0000000087e00000| Complete 
| 126|0x0000000087e00000, 0x0000000087f00000, 0x0000000087f00000|100%| E|CS|TAMS 0x0000000087e00000, 0x0000000087f00000| Complete 
| 127|0x0000000087f00000, 0x0000000088000000, 0x0000000088000000|100%| E|CS|TAMS 0x0000000087f00000, 0x0000000088000000| Complete 
| 128|0x0000000088000000, 0x0000000088100000, 0x0000000088100000|100%| E|CS|TAMS 0x0000000088000000, 0x0000000088100000| Complete 
| 129|0x0000000088100000, 0x0000000088200000, 0x0000000088200000|100%| E|CS|TAMS 0x0000000088100000, 0x0000000088200000| Complete 
| 130|0x0000000088200000, 0x0000000088300000, 0x0000000088300000|100%| E|CS|TAMS 0x0000000088200000, 0x0000000088300000| Complete 
| 131|0x0000000088300000, 0x0000000088400000, 0x0000000088400000|100%| E|CS|TAMS 0x0000000088300000, 0x0000000088400000| Complete 
| 132|0x0000000088400000, 0x0000000088500000, 0x0000000088500000|100%| E|CS|TAMS 0x0000000088400000, 0x0000000088500000| Complete 
| 133|0x0000000088500000, 0x0000000088600000, 0x0000000088600000|100%| E|CS|TAMS 0x0000000088500000, 0x0000000088600000| Complete 
| 134|0x0000000088600000, 0x0000000088700000, 0x0000000088700000|100%| E|CS|TAMS 0x0000000088600000, 0x0000000088700000| Complete 
| 135|0x0000000088700000, 0x0000000088800000, 0x0000000088800000|100%| E|CS|TAMS 0x0000000088700000, 0x0000000088800000| Complete 
| 136|0x0000000088800000, 0x0000000088900000, 0x0000000088900000|100%| E|CS|TAMS 0x0000000088800000, 0x0000000088900000| Complete 
| 137|0x0000000088900000, 0x0000000088a00000, 0x0000000088a00000|100%| E|CS|TAMS 0x0000000088900000, 0x0000000088a00000| Complete 
| 138|0x0000000088a00000, 0x0000000088b00000, 0x0000000088b00000|100%| E|CS|TAMS 0x0000000088a00000, 0x0000000088b00000| Complete 
| 139|0x0000000088b00000, 0x0000000088c00000, 0x0000000088c00000|100%| E|CS|TAMS 0x0000000088b00000, 0x0000000088c00000| Complete 

Card table byte_map: [0x000001e459e00000,0x000001e45a200000] _byte_map_base: 0x000001e459a00000

Marking Bits (Prev, Next): (CMBitMap*) 0x000001e4464c9ec0, (CMBitMap*) 0x000001e4464c9e88
 Prev Bits: [0x000001e45c600000, 0x000001e45e600000)
 Next Bits: [0x000001e45a600000, 0x000001e45c600000)

Polling page: 0x000001e444c60000

Metaspace:

Usage:
  Non-class:     64.93 MB capacity,    63.81 MB ( 98%) used,   976.35 KB (  1%) free+waste,   178.19 KB ( <1%) overhead. 
      Class:     10.25 MB capacity,     9.64 MB ( 94%) used,   541.24 KB (  5%) free+waste,    83.44 KB ( <1%) overhead. 
       Both:     75.18 MB capacity,    73.44 MB ( 98%) used,     1.48 MB (  2%) free+waste,   261.63 KB ( <1%) overhead. 

Virtual space:
  Non-class space:       72.00 MB reserved,      64.95 MB ( 90%) committed 
      Class space:        1.00 GB reserved,      10.25 MB (  1%) committed 
             Both:        1.07 GB reserved,      75.20 MB (  7%) committed 

Chunk freelists:
   Non-Class:  15.00 KB
       Class:  4.00 KB
        Both:  19.00 KB

MaxMetaspaceSize: 17179869184.00 GB
CompressedClassSpaceSize: 1.00 GB

CodeHeap 'non-profiled nmethods': size=120000Kb used=3892Kb max_used=3892Kb free=116107Kb
 bounds [0x000001e451a50000, 0x000001e451e20000, 0x000001e458f80000]
CodeHeap 'profiled nmethods': size=120000Kb used=14949Kb max_used=14949Kb free=105050Kb
 bounds [0x000001e44a520000, 0x000001e44b3c0000, 0x000001e451a50000]
CodeHeap 'non-nmethods': size=5760Kb used=2249Kb max_used=2306Kb free=3510Kb
 bounds [0x000001e449f80000, 0x000001e44a1f0000, 0x000001e44a520000]
 total_blobs=7797 nmethods=6962 adapters=746
 compilation: enabled
              stopped_count=0, restarted_count=0
 full_count=0

Compilation events (20 events):
Event: 10.716 Thread 0x000001e4610f3800 nmethod 6949 0x000001e451e14b90 code [0x000001e451e14d40, 0x000001e451e14df8]
Event: 10.716 Thread 0x000001e4610f3800 6950       1       org.gradle.internal.component.external.model.maven.DefaultMutableMavenModuleResolveMetadata::getObjectInstantiator (5 bytes)
Event: 10.716 Thread 0x000001e4610f3800 nmethod 6950 0x000001e451e14e90 code [0x000001e451e15040, 0x000001e451e150f8]
Event: 10.716 Thread 0x000001e4610f3800 6951       1       org.gradle.internal.component.external.model.maven.DefaultMutableMavenModuleResolveMetadata::getPackaging (5 bytes)
Event: 10.716 Thread 0x000001e4610f3800 nmethod 6951 0x000001e451e15190 code [0x000001e451e15340, 0x000001e451e153f8]
Event: 10.716 Thread 0x000001e4610f3800 6952       1       org.gradle.internal.component.external.model.maven.DefaultMutableMavenModuleResolveMetadata::isRelocated (5 bytes)
Event: 10.716 Thread 0x000001e4610f3800 nmethod 6952 0x000001e451e15490 code [0x000001e451e15640, 0x000001e451e156f8]
Event: 10.716 Thread 0x000001e4610f3800 6953       1       org.gradle.internal.component.external.model.maven.DefaultMutableMavenModuleResolveMetadata::getSnapshotTimestamp (5 bytes)
Event: 10.716 Thread 0x000001e4610f3800 nmethod 6953 0x000001e451e15790 code [0x000001e451e15940, 0x000001e451e159f8]
Event: 10.716 Thread 0x000001e4610f3800 6954       1       org.gradle.internal.component.external.model.maven.DefaultMutableMavenModuleResolveMetadata::getDependencies (5 bytes)
Event: 10.716 Thread 0x000001e4610f3800 nmethod 6954 0x000001e451e15a90 code [0x000001e451e15c40, 0x000001e451e15cf8]
Event: 10.716 Thread 0x000001e4610f3800 6955       1       org.gradle.internal.component.external.model.AbstractModuleComponentResolveMetadata::getStatusScheme (5 bytes)
Event: 10.716 Thread 0x000001e4610f3800 nmethod 6955 0x000001e451e15d90 code [0x000001e451e15f40, 0x000001e451e15ff8]
Event: 10.717 Thread 0x000001e4610f3800 6959       3       org.gradle.internal.component.model.MutableModuleSources::<init> (5 bytes)
Event: 10.718 Thread 0x000001e4610f3800 nmethod 6959 0x000001e44b39cf90 code [0x000001e44b39d140, 0x000001e44b39d298]
Event: 10.719 Thread 0x000001e4610f3800 6960       3       org.gradle.api.internal.artifacts.ivyservice.resolveengine.graph.builder.ComponentState::isSelected (16 bytes)
Event: 10.719 Thread 0x000001e4610f3800 nmethod 6960 0x000001e44b39d390 code [0x000001e44b39d540, 0x000001e44b39d6b8]
Event: 10.721 Thread 0x000001e4610f3800 6961   !   3       org.gradle.cache.internal.DefaultCacheAccess::takeOwnership (50 bytes)
Event: 10.721 Thread 0x000001e4610f3800 nmethod 6961 0x000001e44b39d790 code [0x000001e44b39d9a0, 0x000001e44b39ddc8]
Event: 10.721 Thread 0x000001e4610f3800 6962   !   3       org.gradle.cache.internal.DefaultCacheAccess::useCache (191 bytes)

GC Heap History (20 events):
Event: 3.914 GC heap before
{Heap before GC invocations=7 (full 0):
 garbage-first heap   total 98304K, used 46759K [0x0000000080000000, 0x0000000100000000)
  region size 1024K, 32 young (32768K), 4 survivors (4096K)
 Metaspace       used 35122K, capacity 35825K, committed 35840K, reserved 1081344K
  class space    used 4571K, capacity 4858K, committed 4864K, reserved 1048576K
}
Event: 3.921 GC heap after
{Heap after GC invocations=8 (full 0):
 garbage-first heap   total 98304K, used 21818K [0x0000000080000000, 0x0000000100000000)
  region size 1024K, 6 young (6144K), 6 survivors (6144K)
 Metaspace       used 35122K, capacity 35825K, committed 35840K, reserved 1081344K
  class space    used 4571K, capacity 4858K, committed 4864K, reserved 1048576K
}
Event: 4.382 GC heap before
{Heap before GC invocations=9 (full 0):
 garbage-first heap   total 98304K, used 63802K [0x0000000080000000, 0x0000000100000000)
  region size 1024K, 44 young (45056K), 6 survivors (6144K)
 Metaspace       used 39713K, capacity 40564K, committed 40704K, reserved 1085440K
  class space    used 5046K, capacity 5362K, committed 5376K, reserved 1048576K
}
Event: 4.388 GC heap after
{Heap after GC invocations=10 (full 0):
 garbage-first heap   total 98304K, used 24144K [0x0000000080000000, 0x0000000100000000)
  region size 1024K, 6 young (6144K), 6 survivors (6144K)
 Metaspace       used 39713K, capacity 40564K, committed 40704K, reserved 1085440K
  class space    used 5046K, capacity 5362K, committed 5376K, reserved 1048576K
}
Event: 4.822 GC heap before
{Heap before GC invocations=10 (full 0):
 garbage-first heap   total 98304K, used 63056K [0x0000000080000000, 0x0000000100000000)
  region size 1024K, 44 young (45056K), 6 survivors (6144K)
 Metaspace       used 42822K, capacity 43832K, committed 44032K, reserved 1087488K
  class space    used 5518K, capacity 5863K, committed 5888K, reserved 1048576K
}
Event: 4.827 GC heap after
{Heap after GC invocations=11 (full 0):
 garbage-first heap   total 98304K, used 25728K [0x0000000080000000, 0x0000000100000000)
  region size 1024K, 4 young (4096K), 4 survivors (4096K)
 Metaspace       used 42822K, capacity 43832K, committed 44032K, reserved 1087488K
  class space    used 5518K, capacity 5863K, committed 5888K, reserved 1048576K
}
Event: 5.407 GC heap before
{Heap before GC invocations=11 (full 0):
 garbage-first heap   total 98304K, used 66688K [0x0000000080000000, 0x0000000100000000)
  region size 1024K, 44 young (45056K), 4 survivors (4096K)
 Metaspace       used 44292K, capacity 45319K, committed 45568K, reserved 1089536K
  class space    used 5680K, capacity 6033K, committed 6144K, reserved 1048576K
}
Event: 5.414 GC heap after
{Heap after GC invocations=12 (full 0):
 garbage-first heap   total 118784K, used 32893K [0x0000000080000000, 0x0000000100000000)
  region size 1024K, 6 young (6144K), 6 survivors (6144K)
 Metaspace       used 44292K, capacity 45319K, committed 45568K, reserved 1089536K
  class space    used 5680K, capacity 6033K, committed 6144K, reserved 1048576K
}
Event: 6.095 GC heap before
{Heap before GC invocations=12 (full 0):
 garbage-first heap   total 118784K, used 79997K [0x0000000080000000, 0x0000000100000000)
  region size 1024K, 51 young (52224K), 6 survivors (6144K)
 Metaspace       used 50047K, capacity 51215K, committed 51328K, reserved 1093632K
  class space    used 6371K, capacity 6773K, committed 6784K, reserved 1048576K
}
Event: 6.102 GC heap after
{Heap after GC invocations=13 (full 0):
 garbage-first heap   total 118784K, used 39709K [0x0000000080000000, 0x0000000100000000)
  region size 1024K, 5 young (5120K), 5 survivors (5120K)
 Metaspace       used 50047K, capacity 51215K, committed 51328K, reserved 1093632K
  class space    used 6371K, capacity 6773K, committed 6784K, reserved 1048576K
}
Event: 6.734 GC heap before
{Heap before GC invocations=13 (full 0):
 garbage-first heap   total 118784K, used 83741K [0x0000000080000000, 0x0000000100000000)
  region size 1024K, 48 young (49152K), 5 survivors (5120K)
 Metaspace       used 56091K, capacity 57472K, committed 57600K, reserved 1099776K
  class space    used 7140K, capacity 7614K, committed 7680K, reserved 1048576K
}
Event: 6.740 GC heap after
{Heap after GC invocations=14 (full 0):
 garbage-first heap   total 118784K, used 42893K [0x0000000080000000, 0x0000000100000000)
  region size 1024K, 4 young (4096K), 4 survivors (4096K)
 Metaspace       used 56091K, capacity 57472K, committed 57600K, reserved 1099776K
  class space    used 7140K, capacity 7614K, committed 7680K, reserved 1048576K
}
Event: 7.092 GC heap before
{Heap before GC invocations=14 (full 0):
 garbage-first heap   total 118784K, used 68493K [0x0000000080000000, 0x0000000100000000)
  region size 1024K, 30 young (30720K), 4 survivors (4096K)
 Metaspace       used 58719K, capacity 60094K, committed 60160K, reserved 1101824K
  class space    used 7438K, capacity 7922K, committed 7936K, reserved 1048576K
}
Event: 7.098 GC heap after
{Heap after GC invocations=15 (full 0):
 garbage-first heap   total 118784K, used 45451K [0x0000000080000000, 0x0000000100000000)
  region size 1024K, 6 young (6144K), 6 survivors (6144K)
 Metaspace       used 58719K, capacity 60094K, committed 60160K, reserved 1101824K
  class space    used 7438K, capacity 7922K, committed 7936K, reserved 1048576K
}
Event: 7.524 GC heap before
{Heap before GC invocations=16 (full 0):
 garbage-first heap   total 118784K, used 89483K [0x0000000080000000, 0x0000000100000000)
  region size 1024K, 49 young (50176K), 6 survivors (6144K)
 Metaspace       used 60618K, capacity 62077K, committed 62284K, reserved 1103872K
  class space    used 7712K, capacity 8238K, committed 8320K, reserved 1048576K
}
Event: 7.532 GC heap after
{Heap after GC invocations=17 (full 0):
 garbage-first heap   total 143360K, used 48476K [0x0000000080000000, 0x0000000100000000)
  region size 1024K, 6 young (6144K), 6 survivors (6144K)
 Metaspace       used 60618K, capacity 62077K, committed 62284K, reserved 1103872K
  class space    used 7712K, capacity 8238K, committed 8320K, reserved 1048576K
}
Event: 8.185 GC heap before
{Heap before GC invocations=17 (full 0):
 garbage-first heap   total 143360K, used 103772K [0x0000000080000000, 0x0000000100000000)
  region size 1024K, 60 young (61440K), 6 survivors (6144K)
 Metaspace       used 64971K, capacity 66458K, committed 66508K, reserved 1107968K
  class space    used 8449K, capacity 8945K, committed 8960K, reserved 1048576K
}
Event: 8.193 GC heap after
{Heap after GC invocations=18 (full 0):
 garbage-first heap   total 143360K, used 52454K [0x0000000080000000, 0x0000000100000000)
  region size 1024K, 8 young (8192K), 8 survivors (8192K)
 Metaspace       used 64971K, capacity 66458K, committed 66508K, reserved 1107968K
  class space    used 8449K, capacity 8945K, committed 8960K, reserved 1048576K
}
Event: 9.106 GC heap before
{Heap before GC invocations=18 (full 0):
 garbage-first heap   total 143360K, used 106726K [0x0000000080000000, 0x0000000100000000)
  region size 1024K, 61 young (62464K), 8 survivors (8192K)
 Metaspace       used 70915K, capacity 72591K, committed 72908K, reserved 1112064K
  class space    used 9316K, capacity 9907K, committed 9984K, reserved 1048576K
}
Event: 9.116 GC heap after
{Heap after GC invocations=19 (full 0):
 garbage-first heap   total 143360K, used 55650K [0x0000000080000000, 0x0000000100000000)
  region size 1024K, 7 young (7168K), 7 survivors (7168K)
 Metaspace       used 70915K, capacity 72591K, committed 72908K, reserved 1112064K
  class space    used 9316K, capacity 9907K, committed 9984K, reserved 1048576K
}

Deoptimization events (20 events):
Event: 10.018 Thread 0x000001e465a9b800 Uncommon trap: trap_request=0xffffffc6 fr.pc=0x000001e451ce87f0 relative=0x00000000000006d0
Event: 10.018 Thread 0x000001e465a9b800 Uncommon trap: reason=bimorphic_or_optimized_type_check action=maybe_recompile pc=0x000001e451ce87f0 method=java.util.Arrays.binarySearch0([Ljava/lang/Object;IILjava/lang/Object;Ljava/util/Comparator;)I @ 48 c2
Event: 10.018 Thread 0x000001e465a9b800 DEOPT PACKING pc=0x000001e451ce87f0 sp=0x000000063e9fe0e0
Event: 10.018 Thread 0x000001e465a9b800 DEOPT UNPACKING pc=0x000001e449fa78af sp=0x000000063e9fe060 mode 2
Event: 10.018 Thread 0x000001e465a9b800 Uncommon trap: trap_request=0xffffffc6 fr.pc=0x000001e451ce87f0 relative=0x00000000000006d0
Event: 10.018 Thread 0x000001e465a9b800 Uncommon trap: reason=bimorphic_or_optimized_type_check action=maybe_recompile pc=0x000001e451ce87f0 method=java.util.Arrays.binarySearch0([Ljava/lang/Object;IILjava/lang/Object;Ljava/util/Comparator;)I @ 48 c2
Event: 10.018 Thread 0x000001e465a9b800 DEOPT PACKING pc=0x000001e451ce87f0 sp=0x000000063e9fe0e0
Event: 10.018 Thread 0x000001e465a9b800 DEOPT UNPACKING pc=0x000001e449fa78af sp=0x000000063e9fe060 mode 2
Event: 10.018 Thread 0x000001e465a9b800 Uncommon trap: trap_request=0xffffffc6 fr.pc=0x000001e451ce87f0 relative=0x00000000000006d0
Event: 10.018 Thread 0x000001e465a9b800 Uncommon trap: reason=bimorphic_or_optimized_type_check action=maybe_recompile pc=0x000001e451ce87f0 method=java.util.Arrays.binarySearch0([Ljava/lang/Object;IILjava/lang/Object;Ljava/util/Comparator;)I @ 48 c2
Event: 10.018 Thread 0x000001e465a9b800 DEOPT PACKING pc=0x000001e451ce87f0 sp=0x000000063e9fe0e0
Event: 10.019 Thread 0x000001e465a9b800 DEOPT UNPACKING pc=0x000001e449fa78af sp=0x000000063e9fe060 mode 2
Event: 10.019 Thread 0x000001e465a9b800 Uncommon trap: trap_request=0xffffffc6 fr.pc=0x000001e451ce87f0 relative=0x00000000000006d0
Event: 10.019 Thread 0x000001e465a9b800 Uncommon trap: reason=bimorphic_or_optimized_type_check action=maybe_recompile pc=0x000001e451ce87f0 method=java.util.Arrays.binarySearch0([Ljava/lang/Object;IILjava/lang/Object;Ljava/util/Comparator;)I @ 48 c2
Event: 10.019 Thread 0x000001e465a9b800 DEOPT PACKING pc=0x000001e451ce87f0 sp=0x000000063e9fe0e0
Event: 10.019 Thread 0x000001e465a9b800 DEOPT UNPACKING pc=0x000001e449fa78af sp=0x000000063e9fe060 mode 2
Event: 10.539 Thread 0x000001e465a94800 DEOPT PACKING pc=0x000001e44afbb727 sp=0x000000063e3fa180
Event: 10.539 Thread 0x000001e465a94800 DEOPT UNPACKING pc=0x000001e449fa76ce sp=0x000000063e3f9630 mode 0
Event: 10.688 Thread 0x000001e465a94800 DEOPT PACKING pc=0x000001e44b217748 sp=0x000000063e3fa760
Event: 10.688 Thread 0x000001e465a94800 DEOPT UNPACKING pc=0x000001e449fa76ce sp=0x000000063e3f9c68 mode 0

Classes redefined (0 events):
No events

Internal exceptions (20 events):
Event: 9.371 Thread 0x000001e46327b000 Exception <a 'java/lang/ClassNotFoundException'{0x0000000087a03080}: com/android/build/gradle/internal/api/ReadOnlyBaseConfigBeanInfo> (0x0000000087a03080) thrown at [./src/hotspot/share/classfile/systemDictionary.cpp, line 231]
Event: 9.373 Thread 0x000001e46327b000 Exception <a 'java/lang/ClassNotFoundException'{0x0000000087a196c8}: com/android/build/gradle/internal/api/ReadOnlyBaseConfigCustomizer> (0x0000000087a196c8) thrown at [./src/hotspot/share/classfile/systemDictionary.cpp, line 231]
Event: 9.374 Thread 0x000001e46327b000 Exception <a 'java/lang/ClassNotFoundException'{0x0000000087a3fb90}: com/android/build/gradle/internal/api/ReadOnlyBuildTypeCustomizer> (0x0000000087a3fb90) thrown at [./src/hotspot/share/classfile/systemDictionary.cpp, line 231]
Event: 9.382 Thread 0x000001e46327b000 Exception <a 'java/lang/ClassNotFoundException'{0x000000008798b378}: com/android/build/gradle/internal/api/ImmutableFlavorListBeanInfo> (0x000000008798b378) thrown at [./src/hotspot/share/classfile/systemDictionary.cpp, line 231]
Event: 9.383 Thread 0x000001e46327b000 Exception <a 'java/lang/ClassNotFoundException'{0x00000000879a1d68}: com/android/build/gradle/internal/api/ImmutableFlavorListCustomizer> (0x00000000879a1d68) thrown at [./src/hotspot/share/classfile/systemDictionary.cpp, line 231]
Event: 9.392 Thread 0x000001e46327b000 Exception <a 'java/lang/ClassNotFoundException'{0x0000000087878f98}: org/gradle/api/internal/file/collections/DefaultConfigurableFileCollectionBeanInfo> (0x0000000087878f98) thrown at [./src/hotspot/share/classfile/systemDictionary.cpp, line 231]
Event: 9.392 Thread 0x000001e46327b000 Exception <a 'java/lang/ClassNotFoundException'{0x000000008788bb20}: org/gradle/api/internal/file/CompositeFileCollectionBeanInfo> (0x000000008788bb20) thrown at [./src/hotspot/share/classfile/systemDictionary.cpp, line 231]
Event: 9.393 Thread 0x000001e46327b000 Exception <a 'java/lang/ClassNotFoundException'{0x000000008789e428}: org/gradle/api/internal/file/CompositeFileCollectionCustomizer> (0x000000008789e428) thrown at [./src/hotspot/share/classfile/systemDictionary.cpp, line 231]
Event: 9.393 Thread 0x000001e46327b000 Exception <a 'java/lang/ClassNotFoundException'{0x00000000878bb8d0}: org/gradle/api/internal/file/collections/DefaultConfigurableFileCollectionCustomizer> (0x00000000878bb8d0) thrown at [./src/hotspot/share/classfile/systemDictionary.cpp, line 231]
Event: 9.575 Thread 0x000001e46327b000 Exception <a 'java/lang/NoSuchMethodError'{0x00000000870e02c0}: <clinit>> (0x00000000870e02c0) thrown at [./src/hotspot/share/prims/jni.cpp, line 1362]
Event: 9.584 Thread 0x000001e46327b000 Exception <a 'java/lang/NoSuchMethodError'{0x0000000086f12768}: <clinit>> (0x0000000086f12768) thrown at [./src/hotspot/share/prims/jni.cpp, line 1362]
Event: 9.768 Thread 0x000001e4639f1000 Exception <a 'java/lang/NoSuchMethodError'{0x000000008696ea70}: <clinit>> (0x000000008696ea70) thrown at [./src/hotspot/share/prims/jni.cpp, line 1362]
Event: 9.780 Thread 0x000001e4639f1000 Exception <a 'java/lang/NoSuchMethodError'{0x00000000869b09a8}: <clinit>> (0x00000000869b09a8) thrown at [./src/hotspot/share/prims/jni.cpp, line 1362]
Event: 9.788 Thread 0x000001e465a96800 Exception <a 'java/lang/NoSuchMethodError'{0x0000000086932a00}: 'java.lang.Object java.lang.invoke.Invokers$Holder.linkToTargetMethod(java.lang.Object, java.lang.Object, java.lang.Object, java.lang.Object, java.lang.Object, java.lang.Object, java.lang.Object, java.lang.Object)'> (0x0000000086932a00) thrown at [./src/hotspot/share/interpreter/linkResolver.cpp, line 773]
Event: 9.801 Thread 0x000001e4639f1000 Exception <a 'java/lang/NoSuchMethodError'{0x0000000086849090}: <clinit>> (0x0000000086849090) thrown at [./src/hotspot/share/prims/jni.cpp, line 1362]
Event: 9.812 Thread 0x000001e4639f1000 Exception <a 'java/lang/NoSuchMethodError'{0x00000000868a0d78}: <clinit>> (0x00000000868a0d78) thrown at [./src/hotspot/share/prims/jni.cpp, line 1362]
Event: 9.812 Thread 0x000001e4639f1000 Exception <a 'java/lang/NoSuchMethodError'{0x00000000868a24d0}: <clinit>> (0x00000000868a24d0) thrown at [./src/hotspot/share/prims/jni.cpp, line 1362]
Event: 9.833 Thread 0x000001e465a29000 Exception <a 'java/lang/NoSuchMethodError'{0x00000000867099e0}: <clinit>> (0x00000000867099e0) thrown at [./src/hotspot/share/prims/jni.cpp, line 1362]
Event: 9.851 Thread 0x000001e465a29000 Exception <a 'java/lang/NoSuchMethodError'{0x0000000086722c68}: <clinit>> (0x0000000086722c68) thrown at [./src/hotspot/share/prims/jni.cpp, line 1362]
Event: 9.969 Thread 0x000001e4639f1000 Exception <a 'java/lang/NoSuchMethodError'{0x0000000086592880}: <clinit>> (0x0000000086592880) thrown at [./src/hotspot/share/prims/jni.cpp, line 1362]

Events (20 events):
Event: 10.630 loading class org/gradle/api/internal/artifacts/ivyservice/ivyresolve/DynamicVersionResolver$CandidateResult
Event: 10.630 loading class org/gradle/api/internal/artifacts/ivyservice/ivyresolve/DynamicVersionResolver$CandidateResult done
Event: 10.630 loading class org/gradle/api/internal/artifacts/ivyservice/ivyresolve/ModuleComponentResolveState
Event: 10.630 loading class org/gradle/api/internal/artifacts/ivyservice/ivyresolve/ModuleComponentResolveState done
Event: 10.634 loading class org/gradle/api/internal/artifacts/ivyservice/ivyresolve/DefaultMetadataProvider
Event: 10.634 loading class org/gradle/api/internal/artifacts/ivyservice/ivyresolve/DefaultMetadataProvider done
Event: 10.635 loading class org/gradle/api/internal/artifacts/ivyservice/ivyresolve/DefaultMetadataProvider$BuildableComponentMetadataSupplierDetails
Event: 10.635 loading class org/gradle/api/internal/artifacts/ivyservice/ivyresolve/DefaultMetadataProvider$BuildableComponentMetadataSupplierDetails done
Event: 10.636 loading class org/gradle/api/artifacts/ComponentMetadataSupplierDetails
Event: 10.636 loading class org/gradle/api/artifacts/ComponentMetadataSupplierDetails done
Event: 10.636 loading class org/gradle/api/artifacts/ComponentMetadataBuilder
Event: 10.636 loading class org/gradle/api/artifacts/ComponentMetadataBuilder done
Event: 10.637 loading class org/gradle/api/artifacts/ComponentMetadata
Event: 10.637 loading class org/gradle/api/artifacts/ComponentMetadata done
Event: 10.637 loading class org/gradle/api/internal/artifacts/ivyservice/ivyresolve/DefaultMetadataProvider$BuildableComponentMetadataSupplierDetails
Event: 10.637 loading class org/gradle/api/internal/artifacts/ivyservice/ivyresolve/DefaultMetadataProvider$BuildableComponentMetadataSupplierDetails done
Event: 10.637 loading class org/gradle/api/Transformer
Event: 10.637 loading class org/gradle/api/Transformer done
Event: 10.657 loading class org/gradle/api/internal/artifacts/ivyservice/ivyresolve/VersionInfo
Event: 10.657 loading class org/gradle/api/internal/artifacts/ivyservice/ivyresolve/VersionInfo done


Dynamic libraries:
0x00007ff6cdfd0000 - 0x00007ff6cdfda000 	C:\Program Files\Android\Android Studio\jre\bin\java.exe
0x00007ffc50610000 - 0x00007ffc50805000 	C:\WINDOWS\SYSTEM32\ntdll.dll
0x00007ffc4fff0000 - 0x00007ffc500ae000 	C:\WINDOWS\System32\KERNEL32.DLL
0x00007ffc4df10000 - 0x00007ffc4e1d9000 	C:\WINDOWS\System32\KERNELBASE.dll
0x00007ffc4dd30000 - 0x00007ffc4de30000 	C:\WINDOWS\System32\ucrtbase.dll
0x00007ffc46eb0000 - 0x00007ffc46ec9000 	C:\Program Files\Android\Android Studio\jre\bin\jli.dll
0x00007ffc46e90000 - 0x00007ffc46ea7000 	C:\Program Files\Android\Android Studio\jre\bin\VCRUNTIME140.dll
0x00007ffc4f680000 - 0x00007ffc4f821000 	C:\WINDOWS\System32\USER32.dll
0x00007ffc4e320000 - 0x00007ffc4e342000 	C:\WINDOWS\System32\win32u.dll
0x00007ffc3a9a0000 - 0x00007ffc3ac3a000 	C:\WINDOWS\WinSxS\amd64_microsoft.windows.common-controls_6595b64144ccf1df_6.0.19041.1110_none_60b5254171f9507e\COMCTL32.dll
0x00007ffc4f650000 - 0x00007ffc4f67b000 	C:\WINDOWS\System32\GDI32.dll
0x00007ffc500b0000 - 0x00007ffc5014e000 	C:\WINDOWS\System32\msvcrt.dll
0x00007ffc4e210000 - 0x00007ffc4e31b000 	C:\WINDOWS\System32\gdi32full.dll
0x00007ffc4e4b0000 - 0x00007ffc4e54d000 	C:\WINDOWS\System32\msvcp_win.dll
0x00007ffc4ffb0000 - 0x00007ffc4ffe0000 	C:\WINDOWS\System32\IMM32.DLL
0x00007ffc2e280000 - 0x00007ffc2e31d000 	C:\Program Files\Android\Android Studio\jre\bin\msvcp140.dll
0x00007ffc0a700000 - 0x00007ffc0b1cf000 	C:\Program Files\Android\Android Studio\jre\bin\server\jvm.dll
0x00007ffc4f1d0000 - 0x00007ffc4f27c000 	C:\WINDOWS\System32\ADVAPI32.dll
0x00007ffc4f8b0000 - 0x00007ffc4f94b000 	C:\WINDOWS\System32\sechost.dll
0x00007ffc4f040000 - 0x00007ffc4f16a000 	C:\WINDOWS\System32\RPCRT4.dll
0x00007ffc4f8a0000 - 0x00007ffc4f8a8000 	C:\WINDOWS\System32\PSAPI.DLL
0x00007ffc45e30000 - 0x00007ffc45e3a000 	C:\WINDOWS\SYSTEM32\VERSION.dll
0x00007ffc49060000 - 0x00007ffc49069000 	C:\WINDOWS\SYSTEM32\WSOCK32.dll
0x00007ffc43cb0000 - 0x00007ffc43cd7000 	C:\WINDOWS\SYSTEM32\WINMM.dll
0x00007ffc4f830000 - 0x00007ffc4f89b000 	C:\WINDOWS\System32\WS2_32.dll
0x00007ffc4bc30000 - 0x00007ffc4bc42000 	C:\WINDOWS\SYSTEM32\kernel.appcore.dll
0x00007ffc471d0000 - 0x00007ffc471e1000 	C:\Program Files\Android\Android Studio\jre\bin\verify.dll
0x00007ffc462f0000 - 0x00007ffc464d4000 	C:\WINDOWS\SYSTEM32\DBGHELP.DLL
0x00007ffc3c580000 - 0x00007ffc3c5ac000 	C:\WINDOWS\SYSTEM32\dbgcore.DLL
0x00007ffc4de80000 - 0x00007ffc4df03000 	C:\WINDOWS\System32\bcryptPrimitives.dll
0x00007ffc41990000 - 0x00007ffc419b9000 	C:\Program Files\Android\Android Studio\jre\bin\java.dll
0x00007ffc48370000 - 0x00007ffc4837b000 	C:\Program Files\Android\Android Studio\jre\bin\jimage.dll
0x00007ffc471b0000 - 0x00007ffc471c8000 	C:\Program Files\Android\Android Studio\jre\bin\zip.dll
0x00007ffc4e730000 - 0x00007ffc4ee6f000 	C:\WINDOWS\System32\SHELL32.dll
0x00007ffc4be30000 - 0x00007ffc4c5c0000 	C:\WINDOWS\SYSTEM32\windows.storage.dll
0x00007ffc4fae0000 - 0x00007ffc4fe35000 	C:\WINDOWS\System32\combase.dll
0x00007ffc4d6b0000 - 0x00007ffc4d6dc000 	C:\WINDOWS\SYSTEM32\Wldp.dll
0x00007ffc4ef90000 - 0x00007ffc4f03e000 	C:\WINDOWS\System32\SHCORE.dll
0x00007ffc4f170000 - 0x00007ffc4f1c5000 	C:\WINDOWS\System32\shlwapi.dll
0x00007ffc4dc70000 - 0x00007ffc4dc8f000 	C:\WINDOWS\SYSTEM32\profapi.dll
0x00007ffc41530000 - 0x00007ffc4154a000 	C:\Program Files\Android\Android Studio\jre\bin\net.dll
0x00007ffc3ed40000 - 0x00007ffc3ee48000 	C:\WINDOWS\SYSTEM32\WINHTTP.dll
0x00007ffc4d410000 - 0x00007ffc4d47a000 	C:\WINDOWS\system32\mswsock.dll
0x00007ffc41510000 - 0x00007ffc41524000 	C:\Program Files\Android\Android Studio\jre\bin\nio.dll
0x00007ffc47310000 - 0x00007ffc47337000 	C:\Users\acer\.gradle\native\fdc75f09e3144964f2cf3f50f0aa648679c211496f362492102eb8c894070792\windows-amd64\native-platform.dll
0x00007ffc143e0000 - 0x00007ffc14576000 	C:\Users\acer\.gradle\native\12488b8bf47d2d4c9fbf2f6322a914ad602e24e48041cd04a747c6da556b65c4\windows-amd64\native-platform-file-events.dll
0x00007ffc47940000 - 0x00007ffc4794a000 	C:\Program Files\Android\Android Studio\jre\bin\management.dll
0x00007ffc472d0000 - 0x00007ffc472dc000 	C:\Program Files\Android\Android Studio\jre\bin\management_ext.dll
0x00007ffc4d600000 - 0x00007ffc4d618000 	C:\WINDOWS\SYSTEM32\CRYPTSP.dll
0x00007ffc4cd90000 - 0x00007ffc4cdc4000 	C:\WINDOWS\system32\rsaenh.dll
0x00007ffc4e1e0000 - 0x00007ffc4e207000 	C:\WINDOWS\System32\bcrypt.dll
0x00007ffc4dc30000 - 0x00007ffc4dc5e000 	C:\WINDOWS\SYSTEM32\USERENV.dll
0x00007ffc4d620000 - 0x00007ffc4d62c000 	C:\WINDOWS\SYSTEM32\CRYPTBASE.dll
0x00007ffc4d100000 - 0x00007ffc4d13b000 	C:\WINDOWS\SYSTEM32\IPHLPAPI.DLL
0x00007ffc4ffe0000 - 0x00007ffc4ffe8000 	C:\WINDOWS\System32\NSI.dll
0x00007ffc455e0000 - 0x00007ffc455f7000 	C:\WINDOWS\SYSTEM32\dhcpcsvc6.DLL
0x00007ffc45f90000 - 0x00007ffc45fad000 	C:\WINDOWS\SYSTEM32\dhcpcsvc.DLL
0x00007ffc4d140000 - 0x00007ffc4d20c000 	C:\WINDOWS\SYSTEM32\DNSAPI.dll
0x00007ffc45e20000 - 0x00007ffc45e2b000 	C:\WINDOWS\SYSTEM32\WINNSI.DLL

dbghelp: loaded successfully - version: 4.0.5 - missing functions: none
symbol engine: initialized successfully - sym options: 0x614 - pdb path: .;C:\Program Files\Android\Android Studio\jre\bin;C:\WINDOWS\SYSTEM32;C:\WINDOWS\WinSxS\amd64_microsoft.windows.common-controls_6595b64144ccf1df_6.0.19041.1110_none_60b5254171f9507e;C:\Program Files\Android\Android Studio\jre\bin\server;C:\Users\acer\.gradle\native\fdc75f09e3144964f2cf3f50f0aa648679c211496f362492102eb8c894070792\windows-amd64;C:\Users\acer\.gradle\native\12488b8bf47d2d4c9fbf2f6322a914ad602e24e48041cd04a747c6da556b65c4\windows-amd64

VM Arguments:
jvm_args: --add-opens=java.base/java.util=ALL-UNNAMED --add-opens=java.base/java.lang=ALL-UNNAMED --add-opens=java.base/java.lang.invoke=ALL-UNNAMED --add-opens=java.prefs/java.util.prefs=ALL-UNNAMED -Xmx2048m -Dfile.encoding=UTF-8 -Duser.country=US -Duser.language=en -Duser.variant 
java_command: org.gradle.launcher.daemon.bootstrap.GradleDaemon 6.7.1
java_class_path (initial): C:\Users\acer\.gradle\wrapper\dists\gradle-6.7.1-bin\bwlcbys1h7rz3272sye1xwiv6\gradle-6.7.1\lib\gradle-launcher-6.7.1.jar
Launcher Type: SUN_STANDARD

[Global flags]
     intx CICompilerCount                          = 4                                         {product} {ergonomic}
     uint ConcGCThreads                            = 2                                         {product} {ergonomic}
     uint G1ConcRefinementThreads                  = 8                                         {product} {ergonomic}
   size_t G1HeapRegionSize                         = 1048576                                   {product} {ergonomic}
    uintx GCDrainStackTargetSize                   = 64                                        {product} {ergonomic}
   size_t InitialHeapSize                          = 100663296                                 {product} {ergonomic}
   size_t MarkStackSize                            = 4194304                                   {product} {ergonomic}
   size_t MaxHeapSize                              = 2147483648                                {product} {command line}
   size_t MaxNewSize                               = 1287651328                                {product} {ergonomic}
   size_t MinHeapDeltaBytes                        = 1048576                                   {product} {ergonomic}
    uintx NonNMethodCodeHeapSize                   = 5836300                                {pd product} {ergonomic}
    uintx NonProfiledCodeHeapSize                  = 122910970                              {pd product} {ergonomic}
    uintx ProfiledCodeHeapSize                     = 122910970                              {pd product} {ergonomic}
    uintx ReservedCodeCacheSize                    = 251658240                              {pd product} {ergonomic}
     bool SegmentedCodeCache                       = true                                      {product} {ergonomic}
     bool UseCompressedClassPointers               = true                                 {lp64_product} {ergonomic}
     bool UseCompressedOops                        = true                                 {lp64_product} {ergonomic}
     bool UseG1GC                                  = true                                      {product} {ergonomic}
     bool UseLargePagesIndividualAllocation        = false                                  {pd product} {ergonomic}

Logging:
Log output configuration:
 #0: stdout all=warning uptime,level,tags
 #1: stderr all=off uptime,level,tags

Environment Variables:
PATH=C:\Program Files (x86)\Common Files\Oracle\Java\javapath;C:\WINDOWS\system32;C:\WINDOWS;C:\WINDOWS\System32\Wbem;C:\WINDOWS\System32\WindowsPowerShell\v1.0\;C:\WINDOWS\System32\OpenSSH\;D:\Nodejs\;C:\Program Files\Git\cmd;D:\Xampp\php;C:\ProgramData\ComposerSetup\bin;C:\Users\acer\AppData\Local\Microsoft\WindowsApps;C:\Users\acer\AppData\Local\Programs\Microsoft VS Code\bin;C:\Users\acer\AppData\Roaming\npm;C:\Users\acer\AppData\Roaming\Composer\vendor\bin;C:\Users\acer\AppData\Local\GitHubDesktop\bin;C:\Users\acer\AppData\Local\gitkraken\bin
USERNAME=acer
OS=Windows_NT
PROCESSOR_IDENTIFIER=AMD64 Family 23 Model 24 Stepping 1, AuthenticAMD



---------------  S Y S T E M  ---------------

OS: Windows 10 , 64 bit Build 19041 (10.0.19041.1200)
OS uptime: 0 days 21:09 hours

CPU:total 8 (initial active 8) (8 cores per cpu, 2 threads per core) family 23 model 24 stepping 1 microcode 0x0, cmov, cx8, fxsr, mmx, sse, sse2, sse3, ssse3, sse4.1, sse4.2, popcnt, avx, avx2, aes, clmul, mmxext, 3dnowpref, lzcnt, sse4a, ht, tsc, tscinvbit, tscinv, bmi1, bmi2, adx, s

Memory: 4k page, system-wide physical 6082M (376M free)
TotalPageFile size 14082M (AvailPageFile size 3M)
current process WorkingSet (physical memory assigned to process): 296M, peak: 370M
current process commit charge ("private bytes"): 393M, peak: 415M

vm_info: OpenJDK 64-Bit Server VM (11.0.10+0-b96-7249189) for windows-amd64 JRE (11.0.10+0-b96-7249189), built on Mar 31 2021 21:44:00 by "builder" with MS VC++ 14.0 (VS2015)

END.
